[2025-06-20T23:34:34.843+0000] {manager.py:483} INFO - Processing files using up to 2 processes at a time 
[2025-06-20T23:34:34.845+0000] {manager.py:484} INFO - Process each file at most once every 30 seconds
[2025-06-20T23:34:34.846+0000] {manager.py:485} INFO - Checking for new files in /opt/airflow/dags every 300 seconds
[2025-06-20T23:34:34.848+0000] {manager.py:821} INFO - Searching for files in /opt/airflow/dags
[2025-06-20T23:34:34.902+0000] {manager.py:824} INFO - There are 1 files in /opt/airflow/dags
[2025-06-20T23:34:36.516+0000] {manager.py:997} INFO - 
================================================================================
DAG File Processing Stats

File Path                       PID  Runtime      # DAGs    # Errors  Last Runtime    Last Run      Last # of DB Queries
----------------------------  -----  ---------  --------  ----------  --------------  ----------  ----------------------
/opt/airflow/dags/dbt_dag.py     69  0.46s             0           0                                                   0
================================================================================
[2025-06-20T23:35:08.255+0000] {manager.py:997} INFO - 
================================================================================
DAG File Processing Stats

File Path                     PID    Runtime      # DAGs    # Errors  Last Runtime    Last Run               Last # of DB Queries
----------------------------  -----  ---------  --------  ----------  --------------  -------------------  ----------------------
/opt/airflow/dags/dbt_dag.py                           1           0  5.33s           2025-06-20T23:34:41                      45
================================================================================
[2025-06-20T23:35:40.058+0000] {manager.py:997} INFO - 
================================================================================
DAG File Processing Stats

File Path                     PID    Runtime      # DAGs    # Errors  Last Runtime    Last Run               Last # of DB Queries
----------------------------  -----  ---------  --------  ----------  --------------  -------------------  ----------------------
/opt/airflow/dags/dbt_dag.py                           1           0  1.11s           2025-06-20T23:35:12                      12
================================================================================
[2025-06-20T23:36:11.655+0000] {manager.py:997} INFO - 
================================================================================
DAG File Processing Stats

File Path                     PID    Runtime      # DAGs    # Errors  Last Runtime    Last Run               Last # of DB Queries
----------------------------  -----  ---------  --------  ----------  --------------  -------------------  ----------------------
/opt/airflow/dags/dbt_dag.py                           1           0  0.51s           2025-06-20T23:35:43                      12
================================================================================
[2025-06-20T23:36:43.564+0000] {manager.py:997} INFO - 
================================================================================
DAG File Processing Stats

File Path                     PID    Runtime      # DAGs    # Errors  Last Runtime    Last Run               Last # of DB Queries
----------------------------  -----  ---------  --------  ----------  --------------  -------------------  ----------------------
/opt/airflow/dags/dbt_dag.py                           1           0  0.51s           2025-06-20T23:36:14                      12
================================================================================
[2025-06-20T23:37:15.177+0000] {manager.py:997} INFO - 
================================================================================
DAG File Processing Stats

File Path                       PID  Runtime      # DAGs    # Errors  Last Runtime    Last Run               Last # of DB Queries
----------------------------  -----  ---------  --------  ----------  --------------  -------------------  ----------------------
/opt/airflow/dags/dbt_dag.py    105  0.01s             1           0  0.34s           2025-06-20T23:36:44                      12
================================================================================
[2025-06-20T23:37:46.312+0000] {manager.py:997} INFO - 
================================================================================
DAG File Processing Stats

File Path                       PID  Runtime      # DAGs    # Errors  Last Runtime    Last Run               Last # of DB Queries
----------------------------  -----  ---------  --------  ----------  --------------  -------------------  ----------------------
/opt/airflow/dags/dbt_dag.py    112  0.39s             1           0  0.70s           2025-06-20T23:37:15                      12
================================================================================
[2025-06-20T23:38:17.546+0000] {manager.py:997} INFO - 
================================================================================
DAG File Processing Stats

File Path                     PID    Runtime      # DAGs    # Errors  Last Runtime    Last Run               Last # of DB Queries
----------------------------  -----  ---------  --------  ----------  --------------  -------------------  ----------------------
/opt/airflow/dags/dbt_dag.py                           1           0  0.67s           2025-06-20T23:38:17                      12
================================================================================
[2025-06-20T23:38:48.978+0000] {manager.py:997} INFO - 
================================================================================
DAG File Processing Stats

File Path                     PID    Runtime      # DAGs    # Errors  Last Runtime    Last Run               Last # of DB Queries
----------------------------  -----  ---------  --------  ----------  --------------  -------------------  ----------------------
/opt/airflow/dags/dbt_dag.py                           1           0  0.36s           2025-06-20T23:38:48                      12
================================================================================
[2025-06-20T23:39:20.720+0000] {manager.py:997} INFO - 
================================================================================
DAG File Processing Stats

File Path                     PID    Runtime      # DAGs    # Errors  Last Runtime    Last Run               Last # of DB Queries
----------------------------  -----  ---------  --------  ----------  --------------  -------------------  ----------------------
/opt/airflow/dags/dbt_dag.py                           1           0  0.42s           2025-06-20T23:39:18                      12
================================================================================
[2025-06-20T23:39:34.982+0000] {manager.py:821} INFO - Searching for files in /opt/airflow/dags
[2025-06-20T23:39:35.043+0000] {manager.py:824} INFO - There are 1 files in /opt/airflow/dags
[2025-06-20T23:39:52.211+0000] {manager.py:997} INFO - 
================================================================================
DAG File Processing Stats

File Path                     PID    Runtime      # DAGs    # Errors  Last Runtime    Last Run               Last # of DB Queries
----------------------------  -----  ---------  --------  ----------  --------------  -------------------  ----------------------
/opt/airflow/dags/dbt_dag.py                           1           0  0.88s           2025-06-20T23:39:50                      12
================================================================================
[2025-06-20T23:40:13.533+0000] {manager.py:465} INFO - Exiting gracefully upon receiving signal 15
[2025-06-20T23:43:09.749+0000] {manager.py:483} INFO - Processing files using up to 2 processes at a time 
[2025-06-20T23:43:09.750+0000] {manager.py:484} INFO - Process each file at most once every 30 seconds
[2025-06-20T23:43:09.752+0000] {manager.py:485} INFO - Checking for new files in /opt/airflow/dags every 300 seconds
[2025-06-20T23:43:09.753+0000] {manager.py:821} INFO - Searching for files in /opt/airflow/dags
[2025-06-20T23:43:10.404+0000] {manager.py:824} INFO - There are 1 files in /opt/airflow/dags
[2025-06-20T23:43:11.122+0000] {manager.py:997} INFO - 
================================================================================
DAG File Processing Stats

File Path                       PID  Runtime      # DAGs    # Errors  Last Runtime    Last Run      Last # of DB Queries
----------------------------  -----  ---------  --------  ----------  --------------  ----------  ----------------------
/opt/airflow/dags/dbt_dag.py     75  0.06s             0           0                                                   0
================================================================================
[2025-06-20T23:43:42.620+0000] {manager.py:997} INFO - 
================================================================================
DAG File Processing Stats

File Path                       PID  Runtime      # DAGs    # Errors  Last Runtime    Last Run               Last # of DB Queries
----------------------------  -----  ---------  --------  ----------  --------------  -------------------  ----------------------
/opt/airflow/dags/dbt_dag.py     82  0.01s             1           0  1.50s           2025-06-20T23:43:12                      45
================================================================================
[2025-06-20T23:44:14.017+0000] {manager.py:997} INFO - 
================================================================================
DAG File Processing Stats

File Path                     PID    Runtime      # DAGs    # Errors  Last Runtime    Last Run               Last # of DB Queries
----------------------------  -----  ---------  --------  ----------  --------------  -------------------  ----------------------
/opt/airflow/dags/dbt_dag.py                           1           0  0.48s           2025-06-20T23:44:14                      12
================================================================================
[2025-06-20T23:44:45.609+0000] {manager.py:997} INFO - 
================================================================================
DAG File Processing Stats

File Path                     PID    Runtime      # DAGs    # Errors  Last Runtime    Last Run               Last # of DB Queries
----------------------------  -----  ---------  --------  ----------  --------------  -------------------  ----------------------
/opt/airflow/dags/dbt_dag.py                           1           0  0.43s           2025-06-20T23:44:45                      12
================================================================================
[2025-06-20T23:45:16.787+0000] {manager.py:997} INFO - 
================================================================================
DAG File Processing Stats

File Path                     PID    Runtime      # DAGs    # Errors  Last Runtime    Last Run               Last # of DB Queries
----------------------------  -----  ---------  --------  ----------  --------------  -------------------  ----------------------
/opt/airflow/dags/dbt_dag.py                           1           0  0.34s           2025-06-20T23:45:15                      12
================================================================================
[2025-06-20T23:45:48.266+0000] {manager.py:997} INFO - 
================================================================================
DAG File Processing Stats

File Path                     PID    Runtime      # DAGs    # Errors  Last Runtime    Last Run               Last # of DB Queries
----------------------------  -----  ---------  --------  ----------  --------------  -------------------  ----------------------
/opt/airflow/dags/dbt_dag.py                           1           0  0.52s           2025-06-20T23:45:47                      12
================================================================================
[2025-06-20T23:46:19.951+0000] {manager.py:997} INFO - 
================================================================================
DAG File Processing Stats

File Path                     PID    Runtime      # DAGs    # Errors  Last Runtime    Last Run               Last # of DB Queries
----------------------------  -----  ---------  --------  ----------  --------------  -------------------  ----------------------
/opt/airflow/dags/dbt_dag.py                           1           0  0.37s           2025-06-20T23:46:18                      12
================================================================================
[2025-06-20T23:46:51.559+0000] {manager.py:997} INFO - 
================================================================================
DAG File Processing Stats

File Path                     PID    Runtime      # DAGs    # Errors  Last Runtime    Last Run               Last # of DB Queries
----------------------------  -----  ---------  --------  ----------  --------------  -------------------  ----------------------
/opt/airflow/dags/dbt_dag.py                           1           0  0.33s           2025-06-20T23:46:48                      12
================================================================================
[2025-06-20T23:47:23.035+0000] {manager.py:997} INFO - 
================================================================================
DAG File Processing Stats

File Path                     PID    Runtime      # DAGs    # Errors  Last Runtime    Last Run               Last # of DB Queries
----------------------------  -----  ---------  --------  ----------  --------------  -------------------  ----------------------
/opt/airflow/dags/dbt_dag.py                           1           0  0.33s           2025-06-20T23:47:20                      12
================================================================================
[2025-06-20T23:47:54.279+0000] {manager.py:997} INFO - 
================================================================================
DAG File Processing Stats

File Path                     PID    Runtime      # DAGs    # Errors  Last Runtime    Last Run               Last # of DB Queries
----------------------------  -----  ---------  --------  ----------  --------------  -------------------  ----------------------
/opt/airflow/dags/dbt_dag.py                           1           0  0.41s           2025-06-20T23:47:51                      12
================================================================================
[2025-06-20T23:48:10.055+0000] {manager.py:821} INFO - Searching for files in /opt/airflow/dags
[2025-06-20T23:48:10.113+0000] {manager.py:824} INFO - There are 1 files in /opt/airflow/dags
[2025-06-20T23:48:25.381+0000] {manager.py:997} INFO - 
================================================================================
DAG File Processing Stats

File Path                     PID    Runtime      # DAGs    # Errors  Last Runtime    Last Run               Last # of DB Queries
----------------------------  -----  ---------  --------  ----------  --------------  -------------------  ----------------------
/opt/airflow/dags/dbt_dag.py                           1           0  0.71s           2025-06-20T23:48:22                      12
================================================================================
[2025-06-20T23:48:56.878+0000] {manager.py:997} INFO - 
================================================================================
DAG File Processing Stats

File Path                     PID    Runtime      # DAGs    # Errors  Last Runtime    Last Run               Last # of DB Queries
----------------------------  -----  ---------  --------  ----------  --------------  -------------------  ----------------------
/opt/airflow/dags/dbt_dag.py                           1           0  1.05s           2025-06-20T23:48:53                      12
================================================================================
[2025-06-20T23:49:28.381+0000] {manager.py:997} INFO - 
================================================================================
DAG File Processing Stats

File Path                     PID    Runtime      # DAGs    # Errors  Last Runtime    Last Run               Last # of DB Queries
----------------------------  -----  ---------  --------  ----------  --------------  -------------------  ----------------------
/opt/airflow/dags/dbt_dag.py                           1           0  0.37s           2025-06-20T23:49:24                      12
================================================================================
[2025-06-20T23:50:00.142+0000] {manager.py:997} INFO - 
================================================================================
DAG File Processing Stats

File Path                     PID    Runtime      # DAGs    # Errors  Last Runtime    Last Run               Last # of DB Queries
----------------------------  -----  ---------  --------  ----------  --------------  -------------------  ----------------------
/opt/airflow/dags/dbt_dag.py                           1           0  0.35s           2025-06-20T23:49:55                      12
================================================================================
[2025-06-20T23:50:31.695+0000] {manager.py:997} INFO - 
================================================================================
DAG File Processing Stats

File Path                     PID    Runtime      # DAGs    # Errors  Last Runtime    Last Run               Last # of DB Queries
----------------------------  -----  ---------  --------  ----------  --------------  -------------------  ----------------------
/opt/airflow/dags/dbt_dag.py                           1           0  0.37s           2025-06-20T23:50:26                      12
================================================================================
[2025-06-20T23:51:03.218+0000] {manager.py:997} INFO - 
================================================================================
DAG File Processing Stats

File Path                     PID    Runtime      # DAGs    # Errors  Last Runtime    Last Run               Last # of DB Queries
----------------------------  -----  ---------  --------  ----------  --------------  -------------------  ----------------------
/opt/airflow/dags/dbt_dag.py                           1           0  0.34s           2025-06-20T23:50:57                      12
================================================================================
[2025-06-20T23:51:34.496+0000] {manager.py:997} INFO - 
================================================================================
DAG File Processing Stats

File Path                     PID    Runtime      # DAGs    # Errors  Last Runtime    Last Run               Last # of DB Queries
----------------------------  -----  ---------  --------  ----------  --------------  -------------------  ----------------------
/opt/airflow/dags/dbt_dag.py                           1           0  0.83s           2025-06-20T23:51:29                      12
================================================================================
[2025-06-20T23:52:05.623+0000] {manager.py:997} INFO - 
================================================================================
DAG File Processing Stats

File Path                     PID    Runtime      # DAGs    # Errors  Last Runtime    Last Run               Last # of DB Queries
----------------------------  -----  ---------  --------  ----------  --------------  -------------------  ----------------------
/opt/airflow/dags/dbt_dag.py                           1           0  0.65s           2025-06-20T23:52:00                      12
================================================================================
[2025-06-20T23:52:37.075+0000] {manager.py:997} INFO - 
================================================================================
DAG File Processing Stats

File Path                     PID    Runtime      # DAGs    # Errors  Last Runtime    Last Run               Last # of DB Queries
----------------------------  -----  ---------  --------  ----------  --------------  -------------------  ----------------------
/opt/airflow/dags/dbt_dag.py                           1           0  0.40s           2025-06-20T23:52:31                      12
================================================================================
[2025-06-20T23:53:08.530+0000] {manager.py:997} INFO - 
================================================================================
DAG File Processing Stats

File Path                     PID    Runtime      # DAGs    # Errors  Last Runtime    Last Run               Last # of DB Queries
----------------------------  -----  ---------  --------  ----------  --------------  -------------------  ----------------------
/opt/airflow/dags/dbt_dag.py                           1           0  0.92s           2025-06-20T23:53:02                      12
================================================================================
[2025-06-20T23:53:10.554+0000] {manager.py:821} INFO - Searching for files in /opt/airflow/dags
[2025-06-20T23:53:10.608+0000] {manager.py:824} INFO - There are 1 files in /opt/airflow/dags
[2025-06-20T23:53:39.612+0000] {manager.py:997} INFO - 
================================================================================
DAG File Processing Stats

File Path                     PID    Runtime      # DAGs    # Errors  Last Runtime    Last Run               Last # of DB Queries
----------------------------  -----  ---------  --------  ----------  --------------  -------------------  ----------------------
/opt/airflow/dags/dbt_dag.py                           1           0  0.53s           2025-06-20T23:53:33                      12
================================================================================
[2025-06-20T23:54:10.836+0000] {manager.py:997} INFO - 
================================================================================
DAG File Processing Stats

File Path                     PID    Runtime      # DAGs    # Errors  Last Runtime    Last Run               Last # of DB Queries
----------------------------  -----  ---------  --------  ----------  --------------  -------------------  ----------------------
/opt/airflow/dags/dbt_dag.py                           1           0  0.92s           2025-06-20T23:54:04                      12
================================================================================
[2025-06-20T23:54:42.023+0000] {manager.py:997} INFO - 
================================================================================
DAG File Processing Stats

File Path                     PID    Runtime      # DAGs    # Errors  Last Runtime    Last Run               Last # of DB Queries
----------------------------  -----  ---------  --------  ----------  --------------  -------------------  ----------------------
/opt/airflow/dags/dbt_dag.py                           1           0  0.69s           2025-06-20T23:54:35                      12
================================================================================
[2025-06-20T23:55:13.467+0000] {manager.py:997} INFO - 
================================================================================
DAG File Processing Stats

File Path                     PID    Runtime      # DAGs    # Errors  Last Runtime    Last Run               Last # of DB Queries
----------------------------  -----  ---------  --------  ----------  --------------  -------------------  ----------------------
/opt/airflow/dags/dbt_dag.py                           1           0  0.21s           2025-06-20T23:55:06                      12
================================================================================
[2025-06-21T01:07:03.927+0000] {manager.py:483} INFO - Processing files using up to 2 processes at a time 
[2025-06-21T01:07:03.928+0000] {manager.py:484} INFO - Process each file at most once every 30 seconds
[2025-06-21T01:07:03.929+0000] {manager.py:485} INFO - Checking for new files in /opt/airflow/dags every 300 seconds
[2025-06-21T01:07:03.929+0000] {manager.py:821} INFO - Searching for files in /opt/airflow/dags
[2025-06-21T01:07:03.951+0000] {manager.py:824} INFO - There are 1 files in /opt/airflow/dags
[2025-06-21T01:07:04.113+0000] {manager.py:997} INFO - 
================================================================================
DAG File Processing Stats

File Path                       PID  Runtime      # DAGs    # Errors  Last Runtime    Last Run      Last # of DB Queries
----------------------------  -----  ---------  --------  ----------  --------------  ----------  ----------------------
/opt/airflow/dags/dbt_dag.py     62  0.09s             0           0                                                   0
================================================================================
[2025-06-21T01:07:35.606+0000] {manager.py:997} INFO - 
================================================================================
DAG File Processing Stats

File Path                     PID    Runtime      # DAGs    # Errors  Last Runtime    Last Run               Last # of DB Queries
----------------------------  -----  ---------  --------  ----------  --------------  -------------------  ----------------------
/opt/airflow/dags/dbt_dag.py                           1           0  0.24s           2025-06-21T01:07:34                      12
================================================================================
[2025-06-21T01:08:07.666+0000] {manager.py:997} INFO - 
================================================================================
DAG File Processing Stats

File Path                     PID    Runtime      # DAGs    # Errors  Last Runtime    Last Run               Last # of DB Queries
----------------------------  -----  ---------  --------  ----------  --------------  -------------------  ----------------------
/opt/airflow/dags/dbt_dag.py                           1           0  0.24s           2025-06-21T01:08:05                      12
================================================================================
[2025-06-21T01:08:39.103+0000] {manager.py:997} INFO - 
================================================================================
DAG File Processing Stats

File Path                     PID    Runtime      # DAGs    # Errors  Last Runtime    Last Run               Last # of DB Queries
----------------------------  -----  ---------  --------  ----------  --------------  -------------------  ----------------------
/opt/airflow/dags/dbt_dag.py                           1           0  0.15s           2025-06-21T01:08:36                      12
================================================================================
[2025-06-21T01:09:10.736+0000] {manager.py:997} INFO - 
================================================================================
DAG File Processing Stats

File Path                     PID    Runtime      # DAGs    # Errors  Last Runtime    Last Run               Last # of DB Queries
----------------------------  -----  ---------  --------  ----------  --------------  -------------------  ----------------------
/opt/airflow/dags/dbt_dag.py                           1           0  0.19s           2025-06-21T01:09:06                      12
================================================================================
[2025-06-21T01:09:42.326+0000] {manager.py:997} INFO - 
================================================================================
DAG File Processing Stats

File Path                     PID    Runtime      # DAGs    # Errors  Last Runtime    Last Run               Last # of DB Queries
----------------------------  -----  ---------  --------  ----------  --------------  -------------------  ----------------------
/opt/airflow/dags/dbt_dag.py                           1           0  0.16s           2025-06-21T01:09:37                      12
================================================================================
[2025-06-21T01:10:13.913+0000] {manager.py:997} INFO - 
================================================================================
DAG File Processing Stats

File Path                     PID    Runtime      # DAGs    # Errors  Last Runtime    Last Run               Last # of DB Queries
----------------------------  -----  ---------  --------  ----------  --------------  -------------------  ----------------------
/opt/airflow/dags/dbt_dag.py                           1           0  0.21s           2025-06-21T01:10:08                      12
================================================================================
[2025-06-21T01:10:45.506+0000] {manager.py:997} INFO - 
================================================================================
DAG File Processing Stats

File Path                     PID    Runtime      # DAGs    # Errors  Last Runtime    Last Run               Last # of DB Queries
----------------------------  -----  ---------  --------  ----------  --------------  -------------------  ----------------------
/opt/airflow/dags/dbt_dag.py                           1           0  0.17s           2025-06-21T01:10:38                      12
================================================================================
[2025-06-21T01:11:17.103+0000] {manager.py:997} INFO - 
================================================================================
DAG File Processing Stats

File Path                     PID    Runtime      # DAGs    # Errors  Last Runtime    Last Run               Last # of DB Queries
----------------------------  -----  ---------  --------  ----------  --------------  -------------------  ----------------------
/opt/airflow/dags/dbt_dag.py                           1           0  0.15s           2025-06-21T01:11:09                      12
================================================================================
[2025-06-21T01:11:48.686+0000] {manager.py:997} INFO - 
================================================================================
DAG File Processing Stats

File Path                     PID    Runtime      # DAGs    # Errors  Last Runtime    Last Run               Last # of DB Queries
----------------------------  -----  ---------  --------  ----------  --------------  -------------------  ----------------------
/opt/airflow/dags/dbt_dag.py                           1           0  0.13s           2025-06-21T01:11:39                      12
================================================================================
[2025-06-21T01:12:04.079+0000] {manager.py:821} INFO - Searching for files in /opt/airflow/dags
[2025-06-21T01:12:04.100+0000] {manager.py:824} INFO - There are 1 files in /opt/airflow/dags
[2025-06-21T01:12:20.240+0000] {manager.py:997} INFO - 
================================================================================
DAG File Processing Stats

File Path                     PID    Runtime      # DAGs    # Errors  Last Runtime    Last Run               Last # of DB Queries
----------------------------  -----  ---------  --------  ----------  --------------  -------------------  ----------------------
/opt/airflow/dags/dbt_dag.py                           1           0  0.38s           2025-06-21T01:12:10                      12
================================================================================
[2025-06-21T01:12:52.096+0000] {manager.py:997} INFO - 
================================================================================
DAG File Processing Stats

File Path                     PID    Runtime      # DAGs    # Errors  Last Runtime    Last Run               Last # of DB Queries
----------------------------  -----  ---------  --------  ----------  --------------  -------------------  ----------------------
/opt/airflow/dags/dbt_dag.py                           1           0  0.37s           2025-06-21T01:12:41                      12
================================================================================
[2025-06-21T01:13:23.654+0000] {manager.py:997} INFO - 
================================================================================
DAG File Processing Stats

File Path                     PID    Runtime      # DAGs    # Errors  Last Runtime    Last Run               Last # of DB Queries
----------------------------  -----  ---------  --------  ----------  --------------  -------------------  ----------------------
/opt/airflow/dags/dbt_dag.py                           1           0  0.15s           2025-06-21T01:13:11                      12
================================================================================
[2025-06-21T01:13:55.316+0000] {manager.py:997} INFO - 
================================================================================
DAG File Processing Stats

File Path                     PID    Runtime      # DAGs    # Errors  Last Runtime    Last Run               Last # of DB Queries
----------------------------  -----  ---------  --------  ----------  --------------  -------------------  ----------------------
/opt/airflow/dags/dbt_dag.py                           1           0  0.14s           2025-06-21T01:13:42                      12
================================================================================
[2025-06-21T01:14:27.007+0000] {manager.py:997} INFO - 
================================================================================
DAG File Processing Stats

File Path                     PID    Runtime      # DAGs    # Errors  Last Runtime    Last Run               Last # of DB Queries
----------------------------  -----  ---------  --------  ----------  --------------  -------------------  ----------------------
/opt/airflow/dags/dbt_dag.py                           1           0  0.14s           2025-06-21T01:14:13                      12
================================================================================
[2025-06-21T01:14:58.629+0000] {manager.py:997} INFO - 
================================================================================
DAG File Processing Stats

File Path                     PID    Runtime      # DAGs    # Errors  Last Runtime    Last Run               Last # of DB Queries
----------------------------  -----  ---------  --------  ----------  --------------  -------------------  ----------------------
/opt/airflow/dags/dbt_dag.py                           1           0  0.14s           2025-06-21T01:14:43                      12
================================================================================
[2025-06-21T01:15:30.238+0000] {manager.py:997} INFO - 
================================================================================
DAG File Processing Stats

File Path                     PID    Runtime      # DAGs    # Errors  Last Runtime    Last Run               Last # of DB Queries
----------------------------  -----  ---------  --------  ----------  --------------  -------------------  ----------------------
/opt/airflow/dags/dbt_dag.py                           1           0  0.29s           2025-06-21T01:15:14                      12
================================================================================
[2025-06-21T01:16:02.052+0000] {manager.py:997} INFO - 
================================================================================
DAG File Processing Stats

File Path                     PID    Runtime      # DAGs    # Errors  Last Runtime    Last Run               Last # of DB Queries
----------------------------  -----  ---------  --------  ----------  --------------  -------------------  ----------------------
/opt/airflow/dags/dbt_dag.py                           1           0  0.33s           2025-06-21T01:15:44                      12
================================================================================
[2025-06-21T01:16:33.659+0000] {manager.py:997} INFO - 
================================================================================
DAG File Processing Stats

File Path                     PID    Runtime      # DAGs    # Errors  Last Runtime    Last Run               Last # of DB Queries
----------------------------  -----  ---------  --------  ----------  --------------  -------------------  ----------------------
/opt/airflow/dags/dbt_dag.py                           1           0  0.15s           2025-06-21T01:16:15                      12
================================================================================
[2025-06-21T01:17:04.269+0000] {manager.py:821} INFO - Searching for files in /opt/airflow/dags
[2025-06-21T01:17:04.288+0000] {manager.py:824} INFO - There are 1 files in /opt/airflow/dags
[2025-06-21T01:17:05.308+0000] {manager.py:997} INFO - 
================================================================================
DAG File Processing Stats

File Path                     PID    Runtime      # DAGs    # Errors  Last Runtime    Last Run               Last # of DB Queries
----------------------------  -----  ---------  --------  ----------  --------------  -------------------  ----------------------
/opt/airflow/dags/dbt_dag.py                           1           0  0.15s           2025-06-21T01:16:46                      12
================================================================================
