[2025-06-20T22:44:34.700+0000] {local_task_job_runner.py:123} INFO - ::group::Pre task execution logs
[2025-06-20T22:44:34.749+0000] {taskinstance.py:2613} INFO - Dependencies all met for dep_context=non-requeueable deps ti=<TaskInstance: dbt_dag.dbt_run manual__2025-06-20T22:44:32.132361+00:00 [queued]>
[2025-06-20T22:44:34.770+0000] {taskinstance.py:2613} INFO - Dependencies all met for dep_context=requeueable deps ti=<TaskInstance: dbt_dag.dbt_run manual__2025-06-20T22:44:32.132361+00:00 [queued]>
[2025-06-20T22:44:34.788+0000] {taskinstance.py:2866} INFO - Starting attempt 1 of 2
[2025-06-20T22:44:34.897+0000] {taskinstance.py:2889} INFO - Executing <Task(BashOperator): dbt_run> on 2025-06-20 22:44:32.132361+00:00
[2025-06-20T22:44:34.912+0000] {warnings.py:112} WARNING - /home/***/.local/lib/python3.12/site-packages/***/task/task_runner/standard_task_runner.py:70: DeprecationWarning: This process (pid=111) is multi-threaded, use of fork() may lead to deadlocks in the child.
  pid = os.fork()

[2025-06-20T22:44:34.918+0000] {standard_task_runner.py:72} INFO - Started process 115 to run task
[2025-06-20T22:44:34.918+0000] {standard_task_runner.py:104} INFO - Running: ['***', 'tasks', 'run', 'dbt_dag', 'dbt_run', 'manual__2025-06-20T22:44:32.132361+00:00', '--job-id', '4', '--raw', '--subdir', 'DAGS_FOLDER/dbt_dag.py', '--cfg-path', '/tmp/tmpfvj20l0g']
[2025-06-20T22:44:34.922+0000] {standard_task_runner.py:105} INFO - Job 4: Subtask dbt_run
[2025-06-20T22:44:35.059+0000] {task_command.py:467} INFO - Running <TaskInstance: dbt_dag.dbt_run manual__2025-06-20T22:44:32.132361+00:00 [running]> on host c64d85f87926
[2025-06-20T22:44:35.339+0000] {taskinstance.py:3132} INFO - Exporting env vars: AIRFLOW_CTX_DAG_OWNER='***' AIRFLOW_CTX_DAG_ID='dbt_dag' AIRFLOW_CTX_TASK_ID='dbt_run' AIRFLOW_CTX_EXECUTION_DATE='2025-06-20T22:44:32.132361+00:00' AIRFLOW_CTX_TRY_NUMBER='1' AIRFLOW_CTX_DAG_RUN_ID='manual__2025-06-20T22:44:32.132361+00:00'
[2025-06-20T22:44:35.343+0000] {taskinstance.py:731} INFO - ::endgroup::
[2025-06-20T22:44:35.390+0000] {subprocess.py:78} INFO - Tmp dir root location: /tmp
[2025-06-20T22:44:35.393+0000] {subprocess.py:88} INFO - Running command: ['/usr/bin/bash', '-c', 'cd /opt/***/dags && dbt run --profiles-dir /opt/***/dags/.dbt']
[2025-06-20T22:44:35.424+0000] {subprocess.py:99} INFO - Output:
[2025-06-20T22:44:42.451+0000] {subprocess.py:106} INFO - [0m22:44:42  Running with dbt=1.10.2
[2025-06-20T22:44:48.485+0000] {subprocess.py:106} INFO - [0m22:44:48  Registered adapter: snowflake=1.9.4
[2025-06-20T22:44:49.203+0000] {subprocess.py:106} INFO - [0m22:44:49  Unable to do partial parsing because of a version mismatch
[2025-06-20T22:44:54.452+0000] {subprocess.py:106} INFO - [0m22:44:54  Found 4 models, 6 data tests, 3 sources, 476 macros
[2025-06-20T22:44:54.462+0000] {subprocess.py:106} INFO - [0m22:44:54
[2025-06-20T22:44:54.464+0000] {subprocess.py:106} INFO - [0m22:44:54  Concurrency: 4 threads (target='dev')
[2025-06-20T22:44:54.466+0000] {subprocess.py:106} INFO - [0m22:44:54
[2025-06-20T22:45:01.474+0000] {subprocess.py:106} INFO - [0m22:45:01  1 of 4 START sql view model raw.stg_customers .................................. [RUN]
[2025-06-20T22:45:01.478+0000] {subprocess.py:106} INFO - [0m22:45:01  2 of 4 START sql view model raw.stg_products ................................... [RUN]
[2025-06-20T22:45:01.480+0000] {subprocess.py:106} INFO - [0m22:45:01  3 of 4 START sql view model raw.stg_sales ...................................... [RUN]
[2025-06-20T22:45:02.515+0000] {subprocess.py:106} INFO - [0m22:45:02  1 of 4 OK created sql view model raw.stg_customers ............................. [[32mSUCCESS 1[0m in 1.03s]
[2025-06-20T22:45:06.948+0000] {subprocess.py:106} INFO - [0m22:45:06  2 of 4 OK created sql view model raw.stg_products .............................. [[32mSUCCESS 1[0m in 5.46s]
[2025-06-20T22:45:07.135+0000] {subprocess.py:106} INFO - [0m22:45:07  3 of 4 OK created sql view model raw.stg_sales ................................. [[32mSUCCESS 1[0m in 5.65s]
[2025-06-20T22:45:07.144+0000] {subprocess.py:106} INFO - [0m22:45:07  4 of 4 START sql table model raw.fct_daily_product_revenue ..................... [RUN]
[2025-06-20T22:45:10.686+0000] {subprocess.py:106} INFO - [0m22:45:10  4 of 4 OK created sql table model raw.fct_daily_product_revenue ................ [[32mSUCCESS 1[0m in 3.54s]
[2025-06-20T22:45:13.797+0000] {subprocess.py:106} INFO - [0m22:45:13
[2025-06-20T22:45:13.799+0000] {subprocess.py:106} INFO - [0m22:45:13  Finished running 1 table model, 3 view models in 0 hours 0 minutes and 19.33 seconds (19.33s).
[2025-06-20T22:45:13.998+0000] {subprocess.py:106} INFO - [0m22:45:13
[2025-06-20T22:45:14.000+0000] {subprocess.py:106} INFO - [0m22:45:14  [32mCompleted successfully[0m
[2025-06-20T22:45:14.002+0000] {subprocess.py:106} INFO - [0m22:45:14
[2025-06-20T22:45:14.005+0000] {subprocess.py:106} INFO - [0m22:45:14  Done. PASS=4 WARN=0 ERROR=0 SKIP=0 NO-OP=0 TOTAL=4
[2025-06-20T22:45:16.419+0000] {subprocess.py:110} INFO - Command exited with return code 0
[2025-06-20T22:45:16.488+0000] {taskinstance.py:340} INFO - ::group::Post task execution logs
[2025-06-20T22:45:16.490+0000] {taskinstance.py:352} INFO - Marking task as SUCCESS. dag_id=dbt_dag, task_id=dbt_run, run_id=manual__2025-06-20T22:44:32.132361+00:00, execution_date=20250620T224432, start_date=20250620T224434, end_date=20250620T224516
[2025-06-20T22:45:16.565+0000] {local_task_job_runner.py:266} INFO - Task exited with return code 0
[2025-06-20T22:45:16.602+0000] {taskinstance.py:3895} INFO - 1 downstream tasks scheduled from follow-on schedule check
[2025-06-20T22:45:16.688+0000] {local_task_job_runner.py:245} INFO - ::endgroup::
