[2025-06-20T22:50:26.564+0000] {local_task_job_runner.py:123} INFO - ::group::Pre task execution logs
[2025-06-20T22:50:26.609+0000] {taskinstance.py:2613} INFO - Dependencies all met for dep_context=non-requeueable deps ti=<TaskInstance: dbt_dag.dbt_run manual__2025-06-20T22:50:25.083570+00:00 [queued]>
[2025-06-20T22:50:26.635+0000] {taskinstance.py:2613} INFO - Dependencies all met for dep_context=requeueable deps ti=<TaskInstance: dbt_dag.dbt_run manual__2025-06-20T22:50:25.083570+00:00 [queued]>
[2025-06-20T22:50:26.637+0000] {taskinstance.py:2866} INFO - Starting attempt 1 of 2
[2025-06-20T22:50:26.737+0000] {taskinstance.py:2889} INFO - Executing <Task(BashOperator): dbt_run> on 2025-06-20 22:50:25.083570+00:00
[2025-06-20T22:50:26.749+0000] {warnings.py:112} WARNING - /home/***/.local/lib/python3.12/site-packages/***/task/task_runner/standard_task_runner.py:70: DeprecationWarning: This process (pid=359) is multi-threaded, use of fork() may lead to deadlocks in the child.
  pid = os.fork()

[2025-06-20T22:50:26.751+0000] {standard_task_runner.py:104} INFO - Running: ['***', 'tasks', 'run', 'dbt_dag', 'dbt_run', 'manual__2025-06-20T22:50:25.083570+00:00', '--job-id', '10', '--raw', '--subdir', 'DAGS_FOLDER/dbt_dag.py', '--cfg-path', '/tmp/tmp0hsw4lj4']
[2025-06-20T22:50:26.754+0000] {standard_task_runner.py:72} INFO - Started process 361 to run task
[2025-06-20T22:50:26.755+0000] {standard_task_runner.py:105} INFO - Job 10: Subtask dbt_run
[2025-06-20T22:50:26.878+0000] {task_command.py:467} INFO - Running <TaskInstance: dbt_dag.dbt_run manual__2025-06-20T22:50:25.083570+00:00 [running]> on host c64d85f87926
[2025-06-20T22:50:27.142+0000] {taskinstance.py:3132} INFO - Exporting env vars: AIRFLOW_CTX_DAG_OWNER='***' AIRFLOW_CTX_DAG_ID='dbt_dag' AIRFLOW_CTX_TASK_ID='dbt_run' AIRFLOW_CTX_EXECUTION_DATE='2025-06-20T22:50:25.083570+00:00' AIRFLOW_CTX_TRY_NUMBER='1' AIRFLOW_CTX_DAG_RUN_ID='manual__2025-06-20T22:50:25.083570+00:00'
[2025-06-20T22:50:27.145+0000] {taskinstance.py:731} INFO - ::endgroup::
[2025-06-20T22:50:27.191+0000] {subprocess.py:78} INFO - Tmp dir root location: /tmp
[2025-06-20T22:50:27.197+0000] {subprocess.py:88} INFO - Running command: ['/usr/bin/bash', '-c', 'cd /opt/***/dags && dbt run --profiles-dir /opt/***/dags/.dbt']
[2025-06-20T22:50:27.228+0000] {subprocess.py:99} INFO - Output:
[2025-06-20T22:50:34.115+0000] {subprocess.py:106} INFO - [0m22:50:34  Running with dbt=1.10.2
[2025-06-20T22:50:37.383+0000] {subprocess.py:106} INFO - [0m22:50:37  Registered adapter: snowflake=1.9.4
[2025-06-20T22:50:42.289+0000] {subprocess.py:106} INFO - [0m22:50:42  Found 4 models, 4 data tests, 3 sources, 476 macros
[2025-06-20T22:50:42.298+0000] {subprocess.py:106} INFO - [0m22:50:42
[2025-06-20T22:50:42.300+0000] {subprocess.py:106} INFO - [0m22:50:42  Concurrency: 4 threads (target='dev')
[2025-06-20T22:50:42.302+0000] {subprocess.py:106} INFO - [0m22:50:42
[2025-06-20T22:50:45.974+0000] {subprocess.py:106} INFO - [0m22:50:45  1 of 4 START sql view model raw.stg_customers .................................. [RUN]
[2025-06-20T22:50:45.979+0000] {subprocess.py:106} INFO - [0m22:50:45  2 of 4 START sql view model raw.stg_products ................................... [RUN]
[2025-06-20T22:50:45.981+0000] {subprocess.py:106} INFO - [0m22:50:45  3 of 4 START sql view model raw.stg_sales ...................................... [RUN]
[2025-06-20T22:50:47.204+0000] {subprocess.py:106} INFO - [0m22:50:47  1 of 4 OK created sql view model raw.stg_customers ............................. [[32mSUCCESS 1[0m in 1.21s]
[2025-06-20T22:50:48.293+0000] {subprocess.py:106} INFO - [0m22:50:48  2 of 4 OK created sql view model raw.stg_products .............................. [[32mSUCCESS 1[0m in 2.30s]
[2025-06-20T22:50:48.400+0000] {subprocess.py:106} INFO - [0m22:50:48  3 of 4 OK created sql view model raw.stg_sales ................................. [[32mSUCCESS 1[0m in 2.41s]
[2025-06-20T22:50:48.410+0000] {subprocess.py:106} INFO - [0m22:50:48  4 of 4 START sql table model raw.fct_daily_product_revenue ..................... [RUN]
[2025-06-20T22:50:51.729+0000] {subprocess.py:106} INFO - [0m22:50:51  4 of 4 OK created sql table model raw.fct_daily_product_revenue ................ [[32mSUCCESS 1[0m in 3.32s]
[2025-06-20T22:50:54.472+0000] {subprocess.py:106} INFO - [0m22:50:54
[2025-06-20T22:50:54.474+0000] {subprocess.py:106} INFO - [0m22:50:54  Finished running 1 table model, 3 view models in 0 hours 0 minutes and 12.17 seconds (12.17s).
[2025-06-20T22:50:54.641+0000] {subprocess.py:106} INFO - [0m22:50:54
[2025-06-20T22:50:54.643+0000] {subprocess.py:106} INFO - [0m22:50:54  [32mCompleted successfully[0m
[2025-06-20T22:50:54.645+0000] {subprocess.py:106} INFO - [0m22:50:54
[2025-06-20T22:50:54.647+0000] {subprocess.py:106} INFO - [0m22:50:54  Done. PASS=4 WARN=0 ERROR=0 SKIP=0 NO-OP=0 TOTAL=4
[2025-06-20T22:50:57.104+0000] {subprocess.py:110} INFO - Command exited with return code 0
[2025-06-20T22:50:57.211+0000] {taskinstance.py:340} INFO - ::group::Post task execution logs
[2025-06-20T22:50:57.213+0000] {taskinstance.py:352} INFO - Marking task as SUCCESS. dag_id=dbt_dag, task_id=dbt_run, run_id=manual__2025-06-20T22:50:25.083570+00:00, execution_date=20250620T225025, start_date=20250620T225026, end_date=20250620T225057
[2025-06-20T22:50:57.305+0000] {local_task_job_runner.py:266} INFO - Task exited with return code 0
[2025-06-20T22:50:57.353+0000] {taskinstance.py:3895} INFO - 1 downstream tasks scheduled from follow-on schedule check
[2025-06-20T22:50:57.364+0000] {local_task_job_runner.py:245} INFO - ::endgroup::
