[2025-06-20T22:45:25.596+0000] {local_task_job_runner.py:123} INFO - ::group::Pre task execution logs
[2025-06-20T22:45:25.652+0000] {taskinstance.py:2613} INFO - Dependencies all met for dep_context=non-requeueable deps ti=<TaskInstance: dbt_dag.dbt_run manual__2025-06-20T22:45:23.567911+00:00 [queued]>
[2025-06-20T22:45:25.697+0000] {taskinstance.py:2613} INFO - Dependencies all met for dep_context=requeueable deps ti=<TaskInstance: dbt_dag.dbt_run manual__2025-06-20T22:45:23.567911+00:00 [queued]>
[2025-06-20T22:45:25.703+0000] {taskinstance.py:2866} INFO - Starting attempt 1 of 2
[2025-06-20T22:45:25.774+0000] {taskinstance.py:2889} INFO - Executing <Task(BashOperator): dbt_run> on 2025-06-20 22:45:23.567911+00:00
[2025-06-20T22:45:25.793+0000] {warnings.py:112} WARNING - /home/***/.local/lib/python3.12/site-packages/***/task/task_runner/standard_task_runner.py:70: DeprecationWarning: This process (pid=215) is multi-threaded, use of fork() may lead to deadlocks in the child.
  pid = os.fork()

[2025-06-20T22:45:25.801+0000] {standard_task_runner.py:72} INFO - Started process 217 to run task
[2025-06-20T22:45:25.799+0000] {standard_task_runner.py:104} INFO - Running: ['***', 'tasks', 'run', 'dbt_dag', 'dbt_run', 'manual__2025-06-20T22:45:23.567911+00:00', '--job-id', '7', '--raw', '--subdir', 'DAGS_FOLDER/dbt_dag.py', '--cfg-path', '/tmp/tmpiss9xce6']
[2025-06-20T22:45:25.807+0000] {standard_task_runner.py:105} INFO - Job 7: Subtask dbt_run
[2025-06-20T22:45:25.952+0000] {task_command.py:467} INFO - Running <TaskInstance: dbt_dag.dbt_run manual__2025-06-20T22:45:23.567911+00:00 [running]> on host c64d85f87926
[2025-06-20T22:45:26.192+0000] {taskinstance.py:3132} INFO - Exporting env vars: AIRFLOW_CTX_DAG_OWNER='***' AIRFLOW_CTX_DAG_ID='dbt_dag' AIRFLOW_CTX_TASK_ID='dbt_run' AIRFLOW_CTX_EXECUTION_DATE='2025-06-20T22:45:23.567911+00:00' AIRFLOW_CTX_TRY_NUMBER='1' AIRFLOW_CTX_DAG_RUN_ID='manual__2025-06-20T22:45:23.567911+00:00'
[2025-06-20T22:45:26.195+0000] {taskinstance.py:731} INFO - ::endgroup::
[2025-06-20T22:45:26.254+0000] {subprocess.py:78} INFO - Tmp dir root location: /tmp
[2025-06-20T22:45:26.257+0000] {subprocess.py:88} INFO - Running command: ['/usr/bin/bash', '-c', 'cd /opt/***/dags && dbt run --profiles-dir /opt/***/dags/.dbt']
[2025-06-20T22:45:26.282+0000] {subprocess.py:99} INFO - Output:
[2025-06-20T22:45:34.188+0000] {subprocess.py:106} INFO - [0m22:45:34  Running with dbt=1.10.2
[2025-06-20T22:45:36.758+0000] {subprocess.py:106} INFO - [0m22:45:36  Registered adapter: snowflake=1.9.4
[2025-06-20T22:45:38.517+0000] {subprocess.py:106} INFO - [0m22:45:38  Found 4 models, 6 data tests, 3 sources, 476 macros
[2025-06-20T22:45:38.527+0000] {subprocess.py:106} INFO - [0m22:45:38
[2025-06-20T22:45:38.529+0000] {subprocess.py:106} INFO - [0m22:45:38  Concurrency: 4 threads (target='dev')
[2025-06-20T22:45:38.531+0000] {subprocess.py:106} INFO - [0m22:45:38
[2025-06-20T22:45:41.964+0000] {subprocess.py:106} INFO - [0m22:45:41  1 of 4 START sql view model raw.stg_customers .................................. [RUN]
[2025-06-20T22:45:41.967+0000] {subprocess.py:106} INFO - [0m22:45:41  2 of 4 START sql view model raw.stg_products ................................... [RUN]
[2025-06-20T22:45:41.970+0000] {subprocess.py:106} INFO - [0m22:45:41  3 of 4 START sql view model raw.stg_sales ...................................... [RUN]
[2025-06-20T22:45:43.179+0000] {subprocess.py:106} INFO - [0m22:45:43  1 of 4 OK created sql view model raw.stg_customers ............................. [[32mSUCCESS 1[0m in 1.20s]
[2025-06-20T22:45:44.788+0000] {subprocess.py:106} INFO - [0m22:45:44  3 of 4 OK created sql view model raw.stg_sales ................................. [[32mSUCCESS 1[0m in 2.80s]
[2025-06-20T22:45:44.810+0000] {subprocess.py:106} INFO - [0m22:45:44  2 of 4 OK created sql view model raw.stg_products .............................. [[32mSUCCESS 1[0m in 2.83s]
[2025-06-20T22:45:44.821+0000] {subprocess.py:106} INFO - [0m22:45:44  4 of 4 START sql table model raw.fct_daily_product_revenue ..................... [RUN]
[2025-06-20T22:45:48.033+0000] {subprocess.py:106} INFO - [0m22:45:48  4 of 4 OK created sql table model raw.fct_daily_product_revenue ................ [[32mSUCCESS 1[0m in 3.19s]
[2025-06-20T22:45:51.335+0000] {subprocess.py:106} INFO - [0m22:45:51
[2025-06-20T22:45:51.339+0000] {subprocess.py:106} INFO - [0m22:45:51  Finished running 1 table model, 3 view models in 0 hours 0 minutes and 12.80 seconds (12.80s).
[2025-06-20T22:45:51.657+0000] {subprocess.py:106} INFO - [0m22:45:51
[2025-06-20T22:45:51.659+0000] {subprocess.py:106} INFO - [0m22:45:51  [32mCompleted successfully[0m
[2025-06-20T22:45:51.662+0000] {subprocess.py:106} INFO - [0m22:45:51
[2025-06-20T22:45:51.664+0000] {subprocess.py:106} INFO - [0m22:45:51  Done. PASS=4 WARN=0 ERROR=0 SKIP=0 NO-OP=0 TOTAL=4
[2025-06-20T22:45:53.832+0000] {subprocess.py:110} INFO - Command exited with return code 0
[2025-06-20T22:45:53.924+0000] {taskinstance.py:340} INFO - ::group::Post task execution logs
[2025-06-20T22:45:53.926+0000] {taskinstance.py:352} INFO - Marking task as SUCCESS. dag_id=dbt_dag, task_id=dbt_run, run_id=manual__2025-06-20T22:45:23.567911+00:00, execution_date=20250620T224523, start_date=20250620T224525, end_date=20250620T224553
[2025-06-20T22:45:54.007+0000] {local_task_job_runner.py:266} INFO - Task exited with return code 0
[2025-06-20T22:45:54.046+0000] {taskinstance.py:3895} INFO - 1 downstream tasks scheduled from follow-on schedule check
[2025-06-20T22:45:54.061+0000] {local_task_job_runner.py:245} INFO - ::endgroup::
