[0m10:08:50.916382 [debug] [MainThread]: Sending event: {'category': 'dbt', 'action': 'invocation', 'label': 'start', 'context': [<snowplow_tracker.self_describing_json.SelfDescribingJson object at 0x000001AAF99301A0>, <snowplow_tracker.self_describing_json.SelfDescribingJson object at 0x000001AAF7609BD0>, <snowplow_tracker.self_describing_json.SelfDescribingJson object at 0x000001AAFA830F50>]}


============================== 10:08:50.920580 | 4343e648-d7dc-48ee-af83-766f24e01075 ==============================
[0m10:08:50.920580 [info ] [MainThread]: Running with dbt=1.10.1
[0m10:08:50.921648 [debug] [MainThread]: running dbt with arguments {'printer_width': '80', 'indirect_selection': 'eager', 'write_json': 'True', 'log_cache_events': 'False', 'partial_parse': 'True', 'cache_selected_only': 'False', 'warn_error': 'None', 'version_check': 'True', 'profiles_dir': 'C:\\Users\\pc\\.dbt', 'log_path': 'logs', 'debug': 'False', 'fail_fast': 'False', 'use_colors': 'True', 'use_experimental_parser': 'False', 'empty': 'None', 'quiet': 'False', 'no_print': 'None', 'warn_error_options': 'WarnErrorOptionsV2(error=[], warn=[], silence=[])', 'introspect': 'True', 'static_parser': 'True', 'invocation_command': 'dbt init snowflake_data_pr', 'target_path': 'None', 'log_format': 'default', 'send_anonymous_usage_stats': 'True'}
[0m10:08:50.944361 [debug] [MainThread]: Starter project path: C:\Users\pc\AppData\Local\Programs\Python\Python313\Lib\site-packages\dbt\include\starter_project
[0m10:08:50.957477 [info ] [MainThread]: 
Your new dbt project "snowflake_data_pr" was created!

For more information on how to configure the profiles.yml file,
please consult the dbt documentation here:

  https://docs.getdbt.com/docs/configure-your-profile

One more thing:

Need help? Don't hesitate to reach out to us via GitHub issues or on Slack:

  https://community.getdbt.com/

Happy modeling!

[0m10:08:50.958060 [info ] [MainThread]: Setting up your profile.
[0m10:13:02.820133 [info ] [MainThread]: Profile snowflake_data_pr written to C:\Users\pc\.dbt\profiles.yml using target's profile_template.yml and your supplied values. Run 'dbt debug' to validate the connection.
[0m10:13:02.821530 [debug] [MainThread]: Command `dbt init` succeeded at 10:13:02.821342 after 252.11 seconds
[0m10:13:02.821938 [debug] [MainThread]: Sending event: {'category': 'dbt', 'action': 'invocation', 'label': 'end', 'context': [<snowplow_tracker.self_describing_json.SelfDescribingJson object at 0x000001AA93BA6780>, <snowplow_tracker.self_describing_json.SelfDescribingJson object at 0x000001AA92C00DD0>, <snowplow_tracker.self_describing_json.SelfDescribingJson object at 0x000001AA93B7E360>]}
[0m10:13:02.822361 [debug] [MainThread]: Flushing usage events
[0m10:13:03.479608 [debug] [MainThread]: An error was encountered while trying to flush usage events
