[2025-06-21T01:07:08.056+0000] {local_task_job_runner.py:123} INFO - ::group::Pre task execution logs
[2025-06-21T01:07:08.075+0000] {taskinstance.py:2613} INFO - Dependencies all met for dep_context=non-requeueable deps ti=<TaskInstance: dbt_dag.dbt_run scheduled__2025-06-20T00:00:00+00:00 [queued]>
[2025-06-21T01:07:08.086+0000] {taskinstance.py:2613} INFO - Dependencies all met for dep_context=requeueable deps ti=<TaskInstance: dbt_dag.dbt_run scheduled__2025-06-20T00:00:00+00:00 [queued]>
[2025-06-21T01:07:08.087+0000] {taskinstance.py:2866} INFO - Starting attempt 1 of 2
[2025-06-21T01:07:08.870+0000] {taskinstance.py:2889} INFO - Executing <Task(BashOperator): dbt_run> on 2025-06-20 00:00:00+00:00
[2025-06-21T01:07:08.876+0000] {warnings.py:112} WARNING - /home/***/.local/lib/python3.12/site-packages/***/task/task_runner/standard_task_runner.py:70: DeprecationWarning: This process (pid=72) is multi-threaded, use of fork() may lead to deadlocks in the child.
  pid = os.fork()

[2025-06-21T01:07:08.878+0000] {standard_task_runner.py:72} INFO - Started process 73 to run task
[2025-06-21T01:07:08.878+0000] {standard_task_runner.py:104} INFO - Running: ['***', 'tasks', 'run', 'dbt_dag', 'dbt_run', 'scheduled__2025-06-20T00:00:00+00:00', '--job-id', '9', '--raw', '--subdir', 'DAGS_FOLDER/dbt_dag.py', '--cfg-path', '/tmp/tmpdukfappv']
[2025-06-21T01:07:08.879+0000] {standard_task_runner.py:105} INFO - Job 9: Subtask dbt_run
[2025-06-21T01:07:09.599+0000] {task_command.py:467} INFO - Running <TaskInstance: dbt_dag.dbt_run scheduled__2025-06-20T00:00:00+00:00 [running]> on host fdc116b92d55
[2025-06-21T01:07:09.973+0000] {taskinstance.py:3132} INFO - Exporting env vars: AIRFLOW_CTX_DAG_OWNER='***' AIRFLOW_CTX_DAG_ID='dbt_dag' AIRFLOW_CTX_TASK_ID='dbt_run' AIRFLOW_CTX_EXECUTION_DATE='2025-06-20T00:00:00+00:00' AIRFLOW_CTX_TRY_NUMBER='1' AIRFLOW_CTX_DAG_RUN_ID='scheduled__2025-06-20T00:00:00+00:00'
[2025-06-21T01:07:09.975+0000] {taskinstance.py:731} INFO - ::endgroup::
[2025-06-21T01:07:10.322+0000] {subprocess.py:78} INFO - Tmp dir root location: /tmp
[2025-06-21T01:07:10.323+0000] {subprocess.py:88} INFO - Running command: ['/usr/bin/bash', '-c', 'cd /opt/dbt && dbt run --profiles-dir /opt/dbt/.dbt']
[2025-06-21T01:07:10.334+0000] {subprocess.py:99} INFO - Output:
[2025-06-21T01:07:23.225+0000] {subprocess.py:106} INFO - [0m01:07:23  Running with dbt=1.10.2
[2025-06-21T01:07:36.771+0000] {subprocess.py:106} INFO - [0m01:07:36  Registered adapter: snowflake=1.9.4
[2025-06-21T01:07:38.284+0000] {subprocess.py:106} INFO - [0m01:07:38  Found 4 models, 4 data tests, 3 sources, 476 macros
[2025-06-21T01:07:38.288+0000] {subprocess.py:106} INFO - [0m01:07:38
[2025-06-21T01:07:38.289+0000] {subprocess.py:106} INFO - [0m01:07:38  Concurrency: 4 threads (target='dev')
[2025-06-21T01:07:38.290+0000] {subprocess.py:106} INFO - [0m01:07:38
[2025-06-21T01:07:42.266+0000] {subprocess.py:106} INFO - [0m01:07:42  1 of 4 START sql view model raw.stg_customers .................................. [RUN]
[2025-06-21T01:07:42.267+0000] {subprocess.py:106} INFO - [0m01:07:42  2 of 4 START sql view model raw.stg_products ................................... [RUN]
[2025-06-21T01:07:42.269+0000] {subprocess.py:106} INFO - [0m01:07:42  3 of 4 START sql view model raw.stg_sales ...................................... [RUN]
[2025-06-21T01:07:43.016+0000] {subprocess.py:106} INFO - [0m01:07:43  1 of 4 OK created sql view model raw.stg_customers ............................. [[32mSUCCESS 1[0m in 0.72s]
[2025-06-21T01:07:43.984+0000] {subprocess.py:106} INFO - [0m01:07:43  2 of 4 OK created sql view model raw.stg_products .............................. [[32mSUCCESS 1[0m in 1.71s]
[2025-06-21T01:07:44.063+0000] {subprocess.py:106} INFO - [0m01:07:44  3 of 4 OK created sql view model raw.stg_sales ................................. [[32mSUCCESS 1[0m in 1.79s]
[2025-06-21T01:07:44.067+0000] {subprocess.py:106} INFO - [0m01:07:44  4 of 4 START sql table model raw.fct_daily_product_revenue ..................... [RUN]
[2025-06-21T01:07:49.012+0000] {subprocess.py:106} INFO - [0m01:07:49  4 of 4 OK created sql table model raw.fct_daily_product_revenue ................ [[32mSUCCESS 1[0m in 4.94s]
[2025-06-21T01:07:51.074+0000] {subprocess.py:106} INFO - [0m01:07:51
[2025-06-21T01:07:51.075+0000] {subprocess.py:106} INFO - [0m01:07:51  Finished running 1 table model, 3 view models in 0 hours 0 minutes and 12.78 seconds (12.78s).
[2025-06-21T01:07:51.134+0000] {subprocess.py:106} INFO - [0m01:07:51
[2025-06-21T01:07:51.135+0000] {subprocess.py:106} INFO - [0m01:07:51  [32mCompleted successfully[0m
[2025-06-21T01:07:51.136+0000] {subprocess.py:106} INFO - [0m01:07:51
[2025-06-21T01:07:51.137+0000] {subprocess.py:106} INFO - [0m01:07:51  Done. PASS=4 WARN=0 ERROR=0 SKIP=0 NO-OP=0 TOTAL=4
[2025-06-21T01:07:53.208+0000] {subprocess.py:110} INFO - Command exited with return code 0
[2025-06-21T01:07:53.269+0000] {taskinstance.py:340} INFO - ::group::Post task execution logs
[2025-06-21T01:07:53.269+0000] {taskinstance.py:352} INFO - Marking task as SUCCESS. dag_id=dbt_dag, task_id=dbt_run, run_id=scheduled__2025-06-20T00:00:00+00:00, execution_date=20250620T000000, start_date=20250621T010708, end_date=20250621T010753
[2025-06-21T01:07:53.374+0000] {local_task_job_runner.py:266} INFO - Task exited with return code 0
[2025-06-21T01:07:53.402+0000] {taskinstance.py:3895} INFO - 1 downstream tasks scheduled from follow-on schedule check
[2025-06-21T01:07:53.420+0000] {local_task_job_runner.py:245} INFO - ::endgroup::
[2025-06-21T01:09:09.783+0000] {local_task_job_runner.py:123} INFO - ::group::Pre task execution logs
[2025-06-21T01:09:09.803+0000] {taskinstance.py:2613} INFO - Dependencies all met for dep_context=non-requeueable deps ti=<TaskInstance: dbt_dag.dbt_run scheduled__2025-06-20T00:00:00+00:00 [queued]>
[2025-06-21T01:09:09.813+0000] {taskinstance.py:2613} INFO - Dependencies all met for dep_context=requeueable deps ti=<TaskInstance: dbt_dag.dbt_run scheduled__2025-06-20T00:00:00+00:00 [queued]>
[2025-06-21T01:09:09.813+0000] {taskinstance.py:2866} INFO - Starting attempt 1 of 2
[2025-06-21T01:09:09.834+0000] {taskinstance.py:2889} INFO - Executing <Task(BashOperator): dbt_run> on 2025-06-20 00:00:00+00:00
[2025-06-21T01:09:09.841+0000] {warnings.py:112} WARNING - /home/***/.local/lib/python3.12/site-packages/***/task/task_runner/standard_task_runner.py:70: DeprecationWarning: This process (pid=146) is multi-threaded, use of fork() may lead to deadlocks in the child.
  pid = os.fork()

[2025-06-21T01:09:09.843+0000] {standard_task_runner.py:72} INFO - Started process 147 to run task
[2025-06-21T01:09:09.844+0000] {standard_task_runner.py:104} INFO - Running: ['***', 'tasks', 'run', 'dbt_dag', 'dbt_run', 'scheduled__2025-06-20T00:00:00+00:00', '--job-id', '11', '--raw', '--subdir', 'DAGS_FOLDER/dbt_dag.py', '--cfg-path', '/tmp/tmpfuvrx1ld']
[2025-06-21T01:09:09.845+0000] {standard_task_runner.py:105} INFO - Job 11: Subtask dbt_run
[2025-06-21T01:09:09.913+0000] {task_command.py:467} INFO - Running <TaskInstance: dbt_dag.dbt_run scheduled__2025-06-20T00:00:00+00:00 [running]> on host fdc116b92d55
[2025-06-21T01:09:10.027+0000] {taskinstance.py:3132} INFO - Exporting env vars: AIRFLOW_CTX_DAG_OWNER='***' AIRFLOW_CTX_DAG_ID='dbt_dag' AIRFLOW_CTX_TASK_ID='dbt_run' AIRFLOW_CTX_EXECUTION_DATE='2025-06-20T00:00:00+00:00' AIRFLOW_CTX_TRY_NUMBER='1' AIRFLOW_CTX_DAG_RUN_ID='scheduled__2025-06-20T00:00:00+00:00'
[2025-06-21T01:09:10.028+0000] {taskinstance.py:731} INFO - ::endgroup::
[2025-06-21T01:09:10.045+0000] {subprocess.py:78} INFO - Tmp dir root location: /tmp
[2025-06-21T01:09:10.046+0000] {subprocess.py:88} INFO - Running command: ['/usr/bin/bash', '-c', 'cd /opt/dbt && dbt run --profiles-dir /opt/dbt/.dbt']
[2025-06-21T01:09:10.058+0000] {subprocess.py:99} INFO - Output:
[2025-06-21T01:09:12.363+0000] {subprocess.py:106} INFO - [0m01:09:12  Running with dbt=1.10.2
[2025-06-21T01:09:13.443+0000] {subprocess.py:106} INFO - [0m01:09:13  Registered adapter: snowflake=1.9.4
[2025-06-21T01:09:14.121+0000] {subprocess.py:106} INFO - [0m01:09:14  Found 4 models, 4 data tests, 3 sources, 476 macros
[2025-06-21T01:09:14.126+0000] {subprocess.py:106} INFO - [0m01:09:14
[2025-06-21T01:09:14.127+0000] {subprocess.py:106} INFO - [0m01:09:14  Concurrency: 4 threads (target='dev')
[2025-06-21T01:09:14.129+0000] {subprocess.py:106} INFO - [0m01:09:14
[2025-06-21T01:09:16.874+0000] {subprocess.py:106} INFO - [0m01:09:16  1 of 4 START sql view model raw.stg_customers .................................. [RUN]
[2025-06-21T01:09:16.876+0000] {subprocess.py:106} INFO - [0m01:09:16  2 of 4 START sql view model raw.stg_products ................................... [RUN]
[2025-06-21T01:09:16.877+0000] {subprocess.py:106} INFO - [0m01:09:16  3 of 4 START sql view model raw.stg_sales ...................................... [RUN]
[2025-06-21T01:09:17.644+0000] {subprocess.py:106} INFO - [0m01:09:17  1 of 4 OK created sql view model raw.stg_customers ............................. [[32mSUCCESS 1[0m in 0.76s]
[2025-06-21T01:09:18.604+0000] {subprocess.py:106} INFO - [0m01:09:18  2 of 4 OK created sql view model raw.stg_products .............................. [[32mSUCCESS 1[0m in 1.72s]
[2025-06-21T01:09:18.797+0000] {subprocess.py:106} INFO - [0m01:09:18  3 of 4 OK created sql view model raw.stg_sales ................................. [[32mSUCCESS 1[0m in 1.92s]
[2025-06-21T01:09:18.800+0000] {subprocess.py:106} INFO - [0m01:09:18  4 of 4 START sql table model raw.fct_daily_product_revenue ..................... [RUN]
[2025-06-21T01:09:23.243+0000] {subprocess.py:106} INFO - [0m01:09:23  4 of 4 OK created sql table model raw.fct_daily_product_revenue ................ [[32mSUCCESS 1[0m in 4.44s]
[2025-06-21T01:09:25.399+0000] {subprocess.py:106} INFO - [0m01:09:25
[2025-06-21T01:09:25.400+0000] {subprocess.py:106} INFO - [0m01:09:25  Finished running 1 table model, 3 view models in 0 hours 0 minutes and 11.27 seconds (11.27s).
[2025-06-21T01:09:25.534+0000] {subprocess.py:106} INFO - [0m01:09:25
[2025-06-21T01:09:25.534+0000] {subprocess.py:106} INFO - [0m01:09:25  [32mCompleted successfully[0m
[2025-06-21T01:09:25.535+0000] {subprocess.py:106} INFO - [0m01:09:25
[2025-06-21T01:09:25.536+0000] {subprocess.py:106} INFO - [0m01:09:25  Done. PASS=4 WARN=0 ERROR=0 SKIP=0 NO-OP=0 TOTAL=4
[2025-06-21T01:09:26.742+0000] {subprocess.py:110} INFO - Command exited with return code 0
[2025-06-21T01:09:26.850+0000] {taskinstance.py:340} INFO - ::group::Post task execution logs
[2025-06-21T01:09:26.851+0000] {taskinstance.py:352} INFO - Marking task as SUCCESS. dag_id=dbt_dag, task_id=dbt_run, run_id=scheduled__2025-06-20T00:00:00+00:00, execution_date=20250620T000000, start_date=20250621T010909, end_date=20250621T010926
[2025-06-21T01:09:26.886+0000] {local_task_job_runner.py:266} INFO - Task exited with return code 0
[2025-06-21T01:09:26.908+0000] {taskinstance.py:3895} INFO - 1 downstream tasks scheduled from follow-on schedule check
[2025-06-21T01:09:26.916+0000] {local_task_job_runner.py:245} INFO - ::endgroup::
