[2025-06-20T21:26:36.990+0000] {processor.py:186} INFO - Started process (PID=111) to work on /home/airflow/.local/lib/python3.12/site-packages/airflow/example_dags/example_params_trigger_ui.py
[2025-06-20T21:26:36.991+0000] {processor.py:914} INFO - Processing file /home/airflow/.local/lib/python3.12/site-packages/airflow/example_dags/example_params_trigger_ui.py for tasks to queue
[2025-06-20T21:26:36.993+0000] {logging_mixin.py:190} INFO - [2025-06-20T21:26:36.993+0000] {dagbag.py:588} INFO - Filling up the DagBag from /home/airflow/.local/lib/python3.12/site-packages/airflow/example_dags/example_params_trigger_ui.py
[2025-06-20T21:26:37.022+0000] {processor.py:925} INFO - DAG(s) 'example_params_trigger_ui' retrieved from /home/airflow/.local/lib/python3.12/site-packages/airflow/example_dags/example_params_trigger_ui.py
[2025-06-20T21:26:37.406+0000] {logging_mixin.py:190} INFO - [2025-06-20T21:26:37.405+0000] {override.py:1911} INFO - Created Permission View: can delete on DAG:example_params_trigger_ui
[2025-06-20T21:26:37.469+0000] {logging_mixin.py:190} INFO - [2025-06-20T21:26:37.469+0000] {override.py:1911} INFO - Created Permission View: can read on DAG:example_params_trigger_ui
[2025-06-20T21:26:37.543+0000] {logging_mixin.py:190} INFO - [2025-06-20T21:26:37.543+0000] {override.py:1911} INFO - Created Permission View: can edit on DAG:example_params_trigger_ui
[2025-06-20T21:26:37.718+0000] {logging_mixin.py:190} INFO - [2025-06-20T21:26:37.718+0000] {override.py:1911} INFO - Created Permission View: can delete on DAG Run:example_params_trigger_ui
[2025-06-20T21:26:37.803+0000] {logging_mixin.py:190} INFO - [2025-06-20T21:26:37.803+0000] {override.py:1911} INFO - Created Permission View: can create on DAG Run:example_params_trigger_ui
[2025-06-20T21:26:37.994+0000] {logging_mixin.py:190} INFO - [2025-06-20T21:26:37.993+0000] {override.py:1911} INFO - Created Permission View: can read on DAG Run:example_params_trigger_ui
[2025-06-20T21:26:38.121+0000] {logging_mixin.py:190} INFO - [2025-06-20T21:26:38.120+0000] {override.py:1911} INFO - Created Permission View: menu access on DAG Run:example_params_trigger_ui
[2025-06-20T21:26:38.122+0000] {logging_mixin.py:190} INFO - [2025-06-20T21:26:38.121+0000] {dag.py:3239} INFO - Sync 1 DAGs
[2025-06-20T21:26:38.136+0000] {logging_mixin.py:190} INFO - [2025-06-20T21:26:38.136+0000] {dag.py:3262} INFO - Creating ORM DAG for example_params_trigger_ui
[2025-06-20T21:26:38.137+0000] {logging_mixin.py:190} INFO - [2025-06-20T21:26:38.137+0000] {dag.py:4180} INFO - Setting next_dagrun for example_params_trigger_ui to None, run_after=None
[2025-06-20T21:26:38.194+0000] {processor.py:208} INFO - Processing /home/airflow/.local/lib/python3.12/site-packages/airflow/example_dags/example_params_trigger_ui.py took 1.209 seconds
[2025-06-20T21:27:08.977+0000] {processor.py:186} INFO - Started process (PID=175) to work on /home/airflow/.local/lib/python3.12/site-packages/airflow/example_dags/example_params_trigger_ui.py
[2025-06-20T21:27:08.978+0000] {processor.py:914} INFO - Processing file /home/airflow/.local/lib/python3.12/site-packages/airflow/example_dags/example_params_trigger_ui.py for tasks to queue
[2025-06-20T21:27:08.981+0000] {logging_mixin.py:190} INFO - [2025-06-20T21:27:08.980+0000] {dagbag.py:588} INFO - Filling up the DagBag from /home/airflow/.local/lib/python3.12/site-packages/airflow/example_dags/example_params_trigger_ui.py
[2025-06-20T21:27:08.992+0000] {processor.py:925} INFO - DAG(s) 'example_params_trigger_ui' retrieved from /home/airflow/.local/lib/python3.12/site-packages/airflow/example_dags/example_params_trigger_ui.py
[2025-06-20T21:27:09.036+0000] {logging_mixin.py:190} INFO - [2025-06-20T21:27:09.035+0000] {dag.py:3239} INFO - Sync 1 DAGs
[2025-06-20T21:27:09.049+0000] {logging_mixin.py:190} INFO - [2025-06-20T21:27:09.049+0000] {dag.py:4180} INFO - Setting next_dagrun for example_params_trigger_ui to None, run_after=None
[2025-06-20T21:27:09.078+0000] {processor.py:208} INFO - Processing /home/airflow/.local/lib/python3.12/site-packages/airflow/example_dags/example_params_trigger_ui.py took 0.106 seconds
[2025-06-20T21:27:39.340+0000] {processor.py:186} INFO - Started process (PID=239) to work on /home/airflow/.local/lib/python3.12/site-packages/airflow/example_dags/example_params_trigger_ui.py
[2025-06-20T21:27:39.342+0000] {processor.py:914} INFO - Processing file /home/airflow/.local/lib/python3.12/site-packages/airflow/example_dags/example_params_trigger_ui.py for tasks to queue
[2025-06-20T21:27:39.344+0000] {logging_mixin.py:190} INFO - [2025-06-20T21:27:39.344+0000] {dagbag.py:588} INFO - Filling up the DagBag from /home/airflow/.local/lib/python3.12/site-packages/airflow/example_dags/example_params_trigger_ui.py
[2025-06-20T21:27:39.360+0000] {processor.py:925} INFO - DAG(s) 'example_params_trigger_ui' retrieved from /home/airflow/.local/lib/python3.12/site-packages/airflow/example_dags/example_params_trigger_ui.py
[2025-06-20T21:27:39.402+0000] {logging_mixin.py:190} INFO - [2025-06-20T21:27:39.401+0000] {dag.py:3239} INFO - Sync 1 DAGs
[2025-06-20T21:27:39.417+0000] {logging_mixin.py:190} INFO - [2025-06-20T21:27:39.417+0000] {dag.py:4180} INFO - Setting next_dagrun for example_params_trigger_ui to None, run_after=None
[2025-06-20T21:27:39.450+0000] {processor.py:208} INFO - Processing /home/airflow/.local/lib/python3.12/site-packages/airflow/example_dags/example_params_trigger_ui.py took 0.117 seconds
[2025-06-20T21:28:09.553+0000] {processor.py:186} INFO - Started process (PID=303) to work on /home/airflow/.local/lib/python3.12/site-packages/airflow/example_dags/example_params_trigger_ui.py
[2025-06-20T21:28:09.554+0000] {processor.py:914} INFO - Processing file /home/airflow/.local/lib/python3.12/site-packages/airflow/example_dags/example_params_trigger_ui.py for tasks to queue
[2025-06-20T21:28:09.558+0000] {logging_mixin.py:190} INFO - [2025-06-20T21:28:09.557+0000] {dagbag.py:588} INFO - Filling up the DagBag from /home/airflow/.local/lib/python3.12/site-packages/airflow/example_dags/example_params_trigger_ui.py
[2025-06-20T21:28:09.570+0000] {processor.py:925} INFO - DAG(s) 'example_params_trigger_ui' retrieved from /home/airflow/.local/lib/python3.12/site-packages/airflow/example_dags/example_params_trigger_ui.py
[2025-06-20T21:28:09.617+0000] {logging_mixin.py:190} INFO - [2025-06-20T21:28:09.617+0000] {dag.py:3239} INFO - Sync 1 DAGs
[2025-06-20T21:28:09.631+0000] {logging_mixin.py:190} INFO - [2025-06-20T21:28:09.631+0000] {dag.py:4180} INFO - Setting next_dagrun for example_params_trigger_ui to None, run_after=None
[2025-06-20T21:28:09.656+0000] {processor.py:208} INFO - Processing /home/airflow/.local/lib/python3.12/site-packages/airflow/example_dags/example_params_trigger_ui.py took 0.109 seconds
[2025-06-20T21:28:42.114+0000] {processor.py:186} INFO - Started process (PID=368) to work on /home/airflow/.local/lib/python3.12/site-packages/airflow/example_dags/example_params_trigger_ui.py
[2025-06-20T21:28:42.118+0000] {processor.py:914} INFO - Processing file /home/airflow/.local/lib/python3.12/site-packages/airflow/example_dags/example_params_trigger_ui.py for tasks to queue
[2025-06-20T21:28:42.127+0000] {logging_mixin.py:190} INFO - [2025-06-20T21:28:42.126+0000] {dagbag.py:588} INFO - Filling up the DagBag from /home/airflow/.local/lib/python3.12/site-packages/airflow/example_dags/example_params_trigger_ui.py
[2025-06-20T21:28:42.292+0000] {processor.py:925} INFO - DAG(s) 'example_params_trigger_ui' retrieved from /home/airflow/.local/lib/python3.12/site-packages/airflow/example_dags/example_params_trigger_ui.py
[2025-06-20T21:28:42.385+0000] {logging_mixin.py:190} INFO - [2025-06-20T21:28:42.385+0000] {dag.py:3239} INFO - Sync 1 DAGs
[2025-06-20T21:28:42.581+0000] {logging_mixin.py:190} INFO - [2025-06-20T21:28:42.581+0000] {dag.py:4180} INFO - Setting next_dagrun for example_params_trigger_ui to None, run_after=None
[2025-06-20T21:28:43.078+0000] {processor.py:208} INFO - Processing /home/airflow/.local/lib/python3.12/site-packages/airflow/example_dags/example_params_trigger_ui.py took 1.070 seconds
[2025-06-20T21:29:13.331+0000] {processor.py:186} INFO - Started process (PID=431) to work on /home/airflow/.local/lib/python3.12/site-packages/airflow/example_dags/example_params_trigger_ui.py
[2025-06-20T21:29:13.332+0000] {processor.py:914} INFO - Processing file /home/airflow/.local/lib/python3.12/site-packages/airflow/example_dags/example_params_trigger_ui.py for tasks to queue
[2025-06-20T21:29:13.334+0000] {logging_mixin.py:190} INFO - [2025-06-20T21:29:13.334+0000] {dagbag.py:588} INFO - Filling up the DagBag from /home/airflow/.local/lib/python3.12/site-packages/airflow/example_dags/example_params_trigger_ui.py
[2025-06-20T21:29:13.346+0000] {processor.py:925} INFO - DAG(s) 'example_params_trigger_ui' retrieved from /home/airflow/.local/lib/python3.12/site-packages/airflow/example_dags/example_params_trigger_ui.py
[2025-06-20T21:29:13.389+0000] {logging_mixin.py:190} INFO - [2025-06-20T21:29:13.388+0000] {dag.py:3239} INFO - Sync 1 DAGs
[2025-06-20T21:29:13.403+0000] {logging_mixin.py:190} INFO - [2025-06-20T21:29:13.403+0000] {dag.py:4180} INFO - Setting next_dagrun for example_params_trigger_ui to None, run_after=None
[2025-06-20T21:29:13.531+0000] {processor.py:208} INFO - Processing /home/airflow/.local/lib/python3.12/site-packages/airflow/example_dags/example_params_trigger_ui.py took 0.206 seconds
[2025-06-20T21:29:44.132+0000] {processor.py:186} INFO - Started process (PID=489) to work on /home/airflow/.local/lib/python3.12/site-packages/airflow/example_dags/example_params_trigger_ui.py
[2025-06-20T21:29:44.133+0000] {processor.py:914} INFO - Processing file /home/airflow/.local/lib/python3.12/site-packages/airflow/example_dags/example_params_trigger_ui.py for tasks to queue
[2025-06-20T21:29:44.136+0000] {logging_mixin.py:190} INFO - [2025-06-20T21:29:44.135+0000] {dagbag.py:588} INFO - Filling up the DagBag from /home/airflow/.local/lib/python3.12/site-packages/airflow/example_dags/example_params_trigger_ui.py
[2025-06-20T21:29:44.145+0000] {processor.py:925} INFO - DAG(s) 'example_params_trigger_ui' retrieved from /home/airflow/.local/lib/python3.12/site-packages/airflow/example_dags/example_params_trigger_ui.py
[2025-06-20T21:29:44.187+0000] {logging_mixin.py:190} INFO - [2025-06-20T21:29:44.186+0000] {dag.py:3239} INFO - Sync 1 DAGs
[2025-06-20T21:29:44.201+0000] {logging_mixin.py:190} INFO - [2025-06-20T21:29:44.201+0000] {dag.py:4180} INFO - Setting next_dagrun for example_params_trigger_ui to None, run_after=None
[2025-06-20T21:29:44.260+0000] {processor.py:208} INFO - Processing /home/airflow/.local/lib/python3.12/site-packages/airflow/example_dags/example_params_trigger_ui.py took 0.133 seconds
[2025-06-20T21:30:14.470+0000] {processor.py:186} INFO - Started process (PID=553) to work on /home/airflow/.local/lib/python3.12/site-packages/airflow/example_dags/example_params_trigger_ui.py
[2025-06-20T21:30:14.471+0000] {processor.py:914} INFO - Processing file /home/airflow/.local/lib/python3.12/site-packages/airflow/example_dags/example_params_trigger_ui.py for tasks to queue
[2025-06-20T21:30:14.474+0000] {logging_mixin.py:190} INFO - [2025-06-20T21:30:14.474+0000] {dagbag.py:588} INFO - Filling up the DagBag from /home/airflow/.local/lib/python3.12/site-packages/airflow/example_dags/example_params_trigger_ui.py
[2025-06-20T21:30:14.484+0000] {processor.py:925} INFO - DAG(s) 'example_params_trigger_ui' retrieved from /home/airflow/.local/lib/python3.12/site-packages/airflow/example_dags/example_params_trigger_ui.py
[2025-06-20T21:30:14.533+0000] {logging_mixin.py:190} INFO - [2025-06-20T21:30:14.532+0000] {dag.py:3239} INFO - Sync 1 DAGs
[2025-06-20T21:30:14.548+0000] {logging_mixin.py:190} INFO - [2025-06-20T21:30:14.547+0000] {dag.py:4180} INFO - Setting next_dagrun for example_params_trigger_ui to None, run_after=None
[2025-06-20T21:30:14.609+0000] {processor.py:208} INFO - Processing /home/airflow/.local/lib/python3.12/site-packages/airflow/example_dags/example_params_trigger_ui.py took 0.147 seconds
[2025-06-20T21:30:45.024+0000] {processor.py:186} INFO - Started process (PID=617) to work on /home/airflow/.local/lib/python3.12/site-packages/airflow/example_dags/example_params_trigger_ui.py
[2025-06-20T21:30:45.026+0000] {processor.py:914} INFO - Processing file /home/airflow/.local/lib/python3.12/site-packages/airflow/example_dags/example_params_trigger_ui.py for tasks to queue
[2025-06-20T21:30:45.028+0000] {logging_mixin.py:190} INFO - [2025-06-20T21:30:45.028+0000] {dagbag.py:588} INFO - Filling up the DagBag from /home/airflow/.local/lib/python3.12/site-packages/airflow/example_dags/example_params_trigger_ui.py
[2025-06-20T21:30:45.038+0000] {processor.py:925} INFO - DAG(s) 'example_params_trigger_ui' retrieved from /home/airflow/.local/lib/python3.12/site-packages/airflow/example_dags/example_params_trigger_ui.py
[2025-06-20T21:30:45.077+0000] {logging_mixin.py:190} INFO - [2025-06-20T21:30:45.076+0000] {dag.py:3239} INFO - Sync 1 DAGs
[2025-06-20T21:30:45.091+0000] {logging_mixin.py:190} INFO - [2025-06-20T21:30:45.091+0000] {dag.py:4180} INFO - Setting next_dagrun for example_params_trigger_ui to None, run_after=None
[2025-06-20T21:30:45.132+0000] {processor.py:208} INFO - Processing /home/airflow/.local/lib/python3.12/site-packages/airflow/example_dags/example_params_trigger_ui.py took 0.113 seconds
[2025-06-20T21:31:15.460+0000] {processor.py:186} INFO - Started process (PID=681) to work on /home/airflow/.local/lib/python3.12/site-packages/airflow/example_dags/example_params_trigger_ui.py
[2025-06-20T21:31:15.461+0000] {processor.py:914} INFO - Processing file /home/airflow/.local/lib/python3.12/site-packages/airflow/example_dags/example_params_trigger_ui.py for tasks to queue
[2025-06-20T21:31:15.463+0000] {logging_mixin.py:190} INFO - [2025-06-20T21:31:15.463+0000] {dagbag.py:588} INFO - Filling up the DagBag from /home/airflow/.local/lib/python3.12/site-packages/airflow/example_dags/example_params_trigger_ui.py
[2025-06-20T21:31:15.473+0000] {processor.py:925} INFO - DAG(s) 'example_params_trigger_ui' retrieved from /home/airflow/.local/lib/python3.12/site-packages/airflow/example_dags/example_params_trigger_ui.py
[2025-06-20T21:31:15.517+0000] {logging_mixin.py:190} INFO - [2025-06-20T21:31:15.516+0000] {dag.py:3239} INFO - Sync 1 DAGs
[2025-06-20T21:31:15.531+0000] {logging_mixin.py:190} INFO - [2025-06-20T21:31:15.531+0000] {dag.py:4180} INFO - Setting next_dagrun for example_params_trigger_ui to None, run_after=None
[2025-06-20T21:31:16.688+0000] {processor.py:208} INFO - Processing /home/airflow/.local/lib/python3.12/site-packages/airflow/example_dags/example_params_trigger_ui.py took 1.235 seconds
[2025-06-20T21:31:46.821+0000] {processor.py:186} INFO - Started process (PID=746) to work on /home/airflow/.local/lib/python3.12/site-packages/airflow/example_dags/example_params_trigger_ui.py
[2025-06-20T21:31:46.822+0000] {processor.py:914} INFO - Processing file /home/airflow/.local/lib/python3.12/site-packages/airflow/example_dags/example_params_trigger_ui.py for tasks to queue
[2025-06-20T21:31:46.825+0000] {logging_mixin.py:190} INFO - [2025-06-20T21:31:46.824+0000] {dagbag.py:588} INFO - Filling up the DagBag from /home/airflow/.local/lib/python3.12/site-packages/airflow/example_dags/example_params_trigger_ui.py
[2025-06-20T21:31:46.834+0000] {processor.py:925} INFO - DAG(s) 'example_params_trigger_ui' retrieved from /home/airflow/.local/lib/python3.12/site-packages/airflow/example_dags/example_params_trigger_ui.py
[2025-06-20T21:31:46.872+0000] {logging_mixin.py:190} INFO - [2025-06-20T21:31:46.872+0000] {dag.py:3239} INFO - Sync 1 DAGs
[2025-06-20T21:31:46.887+0000] {logging_mixin.py:190} INFO - [2025-06-20T21:31:46.887+0000] {dag.py:4180} INFO - Setting next_dagrun for example_params_trigger_ui to None, run_after=None
[2025-06-20T21:31:46.993+0000] {processor.py:208} INFO - Processing /home/airflow/.local/lib/python3.12/site-packages/airflow/example_dags/example_params_trigger_ui.py took 0.178 seconds
[2025-06-20T21:32:17.067+0000] {processor.py:186} INFO - Started process (PID=809) to work on /home/airflow/.local/lib/python3.12/site-packages/airflow/example_dags/example_params_trigger_ui.py
[2025-06-20T21:32:17.068+0000] {processor.py:914} INFO - Processing file /home/airflow/.local/lib/python3.12/site-packages/airflow/example_dags/example_params_trigger_ui.py for tasks to queue
[2025-06-20T21:32:17.072+0000] {logging_mixin.py:190} INFO - [2025-06-20T21:32:17.071+0000] {dagbag.py:588} INFO - Filling up the DagBag from /home/airflow/.local/lib/python3.12/site-packages/airflow/example_dags/example_params_trigger_ui.py
[2025-06-20T21:32:17.086+0000] {processor.py:925} INFO - DAG(s) 'example_params_trigger_ui' retrieved from /home/airflow/.local/lib/python3.12/site-packages/airflow/example_dags/example_params_trigger_ui.py
[2025-06-20T21:32:17.136+0000] {logging_mixin.py:190} INFO - [2025-06-20T21:32:17.136+0000] {dag.py:3239} INFO - Sync 1 DAGs
[2025-06-20T21:32:17.156+0000] {logging_mixin.py:190} INFO - [2025-06-20T21:32:17.156+0000] {dag.py:4180} INFO - Setting next_dagrun for example_params_trigger_ui to None, run_after=None
[2025-06-20T21:32:17.203+0000] {processor.py:208} INFO - Processing /home/airflow/.local/lib/python3.12/site-packages/airflow/example_dags/example_params_trigger_ui.py took 0.143 seconds
[2025-06-20T21:32:47.595+0000] {processor.py:186} INFO - Started process (PID=873) to work on /home/airflow/.local/lib/python3.12/site-packages/airflow/example_dags/example_params_trigger_ui.py
[2025-06-20T21:32:47.596+0000] {processor.py:914} INFO - Processing file /home/airflow/.local/lib/python3.12/site-packages/airflow/example_dags/example_params_trigger_ui.py for tasks to queue
[2025-06-20T21:32:47.599+0000] {logging_mixin.py:190} INFO - [2025-06-20T21:32:47.599+0000] {dagbag.py:588} INFO - Filling up the DagBag from /home/airflow/.local/lib/python3.12/site-packages/airflow/example_dags/example_params_trigger_ui.py
[2025-06-20T21:32:47.611+0000] {processor.py:925} INFO - DAG(s) 'example_params_trigger_ui' retrieved from /home/airflow/.local/lib/python3.12/site-packages/airflow/example_dags/example_params_trigger_ui.py
[2025-06-20T21:32:47.656+0000] {logging_mixin.py:190} INFO - [2025-06-20T21:32:47.656+0000] {dag.py:3239} INFO - Sync 1 DAGs
[2025-06-20T21:32:47.673+0000] {logging_mixin.py:190} INFO - [2025-06-20T21:32:47.673+0000] {dag.py:4180} INFO - Setting next_dagrun for example_params_trigger_ui to None, run_after=None
[2025-06-20T21:32:47.710+0000] {processor.py:208} INFO - Processing /home/airflow/.local/lib/python3.12/site-packages/airflow/example_dags/example_params_trigger_ui.py took 0.121 seconds
[2025-06-20T21:33:18.290+0000] {processor.py:186} INFO - Started process (PID=938) to work on /home/airflow/.local/lib/python3.12/site-packages/airflow/example_dags/example_params_trigger_ui.py
[2025-06-20T21:33:18.290+0000] {processor.py:914} INFO - Processing file /home/airflow/.local/lib/python3.12/site-packages/airflow/example_dags/example_params_trigger_ui.py for tasks to queue
[2025-06-20T21:33:18.293+0000] {logging_mixin.py:190} INFO - [2025-06-20T21:33:18.293+0000] {dagbag.py:588} INFO - Filling up the DagBag from /home/airflow/.local/lib/python3.12/site-packages/airflow/example_dags/example_params_trigger_ui.py
[2025-06-20T21:33:18.303+0000] {processor.py:925} INFO - DAG(s) 'example_params_trigger_ui' retrieved from /home/airflow/.local/lib/python3.12/site-packages/airflow/example_dags/example_params_trigger_ui.py
[2025-06-20T21:33:18.343+0000] {logging_mixin.py:190} INFO - [2025-06-20T21:33:18.343+0000] {dag.py:3239} INFO - Sync 1 DAGs
[2025-06-20T21:33:18.358+0000] {logging_mixin.py:190} INFO - [2025-06-20T21:33:18.357+0000] {dag.py:4180} INFO - Setting next_dagrun for example_params_trigger_ui to None, run_after=None
[2025-06-20T21:33:18.408+0000] {processor.py:208} INFO - Processing /home/airflow/.local/lib/python3.12/site-packages/airflow/example_dags/example_params_trigger_ui.py took 0.123 seconds
[2025-06-20T21:33:49.172+0000] {processor.py:186} INFO - Started process (PID=1002) to work on /home/airflow/.local/lib/python3.12/site-packages/airflow/example_dags/example_params_trigger_ui.py
[2025-06-20T21:33:49.173+0000] {processor.py:914} INFO - Processing file /home/airflow/.local/lib/python3.12/site-packages/airflow/example_dags/example_params_trigger_ui.py for tasks to queue
[2025-06-20T21:33:49.175+0000] {logging_mixin.py:190} INFO - [2025-06-20T21:33:49.175+0000] {dagbag.py:588} INFO - Filling up the DagBag from /home/airflow/.local/lib/python3.12/site-packages/airflow/example_dags/example_params_trigger_ui.py
[2025-06-20T21:33:49.185+0000] {processor.py:925} INFO - DAG(s) 'example_params_trigger_ui' retrieved from /home/airflow/.local/lib/python3.12/site-packages/airflow/example_dags/example_params_trigger_ui.py
[2025-06-20T21:33:49.226+0000] {logging_mixin.py:190} INFO - [2025-06-20T21:33:49.225+0000] {dag.py:3239} INFO - Sync 1 DAGs
[2025-06-20T21:33:49.240+0000] {logging_mixin.py:190} INFO - [2025-06-20T21:33:49.239+0000] {dag.py:4180} INFO - Setting next_dagrun for example_params_trigger_ui to None, run_after=None
[2025-06-20T21:33:49.289+0000] {processor.py:208} INFO - Processing /home/airflow/.local/lib/python3.12/site-packages/airflow/example_dags/example_params_trigger_ui.py took 0.122 seconds
[2025-06-20T21:34:20.091+0000] {processor.py:186} INFO - Started process (PID=1066) to work on /home/airflow/.local/lib/python3.12/site-packages/airflow/example_dags/example_params_trigger_ui.py
[2025-06-20T21:34:20.092+0000] {processor.py:914} INFO - Processing file /home/airflow/.local/lib/python3.12/site-packages/airflow/example_dags/example_params_trigger_ui.py for tasks to queue
[2025-06-20T21:34:20.095+0000] {logging_mixin.py:190} INFO - [2025-06-20T21:34:20.095+0000] {dagbag.py:588} INFO - Filling up the DagBag from /home/airflow/.local/lib/python3.12/site-packages/airflow/example_dags/example_params_trigger_ui.py
[2025-06-20T21:34:20.110+0000] {processor.py:925} INFO - DAG(s) 'example_params_trigger_ui' retrieved from /home/airflow/.local/lib/python3.12/site-packages/airflow/example_dags/example_params_trigger_ui.py
[2025-06-20T21:34:20.186+0000] {logging_mixin.py:190} INFO - [2025-06-20T21:34:20.186+0000] {dag.py:3239} INFO - Sync 1 DAGs
[2025-06-20T21:34:20.215+0000] {logging_mixin.py:190} INFO - [2025-06-20T21:34:20.215+0000] {dag.py:4180} INFO - Setting next_dagrun for example_params_trigger_ui to None, run_after=None
[2025-06-20T21:34:20.272+0000] {processor.py:208} INFO - Processing /home/airflow/.local/lib/python3.12/site-packages/airflow/example_dags/example_params_trigger_ui.py took 0.190 seconds
[2025-06-20T21:34:50.530+0000] {processor.py:186} INFO - Started process (PID=1130) to work on /home/airflow/.local/lib/python3.12/site-packages/airflow/example_dags/example_params_trigger_ui.py
[2025-06-20T21:34:50.531+0000] {processor.py:914} INFO - Processing file /home/airflow/.local/lib/python3.12/site-packages/airflow/example_dags/example_params_trigger_ui.py for tasks to queue
[2025-06-20T21:34:50.533+0000] {logging_mixin.py:190} INFO - [2025-06-20T21:34:50.533+0000] {dagbag.py:588} INFO - Filling up the DagBag from /home/airflow/.local/lib/python3.12/site-packages/airflow/example_dags/example_params_trigger_ui.py
[2025-06-20T21:34:50.543+0000] {processor.py:925} INFO - DAG(s) 'example_params_trigger_ui' retrieved from /home/airflow/.local/lib/python3.12/site-packages/airflow/example_dags/example_params_trigger_ui.py
[2025-06-20T21:34:50.583+0000] {logging_mixin.py:190} INFO - [2025-06-20T21:34:50.583+0000] {dag.py:3239} INFO - Sync 1 DAGs
[2025-06-20T21:34:50.599+0000] {logging_mixin.py:190} INFO - [2025-06-20T21:34:50.599+0000] {dag.py:4180} INFO - Setting next_dagrun for example_params_trigger_ui to None, run_after=None
[2025-06-20T21:34:50.624+0000] {processor.py:208} INFO - Processing /home/airflow/.local/lib/python3.12/site-packages/airflow/example_dags/example_params_trigger_ui.py took 0.098 seconds
[2025-06-20T21:35:20.691+0000] {processor.py:186} INFO - Started process (PID=1194) to work on /home/airflow/.local/lib/python3.12/site-packages/airflow/example_dags/example_params_trigger_ui.py
[2025-06-20T21:35:20.692+0000] {processor.py:914} INFO - Processing file /home/airflow/.local/lib/python3.12/site-packages/airflow/example_dags/example_params_trigger_ui.py for tasks to queue
[2025-06-20T21:35:20.694+0000] {logging_mixin.py:190} INFO - [2025-06-20T21:35:20.694+0000] {dagbag.py:588} INFO - Filling up the DagBag from /home/airflow/.local/lib/python3.12/site-packages/airflow/example_dags/example_params_trigger_ui.py
[2025-06-20T21:35:20.704+0000] {processor.py:925} INFO - DAG(s) 'example_params_trigger_ui' retrieved from /home/airflow/.local/lib/python3.12/site-packages/airflow/example_dags/example_params_trigger_ui.py
[2025-06-20T21:35:20.744+0000] {logging_mixin.py:190} INFO - [2025-06-20T21:35:20.744+0000] {dag.py:3239} INFO - Sync 1 DAGs
[2025-06-20T21:35:20.758+0000] {logging_mixin.py:190} INFO - [2025-06-20T21:35:20.758+0000] {dag.py:4180} INFO - Setting next_dagrun for example_params_trigger_ui to None, run_after=None
[2025-06-20T21:35:20.782+0000] {processor.py:208} INFO - Processing /home/airflow/.local/lib/python3.12/site-packages/airflow/example_dags/example_params_trigger_ui.py took 0.097 seconds
[2025-06-20T21:35:51.586+0000] {processor.py:186} INFO - Started process (PID=1256) to work on /home/airflow/.local/lib/python3.12/site-packages/airflow/example_dags/example_params_trigger_ui.py
[2025-06-20T21:35:51.587+0000] {processor.py:914} INFO - Processing file /home/airflow/.local/lib/python3.12/site-packages/airflow/example_dags/example_params_trigger_ui.py for tasks to queue
[2025-06-20T21:35:51.590+0000] {logging_mixin.py:190} INFO - [2025-06-20T21:35:51.590+0000] {dagbag.py:588} INFO - Filling up the DagBag from /home/airflow/.local/lib/python3.12/site-packages/airflow/example_dags/example_params_trigger_ui.py
[2025-06-20T21:35:51.602+0000] {processor.py:925} INFO - DAG(s) 'example_params_trigger_ui' retrieved from /home/airflow/.local/lib/python3.12/site-packages/airflow/example_dags/example_params_trigger_ui.py
[2025-06-20T21:35:51.650+0000] {logging_mixin.py:190} INFO - [2025-06-20T21:35:51.650+0000] {dag.py:3239} INFO - Sync 1 DAGs
[2025-06-20T21:35:51.667+0000] {logging_mixin.py:190} INFO - [2025-06-20T21:35:51.667+0000] {dag.py:4180} INFO - Setting next_dagrun for example_params_trigger_ui to None, run_after=None
[2025-06-20T21:35:51.697+0000] {processor.py:208} INFO - Processing /home/airflow/.local/lib/python3.12/site-packages/airflow/example_dags/example_params_trigger_ui.py took 0.118 seconds
[2025-06-20T21:36:23.217+0000] {processor.py:186} INFO - Started process (PID=1320) to work on /home/airflow/.local/lib/python3.12/site-packages/airflow/example_dags/example_params_trigger_ui.py
[2025-06-20T21:36:23.218+0000] {processor.py:914} INFO - Processing file /home/airflow/.local/lib/python3.12/site-packages/airflow/example_dags/example_params_trigger_ui.py for tasks to queue
[2025-06-20T21:36:23.220+0000] {logging_mixin.py:190} INFO - [2025-06-20T21:36:23.220+0000] {dagbag.py:588} INFO - Filling up the DagBag from /home/airflow/.local/lib/python3.12/site-packages/airflow/example_dags/example_params_trigger_ui.py
[2025-06-20T21:36:23.231+0000] {processor.py:925} INFO - DAG(s) 'example_params_trigger_ui' retrieved from /home/airflow/.local/lib/python3.12/site-packages/airflow/example_dags/example_params_trigger_ui.py
[2025-06-20T21:36:23.271+0000] {logging_mixin.py:190} INFO - [2025-06-20T21:36:23.271+0000] {dag.py:3239} INFO - Sync 1 DAGs
[2025-06-20T21:36:23.284+0000] {logging_mixin.py:190} INFO - [2025-06-20T21:36:23.284+0000] {dag.py:4180} INFO - Setting next_dagrun for example_params_trigger_ui to None, run_after=None
[2025-06-20T21:36:23.357+0000] {processor.py:208} INFO - Processing /home/airflow/.local/lib/python3.12/site-packages/airflow/example_dags/example_params_trigger_ui.py took 0.146 seconds
[2025-06-20T21:36:54.887+0000] {processor.py:186} INFO - Started process (PID=1384) to work on /home/airflow/.local/lib/python3.12/site-packages/airflow/example_dags/example_params_trigger_ui.py
[2025-06-20T21:36:54.888+0000] {processor.py:914} INFO - Processing file /home/airflow/.local/lib/python3.12/site-packages/airflow/example_dags/example_params_trigger_ui.py for tasks to queue
[2025-06-20T21:36:54.891+0000] {logging_mixin.py:190} INFO - [2025-06-20T21:36:54.890+0000] {dagbag.py:588} INFO - Filling up the DagBag from /home/airflow/.local/lib/python3.12/site-packages/airflow/example_dags/example_params_trigger_ui.py
[2025-06-20T21:36:54.905+0000] {processor.py:925} INFO - DAG(s) 'example_params_trigger_ui' retrieved from /home/airflow/.local/lib/python3.12/site-packages/airflow/example_dags/example_params_trigger_ui.py
[2025-06-20T21:36:54.951+0000] {logging_mixin.py:190} INFO - [2025-06-20T21:36:54.951+0000] {dag.py:3239} INFO - Sync 1 DAGs
[2025-06-20T21:36:54.970+0000] {logging_mixin.py:190} INFO - [2025-06-20T21:36:54.970+0000] {dag.py:4180} INFO - Setting next_dagrun for example_params_trigger_ui to None, run_after=None
[2025-06-20T21:36:55.034+0000] {processor.py:208} INFO - Processing /home/airflow/.local/lib/python3.12/site-packages/airflow/example_dags/example_params_trigger_ui.py took 0.155 seconds
[2025-06-20T21:37:25.755+0000] {processor.py:186} INFO - Started process (PID=1443) to work on /home/airflow/.local/lib/python3.12/site-packages/airflow/example_dags/example_params_trigger_ui.py
[2025-06-20T21:37:25.757+0000] {processor.py:914} INFO - Processing file /home/airflow/.local/lib/python3.12/site-packages/airflow/example_dags/example_params_trigger_ui.py for tasks to queue
[2025-06-20T21:37:25.759+0000] {logging_mixin.py:190} INFO - [2025-06-20T21:37:25.758+0000] {dagbag.py:588} INFO - Filling up the DagBag from /home/airflow/.local/lib/python3.12/site-packages/airflow/example_dags/example_params_trigger_ui.py
[2025-06-20T21:37:25.769+0000] {processor.py:925} INFO - DAG(s) 'example_params_trigger_ui' retrieved from /home/airflow/.local/lib/python3.12/site-packages/airflow/example_dags/example_params_trigger_ui.py
[2025-06-20T21:37:25.815+0000] {logging_mixin.py:190} INFO - [2025-06-20T21:37:25.815+0000] {dag.py:3239} INFO - Sync 1 DAGs
[2025-06-20T21:37:25.832+0000] {logging_mixin.py:190} INFO - [2025-06-20T21:37:25.832+0000] {dag.py:4180} INFO - Setting next_dagrun for example_params_trigger_ui to None, run_after=None
[2025-06-20T21:37:25.863+0000] {processor.py:208} INFO - Processing /home/airflow/.local/lib/python3.12/site-packages/airflow/example_dags/example_params_trigger_ui.py took 0.113 seconds
[2025-06-20T21:37:57.444+0000] {processor.py:186} INFO - Started process (PID=1507) to work on /home/airflow/.local/lib/python3.12/site-packages/airflow/example_dags/example_params_trigger_ui.py
[2025-06-20T21:37:57.445+0000] {processor.py:914} INFO - Processing file /home/airflow/.local/lib/python3.12/site-packages/airflow/example_dags/example_params_trigger_ui.py for tasks to queue
[2025-06-20T21:37:57.447+0000] {logging_mixin.py:190} INFO - [2025-06-20T21:37:57.447+0000] {dagbag.py:588} INFO - Filling up the DagBag from /home/airflow/.local/lib/python3.12/site-packages/airflow/example_dags/example_params_trigger_ui.py
[2025-06-20T21:37:57.459+0000] {processor.py:925} INFO - DAG(s) 'example_params_trigger_ui' retrieved from /home/airflow/.local/lib/python3.12/site-packages/airflow/example_dags/example_params_trigger_ui.py
[2025-06-20T21:37:57.504+0000] {logging_mixin.py:190} INFO - [2025-06-20T21:37:57.503+0000] {dag.py:3239} INFO - Sync 1 DAGs
[2025-06-20T21:37:57.519+0000] {logging_mixin.py:190} INFO - [2025-06-20T21:37:57.519+0000] {dag.py:4180} INFO - Setting next_dagrun for example_params_trigger_ui to None, run_after=None
[2025-06-20T21:37:57.546+0000] {processor.py:208} INFO - Processing /home/airflow/.local/lib/python3.12/site-packages/airflow/example_dags/example_params_trigger_ui.py took 0.108 seconds
[2025-06-20T21:38:29.192+0000] {processor.py:186} INFO - Started process (PID=1571) to work on /home/airflow/.local/lib/python3.12/site-packages/airflow/example_dags/example_params_trigger_ui.py
[2025-06-20T21:38:29.193+0000] {processor.py:914} INFO - Processing file /home/airflow/.local/lib/python3.12/site-packages/airflow/example_dags/example_params_trigger_ui.py for tasks to queue
[2025-06-20T21:38:29.197+0000] {logging_mixin.py:190} INFO - [2025-06-20T21:38:29.197+0000] {dagbag.py:588} INFO - Filling up the DagBag from /home/airflow/.local/lib/python3.12/site-packages/airflow/example_dags/example_params_trigger_ui.py
[2025-06-20T21:38:29.211+0000] {processor.py:925} INFO - DAG(s) 'example_params_trigger_ui' retrieved from /home/airflow/.local/lib/python3.12/site-packages/airflow/example_dags/example_params_trigger_ui.py
[2025-06-20T21:38:29.260+0000] {logging_mixin.py:190} INFO - [2025-06-20T21:38:29.259+0000] {dag.py:3239} INFO - Sync 1 DAGs
[2025-06-20T21:38:29.277+0000] {logging_mixin.py:190} INFO - [2025-06-20T21:38:29.277+0000] {dag.py:4180} INFO - Setting next_dagrun for example_params_trigger_ui to None, run_after=None
[2025-06-20T21:38:29.311+0000] {processor.py:208} INFO - Processing /home/airflow/.local/lib/python3.12/site-packages/airflow/example_dags/example_params_trigger_ui.py took 0.128 seconds
[2025-06-20T21:39:00.524+0000] {processor.py:186} INFO - Started process (PID=1635) to work on /home/airflow/.local/lib/python3.12/site-packages/airflow/example_dags/example_params_trigger_ui.py
[2025-06-20T21:39:00.525+0000] {processor.py:914} INFO - Processing file /home/airflow/.local/lib/python3.12/site-packages/airflow/example_dags/example_params_trigger_ui.py for tasks to queue
[2025-06-20T21:39:00.529+0000] {logging_mixin.py:190} INFO - [2025-06-20T21:39:00.528+0000] {dagbag.py:588} INFO - Filling up the DagBag from /home/airflow/.local/lib/python3.12/site-packages/airflow/example_dags/example_params_trigger_ui.py
[2025-06-20T21:39:00.542+0000] {processor.py:925} INFO - DAG(s) 'example_params_trigger_ui' retrieved from /home/airflow/.local/lib/python3.12/site-packages/airflow/example_dags/example_params_trigger_ui.py
[2025-06-20T21:39:00.596+0000] {logging_mixin.py:190} INFO - [2025-06-20T21:39:00.596+0000] {dag.py:3239} INFO - Sync 1 DAGs
[2025-06-20T21:39:00.613+0000] {logging_mixin.py:190} INFO - [2025-06-20T21:39:00.613+0000] {dag.py:4180} INFO - Setting next_dagrun for example_params_trigger_ui to None, run_after=None
[2025-06-20T21:39:00.642+0000] {processor.py:208} INFO - Processing /home/airflow/.local/lib/python3.12/site-packages/airflow/example_dags/example_params_trigger_ui.py took 0.125 seconds
[2025-06-20T21:39:31.256+0000] {processor.py:186} INFO - Started process (PID=1699) to work on /home/airflow/.local/lib/python3.12/site-packages/airflow/example_dags/example_params_trigger_ui.py
[2025-06-20T21:39:31.257+0000] {processor.py:914} INFO - Processing file /home/airflow/.local/lib/python3.12/site-packages/airflow/example_dags/example_params_trigger_ui.py for tasks to queue
[2025-06-20T21:39:31.259+0000] {logging_mixin.py:190} INFO - [2025-06-20T21:39:31.258+0000] {dagbag.py:588} INFO - Filling up the DagBag from /home/airflow/.local/lib/python3.12/site-packages/airflow/example_dags/example_params_trigger_ui.py
[2025-06-20T21:39:31.268+0000] {processor.py:925} INFO - DAG(s) 'example_params_trigger_ui' retrieved from /home/airflow/.local/lib/python3.12/site-packages/airflow/example_dags/example_params_trigger_ui.py
[2025-06-20T21:39:31.309+0000] {logging_mixin.py:190} INFO - [2025-06-20T21:39:31.309+0000] {dag.py:3239} INFO - Sync 1 DAGs
[2025-06-20T21:39:31.323+0000] {logging_mixin.py:190} INFO - [2025-06-20T21:39:31.323+0000] {dag.py:4180} INFO - Setting next_dagrun for example_params_trigger_ui to None, run_after=None
[2025-06-20T21:39:31.365+0000] {processor.py:208} INFO - Processing /home/airflow/.local/lib/python3.12/site-packages/airflow/example_dags/example_params_trigger_ui.py took 0.114 seconds
[2025-06-20T21:40:03.269+0000] {processor.py:186} INFO - Started process (PID=1757) to work on /home/airflow/.local/lib/python3.12/site-packages/airflow/example_dags/example_params_trigger_ui.py
[2025-06-20T21:40:03.270+0000] {processor.py:914} INFO - Processing file /home/airflow/.local/lib/python3.12/site-packages/airflow/example_dags/example_params_trigger_ui.py for tasks to queue
[2025-06-20T21:40:03.272+0000] {logging_mixin.py:190} INFO - [2025-06-20T21:40:03.272+0000] {dagbag.py:588} INFO - Filling up the DagBag from /home/airflow/.local/lib/python3.12/site-packages/airflow/example_dags/example_params_trigger_ui.py
[2025-06-20T21:40:03.282+0000] {processor.py:925} INFO - DAG(s) 'example_params_trigger_ui' retrieved from /home/airflow/.local/lib/python3.12/site-packages/airflow/example_dags/example_params_trigger_ui.py
[2025-06-20T21:40:03.320+0000] {logging_mixin.py:190} INFO - [2025-06-20T21:40:03.320+0000] {dag.py:3239} INFO - Sync 1 DAGs
[2025-06-20T21:40:03.336+0000] {logging_mixin.py:190} INFO - [2025-06-20T21:40:03.335+0000] {dag.py:4180} INFO - Setting next_dagrun for example_params_trigger_ui to None, run_after=None
[2025-06-20T21:40:03.359+0000] {processor.py:208} INFO - Processing /home/airflow/.local/lib/python3.12/site-packages/airflow/example_dags/example_params_trigger_ui.py took 0.094 seconds
[2025-06-20T21:40:34.185+0000] {processor.py:186} INFO - Started process (PID=1821) to work on /home/airflow/.local/lib/python3.12/site-packages/airflow/example_dags/example_params_trigger_ui.py
[2025-06-20T21:40:34.186+0000] {processor.py:914} INFO - Processing file /home/airflow/.local/lib/python3.12/site-packages/airflow/example_dags/example_params_trigger_ui.py for tasks to queue
[2025-06-20T21:40:34.189+0000] {logging_mixin.py:190} INFO - [2025-06-20T21:40:34.188+0000] {dagbag.py:588} INFO - Filling up the DagBag from /home/airflow/.local/lib/python3.12/site-packages/airflow/example_dags/example_params_trigger_ui.py
[2025-06-20T21:40:34.198+0000] {processor.py:925} INFO - DAG(s) 'example_params_trigger_ui' retrieved from /home/airflow/.local/lib/python3.12/site-packages/airflow/example_dags/example_params_trigger_ui.py
[2025-06-20T21:40:34.236+0000] {logging_mixin.py:190} INFO - [2025-06-20T21:40:34.236+0000] {dag.py:3239} INFO - Sync 1 DAGs
[2025-06-20T21:40:34.252+0000] {logging_mixin.py:190} INFO - [2025-06-20T21:40:34.251+0000] {dag.py:4180} INFO - Setting next_dagrun for example_params_trigger_ui to None, run_after=None
[2025-06-20T21:40:34.275+0000] {processor.py:208} INFO - Processing /home/airflow/.local/lib/python3.12/site-packages/airflow/example_dags/example_params_trigger_ui.py took 0.095 seconds
[2025-06-20T21:41:04.362+0000] {processor.py:186} INFO - Started process (PID=1884) to work on /home/airflow/.local/lib/python3.12/site-packages/airflow/example_dags/example_params_trigger_ui.py
[2025-06-20T21:41:04.363+0000] {processor.py:914} INFO - Processing file /home/airflow/.local/lib/python3.12/site-packages/airflow/example_dags/example_params_trigger_ui.py for tasks to queue
[2025-06-20T21:41:04.365+0000] {logging_mixin.py:190} INFO - [2025-06-20T21:41:04.365+0000] {dagbag.py:588} INFO - Filling up the DagBag from /home/airflow/.local/lib/python3.12/site-packages/airflow/example_dags/example_params_trigger_ui.py
[2025-06-20T21:41:04.374+0000] {processor.py:925} INFO - DAG(s) 'example_params_trigger_ui' retrieved from /home/airflow/.local/lib/python3.12/site-packages/airflow/example_dags/example_params_trigger_ui.py
[2025-06-20T21:41:04.419+0000] {logging_mixin.py:190} INFO - [2025-06-20T21:41:04.419+0000] {dag.py:3239} INFO - Sync 1 DAGs
[2025-06-20T21:41:04.437+0000] {logging_mixin.py:190} INFO - [2025-06-20T21:41:04.437+0000] {dag.py:4180} INFO - Setting next_dagrun for example_params_trigger_ui to None, run_after=None
[2025-06-20T21:41:04.475+0000] {processor.py:208} INFO - Processing /home/airflow/.local/lib/python3.12/site-packages/airflow/example_dags/example_params_trigger_ui.py took 0.118 seconds
[2025-06-20T21:41:35.293+0000] {processor.py:186} INFO - Started process (PID=1944) to work on /home/airflow/.local/lib/python3.12/site-packages/airflow/example_dags/example_params_trigger_ui.py
[2025-06-20T21:41:35.294+0000] {processor.py:914} INFO - Processing file /home/airflow/.local/lib/python3.12/site-packages/airflow/example_dags/example_params_trigger_ui.py for tasks to queue
[2025-06-20T21:41:35.296+0000] {logging_mixin.py:190} INFO - [2025-06-20T21:41:35.296+0000] {dagbag.py:588} INFO - Filling up the DagBag from /home/airflow/.local/lib/python3.12/site-packages/airflow/example_dags/example_params_trigger_ui.py
[2025-06-20T21:41:35.306+0000] {processor.py:925} INFO - DAG(s) 'example_params_trigger_ui' retrieved from /home/airflow/.local/lib/python3.12/site-packages/airflow/example_dags/example_params_trigger_ui.py
[2025-06-20T21:41:35.343+0000] {logging_mixin.py:190} INFO - [2025-06-20T21:41:35.343+0000] {dag.py:3239} INFO - Sync 1 DAGs
[2025-06-20T21:41:35.357+0000] {logging_mixin.py:190} INFO - [2025-06-20T21:41:35.357+0000] {dag.py:4180} INFO - Setting next_dagrun for example_params_trigger_ui to None, run_after=None
[2025-06-20T21:41:35.382+0000] {processor.py:208} INFO - Processing /home/airflow/.local/lib/python3.12/site-packages/airflow/example_dags/example_params_trigger_ui.py took 0.094 seconds
[2025-06-20T21:42:08.009+0000] {processor.py:186} INFO - Started process (PID=2015) to work on /home/airflow/.local/lib/python3.12/site-packages/airflow/example_dags/example_params_trigger_ui.py
[2025-06-20T21:42:08.010+0000] {processor.py:914} INFO - Processing file /home/airflow/.local/lib/python3.12/site-packages/airflow/example_dags/example_params_trigger_ui.py for tasks to queue
[2025-06-20T21:42:08.012+0000] {logging_mixin.py:190} INFO - [2025-06-20T21:42:08.011+0000] {dagbag.py:588} INFO - Filling up the DagBag from /home/airflow/.local/lib/python3.12/site-packages/airflow/example_dags/example_params_trigger_ui.py
[2025-06-20T21:42:08.020+0000] {processor.py:925} INFO - DAG(s) 'example_params_trigger_ui' retrieved from /home/airflow/.local/lib/python3.12/site-packages/airflow/example_dags/example_params_trigger_ui.py
[2025-06-20T21:42:08.064+0000] {logging_mixin.py:190} INFO - [2025-06-20T21:42:08.064+0000] {dag.py:3239} INFO - Sync 1 DAGs
[2025-06-20T21:42:08.079+0000] {logging_mixin.py:190} INFO - [2025-06-20T21:42:08.078+0000] {dag.py:4180} INFO - Setting next_dagrun for example_params_trigger_ui to None, run_after=None
[2025-06-20T21:42:08.115+0000] {processor.py:208} INFO - Processing /home/airflow/.local/lib/python3.12/site-packages/airflow/example_dags/example_params_trigger_ui.py took 0.111 seconds
[2025-06-20T21:42:39.407+0000] {processor.py:186} INFO - Started process (PID=2079) to work on /home/airflow/.local/lib/python3.12/site-packages/airflow/example_dags/example_params_trigger_ui.py
[2025-06-20T21:42:39.408+0000] {processor.py:914} INFO - Processing file /home/airflow/.local/lib/python3.12/site-packages/airflow/example_dags/example_params_trigger_ui.py for tasks to queue
[2025-06-20T21:42:39.410+0000] {logging_mixin.py:190} INFO - [2025-06-20T21:42:39.410+0000] {dagbag.py:588} INFO - Filling up the DagBag from /home/airflow/.local/lib/python3.12/site-packages/airflow/example_dags/example_params_trigger_ui.py
[2025-06-20T21:42:39.423+0000] {processor.py:925} INFO - DAG(s) 'example_params_trigger_ui' retrieved from /home/airflow/.local/lib/python3.12/site-packages/airflow/example_dags/example_params_trigger_ui.py
[2025-06-20T21:42:39.467+0000] {logging_mixin.py:190} INFO - [2025-06-20T21:42:39.467+0000] {dag.py:3239} INFO - Sync 1 DAGs
[2025-06-20T21:42:39.483+0000] {logging_mixin.py:190} INFO - [2025-06-20T21:42:39.483+0000] {dag.py:4180} INFO - Setting next_dagrun for example_params_trigger_ui to None, run_after=None
[2025-06-20T21:42:39.515+0000] {processor.py:208} INFO - Processing /home/airflow/.local/lib/python3.12/site-packages/airflow/example_dags/example_params_trigger_ui.py took 0.114 seconds
[2025-06-20T21:43:11.030+0000] {processor.py:186} INFO - Started process (PID=2143) to work on /home/airflow/.local/lib/python3.12/site-packages/airflow/example_dags/example_params_trigger_ui.py
[2025-06-20T21:43:11.032+0000] {processor.py:914} INFO - Processing file /home/airflow/.local/lib/python3.12/site-packages/airflow/example_dags/example_params_trigger_ui.py for tasks to queue
[2025-06-20T21:43:11.034+0000] {logging_mixin.py:190} INFO - [2025-06-20T21:43:11.034+0000] {dagbag.py:588} INFO - Filling up the DagBag from /home/airflow/.local/lib/python3.12/site-packages/airflow/example_dags/example_params_trigger_ui.py
[2025-06-20T21:43:11.047+0000] {processor.py:925} INFO - DAG(s) 'example_params_trigger_ui' retrieved from /home/airflow/.local/lib/python3.12/site-packages/airflow/example_dags/example_params_trigger_ui.py
[2025-06-20T21:43:11.088+0000] {logging_mixin.py:190} INFO - [2025-06-20T21:43:11.088+0000] {dag.py:3239} INFO - Sync 1 DAGs
[2025-06-20T21:43:11.105+0000] {logging_mixin.py:190} INFO - [2025-06-20T21:43:11.104+0000] {dag.py:4180} INFO - Setting next_dagrun for example_params_trigger_ui to None, run_after=None
[2025-06-20T21:43:11.132+0000] {processor.py:208} INFO - Processing /home/airflow/.local/lib/python3.12/site-packages/airflow/example_dags/example_params_trigger_ui.py took 0.107 seconds
[2025-06-20T21:43:42.255+0000] {processor.py:186} INFO - Started process (PID=2209) to work on /home/airflow/.local/lib/python3.12/site-packages/airflow/example_dags/example_params_trigger_ui.py
[2025-06-20T21:43:42.256+0000] {processor.py:914} INFO - Processing file /home/airflow/.local/lib/python3.12/site-packages/airflow/example_dags/example_params_trigger_ui.py for tasks to queue
[2025-06-20T21:43:42.258+0000] {logging_mixin.py:190} INFO - [2025-06-20T21:43:42.258+0000] {dagbag.py:588} INFO - Filling up the DagBag from /home/airflow/.local/lib/python3.12/site-packages/airflow/example_dags/example_params_trigger_ui.py
[2025-06-20T21:43:42.268+0000] {processor.py:925} INFO - DAG(s) 'example_params_trigger_ui' retrieved from /home/airflow/.local/lib/python3.12/site-packages/airflow/example_dags/example_params_trigger_ui.py
[2025-06-20T21:43:42.310+0000] {logging_mixin.py:190} INFO - [2025-06-20T21:43:42.310+0000] {dag.py:3239} INFO - Sync 1 DAGs
[2025-06-20T21:43:42.329+0000] {logging_mixin.py:190} INFO - [2025-06-20T21:43:42.328+0000] {dag.py:4180} INFO - Setting next_dagrun for example_params_trigger_ui to None, run_after=None
[2025-06-20T21:43:42.430+0000] {processor.py:208} INFO - Processing /home/airflow/.local/lib/python3.12/site-packages/airflow/example_dags/example_params_trigger_ui.py took 0.181 seconds
[2025-06-20T21:44:13.605+0000] {processor.py:186} INFO - Started process (PID=2279) to work on /home/airflow/.local/lib/python3.12/site-packages/airflow/example_dags/example_params_trigger_ui.py
[2025-06-20T21:44:13.606+0000] {processor.py:914} INFO - Processing file /home/airflow/.local/lib/python3.12/site-packages/airflow/example_dags/example_params_trigger_ui.py for tasks to queue
[2025-06-20T21:44:13.609+0000] {logging_mixin.py:190} INFO - [2025-06-20T21:44:13.608+0000] {dagbag.py:588} INFO - Filling up the DagBag from /home/airflow/.local/lib/python3.12/site-packages/airflow/example_dags/example_params_trigger_ui.py
[2025-06-20T21:44:13.620+0000] {processor.py:925} INFO - DAG(s) 'example_params_trigger_ui' retrieved from /home/airflow/.local/lib/python3.12/site-packages/airflow/example_dags/example_params_trigger_ui.py
[2025-06-20T21:44:13.666+0000] {logging_mixin.py:190} INFO - [2025-06-20T21:44:13.666+0000] {dag.py:3239} INFO - Sync 1 DAGs
[2025-06-20T21:44:13.683+0000] {logging_mixin.py:190} INFO - [2025-06-20T21:44:13.682+0000] {dag.py:4180} INFO - Setting next_dagrun for example_params_trigger_ui to None, run_after=None
[2025-06-20T21:44:13.714+0000] {processor.py:208} INFO - Processing /home/airflow/.local/lib/python3.12/site-packages/airflow/example_dags/example_params_trigger_ui.py took 0.114 seconds
[2025-06-20T21:44:45.325+0000] {processor.py:186} INFO - Started process (PID=2343) to work on /home/airflow/.local/lib/python3.12/site-packages/airflow/example_dags/example_params_trigger_ui.py
[2025-06-20T21:44:45.326+0000] {processor.py:914} INFO - Processing file /home/airflow/.local/lib/python3.12/site-packages/airflow/example_dags/example_params_trigger_ui.py for tasks to queue
[2025-06-20T21:44:45.328+0000] {logging_mixin.py:190} INFO - [2025-06-20T21:44:45.328+0000] {dagbag.py:588} INFO - Filling up the DagBag from /home/airflow/.local/lib/python3.12/site-packages/airflow/example_dags/example_params_trigger_ui.py
[2025-06-20T21:44:45.340+0000] {processor.py:925} INFO - DAG(s) 'example_params_trigger_ui' retrieved from /home/airflow/.local/lib/python3.12/site-packages/airflow/example_dags/example_params_trigger_ui.py
[2025-06-20T21:44:45.384+0000] {logging_mixin.py:190} INFO - [2025-06-20T21:44:45.384+0000] {dag.py:3239} INFO - Sync 1 DAGs
[2025-06-20T21:44:45.399+0000] {logging_mixin.py:190} INFO - [2025-06-20T21:44:45.399+0000] {dag.py:4180} INFO - Setting next_dagrun for example_params_trigger_ui to None, run_after=None
[2025-06-20T21:44:45.493+0000] {processor.py:208} INFO - Processing /home/airflow/.local/lib/python3.12/site-packages/airflow/example_dags/example_params_trigger_ui.py took 0.175 seconds
[2025-06-20T21:45:17.162+0000] {processor.py:186} INFO - Started process (PID=2407) to work on /home/airflow/.local/lib/python3.12/site-packages/airflow/example_dags/example_params_trigger_ui.py
[2025-06-20T21:45:17.163+0000] {processor.py:914} INFO - Processing file /home/airflow/.local/lib/python3.12/site-packages/airflow/example_dags/example_params_trigger_ui.py for tasks to queue
[2025-06-20T21:45:17.165+0000] {logging_mixin.py:190} INFO - [2025-06-20T21:45:17.165+0000] {dagbag.py:588} INFO - Filling up the DagBag from /home/airflow/.local/lib/python3.12/site-packages/airflow/example_dags/example_params_trigger_ui.py
[2025-06-20T21:45:17.176+0000] {processor.py:925} INFO - DAG(s) 'example_params_trigger_ui' retrieved from /home/airflow/.local/lib/python3.12/site-packages/airflow/example_dags/example_params_trigger_ui.py
[2025-06-20T21:45:17.218+0000] {logging_mixin.py:190} INFO - [2025-06-20T21:45:17.218+0000] {dag.py:3239} INFO - Sync 1 DAGs
[2025-06-20T21:45:17.232+0000] {logging_mixin.py:190} INFO - [2025-06-20T21:45:17.231+0000] {dag.py:4180} INFO - Setting next_dagrun for example_params_trigger_ui to None, run_after=None
[2025-06-20T21:45:17.257+0000] {processor.py:208} INFO - Processing /home/airflow/.local/lib/python3.12/site-packages/airflow/example_dags/example_params_trigger_ui.py took 0.100 seconds
[2025-06-20T21:45:49.243+0000] {processor.py:186} INFO - Started process (PID=2471) to work on /home/airflow/.local/lib/python3.12/site-packages/airflow/example_dags/example_params_trigger_ui.py
[2025-06-20T21:45:49.244+0000] {processor.py:914} INFO - Processing file /home/airflow/.local/lib/python3.12/site-packages/airflow/example_dags/example_params_trigger_ui.py for tasks to queue
[2025-06-20T21:45:49.246+0000] {logging_mixin.py:190} INFO - [2025-06-20T21:45:49.246+0000] {dagbag.py:588} INFO - Filling up the DagBag from /home/airflow/.local/lib/python3.12/site-packages/airflow/example_dags/example_params_trigger_ui.py
[2025-06-20T21:45:49.261+0000] {processor.py:925} INFO - DAG(s) 'example_params_trigger_ui' retrieved from /home/airflow/.local/lib/python3.12/site-packages/airflow/example_dags/example_params_trigger_ui.py
[2025-06-20T21:45:49.312+0000] {logging_mixin.py:190} INFO - [2025-06-20T21:45:49.312+0000] {dag.py:3239} INFO - Sync 1 DAGs
[2025-06-20T21:45:49.329+0000] {logging_mixin.py:190} INFO - [2025-06-20T21:45:49.329+0000] {dag.py:4180} INFO - Setting next_dagrun for example_params_trigger_ui to None, run_after=None
[2025-06-20T21:45:49.422+0000] {processor.py:208} INFO - Processing /home/airflow/.local/lib/python3.12/site-packages/airflow/example_dags/example_params_trigger_ui.py took 0.186 seconds
[2025-06-20T21:46:20.736+0000] {processor.py:186} INFO - Started process (PID=2535) to work on /home/airflow/.local/lib/python3.12/site-packages/airflow/example_dags/example_params_trigger_ui.py
[2025-06-20T21:46:20.738+0000] {processor.py:914} INFO - Processing file /home/airflow/.local/lib/python3.12/site-packages/airflow/example_dags/example_params_trigger_ui.py for tasks to queue
[2025-06-20T21:46:20.740+0000] {logging_mixin.py:190} INFO - [2025-06-20T21:46:20.740+0000] {dagbag.py:588} INFO - Filling up the DagBag from /home/airflow/.local/lib/python3.12/site-packages/airflow/example_dags/example_params_trigger_ui.py
[2025-06-20T21:46:20.751+0000] {processor.py:925} INFO - DAG(s) 'example_params_trigger_ui' retrieved from /home/airflow/.local/lib/python3.12/site-packages/airflow/example_dags/example_params_trigger_ui.py
[2025-06-20T21:46:20.795+0000] {logging_mixin.py:190} INFO - [2025-06-20T21:46:20.795+0000] {dag.py:3239} INFO - Sync 1 DAGs
[2025-06-20T21:46:20.808+0000] {logging_mixin.py:190} INFO - [2025-06-20T21:46:20.808+0000] {dag.py:4180} INFO - Setting next_dagrun for example_params_trigger_ui to None, run_after=None
[2025-06-20T21:46:20.845+0000] {processor.py:208} INFO - Processing /home/airflow/.local/lib/python3.12/site-packages/airflow/example_dags/example_params_trigger_ui.py took 0.114 seconds
[2025-06-20T21:46:51.913+0000] {processor.py:186} INFO - Started process (PID=2599) to work on /home/airflow/.local/lib/python3.12/site-packages/airflow/example_dags/example_params_trigger_ui.py
[2025-06-20T21:46:51.914+0000] {processor.py:914} INFO - Processing file /home/airflow/.local/lib/python3.12/site-packages/airflow/example_dags/example_params_trigger_ui.py for tasks to queue
[2025-06-20T21:46:51.917+0000] {logging_mixin.py:190} INFO - [2025-06-20T21:46:51.917+0000] {dagbag.py:588} INFO - Filling up the DagBag from /home/airflow/.local/lib/python3.12/site-packages/airflow/example_dags/example_params_trigger_ui.py
[2025-06-20T21:46:51.926+0000] {processor.py:925} INFO - DAG(s) 'example_params_trigger_ui' retrieved from /home/airflow/.local/lib/python3.12/site-packages/airflow/example_dags/example_params_trigger_ui.py
[2025-06-20T21:46:51.966+0000] {logging_mixin.py:190} INFO - [2025-06-20T21:46:51.966+0000] {dag.py:3239} INFO - Sync 1 DAGs
[2025-06-20T21:46:51.980+0000] {logging_mixin.py:190} INFO - [2025-06-20T21:46:51.980+0000] {dag.py:4180} INFO - Setting next_dagrun for example_params_trigger_ui to None, run_after=None
[2025-06-20T21:46:52.023+0000] {processor.py:208} INFO - Processing /home/airflow/.local/lib/python3.12/site-packages/airflow/example_dags/example_params_trigger_ui.py took 0.114 seconds
[2025-06-20T21:47:23.310+0000] {processor.py:186} INFO - Started process (PID=2663) to work on /home/airflow/.local/lib/python3.12/site-packages/airflow/example_dags/example_params_trigger_ui.py
[2025-06-20T21:47:23.311+0000] {processor.py:914} INFO - Processing file /home/airflow/.local/lib/python3.12/site-packages/airflow/example_dags/example_params_trigger_ui.py for tasks to queue
[2025-06-20T21:47:23.315+0000] {logging_mixin.py:190} INFO - [2025-06-20T21:47:23.314+0000] {dagbag.py:588} INFO - Filling up the DagBag from /home/airflow/.local/lib/python3.12/site-packages/airflow/example_dags/example_params_trigger_ui.py
[2025-06-20T21:47:23.328+0000] {processor.py:925} INFO - DAG(s) 'example_params_trigger_ui' retrieved from /home/airflow/.local/lib/python3.12/site-packages/airflow/example_dags/example_params_trigger_ui.py
[2025-06-20T21:47:23.373+0000] {logging_mixin.py:190} INFO - [2025-06-20T21:47:23.373+0000] {dag.py:3239} INFO - Sync 1 DAGs
[2025-06-20T21:47:23.388+0000] {logging_mixin.py:190} INFO - [2025-06-20T21:47:23.388+0000] {dag.py:4180} INFO - Setting next_dagrun for example_params_trigger_ui to None, run_after=None
[2025-06-20T21:47:23.416+0000] {processor.py:208} INFO - Processing /home/airflow/.local/lib/python3.12/site-packages/airflow/example_dags/example_params_trigger_ui.py took 0.113 seconds
[2025-06-20T21:47:54.803+0000] {processor.py:186} INFO - Started process (PID=2727) to work on /home/airflow/.local/lib/python3.12/site-packages/airflow/example_dags/example_params_trigger_ui.py
[2025-06-20T21:47:54.804+0000] {processor.py:914} INFO - Processing file /home/airflow/.local/lib/python3.12/site-packages/airflow/example_dags/example_params_trigger_ui.py for tasks to queue
[2025-06-20T21:47:54.807+0000] {logging_mixin.py:190} INFO - [2025-06-20T21:47:54.806+0000] {dagbag.py:588} INFO - Filling up the DagBag from /home/airflow/.local/lib/python3.12/site-packages/airflow/example_dags/example_params_trigger_ui.py
[2025-06-20T21:47:54.820+0000] {processor.py:925} INFO - DAG(s) 'example_params_trigger_ui' retrieved from /home/airflow/.local/lib/python3.12/site-packages/airflow/example_dags/example_params_trigger_ui.py
[2025-06-20T21:47:54.879+0000] {logging_mixin.py:190} INFO - [2025-06-20T21:47:54.879+0000] {dag.py:3239} INFO - Sync 1 DAGs
[2025-06-20T21:47:54.894+0000] {logging_mixin.py:190} INFO - [2025-06-20T21:47:54.894+0000] {dag.py:4180} INFO - Setting next_dagrun for example_params_trigger_ui to None, run_after=None
[2025-06-20T21:47:54.921+0000] {processor.py:208} INFO - Processing /home/airflow/.local/lib/python3.12/site-packages/airflow/example_dags/example_params_trigger_ui.py took 0.126 seconds
[2025-06-20T21:48:26.186+0000] {processor.py:186} INFO - Started process (PID=2791) to work on /home/airflow/.local/lib/python3.12/site-packages/airflow/example_dags/example_params_trigger_ui.py
[2025-06-20T21:48:26.187+0000] {processor.py:914} INFO - Processing file /home/airflow/.local/lib/python3.12/site-packages/airflow/example_dags/example_params_trigger_ui.py for tasks to queue
[2025-06-20T21:48:26.189+0000] {logging_mixin.py:190} INFO - [2025-06-20T21:48:26.189+0000] {dagbag.py:588} INFO - Filling up the DagBag from /home/airflow/.local/lib/python3.12/site-packages/airflow/example_dags/example_params_trigger_ui.py
[2025-06-20T21:48:26.198+0000] {processor.py:925} INFO - DAG(s) 'example_params_trigger_ui' retrieved from /home/airflow/.local/lib/python3.12/site-packages/airflow/example_dags/example_params_trigger_ui.py
[2025-06-20T21:48:26.239+0000] {logging_mixin.py:190} INFO - [2025-06-20T21:48:26.239+0000] {dag.py:3239} INFO - Sync 1 DAGs
[2025-06-20T21:48:26.252+0000] {logging_mixin.py:190} INFO - [2025-06-20T21:48:26.252+0000] {dag.py:4180} INFO - Setting next_dagrun for example_params_trigger_ui to None, run_after=None
[2025-06-20T21:48:26.285+0000] {processor.py:208} INFO - Processing /home/airflow/.local/lib/python3.12/site-packages/airflow/example_dags/example_params_trigger_ui.py took 0.104 seconds
[2025-06-20T21:48:57.620+0000] {processor.py:186} INFO - Started process (PID=2855) to work on /home/airflow/.local/lib/python3.12/site-packages/airflow/example_dags/example_params_trigger_ui.py
[2025-06-20T21:48:57.622+0000] {processor.py:914} INFO - Processing file /home/airflow/.local/lib/python3.12/site-packages/airflow/example_dags/example_params_trigger_ui.py for tasks to queue
[2025-06-20T21:48:57.624+0000] {logging_mixin.py:190} INFO - [2025-06-20T21:48:57.623+0000] {dagbag.py:588} INFO - Filling up the DagBag from /home/airflow/.local/lib/python3.12/site-packages/airflow/example_dags/example_params_trigger_ui.py
[2025-06-20T21:48:57.634+0000] {processor.py:925} INFO - DAG(s) 'example_params_trigger_ui' retrieved from /home/airflow/.local/lib/python3.12/site-packages/airflow/example_dags/example_params_trigger_ui.py
[2025-06-20T21:48:57.676+0000] {logging_mixin.py:190} INFO - [2025-06-20T21:48:57.675+0000] {dag.py:3239} INFO - Sync 1 DAGs
[2025-06-20T21:48:57.690+0000] {logging_mixin.py:190} INFO - [2025-06-20T21:48:57.689+0000] {dag.py:4180} INFO - Setting next_dagrun for example_params_trigger_ui to None, run_after=None
[2025-06-20T21:48:57.723+0000] {processor.py:208} INFO - Processing /home/airflow/.local/lib/python3.12/site-packages/airflow/example_dags/example_params_trigger_ui.py took 0.108 seconds
[2025-06-20T21:49:28.972+0000] {processor.py:186} INFO - Started process (PID=2919) to work on /home/airflow/.local/lib/python3.12/site-packages/airflow/example_dags/example_params_trigger_ui.py
[2025-06-20T21:49:28.973+0000] {processor.py:914} INFO - Processing file /home/airflow/.local/lib/python3.12/site-packages/airflow/example_dags/example_params_trigger_ui.py for tasks to queue
[2025-06-20T21:49:28.975+0000] {logging_mixin.py:190} INFO - [2025-06-20T21:49:28.975+0000] {dagbag.py:588} INFO - Filling up the DagBag from /home/airflow/.local/lib/python3.12/site-packages/airflow/example_dags/example_params_trigger_ui.py
[2025-06-20T21:49:28.988+0000] {processor.py:925} INFO - DAG(s) 'example_params_trigger_ui' retrieved from /home/airflow/.local/lib/python3.12/site-packages/airflow/example_dags/example_params_trigger_ui.py
[2025-06-20T21:49:29.027+0000] {logging_mixin.py:190} INFO - [2025-06-20T21:49:29.026+0000] {dag.py:3239} INFO - Sync 1 DAGs
[2025-06-20T21:49:29.041+0000] {logging_mixin.py:190} INFO - [2025-06-20T21:49:29.041+0000] {dag.py:4180} INFO - Setting next_dagrun for example_params_trigger_ui to None, run_after=None
[2025-06-20T21:49:29.143+0000] {processor.py:208} INFO - Processing /home/airflow/.local/lib/python3.12/site-packages/airflow/example_dags/example_params_trigger_ui.py took 0.177 seconds
[2025-06-20T21:50:00.708+0000] {processor.py:186} INFO - Started process (PID=2983) to work on /home/airflow/.local/lib/python3.12/site-packages/airflow/example_dags/example_params_trigger_ui.py
[2025-06-20T21:50:00.709+0000] {processor.py:914} INFO - Processing file /home/airflow/.local/lib/python3.12/site-packages/airflow/example_dags/example_params_trigger_ui.py for tasks to queue
[2025-06-20T21:50:00.711+0000] {logging_mixin.py:190} INFO - [2025-06-20T21:50:00.711+0000] {dagbag.py:588} INFO - Filling up the DagBag from /home/airflow/.local/lib/python3.12/site-packages/airflow/example_dags/example_params_trigger_ui.py
[2025-06-20T21:50:00.720+0000] {processor.py:925} INFO - DAG(s) 'example_params_trigger_ui' retrieved from /home/airflow/.local/lib/python3.12/site-packages/airflow/example_dags/example_params_trigger_ui.py
[2025-06-20T21:50:00.762+0000] {logging_mixin.py:190} INFO - [2025-06-20T21:50:00.761+0000] {dag.py:3239} INFO - Sync 1 DAGs
[2025-06-20T21:50:00.775+0000] {logging_mixin.py:190} INFO - [2025-06-20T21:50:00.775+0000] {dag.py:4180} INFO - Setting next_dagrun for example_params_trigger_ui to None, run_after=None
[2025-06-20T21:50:00.801+0000] {processor.py:208} INFO - Processing /home/airflow/.local/lib/python3.12/site-packages/airflow/example_dags/example_params_trigger_ui.py took 0.099 seconds
[2025-06-20T21:50:33.443+0000] {processor.py:186} INFO - Started process (PID=3047) to work on /home/airflow/.local/lib/python3.12/site-packages/airflow/example_dags/example_params_trigger_ui.py
[2025-06-20T21:50:33.444+0000] {processor.py:914} INFO - Processing file /home/airflow/.local/lib/python3.12/site-packages/airflow/example_dags/example_params_trigger_ui.py for tasks to queue
[2025-06-20T21:50:33.446+0000] {logging_mixin.py:190} INFO - [2025-06-20T21:50:33.446+0000] {dagbag.py:588} INFO - Filling up the DagBag from /home/airflow/.local/lib/python3.12/site-packages/airflow/example_dags/example_params_trigger_ui.py
[2025-06-20T21:50:33.456+0000] {processor.py:925} INFO - DAG(s) 'example_params_trigger_ui' retrieved from /home/airflow/.local/lib/python3.12/site-packages/airflow/example_dags/example_params_trigger_ui.py
[2025-06-20T21:50:33.498+0000] {logging_mixin.py:190} INFO - [2025-06-20T21:50:33.498+0000] {dag.py:3239} INFO - Sync 1 DAGs
[2025-06-20T21:50:33.513+0000] {logging_mixin.py:190} INFO - [2025-06-20T21:50:33.513+0000] {dag.py:4180} INFO - Setting next_dagrun for example_params_trigger_ui to None, run_after=None
[2025-06-20T21:50:33.537+0000] {processor.py:208} INFO - Processing /home/airflow/.local/lib/python3.12/site-packages/airflow/example_dags/example_params_trigger_ui.py took 0.099 seconds
[2025-06-20T21:51:05.238+0000] {processor.py:186} INFO - Started process (PID=3111) to work on /home/airflow/.local/lib/python3.12/site-packages/airflow/example_dags/example_params_trigger_ui.py
[2025-06-20T21:51:05.239+0000] {processor.py:914} INFO - Processing file /home/airflow/.local/lib/python3.12/site-packages/airflow/example_dags/example_params_trigger_ui.py for tasks to queue
[2025-06-20T21:51:05.242+0000] {logging_mixin.py:190} INFO - [2025-06-20T21:51:05.242+0000] {dagbag.py:588} INFO - Filling up the DagBag from /home/airflow/.local/lib/python3.12/site-packages/airflow/example_dags/example_params_trigger_ui.py
[2025-06-20T21:51:05.253+0000] {processor.py:925} INFO - DAG(s) 'example_params_trigger_ui' retrieved from /home/airflow/.local/lib/python3.12/site-packages/airflow/example_dags/example_params_trigger_ui.py
[2025-06-20T21:51:05.299+0000] {logging_mixin.py:190} INFO - [2025-06-20T21:51:05.299+0000] {dag.py:3239} INFO - Sync 1 DAGs
[2025-06-20T21:51:05.531+0000] {logging_mixin.py:190} INFO - [2025-06-20T21:51:05.531+0000] {dag.py:4180} INFO - Setting next_dagrun for example_params_trigger_ui to None, run_after=None
[2025-06-20T21:51:05.580+0000] {processor.py:208} INFO - Processing /home/airflow/.local/lib/python3.12/site-packages/airflow/example_dags/example_params_trigger_ui.py took 0.348 seconds
[2025-06-20T21:51:35.869+0000] {processor.py:186} INFO - Started process (PID=3175) to work on /home/airflow/.local/lib/python3.12/site-packages/airflow/example_dags/example_params_trigger_ui.py
[2025-06-20T21:51:35.870+0000] {processor.py:914} INFO - Processing file /home/airflow/.local/lib/python3.12/site-packages/airflow/example_dags/example_params_trigger_ui.py for tasks to queue
[2025-06-20T21:51:35.872+0000] {logging_mixin.py:190} INFO - [2025-06-20T21:51:35.872+0000] {dagbag.py:588} INFO - Filling up the DagBag from /home/airflow/.local/lib/python3.12/site-packages/airflow/example_dags/example_params_trigger_ui.py
[2025-06-20T21:51:35.884+0000] {processor.py:925} INFO - DAG(s) 'example_params_trigger_ui' retrieved from /home/airflow/.local/lib/python3.12/site-packages/airflow/example_dags/example_params_trigger_ui.py
[2025-06-20T21:51:35.929+0000] {logging_mixin.py:190} INFO - [2025-06-20T21:51:35.929+0000] {dag.py:3239} INFO - Sync 1 DAGs
[2025-06-20T21:51:35.946+0000] {logging_mixin.py:190} INFO - [2025-06-20T21:51:35.946+0000] {dag.py:4180} INFO - Setting next_dagrun for example_params_trigger_ui to None, run_after=None
[2025-06-20T21:51:36.111+0000] {processor.py:208} INFO - Processing /home/airflow/.local/lib/python3.12/site-packages/airflow/example_dags/example_params_trigger_ui.py took 0.247 seconds
[2025-06-20T21:52:07.387+0000] {processor.py:186} INFO - Started process (PID=3240) to work on /home/airflow/.local/lib/python3.12/site-packages/airflow/example_dags/example_params_trigger_ui.py
[2025-06-20T21:52:07.388+0000] {processor.py:914} INFO - Processing file /home/airflow/.local/lib/python3.12/site-packages/airflow/example_dags/example_params_trigger_ui.py for tasks to queue
[2025-06-20T21:52:07.391+0000] {logging_mixin.py:190} INFO - [2025-06-20T21:52:07.390+0000] {dagbag.py:588} INFO - Filling up the DagBag from /home/airflow/.local/lib/python3.12/site-packages/airflow/example_dags/example_params_trigger_ui.py
[2025-06-20T21:52:07.402+0000] {processor.py:925} INFO - DAG(s) 'example_params_trigger_ui' retrieved from /home/airflow/.local/lib/python3.12/site-packages/airflow/example_dags/example_params_trigger_ui.py
[2025-06-20T21:52:07.445+0000] {logging_mixin.py:190} INFO - [2025-06-20T21:52:07.445+0000] {dag.py:3239} INFO - Sync 1 DAGs
[2025-06-20T21:52:07.463+0000] {logging_mixin.py:190} INFO - [2025-06-20T21:52:07.463+0000] {dag.py:4180} INFO - Setting next_dagrun for example_params_trigger_ui to None, run_after=None
[2025-06-20T21:52:07.494+0000] {processor.py:208} INFO - Processing /home/airflow/.local/lib/python3.12/site-packages/airflow/example_dags/example_params_trigger_ui.py took 0.112 seconds
[2025-06-20T21:52:38.641+0000] {processor.py:186} INFO - Started process (PID=3304) to work on /home/airflow/.local/lib/python3.12/site-packages/airflow/example_dags/example_params_trigger_ui.py
[2025-06-20T21:52:38.642+0000] {processor.py:914} INFO - Processing file /home/airflow/.local/lib/python3.12/site-packages/airflow/example_dags/example_params_trigger_ui.py for tasks to queue
[2025-06-20T21:52:38.645+0000] {logging_mixin.py:190} INFO - [2025-06-20T21:52:38.644+0000] {dagbag.py:588} INFO - Filling up the DagBag from /home/airflow/.local/lib/python3.12/site-packages/airflow/example_dags/example_params_trigger_ui.py
[2025-06-20T21:52:38.655+0000] {processor.py:925} INFO - DAG(s) 'example_params_trigger_ui' retrieved from /home/airflow/.local/lib/python3.12/site-packages/airflow/example_dags/example_params_trigger_ui.py
[2025-06-20T21:52:38.692+0000] {logging_mixin.py:190} INFO - [2025-06-20T21:52:38.692+0000] {dag.py:3239} INFO - Sync 1 DAGs
[2025-06-20T21:52:38.706+0000] {logging_mixin.py:190} INFO - [2025-06-20T21:52:38.706+0000] {dag.py:4180} INFO - Setting next_dagrun for example_params_trigger_ui to None, run_after=None
[2025-06-20T21:52:38.762+0000] {processor.py:208} INFO - Processing /home/airflow/.local/lib/python3.12/site-packages/airflow/example_dags/example_params_trigger_ui.py took 0.125 seconds
[2025-06-20T21:53:09.876+0000] {processor.py:186} INFO - Started process (PID=3369) to work on /home/airflow/.local/lib/python3.12/site-packages/airflow/example_dags/example_params_trigger_ui.py
[2025-06-20T21:53:09.877+0000] {processor.py:914} INFO - Processing file /home/airflow/.local/lib/python3.12/site-packages/airflow/example_dags/example_params_trigger_ui.py for tasks to queue
[2025-06-20T21:53:09.879+0000] {logging_mixin.py:190} INFO - [2025-06-20T21:53:09.879+0000] {dagbag.py:588} INFO - Filling up the DagBag from /home/airflow/.local/lib/python3.12/site-packages/airflow/example_dags/example_params_trigger_ui.py
[2025-06-20T21:53:09.889+0000] {processor.py:925} INFO - DAG(s) 'example_params_trigger_ui' retrieved from /home/airflow/.local/lib/python3.12/site-packages/airflow/example_dags/example_params_trigger_ui.py
[2025-06-20T21:53:09.930+0000] {logging_mixin.py:190} INFO - [2025-06-20T21:53:09.929+0000] {dag.py:3239} INFO - Sync 1 DAGs
[2025-06-20T21:53:09.943+0000] {logging_mixin.py:190} INFO - [2025-06-20T21:53:09.942+0000] {dag.py:4180} INFO - Setting next_dagrun for example_params_trigger_ui to None, run_after=None
[2025-06-20T21:53:09.965+0000] {processor.py:208} INFO - Processing /home/airflow/.local/lib/python3.12/site-packages/airflow/example_dags/example_params_trigger_ui.py took 0.095 seconds
[2025-06-20T21:53:40.945+0000] {processor.py:186} INFO - Started process (PID=3433) to work on /home/airflow/.local/lib/python3.12/site-packages/airflow/example_dags/example_params_trigger_ui.py
[2025-06-20T21:53:40.947+0000] {processor.py:914} INFO - Processing file /home/airflow/.local/lib/python3.12/site-packages/airflow/example_dags/example_params_trigger_ui.py for tasks to queue
[2025-06-20T21:53:40.950+0000] {logging_mixin.py:190} INFO - [2025-06-20T21:53:40.949+0000] {dagbag.py:588} INFO - Filling up the DagBag from /home/airflow/.local/lib/python3.12/site-packages/airflow/example_dags/example_params_trigger_ui.py
[2025-06-20T21:53:40.960+0000] {processor.py:925} INFO - DAG(s) 'example_params_trigger_ui' retrieved from /home/airflow/.local/lib/python3.12/site-packages/airflow/example_dags/example_params_trigger_ui.py
[2025-06-20T21:53:41.007+0000] {logging_mixin.py:190} INFO - [2025-06-20T21:53:41.006+0000] {dag.py:3239} INFO - Sync 1 DAGs
[2025-06-20T21:53:41.020+0000] {logging_mixin.py:190} INFO - [2025-06-20T21:53:41.020+0000] {dag.py:4180} INFO - Setting next_dagrun for example_params_trigger_ui to None, run_after=None
[2025-06-20T21:53:41.048+0000] {processor.py:208} INFO - Processing /home/airflow/.local/lib/python3.12/site-packages/airflow/example_dags/example_params_trigger_ui.py took 0.110 seconds
[2025-06-20T21:55:50.851+0000] {processor.py:186} INFO - Started process (PID=98) to work on /home/airflow/.local/lib/python3.12/site-packages/airflow/example_dags/example_params_trigger_ui.py
[2025-06-20T21:55:50.852+0000] {processor.py:914} INFO - Processing file /home/airflow/.local/lib/python3.12/site-packages/airflow/example_dags/example_params_trigger_ui.py for tasks to queue
[2025-06-20T21:55:50.856+0000] {logging_mixin.py:190} INFO - [2025-06-20T21:55:50.856+0000] {dagbag.py:588} INFO - Filling up the DagBag from /home/airflow/.local/lib/python3.12/site-packages/airflow/example_dags/example_params_trigger_ui.py
[2025-06-20T21:55:50.869+0000] {processor.py:925} INFO - DAG(s) 'example_params_trigger_ui' retrieved from /home/airflow/.local/lib/python3.12/site-packages/airflow/example_dags/example_params_trigger_ui.py
[2025-06-20T21:55:51.017+0000] {logging_mixin.py:190} INFO - [2025-06-20T21:55:51.016+0000] {override.py:1911} INFO - Created Permission View: can delete on DAG:example_params_trigger_ui
[2025-06-20T21:55:51.038+0000] {logging_mixin.py:190} INFO - [2025-06-20T21:55:51.038+0000] {override.py:1911} INFO - Created Permission View: can edit on DAG:example_params_trigger_ui
[2025-06-20T21:55:51.049+0000] {logging_mixin.py:190} INFO - [2025-06-20T21:55:51.049+0000] {override.py:1911} INFO - Created Permission View: can read on DAG:example_params_trigger_ui
[2025-06-20T21:55:51.071+0000] {logging_mixin.py:190} INFO - [2025-06-20T21:55:51.070+0000] {override.py:1911} INFO - Created Permission View: can delete on DAG Run:example_params_trigger_ui
[2025-06-20T21:55:51.082+0000] {logging_mixin.py:190} INFO - [2025-06-20T21:55:51.081+0000] {override.py:1911} INFO - Created Permission View: menu access on DAG Run:example_params_trigger_ui
[2025-06-20T21:55:51.103+0000] {logging_mixin.py:190} INFO - [2025-06-20T21:55:51.102+0000] {override.py:1911} INFO - Created Permission View: can create on DAG Run:example_params_trigger_ui
[2025-06-20T21:55:51.114+0000] {logging_mixin.py:190} INFO - [2025-06-20T21:55:51.113+0000] {override.py:1911} INFO - Created Permission View: can read on DAG Run:example_params_trigger_ui
[2025-06-20T21:55:51.114+0000] {logging_mixin.py:190} INFO - [2025-06-20T21:55:51.114+0000] {dag.py:3239} INFO - Sync 1 DAGs
[2025-06-20T21:55:51.129+0000] {logging_mixin.py:190} INFO - [2025-06-20T21:55:51.128+0000] {dag.py:3262} INFO - Creating ORM DAG for example_params_trigger_ui
[2025-06-20T21:55:51.130+0000] {logging_mixin.py:190} INFO - [2025-06-20T21:55:51.130+0000] {dag.py:4180} INFO - Setting next_dagrun for example_params_trigger_ui to None, run_after=None
[2025-06-20T21:55:51.153+0000] {processor.py:208} INFO - Processing /home/airflow/.local/lib/python3.12/site-packages/airflow/example_dags/example_params_trigger_ui.py took 0.309 seconds
[2025-06-20T21:56:21.706+0000] {processor.py:186} INFO - Started process (PID=162) to work on /home/airflow/.local/lib/python3.12/site-packages/airflow/example_dags/example_params_trigger_ui.py
[2025-06-20T21:56:21.707+0000] {processor.py:914} INFO - Processing file /home/airflow/.local/lib/python3.12/site-packages/airflow/example_dags/example_params_trigger_ui.py for tasks to queue
[2025-06-20T21:56:21.709+0000] {logging_mixin.py:190} INFO - [2025-06-20T21:56:21.709+0000] {dagbag.py:588} INFO - Filling up the DagBag from /home/airflow/.local/lib/python3.12/site-packages/airflow/example_dags/example_params_trigger_ui.py
[2025-06-20T21:56:21.720+0000] {processor.py:925} INFO - DAG(s) 'example_params_trigger_ui' retrieved from /home/airflow/.local/lib/python3.12/site-packages/airflow/example_dags/example_params_trigger_ui.py
[2025-06-20T21:56:21.762+0000] {logging_mixin.py:190} INFO - [2025-06-20T21:56:21.761+0000] {dag.py:3239} INFO - Sync 1 DAGs
[2025-06-20T21:56:21.775+0000] {logging_mixin.py:190} INFO - [2025-06-20T21:56:21.775+0000] {dag.py:4180} INFO - Setting next_dagrun for example_params_trigger_ui to None, run_after=None
[2025-06-20T21:56:21.808+0000] {processor.py:208} INFO - Processing /home/airflow/.local/lib/python3.12/site-packages/airflow/example_dags/example_params_trigger_ui.py took 0.107 seconds
[2025-06-20T21:56:52.165+0000] {processor.py:186} INFO - Started process (PID=226) to work on /home/airflow/.local/lib/python3.12/site-packages/airflow/example_dags/example_params_trigger_ui.py
[2025-06-20T21:56:52.166+0000] {processor.py:914} INFO - Processing file /home/airflow/.local/lib/python3.12/site-packages/airflow/example_dags/example_params_trigger_ui.py for tasks to queue
[2025-06-20T21:56:52.169+0000] {logging_mixin.py:190} INFO - [2025-06-20T21:56:52.168+0000] {dagbag.py:588} INFO - Filling up the DagBag from /home/airflow/.local/lib/python3.12/site-packages/airflow/example_dags/example_params_trigger_ui.py
[2025-06-20T21:56:52.179+0000] {processor.py:925} INFO - DAG(s) 'example_params_trigger_ui' retrieved from /home/airflow/.local/lib/python3.12/site-packages/airflow/example_dags/example_params_trigger_ui.py
[2025-06-20T21:56:52.218+0000] {logging_mixin.py:190} INFO - [2025-06-20T21:56:52.217+0000] {dag.py:3239} INFO - Sync 1 DAGs
[2025-06-20T21:56:52.235+0000] {logging_mixin.py:190} INFO - [2025-06-20T21:56:52.235+0000] {dag.py:4180} INFO - Setting next_dagrun for example_params_trigger_ui to None, run_after=None
[2025-06-20T21:56:52.268+0000] {processor.py:208} INFO - Processing /home/airflow/.local/lib/python3.12/site-packages/airflow/example_dags/example_params_trigger_ui.py took 0.107 seconds
[2025-06-20T21:57:22.495+0000] {processor.py:186} INFO - Started process (PID=289) to work on /home/airflow/.local/lib/python3.12/site-packages/airflow/example_dags/example_params_trigger_ui.py
[2025-06-20T21:57:22.496+0000] {processor.py:914} INFO - Processing file /home/airflow/.local/lib/python3.12/site-packages/airflow/example_dags/example_params_trigger_ui.py for tasks to queue
[2025-06-20T21:57:22.499+0000] {logging_mixin.py:190} INFO - [2025-06-20T21:57:22.498+0000] {dagbag.py:588} INFO - Filling up the DagBag from /home/airflow/.local/lib/python3.12/site-packages/airflow/example_dags/example_params_trigger_ui.py
[2025-06-20T21:57:22.508+0000] {processor.py:925} INFO - DAG(s) 'example_params_trigger_ui' retrieved from /home/airflow/.local/lib/python3.12/site-packages/airflow/example_dags/example_params_trigger_ui.py
[2025-06-20T21:57:22.549+0000] {logging_mixin.py:190} INFO - [2025-06-20T21:57:22.548+0000] {dag.py:3239} INFO - Sync 1 DAGs
[2025-06-20T21:57:22.565+0000] {logging_mixin.py:190} INFO - [2025-06-20T21:57:22.564+0000] {dag.py:4180} INFO - Setting next_dagrun for example_params_trigger_ui to None, run_after=None
[2025-06-20T21:57:22.591+0000] {processor.py:208} INFO - Processing /home/airflow/.local/lib/python3.12/site-packages/airflow/example_dags/example_params_trigger_ui.py took 0.101 seconds
[2025-06-20T21:57:53.675+0000] {processor.py:186} INFO - Started process (PID=347) to work on /home/airflow/.local/lib/python3.12/site-packages/airflow/example_dags/example_params_trigger_ui.py
[2025-06-20T21:57:53.676+0000] {processor.py:914} INFO - Processing file /home/airflow/.local/lib/python3.12/site-packages/airflow/example_dags/example_params_trigger_ui.py for tasks to queue
[2025-06-20T21:57:53.678+0000] {logging_mixin.py:190} INFO - [2025-06-20T21:57:53.678+0000] {dagbag.py:588} INFO - Filling up the DagBag from /home/airflow/.local/lib/python3.12/site-packages/airflow/example_dags/example_params_trigger_ui.py
[2025-06-20T21:57:53.688+0000] {processor.py:925} INFO - DAG(s) 'example_params_trigger_ui' retrieved from /home/airflow/.local/lib/python3.12/site-packages/airflow/example_dags/example_params_trigger_ui.py
[2025-06-20T21:57:53.726+0000] {logging_mixin.py:190} INFO - [2025-06-20T21:57:53.726+0000] {dag.py:3239} INFO - Sync 1 DAGs
[2025-06-20T21:57:53.739+0000] {logging_mixin.py:190} INFO - [2025-06-20T21:57:53.739+0000] {dag.py:4180} INFO - Setting next_dagrun for example_params_trigger_ui to None, run_after=None
[2025-06-20T21:57:53.768+0000] {processor.py:208} INFO - Processing /home/airflow/.local/lib/python3.12/site-packages/airflow/example_dags/example_params_trigger_ui.py took 0.099 seconds
[2025-06-20T21:58:25.695+0000] {processor.py:186} INFO - Started process (PID=426) to work on /home/airflow/.local/lib/python3.12/site-packages/airflow/example_dags/example_params_trigger_ui.py
[2025-06-20T21:58:25.696+0000] {processor.py:914} INFO - Processing file /home/airflow/.local/lib/python3.12/site-packages/airflow/example_dags/example_params_trigger_ui.py for tasks to queue
[2025-06-20T21:58:25.699+0000] {logging_mixin.py:190} INFO - [2025-06-20T21:58:25.698+0000] {dagbag.py:588} INFO - Filling up the DagBag from /home/airflow/.local/lib/python3.12/site-packages/airflow/example_dags/example_params_trigger_ui.py
[2025-06-20T21:58:25.712+0000] {processor.py:925} INFO - DAG(s) 'example_params_trigger_ui' retrieved from /home/airflow/.local/lib/python3.12/site-packages/airflow/example_dags/example_params_trigger_ui.py
[2025-06-20T21:58:25.760+0000] {logging_mixin.py:190} INFO - [2025-06-20T21:58:25.760+0000] {dag.py:3239} INFO - Sync 1 DAGs
[2025-06-20T21:58:25.778+0000] {logging_mixin.py:190} INFO - [2025-06-20T21:58:25.778+0000] {dag.py:4180} INFO - Setting next_dagrun for example_params_trigger_ui to None, run_after=None
[2025-06-20T21:58:25.809+0000] {processor.py:208} INFO - Processing /home/airflow/.local/lib/python3.12/site-packages/airflow/example_dags/example_params_trigger_ui.py took 0.119 seconds
[2025-06-20T21:58:57.404+0000] {processor.py:186} INFO - Started process (PID=490) to work on /home/airflow/.local/lib/python3.12/site-packages/airflow/example_dags/example_params_trigger_ui.py
[2025-06-20T21:58:57.405+0000] {processor.py:914} INFO - Processing file /home/airflow/.local/lib/python3.12/site-packages/airflow/example_dags/example_params_trigger_ui.py for tasks to queue
[2025-06-20T21:58:57.407+0000] {logging_mixin.py:190} INFO - [2025-06-20T21:58:57.407+0000] {dagbag.py:588} INFO - Filling up the DagBag from /home/airflow/.local/lib/python3.12/site-packages/airflow/example_dags/example_params_trigger_ui.py
[2025-06-20T21:58:57.419+0000] {processor.py:925} INFO - DAG(s) 'example_params_trigger_ui' retrieved from /home/airflow/.local/lib/python3.12/site-packages/airflow/example_dags/example_params_trigger_ui.py
[2025-06-20T21:58:57.458+0000] {logging_mixin.py:190} INFO - [2025-06-20T21:58:57.458+0000] {dag.py:3239} INFO - Sync 1 DAGs
[2025-06-20T21:58:57.473+0000] {logging_mixin.py:190} INFO - [2025-06-20T21:58:57.473+0000] {dag.py:4180} INFO - Setting next_dagrun for example_params_trigger_ui to None, run_after=None
[2025-06-20T21:58:57.505+0000] {processor.py:208} INFO - Processing /home/airflow/.local/lib/python3.12/site-packages/airflow/example_dags/example_params_trigger_ui.py took 0.106 seconds
[2025-06-20T21:59:28.327+0000] {processor.py:186} INFO - Started process (PID=548) to work on /home/airflow/.local/lib/python3.12/site-packages/airflow/example_dags/example_params_trigger_ui.py
[2025-06-20T21:59:28.328+0000] {processor.py:914} INFO - Processing file /home/airflow/.local/lib/python3.12/site-packages/airflow/example_dags/example_params_trigger_ui.py for tasks to queue
[2025-06-20T21:59:28.331+0000] {logging_mixin.py:190} INFO - [2025-06-20T21:59:28.330+0000] {dagbag.py:588} INFO - Filling up the DagBag from /home/airflow/.local/lib/python3.12/site-packages/airflow/example_dags/example_params_trigger_ui.py
[2025-06-20T21:59:28.341+0000] {processor.py:925} INFO - DAG(s) 'example_params_trigger_ui' retrieved from /home/airflow/.local/lib/python3.12/site-packages/airflow/example_dags/example_params_trigger_ui.py
[2025-06-20T21:59:28.388+0000] {logging_mixin.py:190} INFO - [2025-06-20T21:59:28.388+0000] {dag.py:3239} INFO - Sync 1 DAGs
[2025-06-20T21:59:28.402+0000] {logging_mixin.py:190} INFO - [2025-06-20T21:59:28.402+0000] {dag.py:4180} INFO - Setting next_dagrun for example_params_trigger_ui to None, run_after=None
[2025-06-20T21:59:28.431+0000] {processor.py:208} INFO - Processing /home/airflow/.local/lib/python3.12/site-packages/airflow/example_dags/example_params_trigger_ui.py took 0.110 seconds
[2025-06-20T21:59:59.921+0000] {processor.py:186} INFO - Started process (PID=612) to work on /home/airflow/.local/lib/python3.12/site-packages/airflow/example_dags/example_params_trigger_ui.py
[2025-06-20T21:59:59.922+0000] {processor.py:914} INFO - Processing file /home/airflow/.local/lib/python3.12/site-packages/airflow/example_dags/example_params_trigger_ui.py for tasks to queue
[2025-06-20T21:59:59.925+0000] {logging_mixin.py:190} INFO - [2025-06-20T21:59:59.924+0000] {dagbag.py:588} INFO - Filling up the DagBag from /home/airflow/.local/lib/python3.12/site-packages/airflow/example_dags/example_params_trigger_ui.py
[2025-06-20T21:59:59.935+0000] {processor.py:925} INFO - DAG(s) 'example_params_trigger_ui' retrieved from /home/airflow/.local/lib/python3.12/site-packages/airflow/example_dags/example_params_trigger_ui.py
[2025-06-20T21:59:59.978+0000] {logging_mixin.py:190} INFO - [2025-06-20T21:59:59.978+0000] {dag.py:3239} INFO - Sync 1 DAGs
[2025-06-20T21:59:59.991+0000] {logging_mixin.py:190} INFO - [2025-06-20T21:59:59.991+0000] {dag.py:4180} INFO - Setting next_dagrun for example_params_trigger_ui to None, run_after=None
[2025-06-20T22:00:00.015+0000] {processor.py:208} INFO - Processing /home/airflow/.local/lib/python3.12/site-packages/airflow/example_dags/example_params_trigger_ui.py took 0.099 seconds
[2025-06-20T22:00:31.582+0000] {processor.py:186} INFO - Started process (PID=676) to work on /home/airflow/.local/lib/python3.12/site-packages/airflow/example_dags/example_params_trigger_ui.py
[2025-06-20T22:00:31.583+0000] {processor.py:914} INFO - Processing file /home/airflow/.local/lib/python3.12/site-packages/airflow/example_dags/example_params_trigger_ui.py for tasks to queue
[2025-06-20T22:00:31.585+0000] {logging_mixin.py:190} INFO - [2025-06-20T22:00:31.585+0000] {dagbag.py:588} INFO - Filling up the DagBag from /home/airflow/.local/lib/python3.12/site-packages/airflow/example_dags/example_params_trigger_ui.py
[2025-06-20T22:00:31.595+0000] {processor.py:925} INFO - DAG(s) 'example_params_trigger_ui' retrieved from /home/airflow/.local/lib/python3.12/site-packages/airflow/example_dags/example_params_trigger_ui.py
[2025-06-20T22:00:31.640+0000] {logging_mixin.py:190} INFO - [2025-06-20T22:00:31.640+0000] {dag.py:3239} INFO - Sync 1 DAGs
[2025-06-20T22:00:31.656+0000] {logging_mixin.py:190} INFO - [2025-06-20T22:00:31.655+0000] {dag.py:4180} INFO - Setting next_dagrun for example_params_trigger_ui to None, run_after=None
[2025-06-20T22:00:31.690+0000] {processor.py:208} INFO - Processing /home/airflow/.local/lib/python3.12/site-packages/airflow/example_dags/example_params_trigger_ui.py took 0.113 seconds
[2025-06-20T22:01:02.818+0000] {processor.py:186} INFO - Started process (PID=740) to work on /home/airflow/.local/lib/python3.12/site-packages/airflow/example_dags/example_params_trigger_ui.py
[2025-06-20T22:01:02.819+0000] {processor.py:914} INFO - Processing file /home/airflow/.local/lib/python3.12/site-packages/airflow/example_dags/example_params_trigger_ui.py for tasks to queue
[2025-06-20T22:01:02.821+0000] {logging_mixin.py:190} INFO - [2025-06-20T22:01:02.821+0000] {dagbag.py:588} INFO - Filling up the DagBag from /home/airflow/.local/lib/python3.12/site-packages/airflow/example_dags/example_params_trigger_ui.py
[2025-06-20T22:01:02.831+0000] {processor.py:925} INFO - DAG(s) 'example_params_trigger_ui' retrieved from /home/airflow/.local/lib/python3.12/site-packages/airflow/example_dags/example_params_trigger_ui.py
[2025-06-20T22:01:02.873+0000] {logging_mixin.py:190} INFO - [2025-06-20T22:01:02.873+0000] {dag.py:3239} INFO - Sync 1 DAGs
[2025-06-20T22:01:02.889+0000] {logging_mixin.py:190} INFO - [2025-06-20T22:01:02.888+0000] {dag.py:4180} INFO - Setting next_dagrun for example_params_trigger_ui to None, run_after=None
[2025-06-20T22:01:02.913+0000] {processor.py:208} INFO - Processing /home/airflow/.local/lib/python3.12/site-packages/airflow/example_dags/example_params_trigger_ui.py took 0.100 seconds
[2025-06-20T22:01:34.557+0000] {processor.py:186} INFO - Started process (PID=804) to work on /home/airflow/.local/lib/python3.12/site-packages/airflow/example_dags/example_params_trigger_ui.py
[2025-06-20T22:01:34.559+0000] {processor.py:914} INFO - Processing file /home/airflow/.local/lib/python3.12/site-packages/airflow/example_dags/example_params_trigger_ui.py for tasks to queue
[2025-06-20T22:01:34.561+0000] {logging_mixin.py:190} INFO - [2025-06-20T22:01:34.560+0000] {dagbag.py:588} INFO - Filling up the DagBag from /home/airflow/.local/lib/python3.12/site-packages/airflow/example_dags/example_params_trigger_ui.py
[2025-06-20T22:01:34.570+0000] {processor.py:925} INFO - DAG(s) 'example_params_trigger_ui' retrieved from /home/airflow/.local/lib/python3.12/site-packages/airflow/example_dags/example_params_trigger_ui.py
[2025-06-20T22:01:34.610+0000] {logging_mixin.py:190} INFO - [2025-06-20T22:01:34.610+0000] {dag.py:3239} INFO - Sync 1 DAGs
[2025-06-20T22:01:34.624+0000] {logging_mixin.py:190} INFO - [2025-06-20T22:01:34.624+0000] {dag.py:4180} INFO - Setting next_dagrun for example_params_trigger_ui to None, run_after=None
[2025-06-20T22:01:34.654+0000] {processor.py:208} INFO - Processing /home/airflow/.local/lib/python3.12/site-packages/airflow/example_dags/example_params_trigger_ui.py took 0.101 seconds
[2025-06-20T22:02:05.977+0000] {processor.py:186} INFO - Started process (PID=868) to work on /home/airflow/.local/lib/python3.12/site-packages/airflow/example_dags/example_params_trigger_ui.py
[2025-06-20T22:02:05.979+0000] {processor.py:914} INFO - Processing file /home/airflow/.local/lib/python3.12/site-packages/airflow/example_dags/example_params_trigger_ui.py for tasks to queue
[2025-06-20T22:02:05.982+0000] {logging_mixin.py:190} INFO - [2025-06-20T22:02:05.982+0000] {dagbag.py:588} INFO - Filling up the DagBag from /home/airflow/.local/lib/python3.12/site-packages/airflow/example_dags/example_params_trigger_ui.py
[2025-06-20T22:02:06.001+0000] {processor.py:925} INFO - DAG(s) 'example_params_trigger_ui' retrieved from /home/airflow/.local/lib/python3.12/site-packages/airflow/example_dags/example_params_trigger_ui.py
[2025-06-20T22:02:06.048+0000] {logging_mixin.py:190} INFO - [2025-06-20T22:02:06.048+0000] {dag.py:3239} INFO - Sync 1 DAGs
[2025-06-20T22:02:06.062+0000] {logging_mixin.py:190} INFO - [2025-06-20T22:02:06.062+0000] {dag.py:4180} INFO - Setting next_dagrun for example_params_trigger_ui to None, run_after=None
[2025-06-20T22:02:06.137+0000] {processor.py:208} INFO - Processing /home/airflow/.local/lib/python3.12/site-packages/airflow/example_dags/example_params_trigger_ui.py took 0.168 seconds
[2025-06-20T22:02:37.533+0000] {processor.py:186} INFO - Started process (PID=931) to work on /home/airflow/.local/lib/python3.12/site-packages/airflow/example_dags/example_params_trigger_ui.py
[2025-06-20T22:02:37.534+0000] {processor.py:914} INFO - Processing file /home/airflow/.local/lib/python3.12/site-packages/airflow/example_dags/example_params_trigger_ui.py for tasks to queue
[2025-06-20T22:02:37.536+0000] {logging_mixin.py:190} INFO - [2025-06-20T22:02:37.536+0000] {dagbag.py:588} INFO - Filling up the DagBag from /home/airflow/.local/lib/python3.12/site-packages/airflow/example_dags/example_params_trigger_ui.py
[2025-06-20T22:02:37.547+0000] {processor.py:925} INFO - DAG(s) 'example_params_trigger_ui' retrieved from /home/airflow/.local/lib/python3.12/site-packages/airflow/example_dags/example_params_trigger_ui.py
[2025-06-20T22:02:37.597+0000] {logging_mixin.py:190} INFO - [2025-06-20T22:02:37.596+0000] {dag.py:3239} INFO - Sync 1 DAGs
[2025-06-20T22:02:37.614+0000] {logging_mixin.py:190} INFO - [2025-06-20T22:02:37.614+0000] {dag.py:4180} INFO - Setting next_dagrun for example_params_trigger_ui to None, run_after=None
[2025-06-20T22:02:37.650+0000] {processor.py:208} INFO - Processing /home/airflow/.local/lib/python3.12/site-packages/airflow/example_dags/example_params_trigger_ui.py took 0.123 seconds
[2025-06-20T22:03:09.489+0000] {processor.py:186} INFO - Started process (PID=1002) to work on /home/airflow/.local/lib/python3.12/site-packages/airflow/example_dags/example_params_trigger_ui.py
[2025-06-20T22:03:09.489+0000] {processor.py:914} INFO - Processing file /home/airflow/.local/lib/python3.12/site-packages/airflow/example_dags/example_params_trigger_ui.py for tasks to queue
[2025-06-20T22:03:09.492+0000] {logging_mixin.py:190} INFO - [2025-06-20T22:03:09.491+0000] {dagbag.py:588} INFO - Filling up the DagBag from /home/airflow/.local/lib/python3.12/site-packages/airflow/example_dags/example_params_trigger_ui.py
[2025-06-20T22:03:09.502+0000] {processor.py:925} INFO - DAG(s) 'example_params_trigger_ui' retrieved from /home/airflow/.local/lib/python3.12/site-packages/airflow/example_dags/example_params_trigger_ui.py
[2025-06-20T22:03:09.543+0000] {logging_mixin.py:190} INFO - [2025-06-20T22:03:09.543+0000] {dag.py:3239} INFO - Sync 1 DAGs
[2025-06-20T22:03:09.557+0000] {logging_mixin.py:190} INFO - [2025-06-20T22:03:09.557+0000] {dag.py:4180} INFO - Setting next_dagrun for example_params_trigger_ui to None, run_after=None
[2025-06-20T22:03:09.580+0000] {processor.py:208} INFO - Processing /home/airflow/.local/lib/python3.12/site-packages/airflow/example_dags/example_params_trigger_ui.py took 0.097 seconds
[2025-06-20T22:03:41.316+0000] {processor.py:186} INFO - Started process (PID=1066) to work on /home/airflow/.local/lib/python3.12/site-packages/airflow/example_dags/example_params_trigger_ui.py
[2025-06-20T22:03:41.318+0000] {processor.py:914} INFO - Processing file /home/airflow/.local/lib/python3.12/site-packages/airflow/example_dags/example_params_trigger_ui.py for tasks to queue
[2025-06-20T22:03:41.320+0000] {logging_mixin.py:190} INFO - [2025-06-20T22:03:41.320+0000] {dagbag.py:588} INFO - Filling up the DagBag from /home/airflow/.local/lib/python3.12/site-packages/airflow/example_dags/example_params_trigger_ui.py
[2025-06-20T22:03:41.335+0000] {processor.py:925} INFO - DAG(s) 'example_params_trigger_ui' retrieved from /home/airflow/.local/lib/python3.12/site-packages/airflow/example_dags/example_params_trigger_ui.py
[2025-06-20T22:03:41.377+0000] {logging_mixin.py:190} INFO - [2025-06-20T22:03:41.377+0000] {dag.py:3239} INFO - Sync 1 DAGs
[2025-06-20T22:03:41.392+0000] {logging_mixin.py:190} INFO - [2025-06-20T22:03:41.392+0000] {dag.py:4180} INFO - Setting next_dagrun for example_params_trigger_ui to None, run_after=None
[2025-06-20T22:03:41.422+0000] {processor.py:208} INFO - Processing /home/airflow/.local/lib/python3.12/site-packages/airflow/example_dags/example_params_trigger_ui.py took 0.111 seconds
