[2025-06-20T21:26:52.195+0000] {processor.py:186} INFO - Started process (PID=136) to work on /home/airflow/.local/lib/python3.12/site-packages/airflow/example_dags/example_task_group.py
[2025-06-20T21:26:52.196+0000] {processor.py:914} INFO - Processing file /home/airflow/.local/lib/python3.12/site-packages/airflow/example_dags/example_task_group.py for tasks to queue
[2025-06-20T21:26:52.199+0000] {logging_mixin.py:190} INFO - [2025-06-20T21:26:52.199+0000] {dagbag.py:588} INFO - Filling up the DagBag from /home/airflow/.local/lib/python3.12/site-packages/airflow/example_dags/example_task_group.py
[2025-06-20T21:26:52.208+0000] {processor.py:925} INFO - DAG(s) 'example_task_group' retrieved from /home/airflow/.local/lib/python3.12/site-packages/airflow/example_dags/example_task_group.py
[2025-06-20T21:26:52.331+0000] {logging_mixin.py:190} INFO - [2025-06-20T21:26:52.330+0000] {override.py:1911} INFO - Created Permission View: can delete on DAG:example_task_group
[2025-06-20T21:26:52.362+0000] {logging_mixin.py:190} INFO - [2025-06-20T21:26:52.362+0000] {override.py:1911} INFO - Created Permission View: can read on DAG:example_task_group
[2025-06-20T21:26:52.394+0000] {logging_mixin.py:190} INFO - [2025-06-20T21:26:52.394+0000] {override.py:1911} INFO - Created Permission View: can edit on DAG:example_task_group
[2025-06-20T21:26:52.448+0000] {logging_mixin.py:190} INFO - [2025-06-20T21:26:52.447+0000] {override.py:1911} INFO - Created Permission View: can delete on DAG Run:example_task_group
[2025-06-20T21:26:52.470+0000] {logging_mixin.py:190} INFO - [2025-06-20T21:26:52.469+0000] {override.py:1911} INFO - Created Permission View: can create on DAG Run:example_task_group
[2025-06-20T21:26:52.523+0000] {logging_mixin.py:190} INFO - [2025-06-20T21:26:52.522+0000] {override.py:1911} INFO - Created Permission View: can read on DAG Run:example_task_group
[2025-06-20T21:26:52.629+0000] {logging_mixin.py:190} INFO - [2025-06-20T21:26:52.629+0000] {override.py:1911} INFO - Created Permission View: menu access on DAG Run:example_task_group
[2025-06-20T21:26:52.630+0000] {logging_mixin.py:190} INFO - [2025-06-20T21:26:52.630+0000] {dag.py:3239} INFO - Sync 1 DAGs
[2025-06-20T21:26:52.643+0000] {logging_mixin.py:190} INFO - [2025-06-20T21:26:52.642+0000] {dag.py:3262} INFO - Creating ORM DAG for example_task_group
[2025-06-20T21:26:52.644+0000] {logging_mixin.py:190} INFO - [2025-06-20T21:26:52.643+0000] {dag.py:4180} INFO - Setting next_dagrun for example_task_group to None, run_after=None
[2025-06-20T21:26:52.702+0000] {processor.py:208} INFO - Processing /home/airflow/.local/lib/python3.12/site-packages/airflow/example_dags/example_task_group.py took 0.513 seconds
[2025-06-20T21:27:22.944+0000] {processor.py:186} INFO - Started process (PID=199) to work on /home/airflow/.local/lib/python3.12/site-packages/airflow/example_dags/example_task_group.py
[2025-06-20T21:27:22.946+0000] {processor.py:914} INFO - Processing file /home/airflow/.local/lib/python3.12/site-packages/airflow/example_dags/example_task_group.py for tasks to queue
[2025-06-20T21:27:22.948+0000] {logging_mixin.py:190} INFO - [2025-06-20T21:27:22.948+0000] {dagbag.py:588} INFO - Filling up the DagBag from /home/airflow/.local/lib/python3.12/site-packages/airflow/example_dags/example_task_group.py
[2025-06-20T21:27:22.957+0000] {processor.py:925} INFO - DAG(s) 'example_task_group' retrieved from /home/airflow/.local/lib/python3.12/site-packages/airflow/example_dags/example_task_group.py
[2025-06-20T21:27:22.980+0000] {logging_mixin.py:190} INFO - [2025-06-20T21:27:22.979+0000] {dag.py:3239} INFO - Sync 1 DAGs
[2025-06-20T21:27:22.994+0000] {logging_mixin.py:190} INFO - [2025-06-20T21:27:22.993+0000] {dag.py:4180} INFO - Setting next_dagrun for example_task_group to None, run_after=None
[2025-06-20T21:27:23.016+0000] {processor.py:208} INFO - Processing /home/airflow/.local/lib/python3.12/site-packages/airflow/example_dags/example_task_group.py took 0.077 seconds
[2025-06-20T21:27:53.655+0000] {processor.py:186} INFO - Started process (PID=263) to work on /home/airflow/.local/lib/python3.12/site-packages/airflow/example_dags/example_task_group.py
[2025-06-20T21:27:53.656+0000] {processor.py:914} INFO - Processing file /home/airflow/.local/lib/python3.12/site-packages/airflow/example_dags/example_task_group.py for tasks to queue
[2025-06-20T21:27:53.659+0000] {logging_mixin.py:190} INFO - [2025-06-20T21:27:53.659+0000] {dagbag.py:588} INFO - Filling up the DagBag from /home/airflow/.local/lib/python3.12/site-packages/airflow/example_dags/example_task_group.py
[2025-06-20T21:27:53.666+0000] {processor.py:925} INFO - DAG(s) 'example_task_group' retrieved from /home/airflow/.local/lib/python3.12/site-packages/airflow/example_dags/example_task_group.py
[2025-06-20T21:27:53.687+0000] {logging_mixin.py:190} INFO - [2025-06-20T21:27:53.686+0000] {dag.py:3239} INFO - Sync 1 DAGs
[2025-06-20T21:27:53.700+0000] {logging_mixin.py:190} INFO - [2025-06-20T21:27:53.700+0000] {dag.py:4180} INFO - Setting next_dagrun for example_task_group to None, run_after=None
[2025-06-20T21:27:53.734+0000] {processor.py:208} INFO - Processing /home/airflow/.local/lib/python3.12/site-packages/airflow/example_dags/example_task_group.py took 0.084 seconds
[2025-06-20T21:28:25.157+0000] {processor.py:186} INFO - Started process (PID=328) to work on /home/airflow/.local/lib/python3.12/site-packages/airflow/example_dags/example_task_group.py
[2025-06-20T21:28:25.158+0000] {processor.py:914} INFO - Processing file /home/airflow/.local/lib/python3.12/site-packages/airflow/example_dags/example_task_group.py for tasks to queue
[2025-06-20T21:28:25.160+0000] {logging_mixin.py:190} INFO - [2025-06-20T21:28:25.160+0000] {dagbag.py:588} INFO - Filling up the DagBag from /home/airflow/.local/lib/python3.12/site-packages/airflow/example_dags/example_task_group.py
[2025-06-20T21:28:25.168+0000] {processor.py:925} INFO - DAG(s) 'example_task_group' retrieved from /home/airflow/.local/lib/python3.12/site-packages/airflow/example_dags/example_task_group.py
[2025-06-20T21:28:25.190+0000] {logging_mixin.py:190} INFO - [2025-06-20T21:28:25.189+0000] {dag.py:3239} INFO - Sync 1 DAGs
[2025-06-20T21:28:25.205+0000] {logging_mixin.py:190} INFO - [2025-06-20T21:28:25.204+0000] {dag.py:4180} INFO - Setting next_dagrun for example_task_group to None, run_after=None
[2025-06-20T21:28:25.232+0000] {processor.py:208} INFO - Processing /home/airflow/.local/lib/python3.12/site-packages/airflow/example_dags/example_task_group.py took 0.081 seconds
[2025-06-20T21:28:57.341+0000] {processor.py:186} INFO - Started process (PID=392) to work on /home/airflow/.local/lib/python3.12/site-packages/airflow/example_dags/example_task_group.py
[2025-06-20T21:28:57.343+0000] {processor.py:914} INFO - Processing file /home/airflow/.local/lib/python3.12/site-packages/airflow/example_dags/example_task_group.py for tasks to queue
[2025-06-20T21:28:57.345+0000] {logging_mixin.py:190} INFO - [2025-06-20T21:28:57.344+0000] {dagbag.py:588} INFO - Filling up the DagBag from /home/airflow/.local/lib/python3.12/site-packages/airflow/example_dags/example_task_group.py
[2025-06-20T21:28:57.353+0000] {processor.py:925} INFO - DAG(s) 'example_task_group' retrieved from /home/airflow/.local/lib/python3.12/site-packages/airflow/example_dags/example_task_group.py
[2025-06-20T21:28:57.374+0000] {logging_mixin.py:190} INFO - [2025-06-20T21:28:57.374+0000] {dag.py:3239} INFO - Sync 1 DAGs
[2025-06-20T21:28:57.389+0000] {logging_mixin.py:190} INFO - [2025-06-20T21:28:57.389+0000] {dag.py:4180} INFO - Setting next_dagrun for example_task_group to None, run_after=None
[2025-06-20T21:28:57.486+0000] {processor.py:208} INFO - Processing /home/airflow/.local/lib/python3.12/site-packages/airflow/example_dags/example_task_group.py took 0.150 seconds
[2025-06-20T21:29:29.283+0000] {processor.py:186} INFO - Started process (PID=458) to work on /home/airflow/.local/lib/python3.12/site-packages/airflow/example_dags/example_task_group.py
[2025-06-20T21:29:29.284+0000] {processor.py:914} INFO - Processing file /home/airflow/.local/lib/python3.12/site-packages/airflow/example_dags/example_task_group.py for tasks to queue
[2025-06-20T21:29:29.287+0000] {logging_mixin.py:190} INFO - [2025-06-20T21:29:29.287+0000] {dagbag.py:588} INFO - Filling up the DagBag from /home/airflow/.local/lib/python3.12/site-packages/airflow/example_dags/example_task_group.py
[2025-06-20T21:29:29.294+0000] {processor.py:925} INFO - DAG(s) 'example_task_group' retrieved from /home/airflow/.local/lib/python3.12/site-packages/airflow/example_dags/example_task_group.py
[2025-06-20T21:29:29.316+0000] {logging_mixin.py:190} INFO - [2025-06-20T21:29:29.315+0000] {dag.py:3239} INFO - Sync 1 DAGs
[2025-06-20T21:29:29.330+0000] {logging_mixin.py:190} INFO - [2025-06-20T21:29:29.329+0000] {dag.py:4180} INFO - Setting next_dagrun for example_task_group to None, run_after=None
[2025-06-20T21:29:29.405+0000] {processor.py:208} INFO - Processing /home/airflow/.local/lib/python3.12/site-packages/airflow/example_dags/example_task_group.py took 0.127 seconds
[2025-06-20T21:29:59.997+0000] {processor.py:186} INFO - Started process (PID=522) to work on /home/airflow/.local/lib/python3.12/site-packages/airflow/example_dags/example_task_group.py
[2025-06-20T21:29:59.998+0000] {processor.py:914} INFO - Processing file /home/airflow/.local/lib/python3.12/site-packages/airflow/example_dags/example_task_group.py for tasks to queue
[2025-06-20T21:30:00.000+0000] {logging_mixin.py:190} INFO - [2025-06-20T21:30:00.000+0000] {dagbag.py:588} INFO - Filling up the DagBag from /home/airflow/.local/lib/python3.12/site-packages/airflow/example_dags/example_task_group.py
[2025-06-20T21:30:00.008+0000] {processor.py:925} INFO - DAG(s) 'example_task_group' retrieved from /home/airflow/.local/lib/python3.12/site-packages/airflow/example_dags/example_task_group.py
[2025-06-20T21:30:00.027+0000] {logging_mixin.py:190} INFO - [2025-06-20T21:30:00.027+0000] {dag.py:3239} INFO - Sync 1 DAGs
[2025-06-20T21:30:00.041+0000] {logging_mixin.py:190} INFO - [2025-06-20T21:30:00.040+0000] {dag.py:4180} INFO - Setting next_dagrun for example_task_group to None, run_after=None
[2025-06-20T21:30:00.079+0000] {processor.py:208} INFO - Processing /home/airflow/.local/lib/python3.12/site-packages/airflow/example_dags/example_task_group.py took 0.087 seconds
[2025-06-20T21:30:31.932+0000] {processor.py:186} INFO - Started process (PID=590) to work on /home/airflow/.local/lib/python3.12/site-packages/airflow/example_dags/example_task_group.py
[2025-06-20T21:30:31.933+0000] {processor.py:914} INFO - Processing file /home/airflow/.local/lib/python3.12/site-packages/airflow/example_dags/example_task_group.py for tasks to queue
[2025-06-20T21:30:31.936+0000] {logging_mixin.py:190} INFO - [2025-06-20T21:30:31.936+0000] {dagbag.py:588} INFO - Filling up the DagBag from /home/airflow/.local/lib/python3.12/site-packages/airflow/example_dags/example_task_group.py
[2025-06-20T21:30:31.944+0000] {processor.py:925} INFO - DAG(s) 'example_task_group' retrieved from /home/airflow/.local/lib/python3.12/site-packages/airflow/example_dags/example_task_group.py
[2025-06-20T21:30:31.965+0000] {logging_mixin.py:190} INFO - [2025-06-20T21:30:31.965+0000] {dag.py:3239} INFO - Sync 1 DAGs
[2025-06-20T21:30:31.978+0000] {logging_mixin.py:190} INFO - [2025-06-20T21:30:31.978+0000] {dag.py:4180} INFO - Setting next_dagrun for example_task_group to None, run_after=None
[2025-06-20T21:30:32.055+0000] {processor.py:208} INFO - Processing /home/airflow/.local/lib/python3.12/site-packages/airflow/example_dags/example_task_group.py took 0.128 seconds
[2025-06-20T21:31:04.360+0000] {processor.py:186} INFO - Started process (PID=657) to work on /home/airflow/.local/lib/python3.12/site-packages/airflow/example_dags/example_task_group.py
[2025-06-20T21:31:04.362+0000] {processor.py:914} INFO - Processing file /home/airflow/.local/lib/python3.12/site-packages/airflow/example_dags/example_task_group.py for tasks to queue
[2025-06-20T21:31:04.364+0000] {logging_mixin.py:190} INFO - [2025-06-20T21:31:04.363+0000] {dagbag.py:588} INFO - Filling up the DagBag from /home/airflow/.local/lib/python3.12/site-packages/airflow/example_dags/example_task_group.py
[2025-06-20T21:31:04.372+0000] {processor.py:925} INFO - DAG(s) 'example_task_group' retrieved from /home/airflow/.local/lib/python3.12/site-packages/airflow/example_dags/example_task_group.py
[2025-06-20T21:31:04.394+0000] {logging_mixin.py:190} INFO - [2025-06-20T21:31:04.394+0000] {dag.py:3239} INFO - Sync 1 DAGs
[2025-06-20T21:31:04.408+0000] {logging_mixin.py:190} INFO - [2025-06-20T21:31:04.408+0000] {dag.py:4180} INFO - Setting next_dagrun for example_task_group to None, run_after=None
[2025-06-20T21:31:04.445+0000] {processor.py:208} INFO - Processing /home/airflow/.local/lib/python3.12/site-packages/airflow/example_dags/example_task_group.py took 0.090 seconds
[2025-06-20T21:31:35.593+0000] {processor.py:186} INFO - Started process (PID=721) to work on /home/airflow/.local/lib/python3.12/site-packages/airflow/example_dags/example_task_group.py
[2025-06-20T21:31:35.594+0000] {processor.py:914} INFO - Processing file /home/airflow/.local/lib/python3.12/site-packages/airflow/example_dags/example_task_group.py for tasks to queue
[2025-06-20T21:31:35.596+0000] {logging_mixin.py:190} INFO - [2025-06-20T21:31:35.595+0000] {dagbag.py:588} INFO - Filling up the DagBag from /home/airflow/.local/lib/python3.12/site-packages/airflow/example_dags/example_task_group.py
[2025-06-20T21:31:35.603+0000] {processor.py:925} INFO - DAG(s) 'example_task_group' retrieved from /home/airflow/.local/lib/python3.12/site-packages/airflow/example_dags/example_task_group.py
[2025-06-20T21:31:35.624+0000] {logging_mixin.py:190} INFO - [2025-06-20T21:31:35.624+0000] {dag.py:3239} INFO - Sync 1 DAGs
[2025-06-20T21:31:35.639+0000] {logging_mixin.py:190} INFO - [2025-06-20T21:31:35.638+0000] {dag.py:4180} INFO - Setting next_dagrun for example_task_group to None, run_after=None
[2025-06-20T21:31:35.662+0000] {processor.py:208} INFO - Processing /home/airflow/.local/lib/python3.12/site-packages/airflow/example_dags/example_task_group.py took 0.074 seconds
[2025-06-20T21:32:07.982+0000] {processor.py:186} INFO - Started process (PID=787) to work on /home/airflow/.local/lib/python3.12/site-packages/airflow/example_dags/example_task_group.py
[2025-06-20T21:32:07.984+0000] {processor.py:914} INFO - Processing file /home/airflow/.local/lib/python3.12/site-packages/airflow/example_dags/example_task_group.py for tasks to queue
[2025-06-20T21:32:07.987+0000] {logging_mixin.py:190} INFO - [2025-06-20T21:32:07.986+0000] {dagbag.py:588} INFO - Filling up the DagBag from /home/airflow/.local/lib/python3.12/site-packages/airflow/example_dags/example_task_group.py
[2025-06-20T21:32:07.998+0000] {processor.py:925} INFO - DAG(s) 'example_task_group' retrieved from /home/airflow/.local/lib/python3.12/site-packages/airflow/example_dags/example_task_group.py
[2025-06-20T21:32:08.022+0000] {logging_mixin.py:190} INFO - [2025-06-20T21:32:08.022+0000] {dag.py:3239} INFO - Sync 1 DAGs
[2025-06-20T21:32:08.038+0000] {logging_mixin.py:190} INFO - [2025-06-20T21:32:08.037+0000] {dag.py:4180} INFO - Setting next_dagrun for example_task_group to None, run_after=None
[2025-06-20T21:32:08.079+0000] {processor.py:208} INFO - Processing /home/airflow/.local/lib/python3.12/site-packages/airflow/example_dags/example_task_group.py took 0.105 seconds
[2025-06-20T21:32:38.706+0000] {processor.py:186} INFO - Started process (PID=851) to work on /home/airflow/.local/lib/python3.12/site-packages/airflow/example_dags/example_task_group.py
[2025-06-20T21:32:38.707+0000] {processor.py:914} INFO - Processing file /home/airflow/.local/lib/python3.12/site-packages/airflow/example_dags/example_task_group.py for tasks to queue
[2025-06-20T21:32:38.709+0000] {logging_mixin.py:190} INFO - [2025-06-20T21:32:38.709+0000] {dagbag.py:588} INFO - Filling up the DagBag from /home/airflow/.local/lib/python3.12/site-packages/airflow/example_dags/example_task_group.py
[2025-06-20T21:32:38.716+0000] {processor.py:925} INFO - DAG(s) 'example_task_group' retrieved from /home/airflow/.local/lib/python3.12/site-packages/airflow/example_dags/example_task_group.py
[2025-06-20T21:32:38.737+0000] {logging_mixin.py:190} INFO - [2025-06-20T21:32:38.737+0000] {dag.py:3239} INFO - Sync 1 DAGs
[2025-06-20T21:32:38.750+0000] {logging_mixin.py:190} INFO - [2025-06-20T21:32:38.750+0000] {dag.py:4180} INFO - Setting next_dagrun for example_task_group to None, run_after=None
[2025-06-20T21:32:38.788+0000] {processor.py:208} INFO - Processing /home/airflow/.local/lib/python3.12/site-packages/airflow/example_dags/example_task_group.py took 0.086 seconds
[2025-06-20T21:33:10.942+0000] {processor.py:186} INFO - Started process (PID=915) to work on /home/airflow/.local/lib/python3.12/site-packages/airflow/example_dags/example_task_group.py
[2025-06-20T21:33:10.943+0000] {processor.py:914} INFO - Processing file /home/airflow/.local/lib/python3.12/site-packages/airflow/example_dags/example_task_group.py for tasks to queue
[2025-06-20T21:33:10.945+0000] {logging_mixin.py:190} INFO - [2025-06-20T21:33:10.945+0000] {dagbag.py:588} INFO - Filling up the DagBag from /home/airflow/.local/lib/python3.12/site-packages/airflow/example_dags/example_task_group.py
[2025-06-20T21:33:10.957+0000] {processor.py:925} INFO - DAG(s) 'example_task_group' retrieved from /home/airflow/.local/lib/python3.12/site-packages/airflow/example_dags/example_task_group.py
[2025-06-20T21:33:10.982+0000] {logging_mixin.py:190} INFO - [2025-06-20T21:33:10.982+0000] {dag.py:3239} INFO - Sync 1 DAGs
[2025-06-20T21:33:10.999+0000] {logging_mixin.py:190} INFO - [2025-06-20T21:33:10.999+0000] {dag.py:4180} INFO - Setting next_dagrun for example_task_group to None, run_after=None
[2025-06-20T21:33:11.032+0000] {processor.py:208} INFO - Processing /home/airflow/.local/lib/python3.12/site-packages/airflow/example_dags/example_task_group.py took 0.098 seconds
[2025-06-20T21:33:42.051+0000] {processor.py:186} INFO - Started process (PID=979) to work on /home/airflow/.local/lib/python3.12/site-packages/airflow/example_dags/example_task_group.py
[2025-06-20T21:33:42.052+0000] {processor.py:914} INFO - Processing file /home/airflow/.local/lib/python3.12/site-packages/airflow/example_dags/example_task_group.py for tasks to queue
[2025-06-20T21:33:42.054+0000] {logging_mixin.py:190} INFO - [2025-06-20T21:33:42.054+0000] {dagbag.py:588} INFO - Filling up the DagBag from /home/airflow/.local/lib/python3.12/site-packages/airflow/example_dags/example_task_group.py
[2025-06-20T21:33:42.062+0000] {processor.py:925} INFO - DAG(s) 'example_task_group' retrieved from /home/airflow/.local/lib/python3.12/site-packages/airflow/example_dags/example_task_group.py
[2025-06-20T21:33:42.083+0000] {logging_mixin.py:190} INFO - [2025-06-20T21:33:42.083+0000] {dag.py:3239} INFO - Sync 1 DAGs
[2025-06-20T21:33:42.097+0000] {logging_mixin.py:190} INFO - [2025-06-20T21:33:42.097+0000] {dag.py:4180} INFO - Setting next_dagrun for example_task_group to None, run_after=None
[2025-06-20T21:33:42.121+0000] {processor.py:208} INFO - Processing /home/airflow/.local/lib/python3.12/site-packages/airflow/example_dags/example_task_group.py took 0.075 seconds
[2025-06-20T21:34:13.783+0000] {processor.py:186} INFO - Started process (PID=1043) to work on /home/airflow/.local/lib/python3.12/site-packages/airflow/example_dags/example_task_group.py
[2025-06-20T21:34:13.784+0000] {processor.py:914} INFO - Processing file /home/airflow/.local/lib/python3.12/site-packages/airflow/example_dags/example_task_group.py for tasks to queue
[2025-06-20T21:34:13.787+0000] {logging_mixin.py:190} INFO - [2025-06-20T21:34:13.786+0000] {dagbag.py:588} INFO - Filling up the DagBag from /home/airflow/.local/lib/python3.12/site-packages/airflow/example_dags/example_task_group.py
[2025-06-20T21:34:13.795+0000] {processor.py:925} INFO - DAG(s) 'example_task_group' retrieved from /home/airflow/.local/lib/python3.12/site-packages/airflow/example_dags/example_task_group.py
[2025-06-20T21:34:13.818+0000] {logging_mixin.py:190} INFO - [2025-06-20T21:34:13.818+0000] {dag.py:3239} INFO - Sync 1 DAGs
[2025-06-20T21:34:13.832+0000] {logging_mixin.py:190} INFO - [2025-06-20T21:34:13.832+0000] {dag.py:4180} INFO - Setting next_dagrun for example_task_group to None, run_after=None
[2025-06-20T21:34:13.856+0000] {processor.py:208} INFO - Processing /home/airflow/.local/lib/python3.12/site-packages/airflow/example_dags/example_task_group.py took 0.079 seconds
[2025-06-20T21:34:45.742+0000] {processor.py:186} INFO - Started process (PID=1107) to work on /home/airflow/.local/lib/python3.12/site-packages/airflow/example_dags/example_task_group.py
[2025-06-20T21:34:45.743+0000] {processor.py:914} INFO - Processing file /home/airflow/.local/lib/python3.12/site-packages/airflow/example_dags/example_task_group.py for tasks to queue
[2025-06-20T21:34:45.746+0000] {logging_mixin.py:190} INFO - [2025-06-20T21:34:45.745+0000] {dagbag.py:588} INFO - Filling up the DagBag from /home/airflow/.local/lib/python3.12/site-packages/airflow/example_dags/example_task_group.py
[2025-06-20T21:34:45.753+0000] {processor.py:925} INFO - DAG(s) 'example_task_group' retrieved from /home/airflow/.local/lib/python3.12/site-packages/airflow/example_dags/example_task_group.py
[2025-06-20T21:34:45.776+0000] {logging_mixin.py:190} INFO - [2025-06-20T21:34:45.776+0000] {dag.py:3239} INFO - Sync 1 DAGs
[2025-06-20T21:34:45.792+0000] {logging_mixin.py:190} INFO - [2025-06-20T21:34:45.791+0000] {dag.py:4180} INFO - Setting next_dagrun for example_task_group to None, run_after=None
[2025-06-20T21:34:46.063+0000] {processor.py:208} INFO - Processing /home/airflow/.local/lib/python3.12/site-packages/airflow/example_dags/example_task_group.py took 0.326 seconds
[2025-06-20T21:35:17.042+0000] {processor.py:186} INFO - Started process (PID=1171) to work on /home/airflow/.local/lib/python3.12/site-packages/airflow/example_dags/example_task_group.py
[2025-06-20T21:35:17.043+0000] {processor.py:914} INFO - Processing file /home/airflow/.local/lib/python3.12/site-packages/airflow/example_dags/example_task_group.py for tasks to queue
[2025-06-20T21:35:17.046+0000] {logging_mixin.py:190} INFO - [2025-06-20T21:35:17.046+0000] {dagbag.py:588} INFO - Filling up the DagBag from /home/airflow/.local/lib/python3.12/site-packages/airflow/example_dags/example_task_group.py
[2025-06-20T21:35:17.054+0000] {processor.py:925} INFO - DAG(s) 'example_task_group' retrieved from /home/airflow/.local/lib/python3.12/site-packages/airflow/example_dags/example_task_group.py
[2025-06-20T21:35:17.083+0000] {logging_mixin.py:190} INFO - [2025-06-20T21:35:17.083+0000] {dag.py:3239} INFO - Sync 1 DAGs
[2025-06-20T21:35:17.102+0000] {logging_mixin.py:190} INFO - [2025-06-20T21:35:17.102+0000] {dag.py:4180} INFO - Setting next_dagrun for example_task_group to None, run_after=None
[2025-06-20T21:35:17.159+0000] {processor.py:208} INFO - Processing /home/airflow/.local/lib/python3.12/site-packages/airflow/example_dags/example_task_group.py took 0.123 seconds
[2025-06-20T21:35:49.044+0000] {processor.py:186} INFO - Started process (PID=1235) to work on /home/airflow/.local/lib/python3.12/site-packages/airflow/example_dags/example_task_group.py
[2025-06-20T21:35:49.046+0000] {processor.py:914} INFO - Processing file /home/airflow/.local/lib/python3.12/site-packages/airflow/example_dags/example_task_group.py for tasks to queue
[2025-06-20T21:35:49.048+0000] {logging_mixin.py:190} INFO - [2025-06-20T21:35:49.048+0000] {dagbag.py:588} INFO - Filling up the DagBag from /home/airflow/.local/lib/python3.12/site-packages/airflow/example_dags/example_task_group.py
[2025-06-20T21:35:49.055+0000] {processor.py:925} INFO - DAG(s) 'example_task_group' retrieved from /home/airflow/.local/lib/python3.12/site-packages/airflow/example_dags/example_task_group.py
[2025-06-20T21:35:49.075+0000] {logging_mixin.py:190} INFO - [2025-06-20T21:35:49.075+0000] {dag.py:3239} INFO - Sync 1 DAGs
[2025-06-20T21:35:49.089+0000] {logging_mixin.py:190} INFO - [2025-06-20T21:35:49.089+0000] {dag.py:4180} INFO - Setting next_dagrun for example_task_group to None, run_after=None
[2025-06-20T21:35:49.116+0000] {processor.py:208} INFO - Processing /home/airflow/.local/lib/python3.12/site-packages/airflow/example_dags/example_task_group.py took 0.076 seconds
[2025-06-20T21:36:20.896+0000] {processor.py:186} INFO - Started process (PID=1299) to work on /home/airflow/.local/lib/python3.12/site-packages/airflow/example_dags/example_task_group.py
[2025-06-20T21:36:20.897+0000] {processor.py:914} INFO - Processing file /home/airflow/.local/lib/python3.12/site-packages/airflow/example_dags/example_task_group.py for tasks to queue
[2025-06-20T21:36:20.899+0000] {logging_mixin.py:190} INFO - [2025-06-20T21:36:20.899+0000] {dagbag.py:588} INFO - Filling up the DagBag from /home/airflow/.local/lib/python3.12/site-packages/airflow/example_dags/example_task_group.py
[2025-06-20T21:36:20.908+0000] {processor.py:925} INFO - DAG(s) 'example_task_group' retrieved from /home/airflow/.local/lib/python3.12/site-packages/airflow/example_dags/example_task_group.py
[2025-06-20T21:36:20.935+0000] {logging_mixin.py:190} INFO - [2025-06-20T21:36:20.934+0000] {dag.py:3239} INFO - Sync 1 DAGs
[2025-06-20T21:36:20.951+0000] {logging_mixin.py:190} INFO - [2025-06-20T21:36:20.950+0000] {dag.py:4180} INFO - Setting next_dagrun for example_task_group to None, run_after=None
[2025-06-20T21:36:21.002+0000] {processor.py:208} INFO - Processing /home/airflow/.local/lib/python3.12/site-packages/airflow/example_dags/example_task_group.py took 0.112 seconds
[2025-06-20T21:36:51.849+0000] {processor.py:186} INFO - Started process (PID=1363) to work on /home/airflow/.local/lib/python3.12/site-packages/airflow/example_dags/example_task_group.py
[2025-06-20T21:36:51.850+0000] {processor.py:914} INFO - Processing file /home/airflow/.local/lib/python3.12/site-packages/airflow/example_dags/example_task_group.py for tasks to queue
[2025-06-20T21:36:51.853+0000] {logging_mixin.py:190} INFO - [2025-06-20T21:36:51.852+0000] {dagbag.py:588} INFO - Filling up the DagBag from /home/airflow/.local/lib/python3.12/site-packages/airflow/example_dags/example_task_group.py
[2025-06-20T21:36:51.862+0000] {processor.py:925} INFO - DAG(s) 'example_task_group' retrieved from /home/airflow/.local/lib/python3.12/site-packages/airflow/example_dags/example_task_group.py
[2025-06-20T21:36:51.885+0000] {logging_mixin.py:190} INFO - [2025-06-20T21:36:51.884+0000] {dag.py:3239} INFO - Sync 1 DAGs
[2025-06-20T21:36:51.899+0000] {logging_mixin.py:190} INFO - [2025-06-20T21:36:51.899+0000] {dag.py:4180} INFO - Setting next_dagrun for example_task_group to None, run_after=None
[2025-06-20T21:36:51.928+0000] {processor.py:208} INFO - Processing /home/airflow/.local/lib/python3.12/site-packages/airflow/example_dags/example_task_group.py took 0.085 seconds
[2025-06-20T21:37:23.008+0000] {processor.py:186} INFO - Started process (PID=1427) to work on /home/airflow/.local/lib/python3.12/site-packages/airflow/example_dags/example_task_group.py
[2025-06-20T21:37:23.009+0000] {processor.py:914} INFO - Processing file /home/airflow/.local/lib/python3.12/site-packages/airflow/example_dags/example_task_group.py for tasks to queue
[2025-06-20T21:37:23.012+0000] {logging_mixin.py:190} INFO - [2025-06-20T21:37:23.012+0000] {dagbag.py:588} INFO - Filling up the DagBag from /home/airflow/.local/lib/python3.12/site-packages/airflow/example_dags/example_task_group.py
[2025-06-20T21:37:23.021+0000] {processor.py:925} INFO - DAG(s) 'example_task_group' retrieved from /home/airflow/.local/lib/python3.12/site-packages/airflow/example_dags/example_task_group.py
[2025-06-20T21:37:23.044+0000] {logging_mixin.py:190} INFO - [2025-06-20T21:37:23.044+0000] {dag.py:3239} INFO - Sync 1 DAGs
[2025-06-20T21:37:23.065+0000] {logging_mixin.py:190} INFO - [2025-06-20T21:37:23.064+0000] {dag.py:4180} INFO - Setting next_dagrun for example_task_group to None, run_after=None
[2025-06-20T21:37:23.118+0000] {processor.py:208} INFO - Processing /home/airflow/.local/lib/python3.12/site-packages/airflow/example_dags/example_task_group.py took 0.118 seconds
[2025-06-20T21:37:55.241+0000] {processor.py:186} INFO - Started process (PID=1492) to work on /home/airflow/.local/lib/python3.12/site-packages/airflow/example_dags/example_task_group.py
[2025-06-20T21:37:55.242+0000] {processor.py:914} INFO - Processing file /home/airflow/.local/lib/python3.12/site-packages/airflow/example_dags/example_task_group.py for tasks to queue
[2025-06-20T21:37:55.246+0000] {logging_mixin.py:190} INFO - [2025-06-20T21:37:55.245+0000] {dagbag.py:588} INFO - Filling up the DagBag from /home/airflow/.local/lib/python3.12/site-packages/airflow/example_dags/example_task_group.py
[2025-06-20T21:37:55.258+0000] {processor.py:925} INFO - DAG(s) 'example_task_group' retrieved from /home/airflow/.local/lib/python3.12/site-packages/airflow/example_dags/example_task_group.py
[2025-06-20T21:37:55.286+0000] {logging_mixin.py:190} INFO - [2025-06-20T21:37:55.286+0000] {dag.py:3239} INFO - Sync 1 DAGs
[2025-06-20T21:37:55.302+0000] {logging_mixin.py:190} INFO - [2025-06-20T21:37:55.302+0000] {dag.py:4180} INFO - Setting next_dagrun for example_task_group to None, run_after=None
[2025-06-20T21:37:55.340+0000] {processor.py:208} INFO - Processing /home/airflow/.local/lib/python3.12/site-packages/airflow/example_dags/example_task_group.py took 0.105 seconds
[2025-06-20T21:38:27.210+0000] {processor.py:186} INFO - Started process (PID=1556) to work on /home/airflow/.local/lib/python3.12/site-packages/airflow/example_dags/example_task_group.py
[2025-06-20T21:38:27.211+0000] {processor.py:914} INFO - Processing file /home/airflow/.local/lib/python3.12/site-packages/airflow/example_dags/example_task_group.py for tasks to queue
[2025-06-20T21:38:27.216+0000] {logging_mixin.py:190} INFO - [2025-06-20T21:38:27.215+0000] {dagbag.py:588} INFO - Filling up the DagBag from /home/airflow/.local/lib/python3.12/site-packages/airflow/example_dags/example_task_group.py
[2025-06-20T21:38:27.233+0000] {processor.py:925} INFO - DAG(s) 'example_task_group' retrieved from /home/airflow/.local/lib/python3.12/site-packages/airflow/example_dags/example_task_group.py
[2025-06-20T21:38:27.277+0000] {logging_mixin.py:190} INFO - [2025-06-20T21:38:27.277+0000] {dag.py:3239} INFO - Sync 1 DAGs
[2025-06-20T21:38:27.307+0000] {logging_mixin.py:190} INFO - [2025-06-20T21:38:27.307+0000] {dag.py:4180} INFO - Setting next_dagrun for example_task_group to None, run_after=None
[2025-06-20T21:38:27.356+0000] {processor.py:208} INFO - Processing /home/airflow/.local/lib/python3.12/site-packages/airflow/example_dags/example_task_group.py took 0.153 seconds
[2025-06-20T21:38:59.183+0000] {processor.py:186} INFO - Started process (PID=1626) to work on /home/airflow/.local/lib/python3.12/site-packages/airflow/example_dags/example_task_group.py
[2025-06-20T21:38:59.184+0000] {processor.py:914} INFO - Processing file /home/airflow/.local/lib/python3.12/site-packages/airflow/example_dags/example_task_group.py for tasks to queue
[2025-06-20T21:38:59.186+0000] {logging_mixin.py:190} INFO - [2025-06-20T21:38:59.186+0000] {dagbag.py:588} INFO - Filling up the DagBag from /home/airflow/.local/lib/python3.12/site-packages/airflow/example_dags/example_task_group.py
[2025-06-20T21:38:59.193+0000] {processor.py:925} INFO - DAG(s) 'example_task_group' retrieved from /home/airflow/.local/lib/python3.12/site-packages/airflow/example_dags/example_task_group.py
[2025-06-20T21:38:59.213+0000] {logging_mixin.py:190} INFO - [2025-06-20T21:38:59.213+0000] {dag.py:3239} INFO - Sync 1 DAGs
[2025-06-20T21:38:59.227+0000] {logging_mixin.py:190} INFO - [2025-06-20T21:38:59.227+0000] {dag.py:4180} INFO - Setting next_dagrun for example_task_group to None, run_after=None
[2025-06-20T21:38:59.252+0000] {processor.py:208} INFO - Processing /home/airflow/.local/lib/python3.12/site-packages/airflow/example_dags/example_task_group.py took 0.074 seconds
[2025-06-20T21:39:30.886+0000] {processor.py:186} INFO - Started process (PID=1692) to work on /home/airflow/.local/lib/python3.12/site-packages/airflow/example_dags/example_task_group.py
[2025-06-20T21:39:30.887+0000] {processor.py:914} INFO - Processing file /home/airflow/.local/lib/python3.12/site-packages/airflow/example_dags/example_task_group.py for tasks to queue
[2025-06-20T21:39:30.890+0000] {logging_mixin.py:190} INFO - [2025-06-20T21:39:30.889+0000] {dagbag.py:588} INFO - Filling up the DagBag from /home/airflow/.local/lib/python3.12/site-packages/airflow/example_dags/example_task_group.py
[2025-06-20T21:39:30.899+0000] {processor.py:925} INFO - DAG(s) 'example_task_group' retrieved from /home/airflow/.local/lib/python3.12/site-packages/airflow/example_dags/example_task_group.py
[2025-06-20T21:39:30.921+0000] {logging_mixin.py:190} INFO - [2025-06-20T21:39:30.921+0000] {dag.py:3239} INFO - Sync 1 DAGs
[2025-06-20T21:39:30.935+0000] {logging_mixin.py:190} INFO - [2025-06-20T21:39:30.934+0000] {dag.py:4180} INFO - Setting next_dagrun for example_task_group to None, run_after=None
[2025-06-20T21:39:30.959+0000] {processor.py:208} INFO - Processing /home/airflow/.local/lib/python3.12/site-packages/airflow/example_dags/example_task_group.py took 0.079 seconds
[2025-06-20T21:40:03.802+0000] {processor.py:186} INFO - Started process (PID=1764) to work on /home/airflow/.local/lib/python3.12/site-packages/airflow/example_dags/example_task_group.py
[2025-06-20T21:40:03.803+0000] {processor.py:914} INFO - Processing file /home/airflow/.local/lib/python3.12/site-packages/airflow/example_dags/example_task_group.py for tasks to queue
[2025-06-20T21:40:03.805+0000] {logging_mixin.py:190} INFO - [2025-06-20T21:40:03.805+0000] {dagbag.py:588} INFO - Filling up the DagBag from /home/airflow/.local/lib/python3.12/site-packages/airflow/example_dags/example_task_group.py
[2025-06-20T21:40:03.813+0000] {processor.py:925} INFO - DAG(s) 'example_task_group' retrieved from /home/airflow/.local/lib/python3.12/site-packages/airflow/example_dags/example_task_group.py
[2025-06-20T21:40:03.834+0000] {logging_mixin.py:190} INFO - [2025-06-20T21:40:03.834+0000] {dag.py:3239} INFO - Sync 1 DAGs
[2025-06-20T21:40:03.848+0000] {logging_mixin.py:190} INFO - [2025-06-20T21:40:03.848+0000] {dag.py:4180} INFO - Setting next_dagrun for example_task_group to None, run_after=None
[2025-06-20T21:40:03.879+0000] {processor.py:208} INFO - Processing /home/airflow/.local/lib/python3.12/site-packages/airflow/example_dags/example_task_group.py took 0.082 seconds
[2025-06-20T21:40:35.011+0000] {processor.py:186} INFO - Started process (PID=1833) to work on /home/airflow/.local/lib/python3.12/site-packages/airflow/example_dags/example_task_group.py
[2025-06-20T21:40:35.012+0000] {processor.py:914} INFO - Processing file /home/airflow/.local/lib/python3.12/site-packages/airflow/example_dags/example_task_group.py for tasks to queue
[2025-06-20T21:40:35.015+0000] {logging_mixin.py:190} INFO - [2025-06-20T21:40:35.014+0000] {dagbag.py:588} INFO - Filling up the DagBag from /home/airflow/.local/lib/python3.12/site-packages/airflow/example_dags/example_task_group.py
[2025-06-20T21:40:35.022+0000] {processor.py:925} INFO - DAG(s) 'example_task_group' retrieved from /home/airflow/.local/lib/python3.12/site-packages/airflow/example_dags/example_task_group.py
[2025-06-20T21:40:35.043+0000] {logging_mixin.py:190} INFO - [2025-06-20T21:40:35.043+0000] {dag.py:3239} INFO - Sync 1 DAGs
[2025-06-20T21:40:35.057+0000] {logging_mixin.py:190} INFO - [2025-06-20T21:40:35.057+0000] {dag.py:4180} INFO - Setting next_dagrun for example_task_group to None, run_after=None
[2025-06-20T21:40:35.085+0000] {processor.py:208} INFO - Processing /home/airflow/.local/lib/python3.12/site-packages/airflow/example_dags/example_task_group.py took 0.079 seconds
[2025-06-20T21:41:05.671+0000] {processor.py:186} INFO - Started process (PID=1897) to work on /home/airflow/.local/lib/python3.12/site-packages/airflow/example_dags/example_task_group.py
[2025-06-20T21:41:05.672+0000] {processor.py:914} INFO - Processing file /home/airflow/.local/lib/python3.12/site-packages/airflow/example_dags/example_task_group.py for tasks to queue
[2025-06-20T21:41:05.675+0000] {logging_mixin.py:190} INFO - [2025-06-20T21:41:05.675+0000] {dagbag.py:588} INFO - Filling up the DagBag from /home/airflow/.local/lib/python3.12/site-packages/airflow/example_dags/example_task_group.py
[2025-06-20T21:41:05.685+0000] {processor.py:925} INFO - DAG(s) 'example_task_group' retrieved from /home/airflow/.local/lib/python3.12/site-packages/airflow/example_dags/example_task_group.py
[2025-06-20T21:41:05.708+0000] {logging_mixin.py:190} INFO - [2025-06-20T21:41:05.708+0000] {dag.py:3239} INFO - Sync 1 DAGs
[2025-06-20T21:41:05.725+0000] {logging_mixin.py:190} INFO - [2025-06-20T21:41:05.724+0000] {dag.py:4180} INFO - Setting next_dagrun for example_task_group to None, run_after=None
[2025-06-20T21:41:05.748+0000] {processor.py:208} INFO - Processing /home/airflow/.local/lib/python3.12/site-packages/airflow/example_dags/example_task_group.py took 0.083 seconds
[2025-06-20T21:41:37.133+0000] {processor.py:186} INFO - Started process (PID=1968) to work on /home/airflow/.local/lib/python3.12/site-packages/airflow/example_dags/example_task_group.py
[2025-06-20T21:41:37.134+0000] {processor.py:914} INFO - Processing file /home/airflow/.local/lib/python3.12/site-packages/airflow/example_dags/example_task_group.py for tasks to queue
[2025-06-20T21:41:37.136+0000] {logging_mixin.py:190} INFO - [2025-06-20T21:41:37.136+0000] {dagbag.py:588} INFO - Filling up the DagBag from /home/airflow/.local/lib/python3.12/site-packages/airflow/example_dags/example_task_group.py
[2025-06-20T21:41:37.144+0000] {processor.py:925} INFO - DAG(s) 'example_task_group' retrieved from /home/airflow/.local/lib/python3.12/site-packages/airflow/example_dags/example_task_group.py
[2025-06-20T21:41:37.165+0000] {logging_mixin.py:190} INFO - [2025-06-20T21:41:37.165+0000] {dag.py:3239} INFO - Sync 1 DAGs
[2025-06-20T21:41:37.182+0000] {logging_mixin.py:190} INFO - [2025-06-20T21:41:37.181+0000] {dag.py:4180} INFO - Setting next_dagrun for example_task_group to None, run_after=None
[2025-06-20T21:41:37.224+0000] {processor.py:208} INFO - Processing /home/airflow/.local/lib/python3.12/site-packages/airflow/example_dags/example_task_group.py took 0.096 seconds
[2025-06-20T21:42:09.778+0000] {processor.py:186} INFO - Started process (PID=2038) to work on /home/airflow/.local/lib/python3.12/site-packages/airflow/example_dags/example_task_group.py
[2025-06-20T21:42:09.780+0000] {processor.py:914} INFO - Processing file /home/airflow/.local/lib/python3.12/site-packages/airflow/example_dags/example_task_group.py for tasks to queue
[2025-06-20T21:42:09.783+0000] {logging_mixin.py:190} INFO - [2025-06-20T21:42:09.783+0000] {dagbag.py:588} INFO - Filling up the DagBag from /home/airflow/.local/lib/python3.12/site-packages/airflow/example_dags/example_task_group.py
[2025-06-20T21:42:09.795+0000] {processor.py:925} INFO - DAG(s) 'example_task_group' retrieved from /home/airflow/.local/lib/python3.12/site-packages/airflow/example_dags/example_task_group.py
[2025-06-20T21:42:09.827+0000] {logging_mixin.py:190} INFO - [2025-06-20T21:42:09.826+0000] {dag.py:3239} INFO - Sync 1 DAGs
[2025-06-20T21:42:09.851+0000] {logging_mixin.py:190} INFO - [2025-06-20T21:42:09.851+0000] {dag.py:4180} INFO - Setting next_dagrun for example_task_group to None, run_after=None
[2025-06-20T21:42:09.873+0000] {processor.py:208} INFO - Processing /home/airflow/.local/lib/python3.12/site-packages/airflow/example_dags/example_task_group.py took 0.102 seconds
[2025-06-20T21:42:40.862+0000] {processor.py:186} INFO - Started process (PID=2102) to work on /home/airflow/.local/lib/python3.12/site-packages/airflow/example_dags/example_task_group.py
[2025-06-20T21:42:40.863+0000] {processor.py:914} INFO - Processing file /home/airflow/.local/lib/python3.12/site-packages/airflow/example_dags/example_task_group.py for tasks to queue
[2025-06-20T21:42:40.866+0000] {logging_mixin.py:190} INFO - [2025-06-20T21:42:40.865+0000] {dagbag.py:588} INFO - Filling up the DagBag from /home/airflow/.local/lib/python3.12/site-packages/airflow/example_dags/example_task_group.py
[2025-06-20T21:42:40.874+0000] {processor.py:925} INFO - DAG(s) 'example_task_group' retrieved from /home/airflow/.local/lib/python3.12/site-packages/airflow/example_dags/example_task_group.py
[2025-06-20T21:42:40.895+0000] {logging_mixin.py:190} INFO - [2025-06-20T21:42:40.894+0000] {dag.py:3239} INFO - Sync 1 DAGs
[2025-06-20T21:42:40.908+0000] {logging_mixin.py:190} INFO - [2025-06-20T21:42:40.908+0000] {dag.py:4180} INFO - Setting next_dagrun for example_task_group to None, run_after=None
[2025-06-20T21:42:40.937+0000] {processor.py:208} INFO - Processing /home/airflow/.local/lib/python3.12/site-packages/airflow/example_dags/example_task_group.py took 0.082 seconds
[2025-06-20T21:43:12.862+0000] {processor.py:186} INFO - Started process (PID=2166) to work on /home/airflow/.local/lib/python3.12/site-packages/airflow/example_dags/example_task_group.py
[2025-06-20T21:43:12.864+0000] {processor.py:914} INFO - Processing file /home/airflow/.local/lib/python3.12/site-packages/airflow/example_dags/example_task_group.py for tasks to queue
[2025-06-20T21:43:12.869+0000] {logging_mixin.py:190} INFO - [2025-06-20T21:43:12.868+0000] {dagbag.py:588} INFO - Filling up the DagBag from /home/airflow/.local/lib/python3.12/site-packages/airflow/example_dags/example_task_group.py
[2025-06-20T21:43:12.879+0000] {processor.py:925} INFO - DAG(s) 'example_task_group' retrieved from /home/airflow/.local/lib/python3.12/site-packages/airflow/example_dags/example_task_group.py
[2025-06-20T21:43:12.907+0000] {logging_mixin.py:190} INFO - [2025-06-20T21:43:12.907+0000] {dag.py:3239} INFO - Sync 1 DAGs
[2025-06-20T21:43:12.929+0000] {logging_mixin.py:190} INFO - [2025-06-20T21:43:12.929+0000] {dag.py:4180} INFO - Setting next_dagrun for example_task_group to None, run_after=None
[2025-06-20T21:43:12.965+0000] {processor.py:208} INFO - Processing /home/airflow/.local/lib/python3.12/site-packages/airflow/example_dags/example_task_group.py took 0.110 seconds
[2025-06-20T21:43:44.306+0000] {processor.py:186} INFO - Started process (PID=2232) to work on /home/airflow/.local/lib/python3.12/site-packages/airflow/example_dags/example_task_group.py
[2025-06-20T21:43:44.307+0000] {processor.py:914} INFO - Processing file /home/airflow/.local/lib/python3.12/site-packages/airflow/example_dags/example_task_group.py for tasks to queue
[2025-06-20T21:43:44.309+0000] {logging_mixin.py:190} INFO - [2025-06-20T21:43:44.309+0000] {dagbag.py:588} INFO - Filling up the DagBag from /home/airflow/.local/lib/python3.12/site-packages/airflow/example_dags/example_task_group.py
[2025-06-20T21:43:44.317+0000] {processor.py:925} INFO - DAG(s) 'example_task_group' retrieved from /home/airflow/.local/lib/python3.12/site-packages/airflow/example_dags/example_task_group.py
[2025-06-20T21:43:44.338+0000] {logging_mixin.py:190} INFO - [2025-06-20T21:43:44.337+0000] {dag.py:3239} INFO - Sync 1 DAGs
[2025-06-20T21:43:44.351+0000] {logging_mixin.py:190} INFO - [2025-06-20T21:43:44.351+0000] {dag.py:4180} INFO - Setting next_dagrun for example_task_group to None, run_after=None
[2025-06-20T21:43:44.373+0000] {processor.py:208} INFO - Processing /home/airflow/.local/lib/python3.12/site-packages/airflow/example_dags/example_task_group.py took 0.073 seconds
[2025-06-20T21:44:15.642+0000] {processor.py:186} INFO - Started process (PID=2302) to work on /home/airflow/.local/lib/python3.12/site-packages/airflow/example_dags/example_task_group.py
[2025-06-20T21:44:15.644+0000] {processor.py:914} INFO - Processing file /home/airflow/.local/lib/python3.12/site-packages/airflow/example_dags/example_task_group.py for tasks to queue
[2025-06-20T21:44:15.646+0000] {logging_mixin.py:190} INFO - [2025-06-20T21:44:15.646+0000] {dagbag.py:588} INFO - Filling up the DagBag from /home/airflow/.local/lib/python3.12/site-packages/airflow/example_dags/example_task_group.py
[2025-06-20T21:44:15.653+0000] {processor.py:925} INFO - DAG(s) 'example_task_group' retrieved from /home/airflow/.local/lib/python3.12/site-packages/airflow/example_dags/example_task_group.py
[2025-06-20T21:44:15.674+0000] {logging_mixin.py:190} INFO - [2025-06-20T21:44:15.674+0000] {dag.py:3239} INFO - Sync 1 DAGs
[2025-06-20T21:44:15.689+0000] {logging_mixin.py:190} INFO - [2025-06-20T21:44:15.689+0000] {dag.py:4180} INFO - Setting next_dagrun for example_task_group to None, run_after=None
[2025-06-20T21:44:15.721+0000] {processor.py:208} INFO - Processing /home/airflow/.local/lib/python3.12/site-packages/airflow/example_dags/example_task_group.py took 0.083 seconds
[2025-06-20T21:44:47.046+0000] {processor.py:186} INFO - Started process (PID=2366) to work on /home/airflow/.local/lib/python3.12/site-packages/airflow/example_dags/example_task_group.py
[2025-06-20T21:44:47.047+0000] {processor.py:914} INFO - Processing file /home/airflow/.local/lib/python3.12/site-packages/airflow/example_dags/example_task_group.py for tasks to queue
[2025-06-20T21:44:47.050+0000] {logging_mixin.py:190} INFO - [2025-06-20T21:44:47.050+0000] {dagbag.py:588} INFO - Filling up the DagBag from /home/airflow/.local/lib/python3.12/site-packages/airflow/example_dags/example_task_group.py
[2025-06-20T21:44:47.061+0000] {processor.py:925} INFO - DAG(s) 'example_task_group' retrieved from /home/airflow/.local/lib/python3.12/site-packages/airflow/example_dags/example_task_group.py
[2025-06-20T21:44:47.085+0000] {logging_mixin.py:190} INFO - [2025-06-20T21:44:47.085+0000] {dag.py:3239} INFO - Sync 1 DAGs
[2025-06-20T21:44:47.101+0000] {logging_mixin.py:190} INFO - [2025-06-20T21:44:47.101+0000] {dag.py:4180} INFO - Setting next_dagrun for example_task_group to None, run_after=None
[2025-06-20T21:44:47.129+0000] {processor.py:208} INFO - Processing /home/airflow/.local/lib/python3.12/site-packages/airflow/example_dags/example_task_group.py took 0.089 seconds
[2025-06-20T21:45:19.197+0000] {processor.py:186} INFO - Started process (PID=2431) to work on /home/airflow/.local/lib/python3.12/site-packages/airflow/example_dags/example_task_group.py
[2025-06-20T21:45:19.198+0000] {processor.py:914} INFO - Processing file /home/airflow/.local/lib/python3.12/site-packages/airflow/example_dags/example_task_group.py for tasks to queue
[2025-06-20T21:45:19.201+0000] {logging_mixin.py:190} INFO - [2025-06-20T21:45:19.201+0000] {dagbag.py:588} INFO - Filling up the DagBag from /home/airflow/.local/lib/python3.12/site-packages/airflow/example_dags/example_task_group.py
[2025-06-20T21:45:19.209+0000] {processor.py:925} INFO - DAG(s) 'example_task_group' retrieved from /home/airflow/.local/lib/python3.12/site-packages/airflow/example_dags/example_task_group.py
[2025-06-20T21:45:19.233+0000] {logging_mixin.py:190} INFO - [2025-06-20T21:45:19.232+0000] {dag.py:3239} INFO - Sync 1 DAGs
[2025-06-20T21:45:19.251+0000] {logging_mixin.py:190} INFO - [2025-06-20T21:45:19.250+0000] {dag.py:4180} INFO - Setting next_dagrun for example_task_group to None, run_after=None
[2025-06-20T21:45:19.288+0000] {processor.py:208} INFO - Processing /home/airflow/.local/lib/python3.12/site-packages/airflow/example_dags/example_task_group.py took 0.096 seconds
[2025-06-20T21:45:51.393+0000] {processor.py:186} INFO - Started process (PID=2494) to work on /home/airflow/.local/lib/python3.12/site-packages/airflow/example_dags/example_task_group.py
[2025-06-20T21:45:51.394+0000] {processor.py:914} INFO - Processing file /home/airflow/.local/lib/python3.12/site-packages/airflow/example_dags/example_task_group.py for tasks to queue
[2025-06-20T21:45:51.397+0000] {logging_mixin.py:190} INFO - [2025-06-20T21:45:51.397+0000] {dagbag.py:588} INFO - Filling up the DagBag from /home/airflow/.local/lib/python3.12/site-packages/airflow/example_dags/example_task_group.py
[2025-06-20T21:45:51.405+0000] {processor.py:925} INFO - DAG(s) 'example_task_group' retrieved from /home/airflow/.local/lib/python3.12/site-packages/airflow/example_dags/example_task_group.py
[2025-06-20T21:45:51.428+0000] {logging_mixin.py:190} INFO - [2025-06-20T21:45:51.427+0000] {dag.py:3239} INFO - Sync 1 DAGs
[2025-06-20T21:45:51.441+0000] {logging_mixin.py:190} INFO - [2025-06-20T21:45:51.441+0000] {dag.py:4180} INFO - Setting next_dagrun for example_task_group to None, run_after=None
[2025-06-20T21:45:51.617+0000] {processor.py:208} INFO - Processing /home/airflow/.local/lib/python3.12/site-packages/airflow/example_dags/example_task_group.py took 0.229 seconds
[2025-06-20T21:46:22.844+0000] {processor.py:186} INFO - Started process (PID=2558) to work on /home/airflow/.local/lib/python3.12/site-packages/airflow/example_dags/example_task_group.py
[2025-06-20T21:46:22.846+0000] {processor.py:914} INFO - Processing file /home/airflow/.local/lib/python3.12/site-packages/airflow/example_dags/example_task_group.py for tasks to queue
[2025-06-20T21:46:22.848+0000] {logging_mixin.py:190} INFO - [2025-06-20T21:46:22.848+0000] {dagbag.py:588} INFO - Filling up the DagBag from /home/airflow/.local/lib/python3.12/site-packages/airflow/example_dags/example_task_group.py
[2025-06-20T21:46:22.857+0000] {processor.py:925} INFO - DAG(s) 'example_task_group' retrieved from /home/airflow/.local/lib/python3.12/site-packages/airflow/example_dags/example_task_group.py
[2025-06-20T21:46:22.879+0000] {logging_mixin.py:190} INFO - [2025-06-20T21:46:22.879+0000] {dag.py:3239} INFO - Sync 1 DAGs
[2025-06-20T21:46:22.893+0000] {logging_mixin.py:190} INFO - [2025-06-20T21:46:22.893+0000] {dag.py:4180} INFO - Setting next_dagrun for example_task_group to None, run_after=None
[2025-06-20T21:46:22.926+0000] {processor.py:208} INFO - Processing /home/airflow/.local/lib/python3.12/site-packages/airflow/example_dags/example_task_group.py took 0.087 seconds
[2025-06-20T21:46:53.623+0000] {processor.py:186} INFO - Started process (PID=2622) to work on /home/airflow/.local/lib/python3.12/site-packages/airflow/example_dags/example_task_group.py
[2025-06-20T21:46:53.624+0000] {processor.py:914} INFO - Processing file /home/airflow/.local/lib/python3.12/site-packages/airflow/example_dags/example_task_group.py for tasks to queue
[2025-06-20T21:46:53.627+0000] {logging_mixin.py:190} INFO - [2025-06-20T21:46:53.626+0000] {dagbag.py:588} INFO - Filling up the DagBag from /home/airflow/.local/lib/python3.12/site-packages/airflow/example_dags/example_task_group.py
[2025-06-20T21:46:53.635+0000] {processor.py:925} INFO - DAG(s) 'example_task_group' retrieved from /home/airflow/.local/lib/python3.12/site-packages/airflow/example_dags/example_task_group.py
[2025-06-20T21:46:53.657+0000] {logging_mixin.py:190} INFO - [2025-06-20T21:46:53.657+0000] {dag.py:3239} INFO - Sync 1 DAGs
[2025-06-20T21:46:53.672+0000] {logging_mixin.py:190} INFO - [2025-06-20T21:46:53.672+0000] {dag.py:4180} INFO - Setting next_dagrun for example_task_group to None, run_after=None
[2025-06-20T21:46:53.780+0000] {processor.py:208} INFO - Processing /home/airflow/.local/lib/python3.12/site-packages/airflow/example_dags/example_task_group.py took 0.162 seconds
[2025-06-20T21:47:24.914+0000] {processor.py:186} INFO - Started process (PID=2686) to work on /home/airflow/.local/lib/python3.12/site-packages/airflow/example_dags/example_task_group.py
[2025-06-20T21:47:24.915+0000] {processor.py:914} INFO - Processing file /home/airflow/.local/lib/python3.12/site-packages/airflow/example_dags/example_task_group.py for tasks to queue
[2025-06-20T21:47:24.919+0000] {logging_mixin.py:190} INFO - [2025-06-20T21:47:24.918+0000] {dagbag.py:588} INFO - Filling up the DagBag from /home/airflow/.local/lib/python3.12/site-packages/airflow/example_dags/example_task_group.py
[2025-06-20T21:47:24.927+0000] {processor.py:925} INFO - DAG(s) 'example_task_group' retrieved from /home/airflow/.local/lib/python3.12/site-packages/airflow/example_dags/example_task_group.py
[2025-06-20T21:47:24.954+0000] {logging_mixin.py:190} INFO - [2025-06-20T21:47:24.954+0000] {dag.py:3239} INFO - Sync 1 DAGs
[2025-06-20T21:47:24.973+0000] {logging_mixin.py:190} INFO - [2025-06-20T21:47:24.972+0000] {dag.py:4180} INFO - Setting next_dagrun for example_task_group to None, run_after=None
[2025-06-20T21:47:25.007+0000] {processor.py:208} INFO - Processing /home/airflow/.local/lib/python3.12/site-packages/airflow/example_dags/example_task_group.py took 0.103 seconds
[2025-06-20T21:47:57.162+0000] {processor.py:186} INFO - Started process (PID=2751) to work on /home/airflow/.local/lib/python3.12/site-packages/airflow/example_dags/example_task_group.py
[2025-06-20T21:47:57.164+0000] {processor.py:914} INFO - Processing file /home/airflow/.local/lib/python3.12/site-packages/airflow/example_dags/example_task_group.py for tasks to queue
[2025-06-20T21:47:57.167+0000] {logging_mixin.py:190} INFO - [2025-06-20T21:47:57.167+0000] {dagbag.py:588} INFO - Filling up the DagBag from /home/airflow/.local/lib/python3.12/site-packages/airflow/example_dags/example_task_group.py
[2025-06-20T21:47:57.175+0000] {processor.py:925} INFO - DAG(s) 'example_task_group' retrieved from /home/airflow/.local/lib/python3.12/site-packages/airflow/example_dags/example_task_group.py
[2025-06-20T21:47:57.198+0000] {logging_mixin.py:190} INFO - [2025-06-20T21:47:57.198+0000] {dag.py:3239} INFO - Sync 1 DAGs
[2025-06-20T21:47:57.214+0000] {logging_mixin.py:190} INFO - [2025-06-20T21:47:57.214+0000] {dag.py:4180} INFO - Setting next_dagrun for example_task_group to None, run_after=None
[2025-06-20T21:47:57.239+0000] {processor.py:208} INFO - Processing /home/airflow/.local/lib/python3.12/site-packages/airflow/example_dags/example_task_group.py took 0.082 seconds
[2025-06-20T21:48:28.168+0000] {processor.py:186} INFO - Started process (PID=2814) to work on /home/airflow/.local/lib/python3.12/site-packages/airflow/example_dags/example_task_group.py
[2025-06-20T21:48:28.169+0000] {processor.py:914} INFO - Processing file /home/airflow/.local/lib/python3.12/site-packages/airflow/example_dags/example_task_group.py for tasks to queue
[2025-06-20T21:48:28.172+0000] {logging_mixin.py:190} INFO - [2025-06-20T21:48:28.172+0000] {dagbag.py:588} INFO - Filling up the DagBag from /home/airflow/.local/lib/python3.12/site-packages/airflow/example_dags/example_task_group.py
[2025-06-20T21:48:28.180+0000] {processor.py:925} INFO - DAG(s) 'example_task_group' retrieved from /home/airflow/.local/lib/python3.12/site-packages/airflow/example_dags/example_task_group.py
[2025-06-20T21:48:28.202+0000] {logging_mixin.py:190} INFO - [2025-06-20T21:48:28.202+0000] {dag.py:3239} INFO - Sync 1 DAGs
[2025-06-20T21:48:28.217+0000] {logging_mixin.py:190} INFO - [2025-06-20T21:48:28.217+0000] {dag.py:4180} INFO - Setting next_dagrun for example_task_group to None, run_after=None
[2025-06-20T21:48:28.248+0000] {processor.py:208} INFO - Processing /home/airflow/.local/lib/python3.12/site-packages/airflow/example_dags/example_task_group.py took 0.084 seconds
[2025-06-20T21:48:59.353+0000] {processor.py:186} INFO - Started process (PID=2879) to work on /home/airflow/.local/lib/python3.12/site-packages/airflow/example_dags/example_task_group.py
[2025-06-20T21:48:59.354+0000] {processor.py:914} INFO - Processing file /home/airflow/.local/lib/python3.12/site-packages/airflow/example_dags/example_task_group.py for tasks to queue
[2025-06-20T21:48:59.357+0000] {logging_mixin.py:190} INFO - [2025-06-20T21:48:59.357+0000] {dagbag.py:588} INFO - Filling up the DagBag from /home/airflow/.local/lib/python3.12/site-packages/airflow/example_dags/example_task_group.py
[2025-06-20T21:48:59.368+0000] {processor.py:925} INFO - DAG(s) 'example_task_group' retrieved from /home/airflow/.local/lib/python3.12/site-packages/airflow/example_dags/example_task_group.py
[2025-06-20T21:48:59.400+0000] {logging_mixin.py:190} INFO - [2025-06-20T21:48:59.399+0000] {dag.py:3239} INFO - Sync 1 DAGs
[2025-06-20T21:48:59.429+0000] {logging_mixin.py:190} INFO - [2025-06-20T21:48:59.428+0000] {dag.py:4180} INFO - Setting next_dagrun for example_task_group to None, run_after=None
[2025-06-20T21:48:59.478+0000] {processor.py:208} INFO - Processing /home/airflow/.local/lib/python3.12/site-packages/airflow/example_dags/example_task_group.py took 0.130 seconds
[2025-06-20T21:49:30.532+0000] {processor.py:186} INFO - Started process (PID=2942) to work on /home/airflow/.local/lib/python3.12/site-packages/airflow/example_dags/example_task_group.py
[2025-06-20T21:49:30.533+0000] {processor.py:914} INFO - Processing file /home/airflow/.local/lib/python3.12/site-packages/airflow/example_dags/example_task_group.py for tasks to queue
[2025-06-20T21:49:30.536+0000] {logging_mixin.py:190} INFO - [2025-06-20T21:49:30.536+0000] {dagbag.py:588} INFO - Filling up the DagBag from /home/airflow/.local/lib/python3.12/site-packages/airflow/example_dags/example_task_group.py
[2025-06-20T21:49:30.544+0000] {processor.py:925} INFO - DAG(s) 'example_task_group' retrieved from /home/airflow/.local/lib/python3.12/site-packages/airflow/example_dags/example_task_group.py
[2025-06-20T21:49:30.564+0000] {logging_mixin.py:190} INFO - [2025-06-20T21:49:30.564+0000] {dag.py:3239} INFO - Sync 1 DAGs
[2025-06-20T21:49:30.578+0000] {logging_mixin.py:190} INFO - [2025-06-20T21:49:30.578+0000] {dag.py:4180} INFO - Setting next_dagrun for example_task_group to None, run_after=None
[2025-06-20T21:49:30.610+0000] {processor.py:208} INFO - Processing /home/airflow/.local/lib/python3.12/site-packages/airflow/example_dags/example_task_group.py took 0.084 seconds
[2025-06-20T21:50:02.127+0000] {processor.py:186} INFO - Started process (PID=3006) to work on /home/airflow/.local/lib/python3.12/site-packages/airflow/example_dags/example_task_group.py
[2025-06-20T21:50:02.128+0000] {processor.py:914} INFO - Processing file /home/airflow/.local/lib/python3.12/site-packages/airflow/example_dags/example_task_group.py for tasks to queue
[2025-06-20T21:50:02.131+0000] {logging_mixin.py:190} INFO - [2025-06-20T21:50:02.130+0000] {dagbag.py:588} INFO - Filling up the DagBag from /home/airflow/.local/lib/python3.12/site-packages/airflow/example_dags/example_task_group.py
[2025-06-20T21:50:02.139+0000] {processor.py:925} INFO - DAG(s) 'example_task_group' retrieved from /home/airflow/.local/lib/python3.12/site-packages/airflow/example_dags/example_task_group.py
[2025-06-20T21:50:02.159+0000] {logging_mixin.py:190} INFO - [2025-06-20T21:50:02.159+0000] {dag.py:3239} INFO - Sync 1 DAGs
[2025-06-20T21:50:02.173+0000] {logging_mixin.py:190} INFO - [2025-06-20T21:50:02.173+0000] {dag.py:4180} INFO - Setting next_dagrun for example_task_group to None, run_after=None
[2025-06-20T21:50:02.196+0000] {processor.py:208} INFO - Processing /home/airflow/.local/lib/python3.12/site-packages/airflow/example_dags/example_task_group.py took 0.074 seconds
[2025-06-20T21:50:34.894+0000] {processor.py:186} INFO - Started process (PID=3071) to work on /home/airflow/.local/lib/python3.12/site-packages/airflow/example_dags/example_task_group.py
[2025-06-20T21:50:34.895+0000] {processor.py:914} INFO - Processing file /home/airflow/.local/lib/python3.12/site-packages/airflow/example_dags/example_task_group.py for tasks to queue
[2025-06-20T21:50:34.897+0000] {logging_mixin.py:190} INFO - [2025-06-20T21:50:34.897+0000] {dagbag.py:588} INFO - Filling up the DagBag from /home/airflow/.local/lib/python3.12/site-packages/airflow/example_dags/example_task_group.py
[2025-06-20T21:50:34.904+0000] {processor.py:925} INFO - DAG(s) 'example_task_group' retrieved from /home/airflow/.local/lib/python3.12/site-packages/airflow/example_dags/example_task_group.py
[2025-06-20T21:50:34.925+0000] {logging_mixin.py:190} INFO - [2025-06-20T21:50:34.925+0000] {dag.py:3239} INFO - Sync 1 DAGs
[2025-06-20T21:50:34.938+0000] {logging_mixin.py:190} INFO - [2025-06-20T21:50:34.938+0000] {dag.py:4180} INFO - Setting next_dagrun for example_task_group to None, run_after=None
[2025-06-20T21:50:34.961+0000] {processor.py:208} INFO - Processing /home/airflow/.local/lib/python3.12/site-packages/airflow/example_dags/example_task_group.py took 0.072 seconds
[2025-06-20T21:51:08.264+0000] {processor.py:186} INFO - Started process (PID=3137) to work on /home/airflow/.local/lib/python3.12/site-packages/airflow/example_dags/example_task_group.py
[2025-06-20T21:51:08.265+0000] {processor.py:914} INFO - Processing file /home/airflow/.local/lib/python3.12/site-packages/airflow/example_dags/example_task_group.py for tasks to queue
[2025-06-20T21:51:08.268+0000] {logging_mixin.py:190} INFO - [2025-06-20T21:51:08.268+0000] {dagbag.py:588} INFO - Filling up the DagBag from /home/airflow/.local/lib/python3.12/site-packages/airflow/example_dags/example_task_group.py
[2025-06-20T21:51:08.276+0000] {processor.py:925} INFO - DAG(s) 'example_task_group' retrieved from /home/airflow/.local/lib/python3.12/site-packages/airflow/example_dags/example_task_group.py
[2025-06-20T21:51:08.297+0000] {logging_mixin.py:190} INFO - [2025-06-20T21:51:08.297+0000] {dag.py:3239} INFO - Sync 1 DAGs
[2025-06-20T21:51:08.311+0000] {logging_mixin.py:190} INFO - [2025-06-20T21:51:08.311+0000] {dag.py:4180} INFO - Setting next_dagrun for example_task_group to None, run_after=None
[2025-06-20T21:51:08.343+0000] {processor.py:208} INFO - Processing /home/airflow/.local/lib/python3.12/site-packages/airflow/example_dags/example_task_group.py took 0.084 seconds
[2025-06-20T21:51:41.015+0000] {processor.py:186} INFO - Started process (PID=3202) to work on /home/airflow/.local/lib/python3.12/site-packages/airflow/example_dags/example_task_group.py
[2025-06-20T21:51:41.016+0000] {processor.py:914} INFO - Processing file /home/airflow/.local/lib/python3.12/site-packages/airflow/example_dags/example_task_group.py for tasks to queue
[2025-06-20T21:51:41.018+0000] {logging_mixin.py:190} INFO - [2025-06-20T21:51:41.018+0000] {dagbag.py:588} INFO - Filling up the DagBag from /home/airflow/.local/lib/python3.12/site-packages/airflow/example_dags/example_task_group.py
[2025-06-20T21:51:41.027+0000] {processor.py:925} INFO - DAG(s) 'example_task_group' retrieved from /home/airflow/.local/lib/python3.12/site-packages/airflow/example_dags/example_task_group.py
[2025-06-20T21:51:41.048+0000] {logging_mixin.py:190} INFO - [2025-06-20T21:51:41.047+0000] {dag.py:3239} INFO - Sync 1 DAGs
[2025-06-20T21:51:41.206+0000] {logging_mixin.py:190} INFO - [2025-06-20T21:51:41.206+0000] {dag.py:4180} INFO - Setting next_dagrun for example_task_group to None, run_after=None
[2025-06-20T21:51:41.251+0000] {processor.py:208} INFO - Processing /home/airflow/.local/lib/python3.12/site-packages/airflow/example_dags/example_task_group.py took 0.241 seconds
[2025-06-20T21:52:11.945+0000] {processor.py:186} INFO - Started process (PID=3265) to work on /home/airflow/.local/lib/python3.12/site-packages/airflow/example_dags/example_task_group.py
[2025-06-20T21:52:11.946+0000] {processor.py:914} INFO - Processing file /home/airflow/.local/lib/python3.12/site-packages/airflow/example_dags/example_task_group.py for tasks to queue
[2025-06-20T21:52:11.948+0000] {logging_mixin.py:190} INFO - [2025-06-20T21:52:11.948+0000] {dagbag.py:588} INFO - Filling up the DagBag from /home/airflow/.local/lib/python3.12/site-packages/airflow/example_dags/example_task_group.py
[2025-06-20T21:52:11.957+0000] {processor.py:925} INFO - DAG(s) 'example_task_group' retrieved from /home/airflow/.local/lib/python3.12/site-packages/airflow/example_dags/example_task_group.py
[2025-06-20T21:52:11.979+0000] {logging_mixin.py:190} INFO - [2025-06-20T21:52:11.979+0000] {dag.py:3239} INFO - Sync 1 DAGs
[2025-06-20T21:52:11.994+0000] {logging_mixin.py:190} INFO - [2025-06-20T21:52:11.994+0000] {dag.py:4180} INFO - Setting next_dagrun for example_task_group to None, run_after=None
[2025-06-20T21:52:12.177+0000] {processor.py:208} INFO - Processing /home/airflow/.local/lib/python3.12/site-packages/airflow/example_dags/example_task_group.py took 0.237 seconds
[2025-06-20T21:52:42.886+0000] {processor.py:186} INFO - Started process (PID=3329) to work on /home/airflow/.local/lib/python3.12/site-packages/airflow/example_dags/example_task_group.py
[2025-06-20T21:52:42.887+0000] {processor.py:914} INFO - Processing file /home/airflow/.local/lib/python3.12/site-packages/airflow/example_dags/example_task_group.py for tasks to queue
[2025-06-20T21:52:42.889+0000] {logging_mixin.py:190} INFO - [2025-06-20T21:52:42.889+0000] {dagbag.py:588} INFO - Filling up the DagBag from /home/airflow/.local/lib/python3.12/site-packages/airflow/example_dags/example_task_group.py
[2025-06-20T21:52:42.897+0000] {processor.py:925} INFO - DAG(s) 'example_task_group' retrieved from /home/airflow/.local/lib/python3.12/site-packages/airflow/example_dags/example_task_group.py
[2025-06-20T21:52:42.922+0000] {logging_mixin.py:190} INFO - [2025-06-20T21:52:42.922+0000] {dag.py:3239} INFO - Sync 1 DAGs
[2025-06-20T21:52:42.939+0000] {logging_mixin.py:190} INFO - [2025-06-20T21:52:42.938+0000] {dag.py:4180} INFO - Setting next_dagrun for example_task_group to None, run_after=None
[2025-06-20T21:52:42.978+0000] {processor.py:208} INFO - Processing /home/airflow/.local/lib/python3.12/site-packages/airflow/example_dags/example_task_group.py took 0.098 seconds
[2025-06-20T21:53:13.148+0000] {processor.py:186} INFO - Started process (PID=3392) to work on /home/airflow/.local/lib/python3.12/site-packages/airflow/example_dags/example_task_group.py
[2025-06-20T21:53:13.149+0000] {processor.py:914} INFO - Processing file /home/airflow/.local/lib/python3.12/site-packages/airflow/example_dags/example_task_group.py for tasks to queue
[2025-06-20T21:53:13.152+0000] {logging_mixin.py:190} INFO - [2025-06-20T21:53:13.151+0000] {dagbag.py:588} INFO - Filling up the DagBag from /home/airflow/.local/lib/python3.12/site-packages/airflow/example_dags/example_task_group.py
[2025-06-20T21:53:13.159+0000] {processor.py:925} INFO - DAG(s) 'example_task_group' retrieved from /home/airflow/.local/lib/python3.12/site-packages/airflow/example_dags/example_task_group.py
[2025-06-20T21:53:13.180+0000] {logging_mixin.py:190} INFO - [2025-06-20T21:53:13.180+0000] {dag.py:3239} INFO - Sync 1 DAGs
[2025-06-20T21:53:13.194+0000] {logging_mixin.py:190} INFO - [2025-06-20T21:53:13.194+0000] {dag.py:4180} INFO - Setting next_dagrun for example_task_group to None, run_after=None
[2025-06-20T21:53:13.217+0000] {processor.py:208} INFO - Processing /home/airflow/.local/lib/python3.12/site-packages/airflow/example_dags/example_task_group.py took 0.074 seconds
[2025-06-20T21:53:43.418+0000] {processor.py:186} INFO - Started process (PID=3456) to work on /home/airflow/.local/lib/python3.12/site-packages/airflow/example_dags/example_task_group.py
[2025-06-20T21:53:43.420+0000] {processor.py:914} INFO - Processing file /home/airflow/.local/lib/python3.12/site-packages/airflow/example_dags/example_task_group.py for tasks to queue
[2025-06-20T21:53:43.422+0000] {logging_mixin.py:190} INFO - [2025-06-20T21:53:43.422+0000] {dagbag.py:588} INFO - Filling up the DagBag from /home/airflow/.local/lib/python3.12/site-packages/airflow/example_dags/example_task_group.py
[2025-06-20T21:53:43.430+0000] {processor.py:925} INFO - DAG(s) 'example_task_group' retrieved from /home/airflow/.local/lib/python3.12/site-packages/airflow/example_dags/example_task_group.py
[2025-06-20T21:53:43.450+0000] {logging_mixin.py:190} INFO - [2025-06-20T21:53:43.450+0000] {dag.py:3239} INFO - Sync 1 DAGs
[2025-06-20T21:53:43.464+0000] {logging_mixin.py:190} INFO - [2025-06-20T21:53:43.463+0000] {dag.py:4180} INFO - Setting next_dagrun for example_task_group to None, run_after=None
[2025-06-20T21:53:43.489+0000] {processor.py:208} INFO - Processing /home/airflow/.local/lib/python3.12/site-packages/airflow/example_dags/example_task_group.py took 0.076 seconds
[2025-06-20T21:55:56.758+0000] {processor.py:186} INFO - Started process (PID=123) to work on /home/airflow/.local/lib/python3.12/site-packages/airflow/example_dags/example_task_group.py
[2025-06-20T21:55:56.759+0000] {processor.py:914} INFO - Processing file /home/airflow/.local/lib/python3.12/site-packages/airflow/example_dags/example_task_group.py for tasks to queue
[2025-06-20T21:55:56.763+0000] {logging_mixin.py:190} INFO - [2025-06-20T21:55:56.762+0000] {dagbag.py:588} INFO - Filling up the DagBag from /home/airflow/.local/lib/python3.12/site-packages/airflow/example_dags/example_task_group.py
[2025-06-20T21:55:56.775+0000] {processor.py:925} INFO - DAG(s) 'example_task_group' retrieved from /home/airflow/.local/lib/python3.12/site-packages/airflow/example_dags/example_task_group.py
[2025-06-20T21:55:56.956+0000] {logging_mixin.py:190} INFO - [2025-06-20T21:55:56.953+0000] {override.py:1911} INFO - Created Permission View: can delete on DAG:example_task_group
[2025-06-20T21:55:57.092+0000] {logging_mixin.py:190} INFO - [2025-06-20T21:55:57.091+0000] {override.py:1911} INFO - Created Permission View: can edit on DAG:example_task_group
[2025-06-20T21:55:57.112+0000] {logging_mixin.py:190} INFO - [2025-06-20T21:55:57.112+0000] {override.py:1911} INFO - Created Permission View: can read on DAG:example_task_group
[2025-06-20T21:55:57.155+0000] {logging_mixin.py:190} INFO - [2025-06-20T21:55:57.155+0000] {override.py:1911} INFO - Created Permission View: can delete on DAG Run:example_task_group
[2025-06-20T21:55:57.177+0000] {logging_mixin.py:190} INFO - [2025-06-20T21:55:57.177+0000] {override.py:1911} INFO - Created Permission View: menu access on DAG Run:example_task_group
[2025-06-20T21:55:57.199+0000] {logging_mixin.py:190} INFO - [2025-06-20T21:55:57.199+0000] {override.py:1911} INFO - Created Permission View: can create on DAG Run:example_task_group
[2025-06-20T21:55:57.221+0000] {logging_mixin.py:190} INFO - [2025-06-20T21:55:57.220+0000] {override.py:1911} INFO - Created Permission View: can read on DAG Run:example_task_group
[2025-06-20T21:55:57.221+0000] {logging_mixin.py:190} INFO - [2025-06-20T21:55:57.221+0000] {dag.py:3239} INFO - Sync 1 DAGs
[2025-06-20T21:55:57.235+0000] {logging_mixin.py:190} INFO - [2025-06-20T21:55:57.235+0000] {dag.py:3262} INFO - Creating ORM DAG for example_task_group
[2025-06-20T21:55:57.237+0000] {logging_mixin.py:190} INFO - [2025-06-20T21:55:57.237+0000] {dag.py:4180} INFO - Setting next_dagrun for example_task_group to None, run_after=None
[2025-06-20T21:55:57.263+0000] {processor.py:208} INFO - Processing /home/airflow/.local/lib/python3.12/site-packages/airflow/example_dags/example_task_group.py took 0.512 seconds
[2025-06-20T21:56:28.101+0000] {processor.py:186} INFO - Started process (PID=187) to work on /home/airflow/.local/lib/python3.12/site-packages/airflow/example_dags/example_task_group.py
[2025-06-20T21:56:28.103+0000] {processor.py:914} INFO - Processing file /home/airflow/.local/lib/python3.12/site-packages/airflow/example_dags/example_task_group.py for tasks to queue
[2025-06-20T21:56:28.105+0000] {logging_mixin.py:190} INFO - [2025-06-20T21:56:28.104+0000] {dagbag.py:588} INFO - Filling up the DagBag from /home/airflow/.local/lib/python3.12/site-packages/airflow/example_dags/example_task_group.py
[2025-06-20T21:56:28.112+0000] {processor.py:925} INFO - DAG(s) 'example_task_group' retrieved from /home/airflow/.local/lib/python3.12/site-packages/airflow/example_dags/example_task_group.py
[2025-06-20T21:56:28.133+0000] {logging_mixin.py:190} INFO - [2025-06-20T21:56:28.133+0000] {dag.py:3239} INFO - Sync 1 DAGs
[2025-06-20T21:56:28.149+0000] {logging_mixin.py:190} INFO - [2025-06-20T21:56:28.149+0000] {dag.py:4180} INFO - Setting next_dagrun for example_task_group to None, run_after=None
[2025-06-20T21:56:28.235+0000] {processor.py:208} INFO - Processing /home/airflow/.local/lib/python3.12/site-packages/airflow/example_dags/example_task_group.py took 0.139 seconds
[2025-06-20T21:56:58.650+0000] {processor.py:186} INFO - Started process (PID=250) to work on /home/airflow/.local/lib/python3.12/site-packages/airflow/example_dags/example_task_group.py
[2025-06-20T21:56:58.651+0000] {processor.py:914} INFO - Processing file /home/airflow/.local/lib/python3.12/site-packages/airflow/example_dags/example_task_group.py for tasks to queue
[2025-06-20T21:56:58.655+0000] {logging_mixin.py:190} INFO - [2025-06-20T21:56:58.654+0000] {dagbag.py:588} INFO - Filling up the DagBag from /home/airflow/.local/lib/python3.12/site-packages/airflow/example_dags/example_task_group.py
[2025-06-20T21:56:58.662+0000] {processor.py:925} INFO - DAG(s) 'example_task_group' retrieved from /home/airflow/.local/lib/python3.12/site-packages/airflow/example_dags/example_task_group.py
[2025-06-20T21:56:58.684+0000] {logging_mixin.py:190} INFO - [2025-06-20T21:56:58.684+0000] {dag.py:3239} INFO - Sync 1 DAGs
[2025-06-20T21:56:58.699+0000] {logging_mixin.py:190} INFO - [2025-06-20T21:56:58.699+0000] {dag.py:4180} INFO - Setting next_dagrun for example_task_group to None, run_after=None
[2025-06-20T21:56:58.806+0000] {processor.py:208} INFO - Processing /home/airflow/.local/lib/python3.12/site-packages/airflow/example_dags/example_task_group.py took 0.160 seconds
[2025-06-20T21:57:28.861+0000] {processor.py:186} INFO - Started process (PID=314) to work on /home/airflow/.local/lib/python3.12/site-packages/airflow/example_dags/example_task_group.py
[2025-06-20T21:57:28.862+0000] {processor.py:914} INFO - Processing file /home/airflow/.local/lib/python3.12/site-packages/airflow/example_dags/example_task_group.py for tasks to queue
[2025-06-20T21:57:28.865+0000] {logging_mixin.py:190} INFO - [2025-06-20T21:57:28.864+0000] {dagbag.py:588} INFO - Filling up the DagBag from /home/airflow/.local/lib/python3.12/site-packages/airflow/example_dags/example_task_group.py
[2025-06-20T21:57:28.873+0000] {processor.py:925} INFO - DAG(s) 'example_task_group' retrieved from /home/airflow/.local/lib/python3.12/site-packages/airflow/example_dags/example_task_group.py
[2025-06-20T21:57:28.894+0000] {logging_mixin.py:190} INFO - [2025-06-20T21:57:28.894+0000] {dag.py:3239} INFO - Sync 1 DAGs
[2025-06-20T21:57:28.908+0000] {logging_mixin.py:190} INFO - [2025-06-20T21:57:28.908+0000] {dag.py:4180} INFO - Setting next_dagrun for example_task_group to None, run_after=None
[2025-06-20T21:57:28.937+0000] {processor.py:208} INFO - Processing /home/airflow/.local/lib/python3.12/site-packages/airflow/example_dags/example_task_group.py took 0.081 seconds
[2025-06-20T21:57:59.235+0000] {processor.py:186} INFO - Started process (PID=378) to work on /home/airflow/.local/lib/python3.12/site-packages/airflow/example_dags/example_task_group.py
[2025-06-20T21:57:59.237+0000] {processor.py:914} INFO - Processing file /home/airflow/.local/lib/python3.12/site-packages/airflow/example_dags/example_task_group.py for tasks to queue
[2025-06-20T21:57:59.240+0000] {logging_mixin.py:190} INFO - [2025-06-20T21:57:59.239+0000] {dagbag.py:588} INFO - Filling up the DagBag from /home/airflow/.local/lib/python3.12/site-packages/airflow/example_dags/example_task_group.py
[2025-06-20T21:57:59.247+0000] {processor.py:925} INFO - DAG(s) 'example_task_group' retrieved from /home/airflow/.local/lib/python3.12/site-packages/airflow/example_dags/example_task_group.py
[2025-06-20T21:57:59.268+0000] {logging_mixin.py:190} INFO - [2025-06-20T21:57:59.268+0000] {dag.py:3239} INFO - Sync 1 DAGs
[2025-06-20T21:57:59.282+0000] {logging_mixin.py:190} INFO - [2025-06-20T21:57:59.281+0000] {dag.py:4180} INFO - Setting next_dagrun for example_task_group to None, run_after=None
[2025-06-20T21:57:59.305+0000] {processor.py:208} INFO - Processing /home/airflow/.local/lib/python3.12/site-packages/airflow/example_dags/example_task_group.py took 0.075 seconds
[2025-06-20T21:58:30.078+0000] {processor.py:186} INFO - Started process (PID=450) to work on /home/airflow/.local/lib/python3.12/site-packages/airflow/example_dags/example_task_group.py
[2025-06-20T21:58:30.079+0000] {processor.py:914} INFO - Processing file /home/airflow/.local/lib/python3.12/site-packages/airflow/example_dags/example_task_group.py for tasks to queue
[2025-06-20T21:58:30.081+0000] {logging_mixin.py:190} INFO - [2025-06-20T21:58:30.081+0000] {dagbag.py:588} INFO - Filling up the DagBag from /home/airflow/.local/lib/python3.12/site-packages/airflow/example_dags/example_task_group.py
[2025-06-20T21:58:30.088+0000] {processor.py:925} INFO - DAG(s) 'example_task_group' retrieved from /home/airflow/.local/lib/python3.12/site-packages/airflow/example_dags/example_task_group.py
[2025-06-20T21:58:30.110+0000] {logging_mixin.py:190} INFO - [2025-06-20T21:58:30.109+0000] {dag.py:3239} INFO - Sync 1 DAGs
[2025-06-20T21:58:30.122+0000] {logging_mixin.py:190} INFO - [2025-06-20T21:58:30.122+0000] {dag.py:4180} INFO - Setting next_dagrun for example_task_group to None, run_after=None
[2025-06-20T21:58:30.150+0000] {processor.py:208} INFO - Processing /home/airflow/.local/lib/python3.12/site-packages/airflow/example_dags/example_task_group.py took 0.077 seconds
[2025-06-20T21:59:00.927+0000] {processor.py:186} INFO - Started process (PID=514) to work on /home/airflow/.local/lib/python3.12/site-packages/airflow/example_dags/example_task_group.py
[2025-06-20T21:59:00.929+0000] {processor.py:914} INFO - Processing file /home/airflow/.local/lib/python3.12/site-packages/airflow/example_dags/example_task_group.py for tasks to queue
[2025-06-20T21:59:00.931+0000] {logging_mixin.py:190} INFO - [2025-06-20T21:59:00.931+0000] {dagbag.py:588} INFO - Filling up the DagBag from /home/airflow/.local/lib/python3.12/site-packages/airflow/example_dags/example_task_group.py
[2025-06-20T21:59:00.939+0000] {processor.py:925} INFO - DAG(s) 'example_task_group' retrieved from /home/airflow/.local/lib/python3.12/site-packages/airflow/example_dags/example_task_group.py
[2025-06-20T21:59:00.960+0000] {logging_mixin.py:190} INFO - [2025-06-20T21:59:00.959+0000] {dag.py:3239} INFO - Sync 1 DAGs
[2025-06-20T21:59:00.973+0000] {logging_mixin.py:190} INFO - [2025-06-20T21:59:00.973+0000] {dag.py:4180} INFO - Setting next_dagrun for example_task_group to None, run_after=None
[2025-06-20T21:59:00.998+0000] {processor.py:208} INFO - Processing /home/airflow/.local/lib/python3.12/site-packages/airflow/example_dags/example_task_group.py took 0.076 seconds
[2025-06-20T21:59:31.124+0000] {processor.py:186} INFO - Started process (PID=577) to work on /home/airflow/.local/lib/python3.12/site-packages/airflow/example_dags/example_task_group.py
[2025-06-20T21:59:31.125+0000] {processor.py:914} INFO - Processing file /home/airflow/.local/lib/python3.12/site-packages/airflow/example_dags/example_task_group.py for tasks to queue
[2025-06-20T21:59:31.128+0000] {logging_mixin.py:190} INFO - [2025-06-20T21:59:31.127+0000] {dagbag.py:588} INFO - Filling up the DagBag from /home/airflow/.local/lib/python3.12/site-packages/airflow/example_dags/example_task_group.py
[2025-06-20T21:59:31.135+0000] {processor.py:925} INFO - DAG(s) 'example_task_group' retrieved from /home/airflow/.local/lib/python3.12/site-packages/airflow/example_dags/example_task_group.py
[2025-06-20T21:59:31.156+0000] {logging_mixin.py:190} INFO - [2025-06-20T21:59:31.156+0000] {dag.py:3239} INFO - Sync 1 DAGs
[2025-06-20T21:59:31.170+0000] {logging_mixin.py:190} INFO - [2025-06-20T21:59:31.170+0000] {dag.py:4180} INFO - Setting next_dagrun for example_task_group to None, run_after=None
[2025-06-20T21:59:31.199+0000] {processor.py:208} INFO - Processing /home/airflow/.local/lib/python3.12/site-packages/airflow/example_dags/example_task_group.py took 0.080 seconds
[2025-06-20T22:00:01.500+0000] {processor.py:186} INFO - Started process (PID=641) to work on /home/airflow/.local/lib/python3.12/site-packages/airflow/example_dags/example_task_group.py
[2025-06-20T22:00:01.502+0000] {processor.py:914} INFO - Processing file /home/airflow/.local/lib/python3.12/site-packages/airflow/example_dags/example_task_group.py for tasks to queue
[2025-06-20T22:00:01.505+0000] {logging_mixin.py:190} INFO - [2025-06-20T22:00:01.504+0000] {dagbag.py:588} INFO - Filling up the DagBag from /home/airflow/.local/lib/python3.12/site-packages/airflow/example_dags/example_task_group.py
[2025-06-20T22:00:01.513+0000] {processor.py:925} INFO - DAG(s) 'example_task_group' retrieved from /home/airflow/.local/lib/python3.12/site-packages/airflow/example_dags/example_task_group.py
[2025-06-20T22:00:01.537+0000] {logging_mixin.py:190} INFO - [2025-06-20T22:00:01.536+0000] {dag.py:3239} INFO - Sync 1 DAGs
[2025-06-20T22:00:01.552+0000] {logging_mixin.py:190} INFO - [2025-06-20T22:00:01.551+0000] {dag.py:4180} INFO - Setting next_dagrun for example_task_group to None, run_after=None
[2025-06-20T22:00:01.585+0000] {processor.py:208} INFO - Processing /home/airflow/.local/lib/python3.12/site-packages/airflow/example_dags/example_task_group.py took 0.090 seconds
[2025-06-20T22:00:33.118+0000] {processor.py:186} INFO - Started process (PID=705) to work on /home/airflow/.local/lib/python3.12/site-packages/airflow/example_dags/example_task_group.py
[2025-06-20T22:00:33.119+0000] {processor.py:914} INFO - Processing file /home/airflow/.local/lib/python3.12/site-packages/airflow/example_dags/example_task_group.py for tasks to queue
[2025-06-20T22:00:33.122+0000] {logging_mixin.py:190} INFO - [2025-06-20T22:00:33.122+0000] {dagbag.py:588} INFO - Filling up the DagBag from /home/airflow/.local/lib/python3.12/site-packages/airflow/example_dags/example_task_group.py
[2025-06-20T22:00:33.130+0000] {processor.py:925} INFO - DAG(s) 'example_task_group' retrieved from /home/airflow/.local/lib/python3.12/site-packages/airflow/example_dags/example_task_group.py
[2025-06-20T22:00:33.152+0000] {logging_mixin.py:190} INFO - [2025-06-20T22:00:33.151+0000] {dag.py:3239} INFO - Sync 1 DAGs
[2025-06-20T22:00:33.165+0000] {logging_mixin.py:190} INFO - [2025-06-20T22:00:33.165+0000] {dag.py:4180} INFO - Setting next_dagrun for example_task_group to None, run_after=None
[2025-06-20T22:00:33.187+0000] {processor.py:208} INFO - Processing /home/airflow/.local/lib/python3.12/site-packages/airflow/example_dags/example_task_group.py took 0.075 seconds
[2025-06-20T22:01:04.416+0000] {processor.py:186} INFO - Started process (PID=770) to work on /home/airflow/.local/lib/python3.12/site-packages/airflow/example_dags/example_task_group.py
[2025-06-20T22:01:04.417+0000] {processor.py:914} INFO - Processing file /home/airflow/.local/lib/python3.12/site-packages/airflow/example_dags/example_task_group.py for tasks to queue
[2025-06-20T22:01:04.420+0000] {logging_mixin.py:190} INFO - [2025-06-20T22:01:04.420+0000] {dagbag.py:588} INFO - Filling up the DagBag from /home/airflow/.local/lib/python3.12/site-packages/airflow/example_dags/example_task_group.py
[2025-06-20T22:01:04.429+0000] {processor.py:925} INFO - DAG(s) 'example_task_group' retrieved from /home/airflow/.local/lib/python3.12/site-packages/airflow/example_dags/example_task_group.py
[2025-06-20T22:01:04.450+0000] {logging_mixin.py:190} INFO - [2025-06-20T22:01:04.450+0000] {dag.py:3239} INFO - Sync 1 DAGs
[2025-06-20T22:01:04.464+0000] {logging_mixin.py:190} INFO - [2025-06-20T22:01:04.464+0000] {dag.py:4180} INFO - Setting next_dagrun for example_task_group to None, run_after=None
[2025-06-20T22:01:04.487+0000] {processor.py:208} INFO - Processing /home/airflow/.local/lib/python3.12/site-packages/airflow/example_dags/example_task_group.py took 0.076 seconds
[2025-06-20T22:01:36.288+0000] {processor.py:186} INFO - Started process (PID=834) to work on /home/airflow/.local/lib/python3.12/site-packages/airflow/example_dags/example_task_group.py
[2025-06-20T22:01:36.289+0000] {processor.py:914} INFO - Processing file /home/airflow/.local/lib/python3.12/site-packages/airflow/example_dags/example_task_group.py for tasks to queue
[2025-06-20T22:01:36.292+0000] {logging_mixin.py:190} INFO - [2025-06-20T22:01:36.292+0000] {dagbag.py:588} INFO - Filling up the DagBag from /home/airflow/.local/lib/python3.12/site-packages/airflow/example_dags/example_task_group.py
[2025-06-20T22:01:36.302+0000] {processor.py:925} INFO - DAG(s) 'example_task_group' retrieved from /home/airflow/.local/lib/python3.12/site-packages/airflow/example_dags/example_task_group.py
[2025-06-20T22:01:36.327+0000] {logging_mixin.py:190} INFO - [2025-06-20T22:01:36.327+0000] {dag.py:3239} INFO - Sync 1 DAGs
[2025-06-20T22:01:36.344+0000] {logging_mixin.py:190} INFO - [2025-06-20T22:01:36.343+0000] {dag.py:4180} INFO - Setting next_dagrun for example_task_group to None, run_after=None
[2025-06-20T22:01:36.375+0000] {processor.py:208} INFO - Processing /home/airflow/.local/lib/python3.12/site-packages/airflow/example_dags/example_task_group.py took 0.092 seconds
[2025-06-20T22:02:07.911+0000] {processor.py:186} INFO - Started process (PID=898) to work on /home/airflow/.local/lib/python3.12/site-packages/airflow/example_dags/example_task_group.py
[2025-06-20T22:02:07.913+0000] {processor.py:914} INFO - Processing file /home/airflow/.local/lib/python3.12/site-packages/airflow/example_dags/example_task_group.py for tasks to queue
[2025-06-20T22:02:07.916+0000] {logging_mixin.py:190} INFO - [2025-06-20T22:02:07.916+0000] {dagbag.py:588} INFO - Filling up the DagBag from /home/airflow/.local/lib/python3.12/site-packages/airflow/example_dags/example_task_group.py
[2025-06-20T22:02:07.924+0000] {processor.py:925} INFO - DAG(s) 'example_task_group' retrieved from /home/airflow/.local/lib/python3.12/site-packages/airflow/example_dags/example_task_group.py
[2025-06-20T22:02:07.945+0000] {logging_mixin.py:190} INFO - [2025-06-20T22:02:07.944+0000] {dag.py:3239} INFO - Sync 1 DAGs
[2025-06-20T22:02:07.958+0000] {logging_mixin.py:190} INFO - [2025-06-20T22:02:07.957+0000] {dag.py:4180} INFO - Setting next_dagrun for example_task_group to None, run_after=None
[2025-06-20T22:02:07.983+0000] {processor.py:208} INFO - Processing /home/airflow/.local/lib/python3.12/site-packages/airflow/example_dags/example_task_group.py took 0.076 seconds
[2025-06-20T22:02:39.665+0000] {processor.py:186} INFO - Started process (PID=962) to work on /home/airflow/.local/lib/python3.12/site-packages/airflow/example_dags/example_task_group.py
[2025-06-20T22:02:39.666+0000] {processor.py:914} INFO - Processing file /home/airflow/.local/lib/python3.12/site-packages/airflow/example_dags/example_task_group.py for tasks to queue
[2025-06-20T22:02:39.669+0000] {logging_mixin.py:190} INFO - [2025-06-20T22:02:39.669+0000] {dagbag.py:588} INFO - Filling up the DagBag from /home/airflow/.local/lib/python3.12/site-packages/airflow/example_dags/example_task_group.py
[2025-06-20T22:02:39.679+0000] {processor.py:925} INFO - DAG(s) 'example_task_group' retrieved from /home/airflow/.local/lib/python3.12/site-packages/airflow/example_dags/example_task_group.py
[2025-06-20T22:02:39.704+0000] {logging_mixin.py:190} INFO - [2025-06-20T22:02:39.704+0000] {dag.py:3239} INFO - Sync 1 DAGs
[2025-06-20T22:02:39.721+0000] {logging_mixin.py:190} INFO - [2025-06-20T22:02:39.720+0000] {dag.py:4180} INFO - Setting next_dagrun for example_task_group to None, run_after=None
[2025-06-20T22:02:39.754+0000] {processor.py:208} INFO - Processing /home/airflow/.local/lib/python3.12/site-packages/airflow/example_dags/example_task_group.py took 0.096 seconds
[2025-06-20T22:03:11.413+0000] {processor.py:186} INFO - Started process (PID=1026) to work on /home/airflow/.local/lib/python3.12/site-packages/airflow/example_dags/example_task_group.py
[2025-06-20T22:03:11.414+0000] {processor.py:914} INFO - Processing file /home/airflow/.local/lib/python3.12/site-packages/airflow/example_dags/example_task_group.py for tasks to queue
[2025-06-20T22:03:11.417+0000] {logging_mixin.py:190} INFO - [2025-06-20T22:03:11.417+0000] {dagbag.py:588} INFO - Filling up the DagBag from /home/airflow/.local/lib/python3.12/site-packages/airflow/example_dags/example_task_group.py
[2025-06-20T22:03:11.425+0000] {processor.py:925} INFO - DAG(s) 'example_task_group' retrieved from /home/airflow/.local/lib/python3.12/site-packages/airflow/example_dags/example_task_group.py
[2025-06-20T22:03:11.446+0000] {logging_mixin.py:190} INFO - [2025-06-20T22:03:11.446+0000] {dag.py:3239} INFO - Sync 1 DAGs
[2025-06-20T22:03:11.460+0000] {logging_mixin.py:190} INFO - [2025-06-20T22:03:11.460+0000] {dag.py:4180} INFO - Setting next_dagrun for example_task_group to None, run_after=None
[2025-06-20T22:03:11.482+0000] {processor.py:208} INFO - Processing /home/airflow/.local/lib/python3.12/site-packages/airflow/example_dags/example_task_group.py took 0.074 seconds
[2025-06-20T22:03:43.302+0000] {processor.py:186} INFO - Started process (PID=1090) to work on /home/airflow/.local/lib/python3.12/site-packages/airflow/example_dags/example_task_group.py
[2025-06-20T22:03:43.303+0000] {processor.py:914} INFO - Processing file /home/airflow/.local/lib/python3.12/site-packages/airflow/example_dags/example_task_group.py for tasks to queue
[2025-06-20T22:03:43.306+0000] {logging_mixin.py:190} INFO - [2025-06-20T22:03:43.306+0000] {dagbag.py:588} INFO - Filling up the DagBag from /home/airflow/.local/lib/python3.12/site-packages/airflow/example_dags/example_task_group.py
[2025-06-20T22:03:43.314+0000] {processor.py:925} INFO - DAG(s) 'example_task_group' retrieved from /home/airflow/.local/lib/python3.12/site-packages/airflow/example_dags/example_task_group.py
[2025-06-20T22:03:43.338+0000] {logging_mixin.py:190} INFO - [2025-06-20T22:03:43.338+0000] {dag.py:3239} INFO - Sync 1 DAGs
[2025-06-20T22:03:43.352+0000] {logging_mixin.py:190} INFO - [2025-06-20T22:03:43.352+0000] {dag.py:4180} INFO - Setting next_dagrun for example_task_group to None, run_after=None
[2025-06-20T22:03:43.384+0000] {processor.py:208} INFO - Processing /home/airflow/.local/lib/python3.12/site-packages/airflow/example_dags/example_task_group.py took 0.087 seconds
