[2025-06-20T21:26:30.527+0000] {processor.py:186} INFO - Started process (PID=100) to work on /home/airflow/.local/lib/python3.12/site-packages/airflow/example_dags/example_complex.py
[2025-06-20T21:26:30.528+0000] {processor.py:914} INFO - Processing file /home/airflow/.local/lib/python3.12/site-packages/airflow/example_dags/example_complex.py for tasks to queue
[2025-06-20T21:26:30.531+0000] {logging_mixin.py:190} INFO - [2025-06-20T21:26:30.531+0000] {dagbag.py:588} INFO - Filling up the DagBag from /home/airflow/.local/lib/python3.12/site-packages/airflow/example_dags/example_complex.py
[2025-06-20T21:26:30.559+0000] {processor.py:925} INFO - DAG(s) 'example_complex' retrieved from /home/airflow/.local/lib/python3.12/site-packages/airflow/example_dags/example_complex.py
[2025-06-20T21:26:31.024+0000] {logging_mixin.py:190} INFO - [2025-06-20T21:26:31.023+0000] {override.py:1911} INFO - Created Permission View: can delete on DAG:example_complex
[2025-06-20T21:26:31.246+0000] {logging_mixin.py:190} INFO - [2025-06-20T21:26:31.246+0000] {override.py:1911} INFO - Created Permission View: can read on DAG:example_complex
[2025-06-20T21:26:31.330+0000] {logging_mixin.py:190} INFO - [2025-06-20T21:26:31.330+0000] {override.py:1911} INFO - Created Permission View: can edit on DAG:example_complex
[2025-06-20T21:26:31.508+0000] {logging_mixin.py:190} INFO - [2025-06-20T21:26:31.507+0000] {override.py:1911} INFO - Created Permission View: can delete on DAG Run:example_complex
[2025-06-20T21:26:31.613+0000] {logging_mixin.py:190} INFO - [2025-06-20T21:26:31.613+0000] {override.py:1911} INFO - Created Permission View: can create on DAG Run:example_complex
[2025-06-20T21:26:31.719+0000] {logging_mixin.py:190} INFO - [2025-06-20T21:26:31.718+0000] {override.py:1911} INFO - Created Permission View: can read on DAG Run:example_complex
[2025-06-20T21:26:31.782+0000] {logging_mixin.py:190} INFO - [2025-06-20T21:26:31.782+0000] {override.py:1911} INFO - Created Permission View: menu access on DAG Run:example_complex
[2025-06-20T21:26:31.783+0000] {logging_mixin.py:190} INFO - [2025-06-20T21:26:31.783+0000] {dag.py:3239} INFO - Sync 1 DAGs
[2025-06-20T21:26:31.798+0000] {logging_mixin.py:190} INFO - [2025-06-20T21:26:31.798+0000] {dag.py:3262} INFO - Creating ORM DAG for example_complex
[2025-06-20T21:26:31.799+0000] {logging_mixin.py:190} INFO - [2025-06-20T21:26:31.799+0000] {dag.py:4180} INFO - Setting next_dagrun for example_complex to None, run_after=None
[2025-06-20T21:26:31.864+0000] {processor.py:208} INFO - Processing /home/airflow/.local/lib/python3.12/site-packages/airflow/example_dags/example_complex.py took 1.342 seconds
[2025-06-20T21:27:02.560+0000] {processor.py:186} INFO - Started process (PID=163) to work on /home/airflow/.local/lib/python3.12/site-packages/airflow/example_dags/example_complex.py
[2025-06-20T21:27:02.561+0000] {processor.py:914} INFO - Processing file /home/airflow/.local/lib/python3.12/site-packages/airflow/example_dags/example_complex.py for tasks to queue
[2025-06-20T21:27:02.563+0000] {logging_mixin.py:190} INFO - [2025-06-20T21:27:02.563+0000] {dagbag.py:588} INFO - Filling up the DagBag from /home/airflow/.local/lib/python3.12/site-packages/airflow/example_dags/example_complex.py
[2025-06-20T21:27:02.573+0000] {processor.py:925} INFO - DAG(s) 'example_complex' retrieved from /home/airflow/.local/lib/python3.12/site-packages/airflow/example_dags/example_complex.py
[2025-06-20T21:27:02.603+0000] {logging_mixin.py:190} INFO - [2025-06-20T21:27:02.602+0000] {dag.py:3239} INFO - Sync 1 DAGs
[2025-06-20T21:27:02.617+0000] {logging_mixin.py:190} INFO - [2025-06-20T21:27:02.617+0000] {dag.py:4180} INFO - Setting next_dagrun for example_complex to None, run_after=None
[2025-06-20T21:27:02.735+0000] {processor.py:208} INFO - Processing /home/airflow/.local/lib/python3.12/site-packages/airflow/example_dags/example_complex.py took 0.180 seconds
[2025-06-20T21:27:33.237+0000] {processor.py:186} INFO - Started process (PID=227) to work on /home/airflow/.local/lib/python3.12/site-packages/airflow/example_dags/example_complex.py
[2025-06-20T21:27:33.238+0000] {processor.py:914} INFO - Processing file /home/airflow/.local/lib/python3.12/site-packages/airflow/example_dags/example_complex.py for tasks to queue
[2025-06-20T21:27:33.241+0000] {logging_mixin.py:190} INFO - [2025-06-20T21:27:33.240+0000] {dagbag.py:588} INFO - Filling up the DagBag from /home/airflow/.local/lib/python3.12/site-packages/airflow/example_dags/example_complex.py
[2025-06-20T21:27:33.251+0000] {processor.py:925} INFO - DAG(s) 'example_complex' retrieved from /home/airflow/.local/lib/python3.12/site-packages/airflow/example_dags/example_complex.py
[2025-06-20T21:27:33.279+0000] {logging_mixin.py:190} INFO - [2025-06-20T21:27:33.279+0000] {dag.py:3239} INFO - Sync 1 DAGs
[2025-06-20T21:27:33.292+0000] {logging_mixin.py:190} INFO - [2025-06-20T21:27:33.292+0000] {dag.py:4180} INFO - Setting next_dagrun for example_complex to None, run_after=None
[2025-06-20T21:27:33.381+0000] {processor.py:208} INFO - Processing /home/airflow/.local/lib/python3.12/site-packages/airflow/example_dags/example_complex.py took 0.149 seconds
[2025-06-20T21:28:04.325+0000] {processor.py:186} INFO - Started process (PID=291) to work on /home/airflow/.local/lib/python3.12/site-packages/airflow/example_dags/example_complex.py
[2025-06-20T21:28:04.326+0000] {processor.py:914} INFO - Processing file /home/airflow/.local/lib/python3.12/site-packages/airflow/example_dags/example_complex.py for tasks to queue
[2025-06-20T21:28:04.329+0000] {logging_mixin.py:190} INFO - [2025-06-20T21:28:04.329+0000] {dagbag.py:588} INFO - Filling up the DagBag from /home/airflow/.local/lib/python3.12/site-packages/airflow/example_dags/example_complex.py
[2025-06-20T21:28:04.341+0000] {processor.py:925} INFO - DAG(s) 'example_complex' retrieved from /home/airflow/.local/lib/python3.12/site-packages/airflow/example_dags/example_complex.py
[2025-06-20T21:28:04.370+0000] {logging_mixin.py:190} INFO - [2025-06-20T21:28:04.370+0000] {dag.py:3239} INFO - Sync 1 DAGs
[2025-06-20T21:28:04.386+0000] {logging_mixin.py:190} INFO - [2025-06-20T21:28:04.385+0000] {dag.py:4180} INFO - Setting next_dagrun for example_complex to None, run_after=None
[2025-06-20T21:28:04.437+0000] {processor.py:208} INFO - Processing /home/airflow/.local/lib/python3.12/site-packages/airflow/example_dags/example_complex.py took 0.118 seconds
[2025-06-20T21:28:35.269+0000] {processor.py:186} INFO - Started process (PID=355) to work on /home/airflow/.local/lib/python3.12/site-packages/airflow/example_dags/example_complex.py
[2025-06-20T21:28:35.271+0000] {processor.py:914} INFO - Processing file /home/airflow/.local/lib/python3.12/site-packages/airflow/example_dags/example_complex.py for tasks to queue
[2025-06-20T21:28:35.273+0000] {logging_mixin.py:190} INFO - [2025-06-20T21:28:35.272+0000] {dagbag.py:588} INFO - Filling up the DagBag from /home/airflow/.local/lib/python3.12/site-packages/airflow/example_dags/example_complex.py
[2025-06-20T21:28:35.283+0000] {processor.py:925} INFO - DAG(s) 'example_complex' retrieved from /home/airflow/.local/lib/python3.12/site-packages/airflow/example_dags/example_complex.py
[2025-06-20T21:28:35.395+0000] {logging_mixin.py:190} INFO - [2025-06-20T21:28:35.394+0000] {dag.py:3239} INFO - Sync 1 DAGs
[2025-06-20T21:28:35.412+0000] {logging_mixin.py:190} INFO - [2025-06-20T21:28:35.412+0000] {dag.py:4180} INFO - Setting next_dagrun for example_complex to None, run_after=None
[2025-06-20T21:28:35.556+0000] {processor.py:208} INFO - Processing /home/airflow/.local/lib/python3.12/site-packages/airflow/example_dags/example_complex.py took 0.291 seconds
[2025-06-20T21:29:06.005+0000] {processor.py:186} INFO - Started process (PID=419) to work on /home/airflow/.local/lib/python3.12/site-packages/airflow/example_dags/example_complex.py
[2025-06-20T21:29:06.006+0000] {processor.py:914} INFO - Processing file /home/airflow/.local/lib/python3.12/site-packages/airflow/example_dags/example_complex.py for tasks to queue
[2025-06-20T21:29:06.008+0000] {logging_mixin.py:190} INFO - [2025-06-20T21:29:06.008+0000] {dagbag.py:588} INFO - Filling up the DagBag from /home/airflow/.local/lib/python3.12/site-packages/airflow/example_dags/example_complex.py
[2025-06-20T21:29:06.019+0000] {processor.py:925} INFO - DAG(s) 'example_complex' retrieved from /home/airflow/.local/lib/python3.12/site-packages/airflow/example_dags/example_complex.py
[2025-06-20T21:29:06.052+0000] {logging_mixin.py:190} INFO - [2025-06-20T21:29:06.052+0000] {dag.py:3239} INFO - Sync 1 DAGs
[2025-06-20T21:29:06.066+0000] {logging_mixin.py:190} INFO - [2025-06-20T21:29:06.066+0000] {dag.py:4180} INFO - Setting next_dagrun for example_complex to None, run_after=None
[2025-06-20T21:29:06.161+0000] {processor.py:208} INFO - Processing /home/airflow/.local/lib/python3.12/site-packages/airflow/example_dags/example_complex.py took 0.163 seconds
[2025-06-20T21:29:36.730+0000] {processor.py:186} INFO - Started process (PID=483) to work on /home/airflow/.local/lib/python3.12/site-packages/airflow/example_dags/example_complex.py
[2025-06-20T21:29:36.731+0000] {processor.py:914} INFO - Processing file /home/airflow/.local/lib/python3.12/site-packages/airflow/example_dags/example_complex.py for tasks to queue
[2025-06-20T21:29:36.733+0000] {logging_mixin.py:190} INFO - [2025-06-20T21:29:36.733+0000] {dagbag.py:588} INFO - Filling up the DagBag from /home/airflow/.local/lib/python3.12/site-packages/airflow/example_dags/example_complex.py
[2025-06-20T21:29:36.744+0000] {processor.py:925} INFO - DAG(s) 'example_complex' retrieved from /home/airflow/.local/lib/python3.12/site-packages/airflow/example_dags/example_complex.py
[2025-06-20T21:29:36.772+0000] {logging_mixin.py:190} INFO - [2025-06-20T21:29:36.772+0000] {dag.py:3239} INFO - Sync 1 DAGs
[2025-06-20T21:29:36.787+0000] {logging_mixin.py:190} INFO - [2025-06-20T21:29:36.786+0000] {dag.py:4180} INFO - Setting next_dagrun for example_complex to None, run_after=None
[2025-06-20T21:29:36.877+0000] {processor.py:208} INFO - Processing /home/airflow/.local/lib/python3.12/site-packages/airflow/example_dags/example_complex.py took 0.152 seconds
[2025-06-20T21:30:07.076+0000] {processor.py:186} INFO - Started process (PID=547) to work on /home/airflow/.local/lib/python3.12/site-packages/airflow/example_dags/example_complex.py
[2025-06-20T21:30:07.077+0000] {processor.py:914} INFO - Processing file /home/airflow/.local/lib/python3.12/site-packages/airflow/example_dags/example_complex.py for tasks to queue
[2025-06-20T21:30:07.079+0000] {logging_mixin.py:190} INFO - [2025-06-20T21:30:07.079+0000] {dagbag.py:588} INFO - Filling up the DagBag from /home/airflow/.local/lib/python3.12/site-packages/airflow/example_dags/example_complex.py
[2025-06-20T21:30:07.090+0000] {processor.py:925} INFO - DAG(s) 'example_complex' retrieved from /home/airflow/.local/lib/python3.12/site-packages/airflow/example_dags/example_complex.py
[2025-06-20T21:30:07.119+0000] {logging_mixin.py:190} INFO - [2025-06-20T21:30:07.118+0000] {dag.py:3239} INFO - Sync 1 DAGs
[2025-06-20T21:30:07.132+0000] {logging_mixin.py:190} INFO - [2025-06-20T21:30:07.132+0000] {dag.py:4180} INFO - Setting next_dagrun for example_complex to None, run_after=None
[2025-06-20T21:30:07.170+0000] {processor.py:208} INFO - Processing /home/airflow/.local/lib/python3.12/site-packages/airflow/example_dags/example_complex.py took 0.099 seconds
[2025-06-20T21:30:37.486+0000] {processor.py:186} INFO - Started process (PID=611) to work on /home/airflow/.local/lib/python3.12/site-packages/airflow/example_dags/example_complex.py
[2025-06-20T21:30:37.487+0000] {processor.py:914} INFO - Processing file /home/airflow/.local/lib/python3.12/site-packages/airflow/example_dags/example_complex.py for tasks to queue
[2025-06-20T21:30:37.489+0000] {logging_mixin.py:190} INFO - [2025-06-20T21:30:37.489+0000] {dagbag.py:588} INFO - Filling up the DagBag from /home/airflow/.local/lib/python3.12/site-packages/airflow/example_dags/example_complex.py
[2025-06-20T21:30:37.500+0000] {processor.py:925} INFO - DAG(s) 'example_complex' retrieved from /home/airflow/.local/lib/python3.12/site-packages/airflow/example_dags/example_complex.py
[2025-06-20T21:30:37.529+0000] {logging_mixin.py:190} INFO - [2025-06-20T21:30:37.529+0000] {dag.py:3239} INFO - Sync 1 DAGs
[2025-06-20T21:30:37.543+0000] {logging_mixin.py:190} INFO - [2025-06-20T21:30:37.543+0000] {dag.py:4180} INFO - Setting next_dagrun for example_complex to None, run_after=None
[2025-06-20T21:30:37.569+0000] {processor.py:208} INFO - Processing /home/airflow/.local/lib/python3.12/site-packages/airflow/example_dags/example_complex.py took 0.088 seconds
[2025-06-20T21:31:07.644+0000] {processor.py:186} INFO - Started process (PID=675) to work on /home/airflow/.local/lib/python3.12/site-packages/airflow/example_dags/example_complex.py
[2025-06-20T21:31:07.645+0000] {processor.py:914} INFO - Processing file /home/airflow/.local/lib/python3.12/site-packages/airflow/example_dags/example_complex.py for tasks to queue
[2025-06-20T21:31:07.647+0000] {logging_mixin.py:190} INFO - [2025-06-20T21:31:07.647+0000] {dagbag.py:588} INFO - Filling up the DagBag from /home/airflow/.local/lib/python3.12/site-packages/airflow/example_dags/example_complex.py
[2025-06-20T21:31:07.660+0000] {processor.py:925} INFO - DAG(s) 'example_complex' retrieved from /home/airflow/.local/lib/python3.12/site-packages/airflow/example_dags/example_complex.py
[2025-06-20T21:31:07.688+0000] {logging_mixin.py:190} INFO - [2025-06-20T21:31:07.688+0000] {dag.py:3239} INFO - Sync 1 DAGs
[2025-06-20T21:31:07.702+0000] {logging_mixin.py:190} INFO - [2025-06-20T21:31:07.702+0000] {dag.py:4180} INFO - Setting next_dagrun for example_complex to None, run_after=None
[2025-06-20T21:31:08.023+0000] {processor.py:208} INFO - Processing /home/airflow/.local/lib/python3.12/site-packages/airflow/example_dags/example_complex.py took 0.383 seconds
[2025-06-20T21:31:38.118+0000] {processor.py:186} INFO - Started process (PID=739) to work on /home/airflow/.local/lib/python3.12/site-packages/airflow/example_dags/example_complex.py
[2025-06-20T21:31:38.119+0000] {processor.py:914} INFO - Processing file /home/airflow/.local/lib/python3.12/site-packages/airflow/example_dags/example_complex.py for tasks to queue
[2025-06-20T21:31:38.121+0000] {logging_mixin.py:190} INFO - [2025-06-20T21:31:38.121+0000] {dagbag.py:588} INFO - Filling up the DagBag from /home/airflow/.local/lib/python3.12/site-packages/airflow/example_dags/example_complex.py
[2025-06-20T21:31:38.131+0000] {processor.py:925} INFO - DAG(s) 'example_complex' retrieved from /home/airflow/.local/lib/python3.12/site-packages/airflow/example_dags/example_complex.py
[2025-06-20T21:31:38.160+0000] {logging_mixin.py:190} INFO - [2025-06-20T21:31:38.159+0000] {dag.py:3239} INFO - Sync 1 DAGs
[2025-06-20T21:31:38.173+0000] {logging_mixin.py:190} INFO - [2025-06-20T21:31:38.173+0000] {dag.py:4180} INFO - Setting next_dagrun for example_complex to None, run_after=None
[2025-06-20T21:31:38.264+0000] {processor.py:208} INFO - Processing /home/airflow/.local/lib/python3.12/site-packages/airflow/example_dags/example_complex.py took 0.151 seconds
[2025-06-20T21:32:09.831+0000] {processor.py:186} INFO - Started process (PID=802) to work on /home/airflow/.local/lib/python3.12/site-packages/airflow/example_dags/example_complex.py
[2025-06-20T21:32:09.833+0000] {processor.py:914} INFO - Processing file /home/airflow/.local/lib/python3.12/site-packages/airflow/example_dags/example_complex.py for tasks to queue
[2025-06-20T21:32:09.836+0000] {logging_mixin.py:190} INFO - [2025-06-20T21:32:09.836+0000] {dagbag.py:588} INFO - Filling up the DagBag from /home/airflow/.local/lib/python3.12/site-packages/airflow/example_dags/example_complex.py
[2025-06-20T21:32:09.852+0000] {processor.py:925} INFO - DAG(s) 'example_complex' retrieved from /home/airflow/.local/lib/python3.12/site-packages/airflow/example_dags/example_complex.py
[2025-06-20T21:32:09.887+0000] {logging_mixin.py:190} INFO - [2025-06-20T21:32:09.887+0000] {dag.py:3239} INFO - Sync 1 DAGs
[2025-06-20T21:32:09.903+0000] {logging_mixin.py:190} INFO - [2025-06-20T21:32:09.903+0000] {dag.py:4180} INFO - Setting next_dagrun for example_complex to None, run_after=None
[2025-06-20T21:32:09.937+0000] {processor.py:208} INFO - Processing /home/airflow/.local/lib/python3.12/site-packages/airflow/example_dags/example_complex.py took 0.111 seconds
[2025-06-20T21:32:40.502+0000] {processor.py:186} INFO - Started process (PID=865) to work on /home/airflow/.local/lib/python3.12/site-packages/airflow/example_dags/example_complex.py
[2025-06-20T21:32:40.503+0000] {processor.py:914} INFO - Processing file /home/airflow/.local/lib/python3.12/site-packages/airflow/example_dags/example_complex.py for tasks to queue
[2025-06-20T21:32:40.505+0000] {logging_mixin.py:190} INFO - [2025-06-20T21:32:40.505+0000] {dagbag.py:588} INFO - Filling up the DagBag from /home/airflow/.local/lib/python3.12/site-packages/airflow/example_dags/example_complex.py
[2025-06-20T21:32:40.518+0000] {processor.py:925} INFO - DAG(s) 'example_complex' retrieved from /home/airflow/.local/lib/python3.12/site-packages/airflow/example_dags/example_complex.py
[2025-06-20T21:32:40.551+0000] {logging_mixin.py:190} INFO - [2025-06-20T21:32:40.550+0000] {dag.py:3239} INFO - Sync 1 DAGs
[2025-06-20T21:32:40.568+0000] {logging_mixin.py:190} INFO - [2025-06-20T21:32:40.568+0000] {dag.py:4180} INFO - Setting next_dagrun for example_complex to None, run_after=None
[2025-06-20T21:32:40.601+0000] {processor.py:208} INFO - Processing /home/airflow/.local/lib/python3.12/site-packages/airflow/example_dags/example_complex.py took 0.104 seconds
[2025-06-20T21:33:12.935+0000] {processor.py:186} INFO - Started process (PID=930) to work on /home/airflow/.local/lib/python3.12/site-packages/airflow/example_dags/example_complex.py
[2025-06-20T21:33:12.937+0000] {processor.py:914} INFO - Processing file /home/airflow/.local/lib/python3.12/site-packages/airflow/example_dags/example_complex.py for tasks to queue
[2025-06-20T21:33:12.939+0000] {logging_mixin.py:190} INFO - [2025-06-20T21:33:12.939+0000] {dagbag.py:588} INFO - Filling up the DagBag from /home/airflow/.local/lib/python3.12/site-packages/airflow/example_dags/example_complex.py
[2025-06-20T21:33:12.955+0000] {processor.py:925} INFO - DAG(s) 'example_complex' retrieved from /home/airflow/.local/lib/python3.12/site-packages/airflow/example_dags/example_complex.py
[2025-06-20T21:33:12.987+0000] {logging_mixin.py:190} INFO - [2025-06-20T21:33:12.987+0000] {dag.py:3239} INFO - Sync 1 DAGs
[2025-06-20T21:33:13.003+0000] {logging_mixin.py:190} INFO - [2025-06-20T21:33:13.003+0000] {dag.py:4180} INFO - Setting next_dagrun for example_complex to None, run_after=None
[2025-06-20T21:33:13.044+0000] {processor.py:208} INFO - Processing /home/airflow/.local/lib/python3.12/site-packages/airflow/example_dags/example_complex.py took 0.115 seconds
[2025-06-20T21:33:43.769+0000] {processor.py:186} INFO - Started process (PID=994) to work on /home/airflow/.local/lib/python3.12/site-packages/airflow/example_dags/example_complex.py
[2025-06-20T21:33:43.770+0000] {processor.py:914} INFO - Processing file /home/airflow/.local/lib/python3.12/site-packages/airflow/example_dags/example_complex.py for tasks to queue
[2025-06-20T21:33:43.772+0000] {logging_mixin.py:190} INFO - [2025-06-20T21:33:43.771+0000] {dagbag.py:588} INFO - Filling up the DagBag from /home/airflow/.local/lib/python3.12/site-packages/airflow/example_dags/example_complex.py
[2025-06-20T21:33:43.782+0000] {processor.py:925} INFO - DAG(s) 'example_complex' retrieved from /home/airflow/.local/lib/python3.12/site-packages/airflow/example_dags/example_complex.py
[2025-06-20T21:33:43.813+0000] {logging_mixin.py:190} INFO - [2025-06-20T21:33:43.812+0000] {dag.py:3239} INFO - Sync 1 DAGs
[2025-06-20T21:33:43.827+0000] {logging_mixin.py:190} INFO - [2025-06-20T21:33:43.826+0000] {dag.py:4180} INFO - Setting next_dagrun for example_complex to None, run_after=None
[2025-06-20T21:33:43.870+0000] {processor.py:208} INFO - Processing /home/airflow/.local/lib/python3.12/site-packages/airflow/example_dags/example_complex.py took 0.107 seconds
[2025-06-20T21:34:15.367+0000] {processor.py:186} INFO - Started process (PID=1055) to work on /home/airflow/.local/lib/python3.12/site-packages/airflow/example_dags/example_complex.py
[2025-06-20T21:34:15.368+0000] {processor.py:914} INFO - Processing file /home/airflow/.local/lib/python3.12/site-packages/airflow/example_dags/example_complex.py for tasks to queue
[2025-06-20T21:34:15.371+0000] {logging_mixin.py:190} INFO - [2025-06-20T21:34:15.371+0000] {dagbag.py:588} INFO - Filling up the DagBag from /home/airflow/.local/lib/python3.12/site-packages/airflow/example_dags/example_complex.py
[2025-06-20T21:34:15.383+0000] {processor.py:925} INFO - DAG(s) 'example_complex' retrieved from /home/airflow/.local/lib/python3.12/site-packages/airflow/example_dags/example_complex.py
[2025-06-20T21:34:15.420+0000] {logging_mixin.py:190} INFO - [2025-06-20T21:34:15.419+0000] {dag.py:3239} INFO - Sync 1 DAGs
[2025-06-20T21:34:15.437+0000] {logging_mixin.py:190} INFO - [2025-06-20T21:34:15.437+0000] {dag.py:4180} INFO - Setting next_dagrun for example_complex to None, run_after=None
[2025-06-20T21:34:15.544+0000] {processor.py:208} INFO - Processing /home/airflow/.local/lib/python3.12/site-packages/airflow/example_dags/example_complex.py took 0.183 seconds
[2025-06-20T21:34:47.750+0000] {processor.py:186} INFO - Started process (PID=1117) to work on /home/airflow/.local/lib/python3.12/site-packages/airflow/example_dags/example_complex.py
[2025-06-20T21:34:47.751+0000] {processor.py:914} INFO - Processing file /home/airflow/.local/lib/python3.12/site-packages/airflow/example_dags/example_complex.py for tasks to queue
[2025-06-20T21:34:47.754+0000] {logging_mixin.py:190} INFO - [2025-06-20T21:34:47.754+0000] {dagbag.py:588} INFO - Filling up the DagBag from /home/airflow/.local/lib/python3.12/site-packages/airflow/example_dags/example_complex.py
[2025-06-20T21:34:47.767+0000] {processor.py:925} INFO - DAG(s) 'example_complex' retrieved from /home/airflow/.local/lib/python3.12/site-packages/airflow/example_dags/example_complex.py
[2025-06-20T21:34:47.801+0000] {logging_mixin.py:190} INFO - [2025-06-20T21:34:47.800+0000] {dag.py:3239} INFO - Sync 1 DAGs
[2025-06-20T21:34:47.818+0000] {logging_mixin.py:190} INFO - [2025-06-20T21:34:47.818+0000] {dag.py:4180} INFO - Setting next_dagrun for example_complex to None, run_after=None
[2025-06-20T21:34:48.007+0000] {processor.py:208} INFO - Processing /home/airflow/.local/lib/python3.12/site-packages/airflow/example_dags/example_complex.py took 0.263 seconds
[2025-06-20T21:35:18.655+0000] {processor.py:186} INFO - Started process (PID=1181) to work on /home/airflow/.local/lib/python3.12/site-packages/airflow/example_dags/example_complex.py
[2025-06-20T21:35:18.657+0000] {processor.py:914} INFO - Processing file /home/airflow/.local/lib/python3.12/site-packages/airflow/example_dags/example_complex.py for tasks to queue
[2025-06-20T21:35:18.659+0000] {logging_mixin.py:190} INFO - [2025-06-20T21:35:18.659+0000] {dagbag.py:588} INFO - Filling up the DagBag from /home/airflow/.local/lib/python3.12/site-packages/airflow/example_dags/example_complex.py
[2025-06-20T21:35:18.671+0000] {processor.py:925} INFO - DAG(s) 'example_complex' retrieved from /home/airflow/.local/lib/python3.12/site-packages/airflow/example_dags/example_complex.py
[2025-06-20T21:35:18.703+0000] {logging_mixin.py:190} INFO - [2025-06-20T21:35:18.703+0000] {dag.py:3239} INFO - Sync 1 DAGs
[2025-06-20T21:35:18.718+0000] {logging_mixin.py:190} INFO - [2025-06-20T21:35:18.718+0000] {dag.py:4180} INFO - Setting next_dagrun for example_complex to None, run_after=None
[2025-06-20T21:35:18.752+0000] {processor.py:208} INFO - Processing /home/airflow/.local/lib/python3.12/site-packages/airflow/example_dags/example_complex.py took 0.103 seconds
[2025-06-20T21:35:50.398+0000] {processor.py:186} INFO - Started process (PID=1245) to work on /home/airflow/.local/lib/python3.12/site-packages/airflow/example_dags/example_complex.py
[2025-06-20T21:35:50.399+0000] {processor.py:914} INFO - Processing file /home/airflow/.local/lib/python3.12/site-packages/airflow/example_dags/example_complex.py for tasks to queue
[2025-06-20T21:35:50.402+0000] {logging_mixin.py:190} INFO - [2025-06-20T21:35:50.401+0000] {dagbag.py:588} INFO - Filling up the DagBag from /home/airflow/.local/lib/python3.12/site-packages/airflow/example_dags/example_complex.py
[2025-06-20T21:35:50.415+0000] {processor.py:925} INFO - DAG(s) 'example_complex' retrieved from /home/airflow/.local/lib/python3.12/site-packages/airflow/example_dags/example_complex.py
[2025-06-20T21:35:50.452+0000] {logging_mixin.py:190} INFO - [2025-06-20T21:35:50.451+0000] {dag.py:3239} INFO - Sync 1 DAGs
[2025-06-20T21:35:50.469+0000] {logging_mixin.py:190} INFO - [2025-06-20T21:35:50.469+0000] {dag.py:4180} INFO - Setting next_dagrun for example_complex to None, run_after=None
[2025-06-20T21:35:50.501+0000] {processor.py:208} INFO - Processing /home/airflow/.local/lib/python3.12/site-packages/airflow/example_dags/example_complex.py took 0.110 seconds
[2025-06-20T21:36:22.729+0000] {processor.py:186} INFO - Started process (PID=1310) to work on /home/airflow/.local/lib/python3.12/site-packages/airflow/example_dags/example_complex.py
[2025-06-20T21:36:22.730+0000] {processor.py:914} INFO - Processing file /home/airflow/.local/lib/python3.12/site-packages/airflow/example_dags/example_complex.py for tasks to queue
[2025-06-20T21:36:22.732+0000] {logging_mixin.py:190} INFO - [2025-06-20T21:36:22.732+0000] {dagbag.py:588} INFO - Filling up the DagBag from /home/airflow/.local/lib/python3.12/site-packages/airflow/example_dags/example_complex.py
[2025-06-20T21:36:22.742+0000] {processor.py:925} INFO - DAG(s) 'example_complex' retrieved from /home/airflow/.local/lib/python3.12/site-packages/airflow/example_dags/example_complex.py
[2025-06-20T21:36:22.770+0000] {logging_mixin.py:190} INFO - [2025-06-20T21:36:22.770+0000] {dag.py:3239} INFO - Sync 1 DAGs
[2025-06-20T21:36:22.785+0000] {logging_mixin.py:190} INFO - [2025-06-20T21:36:22.785+0000] {dag.py:4180} INFO - Setting next_dagrun for example_complex to None, run_after=None
[2025-06-20T21:36:22.806+0000] {processor.py:208} INFO - Processing /home/airflow/.local/lib/python3.12/site-packages/airflow/example_dags/example_complex.py took 0.082 seconds
[2025-06-20T21:36:54.288+0000] {processor.py:186} INFO - Started process (PID=1374) to work on /home/airflow/.local/lib/python3.12/site-packages/airflow/example_dags/example_complex.py
[2025-06-20T21:36:54.289+0000] {processor.py:914} INFO - Processing file /home/airflow/.local/lib/python3.12/site-packages/airflow/example_dags/example_complex.py for tasks to queue
[2025-06-20T21:36:54.292+0000] {logging_mixin.py:190} INFO - [2025-06-20T21:36:54.292+0000] {dagbag.py:588} INFO - Filling up the DagBag from /home/airflow/.local/lib/python3.12/site-packages/airflow/example_dags/example_complex.py
[2025-06-20T21:36:54.305+0000] {processor.py:925} INFO - DAG(s) 'example_complex' retrieved from /home/airflow/.local/lib/python3.12/site-packages/airflow/example_dags/example_complex.py
[2025-06-20T21:36:54.338+0000] {logging_mixin.py:190} INFO - [2025-06-20T21:36:54.337+0000] {dag.py:3239} INFO - Sync 1 DAGs
[2025-06-20T21:36:54.357+0000] {logging_mixin.py:190} INFO - [2025-06-20T21:36:54.356+0000] {dag.py:4180} INFO - Setting next_dagrun for example_complex to None, run_after=None
[2025-06-20T21:36:54.393+0000] {processor.py:208} INFO - Processing /home/airflow/.local/lib/python3.12/site-packages/airflow/example_dags/example_complex.py took 0.111 seconds
[2025-06-20T21:37:25.348+0000] {processor.py:186} INFO - Started process (PID=1438) to work on /home/airflow/.local/lib/python3.12/site-packages/airflow/example_dags/example_complex.py
[2025-06-20T21:37:25.349+0000] {processor.py:914} INFO - Processing file /home/airflow/.local/lib/python3.12/site-packages/airflow/example_dags/example_complex.py for tasks to queue
[2025-06-20T21:37:25.351+0000] {logging_mixin.py:190} INFO - [2025-06-20T21:37:25.351+0000] {dagbag.py:588} INFO - Filling up the DagBag from /home/airflow/.local/lib/python3.12/site-packages/airflow/example_dags/example_complex.py
[2025-06-20T21:37:25.368+0000] {processor.py:925} INFO - DAG(s) 'example_complex' retrieved from /home/airflow/.local/lib/python3.12/site-packages/airflow/example_dags/example_complex.py
[2025-06-20T21:37:25.395+0000] {logging_mixin.py:190} INFO - [2025-06-20T21:37:25.395+0000] {dag.py:3239} INFO - Sync 1 DAGs
[2025-06-20T21:37:25.410+0000] {logging_mixin.py:190} INFO - [2025-06-20T21:37:25.410+0000] {dag.py:4180} INFO - Setting next_dagrun for example_complex to None, run_after=None
[2025-06-20T21:37:25.444+0000] {processor.py:208} INFO - Processing /home/airflow/.local/lib/python3.12/site-packages/airflow/example_dags/example_complex.py took 0.101 seconds
[2025-06-20T21:37:56.801+0000] {processor.py:186} INFO - Started process (PID=1502) to work on /home/airflow/.local/lib/python3.12/site-packages/airflow/example_dags/example_complex.py
[2025-06-20T21:37:56.802+0000] {processor.py:914} INFO - Processing file /home/airflow/.local/lib/python3.12/site-packages/airflow/example_dags/example_complex.py for tasks to queue
[2025-06-20T21:37:56.805+0000] {logging_mixin.py:190} INFO - [2025-06-20T21:37:56.804+0000] {dagbag.py:588} INFO - Filling up the DagBag from /home/airflow/.local/lib/python3.12/site-packages/airflow/example_dags/example_complex.py
[2025-06-20T21:37:56.820+0000] {processor.py:925} INFO - DAG(s) 'example_complex' retrieved from /home/airflow/.local/lib/python3.12/site-packages/airflow/example_dags/example_complex.py
[2025-06-20T21:37:56.860+0000] {logging_mixin.py:190} INFO - [2025-06-20T21:37:56.860+0000] {dag.py:3239} INFO - Sync 1 DAGs
[2025-06-20T21:37:56.875+0000] {logging_mixin.py:190} INFO - [2025-06-20T21:37:56.874+0000] {dag.py:4180} INFO - Setting next_dagrun for example_complex to None, run_after=None
[2025-06-20T21:37:56.912+0000] {processor.py:208} INFO - Processing /home/airflow/.local/lib/python3.12/site-packages/airflow/example_dags/example_complex.py took 0.117 seconds
[2025-06-20T21:38:27.810+0000] {processor.py:186} INFO - Started process (PID=1561) to work on /home/airflow/.local/lib/python3.12/site-packages/airflow/example_dags/example_complex.py
[2025-06-20T21:38:27.812+0000] {processor.py:914} INFO - Processing file /home/airflow/.local/lib/python3.12/site-packages/airflow/example_dags/example_complex.py for tasks to queue
[2025-06-20T21:38:27.817+0000] {logging_mixin.py:190} INFO - [2025-06-20T21:38:27.816+0000] {dagbag.py:588} INFO - Filling up the DagBag from /home/airflow/.local/lib/python3.12/site-packages/airflow/example_dags/example_complex.py
[2025-06-20T21:38:27.837+0000] {processor.py:925} INFO - DAG(s) 'example_complex' retrieved from /home/airflow/.local/lib/python3.12/site-packages/airflow/example_dags/example_complex.py
[2025-06-20T21:38:27.890+0000] {logging_mixin.py:190} INFO - [2025-06-20T21:38:27.890+0000] {dag.py:3239} INFO - Sync 1 DAGs
[2025-06-20T21:38:27.917+0000] {logging_mixin.py:190} INFO - [2025-06-20T21:38:27.917+0000] {dag.py:4180} INFO - Setting next_dagrun for example_complex to None, run_after=None
[2025-06-20T21:38:27.980+0000] {processor.py:208} INFO - Processing /home/airflow/.local/lib/python3.12/site-packages/airflow/example_dags/example_complex.py took 0.180 seconds
[2025-06-20T21:38:58.864+0000] {processor.py:186} INFO - Started process (PID=1623) to work on /home/airflow/.local/lib/python3.12/site-packages/airflow/example_dags/example_complex.py
[2025-06-20T21:38:58.865+0000] {processor.py:914} INFO - Processing file /home/airflow/.local/lib/python3.12/site-packages/airflow/example_dags/example_complex.py for tasks to queue
[2025-06-20T21:38:58.867+0000] {logging_mixin.py:190} INFO - [2025-06-20T21:38:58.867+0000] {dagbag.py:588} INFO - Filling up the DagBag from /home/airflow/.local/lib/python3.12/site-packages/airflow/example_dags/example_complex.py
[2025-06-20T21:38:58.878+0000] {processor.py:925} INFO - DAG(s) 'example_complex' retrieved from /home/airflow/.local/lib/python3.12/site-packages/airflow/example_dags/example_complex.py
[2025-06-20T21:38:58.907+0000] {logging_mixin.py:190} INFO - [2025-06-20T21:38:58.907+0000] {dag.py:3239} INFO - Sync 1 DAGs
[2025-06-20T21:38:58.926+0000] {logging_mixin.py:190} INFO - [2025-06-20T21:38:58.926+0000] {dag.py:4180} INFO - Setting next_dagrun for example_complex to None, run_after=None
[2025-06-20T21:38:58.957+0000] {processor.py:208} INFO - Processing /home/airflow/.local/lib/python3.12/site-packages/airflow/example_dags/example_complex.py took 0.098 seconds
[2025-06-20T21:39:30.313+0000] {processor.py:186} INFO - Started process (PID=1687) to work on /home/airflow/.local/lib/python3.12/site-packages/airflow/example_dags/example_complex.py
[2025-06-20T21:39:30.314+0000] {processor.py:914} INFO - Processing file /home/airflow/.local/lib/python3.12/site-packages/airflow/example_dags/example_complex.py for tasks to queue
[2025-06-20T21:39:30.317+0000] {logging_mixin.py:190} INFO - [2025-06-20T21:39:30.316+0000] {dagbag.py:588} INFO - Filling up the DagBag from /home/airflow/.local/lib/python3.12/site-packages/airflow/example_dags/example_complex.py
[2025-06-20T21:39:30.328+0000] {processor.py:925} INFO - DAG(s) 'example_complex' retrieved from /home/airflow/.local/lib/python3.12/site-packages/airflow/example_dags/example_complex.py
[2025-06-20T21:39:30.359+0000] {logging_mixin.py:190} INFO - [2025-06-20T21:39:30.359+0000] {dag.py:3239} INFO - Sync 1 DAGs
[2025-06-20T21:39:30.373+0000] {logging_mixin.py:190} INFO - [2025-06-20T21:39:30.373+0000] {dag.py:4180} INFO - Setting next_dagrun for example_complex to None, run_after=None
[2025-06-20T21:39:30.406+0000] {processor.py:208} INFO - Processing /home/airflow/.local/lib/python3.12/site-packages/airflow/example_dags/example_complex.py took 0.097 seconds
[2025-06-20T21:40:01.614+0000] {processor.py:186} INFO - Started process (PID=1746) to work on /home/airflow/.local/lib/python3.12/site-packages/airflow/example_dags/example_complex.py
[2025-06-20T21:40:01.616+0000] {processor.py:914} INFO - Processing file /home/airflow/.local/lib/python3.12/site-packages/airflow/example_dags/example_complex.py for tasks to queue
[2025-06-20T21:40:01.618+0000] {logging_mixin.py:190} INFO - [2025-06-20T21:40:01.618+0000] {dagbag.py:588} INFO - Filling up the DagBag from /home/airflow/.local/lib/python3.12/site-packages/airflow/example_dags/example_complex.py
[2025-06-20T21:40:01.629+0000] {processor.py:925} INFO - DAG(s) 'example_complex' retrieved from /home/airflow/.local/lib/python3.12/site-packages/airflow/example_dags/example_complex.py
[2025-06-20T21:40:01.658+0000] {logging_mixin.py:190} INFO - [2025-06-20T21:40:01.658+0000] {dag.py:3239} INFO - Sync 1 DAGs
[2025-06-20T21:40:01.672+0000] {logging_mixin.py:190} INFO - [2025-06-20T21:40:01.672+0000] {dag.py:4180} INFO - Setting next_dagrun for example_complex to None, run_after=None
[2025-06-20T21:40:01.781+0000] {processor.py:208} INFO - Processing /home/airflow/.local/lib/python3.12/site-packages/airflow/example_dags/example_complex.py took 0.171 seconds
[2025-06-20T21:40:32.954+0000] {processor.py:186} INFO - Started process (PID=1810) to work on /home/airflow/.local/lib/python3.12/site-packages/airflow/example_dags/example_complex.py
[2025-06-20T21:40:32.955+0000] {processor.py:914} INFO - Processing file /home/airflow/.local/lib/python3.12/site-packages/airflow/example_dags/example_complex.py for tasks to queue
[2025-06-20T21:40:32.957+0000] {logging_mixin.py:190} INFO - [2025-06-20T21:40:32.957+0000] {dagbag.py:588} INFO - Filling up the DagBag from /home/airflow/.local/lib/python3.12/site-packages/airflow/example_dags/example_complex.py
[2025-06-20T21:40:32.967+0000] {processor.py:925} INFO - DAG(s) 'example_complex' retrieved from /home/airflow/.local/lib/python3.12/site-packages/airflow/example_dags/example_complex.py
[2025-06-20T21:40:32.996+0000] {logging_mixin.py:190} INFO - [2025-06-20T21:40:32.996+0000] {dag.py:3239} INFO - Sync 1 DAGs
[2025-06-20T21:40:33.009+0000] {logging_mixin.py:190} INFO - [2025-06-20T21:40:33.009+0000] {dag.py:4180} INFO - Setting next_dagrun for example_complex to None, run_after=None
[2025-06-20T21:40:33.036+0000] {processor.py:208} INFO - Processing /home/airflow/.local/lib/python3.12/site-packages/airflow/example_dags/example_complex.py took 0.088 seconds
[2025-06-20T21:41:03.289+0000] {processor.py:186} INFO - Started process (PID=1874) to work on /home/airflow/.local/lib/python3.12/site-packages/airflow/example_dags/example_complex.py
[2025-06-20T21:41:03.291+0000] {processor.py:914} INFO - Processing file /home/airflow/.local/lib/python3.12/site-packages/airflow/example_dags/example_complex.py for tasks to queue
[2025-06-20T21:41:03.293+0000] {logging_mixin.py:190} INFO - [2025-06-20T21:41:03.293+0000] {dagbag.py:588} INFO - Filling up the DagBag from /home/airflow/.local/lib/python3.12/site-packages/airflow/example_dags/example_complex.py
[2025-06-20T21:41:03.304+0000] {processor.py:925} INFO - DAG(s) 'example_complex' retrieved from /home/airflow/.local/lib/python3.12/site-packages/airflow/example_dags/example_complex.py
[2025-06-20T21:41:03.332+0000] {logging_mixin.py:190} INFO - [2025-06-20T21:41:03.332+0000] {dag.py:3239} INFO - Sync 1 DAGs
[2025-06-20T21:41:03.346+0000] {logging_mixin.py:190} INFO - [2025-06-20T21:41:03.345+0000] {dag.py:4180} INFO - Setting next_dagrun for example_complex to None, run_after=None
[2025-06-20T21:41:03.390+0000] {processor.py:208} INFO - Processing /home/airflow/.local/lib/python3.12/site-packages/airflow/example_dags/example_complex.py took 0.105 seconds
[2025-06-20T21:41:34.676+0000] {processor.py:186} INFO - Started process (PID=1938) to work on /home/airflow/.local/lib/python3.12/site-packages/airflow/example_dags/example_complex.py
[2025-06-20T21:41:34.677+0000] {processor.py:914} INFO - Processing file /home/airflow/.local/lib/python3.12/site-packages/airflow/example_dags/example_complex.py for tasks to queue
[2025-06-20T21:41:34.679+0000] {logging_mixin.py:190} INFO - [2025-06-20T21:41:34.679+0000] {dagbag.py:588} INFO - Filling up the DagBag from /home/airflow/.local/lib/python3.12/site-packages/airflow/example_dags/example_complex.py
[2025-06-20T21:41:34.690+0000] {processor.py:925} INFO - DAG(s) 'example_complex' retrieved from /home/airflow/.local/lib/python3.12/site-packages/airflow/example_dags/example_complex.py
[2025-06-20T21:41:34.721+0000] {logging_mixin.py:190} INFO - [2025-06-20T21:41:34.720+0000] {dag.py:3239} INFO - Sync 1 DAGs
[2025-06-20T21:41:34.735+0000] {logging_mixin.py:190} INFO - [2025-06-20T21:41:34.735+0000] {dag.py:4180} INFO - Setting next_dagrun for example_complex to None, run_after=None
[2025-06-20T21:41:34.768+0000] {processor.py:208} INFO - Processing /home/airflow/.local/lib/python3.12/site-packages/airflow/example_dags/example_complex.py took 0.097 seconds
[2025-06-20T21:42:07.707+0000] {processor.py:186} INFO - Started process (PID=2010) to work on /home/airflow/.local/lib/python3.12/site-packages/airflow/example_dags/example_complex.py
[2025-06-20T21:42:07.708+0000] {processor.py:914} INFO - Processing file /home/airflow/.local/lib/python3.12/site-packages/airflow/example_dags/example_complex.py for tasks to queue
[2025-06-20T21:42:07.710+0000] {logging_mixin.py:190} INFO - [2025-06-20T21:42:07.710+0000] {dagbag.py:588} INFO - Filling up the DagBag from /home/airflow/.local/lib/python3.12/site-packages/airflow/example_dags/example_complex.py
[2025-06-20T21:42:07.720+0000] {processor.py:925} INFO - DAG(s) 'example_complex' retrieved from /home/airflow/.local/lib/python3.12/site-packages/airflow/example_dags/example_complex.py
[2025-06-20T21:42:07.754+0000] {logging_mixin.py:190} INFO - [2025-06-20T21:42:07.754+0000] {dag.py:3239} INFO - Sync 1 DAGs
[2025-06-20T21:42:07.768+0000] {logging_mixin.py:190} INFO - [2025-06-20T21:42:07.768+0000] {dag.py:4180} INFO - Setting next_dagrun for example_complex to None, run_after=None
[2025-06-20T21:42:07.797+0000] {processor.py:208} INFO - Processing /home/airflow/.local/lib/python3.12/site-packages/airflow/example_dags/example_complex.py took 0.095 seconds
[2025-06-20T21:42:39.052+0000] {processor.py:186} INFO - Started process (PID=2074) to work on /home/airflow/.local/lib/python3.12/site-packages/airflow/example_dags/example_complex.py
[2025-06-20T21:42:39.053+0000] {processor.py:914} INFO - Processing file /home/airflow/.local/lib/python3.12/site-packages/airflow/example_dags/example_complex.py for tasks to queue
[2025-06-20T21:42:39.056+0000] {logging_mixin.py:190} INFO - [2025-06-20T21:42:39.056+0000] {dagbag.py:588} INFO - Filling up the DagBag from /home/airflow/.local/lib/python3.12/site-packages/airflow/example_dags/example_complex.py
[2025-06-20T21:42:39.067+0000] {processor.py:925} INFO - DAG(s) 'example_complex' retrieved from /home/airflow/.local/lib/python3.12/site-packages/airflow/example_dags/example_complex.py
[2025-06-20T21:42:39.098+0000] {logging_mixin.py:190} INFO - [2025-06-20T21:42:39.097+0000] {dag.py:3239} INFO - Sync 1 DAGs
[2025-06-20T21:42:39.114+0000] {logging_mixin.py:190} INFO - [2025-06-20T21:42:39.113+0000] {dag.py:4180} INFO - Setting next_dagrun for example_complex to None, run_after=None
[2025-06-20T21:42:39.145+0000] {processor.py:208} INFO - Processing /home/airflow/.local/lib/python3.12/site-packages/airflow/example_dags/example_complex.py took 0.098 seconds
[2025-06-20T21:43:10.754+0000] {processor.py:186} INFO - Started process (PID=2138) to work on /home/airflow/.local/lib/python3.12/site-packages/airflow/example_dags/example_complex.py
[2025-06-20T21:43:10.756+0000] {processor.py:914} INFO - Processing file /home/airflow/.local/lib/python3.12/site-packages/airflow/example_dags/example_complex.py for tasks to queue
[2025-06-20T21:43:10.758+0000] {logging_mixin.py:190} INFO - [2025-06-20T21:43:10.758+0000] {dagbag.py:588} INFO - Filling up the DagBag from /home/airflow/.local/lib/python3.12/site-packages/airflow/example_dags/example_complex.py
[2025-06-20T21:43:10.771+0000] {processor.py:925} INFO - DAG(s) 'example_complex' retrieved from /home/airflow/.local/lib/python3.12/site-packages/airflow/example_dags/example_complex.py
[2025-06-20T21:43:10.804+0000] {logging_mixin.py:190} INFO - [2025-06-20T21:43:10.803+0000] {dag.py:3239} INFO - Sync 1 DAGs
[2025-06-20T21:43:10.818+0000] {logging_mixin.py:190} INFO - [2025-06-20T21:43:10.817+0000] {dag.py:4180} INFO - Setting next_dagrun for example_complex to None, run_after=None
[2025-06-20T21:43:10.858+0000] {processor.py:208} INFO - Processing /home/airflow/.local/lib/python3.12/site-packages/airflow/example_dags/example_complex.py took 0.108 seconds
[2025-06-20T21:43:41.885+0000] {processor.py:186} INFO - Started process (PID=2204) to work on /home/airflow/.local/lib/python3.12/site-packages/airflow/example_dags/example_complex.py
[2025-06-20T21:43:41.887+0000] {processor.py:914} INFO - Processing file /home/airflow/.local/lib/python3.12/site-packages/airflow/example_dags/example_complex.py for tasks to queue
[2025-06-20T21:43:41.890+0000] {logging_mixin.py:190} INFO - [2025-06-20T21:43:41.889+0000] {dagbag.py:588} INFO - Filling up the DagBag from /home/airflow/.local/lib/python3.12/site-packages/airflow/example_dags/example_complex.py
[2025-06-20T21:43:41.903+0000] {processor.py:925} INFO - DAG(s) 'example_complex' retrieved from /home/airflow/.local/lib/python3.12/site-packages/airflow/example_dags/example_complex.py
[2025-06-20T21:43:41.938+0000] {logging_mixin.py:190} INFO - [2025-06-20T21:43:41.938+0000] {dag.py:3239} INFO - Sync 1 DAGs
[2025-06-20T21:43:41.954+0000] {logging_mixin.py:190} INFO - [2025-06-20T21:43:41.953+0000] {dag.py:4180} INFO - Setting next_dagrun for example_complex to None, run_after=None
[2025-06-20T21:43:41.989+0000] {processor.py:208} INFO - Processing /home/airflow/.local/lib/python3.12/site-packages/airflow/example_dags/example_complex.py took 0.110 seconds
[2025-06-20T21:44:13.318+0000] {processor.py:186} INFO - Started process (PID=2274) to work on /home/airflow/.local/lib/python3.12/site-packages/airflow/example_dags/example_complex.py
[2025-06-20T21:44:13.319+0000] {processor.py:914} INFO - Processing file /home/airflow/.local/lib/python3.12/site-packages/airflow/example_dags/example_complex.py for tasks to queue
[2025-06-20T21:44:13.321+0000] {logging_mixin.py:190} INFO - [2025-06-20T21:44:13.321+0000] {dagbag.py:588} INFO - Filling up the DagBag from /home/airflow/.local/lib/python3.12/site-packages/airflow/example_dags/example_complex.py
[2025-06-20T21:44:13.333+0000] {processor.py:925} INFO - DAG(s) 'example_complex' retrieved from /home/airflow/.local/lib/python3.12/site-packages/airflow/example_dags/example_complex.py
[2025-06-20T21:44:13.364+0000] {logging_mixin.py:190} INFO - [2025-06-20T21:44:13.364+0000] {dag.py:3239} INFO - Sync 1 DAGs
[2025-06-20T21:44:13.378+0000] {logging_mixin.py:190} INFO - [2025-06-20T21:44:13.378+0000] {dag.py:4180} INFO - Setting next_dagrun for example_complex to None, run_after=None
[2025-06-20T21:44:13.427+0000] {processor.py:208} INFO - Processing /home/airflow/.local/lib/python3.12/site-packages/airflow/example_dags/example_complex.py took 0.114 seconds
[2025-06-20T21:44:44.926+0000] {processor.py:186} INFO - Started process (PID=2338) to work on /home/airflow/.local/lib/python3.12/site-packages/airflow/example_dags/example_complex.py
[2025-06-20T21:44:44.927+0000] {processor.py:914} INFO - Processing file /home/airflow/.local/lib/python3.12/site-packages/airflow/example_dags/example_complex.py for tasks to queue
[2025-06-20T21:44:44.930+0000] {logging_mixin.py:190} INFO - [2025-06-20T21:44:44.929+0000] {dagbag.py:588} INFO - Filling up the DagBag from /home/airflow/.local/lib/python3.12/site-packages/airflow/example_dags/example_complex.py
[2025-06-20T21:44:44.946+0000] {processor.py:925} INFO - DAG(s) 'example_complex' retrieved from /home/airflow/.local/lib/python3.12/site-packages/airflow/example_dags/example_complex.py
[2025-06-20T21:44:44.982+0000] {logging_mixin.py:190} INFO - [2025-06-20T21:44:44.982+0000] {dag.py:3239} INFO - Sync 1 DAGs
[2025-06-20T21:44:44.998+0000] {logging_mixin.py:190} INFO - [2025-06-20T21:44:44.997+0000] {dag.py:4180} INFO - Setting next_dagrun for example_complex to None, run_after=None
[2025-06-20T21:44:45.027+0000] {processor.py:208} INFO - Processing /home/airflow/.local/lib/python3.12/site-packages/airflow/example_dags/example_complex.py took 0.106 seconds
[2025-06-20T21:45:16.782+0000] {processor.py:186} INFO - Started process (PID=2402) to work on /home/airflow/.local/lib/python3.12/site-packages/airflow/example_dags/example_complex.py
[2025-06-20T21:45:16.783+0000] {processor.py:914} INFO - Processing file /home/airflow/.local/lib/python3.12/site-packages/airflow/example_dags/example_complex.py for tasks to queue
[2025-06-20T21:45:16.786+0000] {logging_mixin.py:190} INFO - [2025-06-20T21:45:16.786+0000] {dagbag.py:588} INFO - Filling up the DagBag from /home/airflow/.local/lib/python3.12/site-packages/airflow/example_dags/example_complex.py
[2025-06-20T21:45:16.798+0000] {processor.py:925} INFO - DAG(s) 'example_complex' retrieved from /home/airflow/.local/lib/python3.12/site-packages/airflow/example_dags/example_complex.py
[2025-06-20T21:45:16.828+0000] {logging_mixin.py:190} INFO - [2025-06-20T21:45:16.828+0000] {dag.py:3239} INFO - Sync 1 DAGs
[2025-06-20T21:45:16.844+0000] {logging_mixin.py:190} INFO - [2025-06-20T21:45:16.843+0000] {dag.py:4180} INFO - Setting next_dagrun for example_complex to None, run_after=None
[2025-06-20T21:45:16.878+0000] {processor.py:208} INFO - Processing /home/airflow/.local/lib/python3.12/site-packages/airflow/example_dags/example_complex.py took 0.102 seconds
[2025-06-20T21:45:48.917+0000] {processor.py:186} INFO - Started process (PID=2466) to work on /home/airflow/.local/lib/python3.12/site-packages/airflow/example_dags/example_complex.py
[2025-06-20T21:45:48.918+0000] {processor.py:914} INFO - Processing file /home/airflow/.local/lib/python3.12/site-packages/airflow/example_dags/example_complex.py for tasks to queue
[2025-06-20T21:45:48.921+0000] {logging_mixin.py:190} INFO - [2025-06-20T21:45:48.920+0000] {dagbag.py:588} INFO - Filling up the DagBag from /home/airflow/.local/lib/python3.12/site-packages/airflow/example_dags/example_complex.py
[2025-06-20T21:45:48.934+0000] {processor.py:925} INFO - DAG(s) 'example_complex' retrieved from /home/airflow/.local/lib/python3.12/site-packages/airflow/example_dags/example_complex.py
[2025-06-20T21:45:48.965+0000] {logging_mixin.py:190} INFO - [2025-06-20T21:45:48.965+0000] {dag.py:3239} INFO - Sync 1 DAGs
[2025-06-20T21:45:48.979+0000] {logging_mixin.py:190} INFO - [2025-06-20T21:45:48.979+0000] {dag.py:4180} INFO - Setting next_dagrun for example_complex to None, run_after=None
[2025-06-20T21:45:49.006+0000] {processor.py:208} INFO - Processing /home/airflow/.local/lib/python3.12/site-packages/airflow/example_dags/example_complex.py took 0.095 seconds
[2025-06-20T21:46:20.325+0000] {processor.py:186} INFO - Started process (PID=2530) to work on /home/airflow/.local/lib/python3.12/site-packages/airflow/example_dags/example_complex.py
[2025-06-20T21:46:20.326+0000] {processor.py:914} INFO - Processing file /home/airflow/.local/lib/python3.12/site-packages/airflow/example_dags/example_complex.py for tasks to queue
[2025-06-20T21:46:20.328+0000] {logging_mixin.py:190} INFO - [2025-06-20T21:46:20.328+0000] {dagbag.py:588} INFO - Filling up the DagBag from /home/airflow/.local/lib/python3.12/site-packages/airflow/example_dags/example_complex.py
[2025-06-20T21:46:20.340+0000] {processor.py:925} INFO - DAG(s) 'example_complex' retrieved from /home/airflow/.local/lib/python3.12/site-packages/airflow/example_dags/example_complex.py
[2025-06-20T21:46:20.373+0000] {logging_mixin.py:190} INFO - [2025-06-20T21:46:20.373+0000] {dag.py:3239} INFO - Sync 1 DAGs
[2025-06-20T21:46:20.389+0000] {logging_mixin.py:190} INFO - [2025-06-20T21:46:20.388+0000] {dag.py:4180} INFO - Setting next_dagrun for example_complex to None, run_after=None
[2025-06-20T21:46:20.430+0000] {processor.py:208} INFO - Processing /home/airflow/.local/lib/python3.12/site-packages/airflow/example_dags/example_complex.py took 0.112 seconds
[2025-06-20T21:46:51.365+0000] {processor.py:186} INFO - Started process (PID=2594) to work on /home/airflow/.local/lib/python3.12/site-packages/airflow/example_dags/example_complex.py
[2025-06-20T21:46:51.366+0000] {processor.py:914} INFO - Processing file /home/airflow/.local/lib/python3.12/site-packages/airflow/example_dags/example_complex.py for tasks to queue
[2025-06-20T21:46:51.368+0000] {logging_mixin.py:190} INFO - [2025-06-20T21:46:51.368+0000] {dagbag.py:588} INFO - Filling up the DagBag from /home/airflow/.local/lib/python3.12/site-packages/airflow/example_dags/example_complex.py
[2025-06-20T21:46:51.380+0000] {processor.py:925} INFO - DAG(s) 'example_complex' retrieved from /home/airflow/.local/lib/python3.12/site-packages/airflow/example_dags/example_complex.py
[2025-06-20T21:46:51.411+0000] {logging_mixin.py:190} INFO - [2025-06-20T21:46:51.411+0000] {dag.py:3239} INFO - Sync 1 DAGs
[2025-06-20T21:46:51.425+0000] {logging_mixin.py:190} INFO - [2025-06-20T21:46:51.425+0000] {dag.py:4180} INFO - Setting next_dagrun for example_complex to None, run_after=None
[2025-06-20T21:46:51.538+0000] {processor.py:208} INFO - Processing /home/airflow/.local/lib/python3.12/site-packages/airflow/example_dags/example_complex.py took 0.178 seconds
[2025-06-20T21:47:22.948+0000] {processor.py:186} INFO - Started process (PID=2658) to work on /home/airflow/.local/lib/python3.12/site-packages/airflow/example_dags/example_complex.py
[2025-06-20T21:47:22.949+0000] {processor.py:914} INFO - Processing file /home/airflow/.local/lib/python3.12/site-packages/airflow/example_dags/example_complex.py for tasks to queue
[2025-06-20T21:47:22.952+0000] {logging_mixin.py:190} INFO - [2025-06-20T21:47:22.951+0000] {dagbag.py:588} INFO - Filling up the DagBag from /home/airflow/.local/lib/python3.12/site-packages/airflow/example_dags/example_complex.py
[2025-06-20T21:47:22.963+0000] {processor.py:925} INFO - DAG(s) 'example_complex' retrieved from /home/airflow/.local/lib/python3.12/site-packages/airflow/example_dags/example_complex.py
[2025-06-20T21:47:23.002+0000] {logging_mixin.py:190} INFO - [2025-06-20T21:47:23.002+0000] {dag.py:3239} INFO - Sync 1 DAGs
[2025-06-20T21:47:23.018+0000] {logging_mixin.py:190} INFO - [2025-06-20T21:47:23.018+0000] {dag.py:4180} INFO - Setting next_dagrun for example_complex to None, run_after=None
[2025-06-20T21:47:23.055+0000] {processor.py:208} INFO - Processing /home/airflow/.local/lib/python3.12/site-packages/airflow/example_dags/example_complex.py took 0.113 seconds
[2025-06-20T21:47:54.316+0000] {processor.py:186} INFO - Started process (PID=2722) to work on /home/airflow/.local/lib/python3.12/site-packages/airflow/example_dags/example_complex.py
[2025-06-20T21:47:54.317+0000] {processor.py:914} INFO - Processing file /home/airflow/.local/lib/python3.12/site-packages/airflow/example_dags/example_complex.py for tasks to queue
[2025-06-20T21:47:54.319+0000] {logging_mixin.py:190} INFO - [2025-06-20T21:47:54.319+0000] {dagbag.py:588} INFO - Filling up the DagBag from /home/airflow/.local/lib/python3.12/site-packages/airflow/example_dags/example_complex.py
[2025-06-20T21:47:54.331+0000] {processor.py:925} INFO - DAG(s) 'example_complex' retrieved from /home/airflow/.local/lib/python3.12/site-packages/airflow/example_dags/example_complex.py
[2025-06-20T21:47:54.363+0000] {logging_mixin.py:190} INFO - [2025-06-20T21:47:54.363+0000] {dag.py:3239} INFO - Sync 1 DAGs
[2025-06-20T21:47:54.378+0000] {logging_mixin.py:190} INFO - [2025-06-20T21:47:54.378+0000] {dag.py:4180} INFO - Setting next_dagrun for example_complex to None, run_after=None
[2025-06-20T21:47:54.410+0000] {processor.py:208} INFO - Processing /home/airflow/.local/lib/python3.12/site-packages/airflow/example_dags/example_complex.py took 0.100 seconds
[2025-06-20T21:48:25.828+0000] {processor.py:186} INFO - Started process (PID=2786) to work on /home/airflow/.local/lib/python3.12/site-packages/airflow/example_dags/example_complex.py
[2025-06-20T21:48:25.829+0000] {processor.py:914} INFO - Processing file /home/airflow/.local/lib/python3.12/site-packages/airflow/example_dags/example_complex.py for tasks to queue
[2025-06-20T21:48:25.831+0000] {logging_mixin.py:190} INFO - [2025-06-20T21:48:25.831+0000] {dagbag.py:588} INFO - Filling up the DagBag from /home/airflow/.local/lib/python3.12/site-packages/airflow/example_dags/example_complex.py
[2025-06-20T21:48:25.841+0000] {processor.py:925} INFO - DAG(s) 'example_complex' retrieved from /home/airflow/.local/lib/python3.12/site-packages/airflow/example_dags/example_complex.py
[2025-06-20T21:48:25.870+0000] {logging_mixin.py:190} INFO - [2025-06-20T21:48:25.869+0000] {dag.py:3239} INFO - Sync 1 DAGs
[2025-06-20T21:48:25.884+0000] {logging_mixin.py:190} INFO - [2025-06-20T21:48:25.884+0000] {dag.py:4180} INFO - Setting next_dagrun for example_complex to None, run_after=None
[2025-06-20T21:48:25.915+0000] {processor.py:208} INFO - Processing /home/airflow/.local/lib/python3.12/site-packages/airflow/example_dags/example_complex.py took 0.092 seconds
[2025-06-20T21:48:57.185+0000] {processor.py:186} INFO - Started process (PID=2850) to work on /home/airflow/.local/lib/python3.12/site-packages/airflow/example_dags/example_complex.py
[2025-06-20T21:48:57.186+0000] {processor.py:914} INFO - Processing file /home/airflow/.local/lib/python3.12/site-packages/airflow/example_dags/example_complex.py for tasks to queue
[2025-06-20T21:48:57.188+0000] {logging_mixin.py:190} INFO - [2025-06-20T21:48:57.188+0000] {dagbag.py:588} INFO - Filling up the DagBag from /home/airflow/.local/lib/python3.12/site-packages/airflow/example_dags/example_complex.py
[2025-06-20T21:48:57.200+0000] {processor.py:925} INFO - DAG(s) 'example_complex' retrieved from /home/airflow/.local/lib/python3.12/site-packages/airflow/example_dags/example_complex.py
[2025-06-20T21:48:57.230+0000] {logging_mixin.py:190} INFO - [2025-06-20T21:48:57.230+0000] {dag.py:3239} INFO - Sync 1 DAGs
[2025-06-20T21:48:57.245+0000] {logging_mixin.py:190} INFO - [2025-06-20T21:48:57.244+0000] {dag.py:4180} INFO - Setting next_dagrun for example_complex to None, run_after=None
[2025-06-20T21:48:57.283+0000] {processor.py:208} INFO - Processing /home/airflow/.local/lib/python3.12/site-packages/airflow/example_dags/example_complex.py took 0.104 seconds
[2025-06-20T21:49:28.609+0000] {processor.py:186} INFO - Started process (PID=2914) to work on /home/airflow/.local/lib/python3.12/site-packages/airflow/example_dags/example_complex.py
[2025-06-20T21:49:28.610+0000] {processor.py:914} INFO - Processing file /home/airflow/.local/lib/python3.12/site-packages/airflow/example_dags/example_complex.py for tasks to queue
[2025-06-20T21:49:28.613+0000] {logging_mixin.py:190} INFO - [2025-06-20T21:49:28.612+0000] {dagbag.py:588} INFO - Filling up the DagBag from /home/airflow/.local/lib/python3.12/site-packages/airflow/example_dags/example_complex.py
[2025-06-20T21:49:28.623+0000] {processor.py:925} INFO - DAG(s) 'example_complex' retrieved from /home/airflow/.local/lib/python3.12/site-packages/airflow/example_dags/example_complex.py
[2025-06-20T21:49:28.651+0000] {logging_mixin.py:190} INFO - [2025-06-20T21:49:28.651+0000] {dag.py:3239} INFO - Sync 1 DAGs
[2025-06-20T21:49:28.664+0000] {logging_mixin.py:190} INFO - [2025-06-20T21:49:28.664+0000] {dag.py:4180} INFO - Setting next_dagrun for example_complex to None, run_after=None
[2025-06-20T21:49:28.696+0000] {processor.py:208} INFO - Processing /home/airflow/.local/lib/python3.12/site-packages/airflow/example_dags/example_complex.py took 0.091 seconds
[2025-06-20T21:50:00.382+0000] {processor.py:186} INFO - Started process (PID=2978) to work on /home/airflow/.local/lib/python3.12/site-packages/airflow/example_dags/example_complex.py
[2025-06-20T21:50:00.384+0000] {processor.py:914} INFO - Processing file /home/airflow/.local/lib/python3.12/site-packages/airflow/example_dags/example_complex.py for tasks to queue
[2025-06-20T21:50:00.386+0000] {logging_mixin.py:190} INFO - [2025-06-20T21:50:00.386+0000] {dagbag.py:588} INFO - Filling up the DagBag from /home/airflow/.local/lib/python3.12/site-packages/airflow/example_dags/example_complex.py
[2025-06-20T21:50:00.397+0000] {processor.py:925} INFO - DAG(s) 'example_complex' retrieved from /home/airflow/.local/lib/python3.12/site-packages/airflow/example_dags/example_complex.py
[2025-06-20T21:50:00.425+0000] {logging_mixin.py:190} INFO - [2025-06-20T21:50:00.425+0000] {dag.py:3239} INFO - Sync 1 DAGs
[2025-06-20T21:50:00.439+0000] {logging_mixin.py:190} INFO - [2025-06-20T21:50:00.439+0000] {dag.py:4180} INFO - Setting next_dagrun for example_complex to None, run_after=None
[2025-06-20T21:50:00.470+0000] {processor.py:208} INFO - Processing /home/airflow/.local/lib/python3.12/site-packages/airflow/example_dags/example_complex.py took 0.093 seconds
[2025-06-20T21:50:32.659+0000] {processor.py:186} INFO - Started process (PID=3042) to work on /home/airflow/.local/lib/python3.12/site-packages/airflow/example_dags/example_complex.py
[2025-06-20T21:50:32.660+0000] {processor.py:914} INFO - Processing file /home/airflow/.local/lib/python3.12/site-packages/airflow/example_dags/example_complex.py for tasks to queue
[2025-06-20T21:50:32.663+0000] {logging_mixin.py:190} INFO - [2025-06-20T21:50:32.662+0000] {dagbag.py:588} INFO - Filling up the DagBag from /home/airflow/.local/lib/python3.12/site-packages/airflow/example_dags/example_complex.py
[2025-06-20T21:50:32.674+0000] {processor.py:925} INFO - DAG(s) 'example_complex' retrieved from /home/airflow/.local/lib/python3.12/site-packages/airflow/example_dags/example_complex.py
[2025-06-20T21:50:32.708+0000] {logging_mixin.py:190} INFO - [2025-06-20T21:50:32.708+0000] {dag.py:3239} INFO - Sync 1 DAGs
[2025-06-20T21:50:32.877+0000] {logging_mixin.py:190} INFO - [2025-06-20T21:50:32.877+0000] {dag.py:4180} INFO - Setting next_dagrun for example_complex to None, run_after=None
[2025-06-20T21:50:32.911+0000] {processor.py:208} INFO - Processing /home/airflow/.local/lib/python3.12/site-packages/airflow/example_dags/example_complex.py took 0.259 seconds
[2025-06-20T21:51:03.954+0000] {processor.py:186} INFO - Started process (PID=3106) to work on /home/airflow/.local/lib/python3.12/site-packages/airflow/example_dags/example_complex.py
[2025-06-20T21:51:03.955+0000] {processor.py:914} INFO - Processing file /home/airflow/.local/lib/python3.12/site-packages/airflow/example_dags/example_complex.py for tasks to queue
[2025-06-20T21:51:03.958+0000] {logging_mixin.py:190} INFO - [2025-06-20T21:51:03.957+0000] {dagbag.py:588} INFO - Filling up the DagBag from /home/airflow/.local/lib/python3.12/site-packages/airflow/example_dags/example_complex.py
[2025-06-20T21:51:03.968+0000] {processor.py:925} INFO - DAG(s) 'example_complex' retrieved from /home/airflow/.local/lib/python3.12/site-packages/airflow/example_dags/example_complex.py
[2025-06-20T21:51:03.997+0000] {logging_mixin.py:190} INFO - [2025-06-20T21:51:03.996+0000] {dag.py:3239} INFO - Sync 1 DAGs
[2025-06-20T21:51:04.171+0000] {logging_mixin.py:190} INFO - [2025-06-20T21:51:04.171+0000] {dag.py:4180} INFO - Setting next_dagrun for example_complex to None, run_after=None
[2025-06-20T21:51:04.202+0000] {processor.py:208} INFO - Processing /home/airflow/.local/lib/python3.12/site-packages/airflow/example_dags/example_complex.py took 0.253 seconds
[2025-06-20T21:51:35.289+0000] {processor.py:186} INFO - Started process (PID=3170) to work on /home/airflow/.local/lib/python3.12/site-packages/airflow/example_dags/example_complex.py
[2025-06-20T21:51:35.290+0000] {processor.py:914} INFO - Processing file /home/airflow/.local/lib/python3.12/site-packages/airflow/example_dags/example_complex.py for tasks to queue
[2025-06-20T21:51:35.292+0000] {logging_mixin.py:190} INFO - [2025-06-20T21:51:35.292+0000] {dagbag.py:588} INFO - Filling up the DagBag from /home/airflow/.local/lib/python3.12/site-packages/airflow/example_dags/example_complex.py
[2025-06-20T21:51:35.302+0000] {processor.py:925} INFO - DAG(s) 'example_complex' retrieved from /home/airflow/.local/lib/python3.12/site-packages/airflow/example_dags/example_complex.py
[2025-06-20T21:51:35.333+0000] {logging_mixin.py:190} INFO - [2025-06-20T21:51:35.333+0000] {dag.py:3239} INFO - Sync 1 DAGs
[2025-06-20T21:51:35.348+0000] {logging_mixin.py:190} INFO - [2025-06-20T21:51:35.348+0000] {dag.py:4180} INFO - Setting next_dagrun for example_complex to None, run_after=None
[2025-06-20T21:51:35.380+0000] {processor.py:208} INFO - Processing /home/airflow/.local/lib/python3.12/site-packages/airflow/example_dags/example_complex.py took 0.096 seconds
[2025-06-20T21:52:06.933+0000] {processor.py:186} INFO - Started process (PID=3234) to work on /home/airflow/.local/lib/python3.12/site-packages/airflow/example_dags/example_complex.py
[2025-06-20T21:52:06.934+0000] {processor.py:914} INFO - Processing file /home/airflow/.local/lib/python3.12/site-packages/airflow/example_dags/example_complex.py for tasks to queue
[2025-06-20T21:52:06.938+0000] {logging_mixin.py:190} INFO - [2025-06-20T21:52:06.937+0000] {dagbag.py:588} INFO - Filling up the DagBag from /home/airflow/.local/lib/python3.12/site-packages/airflow/example_dags/example_complex.py
[2025-06-20T21:52:06.953+0000] {processor.py:925} INFO - DAG(s) 'example_complex' retrieved from /home/airflow/.local/lib/python3.12/site-packages/airflow/example_dags/example_complex.py
[2025-06-20T21:52:06.986+0000] {logging_mixin.py:190} INFO - [2025-06-20T21:52:06.985+0000] {dag.py:3239} INFO - Sync 1 DAGs
[2025-06-20T21:52:07.000+0000] {logging_mixin.py:190} INFO - [2025-06-20T21:52:07.000+0000] {dag.py:4180} INFO - Setting next_dagrun for example_complex to None, run_after=None
[2025-06-20T21:52:07.073+0000] {processor.py:208} INFO - Processing /home/airflow/.local/lib/python3.12/site-packages/airflow/example_dags/example_complex.py took 0.148 seconds
[2025-06-20T21:52:37.815+0000] {processor.py:186} INFO - Started process (PID=3299) to work on /home/airflow/.local/lib/python3.12/site-packages/airflow/example_dags/example_complex.py
[2025-06-20T21:52:37.816+0000] {processor.py:914} INFO - Processing file /home/airflow/.local/lib/python3.12/site-packages/airflow/example_dags/example_complex.py for tasks to queue
[2025-06-20T21:52:37.819+0000] {logging_mixin.py:190} INFO - [2025-06-20T21:52:37.818+0000] {dagbag.py:588} INFO - Filling up the DagBag from /home/airflow/.local/lib/python3.12/site-packages/airflow/example_dags/example_complex.py
[2025-06-20T21:52:37.986+0000] {processor.py:925} INFO - DAG(s) 'example_complex' retrieved from /home/airflow/.local/lib/python3.12/site-packages/airflow/example_dags/example_complex.py
[2025-06-20T21:52:38.015+0000] {logging_mixin.py:190} INFO - [2025-06-20T21:52:38.014+0000] {dag.py:3239} INFO - Sync 1 DAGs
[2025-06-20T21:52:38.027+0000] {logging_mixin.py:190} INFO - [2025-06-20T21:52:38.027+0000] {dag.py:4180} INFO - Setting next_dagrun for example_complex to None, run_after=None
[2025-06-20T21:52:38.071+0000] {processor.py:208} INFO - Processing /home/airflow/.local/lib/python3.12/site-packages/airflow/example_dags/example_complex.py took 0.261 seconds
[2025-06-20T21:53:09.474+0000] {processor.py:186} INFO - Started process (PID=3363) to work on /home/airflow/.local/lib/python3.12/site-packages/airflow/example_dags/example_complex.py
[2025-06-20T21:53:09.475+0000] {processor.py:914} INFO - Processing file /home/airflow/.local/lib/python3.12/site-packages/airflow/example_dags/example_complex.py for tasks to queue
[2025-06-20T21:53:09.477+0000] {logging_mixin.py:190} INFO - [2025-06-20T21:53:09.477+0000] {dagbag.py:588} INFO - Filling up the DagBag from /home/airflow/.local/lib/python3.12/site-packages/airflow/example_dags/example_complex.py
[2025-06-20T21:53:09.488+0000] {processor.py:925} INFO - DAG(s) 'example_complex' retrieved from /home/airflow/.local/lib/python3.12/site-packages/airflow/example_dags/example_complex.py
[2025-06-20T21:53:09.520+0000] {logging_mixin.py:190} INFO - [2025-06-20T21:53:09.520+0000] {dag.py:3239} INFO - Sync 1 DAGs
[2025-06-20T21:53:09.534+0000] {logging_mixin.py:190} INFO - [2025-06-20T21:53:09.534+0000] {dag.py:4180} INFO - Setting next_dagrun for example_complex to None, run_after=None
[2025-06-20T21:53:09.564+0000] {processor.py:208} INFO - Processing /home/airflow/.local/lib/python3.12/site-packages/airflow/example_dags/example_complex.py took 0.096 seconds
[2025-06-20T21:53:40.575+0000] {processor.py:186} INFO - Started process (PID=3427) to work on /home/airflow/.local/lib/python3.12/site-packages/airflow/example_dags/example_complex.py
[2025-06-20T21:53:40.576+0000] {processor.py:914} INFO - Processing file /home/airflow/.local/lib/python3.12/site-packages/airflow/example_dags/example_complex.py for tasks to queue
[2025-06-20T21:53:40.578+0000] {logging_mixin.py:190} INFO - [2025-06-20T21:53:40.578+0000] {dagbag.py:588} INFO - Filling up the DagBag from /home/airflow/.local/lib/python3.12/site-packages/airflow/example_dags/example_complex.py
[2025-06-20T21:53:40.588+0000] {processor.py:925} INFO - DAG(s) 'example_complex' retrieved from /home/airflow/.local/lib/python3.12/site-packages/airflow/example_dags/example_complex.py
[2025-06-20T21:53:40.618+0000] {logging_mixin.py:190} INFO - [2025-06-20T21:53:40.617+0000] {dag.py:3239} INFO - Sync 1 DAGs
[2025-06-20T21:53:40.631+0000] {logging_mixin.py:190} INFO - [2025-06-20T21:53:40.631+0000] {dag.py:4180} INFO - Setting next_dagrun for example_complex to None, run_after=None
[2025-06-20T21:53:40.654+0000] {processor.py:208} INFO - Processing /home/airflow/.local/lib/python3.12/site-packages/airflow/example_dags/example_complex.py took 0.085 seconds
[2025-06-20T21:55:49.626+0000] {processor.py:186} INFO - Started process (PID=93) to work on /home/airflow/.local/lib/python3.12/site-packages/airflow/example_dags/example_complex.py
[2025-06-20T21:55:49.627+0000] {processor.py:914} INFO - Processing file /home/airflow/.local/lib/python3.12/site-packages/airflow/example_dags/example_complex.py for tasks to queue
[2025-06-20T21:55:49.630+0000] {logging_mixin.py:190} INFO - [2025-06-20T21:55:49.629+0000] {dagbag.py:588} INFO - Filling up the DagBag from /home/airflow/.local/lib/python3.12/site-packages/airflow/example_dags/example_complex.py
[2025-06-20T21:55:49.642+0000] {processor.py:925} INFO - DAG(s) 'example_complex' retrieved from /home/airflow/.local/lib/python3.12/site-packages/airflow/example_dags/example_complex.py
[2025-06-20T21:55:49.805+0000] {logging_mixin.py:190} INFO - [2025-06-20T21:55:49.804+0000] {override.py:1911} INFO - Created Permission View: can delete on DAG:example_complex
[2025-06-20T21:55:49.826+0000] {logging_mixin.py:190} INFO - [2025-06-20T21:55:49.826+0000] {override.py:1911} INFO - Created Permission View: can edit on DAG:example_complex
[2025-06-20T21:55:49.848+0000] {logging_mixin.py:190} INFO - [2025-06-20T21:55:49.847+0000] {override.py:1911} INFO - Created Permission View: can read on DAG:example_complex
[2025-06-20T21:55:49.891+0000] {logging_mixin.py:190} INFO - [2025-06-20T21:55:49.891+0000] {override.py:1911} INFO - Created Permission View: can delete on DAG Run:example_complex
[2025-06-20T21:55:49.914+0000] {logging_mixin.py:190} INFO - [2025-06-20T21:55:49.914+0000] {override.py:1911} INFO - Created Permission View: menu access on DAG Run:example_complex
[2025-06-20T21:55:49.936+0000] {logging_mixin.py:190} INFO - [2025-06-20T21:55:49.935+0000] {override.py:1911} INFO - Created Permission View: can create on DAG Run:example_complex
[2025-06-20T21:55:49.958+0000] {logging_mixin.py:190} INFO - [2025-06-20T21:55:49.957+0000] {override.py:1911} INFO - Created Permission View: can read on DAG Run:example_complex
[2025-06-20T21:55:49.959+0000] {logging_mixin.py:190} INFO - [2025-06-20T21:55:49.959+0000] {dag.py:3239} INFO - Sync 1 DAGs
[2025-06-20T21:55:49.971+0000] {logging_mixin.py:190} INFO - [2025-06-20T21:55:49.971+0000] {dag.py:3262} INFO - Creating ORM DAG for example_complex
[2025-06-20T21:55:49.972+0000] {logging_mixin.py:190} INFO - [2025-06-20T21:55:49.972+0000] {dag.py:4180} INFO - Setting next_dagrun for example_complex to None, run_after=None
[2025-06-20T21:55:49.998+0000] {processor.py:208} INFO - Processing /home/airflow/.local/lib/python3.12/site-packages/airflow/example_dags/example_complex.py took 0.377 seconds
[2025-06-20T21:56:20.882+0000] {processor.py:186} INFO - Started process (PID=157) to work on /home/airflow/.local/lib/python3.12/site-packages/airflow/example_dags/example_complex.py
[2025-06-20T21:56:20.883+0000] {processor.py:914} INFO - Processing file /home/airflow/.local/lib/python3.12/site-packages/airflow/example_dags/example_complex.py for tasks to queue
[2025-06-20T21:56:20.885+0000] {logging_mixin.py:190} INFO - [2025-06-20T21:56:20.885+0000] {dagbag.py:588} INFO - Filling up the DagBag from /home/airflow/.local/lib/python3.12/site-packages/airflow/example_dags/example_complex.py
[2025-06-20T21:56:20.898+0000] {processor.py:925} INFO - DAG(s) 'example_complex' retrieved from /home/airflow/.local/lib/python3.12/site-packages/airflow/example_dags/example_complex.py
[2025-06-20T21:56:20.930+0000] {logging_mixin.py:190} INFO - [2025-06-20T21:56:20.929+0000] {dag.py:3239} INFO - Sync 1 DAGs
[2025-06-20T21:56:20.946+0000] {logging_mixin.py:190} INFO - [2025-06-20T21:56:20.946+0000] {dag.py:4180} INFO - Setting next_dagrun for example_complex to None, run_after=None
[2025-06-20T21:56:21.016+0000] {processor.py:208} INFO - Processing /home/airflow/.local/lib/python3.12/site-packages/airflow/example_dags/example_complex.py took 0.138 seconds
[2025-06-20T21:56:51.619+0000] {processor.py:186} INFO - Started process (PID=220) to work on /home/airflow/.local/lib/python3.12/site-packages/airflow/example_dags/example_complex.py
[2025-06-20T21:56:51.620+0000] {processor.py:914} INFO - Processing file /home/airflow/.local/lib/python3.12/site-packages/airflow/example_dags/example_complex.py for tasks to queue
[2025-06-20T21:56:51.622+0000] {logging_mixin.py:190} INFO - [2025-06-20T21:56:51.622+0000] {dagbag.py:588} INFO - Filling up the DagBag from /home/airflow/.local/lib/python3.12/site-packages/airflow/example_dags/example_complex.py
[2025-06-20T21:56:51.633+0000] {processor.py:925} INFO - DAG(s) 'example_complex' retrieved from /home/airflow/.local/lib/python3.12/site-packages/airflow/example_dags/example_complex.py
[2025-06-20T21:56:51.669+0000] {logging_mixin.py:190} INFO - [2025-06-20T21:56:51.668+0000] {dag.py:3239} INFO - Sync 1 DAGs
[2025-06-20T21:56:51.681+0000] {logging_mixin.py:190} INFO - [2025-06-20T21:56:51.681+0000] {dag.py:4180} INFO - Setting next_dagrun for example_complex to None, run_after=None
[2025-06-20T21:56:51.778+0000] {processor.py:208} INFO - Processing /home/airflow/.local/lib/python3.12/site-packages/airflow/example_dags/example_complex.py took 0.164 seconds
[2025-06-20T21:57:22.006+0000] {processor.py:186} INFO - Started process (PID=278) to work on /home/airflow/.local/lib/python3.12/site-packages/airflow/example_dags/example_complex.py
[2025-06-20T21:57:22.007+0000] {processor.py:914} INFO - Processing file /home/airflow/.local/lib/python3.12/site-packages/airflow/example_dags/example_complex.py for tasks to queue
[2025-06-20T21:57:22.009+0000] {logging_mixin.py:190} INFO - [2025-06-20T21:57:22.009+0000] {dagbag.py:588} INFO - Filling up the DagBag from /home/airflow/.local/lib/python3.12/site-packages/airflow/example_dags/example_complex.py
[2025-06-20T21:57:22.019+0000] {processor.py:925} INFO - DAG(s) 'example_complex' retrieved from /home/airflow/.local/lib/python3.12/site-packages/airflow/example_dags/example_complex.py
[2025-06-20T21:57:22.049+0000] {logging_mixin.py:190} INFO - [2025-06-20T21:57:22.049+0000] {dag.py:3239} INFO - Sync 1 DAGs
[2025-06-20T21:57:22.063+0000] {logging_mixin.py:190} INFO - [2025-06-20T21:57:22.063+0000] {dag.py:4180} INFO - Setting next_dagrun for example_complex to None, run_after=None
[2025-06-20T21:57:22.086+0000] {processor.py:208} INFO - Processing /home/airflow/.local/lib/python3.12/site-packages/airflow/example_dags/example_complex.py took 0.085 seconds
[2025-06-20T21:57:53.292+0000] {processor.py:186} INFO - Started process (PID=342) to work on /home/airflow/.local/lib/python3.12/site-packages/airflow/example_dags/example_complex.py
[2025-06-20T21:57:53.293+0000] {processor.py:914} INFO - Processing file /home/airflow/.local/lib/python3.12/site-packages/airflow/example_dags/example_complex.py for tasks to queue
[2025-06-20T21:57:53.296+0000] {logging_mixin.py:190} INFO - [2025-06-20T21:57:53.295+0000] {dagbag.py:588} INFO - Filling up the DagBag from /home/airflow/.local/lib/python3.12/site-packages/airflow/example_dags/example_complex.py
[2025-06-20T21:57:53.306+0000] {processor.py:925} INFO - DAG(s) 'example_complex' retrieved from /home/airflow/.local/lib/python3.12/site-packages/airflow/example_dags/example_complex.py
[2025-06-20T21:57:53.335+0000] {logging_mixin.py:190} INFO - [2025-06-20T21:57:53.335+0000] {dag.py:3239} INFO - Sync 1 DAGs
[2025-06-20T21:57:53.351+0000] {logging_mixin.py:190} INFO - [2025-06-20T21:57:53.350+0000] {dag.py:4180} INFO - Setting next_dagrun for example_complex to None, run_after=None
[2025-06-20T21:57:53.377+0000] {processor.py:208} INFO - Processing /home/airflow/.local/lib/python3.12/site-packages/airflow/example_dags/example_complex.py took 0.090 seconds
[2025-06-20T21:58:25.055+0000] {processor.py:186} INFO - Started process (PID=414) to work on /home/airflow/.local/lib/python3.12/site-packages/airflow/example_dags/example_complex.py
[2025-06-20T21:58:25.056+0000] {processor.py:914} INFO - Processing file /home/airflow/.local/lib/python3.12/site-packages/airflow/example_dags/example_complex.py for tasks to queue
[2025-06-20T21:58:25.060+0000] {logging_mixin.py:190} INFO - [2025-06-20T21:58:25.059+0000] {dagbag.py:588} INFO - Filling up the DagBag from /home/airflow/.local/lib/python3.12/site-packages/airflow/example_dags/example_complex.py
[2025-06-20T21:58:25.071+0000] {processor.py:925} INFO - DAG(s) 'example_complex' retrieved from /home/airflow/.local/lib/python3.12/site-packages/airflow/example_dags/example_complex.py
[2025-06-20T21:58:25.104+0000] {logging_mixin.py:190} INFO - [2025-06-20T21:58:25.104+0000] {dag.py:3239} INFO - Sync 1 DAGs
[2025-06-20T21:58:25.120+0000] {logging_mixin.py:190} INFO - [2025-06-20T21:58:25.119+0000] {dag.py:4180} INFO - Setting next_dagrun for example_complex to None, run_after=None
[2025-06-20T21:58:25.146+0000] {processor.py:208} INFO - Processing /home/airflow/.local/lib/python3.12/site-packages/airflow/example_dags/example_complex.py took 0.097 seconds
[2025-06-20T21:58:56.212+0000] {processor.py:186} INFO - Started process (PID=478) to work on /home/airflow/.local/lib/python3.12/site-packages/airflow/example_dags/example_complex.py
[2025-06-20T21:58:56.214+0000] {processor.py:914} INFO - Processing file /home/airflow/.local/lib/python3.12/site-packages/airflow/example_dags/example_complex.py for tasks to queue
[2025-06-20T21:58:56.217+0000] {logging_mixin.py:190} INFO - [2025-06-20T21:58:56.216+0000] {dagbag.py:588} INFO - Filling up the DagBag from /home/airflow/.local/lib/python3.12/site-packages/airflow/example_dags/example_complex.py
[2025-06-20T21:58:56.229+0000] {processor.py:925} INFO - DAG(s) 'example_complex' retrieved from /home/airflow/.local/lib/python3.12/site-packages/airflow/example_dags/example_complex.py
[2025-06-20T21:58:56.259+0000] {logging_mixin.py:190} INFO - [2025-06-20T21:58:56.258+0000] {dag.py:3239} INFO - Sync 1 DAGs
[2025-06-20T21:58:56.272+0000] {logging_mixin.py:190} INFO - [2025-06-20T21:58:56.272+0000] {dag.py:4180} INFO - Setting next_dagrun for example_complex to None, run_after=None
[2025-06-20T21:58:56.368+0000] {processor.py:208} INFO - Processing /home/airflow/.local/lib/python3.12/site-packages/airflow/example_dags/example_complex.py took 0.164 seconds
[2025-06-20T21:59:27.793+0000] {processor.py:186} INFO - Started process (PID=542) to work on /home/airflow/.local/lib/python3.12/site-packages/airflow/example_dags/example_complex.py
[2025-06-20T21:59:27.794+0000] {processor.py:914} INFO - Processing file /home/airflow/.local/lib/python3.12/site-packages/airflow/example_dags/example_complex.py for tasks to queue
[2025-06-20T21:59:27.797+0000] {logging_mixin.py:190} INFO - [2025-06-20T21:59:27.796+0000] {dagbag.py:588} INFO - Filling up the DagBag from /home/airflow/.local/lib/python3.12/site-packages/airflow/example_dags/example_complex.py
[2025-06-20T21:59:27.807+0000] {processor.py:925} INFO - DAG(s) 'example_complex' retrieved from /home/airflow/.local/lib/python3.12/site-packages/airflow/example_dags/example_complex.py
[2025-06-20T21:59:27.838+0000] {logging_mixin.py:190} INFO - [2025-06-20T21:59:27.837+0000] {dag.py:3239} INFO - Sync 1 DAGs
[2025-06-20T21:59:27.851+0000] {logging_mixin.py:190} INFO - [2025-06-20T21:59:27.851+0000] {dag.py:4180} INFO - Setting next_dagrun for example_complex to None, run_after=None
[2025-06-20T21:59:27.875+0000] {processor.py:208} INFO - Processing /home/airflow/.local/lib/python3.12/site-packages/airflow/example_dags/example_complex.py took 0.087 seconds
[2025-06-20T21:59:59.347+0000] {processor.py:186} INFO - Started process (PID=607) to work on /home/airflow/.local/lib/python3.12/site-packages/airflow/example_dags/example_complex.py
[2025-06-20T21:59:59.348+0000] {processor.py:914} INFO - Processing file /home/airflow/.local/lib/python3.12/site-packages/airflow/example_dags/example_complex.py for tasks to queue
[2025-06-20T21:59:59.350+0000] {logging_mixin.py:190} INFO - [2025-06-20T21:59:59.350+0000] {dagbag.py:588} INFO - Filling up the DagBag from /home/airflow/.local/lib/python3.12/site-packages/airflow/example_dags/example_complex.py
[2025-06-20T21:59:59.360+0000] {processor.py:925} INFO - DAG(s) 'example_complex' retrieved from /home/airflow/.local/lib/python3.12/site-packages/airflow/example_dags/example_complex.py
[2025-06-20T21:59:59.389+0000] {logging_mixin.py:190} INFO - [2025-06-20T21:59:59.389+0000] {dag.py:3239} INFO - Sync 1 DAGs
[2025-06-20T21:59:59.402+0000] {logging_mixin.py:190} INFO - [2025-06-20T21:59:59.402+0000] {dag.py:4180} INFO - Setting next_dagrun for example_complex to None, run_after=None
[2025-06-20T21:59:59.428+0000] {processor.py:208} INFO - Processing /home/airflow/.local/lib/python3.12/site-packages/airflow/example_dags/example_complex.py took 0.086 seconds
[2025-06-20T22:00:30.966+0000] {processor.py:186} INFO - Started process (PID=671) to work on /home/airflow/.local/lib/python3.12/site-packages/airflow/example_dags/example_complex.py
[2025-06-20T22:00:30.967+0000] {processor.py:914} INFO - Processing file /home/airflow/.local/lib/python3.12/site-packages/airflow/example_dags/example_complex.py for tasks to queue
[2025-06-20T22:00:30.970+0000] {logging_mixin.py:190} INFO - [2025-06-20T22:00:30.969+0000] {dagbag.py:588} INFO - Filling up the DagBag from /home/airflow/.local/lib/python3.12/site-packages/airflow/example_dags/example_complex.py
[2025-06-20T22:00:30.983+0000] {processor.py:925} INFO - DAG(s) 'example_complex' retrieved from /home/airflow/.local/lib/python3.12/site-packages/airflow/example_dags/example_complex.py
[2025-06-20T22:00:31.015+0000] {logging_mixin.py:190} INFO - [2025-06-20T22:00:31.015+0000] {dag.py:3239} INFO - Sync 1 DAGs
[2025-06-20T22:00:31.029+0000] {logging_mixin.py:190} INFO - [2025-06-20T22:00:31.029+0000] {dag.py:4180} INFO - Setting next_dagrun for example_complex to None, run_after=None
[2025-06-20T22:00:31.052+0000] {processor.py:208} INFO - Processing /home/airflow/.local/lib/python3.12/site-packages/airflow/example_dags/example_complex.py took 0.092 seconds
[2025-06-20T22:01:02.353+0000] {processor.py:186} INFO - Started process (PID=735) to work on /home/airflow/.local/lib/python3.12/site-packages/airflow/example_dags/example_complex.py
[2025-06-20T22:01:02.354+0000] {processor.py:914} INFO - Processing file /home/airflow/.local/lib/python3.12/site-packages/airflow/example_dags/example_complex.py for tasks to queue
[2025-06-20T22:01:02.356+0000] {logging_mixin.py:190} INFO - [2025-06-20T22:01:02.356+0000] {dagbag.py:588} INFO - Filling up the DagBag from /home/airflow/.local/lib/python3.12/site-packages/airflow/example_dags/example_complex.py
[2025-06-20T22:01:02.367+0000] {processor.py:925} INFO - DAG(s) 'example_complex' retrieved from /home/airflow/.local/lib/python3.12/site-packages/airflow/example_dags/example_complex.py
[2025-06-20T22:01:02.396+0000] {logging_mixin.py:190} INFO - [2025-06-20T22:01:02.396+0000] {dag.py:3239} INFO - Sync 1 DAGs
[2025-06-20T22:01:02.412+0000] {logging_mixin.py:190} INFO - [2025-06-20T22:01:02.412+0000] {dag.py:4180} INFO - Setting next_dagrun for example_complex to None, run_after=None
[2025-06-20T22:01:02.435+0000] {processor.py:208} INFO - Processing /home/airflow/.local/lib/python3.12/site-packages/airflow/example_dags/example_complex.py took 0.088 seconds
[2025-06-20T22:01:33.976+0000] {processor.py:186} INFO - Started process (PID=799) to work on /home/airflow/.local/lib/python3.12/site-packages/airflow/example_dags/example_complex.py
[2025-06-20T22:01:33.977+0000] {processor.py:914} INFO - Processing file /home/airflow/.local/lib/python3.12/site-packages/airflow/example_dags/example_complex.py for tasks to queue
[2025-06-20T22:01:33.979+0000] {logging_mixin.py:190} INFO - [2025-06-20T22:01:33.979+0000] {dagbag.py:588} INFO - Filling up the DagBag from /home/airflow/.local/lib/python3.12/site-packages/airflow/example_dags/example_complex.py
[2025-06-20T22:01:33.990+0000] {processor.py:925} INFO - DAG(s) 'example_complex' retrieved from /home/airflow/.local/lib/python3.12/site-packages/airflow/example_dags/example_complex.py
[2025-06-20T22:01:34.021+0000] {logging_mixin.py:190} INFO - [2025-06-20T22:01:34.021+0000] {dag.py:3239} INFO - Sync 1 DAGs
[2025-06-20T22:01:34.037+0000] {logging_mixin.py:190} INFO - [2025-06-20T22:01:34.036+0000] {dag.py:4180} INFO - Setting next_dagrun for example_complex to None, run_after=None
[2025-06-20T22:01:34.068+0000] {processor.py:208} INFO - Processing /home/airflow/.local/lib/python3.12/site-packages/airflow/example_dags/example_complex.py took 0.098 seconds
[2025-06-20T22:02:05.482+0000] {processor.py:186} INFO - Started process (PID=863) to work on /home/airflow/.local/lib/python3.12/site-packages/airflow/example_dags/example_complex.py
[2025-06-20T22:02:05.483+0000] {processor.py:914} INFO - Processing file /home/airflow/.local/lib/python3.12/site-packages/airflow/example_dags/example_complex.py for tasks to queue
[2025-06-20T22:02:05.486+0000] {logging_mixin.py:190} INFO - [2025-06-20T22:02:05.486+0000] {dagbag.py:588} INFO - Filling up the DagBag from /home/airflow/.local/lib/python3.12/site-packages/airflow/example_dags/example_complex.py
[2025-06-20T22:02:05.499+0000] {processor.py:925} INFO - DAG(s) 'example_complex' retrieved from /home/airflow/.local/lib/python3.12/site-packages/airflow/example_dags/example_complex.py
[2025-06-20T22:02:05.535+0000] {logging_mixin.py:190} INFO - [2025-06-20T22:02:05.535+0000] {dag.py:3239} INFO - Sync 1 DAGs
[2025-06-20T22:02:05.550+0000] {logging_mixin.py:190} INFO - [2025-06-20T22:02:05.550+0000] {dag.py:4180} INFO - Setting next_dagrun for example_complex to None, run_after=None
[2025-06-20T22:02:05.657+0000] {processor.py:208} INFO - Processing /home/airflow/.local/lib/python3.12/site-packages/airflow/example_dags/example_complex.py took 0.182 seconds
[2025-06-20T22:02:37.256+0000] {processor.py:186} INFO - Started process (PID=927) to work on /home/airflow/.local/lib/python3.12/site-packages/airflow/example_dags/example_complex.py
[2025-06-20T22:02:37.258+0000] {processor.py:914} INFO - Processing file /home/airflow/.local/lib/python3.12/site-packages/airflow/example_dags/example_complex.py for tasks to queue
[2025-06-20T22:02:37.261+0000] {logging_mixin.py:190} INFO - [2025-06-20T22:02:37.260+0000] {dagbag.py:588} INFO - Filling up the DagBag from /home/airflow/.local/lib/python3.12/site-packages/airflow/example_dags/example_complex.py
[2025-06-20T22:02:37.273+0000] {processor.py:925} INFO - DAG(s) 'example_complex' retrieved from /home/airflow/.local/lib/python3.12/site-packages/airflow/example_dags/example_complex.py
[2025-06-20T22:02:37.304+0000] {logging_mixin.py:190} INFO - [2025-06-20T22:02:37.303+0000] {dag.py:3239} INFO - Sync 1 DAGs
[2025-06-20T22:02:37.321+0000] {logging_mixin.py:190} INFO - [2025-06-20T22:02:37.321+0000] {dag.py:4180} INFO - Setting next_dagrun for example_complex to None, run_after=None
[2025-06-20T22:02:37.353+0000] {processor.py:208} INFO - Processing /home/airflow/.local/lib/python3.12/site-packages/airflow/example_dags/example_complex.py took 0.102 seconds
[2025-06-20T22:03:09.059+0000] {processor.py:186} INFO - Started process (PID=991) to work on /home/airflow/.local/lib/python3.12/site-packages/airflow/example_dags/example_complex.py
[2025-06-20T22:03:09.060+0000] {processor.py:914} INFO - Processing file /home/airflow/.local/lib/python3.12/site-packages/airflow/example_dags/example_complex.py for tasks to queue
[2025-06-20T22:03:09.063+0000] {logging_mixin.py:190} INFO - [2025-06-20T22:03:09.062+0000] {dagbag.py:588} INFO - Filling up the DagBag from /home/airflow/.local/lib/python3.12/site-packages/airflow/example_dags/example_complex.py
[2025-06-20T22:03:09.073+0000] {processor.py:925} INFO - DAG(s) 'example_complex' retrieved from /home/airflow/.local/lib/python3.12/site-packages/airflow/example_dags/example_complex.py
[2025-06-20T22:03:09.102+0000] {logging_mixin.py:190} INFO - [2025-06-20T22:03:09.102+0000] {dag.py:3239} INFO - Sync 1 DAGs
[2025-06-20T22:03:09.115+0000] {logging_mixin.py:190} INFO - [2025-06-20T22:03:09.115+0000] {dag.py:4180} INFO - Setting next_dagrun for example_complex to None, run_after=None
[2025-06-20T22:03:09.147+0000] {processor.py:208} INFO - Processing /home/airflow/.local/lib/python3.12/site-packages/airflow/example_dags/example_complex.py took 0.093 seconds
[2025-06-20T22:03:40.722+0000] {processor.py:186} INFO - Started process (PID=1055) to work on /home/airflow/.local/lib/python3.12/site-packages/airflow/example_dags/example_complex.py
[2025-06-20T22:03:40.723+0000] {processor.py:914} INFO - Processing file /home/airflow/.local/lib/python3.12/site-packages/airflow/example_dags/example_complex.py for tasks to queue
[2025-06-20T22:03:40.726+0000] {logging_mixin.py:190} INFO - [2025-06-20T22:03:40.725+0000] {dagbag.py:588} INFO - Filling up the DagBag from /home/airflow/.local/lib/python3.12/site-packages/airflow/example_dags/example_complex.py
[2025-06-20T22:03:40.737+0000] {processor.py:925} INFO - DAG(s) 'example_complex' retrieved from /home/airflow/.local/lib/python3.12/site-packages/airflow/example_dags/example_complex.py
[2025-06-20T22:03:40.771+0000] {logging_mixin.py:190} INFO - [2025-06-20T22:03:40.771+0000] {dag.py:3239} INFO - Sync 1 DAGs
[2025-06-20T22:03:40.785+0000] {logging_mixin.py:190} INFO - [2025-06-20T22:03:40.785+0000] {dag.py:4180} INFO - Setting next_dagrun for example_complex to None, run_after=None
[2025-06-20T22:03:40.816+0000] {processor.py:208} INFO - Processing /home/airflow/.local/lib/python3.12/site-packages/airflow/example_dags/example_complex.py took 0.099 seconds
