[2025-06-20T21:26:29.148+0000] {processor.py:186} INFO - Started process (PID=99) to work on /home/airflow/.local/lib/python3.12/site-packages/airflow/example_dags/example_sensors.py
[2025-06-20T21:26:29.149+0000] {processor.py:914} INFO - Processing file /home/airflow/.local/lib/python3.12/site-packages/airflow/example_dags/example_sensors.py for tasks to queue
[2025-06-20T21:26:29.151+0000] {logging_mixin.py:190} INFO - [2025-06-20T21:26:29.151+0000] {dagbag.py:588} INFO - Filling up the DagBag from /home/airflow/.local/lib/python3.12/site-packages/airflow/example_dags/example_sensors.py
[2025-06-20T21:26:29.162+0000] {processor.py:925} INFO - DAG(s) 'example_sensors' retrieved from /home/airflow/.local/lib/python3.12/site-packages/airflow/example_dags/example_sensors.py
[2025-06-20T21:26:29.529+0000] {logging_mixin.py:190} INFO - [2025-06-20T21:26:29.528+0000] {override.py:1911} INFO - Created Permission View: can delete on DAG:example_sensors
[2025-06-20T21:26:29.582+0000] {logging_mixin.py:190} INFO - [2025-06-20T21:26:29.582+0000] {override.py:1911} INFO - Created Permission View: can read on DAG:example_sensors
[2025-06-20T21:26:29.709+0000] {logging_mixin.py:190} INFO - [2025-06-20T21:26:29.708+0000] {override.py:1911} INFO - Created Permission View: can edit on DAG:example_sensors
[2025-06-20T21:26:30.045+0000] {logging_mixin.py:190} INFO - [2025-06-20T21:26:30.045+0000] {override.py:1911} INFO - Created Permission View: can delete on DAG Run:example_sensors
[2025-06-20T21:26:30.109+0000] {logging_mixin.py:190} INFO - [2025-06-20T21:26:30.108+0000] {override.py:1911} INFO - Created Permission View: can create on DAG Run:example_sensors
[2025-06-20T21:26:30.257+0000] {logging_mixin.py:190} INFO - [2025-06-20T21:26:30.256+0000] {override.py:1911} INFO - Created Permission View: can read on DAG Run:example_sensors
[2025-06-20T21:26:30.363+0000] {logging_mixin.py:190} INFO - [2025-06-20T21:26:30.363+0000] {override.py:1911} INFO - Created Permission View: menu access on DAG Run:example_sensors
[2025-06-20T21:26:30.364+0000] {logging_mixin.py:190} INFO - [2025-06-20T21:26:30.364+0000] {dag.py:3239} INFO - Sync 1 DAGs
[2025-06-20T21:26:30.378+0000] {logging_mixin.py:190} INFO - [2025-06-20T21:26:30.378+0000] {dag.py:3262} INFO - Creating ORM DAG for example_sensors
[2025-06-20T21:26:30.379+0000] {logging_mixin.py:190} INFO - [2025-06-20T21:26:30.379+0000] {dag.py:4180} INFO - Setting next_dagrun for example_sensors to None, run_after=None
[2025-06-20T21:26:30.489+0000] {processor.py:208} INFO - Processing /home/airflow/.local/lib/python3.12/site-packages/airflow/example_dags/example_sensors.py took 1.346 seconds
[2025-06-20T21:27:00.541+0000] {processor.py:186} INFO - Started process (PID=162) to work on /home/airflow/.local/lib/python3.12/site-packages/airflow/example_dags/example_sensors.py
[2025-06-20T21:27:00.542+0000] {processor.py:914} INFO - Processing file /home/airflow/.local/lib/python3.12/site-packages/airflow/example_dags/example_sensors.py for tasks to queue
[2025-06-20T21:27:00.544+0000] {logging_mixin.py:190} INFO - [2025-06-20T21:27:00.544+0000] {dagbag.py:588} INFO - Filling up the DagBag from /home/airflow/.local/lib/python3.12/site-packages/airflow/example_dags/example_sensors.py
[2025-06-20T21:27:00.553+0000] {processor.py:925} INFO - DAG(s) 'example_sensors' retrieved from /home/airflow/.local/lib/python3.12/site-packages/airflow/example_dags/example_sensors.py
[2025-06-20T21:27:00.578+0000] {logging_mixin.py:190} INFO - [2025-06-20T21:27:00.578+0000] {dag.py:3239} INFO - Sync 1 DAGs
[2025-06-20T21:27:00.593+0000] {logging_mixin.py:190} INFO - [2025-06-20T21:27:00.592+0000] {dag.py:4180} INFO - Setting next_dagrun for example_sensors to None, run_after=None
[2025-06-20T21:27:00.681+0000] {processor.py:208} INFO - Processing /home/airflow/.local/lib/python3.12/site-packages/airflow/example_dags/example_sensors.py took 0.145 seconds
[2025-06-20T21:27:31.218+0000] {processor.py:186} INFO - Started process (PID=226) to work on /home/airflow/.local/lib/python3.12/site-packages/airflow/example_dags/example_sensors.py
[2025-06-20T21:27:31.219+0000] {processor.py:914} INFO - Processing file /home/airflow/.local/lib/python3.12/site-packages/airflow/example_dags/example_sensors.py for tasks to queue
[2025-06-20T21:27:31.221+0000] {logging_mixin.py:190} INFO - [2025-06-20T21:27:31.221+0000] {dagbag.py:588} INFO - Filling up the DagBag from /home/airflow/.local/lib/python3.12/site-packages/airflow/example_dags/example_sensors.py
[2025-06-20T21:27:31.230+0000] {processor.py:925} INFO - DAG(s) 'example_sensors' retrieved from /home/airflow/.local/lib/python3.12/site-packages/airflow/example_dags/example_sensors.py
[2025-06-20T21:27:31.254+0000] {logging_mixin.py:190} INFO - [2025-06-20T21:27:31.253+0000] {dag.py:3239} INFO - Sync 1 DAGs
[2025-06-20T21:27:31.267+0000] {logging_mixin.py:190} INFO - [2025-06-20T21:27:31.267+0000] {dag.py:4180} INFO - Setting next_dagrun for example_sensors to None, run_after=None
[2025-06-20T21:27:31.293+0000] {processor.py:208} INFO - Processing /home/airflow/.local/lib/python3.12/site-packages/airflow/example_dags/example_sensors.py took 0.080 seconds
[2025-06-20T21:28:02.172+0000] {processor.py:186} INFO - Started process (PID=290) to work on /home/airflow/.local/lib/python3.12/site-packages/airflow/example_dags/example_sensors.py
[2025-06-20T21:28:02.174+0000] {processor.py:914} INFO - Processing file /home/airflow/.local/lib/python3.12/site-packages/airflow/example_dags/example_sensors.py for tasks to queue
[2025-06-20T21:28:02.177+0000] {logging_mixin.py:190} INFO - [2025-06-20T21:28:02.177+0000] {dagbag.py:588} INFO - Filling up the DagBag from /home/airflow/.local/lib/python3.12/site-packages/airflow/example_dags/example_sensors.py
[2025-06-20T21:28:02.188+0000] {processor.py:925} INFO - DAG(s) 'example_sensors' retrieved from /home/airflow/.local/lib/python3.12/site-packages/airflow/example_dags/example_sensors.py
[2025-06-20T21:28:02.219+0000] {logging_mixin.py:190} INFO - [2025-06-20T21:28:02.219+0000] {dag.py:3239} INFO - Sync 1 DAGs
[2025-06-20T21:28:02.236+0000] {logging_mixin.py:190} INFO - [2025-06-20T21:28:02.236+0000] {dag.py:4180} INFO - Setting next_dagrun for example_sensors to None, run_after=None
[2025-06-20T21:28:02.284+0000] {processor.py:208} INFO - Processing /home/airflow/.local/lib/python3.12/site-packages/airflow/example_dags/example_sensors.py took 0.118 seconds
[2025-06-20T21:28:33.064+0000] {processor.py:186} INFO - Started process (PID=354) to work on /home/airflow/.local/lib/python3.12/site-packages/airflow/example_dags/example_sensors.py
[2025-06-20T21:28:33.065+0000] {processor.py:914} INFO - Processing file /home/airflow/.local/lib/python3.12/site-packages/airflow/example_dags/example_sensors.py for tasks to queue
[2025-06-20T21:28:33.067+0000] {logging_mixin.py:190} INFO - [2025-06-20T21:28:33.067+0000] {dagbag.py:588} INFO - Filling up the DagBag from /home/airflow/.local/lib/python3.12/site-packages/airflow/example_dags/example_sensors.py
[2025-06-20T21:28:33.077+0000] {processor.py:925} INFO - DAG(s) 'example_sensors' retrieved from /home/airflow/.local/lib/python3.12/site-packages/airflow/example_dags/example_sensors.py
[2025-06-20T21:28:33.107+0000] {logging_mixin.py:190} INFO - [2025-06-20T21:28:33.106+0000] {dag.py:3239} INFO - Sync 1 DAGs
[2025-06-20T21:28:33.122+0000] {logging_mixin.py:190} INFO - [2025-06-20T21:28:33.121+0000] {dag.py:4180} INFO - Setting next_dagrun for example_sensors to None, run_after=None
[2025-06-20T21:28:33.148+0000] {processor.py:208} INFO - Processing /home/airflow/.local/lib/python3.12/site-packages/airflow/example_dags/example_sensors.py took 0.089 seconds
[2025-06-20T21:29:03.818+0000] {processor.py:186} INFO - Started process (PID=418) to work on /home/airflow/.local/lib/python3.12/site-packages/airflow/example_dags/example_sensors.py
[2025-06-20T21:29:03.819+0000] {processor.py:914} INFO - Processing file /home/airflow/.local/lib/python3.12/site-packages/airflow/example_dags/example_sensors.py for tasks to queue
[2025-06-20T21:29:03.822+0000] {logging_mixin.py:190} INFO - [2025-06-20T21:29:03.822+0000] {dagbag.py:588} INFO - Filling up the DagBag from /home/airflow/.local/lib/python3.12/site-packages/airflow/example_dags/example_sensors.py
[2025-06-20T21:29:03.833+0000] {processor.py:925} INFO - DAG(s) 'example_sensors' retrieved from /home/airflow/.local/lib/python3.12/site-packages/airflow/example_dags/example_sensors.py
[2025-06-20T21:29:03.863+0000] {logging_mixin.py:190} INFO - [2025-06-20T21:29:03.862+0000] {dag.py:3239} INFO - Sync 1 DAGs
[2025-06-20T21:29:03.877+0000] {logging_mixin.py:190} INFO - [2025-06-20T21:29:03.877+0000] {dag.py:4180} INFO - Setting next_dagrun for example_sensors to None, run_after=None
[2025-06-20T21:29:03.950+0000] {processor.py:208} INFO - Processing /home/airflow/.local/lib/python3.12/site-packages/airflow/example_dags/example_sensors.py took 0.137 seconds
[2025-06-20T21:29:34.591+0000] {processor.py:186} INFO - Started process (PID=482) to work on /home/airflow/.local/lib/python3.12/site-packages/airflow/example_dags/example_sensors.py
[2025-06-20T21:29:34.592+0000] {processor.py:914} INFO - Processing file /home/airflow/.local/lib/python3.12/site-packages/airflow/example_dags/example_sensors.py for tasks to queue
[2025-06-20T21:29:34.594+0000] {logging_mixin.py:190} INFO - [2025-06-20T21:29:34.594+0000] {dagbag.py:588} INFO - Filling up the DagBag from /home/airflow/.local/lib/python3.12/site-packages/airflow/example_dags/example_sensors.py
[2025-06-20T21:29:34.604+0000] {processor.py:925} INFO - DAG(s) 'example_sensors' retrieved from /home/airflow/.local/lib/python3.12/site-packages/airflow/example_dags/example_sensors.py
[2025-06-20T21:29:34.629+0000] {logging_mixin.py:190} INFO - [2025-06-20T21:29:34.629+0000] {dag.py:3239} INFO - Sync 1 DAGs
[2025-06-20T21:29:34.644+0000] {logging_mixin.py:190} INFO - [2025-06-20T21:29:34.644+0000] {dag.py:4180} INFO - Setting next_dagrun for example_sensors to None, run_after=None
[2025-06-20T21:29:34.700+0000] {processor.py:208} INFO - Processing /home/airflow/.local/lib/python3.12/site-packages/airflow/example_dags/example_sensors.py took 0.114 seconds
[2025-06-20T21:30:04.920+0000] {processor.py:186} INFO - Started process (PID=546) to work on /home/airflow/.local/lib/python3.12/site-packages/airflow/example_dags/example_sensors.py
[2025-06-20T21:30:04.922+0000] {processor.py:914} INFO - Processing file /home/airflow/.local/lib/python3.12/site-packages/airflow/example_dags/example_sensors.py for tasks to queue
[2025-06-20T21:30:04.925+0000] {logging_mixin.py:190} INFO - [2025-06-20T21:30:04.924+0000] {dagbag.py:588} INFO - Filling up the DagBag from /home/airflow/.local/lib/python3.12/site-packages/airflow/example_dags/example_sensors.py
[2025-06-20T21:30:04.946+0000] {processor.py:925} INFO - DAG(s) 'example_sensors' retrieved from /home/airflow/.local/lib/python3.12/site-packages/airflow/example_dags/example_sensors.py
[2025-06-20T21:30:04.982+0000] {logging_mixin.py:190} INFO - [2025-06-20T21:30:04.982+0000] {dag.py:3239} INFO - Sync 1 DAGs
[2025-06-20T21:30:04.997+0000] {logging_mixin.py:190} INFO - [2025-06-20T21:30:04.996+0000] {dag.py:4180} INFO - Setting next_dagrun for example_sensors to None, run_after=None
[2025-06-20T21:30:05.027+0000] {processor.py:208} INFO - Processing /home/airflow/.local/lib/python3.12/site-packages/airflow/example_dags/example_sensors.py took 0.118 seconds
[2025-06-20T21:30:35.334+0000] {processor.py:186} INFO - Started process (PID=610) to work on /home/airflow/.local/lib/python3.12/site-packages/airflow/example_dags/example_sensors.py
[2025-06-20T21:30:35.335+0000] {processor.py:914} INFO - Processing file /home/airflow/.local/lib/python3.12/site-packages/airflow/example_dags/example_sensors.py for tasks to queue
[2025-06-20T21:30:35.338+0000] {logging_mixin.py:190} INFO - [2025-06-20T21:30:35.338+0000] {dagbag.py:588} INFO - Filling up the DagBag from /home/airflow/.local/lib/python3.12/site-packages/airflow/example_dags/example_sensors.py
[2025-06-20T21:30:35.349+0000] {processor.py:925} INFO - DAG(s) 'example_sensors' retrieved from /home/airflow/.local/lib/python3.12/site-packages/airflow/example_dags/example_sensors.py
[2025-06-20T21:30:35.375+0000] {logging_mixin.py:190} INFO - [2025-06-20T21:30:35.374+0000] {dag.py:3239} INFO - Sync 1 DAGs
[2025-06-20T21:30:35.390+0000] {logging_mixin.py:190} INFO - [2025-06-20T21:30:35.390+0000] {dag.py:4180} INFO - Setting next_dagrun for example_sensors to None, run_after=None
[2025-06-20T21:30:35.420+0000] {processor.py:208} INFO - Processing /home/airflow/.local/lib/python3.12/site-packages/airflow/example_dags/example_sensors.py took 0.091 seconds
[2025-06-20T21:31:06.514+0000] {processor.py:186} INFO - Started process (PID=674) to work on /home/airflow/.local/lib/python3.12/site-packages/airflow/example_dags/example_sensors.py
[2025-06-20T21:31:06.515+0000] {processor.py:914} INFO - Processing file /home/airflow/.local/lib/python3.12/site-packages/airflow/example_dags/example_sensors.py for tasks to queue
[2025-06-20T21:31:06.518+0000] {logging_mixin.py:190} INFO - [2025-06-20T21:31:06.517+0000] {dagbag.py:588} INFO - Filling up the DagBag from /home/airflow/.local/lib/python3.12/site-packages/airflow/example_dags/example_sensors.py
[2025-06-20T21:31:06.530+0000] {processor.py:925} INFO - DAG(s) 'example_sensors' retrieved from /home/airflow/.local/lib/python3.12/site-packages/airflow/example_dags/example_sensors.py
[2025-06-20T21:31:06.556+0000] {logging_mixin.py:190} INFO - [2025-06-20T21:31:06.556+0000] {dag.py:3239} INFO - Sync 1 DAGs
[2025-06-20T21:31:06.570+0000] {logging_mixin.py:190} INFO - [2025-06-20T21:31:06.570+0000] {dag.py:4180} INFO - Setting next_dagrun for example_sensors to None, run_after=None
[2025-06-20T21:31:06.592+0000] {processor.py:208} INFO - Processing /home/airflow/.local/lib/python3.12/site-packages/airflow/example_dags/example_sensors.py took 0.083 seconds
[2025-06-20T21:31:37.206+0000] {processor.py:186} INFO - Started process (PID=737) to work on /home/airflow/.local/lib/python3.12/site-packages/airflow/example_dags/example_sensors.py
[2025-06-20T21:31:37.207+0000] {processor.py:914} INFO - Processing file /home/airflow/.local/lib/python3.12/site-packages/airflow/example_dags/example_sensors.py for tasks to queue
[2025-06-20T21:31:37.209+0000] {logging_mixin.py:190} INFO - [2025-06-20T21:31:37.208+0000] {dagbag.py:588} INFO - Filling up the DagBag from /home/airflow/.local/lib/python3.12/site-packages/airflow/example_dags/example_sensors.py
[2025-06-20T21:31:37.219+0000] {processor.py:925} INFO - DAG(s) 'example_sensors' retrieved from /home/airflow/.local/lib/python3.12/site-packages/airflow/example_dags/example_sensors.py
[2025-06-20T21:31:37.246+0000] {logging_mixin.py:190} INFO - [2025-06-20T21:31:37.245+0000] {dag.py:3239} INFO - Sync 1 DAGs
[2025-06-20T21:31:37.260+0000] {logging_mixin.py:190} INFO - [2025-06-20T21:31:37.260+0000] {dag.py:4180} INFO - Setting next_dagrun for example_sensors to None, run_after=None
[2025-06-20T21:31:37.293+0000] {processor.py:208} INFO - Processing /home/airflow/.local/lib/python3.12/site-packages/airflow/example_dags/example_sensors.py took 0.093 seconds
[2025-06-20T21:32:09.711+0000] {processor.py:186} INFO - Started process (PID=801) to work on /home/airflow/.local/lib/python3.12/site-packages/airflow/example_dags/example_sensors.py
[2025-06-20T21:32:09.712+0000] {processor.py:914} INFO - Processing file /home/airflow/.local/lib/python3.12/site-packages/airflow/example_dags/example_sensors.py for tasks to queue
[2025-06-20T21:32:09.714+0000] {logging_mixin.py:190} INFO - [2025-06-20T21:32:09.714+0000] {dagbag.py:588} INFO - Filling up the DagBag from /home/airflow/.local/lib/python3.12/site-packages/airflow/example_dags/example_sensors.py
[2025-06-20T21:32:09.725+0000] {processor.py:925} INFO - DAG(s) 'example_sensors' retrieved from /home/airflow/.local/lib/python3.12/site-packages/airflow/example_dags/example_sensors.py
[2025-06-20T21:32:09.752+0000] {logging_mixin.py:190} INFO - [2025-06-20T21:32:09.752+0000] {dag.py:3239} INFO - Sync 1 DAGs
[2025-06-20T21:32:09.766+0000] {logging_mixin.py:190} INFO - [2025-06-20T21:32:09.766+0000] {dag.py:4180} INFO - Setting next_dagrun for example_sensors to None, run_after=None
[2025-06-20T21:32:09.790+0000] {processor.py:208} INFO - Processing /home/airflow/.local/lib/python3.12/site-packages/airflow/example_dags/example_sensors.py took 0.085 seconds
[2025-06-20T21:32:40.379+0000] {processor.py:186} INFO - Started process (PID=864) to work on /home/airflow/.local/lib/python3.12/site-packages/airflow/example_dags/example_sensors.py
[2025-06-20T21:32:40.380+0000] {processor.py:914} INFO - Processing file /home/airflow/.local/lib/python3.12/site-packages/airflow/example_dags/example_sensors.py for tasks to queue
[2025-06-20T21:32:40.383+0000] {logging_mixin.py:190} INFO - [2025-06-20T21:32:40.383+0000] {dagbag.py:588} INFO - Filling up the DagBag from /home/airflow/.local/lib/python3.12/site-packages/airflow/example_dags/example_sensors.py
[2025-06-20T21:32:40.395+0000] {processor.py:925} INFO - DAG(s) 'example_sensors' retrieved from /home/airflow/.local/lib/python3.12/site-packages/airflow/example_dags/example_sensors.py
[2025-06-20T21:32:40.421+0000] {logging_mixin.py:190} INFO - [2025-06-20T21:32:40.421+0000] {dag.py:3239} INFO - Sync 1 DAGs
[2025-06-20T21:32:40.439+0000] {logging_mixin.py:190} INFO - [2025-06-20T21:32:40.438+0000] {dag.py:4180} INFO - Setting next_dagrun for example_sensors to None, run_after=None
[2025-06-20T21:32:40.464+0000] {processor.py:208} INFO - Processing /home/airflow/.local/lib/python3.12/site-packages/airflow/example_dags/example_sensors.py took 0.090 seconds
[2025-06-20T21:33:12.933+0000] {processor.py:186} INFO - Started process (PID=929) to work on /home/airflow/.local/lib/python3.12/site-packages/airflow/example_dags/example_sensors.py
[2025-06-20T21:33:12.934+0000] {processor.py:914} INFO - Processing file /home/airflow/.local/lib/python3.12/site-packages/airflow/example_dags/example_sensors.py for tasks to queue
[2025-06-20T21:33:12.937+0000] {logging_mixin.py:190} INFO - [2025-06-20T21:33:12.937+0000] {dagbag.py:588} INFO - Filling up the DagBag from /home/airflow/.local/lib/python3.12/site-packages/airflow/example_dags/example_sensors.py
[2025-06-20T21:33:12.948+0000] {processor.py:925} INFO - DAG(s) 'example_sensors' retrieved from /home/airflow/.local/lib/python3.12/site-packages/airflow/example_dags/example_sensors.py
[2025-06-20T21:33:12.976+0000] {logging_mixin.py:190} INFO - [2025-06-20T21:33:12.976+0000] {dag.py:3239} INFO - Sync 1 DAGs
[2025-06-20T21:33:12.991+0000] {logging_mixin.py:190} INFO - [2025-06-20T21:33:12.991+0000] {dag.py:4180} INFO - Setting next_dagrun for example_sensors to None, run_after=None
[2025-06-20T21:33:13.034+0000] {processor.py:208} INFO - Processing /home/airflow/.local/lib/python3.12/site-packages/airflow/example_dags/example_sensors.py took 0.106 seconds
[2025-06-20T21:33:43.766+0000] {processor.py:186} INFO - Started process (PID=993) to work on /home/airflow/.local/lib/python3.12/site-packages/airflow/example_dags/example_sensors.py
[2025-06-20T21:33:43.767+0000] {processor.py:914} INFO - Processing file /home/airflow/.local/lib/python3.12/site-packages/airflow/example_dags/example_sensors.py for tasks to queue
[2025-06-20T21:33:43.769+0000] {logging_mixin.py:190} INFO - [2025-06-20T21:33:43.769+0000] {dagbag.py:588} INFO - Filling up the DagBag from /home/airflow/.local/lib/python3.12/site-packages/airflow/example_dags/example_sensors.py
[2025-06-20T21:33:43.779+0000] {processor.py:925} INFO - DAG(s) 'example_sensors' retrieved from /home/airflow/.local/lib/python3.12/site-packages/airflow/example_dags/example_sensors.py
[2025-06-20T21:33:43.805+0000] {logging_mixin.py:190} INFO - [2025-06-20T21:33:43.805+0000] {dag.py:3239} INFO - Sync 1 DAGs
[2025-06-20T21:33:43.820+0000] {logging_mixin.py:190} INFO - [2025-06-20T21:33:43.819+0000] {dag.py:4180} INFO - Setting next_dagrun for example_sensors to None, run_after=None
[2025-06-20T21:33:43.860+0000] {processor.py:208} INFO - Processing /home/airflow/.local/lib/python3.12/site-packages/airflow/example_dags/example_sensors.py took 0.099 seconds
[2025-06-20T21:34:15.222+0000] {processor.py:186} INFO - Started process (PID=1054) to work on /home/airflow/.local/lib/python3.12/site-packages/airflow/example_dags/example_sensors.py
[2025-06-20T21:34:15.223+0000] {processor.py:914} INFO - Processing file /home/airflow/.local/lib/python3.12/site-packages/airflow/example_dags/example_sensors.py for tasks to queue
[2025-06-20T21:34:15.226+0000] {logging_mixin.py:190} INFO - [2025-06-20T21:34:15.226+0000] {dagbag.py:588} INFO - Filling up the DagBag from /home/airflow/.local/lib/python3.12/site-packages/airflow/example_dags/example_sensors.py
[2025-06-20T21:34:15.238+0000] {processor.py:925} INFO - DAG(s) 'example_sensors' retrieved from /home/airflow/.local/lib/python3.12/site-packages/airflow/example_dags/example_sensors.py
[2025-06-20T21:34:15.269+0000] {logging_mixin.py:190} INFO - [2025-06-20T21:34:15.269+0000] {dag.py:3239} INFO - Sync 1 DAGs
[2025-06-20T21:34:15.290+0000] {logging_mixin.py:190} INFO - [2025-06-20T21:34:15.290+0000] {dag.py:4180} INFO - Setting next_dagrun for example_sensors to None, run_after=None
[2025-06-20T21:34:15.333+0000] {processor.py:208} INFO - Processing /home/airflow/.local/lib/python3.12/site-packages/airflow/example_dags/example_sensors.py took 0.117 seconds
[2025-06-20T21:34:47.561+0000] {processor.py:186} INFO - Started process (PID=1116) to work on /home/airflow/.local/lib/python3.12/site-packages/airflow/example_dags/example_sensors.py
[2025-06-20T21:34:47.563+0000] {processor.py:914} INFO - Processing file /home/airflow/.local/lib/python3.12/site-packages/airflow/example_dags/example_sensors.py for tasks to queue
[2025-06-20T21:34:47.566+0000] {logging_mixin.py:190} INFO - [2025-06-20T21:34:47.566+0000] {dagbag.py:588} INFO - Filling up the DagBag from /home/airflow/.local/lib/python3.12/site-packages/airflow/example_dags/example_sensors.py
[2025-06-20T21:34:47.584+0000] {processor.py:925} INFO - DAG(s) 'example_sensors' retrieved from /home/airflow/.local/lib/python3.12/site-packages/airflow/example_dags/example_sensors.py
[2025-06-20T21:34:47.618+0000] {logging_mixin.py:190} INFO - [2025-06-20T21:34:47.617+0000] {dag.py:3239} INFO - Sync 1 DAGs
[2025-06-20T21:34:47.635+0000] {logging_mixin.py:190} INFO - [2025-06-20T21:34:47.635+0000] {dag.py:4180} INFO - Setting next_dagrun for example_sensors to None, run_after=None
[2025-06-20T21:34:47.732+0000] {processor.py:208} INFO - Processing /home/airflow/.local/lib/python3.12/site-packages/airflow/example_dags/example_sensors.py took 0.179 seconds
[2025-06-20T21:35:18.535+0000] {processor.py:186} INFO - Started process (PID=1180) to work on /home/airflow/.local/lib/python3.12/site-packages/airflow/example_dags/example_sensors.py
[2025-06-20T21:35:18.536+0000] {processor.py:914} INFO - Processing file /home/airflow/.local/lib/python3.12/site-packages/airflow/example_dags/example_sensors.py for tasks to queue
[2025-06-20T21:35:18.539+0000] {logging_mixin.py:190} INFO - [2025-06-20T21:35:18.538+0000] {dagbag.py:588} INFO - Filling up the DagBag from /home/airflow/.local/lib/python3.12/site-packages/airflow/example_dags/example_sensors.py
[2025-06-20T21:35:18.548+0000] {processor.py:925} INFO - DAG(s) 'example_sensors' retrieved from /home/airflow/.local/lib/python3.12/site-packages/airflow/example_dags/example_sensors.py
[2025-06-20T21:35:18.577+0000] {logging_mixin.py:190} INFO - [2025-06-20T21:35:18.577+0000] {dag.py:3239} INFO - Sync 1 DAGs
[2025-06-20T21:35:18.592+0000] {logging_mixin.py:190} INFO - [2025-06-20T21:35:18.592+0000] {dag.py:4180} INFO - Setting next_dagrun for example_sensors to None, run_after=None
[2025-06-20T21:35:18.641+0000] {processor.py:208} INFO - Processing /home/airflow/.local/lib/python3.12/site-packages/airflow/example_dags/example_sensors.py took 0.111 seconds
[2025-06-20T21:35:50.341+0000] {processor.py:186} INFO - Started process (PID=1244) to work on /home/airflow/.local/lib/python3.12/site-packages/airflow/example_dags/example_sensors.py
[2025-06-20T21:35:50.342+0000] {processor.py:914} INFO - Processing file /home/airflow/.local/lib/python3.12/site-packages/airflow/example_dags/example_sensors.py for tasks to queue
[2025-06-20T21:35:50.344+0000] {logging_mixin.py:190} INFO - [2025-06-20T21:35:50.344+0000] {dagbag.py:588} INFO - Filling up the DagBag from /home/airflow/.local/lib/python3.12/site-packages/airflow/example_dags/example_sensors.py
[2025-06-20T21:35:50.355+0000] {processor.py:925} INFO - DAG(s) 'example_sensors' retrieved from /home/airflow/.local/lib/python3.12/site-packages/airflow/example_dags/example_sensors.py
[2025-06-20T21:35:50.383+0000] {logging_mixin.py:190} INFO - [2025-06-20T21:35:50.383+0000] {dag.py:3239} INFO - Sync 1 DAGs
[2025-06-20T21:35:50.400+0000] {logging_mixin.py:190} INFO - [2025-06-20T21:35:50.400+0000] {dag.py:4180} INFO - Setting next_dagrun for example_sensors to None, run_after=None
[2025-06-20T21:35:50.429+0000] {processor.py:208} INFO - Processing /home/airflow/.local/lib/python3.12/site-packages/airflow/example_dags/example_sensors.py took 0.094 seconds
[2025-06-20T21:36:22.706+0000] {processor.py:186} INFO - Started process (PID=1309) to work on /home/airflow/.local/lib/python3.12/site-packages/airflow/example_dags/example_sensors.py
[2025-06-20T21:36:22.707+0000] {processor.py:914} INFO - Processing file /home/airflow/.local/lib/python3.12/site-packages/airflow/example_dags/example_sensors.py for tasks to queue
[2025-06-20T21:36:22.709+0000] {logging_mixin.py:190} INFO - [2025-06-20T21:36:22.709+0000] {dagbag.py:588} INFO - Filling up the DagBag from /home/airflow/.local/lib/python3.12/site-packages/airflow/example_dags/example_sensors.py
[2025-06-20T21:36:22.718+0000] {processor.py:925} INFO - DAG(s) 'example_sensors' retrieved from /home/airflow/.local/lib/python3.12/site-packages/airflow/example_dags/example_sensors.py
[2025-06-20T21:36:22.741+0000] {logging_mixin.py:190} INFO - [2025-06-20T21:36:22.741+0000] {dag.py:3239} INFO - Sync 1 DAGs
[2025-06-20T21:36:22.756+0000] {logging_mixin.py:190} INFO - [2025-06-20T21:36:22.755+0000] {dag.py:4180} INFO - Setting next_dagrun for example_sensors to None, run_after=None
[2025-06-20T21:36:22.784+0000] {processor.py:208} INFO - Processing /home/airflow/.local/lib/python3.12/site-packages/airflow/example_dags/example_sensors.py took 0.083 seconds
[2025-06-20T21:36:54.175+0000] {processor.py:186} INFO - Started process (PID=1373) to work on /home/airflow/.local/lib/python3.12/site-packages/airflow/example_dags/example_sensors.py
[2025-06-20T21:36:54.177+0000] {processor.py:914} INFO - Processing file /home/airflow/.local/lib/python3.12/site-packages/airflow/example_dags/example_sensors.py for tasks to queue
[2025-06-20T21:36:54.180+0000] {logging_mixin.py:190} INFO - [2025-06-20T21:36:54.179+0000] {dagbag.py:588} INFO - Filling up the DagBag from /home/airflow/.local/lib/python3.12/site-packages/airflow/example_dags/example_sensors.py
[2025-06-20T21:36:54.191+0000] {processor.py:925} INFO - DAG(s) 'example_sensors' retrieved from /home/airflow/.local/lib/python3.12/site-packages/airflow/example_dags/example_sensors.py
[2025-06-20T21:36:54.224+0000] {logging_mixin.py:190} INFO - [2025-06-20T21:36:54.224+0000] {dag.py:3239} INFO - Sync 1 DAGs
[2025-06-20T21:36:54.247+0000] {logging_mixin.py:190} INFO - [2025-06-20T21:36:54.246+0000] {dag.py:4180} INFO - Setting next_dagrun for example_sensors to None, run_after=None
[2025-06-20T21:36:54.285+0000] {processor.py:208} INFO - Processing /home/airflow/.local/lib/python3.12/site-packages/airflow/example_dags/example_sensors.py took 0.115 seconds
[2025-06-20T21:37:25.253+0000] {processor.py:186} INFO - Started process (PID=1437) to work on /home/airflow/.local/lib/python3.12/site-packages/airflow/example_dags/example_sensors.py
[2025-06-20T21:37:25.254+0000] {processor.py:914} INFO - Processing file /home/airflow/.local/lib/python3.12/site-packages/airflow/example_dags/example_sensors.py for tasks to queue
[2025-06-20T21:37:25.256+0000] {logging_mixin.py:190} INFO - [2025-06-20T21:37:25.256+0000] {dagbag.py:588} INFO - Filling up the DagBag from /home/airflow/.local/lib/python3.12/site-packages/airflow/example_dags/example_sensors.py
[2025-06-20T21:37:25.267+0000] {processor.py:925} INFO - DAG(s) 'example_sensors' retrieved from /home/airflow/.local/lib/python3.12/site-packages/airflow/example_dags/example_sensors.py
[2025-06-20T21:37:25.291+0000] {logging_mixin.py:190} INFO - [2025-06-20T21:37:25.291+0000] {dag.py:3239} INFO - Sync 1 DAGs
[2025-06-20T21:37:25.305+0000] {logging_mixin.py:190} INFO - [2025-06-20T21:37:25.305+0000] {dag.py:4180} INFO - Setting next_dagrun for example_sensors to None, run_after=None
[2025-06-20T21:37:25.332+0000] {processor.py:208} INFO - Processing /home/airflow/.local/lib/python3.12/site-packages/airflow/example_dags/example_sensors.py took 0.086 seconds
[2025-06-20T21:37:56.636+0000] {processor.py:186} INFO - Started process (PID=1501) to work on /home/airflow/.local/lib/python3.12/site-packages/airflow/example_dags/example_sensors.py
[2025-06-20T21:37:56.638+0000] {processor.py:914} INFO - Processing file /home/airflow/.local/lib/python3.12/site-packages/airflow/example_dags/example_sensors.py for tasks to queue
[2025-06-20T21:37:56.641+0000] {logging_mixin.py:190} INFO - [2025-06-20T21:37:56.641+0000] {dagbag.py:588} INFO - Filling up the DagBag from /home/airflow/.local/lib/python3.12/site-packages/airflow/example_dags/example_sensors.py
[2025-06-20T21:37:56.654+0000] {processor.py:925} INFO - DAG(s) 'example_sensors' retrieved from /home/airflow/.local/lib/python3.12/site-packages/airflow/example_dags/example_sensors.py
[2025-06-20T21:37:56.687+0000] {logging_mixin.py:190} INFO - [2025-06-20T21:37:56.687+0000] {dag.py:3239} INFO - Sync 1 DAGs
[2025-06-20T21:37:56.706+0000] {logging_mixin.py:190} INFO - [2025-06-20T21:37:56.706+0000] {dag.py:4180} INFO - Setting next_dagrun for example_sensors to None, run_after=None
[2025-06-20T21:37:56.748+0000] {processor.py:208} INFO - Processing /home/airflow/.local/lib/python3.12/site-packages/airflow/example_dags/example_sensors.py took 0.118 seconds
[2025-06-20T21:38:27.599+0000] {processor.py:186} INFO - Started process (PID=1560) to work on /home/airflow/.local/lib/python3.12/site-packages/airflow/example_dags/example_sensors.py
[2025-06-20T21:38:27.600+0000] {processor.py:914} INFO - Processing file /home/airflow/.local/lib/python3.12/site-packages/airflow/example_dags/example_sensors.py for tasks to queue
[2025-06-20T21:38:27.602+0000] {logging_mixin.py:190} INFO - [2025-06-20T21:38:27.602+0000] {dagbag.py:588} INFO - Filling up the DagBag from /home/airflow/.local/lib/python3.12/site-packages/airflow/example_dags/example_sensors.py
[2025-06-20T21:38:27.614+0000] {processor.py:925} INFO - DAG(s) 'example_sensors' retrieved from /home/airflow/.local/lib/python3.12/site-packages/airflow/example_dags/example_sensors.py
[2025-06-20T21:38:27.653+0000] {logging_mixin.py:190} INFO - [2025-06-20T21:38:27.653+0000] {dag.py:3239} INFO - Sync 1 DAGs
[2025-06-20T21:38:27.680+0000] {logging_mixin.py:190} INFO - [2025-06-20T21:38:27.679+0000] {dag.py:4180} INFO - Setting next_dagrun for example_sensors to None, run_after=None
[2025-06-20T21:38:27.728+0000] {processor.py:208} INFO - Processing /home/airflow/.local/lib/python3.12/site-packages/airflow/example_dags/example_sensors.py took 0.134 seconds
[2025-06-20T21:38:58.734+0000] {processor.py:186} INFO - Started process (PID=1622) to work on /home/airflow/.local/lib/python3.12/site-packages/airflow/example_dags/example_sensors.py
[2025-06-20T21:38:58.736+0000] {processor.py:914} INFO - Processing file /home/airflow/.local/lib/python3.12/site-packages/airflow/example_dags/example_sensors.py for tasks to queue
[2025-06-20T21:38:58.739+0000] {logging_mixin.py:190} INFO - [2025-06-20T21:38:58.739+0000] {dagbag.py:588} INFO - Filling up the DagBag from /home/airflow/.local/lib/python3.12/site-packages/airflow/example_dags/example_sensors.py
[2025-06-20T21:38:58.754+0000] {processor.py:925} INFO - DAG(s) 'example_sensors' retrieved from /home/airflow/.local/lib/python3.12/site-packages/airflow/example_dags/example_sensors.py
[2025-06-20T21:38:58.785+0000] {logging_mixin.py:190} INFO - [2025-06-20T21:38:58.785+0000] {dag.py:3239} INFO - Sync 1 DAGs
[2025-06-20T21:38:58.802+0000] {logging_mixin.py:190} INFO - [2025-06-20T21:38:58.801+0000] {dag.py:4180} INFO - Setting next_dagrun for example_sensors to None, run_after=None
[2025-06-20T21:38:58.829+0000] {processor.py:208} INFO - Processing /home/airflow/.local/lib/python3.12/site-packages/airflow/example_dags/example_sensors.py took 0.103 seconds
[2025-06-20T21:39:30.197+0000] {processor.py:186} INFO - Started process (PID=1686) to work on /home/airflow/.local/lib/python3.12/site-packages/airflow/example_dags/example_sensors.py
[2025-06-20T21:39:30.198+0000] {processor.py:914} INFO - Processing file /home/airflow/.local/lib/python3.12/site-packages/airflow/example_dags/example_sensors.py for tasks to queue
[2025-06-20T21:39:30.200+0000] {logging_mixin.py:190} INFO - [2025-06-20T21:39:30.200+0000] {dagbag.py:588} INFO - Filling up the DagBag from /home/airflow/.local/lib/python3.12/site-packages/airflow/example_dags/example_sensors.py
[2025-06-20T21:39:30.209+0000] {processor.py:925} INFO - DAG(s) 'example_sensors' retrieved from /home/airflow/.local/lib/python3.12/site-packages/airflow/example_dags/example_sensors.py
[2025-06-20T21:39:30.233+0000] {logging_mixin.py:190} INFO - [2025-06-20T21:39:30.233+0000] {dag.py:3239} INFO - Sync 1 DAGs
[2025-06-20T21:39:30.247+0000] {logging_mixin.py:190} INFO - [2025-06-20T21:39:30.247+0000] {dag.py:4180} INFO - Setting next_dagrun for example_sensors to None, run_after=None
[2025-06-20T21:39:30.275+0000] {processor.py:208} INFO - Processing /home/airflow/.local/lib/python3.12/site-packages/airflow/example_dags/example_sensors.py took 0.083 seconds
[2025-06-20T21:40:01.490+0000] {processor.py:186} INFO - Started process (PID=1745) to work on /home/airflow/.local/lib/python3.12/site-packages/airflow/example_dags/example_sensors.py
[2025-06-20T21:40:01.492+0000] {processor.py:914} INFO - Processing file /home/airflow/.local/lib/python3.12/site-packages/airflow/example_dags/example_sensors.py for tasks to queue
[2025-06-20T21:40:01.495+0000] {logging_mixin.py:190} INFO - [2025-06-20T21:40:01.495+0000] {dagbag.py:588} INFO - Filling up the DagBag from /home/airflow/.local/lib/python3.12/site-packages/airflow/example_dags/example_sensors.py
[2025-06-20T21:40:01.505+0000] {processor.py:925} INFO - DAG(s) 'example_sensors' retrieved from /home/airflow/.local/lib/python3.12/site-packages/airflow/example_dags/example_sensors.py
[2025-06-20T21:40:01.531+0000] {logging_mixin.py:190} INFO - [2025-06-20T21:40:01.531+0000] {dag.py:3239} INFO - Sync 1 DAGs
[2025-06-20T21:40:01.546+0000] {logging_mixin.py:190} INFO - [2025-06-20T21:40:01.546+0000] {dag.py:4180} INFO - Setting next_dagrun for example_sensors to None, run_after=None
[2025-06-20T21:40:01.570+0000] {processor.py:208} INFO - Processing /home/airflow/.local/lib/python3.12/site-packages/airflow/example_dags/example_sensors.py took 0.085 seconds
[2025-06-20T21:40:32.950+0000] {processor.py:186} INFO - Started process (PID=1809) to work on /home/airflow/.local/lib/python3.12/site-packages/airflow/example_dags/example_sensors.py
[2025-06-20T21:40:32.951+0000] {processor.py:914} INFO - Processing file /home/airflow/.local/lib/python3.12/site-packages/airflow/example_dags/example_sensors.py for tasks to queue
[2025-06-20T21:40:32.953+0000] {logging_mixin.py:190} INFO - [2025-06-20T21:40:32.953+0000] {dagbag.py:588} INFO - Filling up the DagBag from /home/airflow/.local/lib/python3.12/site-packages/airflow/example_dags/example_sensors.py
[2025-06-20T21:40:32.963+0000] {processor.py:925} INFO - DAG(s) 'example_sensors' retrieved from /home/airflow/.local/lib/python3.12/site-packages/airflow/example_dags/example_sensors.py
[2025-06-20T21:40:32.986+0000] {logging_mixin.py:190} INFO - [2025-06-20T21:40:32.986+0000] {dag.py:3239} INFO - Sync 1 DAGs
[2025-06-20T21:40:32.999+0000] {logging_mixin.py:190} INFO - [2025-06-20T21:40:32.999+0000] {dag.py:4180} INFO - Setting next_dagrun for example_sensors to None, run_after=None
[2025-06-20T21:40:33.025+0000] {processor.py:208} INFO - Processing /home/airflow/.local/lib/python3.12/site-packages/airflow/example_dags/example_sensors.py took 0.080 seconds
[2025-06-20T21:41:03.226+0000] {processor.py:186} INFO - Started process (PID=1873) to work on /home/airflow/.local/lib/python3.12/site-packages/airflow/example_dags/example_sensors.py
[2025-06-20T21:41:03.227+0000] {processor.py:914} INFO - Processing file /home/airflow/.local/lib/python3.12/site-packages/airflow/example_dags/example_sensors.py for tasks to queue
[2025-06-20T21:41:03.230+0000] {logging_mixin.py:190} INFO - [2025-06-20T21:41:03.229+0000] {dagbag.py:588} INFO - Filling up the DagBag from /home/airflow/.local/lib/python3.12/site-packages/airflow/example_dags/example_sensors.py
[2025-06-20T21:41:03.242+0000] {processor.py:925} INFO - DAG(s) 'example_sensors' retrieved from /home/airflow/.local/lib/python3.12/site-packages/airflow/example_dags/example_sensors.py
[2025-06-20T21:41:03.269+0000] {logging_mixin.py:190} INFO - [2025-06-20T21:41:03.268+0000] {dag.py:3239} INFO - Sync 1 DAGs
[2025-06-20T21:41:03.283+0000] {logging_mixin.py:190} INFO - [2025-06-20T21:41:03.283+0000] {dag.py:4180} INFO - Setting next_dagrun for example_sensors to None, run_after=None
[2025-06-20T21:41:03.316+0000] {processor.py:208} INFO - Processing /home/airflow/.local/lib/python3.12/site-packages/airflow/example_dags/example_sensors.py took 0.095 seconds
[2025-06-20T21:41:34.594+0000] {processor.py:186} INFO - Started process (PID=1937) to work on /home/airflow/.local/lib/python3.12/site-packages/airflow/example_dags/example_sensors.py
[2025-06-20T21:41:34.595+0000] {processor.py:914} INFO - Processing file /home/airflow/.local/lib/python3.12/site-packages/airflow/example_dags/example_sensors.py for tasks to queue
[2025-06-20T21:41:34.598+0000] {logging_mixin.py:190} INFO - [2025-06-20T21:41:34.597+0000] {dagbag.py:588} INFO - Filling up the DagBag from /home/airflow/.local/lib/python3.12/site-packages/airflow/example_dags/example_sensors.py
[2025-06-20T21:41:34.608+0000] {processor.py:925} INFO - DAG(s) 'example_sensors' retrieved from /home/airflow/.local/lib/python3.12/site-packages/airflow/example_dags/example_sensors.py
[2025-06-20T21:41:34.644+0000] {logging_mixin.py:190} INFO - [2025-06-20T21:41:34.643+0000] {dag.py:3239} INFO - Sync 1 DAGs
[2025-06-20T21:41:34.663+0000] {logging_mixin.py:190} INFO - [2025-06-20T21:41:34.663+0000] {dag.py:4180} INFO - Setting next_dagrun for example_sensors to None, run_after=None
[2025-06-20T21:41:34.692+0000] {processor.py:208} INFO - Processing /home/airflow/.local/lib/python3.12/site-packages/airflow/example_dags/example_sensors.py took 0.103 seconds
[2025-06-20T21:42:07.580+0000] {processor.py:186} INFO - Started process (PID=2009) to work on /home/airflow/.local/lib/python3.12/site-packages/airflow/example_dags/example_sensors.py
[2025-06-20T21:42:07.582+0000] {processor.py:914} INFO - Processing file /home/airflow/.local/lib/python3.12/site-packages/airflow/example_dags/example_sensors.py for tasks to queue
[2025-06-20T21:42:07.584+0000] {logging_mixin.py:190} INFO - [2025-06-20T21:42:07.584+0000] {dagbag.py:588} INFO - Filling up the DagBag from /home/airflow/.local/lib/python3.12/site-packages/airflow/example_dags/example_sensors.py
[2025-06-20T21:42:07.593+0000] {processor.py:925} INFO - DAG(s) 'example_sensors' retrieved from /home/airflow/.local/lib/python3.12/site-packages/airflow/example_dags/example_sensors.py
[2025-06-20T21:42:07.618+0000] {logging_mixin.py:190} INFO - [2025-06-20T21:42:07.618+0000] {dag.py:3239} INFO - Sync 1 DAGs
[2025-06-20T21:42:07.632+0000] {logging_mixin.py:190} INFO - [2025-06-20T21:42:07.632+0000] {dag.py:4180} INFO - Setting next_dagrun for example_sensors to None, run_after=None
[2025-06-20T21:42:07.664+0000] {processor.py:208} INFO - Processing /home/airflow/.local/lib/python3.12/site-packages/airflow/example_dags/example_sensors.py took 0.089 seconds
[2025-06-20T21:42:39.038+0000] {processor.py:186} INFO - Started process (PID=2073) to work on /home/airflow/.local/lib/python3.12/site-packages/airflow/example_dags/example_sensors.py
[2025-06-20T21:42:39.040+0000] {processor.py:914} INFO - Processing file /home/airflow/.local/lib/python3.12/site-packages/airflow/example_dags/example_sensors.py for tasks to queue
[2025-06-20T21:42:39.042+0000] {logging_mixin.py:190} INFO - [2025-06-20T21:42:39.042+0000] {dagbag.py:588} INFO - Filling up the DagBag from /home/airflow/.local/lib/python3.12/site-packages/airflow/example_dags/example_sensors.py
[2025-06-20T21:42:39.052+0000] {processor.py:925} INFO - DAG(s) 'example_sensors' retrieved from /home/airflow/.local/lib/python3.12/site-packages/airflow/example_dags/example_sensors.py
[2025-06-20T21:42:39.077+0000] {logging_mixin.py:190} INFO - [2025-06-20T21:42:39.077+0000] {dag.py:3239} INFO - Sync 1 DAGs
[2025-06-20T21:42:39.094+0000] {logging_mixin.py:190} INFO - [2025-06-20T21:42:39.094+0000] {dag.py:4180} INFO - Setting next_dagrun for example_sensors to None, run_after=None
[2025-06-20T21:42:39.122+0000] {processor.py:208} INFO - Processing /home/airflow/.local/lib/python3.12/site-packages/airflow/example_dags/example_sensors.py took 0.089 seconds
[2025-06-20T21:43:10.624+0000] {processor.py:186} INFO - Started process (PID=2137) to work on /home/airflow/.local/lib/python3.12/site-packages/airflow/example_dags/example_sensors.py
[2025-06-20T21:43:10.626+0000] {processor.py:914} INFO - Processing file /home/airflow/.local/lib/python3.12/site-packages/airflow/example_dags/example_sensors.py for tasks to queue
[2025-06-20T21:43:10.628+0000] {logging_mixin.py:190} INFO - [2025-06-20T21:43:10.628+0000] {dagbag.py:588} INFO - Filling up the DagBag from /home/airflow/.local/lib/python3.12/site-packages/airflow/example_dags/example_sensors.py
[2025-06-20T21:43:10.639+0000] {processor.py:925} INFO - DAG(s) 'example_sensors' retrieved from /home/airflow/.local/lib/python3.12/site-packages/airflow/example_dags/example_sensors.py
[2025-06-20T21:43:10.667+0000] {logging_mixin.py:190} INFO - [2025-06-20T21:43:10.666+0000] {dag.py:3239} INFO - Sync 1 DAGs
[2025-06-20T21:43:10.682+0000] {logging_mixin.py:190} INFO - [2025-06-20T21:43:10.682+0000] {dag.py:4180} INFO - Setting next_dagrun for example_sensors to None, run_after=None
[2025-06-20T21:43:10.710+0000] {processor.py:208} INFO - Processing /home/airflow/.local/lib/python3.12/site-packages/airflow/example_dags/example_sensors.py took 0.091 seconds
[2025-06-20T21:43:41.736+0000] {processor.py:186} INFO - Started process (PID=2203) to work on /home/airflow/.local/lib/python3.12/site-packages/airflow/example_dags/example_sensors.py
[2025-06-20T21:43:41.737+0000] {processor.py:914} INFO - Processing file /home/airflow/.local/lib/python3.12/site-packages/airflow/example_dags/example_sensors.py for tasks to queue
[2025-06-20T21:43:41.740+0000] {logging_mixin.py:190} INFO - [2025-06-20T21:43:41.739+0000] {dagbag.py:588} INFO - Filling up the DagBag from /home/airflow/.local/lib/python3.12/site-packages/airflow/example_dags/example_sensors.py
[2025-06-20T21:43:41.750+0000] {processor.py:925} INFO - DAG(s) 'example_sensors' retrieved from /home/airflow/.local/lib/python3.12/site-packages/airflow/example_dags/example_sensors.py
[2025-06-20T21:43:41.777+0000] {logging_mixin.py:190} INFO - [2025-06-20T21:43:41.777+0000] {dag.py:3239} INFO - Sync 1 DAGs
[2025-06-20T21:43:41.791+0000] {logging_mixin.py:190} INFO - [2025-06-20T21:43:41.790+0000] {dag.py:4180} INFO - Setting next_dagrun for example_sensors to None, run_after=None
[2025-06-20T21:43:41.825+0000] {processor.py:208} INFO - Processing /home/airflow/.local/lib/python3.12/site-packages/airflow/example_dags/example_sensors.py took 0.094 seconds
[2025-06-20T21:44:13.185+0000] {processor.py:186} INFO - Started process (PID=2273) to work on /home/airflow/.local/lib/python3.12/site-packages/airflow/example_dags/example_sensors.py
[2025-06-20T21:44:13.186+0000] {processor.py:914} INFO - Processing file /home/airflow/.local/lib/python3.12/site-packages/airflow/example_dags/example_sensors.py for tasks to queue
[2025-06-20T21:44:13.188+0000] {logging_mixin.py:190} INFO - [2025-06-20T21:44:13.188+0000] {dagbag.py:588} INFO - Filling up the DagBag from /home/airflow/.local/lib/python3.12/site-packages/airflow/example_dags/example_sensors.py
[2025-06-20T21:44:13.199+0000] {processor.py:925} INFO - DAG(s) 'example_sensors' retrieved from /home/airflow/.local/lib/python3.12/site-packages/airflow/example_dags/example_sensors.py
[2025-06-20T21:44:13.225+0000] {logging_mixin.py:190} INFO - [2025-06-20T21:44:13.225+0000] {dag.py:3239} INFO - Sync 1 DAGs
[2025-06-20T21:44:13.241+0000] {logging_mixin.py:190} INFO - [2025-06-20T21:44:13.240+0000] {dag.py:4180} INFO - Setting next_dagrun for example_sensors to None, run_after=None
[2025-06-20T21:44:13.268+0000] {processor.py:208} INFO - Processing /home/airflow/.local/lib/python3.12/site-packages/airflow/example_dags/example_sensors.py took 0.089 seconds
[2025-06-20T21:44:44.905+0000] {processor.py:186} INFO - Started process (PID=2337) to work on /home/airflow/.local/lib/python3.12/site-packages/airflow/example_dags/example_sensors.py
[2025-06-20T21:44:44.907+0000] {processor.py:914} INFO - Processing file /home/airflow/.local/lib/python3.12/site-packages/airflow/example_dags/example_sensors.py for tasks to queue
[2025-06-20T21:44:44.910+0000] {logging_mixin.py:190} INFO - [2025-06-20T21:44:44.910+0000] {dagbag.py:588} INFO - Filling up the DagBag from /home/airflow/.local/lib/python3.12/site-packages/airflow/example_dags/example_sensors.py
[2025-06-20T21:44:44.921+0000] {processor.py:925} INFO - DAG(s) 'example_sensors' retrieved from /home/airflow/.local/lib/python3.12/site-packages/airflow/example_dags/example_sensors.py
[2025-06-20T21:44:44.952+0000] {logging_mixin.py:190} INFO - [2025-06-20T21:44:44.951+0000] {dag.py:3239} INFO - Sync 1 DAGs
[2025-06-20T21:44:44.967+0000] {logging_mixin.py:190} INFO - [2025-06-20T21:44:44.966+0000] {dag.py:4180} INFO - Setting next_dagrun for example_sensors to None, run_after=None
[2025-06-20T21:44:45.004+0000] {processor.py:208} INFO - Processing /home/airflow/.local/lib/python3.12/site-packages/airflow/example_dags/example_sensors.py took 0.104 seconds
[2025-06-20T21:45:16.645+0000] {processor.py:186} INFO - Started process (PID=2401) to work on /home/airflow/.local/lib/python3.12/site-packages/airflow/example_dags/example_sensors.py
[2025-06-20T21:45:16.646+0000] {processor.py:914} INFO - Processing file /home/airflow/.local/lib/python3.12/site-packages/airflow/example_dags/example_sensors.py for tasks to queue
[2025-06-20T21:45:16.649+0000] {logging_mixin.py:190} INFO - [2025-06-20T21:45:16.648+0000] {dagbag.py:588} INFO - Filling up the DagBag from /home/airflow/.local/lib/python3.12/site-packages/airflow/example_dags/example_sensors.py
[2025-06-20T21:45:16.661+0000] {processor.py:925} INFO - DAG(s) 'example_sensors' retrieved from /home/airflow/.local/lib/python3.12/site-packages/airflow/example_dags/example_sensors.py
[2025-06-20T21:45:16.688+0000] {logging_mixin.py:190} INFO - [2025-06-20T21:45:16.687+0000] {dag.py:3239} INFO - Sync 1 DAGs
[2025-06-20T21:45:16.704+0000] {logging_mixin.py:190} INFO - [2025-06-20T21:45:16.704+0000] {dag.py:4180} INFO - Setting next_dagrun for example_sensors to None, run_after=None
[2025-06-20T21:45:16.736+0000] {processor.py:208} INFO - Processing /home/airflow/.local/lib/python3.12/site-packages/airflow/example_dags/example_sensors.py took 0.097 seconds
[2025-06-20T21:45:48.815+0000] {processor.py:186} INFO - Started process (PID=2465) to work on /home/airflow/.local/lib/python3.12/site-packages/airflow/example_dags/example_sensors.py
[2025-06-20T21:45:48.816+0000] {processor.py:914} INFO - Processing file /home/airflow/.local/lib/python3.12/site-packages/airflow/example_dags/example_sensors.py for tasks to queue
[2025-06-20T21:45:48.819+0000] {logging_mixin.py:190} INFO - [2025-06-20T21:45:48.818+0000] {dagbag.py:588} INFO - Filling up the DagBag from /home/airflow/.local/lib/python3.12/site-packages/airflow/example_dags/example_sensors.py
[2025-06-20T21:45:48.830+0000] {processor.py:925} INFO - DAG(s) 'example_sensors' retrieved from /home/airflow/.local/lib/python3.12/site-packages/airflow/example_dags/example_sensors.py
[2025-06-20T21:45:48.857+0000] {logging_mixin.py:190} INFO - [2025-06-20T21:45:48.856+0000] {dag.py:3239} INFO - Sync 1 DAGs
[2025-06-20T21:45:48.872+0000] {logging_mixin.py:190} INFO - [2025-06-20T21:45:48.872+0000] {dag.py:4180} INFO - Setting next_dagrun for example_sensors to None, run_after=None
[2025-06-20T21:45:48.898+0000] {processor.py:208} INFO - Processing /home/airflow/.local/lib/python3.12/site-packages/airflow/example_dags/example_sensors.py took 0.090 seconds
[2025-06-20T21:46:20.186+0000] {processor.py:186} INFO - Started process (PID=2529) to work on /home/airflow/.local/lib/python3.12/site-packages/airflow/example_dags/example_sensors.py
[2025-06-20T21:46:20.188+0000] {processor.py:914} INFO - Processing file /home/airflow/.local/lib/python3.12/site-packages/airflow/example_dags/example_sensors.py for tasks to queue
[2025-06-20T21:46:20.190+0000] {logging_mixin.py:190} INFO - [2025-06-20T21:46:20.190+0000] {dagbag.py:588} INFO - Filling up the DagBag from /home/airflow/.local/lib/python3.12/site-packages/airflow/example_dags/example_sensors.py
[2025-06-20T21:46:20.200+0000] {processor.py:925} INFO - DAG(s) 'example_sensors' retrieved from /home/airflow/.local/lib/python3.12/site-packages/airflow/example_dags/example_sensors.py
[2025-06-20T21:46:20.227+0000] {logging_mixin.py:190} INFO - [2025-06-20T21:46:20.226+0000] {dag.py:3239} INFO - Sync 1 DAGs
[2025-06-20T21:46:20.243+0000] {logging_mixin.py:190} INFO - [2025-06-20T21:46:20.242+0000] {dag.py:4180} INFO - Setting next_dagrun for example_sensors to None, run_after=None
[2025-06-20T21:46:20.271+0000] {processor.py:208} INFO - Processing /home/airflow/.local/lib/python3.12/site-packages/airflow/example_dags/example_sensors.py took 0.089 seconds
[2025-06-20T21:46:51.363+0000] {processor.py:186} INFO - Started process (PID=2593) to work on /home/airflow/.local/lib/python3.12/site-packages/airflow/example_dags/example_sensors.py
[2025-06-20T21:46:51.364+0000] {processor.py:914} INFO - Processing file /home/airflow/.local/lib/python3.12/site-packages/airflow/example_dags/example_sensors.py for tasks to queue
[2025-06-20T21:46:51.366+0000] {logging_mixin.py:190} INFO - [2025-06-20T21:46:51.366+0000] {dagbag.py:588} INFO - Filling up the DagBag from /home/airflow/.local/lib/python3.12/site-packages/airflow/example_dags/example_sensors.py
[2025-06-20T21:46:51.377+0000] {processor.py:925} INFO - DAG(s) 'example_sensors' retrieved from /home/airflow/.local/lib/python3.12/site-packages/airflow/example_dags/example_sensors.py
[2025-06-20T21:46:51.405+0000] {logging_mixin.py:190} INFO - [2025-06-20T21:46:51.405+0000] {dag.py:3239} INFO - Sync 1 DAGs
[2025-06-20T21:46:51.419+0000] {logging_mixin.py:190} INFO - [2025-06-20T21:46:51.419+0000] {dag.py:4180} INFO - Setting next_dagrun for example_sensors to None, run_after=None
[2025-06-20T21:46:51.524+0000] {processor.py:208} INFO - Processing /home/airflow/.local/lib/python3.12/site-packages/airflow/example_dags/example_sensors.py took 0.167 seconds
[2025-06-20T21:47:22.910+0000] {processor.py:186} INFO - Started process (PID=2657) to work on /home/airflow/.local/lib/python3.12/site-packages/airflow/example_dags/example_sensors.py
[2025-06-20T21:47:22.912+0000] {processor.py:914} INFO - Processing file /home/airflow/.local/lib/python3.12/site-packages/airflow/example_dags/example_sensors.py for tasks to queue
[2025-06-20T21:47:22.915+0000] {logging_mixin.py:190} INFO - [2025-06-20T21:47:22.915+0000] {dagbag.py:588} INFO - Filling up the DagBag from /home/airflow/.local/lib/python3.12/site-packages/airflow/example_dags/example_sensors.py
[2025-06-20T21:47:22.926+0000] {processor.py:925} INFO - DAG(s) 'example_sensors' retrieved from /home/airflow/.local/lib/python3.12/site-packages/airflow/example_dags/example_sensors.py
[2025-06-20T21:47:22.957+0000] {logging_mixin.py:190} INFO - [2025-06-20T21:47:22.957+0000] {dag.py:3239} INFO - Sync 1 DAGs
[2025-06-20T21:47:22.973+0000] {logging_mixin.py:190} INFO - [2025-06-20T21:47:22.973+0000] {dag.py:4180} INFO - Setting next_dagrun for example_sensors to None, run_after=None
[2025-06-20T21:47:23.006+0000] {processor.py:208} INFO - Processing /home/airflow/.local/lib/python3.12/site-packages/airflow/example_dags/example_sensors.py took 0.101 seconds
[2025-06-20T21:47:54.205+0000] {processor.py:186} INFO - Started process (PID=2721) to work on /home/airflow/.local/lib/python3.12/site-packages/airflow/example_dags/example_sensors.py
[2025-06-20T21:47:54.206+0000] {processor.py:914} INFO - Processing file /home/airflow/.local/lib/python3.12/site-packages/airflow/example_dags/example_sensors.py for tasks to queue
[2025-06-20T21:47:54.209+0000] {logging_mixin.py:190} INFO - [2025-06-20T21:47:54.208+0000] {dagbag.py:588} INFO - Filling up the DagBag from /home/airflow/.local/lib/python3.12/site-packages/airflow/example_dags/example_sensors.py
[2025-06-20T21:47:54.221+0000] {processor.py:925} INFO - DAG(s) 'example_sensors' retrieved from /home/airflow/.local/lib/python3.12/site-packages/airflow/example_dags/example_sensors.py
[2025-06-20T21:47:54.249+0000] {logging_mixin.py:190} INFO - [2025-06-20T21:47:54.248+0000] {dag.py:3239} INFO - Sync 1 DAGs
[2025-06-20T21:47:54.266+0000] {logging_mixin.py:190} INFO - [2025-06-20T21:47:54.266+0000] {dag.py:4180} INFO - Setting next_dagrun for example_sensors to None, run_after=None
[2025-06-20T21:47:54.295+0000] {processor.py:208} INFO - Processing /home/airflow/.local/lib/python3.12/site-packages/airflow/example_dags/example_sensors.py took 0.096 seconds
[2025-06-20T21:48:25.703+0000] {processor.py:186} INFO - Started process (PID=2785) to work on /home/airflow/.local/lib/python3.12/site-packages/airflow/example_dags/example_sensors.py
[2025-06-20T21:48:25.704+0000] {processor.py:914} INFO - Processing file /home/airflow/.local/lib/python3.12/site-packages/airflow/example_dags/example_sensors.py for tasks to queue
[2025-06-20T21:48:25.706+0000] {logging_mixin.py:190} INFO - [2025-06-20T21:48:25.706+0000] {dagbag.py:588} INFO - Filling up the DagBag from /home/airflow/.local/lib/python3.12/site-packages/airflow/example_dags/example_sensors.py
[2025-06-20T21:48:25.716+0000] {processor.py:925} INFO - DAG(s) 'example_sensors' retrieved from /home/airflow/.local/lib/python3.12/site-packages/airflow/example_dags/example_sensors.py
[2025-06-20T21:48:25.741+0000] {logging_mixin.py:190} INFO - [2025-06-20T21:48:25.741+0000] {dag.py:3239} INFO - Sync 1 DAGs
[2025-06-20T21:48:25.755+0000] {logging_mixin.py:190} INFO - [2025-06-20T21:48:25.755+0000] {dag.py:4180} INFO - Setting next_dagrun for example_sensors to None, run_after=None
[2025-06-20T21:48:25.787+0000] {processor.py:208} INFO - Processing /home/airflow/.local/lib/python3.12/site-packages/airflow/example_dags/example_sensors.py took 0.089 seconds
[2025-06-20T21:48:57.046+0000] {processor.py:186} INFO - Started process (PID=2849) to work on /home/airflow/.local/lib/python3.12/site-packages/airflow/example_dags/example_sensors.py
[2025-06-20T21:48:57.048+0000] {processor.py:914} INFO - Processing file /home/airflow/.local/lib/python3.12/site-packages/airflow/example_dags/example_sensors.py for tasks to queue
[2025-06-20T21:48:57.051+0000] {logging_mixin.py:190} INFO - [2025-06-20T21:48:57.051+0000] {dagbag.py:588} INFO - Filling up the DagBag from /home/airflow/.local/lib/python3.12/site-packages/airflow/example_dags/example_sensors.py
[2025-06-20T21:48:57.063+0000] {processor.py:925} INFO - DAG(s) 'example_sensors' retrieved from /home/airflow/.local/lib/python3.12/site-packages/airflow/example_dags/example_sensors.py
[2025-06-20T21:48:57.089+0000] {logging_mixin.py:190} INFO - [2025-06-20T21:48:57.088+0000] {dag.py:3239} INFO - Sync 1 DAGs
[2025-06-20T21:48:57.104+0000] {logging_mixin.py:190} INFO - [2025-06-20T21:48:57.103+0000] {dag.py:4180} INFO - Setting next_dagrun for example_sensors to None, run_after=None
[2025-06-20T21:48:57.136+0000] {processor.py:208} INFO - Processing /home/airflow/.local/lib/python3.12/site-packages/airflow/example_dags/example_sensors.py took 0.098 seconds
[2025-06-20T21:49:28.484+0000] {processor.py:186} INFO - Started process (PID=2913) to work on /home/airflow/.local/lib/python3.12/site-packages/airflow/example_dags/example_sensors.py
[2025-06-20T21:49:28.485+0000] {processor.py:914} INFO - Processing file /home/airflow/.local/lib/python3.12/site-packages/airflow/example_dags/example_sensors.py for tasks to queue
[2025-06-20T21:49:28.488+0000] {logging_mixin.py:190} INFO - [2025-06-20T21:49:28.488+0000] {dagbag.py:588} INFO - Filling up the DagBag from /home/airflow/.local/lib/python3.12/site-packages/airflow/example_dags/example_sensors.py
[2025-06-20T21:49:28.499+0000] {processor.py:925} INFO - DAG(s) 'example_sensors' retrieved from /home/airflow/.local/lib/python3.12/site-packages/airflow/example_dags/example_sensors.py
[2025-06-20T21:49:28.524+0000] {logging_mixin.py:190} INFO - [2025-06-20T21:49:28.523+0000] {dag.py:3239} INFO - Sync 1 DAGs
[2025-06-20T21:49:28.537+0000] {logging_mixin.py:190} INFO - [2025-06-20T21:49:28.536+0000] {dag.py:4180} INFO - Setting next_dagrun for example_sensors to None, run_after=None
[2025-06-20T21:49:28.566+0000] {processor.py:208} INFO - Processing /home/airflow/.local/lib/python3.12/site-packages/airflow/example_dags/example_sensors.py took 0.087 seconds
[2025-06-20T21:50:00.371+0000] {processor.py:186} INFO - Started process (PID=2977) to work on /home/airflow/.local/lib/python3.12/site-packages/airflow/example_dags/example_sensors.py
[2025-06-20T21:50:00.372+0000] {processor.py:914} INFO - Processing file /home/airflow/.local/lib/python3.12/site-packages/airflow/example_dags/example_sensors.py for tasks to queue
[2025-06-20T21:50:00.374+0000] {logging_mixin.py:190} INFO - [2025-06-20T21:50:00.374+0000] {dagbag.py:588} INFO - Filling up the DagBag from /home/airflow/.local/lib/python3.12/site-packages/airflow/example_dags/example_sensors.py
[2025-06-20T21:50:00.384+0000] {processor.py:925} INFO - DAG(s) 'example_sensors' retrieved from /home/airflow/.local/lib/python3.12/site-packages/airflow/example_dags/example_sensors.py
[2025-06-20T21:50:00.407+0000] {logging_mixin.py:190} INFO - [2025-06-20T21:50:00.407+0000] {dag.py:3239} INFO - Sync 1 DAGs
[2025-06-20T21:50:00.420+0000] {logging_mixin.py:190} INFO - [2025-06-20T21:50:00.420+0000] {dag.py:4180} INFO - Setting next_dagrun for example_sensors to None, run_after=None
[2025-06-20T21:50:00.448+0000] {processor.py:208} INFO - Processing /home/airflow/.local/lib/python3.12/site-packages/airflow/example_dags/example_sensors.py took 0.081 seconds
[2025-06-20T21:50:32.511+0000] {processor.py:186} INFO - Started process (PID=3041) to work on /home/airflow/.local/lib/python3.12/site-packages/airflow/example_dags/example_sensors.py
[2025-06-20T21:50:32.513+0000] {processor.py:914} INFO - Processing file /home/airflow/.local/lib/python3.12/site-packages/airflow/example_dags/example_sensors.py for tasks to queue
[2025-06-20T21:50:32.515+0000] {logging_mixin.py:190} INFO - [2025-06-20T21:50:32.515+0000] {dagbag.py:588} INFO - Filling up the DagBag from /home/airflow/.local/lib/python3.12/site-packages/airflow/example_dags/example_sensors.py
[2025-06-20T21:50:32.526+0000] {processor.py:925} INFO - DAG(s) 'example_sensors' retrieved from /home/airflow/.local/lib/python3.12/site-packages/airflow/example_dags/example_sensors.py
[2025-06-20T21:50:32.561+0000] {logging_mixin.py:190} INFO - [2025-06-20T21:50:32.560+0000] {dag.py:3239} INFO - Sync 1 DAGs
[2025-06-20T21:50:32.582+0000] {logging_mixin.py:190} INFO - [2025-06-20T21:50:32.582+0000] {dag.py:4180} INFO - Setting next_dagrun for example_sensors to None, run_after=None
[2025-06-20T21:50:32.786+0000] {processor.py:208} INFO - Processing /home/airflow/.local/lib/python3.12/site-packages/airflow/example_dags/example_sensors.py took 0.281 seconds
[2025-06-20T21:51:03.950+0000] {processor.py:186} INFO - Started process (PID=3105) to work on /home/airflow/.local/lib/python3.12/site-packages/airflow/example_dags/example_sensors.py
[2025-06-20T21:51:03.951+0000] {processor.py:914} INFO - Processing file /home/airflow/.local/lib/python3.12/site-packages/airflow/example_dags/example_sensors.py for tasks to queue
[2025-06-20T21:51:03.953+0000] {logging_mixin.py:190} INFO - [2025-06-20T21:51:03.953+0000] {dagbag.py:588} INFO - Filling up the DagBag from /home/airflow/.local/lib/python3.12/site-packages/airflow/example_dags/example_sensors.py
[2025-06-20T21:51:03.963+0000] {processor.py:925} INFO - DAG(s) 'example_sensors' retrieved from /home/airflow/.local/lib/python3.12/site-packages/airflow/example_dags/example_sensors.py
[2025-06-20T21:51:03.989+0000] {logging_mixin.py:190} INFO - [2025-06-20T21:51:03.989+0000] {dag.py:3239} INFO - Sync 1 DAGs
[2025-06-20T21:51:04.005+0000] {logging_mixin.py:190} INFO - [2025-06-20T21:51:04.004+0000] {dag.py:4180} INFO - Setting next_dagrun for example_sensors to None, run_after=None
[2025-06-20T21:51:04.191+0000] {processor.py:208} INFO - Processing /home/airflow/.local/lib/python3.12/site-packages/airflow/example_dags/example_sensors.py took 0.246 seconds
[2025-06-20T21:51:35.288+0000] {processor.py:186} INFO - Started process (PID=3169) to work on /home/airflow/.local/lib/python3.12/site-packages/airflow/example_dags/example_sensors.py
[2025-06-20T21:51:35.289+0000] {processor.py:914} INFO - Processing file /home/airflow/.local/lib/python3.12/site-packages/airflow/example_dags/example_sensors.py for tasks to queue
[2025-06-20T21:51:35.291+0000] {logging_mixin.py:190} INFO - [2025-06-20T21:51:35.291+0000] {dagbag.py:588} INFO - Filling up the DagBag from /home/airflow/.local/lib/python3.12/site-packages/airflow/example_dags/example_sensors.py
[2025-06-20T21:51:35.301+0000] {processor.py:925} INFO - DAG(s) 'example_sensors' retrieved from /home/airflow/.local/lib/python3.12/site-packages/airflow/example_dags/example_sensors.py
[2025-06-20T21:51:35.327+0000] {logging_mixin.py:190} INFO - [2025-06-20T21:51:35.327+0000] {dag.py:3239} INFO - Sync 1 DAGs
[2025-06-20T21:51:35.343+0000] {logging_mixin.py:190} INFO - [2025-06-20T21:51:35.342+0000] {dag.py:4180} INFO - Setting next_dagrun for example_sensors to None, run_after=None
[2025-06-20T21:51:35.368+0000] {processor.py:208} INFO - Processing /home/airflow/.local/lib/python3.12/site-packages/airflow/example_dags/example_sensors.py took 0.086 seconds
[2025-06-20T21:52:06.767+0000] {processor.py:186} INFO - Started process (PID=3233) to work on /home/airflow/.local/lib/python3.12/site-packages/airflow/example_dags/example_sensors.py
[2025-06-20T21:52:06.768+0000] {processor.py:914} INFO - Processing file /home/airflow/.local/lib/python3.12/site-packages/airflow/example_dags/example_sensors.py for tasks to queue
[2025-06-20T21:52:06.771+0000] {logging_mixin.py:190} INFO - [2025-06-20T21:52:06.771+0000] {dagbag.py:588} INFO - Filling up the DagBag from /home/airflow/.local/lib/python3.12/site-packages/airflow/example_dags/example_sensors.py
[2025-06-20T21:52:06.781+0000] {processor.py:925} INFO - DAG(s) 'example_sensors' retrieved from /home/airflow/.local/lib/python3.12/site-packages/airflow/example_dags/example_sensors.py
[2025-06-20T21:52:06.813+0000] {logging_mixin.py:190} INFO - [2025-06-20T21:52:06.813+0000] {dag.py:3239} INFO - Sync 1 DAGs
[2025-06-20T21:52:06.831+0000] {logging_mixin.py:190} INFO - [2025-06-20T21:52:06.831+0000] {dag.py:4180} INFO - Setting next_dagrun for example_sensors to None, run_after=None
[2025-06-20T21:52:06.864+0000] {processor.py:208} INFO - Processing /home/airflow/.local/lib/python3.12/site-packages/airflow/example_dags/example_sensors.py took 0.102 seconds
[2025-06-20T21:52:37.779+0000] {processor.py:186} INFO - Started process (PID=3298) to work on /home/airflow/.local/lib/python3.12/site-packages/airflow/example_dags/example_sensors.py
[2025-06-20T21:52:37.780+0000] {processor.py:914} INFO - Processing file /home/airflow/.local/lib/python3.12/site-packages/airflow/example_dags/example_sensors.py for tasks to queue
[2025-06-20T21:52:37.783+0000] {logging_mixin.py:190} INFO - [2025-06-20T21:52:37.782+0000] {dagbag.py:588} INFO - Filling up the DagBag from /home/airflow/.local/lib/python3.12/site-packages/airflow/example_dags/example_sensors.py
[2025-06-20T21:52:37.793+0000] {processor.py:925} INFO - DAG(s) 'example_sensors' retrieved from /home/airflow/.local/lib/python3.12/site-packages/airflow/example_dags/example_sensors.py
[2025-06-20T21:52:37.818+0000] {logging_mixin.py:190} INFO - [2025-06-20T21:52:37.818+0000] {dag.py:3239} INFO - Sync 1 DAGs
[2025-06-20T21:52:37.832+0000] {logging_mixin.py:190} INFO - [2025-06-20T21:52:37.832+0000] {dag.py:4180} INFO - Setting next_dagrun for example_sensors to None, run_after=None
[2025-06-20T21:52:37.858+0000] {processor.py:208} INFO - Processing /home/airflow/.local/lib/python3.12/site-packages/airflow/example_dags/example_sensors.py took 0.085 seconds
[2025-06-20T21:53:09.449+0000] {processor.py:186} INFO - Started process (PID=3362) to work on /home/airflow/.local/lib/python3.12/site-packages/airflow/example_dags/example_sensors.py
[2025-06-20T21:53:09.450+0000] {processor.py:914} INFO - Processing file /home/airflow/.local/lib/python3.12/site-packages/airflow/example_dags/example_sensors.py for tasks to queue
[2025-06-20T21:53:09.454+0000] {logging_mixin.py:190} INFO - [2025-06-20T21:53:09.453+0000] {dagbag.py:588} INFO - Filling up the DagBag from /home/airflow/.local/lib/python3.12/site-packages/airflow/example_dags/example_sensors.py
[2025-06-20T21:53:09.465+0000] {processor.py:925} INFO - DAG(s) 'example_sensors' retrieved from /home/airflow/.local/lib/python3.12/site-packages/airflow/example_dags/example_sensors.py
[2025-06-20T21:53:09.492+0000] {logging_mixin.py:190} INFO - [2025-06-20T21:53:09.492+0000] {dag.py:3239} INFO - Sync 1 DAGs
[2025-06-20T21:53:09.507+0000] {logging_mixin.py:190} INFO - [2025-06-20T21:53:09.506+0000] {dag.py:4180} INFO - Setting next_dagrun for example_sensors to None, run_after=None
[2025-06-20T21:53:09.540+0000] {processor.py:208} INFO - Processing /home/airflow/.local/lib/python3.12/site-packages/airflow/example_dags/example_sensors.py took 0.096 seconds
[2025-06-20T21:53:40.515+0000] {processor.py:186} INFO - Started process (PID=3426) to work on /home/airflow/.local/lib/python3.12/site-packages/airflow/example_dags/example_sensors.py
[2025-06-20T21:53:40.516+0000] {processor.py:914} INFO - Processing file /home/airflow/.local/lib/python3.12/site-packages/airflow/example_dags/example_sensors.py for tasks to queue
[2025-06-20T21:53:40.518+0000] {logging_mixin.py:190} INFO - [2025-06-20T21:53:40.518+0000] {dagbag.py:588} INFO - Filling up the DagBag from /home/airflow/.local/lib/python3.12/site-packages/airflow/example_dags/example_sensors.py
[2025-06-20T21:53:40.528+0000] {processor.py:925} INFO - DAG(s) 'example_sensors' retrieved from /home/airflow/.local/lib/python3.12/site-packages/airflow/example_dags/example_sensors.py
[2025-06-20T21:53:40.552+0000] {logging_mixin.py:190} INFO - [2025-06-20T21:53:40.552+0000] {dag.py:3239} INFO - Sync 1 DAGs
[2025-06-20T21:53:40.566+0000] {logging_mixin.py:190} INFO - [2025-06-20T21:53:40.565+0000] {dag.py:4180} INFO - Setting next_dagrun for example_sensors to None, run_after=None
[2025-06-20T21:53:40.592+0000] {processor.py:208} INFO - Processing /home/airflow/.local/lib/python3.12/site-packages/airflow/example_dags/example_sensors.py took 0.083 seconds
[2025-06-20T21:55:49.231+0000] {processor.py:186} INFO - Started process (PID=92) to work on /home/airflow/.local/lib/python3.12/site-packages/airflow/example_dags/example_sensors.py
[2025-06-20T21:55:49.232+0000] {processor.py:914} INFO - Processing file /home/airflow/.local/lib/python3.12/site-packages/airflow/example_dags/example_sensors.py for tasks to queue
[2025-06-20T21:55:49.235+0000] {logging_mixin.py:190} INFO - [2025-06-20T21:55:49.234+0000] {dagbag.py:588} INFO - Filling up the DagBag from /home/airflow/.local/lib/python3.12/site-packages/airflow/example_dags/example_sensors.py
[2025-06-20T21:55:49.246+0000] {processor.py:925} INFO - DAG(s) 'example_sensors' retrieved from /home/airflow/.local/lib/python3.12/site-packages/airflow/example_dags/example_sensors.py
[2025-06-20T21:55:49.386+0000] {logging_mixin.py:190} INFO - [2025-06-20T21:55:49.385+0000] {override.py:1911} INFO - Created Permission View: can delete on DAG:example_sensors
[2025-06-20T21:55:49.407+0000] {logging_mixin.py:190} INFO - [2025-06-20T21:55:49.406+0000] {override.py:1911} INFO - Created Permission View: can edit on DAG:example_sensors
[2025-06-20T21:55:49.428+0000] {logging_mixin.py:190} INFO - [2025-06-20T21:55:49.428+0000] {override.py:1911} INFO - Created Permission View: can read on DAG:example_sensors
[2025-06-20T21:55:49.472+0000] {logging_mixin.py:190} INFO - [2025-06-20T21:55:49.472+0000] {override.py:1911} INFO - Created Permission View: can delete on DAG Run:example_sensors
[2025-06-20T21:55:49.494+0000] {logging_mixin.py:190} INFO - [2025-06-20T21:55:49.493+0000] {override.py:1911} INFO - Created Permission View: menu access on DAG Run:example_sensors
[2025-06-20T21:55:49.515+0000] {logging_mixin.py:190} INFO - [2025-06-20T21:55:49.515+0000] {override.py:1911} INFO - Created Permission View: can create on DAG Run:example_sensors
[2025-06-20T21:55:49.537+0000] {logging_mixin.py:190} INFO - [2025-06-20T21:55:49.536+0000] {override.py:1911} INFO - Created Permission View: can read on DAG Run:example_sensors
[2025-06-20T21:55:49.538+0000] {logging_mixin.py:190} INFO - [2025-06-20T21:55:49.538+0000] {dag.py:3239} INFO - Sync 1 DAGs
[2025-06-20T21:55:49.552+0000] {logging_mixin.py:190} INFO - [2025-06-20T21:55:49.552+0000] {dag.py:3262} INFO - Creating ORM DAG for example_sensors
[2025-06-20T21:55:49.553+0000] {logging_mixin.py:190} INFO - [2025-06-20T21:55:49.553+0000] {dag.py:4180} INFO - Setting next_dagrun for example_sensors to None, run_after=None
[2025-06-20T21:55:49.590+0000] {processor.py:208} INFO - Processing /home/airflow/.local/lib/python3.12/site-packages/airflow/example_dags/example_sensors.py took 0.364 seconds
[2025-06-20T21:56:19.860+0000] {processor.py:186} INFO - Started process (PID=155) to work on /home/airflow/.local/lib/python3.12/site-packages/airflow/example_dags/example_sensors.py
[2025-06-20T21:56:19.861+0000] {processor.py:914} INFO - Processing file /home/airflow/.local/lib/python3.12/site-packages/airflow/example_dags/example_sensors.py for tasks to queue
[2025-06-20T21:56:19.863+0000] {logging_mixin.py:190} INFO - [2025-06-20T21:56:19.862+0000] {dagbag.py:588} INFO - Filling up the DagBag from /home/airflow/.local/lib/python3.12/site-packages/airflow/example_dags/example_sensors.py
[2025-06-20T21:56:19.872+0000] {processor.py:925} INFO - DAG(s) 'example_sensors' retrieved from /home/airflow/.local/lib/python3.12/site-packages/airflow/example_dags/example_sensors.py
[2025-06-20T21:56:19.895+0000] {logging_mixin.py:190} INFO - [2025-06-20T21:56:19.895+0000] {dag.py:3239} INFO - Sync 1 DAGs
[2025-06-20T21:56:19.908+0000] {logging_mixin.py:190} INFO - [2025-06-20T21:56:19.908+0000] {dag.py:4180} INFO - Setting next_dagrun for example_sensors to None, run_after=None
[2025-06-20T21:56:19.986+0000] {processor.py:208} INFO - Processing /home/airflow/.local/lib/python3.12/site-packages/airflow/example_dags/example_sensors.py took 0.131 seconds
[2025-06-20T21:56:50.608+0000] {processor.py:186} INFO - Started process (PID=213) to work on /home/airflow/.local/lib/python3.12/site-packages/airflow/example_dags/example_sensors.py
[2025-06-20T21:56:50.609+0000] {processor.py:914} INFO - Processing file /home/airflow/.local/lib/python3.12/site-packages/airflow/example_dags/example_sensors.py for tasks to queue
[2025-06-20T21:56:50.611+0000] {logging_mixin.py:190} INFO - [2025-06-20T21:56:50.611+0000] {dagbag.py:588} INFO - Filling up the DagBag from /home/airflow/.local/lib/python3.12/site-packages/airflow/example_dags/example_sensors.py
[2025-06-20T21:56:50.626+0000] {processor.py:925} INFO - DAG(s) 'example_sensors' retrieved from /home/airflow/.local/lib/python3.12/site-packages/airflow/example_dags/example_sensors.py
[2025-06-20T21:56:50.665+0000] {logging_mixin.py:190} INFO - [2025-06-20T21:56:50.665+0000] {dag.py:3239} INFO - Sync 1 DAGs
[2025-06-20T21:56:50.681+0000] {logging_mixin.py:190} INFO - [2025-06-20T21:56:50.681+0000] {dag.py:4180} INFO - Setting next_dagrun for example_sensors to None, run_after=None
[2025-06-20T21:56:50.709+0000] {processor.py:208} INFO - Processing /home/airflow/.local/lib/python3.12/site-packages/airflow/example_dags/example_sensors.py took 0.107 seconds
[2025-06-20T21:57:21.983+0000] {processor.py:186} INFO - Started process (PID=277) to work on /home/airflow/.local/lib/python3.12/site-packages/airflow/example_dags/example_sensors.py
[2025-06-20T21:57:21.985+0000] {processor.py:914} INFO - Processing file /home/airflow/.local/lib/python3.12/site-packages/airflow/example_dags/example_sensors.py for tasks to queue
[2025-06-20T21:57:21.987+0000] {logging_mixin.py:190} INFO - [2025-06-20T21:57:21.986+0000] {dagbag.py:588} INFO - Filling up the DagBag from /home/airflow/.local/lib/python3.12/site-packages/airflow/example_dags/example_sensors.py
[2025-06-20T21:57:21.997+0000] {processor.py:925} INFO - DAG(s) 'example_sensors' retrieved from /home/airflow/.local/lib/python3.12/site-packages/airflow/example_dags/example_sensors.py
[2025-06-20T21:57:22.020+0000] {logging_mixin.py:190} INFO - [2025-06-20T21:57:22.020+0000] {dag.py:3239} INFO - Sync 1 DAGs
[2025-06-20T21:57:22.034+0000] {logging_mixin.py:190} INFO - [2025-06-20T21:57:22.034+0000] {dag.py:4180} INFO - Setting next_dagrun for example_sensors to None, run_after=None
[2025-06-20T21:57:22.066+0000] {processor.py:208} INFO - Processing /home/airflow/.local/lib/python3.12/site-packages/airflow/example_dags/example_sensors.py took 0.087 seconds
[2025-06-20T21:57:53.180+0000] {processor.py:186} INFO - Started process (PID=341) to work on /home/airflow/.local/lib/python3.12/site-packages/airflow/example_dags/example_sensors.py
[2025-06-20T21:57:53.181+0000] {processor.py:914} INFO - Processing file /home/airflow/.local/lib/python3.12/site-packages/airflow/example_dags/example_sensors.py for tasks to queue
[2025-06-20T21:57:53.183+0000] {logging_mixin.py:190} INFO - [2025-06-20T21:57:53.183+0000] {dagbag.py:588} INFO - Filling up the DagBag from /home/airflow/.local/lib/python3.12/site-packages/airflow/example_dags/example_sensors.py
[2025-06-20T21:57:53.193+0000] {processor.py:925} INFO - DAG(s) 'example_sensors' retrieved from /home/airflow/.local/lib/python3.12/site-packages/airflow/example_dags/example_sensors.py
[2025-06-20T21:57:53.218+0000] {logging_mixin.py:190} INFO - [2025-06-20T21:57:53.218+0000] {dag.py:3239} INFO - Sync 1 DAGs
[2025-06-20T21:57:53.232+0000] {logging_mixin.py:190} INFO - [2025-06-20T21:57:53.231+0000] {dag.py:4180} INFO - Setting next_dagrun for example_sensors to None, run_after=None
[2025-06-20T21:57:53.260+0000] {processor.py:208} INFO - Processing /home/airflow/.local/lib/python3.12/site-packages/airflow/example_dags/example_sensors.py took 0.085 seconds
[2025-06-20T21:58:25.053+0000] {processor.py:186} INFO - Started process (PID=413) to work on /home/airflow/.local/lib/python3.12/site-packages/airflow/example_dags/example_sensors.py
[2025-06-20T21:58:25.054+0000] {processor.py:914} INFO - Processing file /home/airflow/.local/lib/python3.12/site-packages/airflow/example_dags/example_sensors.py for tasks to queue
[2025-06-20T21:58:25.056+0000] {logging_mixin.py:190} INFO - [2025-06-20T21:58:25.056+0000] {dagbag.py:588} INFO - Filling up the DagBag from /home/airflow/.local/lib/python3.12/site-packages/airflow/example_dags/example_sensors.py
[2025-06-20T21:58:25.068+0000] {processor.py:925} INFO - DAG(s) 'example_sensors' retrieved from /home/airflow/.local/lib/python3.12/site-packages/airflow/example_dags/example_sensors.py
[2025-06-20T21:58:25.095+0000] {logging_mixin.py:190} INFO - [2025-06-20T21:58:25.095+0000] {dag.py:3239} INFO - Sync 1 DAGs
[2025-06-20T21:58:25.110+0000] {logging_mixin.py:190} INFO - [2025-06-20T21:58:25.110+0000] {dag.py:4180} INFO - Setting next_dagrun for example_sensors to None, run_after=None
[2025-06-20T21:58:25.134+0000] {processor.py:208} INFO - Processing /home/airflow/.local/lib/python3.12/site-packages/airflow/example_dags/example_sensors.py took 0.087 seconds
[2025-06-20T21:58:56.069+0000] {processor.py:186} INFO - Started process (PID=477) to work on /home/airflow/.local/lib/python3.12/site-packages/airflow/example_dags/example_sensors.py
[2025-06-20T21:58:56.070+0000] {processor.py:914} INFO - Processing file /home/airflow/.local/lib/python3.12/site-packages/airflow/example_dags/example_sensors.py for tasks to queue
[2025-06-20T21:58:56.074+0000] {logging_mixin.py:190} INFO - [2025-06-20T21:58:56.073+0000] {dagbag.py:588} INFO - Filling up the DagBag from /home/airflow/.local/lib/python3.12/site-packages/airflow/example_dags/example_sensors.py
[2025-06-20T21:58:56.090+0000] {processor.py:925} INFO - DAG(s) 'example_sensors' retrieved from /home/airflow/.local/lib/python3.12/site-packages/airflow/example_dags/example_sensors.py
[2025-06-20T21:58:56.115+0000] {logging_mixin.py:190} INFO - [2025-06-20T21:58:56.114+0000] {dag.py:3239} INFO - Sync 1 DAGs
[2025-06-20T21:58:56.128+0000] {logging_mixin.py:190} INFO - [2025-06-20T21:58:56.127+0000] {dag.py:4180} INFO - Setting next_dagrun for example_sensors to None, run_after=None
[2025-06-20T21:58:56.157+0000] {processor.py:208} INFO - Processing /home/airflow/.local/lib/python3.12/site-packages/airflow/example_dags/example_sensors.py took 0.094 seconds
[2025-06-20T21:59:27.729+0000] {processor.py:186} INFO - Started process (PID=541) to work on /home/airflow/.local/lib/python3.12/site-packages/airflow/example_dags/example_sensors.py
[2025-06-20T21:59:27.731+0000] {processor.py:914} INFO - Processing file /home/airflow/.local/lib/python3.12/site-packages/airflow/example_dags/example_sensors.py for tasks to queue
[2025-06-20T21:59:27.733+0000] {logging_mixin.py:190} INFO - [2025-06-20T21:59:27.732+0000] {dagbag.py:588} INFO - Filling up the DagBag from /home/airflow/.local/lib/python3.12/site-packages/airflow/example_dags/example_sensors.py
[2025-06-20T21:59:27.743+0000] {processor.py:925} INFO - DAG(s) 'example_sensors' retrieved from /home/airflow/.local/lib/python3.12/site-packages/airflow/example_dags/example_sensors.py
[2025-06-20T21:59:27.769+0000] {logging_mixin.py:190} INFO - [2025-06-20T21:59:27.769+0000] {dag.py:3239} INFO - Sync 1 DAGs
[2025-06-20T21:59:27.785+0000] {logging_mixin.py:190} INFO - [2025-06-20T21:59:27.785+0000] {dag.py:4180} INFO - Setting next_dagrun for example_sensors to None, run_after=None
[2025-06-20T21:59:27.813+0000] {processor.py:208} INFO - Processing /home/airflow/.local/lib/python3.12/site-packages/airflow/example_dags/example_sensors.py took 0.088 seconds
[2025-06-20T21:59:59.229+0000] {processor.py:186} INFO - Started process (PID=605) to work on /home/airflow/.local/lib/python3.12/site-packages/airflow/example_dags/example_sensors.py
[2025-06-20T21:59:59.231+0000] {processor.py:914} INFO - Processing file /home/airflow/.local/lib/python3.12/site-packages/airflow/example_dags/example_sensors.py for tasks to queue
[2025-06-20T21:59:59.233+0000] {logging_mixin.py:190} INFO - [2025-06-20T21:59:59.233+0000] {dagbag.py:588} INFO - Filling up the DagBag from /home/airflow/.local/lib/python3.12/site-packages/airflow/example_dags/example_sensors.py
[2025-06-20T21:59:59.242+0000] {processor.py:925} INFO - DAG(s) 'example_sensors' retrieved from /home/airflow/.local/lib/python3.12/site-packages/airflow/example_dags/example_sensors.py
[2025-06-20T21:59:59.266+0000] {logging_mixin.py:190} INFO - [2025-06-20T21:59:59.266+0000] {dag.py:3239} INFO - Sync 1 DAGs
[2025-06-20T21:59:59.280+0000] {logging_mixin.py:190} INFO - [2025-06-20T21:59:59.279+0000] {dag.py:4180} INFO - Setting next_dagrun for example_sensors to None, run_after=None
[2025-06-20T21:59:59.310+0000] {processor.py:208} INFO - Processing /home/airflow/.local/lib/python3.12/site-packages/airflow/example_dags/example_sensors.py took 0.086 seconds
[2025-06-20T22:00:30.743+0000] {processor.py:186} INFO - Started process (PID=670) to work on /home/airflow/.local/lib/python3.12/site-packages/airflow/example_dags/example_sensors.py
[2025-06-20T22:00:30.744+0000] {processor.py:914} INFO - Processing file /home/airflow/.local/lib/python3.12/site-packages/airflow/example_dags/example_sensors.py for tasks to queue
[2025-06-20T22:00:30.747+0000] {logging_mixin.py:190} INFO - [2025-06-20T22:00:30.747+0000] {dagbag.py:588} INFO - Filling up the DagBag from /home/airflow/.local/lib/python3.12/site-packages/airflow/example_dags/example_sensors.py
[2025-06-20T22:00:30.761+0000] {processor.py:925} INFO - DAG(s) 'example_sensors' retrieved from /home/airflow/.local/lib/python3.12/site-packages/airflow/example_dags/example_sensors.py
[2025-06-20T22:00:30.802+0000] {logging_mixin.py:190} INFO - [2025-06-20T22:00:30.801+0000] {dag.py:3239} INFO - Sync 1 DAGs
[2025-06-20T22:00:30.831+0000] {logging_mixin.py:190} INFO - [2025-06-20T22:00:30.831+0000] {dag.py:4180} INFO - Setting next_dagrun for example_sensors to None, run_after=None
[2025-06-20T22:00:30.924+0000] {processor.py:208} INFO - Processing /home/airflow/.local/lib/python3.12/site-packages/airflow/example_dags/example_sensors.py took 0.186 seconds
[2025-06-20T22:01:02.248+0000] {processor.py:186} INFO - Started process (PID=734) to work on /home/airflow/.local/lib/python3.12/site-packages/airflow/example_dags/example_sensors.py
[2025-06-20T22:01:02.250+0000] {processor.py:914} INFO - Processing file /home/airflow/.local/lib/python3.12/site-packages/airflow/example_dags/example_sensors.py for tasks to queue
[2025-06-20T22:01:02.252+0000] {logging_mixin.py:190} INFO - [2025-06-20T22:01:02.252+0000] {dagbag.py:588} INFO - Filling up the DagBag from /home/airflow/.local/lib/python3.12/site-packages/airflow/example_dags/example_sensors.py
[2025-06-20T22:01:02.261+0000] {processor.py:925} INFO - DAG(s) 'example_sensors' retrieved from /home/airflow/.local/lib/python3.12/site-packages/airflow/example_dags/example_sensors.py
[2025-06-20T22:01:02.284+0000] {logging_mixin.py:190} INFO - [2025-06-20T22:01:02.284+0000] {dag.py:3239} INFO - Sync 1 DAGs
[2025-06-20T22:01:02.297+0000] {logging_mixin.py:190} INFO - [2025-06-20T22:01:02.297+0000] {dag.py:4180} INFO - Setting next_dagrun for example_sensors to None, run_after=None
[2025-06-20T22:01:02.317+0000] {processor.py:208} INFO - Processing /home/airflow/.local/lib/python3.12/site-packages/airflow/example_dags/example_sensors.py took 0.074 seconds
[2025-06-20T22:01:33.857+0000] {processor.py:186} INFO - Started process (PID=798) to work on /home/airflow/.local/lib/python3.12/site-packages/airflow/example_dags/example_sensors.py
[2025-06-20T22:01:33.858+0000] {processor.py:914} INFO - Processing file /home/airflow/.local/lib/python3.12/site-packages/airflow/example_dags/example_sensors.py for tasks to queue
[2025-06-20T22:01:33.861+0000] {logging_mixin.py:190} INFO - [2025-06-20T22:01:33.860+0000] {dagbag.py:588} INFO - Filling up the DagBag from /home/airflow/.local/lib/python3.12/site-packages/airflow/example_dags/example_sensors.py
[2025-06-20T22:01:33.870+0000] {processor.py:925} INFO - DAG(s) 'example_sensors' retrieved from /home/airflow/.local/lib/python3.12/site-packages/airflow/example_dags/example_sensors.py
[2025-06-20T22:01:33.894+0000] {logging_mixin.py:190} INFO - [2025-06-20T22:01:33.894+0000] {dag.py:3239} INFO - Sync 1 DAGs
[2025-06-20T22:01:33.907+0000] {logging_mixin.py:190} INFO - [2025-06-20T22:01:33.907+0000] {dag.py:4180} INFO - Setting next_dagrun for example_sensors to None, run_after=None
[2025-06-20T22:01:33.941+0000] {processor.py:208} INFO - Processing /home/airflow/.local/lib/python3.12/site-packages/airflow/example_dags/example_sensors.py took 0.088 seconds
[2025-06-20T22:02:05.359+0000] {processor.py:186} INFO - Started process (PID=862) to work on /home/airflow/.local/lib/python3.12/site-packages/airflow/example_dags/example_sensors.py
[2025-06-20T22:02:05.360+0000] {processor.py:914} INFO - Processing file /home/airflow/.local/lib/python3.12/site-packages/airflow/example_dags/example_sensors.py for tasks to queue
[2025-06-20T22:02:05.362+0000] {logging_mixin.py:190} INFO - [2025-06-20T22:02:05.362+0000] {dagbag.py:588} INFO - Filling up the DagBag from /home/airflow/.local/lib/python3.12/site-packages/airflow/example_dags/example_sensors.py
[2025-06-20T22:02:05.373+0000] {processor.py:925} INFO - DAG(s) 'example_sensors' retrieved from /home/airflow/.local/lib/python3.12/site-packages/airflow/example_dags/example_sensors.py
[2025-06-20T22:02:05.401+0000] {logging_mixin.py:190} INFO - [2025-06-20T22:02:05.401+0000] {dag.py:3239} INFO - Sync 1 DAGs
[2025-06-20T22:02:05.415+0000] {logging_mixin.py:190} INFO - [2025-06-20T22:02:05.415+0000] {dag.py:4180} INFO - Setting next_dagrun for example_sensors to None, run_after=None
[2025-06-20T22:02:05.444+0000] {processor.py:208} INFO - Processing /home/airflow/.local/lib/python3.12/site-packages/airflow/example_dags/example_sensors.py took 0.089 seconds
[2025-06-20T22:02:37.130+0000] {processor.py:186} INFO - Started process (PID=926) to work on /home/airflow/.local/lib/python3.12/site-packages/airflow/example_dags/example_sensors.py
[2025-06-20T22:02:37.131+0000] {processor.py:914} INFO - Processing file /home/airflow/.local/lib/python3.12/site-packages/airflow/example_dags/example_sensors.py for tasks to queue
[2025-06-20T22:02:37.133+0000] {logging_mixin.py:190} INFO - [2025-06-20T22:02:37.133+0000] {dagbag.py:588} INFO - Filling up the DagBag from /home/airflow/.local/lib/python3.12/site-packages/airflow/example_dags/example_sensors.py
[2025-06-20T22:02:37.144+0000] {processor.py:925} INFO - DAG(s) 'example_sensors' retrieved from /home/airflow/.local/lib/python3.12/site-packages/airflow/example_dags/example_sensors.py
[2025-06-20T22:02:37.169+0000] {logging_mixin.py:190} INFO - [2025-06-20T22:02:37.169+0000] {dag.py:3239} INFO - Sync 1 DAGs
[2025-06-20T22:02:37.182+0000] {logging_mixin.py:190} INFO - [2025-06-20T22:02:37.182+0000] {dag.py:4180} INFO - Setting next_dagrun for example_sensors to None, run_after=None
[2025-06-20T22:02:37.212+0000] {processor.py:208} INFO - Processing /home/airflow/.local/lib/python3.12/site-packages/airflow/example_dags/example_sensors.py took 0.088 seconds
[2025-06-20T22:03:08.951+0000] {processor.py:186} INFO - Started process (PID=990) to work on /home/airflow/.local/lib/python3.12/site-packages/airflow/example_dags/example_sensors.py
[2025-06-20T22:03:08.952+0000] {processor.py:914} INFO - Processing file /home/airflow/.local/lib/python3.12/site-packages/airflow/example_dags/example_sensors.py for tasks to queue
[2025-06-20T22:03:08.954+0000] {logging_mixin.py:190} INFO - [2025-06-20T22:03:08.954+0000] {dagbag.py:588} INFO - Filling up the DagBag from /home/airflow/.local/lib/python3.12/site-packages/airflow/example_dags/example_sensors.py
[2025-06-20T22:03:08.963+0000] {processor.py:925} INFO - DAG(s) 'example_sensors' retrieved from /home/airflow/.local/lib/python3.12/site-packages/airflow/example_dags/example_sensors.py
[2025-06-20T22:03:08.987+0000] {logging_mixin.py:190} INFO - [2025-06-20T22:03:08.987+0000] {dag.py:3239} INFO - Sync 1 DAGs
[2025-06-20T22:03:09.000+0000] {logging_mixin.py:190} INFO - [2025-06-20T22:03:09.000+0000] {dag.py:4180} INFO - Setting next_dagrun for example_sensors to None, run_after=None
[2025-06-20T22:03:09.025+0000] {processor.py:208} INFO - Processing /home/airflow/.local/lib/python3.12/site-packages/airflow/example_dags/example_sensors.py took 0.079 seconds
[2025-06-20T22:03:40.588+0000] {processor.py:186} INFO - Started process (PID=1054) to work on /home/airflow/.local/lib/python3.12/site-packages/airflow/example_dags/example_sensors.py
[2025-06-20T22:03:40.589+0000] {processor.py:914} INFO - Processing file /home/airflow/.local/lib/python3.12/site-packages/airflow/example_dags/example_sensors.py for tasks to queue
[2025-06-20T22:03:40.592+0000] {logging_mixin.py:190} INFO - [2025-06-20T22:03:40.592+0000] {dagbag.py:588} INFO - Filling up the DagBag from /home/airflow/.local/lib/python3.12/site-packages/airflow/example_dags/example_sensors.py
[2025-06-20T22:03:40.604+0000] {processor.py:925} INFO - DAG(s) 'example_sensors' retrieved from /home/airflow/.local/lib/python3.12/site-packages/airflow/example_dags/example_sensors.py
[2025-06-20T22:03:40.633+0000] {logging_mixin.py:190} INFO - [2025-06-20T22:03:40.632+0000] {dag.py:3239} INFO - Sync 1 DAGs
[2025-06-20T22:03:40.649+0000] {logging_mixin.py:190} INFO - [2025-06-20T22:03:40.649+0000] {dag.py:4180} INFO - Setting next_dagrun for example_sensors to None, run_after=None
[2025-06-20T22:03:40.677+0000] {processor.py:208} INFO - Processing /home/airflow/.local/lib/python3.12/site-packages/airflow/example_dags/example_sensors.py took 0.094 seconds
