[2025-06-20T21:26:53.414+0000] {processor.py:186} INFO - Started process (PID=138) to work on /home/airflow/.local/lib/python3.12/site-packages/airflow/example_dags/example_kubernetes_executor.py
[2025-06-20T21:26:53.415+0000] {processor.py:914} INFO - Processing file /home/airflow/.local/lib/python3.12/site-packages/airflow/example_dags/example_kubernetes_executor.py for tasks to queue
[2025-06-20T21:26:53.418+0000] {logging_mixin.py:190} INFO - [2025-06-20T21:26:53.417+0000] {dagbag.py:588} INFO - Filling up the DagBag from /home/airflow/.local/lib/python3.12/site-packages/airflow/example_dags/example_kubernetes_executor.py
[2025-06-20T21:26:53.432+0000] {processor.py:925} INFO - DAG(s) 'example_kubernetes_executor' retrieved from /home/airflow/.local/lib/python3.12/site-packages/airflow/example_dags/example_kubernetes_executor.py
[2025-06-20T21:26:53.717+0000] {logging_mixin.py:190} INFO - [2025-06-20T21:26:53.715+0000] {override.py:1911} INFO - Created Permission View: can delete on DAG:example_kubernetes_executor
[2025-06-20T21:26:53.748+0000] {logging_mixin.py:190} INFO - [2025-06-20T21:26:53.748+0000] {override.py:1911} INFO - Created Permission View: can read on DAG:example_kubernetes_executor
[2025-06-20T21:26:53.770+0000] {logging_mixin.py:190} INFO - [2025-06-20T21:26:53.770+0000] {override.py:1911} INFO - Created Permission View: can edit on DAG:example_kubernetes_executor
[2025-06-20T21:26:53.973+0000] {logging_mixin.py:190} INFO - [2025-06-20T21:26:53.973+0000] {override.py:1911} INFO - Created Permission View: can delete on DAG Run:example_kubernetes_executor
[2025-06-20T21:26:54.069+0000] {logging_mixin.py:190} INFO - [2025-06-20T21:26:54.068+0000] {override.py:1911} INFO - Created Permission View: can create on DAG Run:example_kubernetes_executor
[2025-06-20T21:26:54.091+0000] {logging_mixin.py:190} INFO - [2025-06-20T21:26:54.090+0000] {override.py:1911} INFO - Created Permission View: can read on DAG Run:example_kubernetes_executor
[2025-06-20T21:26:54.116+0000] {logging_mixin.py:190} INFO - [2025-06-20T21:26:54.115+0000] {override.py:1911} INFO - Created Permission View: menu access on DAG Run:example_kubernetes_executor
[2025-06-20T21:26:54.116+0000] {logging_mixin.py:190} INFO - [2025-06-20T21:26:54.116+0000] {dag.py:3239} INFO - Sync 1 DAGs
[2025-06-20T21:26:54.129+0000] {logging_mixin.py:190} INFO - [2025-06-20T21:26:54.128+0000] {dag.py:3262} INFO - Creating ORM DAG for example_kubernetes_executor
[2025-06-20T21:26:54.130+0000] {logging_mixin.py:190} INFO - [2025-06-20T21:26:54.130+0000] {dag.py:4180} INFO - Setting next_dagrun for example_kubernetes_executor to None, run_after=None
[2025-06-20T21:26:54.185+0000] {processor.py:208} INFO - Processing /home/airflow/.local/lib/python3.12/site-packages/airflow/example_dags/example_kubernetes_executor.py took 0.776 seconds
[2025-06-20T21:27:24.238+0000] {processor.py:186} INFO - Started process (PID=201) to work on /home/airflow/.local/lib/python3.12/site-packages/airflow/example_dags/example_kubernetes_executor.py
[2025-06-20T21:27:24.239+0000] {processor.py:914} INFO - Processing file /home/airflow/.local/lib/python3.12/site-packages/airflow/example_dags/example_kubernetes_executor.py for tasks to queue
[2025-06-20T21:27:24.241+0000] {logging_mixin.py:190} INFO - [2025-06-20T21:27:24.241+0000] {dagbag.py:588} INFO - Filling up the DagBag from /home/airflow/.local/lib/python3.12/site-packages/airflow/example_dags/example_kubernetes_executor.py
[2025-06-20T21:27:24.254+0000] {processor.py:925} INFO - DAG(s) 'example_kubernetes_executor' retrieved from /home/airflow/.local/lib/python3.12/site-packages/airflow/example_dags/example_kubernetes_executor.py
[2025-06-20T21:27:24.293+0000] {logging_mixin.py:190} INFO - [2025-06-20T21:27:24.293+0000] {dag.py:3239} INFO - Sync 1 DAGs
[2025-06-20T21:27:24.308+0000] {logging_mixin.py:190} INFO - [2025-06-20T21:27:24.308+0000] {dag.py:4180} INFO - Setting next_dagrun for example_kubernetes_executor to None, run_after=None
[2025-06-20T21:27:24.376+0000] {processor.py:208} INFO - Processing /home/airflow/.local/lib/python3.12/site-packages/airflow/example_dags/example_kubernetes_executor.py took 0.143 seconds
[2025-06-20T21:27:54.698+0000] {processor.py:186} INFO - Started process (PID=265) to work on /home/airflow/.local/lib/python3.12/site-packages/airflow/example_dags/example_kubernetes_executor.py
[2025-06-20T21:27:54.699+0000] {processor.py:914} INFO - Processing file /home/airflow/.local/lib/python3.12/site-packages/airflow/example_dags/example_kubernetes_executor.py for tasks to queue
[2025-06-20T21:27:54.702+0000] {logging_mixin.py:190} INFO - [2025-06-20T21:27:54.701+0000] {dagbag.py:588} INFO - Filling up the DagBag from /home/airflow/.local/lib/python3.12/site-packages/airflow/example_dags/example_kubernetes_executor.py
[2025-06-20T21:27:54.715+0000] {processor.py:925} INFO - DAG(s) 'example_kubernetes_executor' retrieved from /home/airflow/.local/lib/python3.12/site-packages/airflow/example_dags/example_kubernetes_executor.py
[2025-06-20T21:27:54.752+0000] {logging_mixin.py:190} INFO - [2025-06-20T21:27:54.752+0000] {dag.py:3239} INFO - Sync 1 DAGs
[2025-06-20T21:27:54.765+0000] {logging_mixin.py:190} INFO - [2025-06-20T21:27:54.765+0000] {dag.py:4180} INFO - Setting next_dagrun for example_kubernetes_executor to None, run_after=None
[2025-06-20T21:27:54.798+0000] {processor.py:208} INFO - Processing /home/airflow/.local/lib/python3.12/site-packages/airflow/example_dags/example_kubernetes_executor.py took 0.105 seconds
[2025-06-20T21:28:25.269+0000] {processor.py:186} INFO - Started process (PID=330) to work on /home/airflow/.local/lib/python3.12/site-packages/airflow/example_dags/example_kubernetes_executor.py
[2025-06-20T21:28:25.270+0000] {processor.py:914} INFO - Processing file /home/airflow/.local/lib/python3.12/site-packages/airflow/example_dags/example_kubernetes_executor.py for tasks to queue
[2025-06-20T21:28:25.273+0000] {logging_mixin.py:190} INFO - [2025-06-20T21:28:25.272+0000] {dagbag.py:588} INFO - Filling up the DagBag from /home/airflow/.local/lib/python3.12/site-packages/airflow/example_dags/example_kubernetes_executor.py
[2025-06-20T21:28:25.285+0000] {processor.py:925} INFO - DAG(s) 'example_kubernetes_executor' retrieved from /home/airflow/.local/lib/python3.12/site-packages/airflow/example_dags/example_kubernetes_executor.py
[2025-06-20T21:28:25.323+0000] {logging_mixin.py:190} INFO - [2025-06-20T21:28:25.323+0000] {dag.py:3239} INFO - Sync 1 DAGs
[2025-06-20T21:28:25.337+0000] {logging_mixin.py:190} INFO - [2025-06-20T21:28:25.337+0000] {dag.py:4180} INFO - Setting next_dagrun for example_kubernetes_executor to None, run_after=None
[2025-06-20T21:28:25.359+0000] {processor.py:208} INFO - Processing /home/airflow/.local/lib/python3.12/site-packages/airflow/example_dags/example_kubernetes_executor.py took 0.095 seconds
[2025-06-20T21:28:57.523+0000] {processor.py:186} INFO - Started process (PID=394) to work on /home/airflow/.local/lib/python3.12/site-packages/airflow/example_dags/example_kubernetes_executor.py
[2025-06-20T21:28:57.524+0000] {processor.py:914} INFO - Processing file /home/airflow/.local/lib/python3.12/site-packages/airflow/example_dags/example_kubernetes_executor.py for tasks to queue
[2025-06-20T21:28:57.526+0000] {logging_mixin.py:190} INFO - [2025-06-20T21:28:57.526+0000] {dagbag.py:588} INFO - Filling up the DagBag from /home/airflow/.local/lib/python3.12/site-packages/airflow/example_dags/example_kubernetes_executor.py
[2025-06-20T21:28:57.540+0000] {processor.py:925} INFO - DAG(s) 'example_kubernetes_executor' retrieved from /home/airflow/.local/lib/python3.12/site-packages/airflow/example_dags/example_kubernetes_executor.py
[2025-06-20T21:28:57.579+0000] {logging_mixin.py:190} INFO - [2025-06-20T21:28:57.579+0000] {dag.py:3239} INFO - Sync 1 DAGs
[2025-06-20T21:28:57.596+0000] {logging_mixin.py:190} INFO - [2025-06-20T21:28:57.596+0000] {dag.py:4180} INFO - Setting next_dagrun for example_kubernetes_executor to None, run_after=None
[2025-06-20T21:28:57.677+0000] {processor.py:208} INFO - Processing /home/airflow/.local/lib/python3.12/site-packages/airflow/example_dags/example_kubernetes_executor.py took 0.159 seconds
[2025-06-20T21:29:29.444+0000] {processor.py:186} INFO - Started process (PID=460) to work on /home/airflow/.local/lib/python3.12/site-packages/airflow/example_dags/example_kubernetes_executor.py
[2025-06-20T21:29:29.445+0000] {processor.py:914} INFO - Processing file /home/airflow/.local/lib/python3.12/site-packages/airflow/example_dags/example_kubernetes_executor.py for tasks to queue
[2025-06-20T21:29:29.448+0000] {logging_mixin.py:190} INFO - [2025-06-20T21:29:29.448+0000] {dagbag.py:588} INFO - Filling up the DagBag from /home/airflow/.local/lib/python3.12/site-packages/airflow/example_dags/example_kubernetes_executor.py
[2025-06-20T21:29:29.465+0000] {processor.py:925} INFO - DAG(s) 'example_kubernetes_executor' retrieved from /home/airflow/.local/lib/python3.12/site-packages/airflow/example_dags/example_kubernetes_executor.py
[2025-06-20T21:29:29.509+0000] {logging_mixin.py:190} INFO - [2025-06-20T21:29:29.509+0000] {dag.py:3239} INFO - Sync 1 DAGs
[2025-06-20T21:29:29.524+0000] {logging_mixin.py:190} INFO - [2025-06-20T21:29:29.524+0000] {dag.py:4180} INFO - Setting next_dagrun for example_kubernetes_executor to None, run_after=None
[2025-06-20T21:29:29.649+0000] {processor.py:208} INFO - Processing /home/airflow/.local/lib/python3.12/site-packages/airflow/example_dags/example_kubernetes_executor.py took 0.211 seconds
[2025-06-20T21:30:00.273+0000] {processor.py:186} INFO - Started process (PID=524) to work on /home/airflow/.local/lib/python3.12/site-packages/airflow/example_dags/example_kubernetes_executor.py
[2025-06-20T21:30:00.274+0000] {processor.py:914} INFO - Processing file /home/airflow/.local/lib/python3.12/site-packages/airflow/example_dags/example_kubernetes_executor.py for tasks to queue
[2025-06-20T21:30:00.276+0000] {logging_mixin.py:190} INFO - [2025-06-20T21:30:00.276+0000] {dagbag.py:588} INFO - Filling up the DagBag from /home/airflow/.local/lib/python3.12/site-packages/airflow/example_dags/example_kubernetes_executor.py
[2025-06-20T21:30:00.290+0000] {processor.py:925} INFO - DAG(s) 'example_kubernetes_executor' retrieved from /home/airflow/.local/lib/python3.12/site-packages/airflow/example_dags/example_kubernetes_executor.py
[2025-06-20T21:30:00.327+0000] {logging_mixin.py:190} INFO - [2025-06-20T21:30:00.326+0000] {dag.py:3239} INFO - Sync 1 DAGs
[2025-06-20T21:30:00.342+0000] {logging_mixin.py:190} INFO - [2025-06-20T21:30:00.342+0000] {dag.py:4180} INFO - Setting next_dagrun for example_kubernetes_executor to None, run_after=None
[2025-06-20T21:30:00.390+0000] {processor.py:208} INFO - Processing /home/airflow/.local/lib/python3.12/site-packages/airflow/example_dags/example_kubernetes_executor.py took 0.123 seconds
[2025-06-20T21:30:32.100+0000] {processor.py:186} INFO - Started process (PID=592) to work on /home/airflow/.local/lib/python3.12/site-packages/airflow/example_dags/example_kubernetes_executor.py
[2025-06-20T21:30:32.101+0000] {processor.py:914} INFO - Processing file /home/airflow/.local/lib/python3.12/site-packages/airflow/example_dags/example_kubernetes_executor.py for tasks to queue
[2025-06-20T21:30:32.104+0000] {logging_mixin.py:190} INFO - [2025-06-20T21:30:32.103+0000] {dagbag.py:588} INFO - Filling up the DagBag from /home/airflow/.local/lib/python3.12/site-packages/airflow/example_dags/example_kubernetes_executor.py
[2025-06-20T21:30:32.116+0000] {processor.py:925} INFO - DAG(s) 'example_kubernetes_executor' retrieved from /home/airflow/.local/lib/python3.12/site-packages/airflow/example_dags/example_kubernetes_executor.py
[2025-06-20T21:30:32.154+0000] {logging_mixin.py:190} INFO - [2025-06-20T21:30:32.153+0000] {dag.py:3239} INFO - Sync 1 DAGs
[2025-06-20T21:30:32.170+0000] {logging_mixin.py:190} INFO - [2025-06-20T21:30:32.169+0000] {dag.py:4180} INFO - Setting next_dagrun for example_kubernetes_executor to None, run_after=None
[2025-06-20T21:30:32.208+0000] {processor.py:208} INFO - Processing /home/airflow/.local/lib/python3.12/site-packages/airflow/example_dags/example_kubernetes_executor.py took 0.112 seconds
[2025-06-20T21:31:04.481+0000] {processor.py:186} INFO - Started process (PID=659) to work on /home/airflow/.local/lib/python3.12/site-packages/airflow/example_dags/example_kubernetes_executor.py
[2025-06-20T21:31:04.482+0000] {processor.py:914} INFO - Processing file /home/airflow/.local/lib/python3.12/site-packages/airflow/example_dags/example_kubernetes_executor.py for tasks to queue
[2025-06-20T21:31:04.484+0000] {logging_mixin.py:190} INFO - [2025-06-20T21:31:04.484+0000] {dagbag.py:588} INFO - Filling up the DagBag from /home/airflow/.local/lib/python3.12/site-packages/airflow/example_dags/example_kubernetes_executor.py
[2025-06-20T21:31:04.497+0000] {processor.py:925} INFO - DAG(s) 'example_kubernetes_executor' retrieved from /home/airflow/.local/lib/python3.12/site-packages/airflow/example_dags/example_kubernetes_executor.py
[2025-06-20T21:31:04.537+0000] {logging_mixin.py:190} INFO - [2025-06-20T21:31:04.537+0000] {dag.py:3239} INFO - Sync 1 DAGs
[2025-06-20T21:31:04.551+0000] {logging_mixin.py:190} INFO - [2025-06-20T21:31:04.550+0000] {dag.py:4180} INFO - Setting next_dagrun for example_kubernetes_executor to None, run_after=None
[2025-06-20T21:31:04.582+0000] {processor.py:208} INFO - Processing /home/airflow/.local/lib/python3.12/site-packages/airflow/example_dags/example_kubernetes_executor.py took 0.106 seconds
[2025-06-20T21:31:35.700+0000] {processor.py:186} INFO - Started process (PID=723) to work on /home/airflow/.local/lib/python3.12/site-packages/airflow/example_dags/example_kubernetes_executor.py
[2025-06-20T21:31:35.701+0000] {processor.py:914} INFO - Processing file /home/airflow/.local/lib/python3.12/site-packages/airflow/example_dags/example_kubernetes_executor.py for tasks to queue
[2025-06-20T21:31:35.704+0000] {logging_mixin.py:190} INFO - [2025-06-20T21:31:35.703+0000] {dagbag.py:588} INFO - Filling up the DagBag from /home/airflow/.local/lib/python3.12/site-packages/airflow/example_dags/example_kubernetes_executor.py
[2025-06-20T21:31:35.717+0000] {processor.py:925} INFO - DAG(s) 'example_kubernetes_executor' retrieved from /home/airflow/.local/lib/python3.12/site-packages/airflow/example_dags/example_kubernetes_executor.py
[2025-06-20T21:31:35.755+0000] {logging_mixin.py:190} INFO - [2025-06-20T21:31:35.755+0000] {dag.py:3239} INFO - Sync 1 DAGs
[2025-06-20T21:31:35.770+0000] {logging_mixin.py:190} INFO - [2025-06-20T21:31:35.770+0000] {dag.py:4180} INFO - Setting next_dagrun for example_kubernetes_executor to None, run_after=None
[2025-06-20T21:31:35.800+0000] {processor.py:208} INFO - Processing /home/airflow/.local/lib/python3.12/site-packages/airflow/example_dags/example_kubernetes_executor.py took 0.106 seconds
[2025-06-20T21:32:08.339+0000] {processor.py:186} INFO - Started process (PID=789) to work on /home/airflow/.local/lib/python3.12/site-packages/airflow/example_dags/example_kubernetes_executor.py
[2025-06-20T21:32:08.340+0000] {processor.py:914} INFO - Processing file /home/airflow/.local/lib/python3.12/site-packages/airflow/example_dags/example_kubernetes_executor.py for tasks to queue
[2025-06-20T21:32:08.342+0000] {logging_mixin.py:190} INFO - [2025-06-20T21:32:08.342+0000] {dagbag.py:588} INFO - Filling up the DagBag from /home/airflow/.local/lib/python3.12/site-packages/airflow/example_dags/example_kubernetes_executor.py
[2025-06-20T21:32:08.359+0000] {processor.py:925} INFO - DAG(s) 'example_kubernetes_executor' retrieved from /home/airflow/.local/lib/python3.12/site-packages/airflow/example_dags/example_kubernetes_executor.py
[2025-06-20T21:32:08.403+0000] {logging_mixin.py:190} INFO - [2025-06-20T21:32:08.402+0000] {dag.py:3239} INFO - Sync 1 DAGs
[2025-06-20T21:32:08.417+0000] {logging_mixin.py:190} INFO - [2025-06-20T21:32:08.417+0000] {dag.py:4180} INFO - Setting next_dagrun for example_kubernetes_executor to None, run_after=None
[2025-06-20T21:32:08.448+0000] {processor.py:208} INFO - Processing /home/airflow/.local/lib/python3.12/site-packages/airflow/example_dags/example_kubernetes_executor.py took 0.115 seconds
[2025-06-20T21:32:38.828+0000] {processor.py:186} INFO - Started process (PID=853) to work on /home/airflow/.local/lib/python3.12/site-packages/airflow/example_dags/example_kubernetes_executor.py
[2025-06-20T21:32:38.829+0000] {processor.py:914} INFO - Processing file /home/airflow/.local/lib/python3.12/site-packages/airflow/example_dags/example_kubernetes_executor.py for tasks to queue
[2025-06-20T21:32:38.831+0000] {logging_mixin.py:190} INFO - [2025-06-20T21:32:38.831+0000] {dagbag.py:588} INFO - Filling up the DagBag from /home/airflow/.local/lib/python3.12/site-packages/airflow/example_dags/example_kubernetes_executor.py
[2025-06-20T21:32:38.844+0000] {processor.py:925} INFO - DAG(s) 'example_kubernetes_executor' retrieved from /home/airflow/.local/lib/python3.12/site-packages/airflow/example_dags/example_kubernetes_executor.py
[2025-06-20T21:32:38.880+0000] {logging_mixin.py:190} INFO - [2025-06-20T21:32:38.880+0000] {dag.py:3239} INFO - Sync 1 DAGs
[2025-06-20T21:32:38.894+0000] {logging_mixin.py:190} INFO - [2025-06-20T21:32:38.893+0000] {dag.py:4180} INFO - Setting next_dagrun for example_kubernetes_executor to None, run_after=None
[2025-06-20T21:32:38.926+0000] {processor.py:208} INFO - Processing /home/airflow/.local/lib/python3.12/site-packages/airflow/example_dags/example_kubernetes_executor.py took 0.103 seconds
[2025-06-20T21:33:11.101+0000] {processor.py:186} INFO - Started process (PID=917) to work on /home/airflow/.local/lib/python3.12/site-packages/airflow/example_dags/example_kubernetes_executor.py
[2025-06-20T21:33:11.102+0000] {processor.py:914} INFO - Processing file /home/airflow/.local/lib/python3.12/site-packages/airflow/example_dags/example_kubernetes_executor.py for tasks to queue
[2025-06-20T21:33:11.105+0000] {logging_mixin.py:190} INFO - [2025-06-20T21:33:11.105+0000] {dagbag.py:588} INFO - Filling up the DagBag from /home/airflow/.local/lib/python3.12/site-packages/airflow/example_dags/example_kubernetes_executor.py
[2025-06-20T21:33:11.129+0000] {processor.py:925} INFO - DAG(s) 'example_kubernetes_executor' retrieved from /home/airflow/.local/lib/python3.12/site-packages/airflow/example_dags/example_kubernetes_executor.py
[2025-06-20T21:33:11.181+0000] {logging_mixin.py:190} INFO - [2025-06-20T21:33:11.181+0000] {dag.py:3239} INFO - Sync 1 DAGs
[2025-06-20T21:33:11.201+0000] {logging_mixin.py:190} INFO - [2025-06-20T21:33:11.201+0000] {dag.py:4180} INFO - Setting next_dagrun for example_kubernetes_executor to None, run_after=None
[2025-06-20T21:33:11.232+0000] {processor.py:208} INFO - Processing /home/airflow/.local/lib/python3.12/site-packages/airflow/example_dags/example_kubernetes_executor.py took 0.136 seconds
[2025-06-20T21:33:42.283+0000] {processor.py:186} INFO - Started process (PID=981) to work on /home/airflow/.local/lib/python3.12/site-packages/airflow/example_dags/example_kubernetes_executor.py
[2025-06-20T21:33:42.284+0000] {processor.py:914} INFO - Processing file /home/airflow/.local/lib/python3.12/site-packages/airflow/example_dags/example_kubernetes_executor.py for tasks to queue
[2025-06-20T21:33:42.286+0000] {logging_mixin.py:190} INFO - [2025-06-20T21:33:42.286+0000] {dagbag.py:588} INFO - Filling up the DagBag from /home/airflow/.local/lib/python3.12/site-packages/airflow/example_dags/example_kubernetes_executor.py
[2025-06-20T21:33:42.300+0000] {processor.py:925} INFO - DAG(s) 'example_kubernetes_executor' retrieved from /home/airflow/.local/lib/python3.12/site-packages/airflow/example_dags/example_kubernetes_executor.py
[2025-06-20T21:33:42.338+0000] {logging_mixin.py:190} INFO - [2025-06-20T21:33:42.338+0000] {dag.py:3239} INFO - Sync 1 DAGs
[2025-06-20T21:33:42.354+0000] {logging_mixin.py:190} INFO - [2025-06-20T21:33:42.354+0000] {dag.py:4180} INFO - Setting next_dagrun for example_kubernetes_executor to None, run_after=None
[2025-06-20T21:33:42.385+0000] {processor.py:208} INFO - Processing /home/airflow/.local/lib/python3.12/site-packages/airflow/example_dags/example_kubernetes_executor.py took 0.108 seconds
[2025-06-20T21:34:13.901+0000] {processor.py:186} INFO - Started process (PID=1045) to work on /home/airflow/.local/lib/python3.12/site-packages/airflow/example_dags/example_kubernetes_executor.py
[2025-06-20T21:34:13.902+0000] {processor.py:914} INFO - Processing file /home/airflow/.local/lib/python3.12/site-packages/airflow/example_dags/example_kubernetes_executor.py for tasks to queue
[2025-06-20T21:34:13.904+0000] {logging_mixin.py:190} INFO - [2025-06-20T21:34:13.904+0000] {dagbag.py:588} INFO - Filling up the DagBag from /home/airflow/.local/lib/python3.12/site-packages/airflow/example_dags/example_kubernetes_executor.py
[2025-06-20T21:34:13.917+0000] {processor.py:925} INFO - DAG(s) 'example_kubernetes_executor' retrieved from /home/airflow/.local/lib/python3.12/site-packages/airflow/example_dags/example_kubernetes_executor.py
[2025-06-20T21:34:13.955+0000] {logging_mixin.py:190} INFO - [2025-06-20T21:34:13.955+0000] {dag.py:3239} INFO - Sync 1 DAGs
[2025-06-20T21:34:13.969+0000] {logging_mixin.py:190} INFO - [2025-06-20T21:34:13.968+0000] {dag.py:4180} INFO - Setting next_dagrun for example_kubernetes_executor to None, run_after=None
[2025-06-20T21:34:13.994+0000] {processor.py:208} INFO - Processing /home/airflow/.local/lib/python3.12/site-packages/airflow/example_dags/example_kubernetes_executor.py took 0.098 seconds
[2025-06-20T21:34:46.125+0000] {processor.py:186} INFO - Started process (PID=1109) to work on /home/airflow/.local/lib/python3.12/site-packages/airflow/example_dags/example_kubernetes_executor.py
[2025-06-20T21:34:46.126+0000] {processor.py:914} INFO - Processing file /home/airflow/.local/lib/python3.12/site-packages/airflow/example_dags/example_kubernetes_executor.py for tasks to queue
[2025-06-20T21:34:46.128+0000] {logging_mixin.py:190} INFO - [2025-06-20T21:34:46.128+0000] {dagbag.py:588} INFO - Filling up the DagBag from /home/airflow/.local/lib/python3.12/site-packages/airflow/example_dags/example_kubernetes_executor.py
[2025-06-20T21:34:46.141+0000] {processor.py:925} INFO - DAG(s) 'example_kubernetes_executor' retrieved from /home/airflow/.local/lib/python3.12/site-packages/airflow/example_dags/example_kubernetes_executor.py
[2025-06-20T21:34:46.178+0000] {logging_mixin.py:190} INFO - [2025-06-20T21:34:46.178+0000] {dag.py:3239} INFO - Sync 1 DAGs
[2025-06-20T21:34:46.191+0000] {logging_mixin.py:190} INFO - [2025-06-20T21:34:46.191+0000] {dag.py:4180} INFO - Setting next_dagrun for example_kubernetes_executor to None, run_after=None
[2025-06-20T21:34:46.319+0000] {processor.py:208} INFO - Processing /home/airflow/.local/lib/python3.12/site-packages/airflow/example_dags/example_kubernetes_executor.py took 0.198 seconds
[2025-06-20T21:35:17.354+0000] {processor.py:186} INFO - Started process (PID=1173) to work on /home/airflow/.local/lib/python3.12/site-packages/airflow/example_dags/example_kubernetes_executor.py
[2025-06-20T21:35:17.355+0000] {processor.py:914} INFO - Processing file /home/airflow/.local/lib/python3.12/site-packages/airflow/example_dags/example_kubernetes_executor.py for tasks to queue
[2025-06-20T21:35:17.357+0000] {logging_mixin.py:190} INFO - [2025-06-20T21:35:17.357+0000] {dagbag.py:588} INFO - Filling up the DagBag from /home/airflow/.local/lib/python3.12/site-packages/airflow/example_dags/example_kubernetes_executor.py
[2025-06-20T21:35:17.372+0000] {processor.py:925} INFO - DAG(s) 'example_kubernetes_executor' retrieved from /home/airflow/.local/lib/python3.12/site-packages/airflow/example_dags/example_kubernetes_executor.py
[2025-06-20T21:35:17.412+0000] {logging_mixin.py:190} INFO - [2025-06-20T21:35:17.412+0000] {dag.py:3239} INFO - Sync 1 DAGs
[2025-06-20T21:35:17.427+0000] {logging_mixin.py:190} INFO - [2025-06-20T21:35:17.427+0000] {dag.py:4180} INFO - Setting next_dagrun for example_kubernetes_executor to None, run_after=None
[2025-06-20T21:35:17.454+0000] {processor.py:208} INFO - Processing /home/airflow/.local/lib/python3.12/site-packages/airflow/example_dags/example_kubernetes_executor.py took 0.105 seconds
[2025-06-20T21:35:49.155+0000] {processor.py:186} INFO - Started process (PID=1237) to work on /home/airflow/.local/lib/python3.12/site-packages/airflow/example_dags/example_kubernetes_executor.py
[2025-06-20T21:35:49.157+0000] {processor.py:914} INFO - Processing file /home/airflow/.local/lib/python3.12/site-packages/airflow/example_dags/example_kubernetes_executor.py for tasks to queue
[2025-06-20T21:35:49.159+0000] {logging_mixin.py:190} INFO - [2025-06-20T21:35:49.159+0000] {dagbag.py:588} INFO - Filling up the DagBag from /home/airflow/.local/lib/python3.12/site-packages/airflow/example_dags/example_kubernetes_executor.py
[2025-06-20T21:35:49.172+0000] {processor.py:925} INFO - DAG(s) 'example_kubernetes_executor' retrieved from /home/airflow/.local/lib/python3.12/site-packages/airflow/example_dags/example_kubernetes_executor.py
[2025-06-20T21:35:49.211+0000] {logging_mixin.py:190} INFO - [2025-06-20T21:35:49.210+0000] {dag.py:3239} INFO - Sync 1 DAGs
[2025-06-20T21:35:49.224+0000] {logging_mixin.py:190} INFO - [2025-06-20T21:35:49.224+0000] {dag.py:4180} INFO - Setting next_dagrun for example_kubernetes_executor to None, run_after=None
[2025-06-20T21:35:49.251+0000] {processor.py:208} INFO - Processing /home/airflow/.local/lib/python3.12/site-packages/airflow/example_dags/example_kubernetes_executor.py took 0.102 seconds
[2025-06-20T21:36:21.232+0000] {processor.py:186} INFO - Started process (PID=1301) to work on /home/airflow/.local/lib/python3.12/site-packages/airflow/example_dags/example_kubernetes_executor.py
[2025-06-20T21:36:21.233+0000] {processor.py:914} INFO - Processing file /home/airflow/.local/lib/python3.12/site-packages/airflow/example_dags/example_kubernetes_executor.py for tasks to queue
[2025-06-20T21:36:21.236+0000] {logging_mixin.py:190} INFO - [2025-06-20T21:36:21.236+0000] {dagbag.py:588} INFO - Filling up the DagBag from /home/airflow/.local/lib/python3.12/site-packages/airflow/example_dags/example_kubernetes_executor.py
[2025-06-20T21:36:21.251+0000] {processor.py:925} INFO - DAG(s) 'example_kubernetes_executor' retrieved from /home/airflow/.local/lib/python3.12/site-packages/airflow/example_dags/example_kubernetes_executor.py
[2025-06-20T21:36:21.290+0000] {logging_mixin.py:190} INFO - [2025-06-20T21:36:21.290+0000] {dag.py:3239} INFO - Sync 1 DAGs
[2025-06-20T21:36:21.305+0000] {logging_mixin.py:190} INFO - [2025-06-20T21:36:21.305+0000] {dag.py:4180} INFO - Setting next_dagrun for example_kubernetes_executor to None, run_after=None
[2025-06-20T21:36:21.350+0000] {processor.py:208} INFO - Processing /home/airflow/.local/lib/python3.12/site-packages/airflow/example_dags/example_kubernetes_executor.py took 0.125 seconds
[2025-06-20T21:36:51.970+0000] {processor.py:186} INFO - Started process (PID=1365) to work on /home/airflow/.local/lib/python3.12/site-packages/airflow/example_dags/example_kubernetes_executor.py
[2025-06-20T21:36:51.971+0000] {processor.py:914} INFO - Processing file /home/airflow/.local/lib/python3.12/site-packages/airflow/example_dags/example_kubernetes_executor.py for tasks to queue
[2025-06-20T21:36:51.973+0000] {logging_mixin.py:190} INFO - [2025-06-20T21:36:51.973+0000] {dagbag.py:588} INFO - Filling up the DagBag from /home/airflow/.local/lib/python3.12/site-packages/airflow/example_dags/example_kubernetes_executor.py
[2025-06-20T21:36:51.988+0000] {processor.py:925} INFO - DAG(s) 'example_kubernetes_executor' retrieved from /home/airflow/.local/lib/python3.12/site-packages/airflow/example_dags/example_kubernetes_executor.py
[2025-06-20T21:36:52.030+0000] {logging_mixin.py:190} INFO - [2025-06-20T21:36:52.030+0000] {dag.py:3239} INFO - Sync 1 DAGs
[2025-06-20T21:36:52.046+0000] {logging_mixin.py:190} INFO - [2025-06-20T21:36:52.045+0000] {dag.py:4180} INFO - Setting next_dagrun for example_kubernetes_executor to None, run_after=None
[2025-06-20T21:36:52.078+0000] {processor.py:208} INFO - Processing /home/airflow/.local/lib/python3.12/site-packages/airflow/example_dags/example_kubernetes_executor.py took 0.114 seconds
[2025-06-20T21:37:23.194+0000] {processor.py:186} INFO - Started process (PID=1430) to work on /home/airflow/.local/lib/python3.12/site-packages/airflow/example_dags/example_kubernetes_executor.py
[2025-06-20T21:37:23.195+0000] {processor.py:914} INFO - Processing file /home/airflow/.local/lib/python3.12/site-packages/airflow/example_dags/example_kubernetes_executor.py for tasks to queue
[2025-06-20T21:37:23.197+0000] {logging_mixin.py:190} INFO - [2025-06-20T21:37:23.197+0000] {dagbag.py:588} INFO - Filling up the DagBag from /home/airflow/.local/lib/python3.12/site-packages/airflow/example_dags/example_kubernetes_executor.py
[2025-06-20T21:37:23.210+0000] {processor.py:925} INFO - DAG(s) 'example_kubernetes_executor' retrieved from /home/airflow/.local/lib/python3.12/site-packages/airflow/example_dags/example_kubernetes_executor.py
[2025-06-20T21:37:23.245+0000] {logging_mixin.py:190} INFO - [2025-06-20T21:37:23.245+0000] {dag.py:3239} INFO - Sync 1 DAGs
[2025-06-20T21:37:23.261+0000] {logging_mixin.py:190} INFO - [2025-06-20T21:37:23.261+0000] {dag.py:4180} INFO - Setting next_dagrun for example_kubernetes_executor to None, run_after=None
[2025-06-20T21:37:23.293+0000] {processor.py:208} INFO - Processing /home/airflow/.local/lib/python3.12/site-packages/airflow/example_dags/example_kubernetes_executor.py took 0.105 seconds
[2025-06-20T21:37:55.384+0000] {processor.py:186} INFO - Started process (PID=1494) to work on /home/airflow/.local/lib/python3.12/site-packages/airflow/example_dags/example_kubernetes_executor.py
[2025-06-20T21:37:55.385+0000] {processor.py:914} INFO - Processing file /home/airflow/.local/lib/python3.12/site-packages/airflow/example_dags/example_kubernetes_executor.py for tasks to queue
[2025-06-20T21:37:55.388+0000] {logging_mixin.py:190} INFO - [2025-06-20T21:37:55.388+0000] {dagbag.py:588} INFO - Filling up the DagBag from /home/airflow/.local/lib/python3.12/site-packages/airflow/example_dags/example_kubernetes_executor.py
[2025-06-20T21:37:55.406+0000] {processor.py:925} INFO - DAG(s) 'example_kubernetes_executor' retrieved from /home/airflow/.local/lib/python3.12/site-packages/airflow/example_dags/example_kubernetes_executor.py
[2025-06-20T21:37:55.456+0000] {logging_mixin.py:190} INFO - [2025-06-20T21:37:55.455+0000] {dag.py:3239} INFO - Sync 1 DAGs
[2025-06-20T21:37:55.482+0000] {logging_mixin.py:190} INFO - [2025-06-20T21:37:55.482+0000] {dag.py:4180} INFO - Setting next_dagrun for example_kubernetes_executor to None, run_after=None
[2025-06-20T21:37:55.525+0000] {processor.py:208} INFO - Processing /home/airflow/.local/lib/python3.12/site-packages/airflow/example_dags/example_kubernetes_executor.py took 0.147 seconds
[2025-06-20T21:38:28.289+0000] {processor.py:186} INFO - Started process (PID=1564) to work on /home/airflow/.local/lib/python3.12/site-packages/airflow/example_dags/example_kubernetes_executor.py
[2025-06-20T21:38:28.290+0000] {processor.py:914} INFO - Processing file /home/airflow/.local/lib/python3.12/site-packages/airflow/example_dags/example_kubernetes_executor.py for tasks to queue
[2025-06-20T21:38:28.292+0000] {logging_mixin.py:190} INFO - [2025-06-20T21:38:28.292+0000] {dagbag.py:588} INFO - Filling up the DagBag from /home/airflow/.local/lib/python3.12/site-packages/airflow/example_dags/example_kubernetes_executor.py
[2025-06-20T21:38:28.308+0000] {processor.py:925} INFO - DAG(s) 'example_kubernetes_executor' retrieved from /home/airflow/.local/lib/python3.12/site-packages/airflow/example_dags/example_kubernetes_executor.py
[2025-06-20T21:38:28.362+0000] {logging_mixin.py:190} INFO - [2025-06-20T21:38:28.361+0000] {dag.py:3239} INFO - Sync 1 DAGs
[2025-06-20T21:38:28.387+0000] {logging_mixin.py:190} INFO - [2025-06-20T21:38:28.386+0000] {dag.py:4180} INFO - Setting next_dagrun for example_kubernetes_executor to None, run_after=None
[2025-06-20T21:38:28.448+0000] {processor.py:208} INFO - Processing /home/airflow/.local/lib/python3.12/site-packages/airflow/example_dags/example_kubernetes_executor.py took 0.164 seconds
[2025-06-20T21:38:59.407+0000] {processor.py:186} INFO - Started process (PID=1630) to work on /home/airflow/.local/lib/python3.12/site-packages/airflow/example_dags/example_kubernetes_executor.py
[2025-06-20T21:38:59.408+0000] {processor.py:914} INFO - Processing file /home/airflow/.local/lib/python3.12/site-packages/airflow/example_dags/example_kubernetes_executor.py for tasks to queue
[2025-06-20T21:38:59.410+0000] {logging_mixin.py:190} INFO - [2025-06-20T21:38:59.410+0000] {dagbag.py:588} INFO - Filling up the DagBag from /home/airflow/.local/lib/python3.12/site-packages/airflow/example_dags/example_kubernetes_executor.py
[2025-06-20T21:38:59.423+0000] {processor.py:925} INFO - DAG(s) 'example_kubernetes_executor' retrieved from /home/airflow/.local/lib/python3.12/site-packages/airflow/example_dags/example_kubernetes_executor.py
[2025-06-20T21:38:59.465+0000] {logging_mixin.py:190} INFO - [2025-06-20T21:38:59.465+0000] {dag.py:3239} INFO - Sync 1 DAGs
[2025-06-20T21:38:59.482+0000] {logging_mixin.py:190} INFO - [2025-06-20T21:38:59.482+0000] {dag.py:4180} INFO - Setting next_dagrun for example_kubernetes_executor to None, run_after=None
[2025-06-20T21:38:59.525+0000] {processor.py:208} INFO - Processing /home/airflow/.local/lib/python3.12/site-packages/airflow/example_dags/example_kubernetes_executor.py took 0.123 seconds
[2025-06-20T21:39:30.998+0000] {processor.py:186} INFO - Started process (PID=1694) to work on /home/airflow/.local/lib/python3.12/site-packages/airflow/example_dags/example_kubernetes_executor.py
[2025-06-20T21:39:30.999+0000] {processor.py:914} INFO - Processing file /home/airflow/.local/lib/python3.12/site-packages/airflow/example_dags/example_kubernetes_executor.py for tasks to queue
[2025-06-20T21:39:31.002+0000] {logging_mixin.py:190} INFO - [2025-06-20T21:39:31.001+0000] {dagbag.py:588} INFO - Filling up the DagBag from /home/airflow/.local/lib/python3.12/site-packages/airflow/example_dags/example_kubernetes_executor.py
[2025-06-20T21:39:31.017+0000] {processor.py:925} INFO - DAG(s) 'example_kubernetes_executor' retrieved from /home/airflow/.local/lib/python3.12/site-packages/airflow/example_dags/example_kubernetes_executor.py
[2025-06-20T21:39:31.056+0000] {logging_mixin.py:190} INFO - [2025-06-20T21:39:31.056+0000] {dag.py:3239} INFO - Sync 1 DAGs
[2025-06-20T21:39:31.069+0000] {logging_mixin.py:190} INFO - [2025-06-20T21:39:31.069+0000] {dag.py:4180} INFO - Setting next_dagrun for example_kubernetes_executor to None, run_after=None
[2025-06-20T21:39:31.108+0000] {processor.py:208} INFO - Processing /home/airflow/.local/lib/python3.12/site-packages/airflow/example_dags/example_kubernetes_executor.py took 0.115 seconds
[2025-06-20T21:40:03.923+0000] {processor.py:186} INFO - Started process (PID=1766) to work on /home/airflow/.local/lib/python3.12/site-packages/airflow/example_dags/example_kubernetes_executor.py
[2025-06-20T21:40:03.924+0000] {processor.py:914} INFO - Processing file /home/airflow/.local/lib/python3.12/site-packages/airflow/example_dags/example_kubernetes_executor.py for tasks to queue
[2025-06-20T21:40:03.926+0000] {logging_mixin.py:190} INFO - [2025-06-20T21:40:03.926+0000] {dagbag.py:588} INFO - Filling up the DagBag from /home/airflow/.local/lib/python3.12/site-packages/airflow/example_dags/example_kubernetes_executor.py
[2025-06-20T21:40:03.939+0000] {processor.py:925} INFO - DAG(s) 'example_kubernetes_executor' retrieved from /home/airflow/.local/lib/python3.12/site-packages/airflow/example_dags/example_kubernetes_executor.py
[2025-06-20T21:40:03.973+0000] {logging_mixin.py:190} INFO - [2025-06-20T21:40:03.972+0000] {dag.py:3239} INFO - Sync 1 DAGs
[2025-06-20T21:40:03.987+0000] {logging_mixin.py:190} INFO - [2025-06-20T21:40:03.987+0000] {dag.py:4180} INFO - Setting next_dagrun for example_kubernetes_executor to None, run_after=None
[2025-06-20T21:40:04.015+0000] {processor.py:208} INFO - Processing /home/airflow/.local/lib/python3.12/site-packages/airflow/example_dags/example_kubernetes_executor.py took 0.097 seconds
[2025-06-20T21:40:35.129+0000] {processor.py:186} INFO - Started process (PID=1835) to work on /home/airflow/.local/lib/python3.12/site-packages/airflow/example_dags/example_kubernetes_executor.py
[2025-06-20T21:40:35.130+0000] {processor.py:914} INFO - Processing file /home/airflow/.local/lib/python3.12/site-packages/airflow/example_dags/example_kubernetes_executor.py for tasks to queue
[2025-06-20T21:40:35.132+0000] {logging_mixin.py:190} INFO - [2025-06-20T21:40:35.132+0000] {dagbag.py:588} INFO - Filling up the DagBag from /home/airflow/.local/lib/python3.12/site-packages/airflow/example_dags/example_kubernetes_executor.py
[2025-06-20T21:40:35.146+0000] {processor.py:925} INFO - DAG(s) 'example_kubernetes_executor' retrieved from /home/airflow/.local/lib/python3.12/site-packages/airflow/example_dags/example_kubernetes_executor.py
[2025-06-20T21:40:35.180+0000] {logging_mixin.py:190} INFO - [2025-06-20T21:40:35.180+0000] {dag.py:3239} INFO - Sync 1 DAGs
[2025-06-20T21:40:35.194+0000] {logging_mixin.py:190} INFO - [2025-06-20T21:40:35.194+0000] {dag.py:4180} INFO - Setting next_dagrun for example_kubernetes_executor to None, run_after=None
[2025-06-20T21:40:35.219+0000] {processor.py:208} INFO - Processing /home/airflow/.local/lib/python3.12/site-packages/airflow/example_dags/example_kubernetes_executor.py took 0.095 seconds
[2025-06-20T21:41:05.791+0000] {processor.py:186} INFO - Started process (PID=1899) to work on /home/airflow/.local/lib/python3.12/site-packages/airflow/example_dags/example_kubernetes_executor.py
[2025-06-20T21:41:05.792+0000] {processor.py:914} INFO - Processing file /home/airflow/.local/lib/python3.12/site-packages/airflow/example_dags/example_kubernetes_executor.py for tasks to queue
[2025-06-20T21:41:05.795+0000] {logging_mixin.py:190} INFO - [2025-06-20T21:41:05.794+0000] {dagbag.py:588} INFO - Filling up the DagBag from /home/airflow/.local/lib/python3.12/site-packages/airflow/example_dags/example_kubernetes_executor.py
[2025-06-20T21:41:05.810+0000] {processor.py:925} INFO - DAG(s) 'example_kubernetes_executor' retrieved from /home/airflow/.local/lib/python3.12/site-packages/airflow/example_dags/example_kubernetes_executor.py
[2025-06-20T21:41:05.861+0000] {logging_mixin.py:190} INFO - [2025-06-20T21:41:05.861+0000] {dag.py:3239} INFO - Sync 1 DAGs
[2025-06-20T21:41:05.877+0000] {logging_mixin.py:190} INFO - [2025-06-20T21:41:05.877+0000] {dag.py:4180} INFO - Setting next_dagrun for example_kubernetes_executor to None, run_after=None
[2025-06-20T21:41:05.907+0000] {processor.py:208} INFO - Processing /home/airflow/.local/lib/python3.12/site-packages/airflow/example_dags/example_kubernetes_executor.py took 0.121 seconds
[2025-06-20T21:41:37.270+0000] {processor.py:186} INFO - Started process (PID=1970) to work on /home/airflow/.local/lib/python3.12/site-packages/airflow/example_dags/example_kubernetes_executor.py
[2025-06-20T21:41:37.271+0000] {processor.py:914} INFO - Processing file /home/airflow/.local/lib/python3.12/site-packages/airflow/example_dags/example_kubernetes_executor.py for tasks to queue
[2025-06-20T21:41:37.274+0000] {logging_mixin.py:190} INFO - [2025-06-20T21:41:37.273+0000] {dagbag.py:588} INFO - Filling up the DagBag from /home/airflow/.local/lib/python3.12/site-packages/airflow/example_dags/example_kubernetes_executor.py
[2025-06-20T21:41:37.290+0000] {processor.py:925} INFO - DAG(s) 'example_kubernetes_executor' retrieved from /home/airflow/.local/lib/python3.12/site-packages/airflow/example_dags/example_kubernetes_executor.py
[2025-06-20T21:41:37.325+0000] {logging_mixin.py:190} INFO - [2025-06-20T21:41:37.325+0000] {dag.py:3239} INFO - Sync 1 DAGs
[2025-06-20T21:41:37.338+0000] {logging_mixin.py:190} INFO - [2025-06-20T21:41:37.338+0000] {dag.py:4180} INFO - Setting next_dagrun for example_kubernetes_executor to None, run_after=None
[2025-06-20T21:41:37.401+0000] {processor.py:208} INFO - Processing /home/airflow/.local/lib/python3.12/site-packages/airflow/example_dags/example_kubernetes_executor.py took 0.140 seconds
[2025-06-20T21:42:09.911+0000] {processor.py:186} INFO - Started process (PID=2040) to work on /home/airflow/.local/lib/python3.12/site-packages/airflow/example_dags/example_kubernetes_executor.py
[2025-06-20T21:42:09.912+0000] {processor.py:914} INFO - Processing file /home/airflow/.local/lib/python3.12/site-packages/airflow/example_dags/example_kubernetes_executor.py for tasks to queue
[2025-06-20T21:42:09.914+0000] {logging_mixin.py:190} INFO - [2025-06-20T21:42:09.914+0000] {dagbag.py:588} INFO - Filling up the DagBag from /home/airflow/.local/lib/python3.12/site-packages/airflow/example_dags/example_kubernetes_executor.py
[2025-06-20T21:42:09.926+0000] {processor.py:925} INFO - DAG(s) 'example_kubernetes_executor' retrieved from /home/airflow/.local/lib/python3.12/site-packages/airflow/example_dags/example_kubernetes_executor.py
[2025-06-20T21:42:09.961+0000] {logging_mixin.py:190} INFO - [2025-06-20T21:42:09.961+0000] {dag.py:3239} INFO - Sync 1 DAGs
[2025-06-20T21:42:09.975+0000] {logging_mixin.py:190} INFO - [2025-06-20T21:42:09.975+0000] {dag.py:4180} INFO - Setting next_dagrun for example_kubernetes_executor to None, run_after=None
[2025-06-20T21:42:10.002+0000] {processor.py:208} INFO - Processing /home/airflow/.local/lib/python3.12/site-packages/airflow/example_dags/example_kubernetes_executor.py took 0.096 seconds
[2025-06-20T21:42:40.978+0000] {processor.py:186} INFO - Started process (PID=2104) to work on /home/airflow/.local/lib/python3.12/site-packages/airflow/example_dags/example_kubernetes_executor.py
[2025-06-20T21:42:40.979+0000] {processor.py:914} INFO - Processing file /home/airflow/.local/lib/python3.12/site-packages/airflow/example_dags/example_kubernetes_executor.py for tasks to queue
[2025-06-20T21:42:40.982+0000] {logging_mixin.py:190} INFO - [2025-06-20T21:42:40.981+0000] {dagbag.py:588} INFO - Filling up the DagBag from /home/airflow/.local/lib/python3.12/site-packages/airflow/example_dags/example_kubernetes_executor.py
[2025-06-20T21:42:40.997+0000] {processor.py:925} INFO - DAG(s) 'example_kubernetes_executor' retrieved from /home/airflow/.local/lib/python3.12/site-packages/airflow/example_dags/example_kubernetes_executor.py
[2025-06-20T21:42:41.035+0000] {logging_mixin.py:190} INFO - [2025-06-20T21:42:41.035+0000] {dag.py:3239} INFO - Sync 1 DAGs
[2025-06-20T21:42:41.049+0000] {logging_mixin.py:190} INFO - [2025-06-20T21:42:41.049+0000] {dag.py:4180} INFO - Setting next_dagrun for example_kubernetes_executor to None, run_after=None
[2025-06-20T21:42:41.074+0000] {processor.py:208} INFO - Processing /home/airflow/.local/lib/python3.12/site-packages/airflow/example_dags/example_kubernetes_executor.py took 0.101 seconds
[2025-06-20T21:43:13.199+0000] {processor.py:186} INFO - Started process (PID=2168) to work on /home/airflow/.local/lib/python3.12/site-packages/airflow/example_dags/example_kubernetes_executor.py
[2025-06-20T21:43:13.202+0000] {processor.py:914} INFO - Processing file /home/airflow/.local/lib/python3.12/site-packages/airflow/example_dags/example_kubernetes_executor.py for tasks to queue
[2025-06-20T21:43:13.206+0000] {logging_mixin.py:190} INFO - [2025-06-20T21:43:13.205+0000] {dagbag.py:588} INFO - Filling up the DagBag from /home/airflow/.local/lib/python3.12/site-packages/airflow/example_dags/example_kubernetes_executor.py
[2025-06-20T21:43:13.232+0000] {processor.py:925} INFO - DAG(s) 'example_kubernetes_executor' retrieved from /home/airflow/.local/lib/python3.12/site-packages/airflow/example_dags/example_kubernetes_executor.py
[2025-06-20T21:43:13.291+0000] {logging_mixin.py:190} INFO - [2025-06-20T21:43:13.291+0000] {dag.py:3239} INFO - Sync 1 DAGs
[2025-06-20T21:43:13.309+0000] {logging_mixin.py:190} INFO - [2025-06-20T21:43:13.309+0000] {dag.py:4180} INFO - Setting next_dagrun for example_kubernetes_executor to None, run_after=None
[2025-06-20T21:43:13.337+0000] {processor.py:208} INFO - Processing /home/airflow/.local/lib/python3.12/site-packages/airflow/example_dags/example_kubernetes_executor.py took 0.147 seconds
[2025-06-20T21:43:44.425+0000] {processor.py:186} INFO - Started process (PID=2234) to work on /home/airflow/.local/lib/python3.12/site-packages/airflow/example_dags/example_kubernetes_executor.py
[2025-06-20T21:43:44.427+0000] {processor.py:914} INFO - Processing file /home/airflow/.local/lib/python3.12/site-packages/airflow/example_dags/example_kubernetes_executor.py for tasks to queue
[2025-06-20T21:43:44.429+0000] {logging_mixin.py:190} INFO - [2025-06-20T21:43:44.429+0000] {dagbag.py:588} INFO - Filling up the DagBag from /home/airflow/.local/lib/python3.12/site-packages/airflow/example_dags/example_kubernetes_executor.py
[2025-06-20T21:43:44.442+0000] {processor.py:925} INFO - DAG(s) 'example_kubernetes_executor' retrieved from /home/airflow/.local/lib/python3.12/site-packages/airflow/example_dags/example_kubernetes_executor.py
[2025-06-20T21:43:44.479+0000] {logging_mixin.py:190} INFO - [2025-06-20T21:43:44.479+0000] {dag.py:3239} INFO - Sync 1 DAGs
[2025-06-20T21:43:44.495+0000] {logging_mixin.py:190} INFO - [2025-06-20T21:43:44.495+0000] {dag.py:4180} INFO - Setting next_dagrun for example_kubernetes_executor to None, run_after=None
[2025-06-20T21:43:44.527+0000] {processor.py:208} INFO - Processing /home/airflow/.local/lib/python3.12/site-packages/airflow/example_dags/example_kubernetes_executor.py took 0.107 seconds
[2025-06-20T21:44:15.772+0000] {processor.py:186} INFO - Started process (PID=2304) to work on /home/airflow/.local/lib/python3.12/site-packages/airflow/example_dags/example_kubernetes_executor.py
[2025-06-20T21:44:15.774+0000] {processor.py:914} INFO - Processing file /home/airflow/.local/lib/python3.12/site-packages/airflow/example_dags/example_kubernetes_executor.py for tasks to queue
[2025-06-20T21:44:15.776+0000] {logging_mixin.py:190} INFO - [2025-06-20T21:44:15.776+0000] {dagbag.py:588} INFO - Filling up the DagBag from /home/airflow/.local/lib/python3.12/site-packages/airflow/example_dags/example_kubernetes_executor.py
[2025-06-20T21:44:15.790+0000] {processor.py:925} INFO - DAG(s) 'example_kubernetes_executor' retrieved from /home/airflow/.local/lib/python3.12/site-packages/airflow/example_dags/example_kubernetes_executor.py
[2025-06-20T21:44:15.825+0000] {logging_mixin.py:190} INFO - [2025-06-20T21:44:15.825+0000] {dag.py:3239} INFO - Sync 1 DAGs
[2025-06-20T21:44:15.838+0000] {logging_mixin.py:190} INFO - [2025-06-20T21:44:15.838+0000] {dag.py:4180} INFO - Setting next_dagrun for example_kubernetes_executor to None, run_after=None
[2025-06-20T21:44:15.924+0000] {processor.py:208} INFO - Processing /home/airflow/.local/lib/python3.12/site-packages/airflow/example_dags/example_kubernetes_executor.py took 0.158 seconds
[2025-06-20T21:44:47.180+0000] {processor.py:186} INFO - Started process (PID=2368) to work on /home/airflow/.local/lib/python3.12/site-packages/airflow/example_dags/example_kubernetes_executor.py
[2025-06-20T21:44:47.181+0000] {processor.py:914} INFO - Processing file /home/airflow/.local/lib/python3.12/site-packages/airflow/example_dags/example_kubernetes_executor.py for tasks to queue
[2025-06-20T21:44:47.185+0000] {logging_mixin.py:190} INFO - [2025-06-20T21:44:47.184+0000] {dagbag.py:588} INFO - Filling up the DagBag from /home/airflow/.local/lib/python3.12/site-packages/airflow/example_dags/example_kubernetes_executor.py
[2025-06-20T21:44:47.199+0000] {processor.py:925} INFO - DAG(s) 'example_kubernetes_executor' retrieved from /home/airflow/.local/lib/python3.12/site-packages/airflow/example_dags/example_kubernetes_executor.py
[2025-06-20T21:44:47.240+0000] {logging_mixin.py:190} INFO - [2025-06-20T21:44:47.239+0000] {dag.py:3239} INFO - Sync 1 DAGs
[2025-06-20T21:44:47.257+0000] {logging_mixin.py:190} INFO - [2025-06-20T21:44:47.257+0000] {dag.py:4180} INFO - Setting next_dagrun for example_kubernetes_executor to None, run_after=None
[2025-06-20T21:44:47.290+0000] {processor.py:208} INFO - Processing /home/airflow/.local/lib/python3.12/site-packages/airflow/example_dags/example_kubernetes_executor.py took 0.116 seconds
[2025-06-20T21:45:19.537+0000] {processor.py:186} INFO - Started process (PID=2433) to work on /home/airflow/.local/lib/python3.12/site-packages/airflow/example_dags/example_kubernetes_executor.py
[2025-06-20T21:45:19.538+0000] {processor.py:914} INFO - Processing file /home/airflow/.local/lib/python3.12/site-packages/airflow/example_dags/example_kubernetes_executor.py for tasks to queue
[2025-06-20T21:45:19.541+0000] {logging_mixin.py:190} INFO - [2025-06-20T21:45:19.540+0000] {dagbag.py:588} INFO - Filling up the DagBag from /home/airflow/.local/lib/python3.12/site-packages/airflow/example_dags/example_kubernetes_executor.py
[2025-06-20T21:45:19.553+0000] {processor.py:925} INFO - DAG(s) 'example_kubernetes_executor' retrieved from /home/airflow/.local/lib/python3.12/site-packages/airflow/example_dags/example_kubernetes_executor.py
[2025-06-20T21:45:19.607+0000] {logging_mixin.py:190} INFO - [2025-06-20T21:45:19.607+0000] {dag.py:3239} INFO - Sync 1 DAGs
[2025-06-20T21:45:19.631+0000] {logging_mixin.py:190} INFO - [2025-06-20T21:45:19.631+0000] {dag.py:4180} INFO - Setting next_dagrun for example_kubernetes_executor to None, run_after=None
[2025-06-20T21:45:19.708+0000] {processor.py:208} INFO - Processing /home/airflow/.local/lib/python3.12/site-packages/airflow/example_dags/example_kubernetes_executor.py took 0.176 seconds
[2025-06-20T21:45:51.814+0000] {processor.py:186} INFO - Started process (PID=2497) to work on /home/airflow/.local/lib/python3.12/site-packages/airflow/example_dags/example_kubernetes_executor.py
[2025-06-20T21:45:51.816+0000] {processor.py:914} INFO - Processing file /home/airflow/.local/lib/python3.12/site-packages/airflow/example_dags/example_kubernetes_executor.py for tasks to queue
[2025-06-20T21:45:51.818+0000] {logging_mixin.py:190} INFO - [2025-06-20T21:45:51.818+0000] {dagbag.py:588} INFO - Filling up the DagBag from /home/airflow/.local/lib/python3.12/site-packages/airflow/example_dags/example_kubernetes_executor.py
[2025-06-20T21:45:51.832+0000] {processor.py:925} INFO - DAG(s) 'example_kubernetes_executor' retrieved from /home/airflow/.local/lib/python3.12/site-packages/airflow/example_dags/example_kubernetes_executor.py
[2025-06-20T21:45:51.880+0000] {logging_mixin.py:190} INFO - [2025-06-20T21:45:51.880+0000] {dag.py:3239} INFO - Sync 1 DAGs
[2025-06-20T21:45:51.895+0000] {logging_mixin.py:190} INFO - [2025-06-20T21:45:51.895+0000] {dag.py:4180} INFO - Setting next_dagrun for example_kubernetes_executor to None, run_after=None
[2025-06-20T21:45:51.969+0000] {processor.py:208} INFO - Processing /home/airflow/.local/lib/python3.12/site-packages/airflow/example_dags/example_kubernetes_executor.py took 0.160 seconds
[2025-06-20T21:46:23.094+0000] {processor.py:186} INFO - Started process (PID=2561) to work on /home/airflow/.local/lib/python3.12/site-packages/airflow/example_dags/example_kubernetes_executor.py
[2025-06-20T21:46:23.095+0000] {processor.py:914} INFO - Processing file /home/airflow/.local/lib/python3.12/site-packages/airflow/example_dags/example_kubernetes_executor.py for tasks to queue
[2025-06-20T21:46:23.098+0000] {logging_mixin.py:190} INFO - [2025-06-20T21:46:23.097+0000] {dagbag.py:588} INFO - Filling up the DagBag from /home/airflow/.local/lib/python3.12/site-packages/airflow/example_dags/example_kubernetes_executor.py
[2025-06-20T21:46:23.114+0000] {processor.py:925} INFO - DAG(s) 'example_kubernetes_executor' retrieved from /home/airflow/.local/lib/python3.12/site-packages/airflow/example_dags/example_kubernetes_executor.py
[2025-06-20T21:46:23.150+0000] {logging_mixin.py:190} INFO - [2025-06-20T21:46:23.150+0000] {dag.py:3239} INFO - Sync 1 DAGs
[2025-06-20T21:46:23.166+0000] {logging_mixin.py:190} INFO - [2025-06-20T21:46:23.166+0000] {dag.py:4180} INFO - Setting next_dagrun for example_kubernetes_executor to None, run_after=None
[2025-06-20T21:46:23.205+0000] {processor.py:208} INFO - Processing /home/airflow/.local/lib/python3.12/site-packages/airflow/example_dags/example_kubernetes_executor.py took 0.116 seconds
[2025-06-20T21:46:53.956+0000] {processor.py:186} INFO - Started process (PID=2625) to work on /home/airflow/.local/lib/python3.12/site-packages/airflow/example_dags/example_kubernetes_executor.py
[2025-06-20T21:46:53.957+0000] {processor.py:914} INFO - Processing file /home/airflow/.local/lib/python3.12/site-packages/airflow/example_dags/example_kubernetes_executor.py for tasks to queue
[2025-06-20T21:46:53.959+0000] {logging_mixin.py:190} INFO - [2025-06-20T21:46:53.959+0000] {dagbag.py:588} INFO - Filling up the DagBag from /home/airflow/.local/lib/python3.12/site-packages/airflow/example_dags/example_kubernetes_executor.py
[2025-06-20T21:46:53.971+0000] {processor.py:925} INFO - DAG(s) 'example_kubernetes_executor' retrieved from /home/airflow/.local/lib/python3.12/site-packages/airflow/example_dags/example_kubernetes_executor.py
[2025-06-20T21:46:54.007+0000] {logging_mixin.py:190} INFO - [2025-06-20T21:46:54.007+0000] {dag.py:3239} INFO - Sync 1 DAGs
[2025-06-20T21:46:54.021+0000] {logging_mixin.py:190} INFO - [2025-06-20T21:46:54.020+0000] {dag.py:4180} INFO - Setting next_dagrun for example_kubernetes_executor to None, run_after=None
[2025-06-20T21:46:54.056+0000] {processor.py:208} INFO - Processing /home/airflow/.local/lib/python3.12/site-packages/airflow/example_dags/example_kubernetes_executor.py took 0.105 seconds
[2025-06-20T21:47:25.088+0000] {processor.py:186} INFO - Started process (PID=2688) to work on /home/airflow/.local/lib/python3.12/site-packages/airflow/example_dags/example_kubernetes_executor.py
[2025-06-20T21:47:25.089+0000] {processor.py:914} INFO - Processing file /home/airflow/.local/lib/python3.12/site-packages/airflow/example_dags/example_kubernetes_executor.py for tasks to queue
[2025-06-20T21:47:25.092+0000] {logging_mixin.py:190} INFO - [2025-06-20T21:47:25.091+0000] {dagbag.py:588} INFO - Filling up the DagBag from /home/airflow/.local/lib/python3.12/site-packages/airflow/example_dags/example_kubernetes_executor.py
[2025-06-20T21:47:25.111+0000] {processor.py:925} INFO - DAG(s) 'example_kubernetes_executor' retrieved from /home/airflow/.local/lib/python3.12/site-packages/airflow/example_dags/example_kubernetes_executor.py
[2025-06-20T21:47:25.155+0000] {logging_mixin.py:190} INFO - [2025-06-20T21:47:25.154+0000] {dag.py:3239} INFO - Sync 1 DAGs
[2025-06-20T21:47:25.171+0000] {logging_mixin.py:190} INFO - [2025-06-20T21:47:25.171+0000] {dag.py:4180} INFO - Setting next_dagrun for example_kubernetes_executor to None, run_after=None
[2025-06-20T21:47:25.198+0000] {processor.py:208} INFO - Processing /home/airflow/.local/lib/python3.12/site-packages/airflow/example_dags/example_kubernetes_executor.py took 0.118 seconds
[2025-06-20T21:47:57.397+0000] {processor.py:186} INFO - Started process (PID=2753) to work on /home/airflow/.local/lib/python3.12/site-packages/airflow/example_dags/example_kubernetes_executor.py
[2025-06-20T21:47:57.398+0000] {processor.py:914} INFO - Processing file /home/airflow/.local/lib/python3.12/site-packages/airflow/example_dags/example_kubernetes_executor.py for tasks to queue
[2025-06-20T21:47:57.400+0000] {logging_mixin.py:190} INFO - [2025-06-20T21:47:57.400+0000] {dagbag.py:588} INFO - Filling up the DagBag from /home/airflow/.local/lib/python3.12/site-packages/airflow/example_dags/example_kubernetes_executor.py
[2025-06-20T21:47:57.413+0000] {processor.py:925} INFO - DAG(s) 'example_kubernetes_executor' retrieved from /home/airflow/.local/lib/python3.12/site-packages/airflow/example_dags/example_kubernetes_executor.py
[2025-06-20T21:47:57.449+0000] {logging_mixin.py:190} INFO - [2025-06-20T21:47:57.449+0000] {dag.py:3239} INFO - Sync 1 DAGs
[2025-06-20T21:47:57.464+0000] {logging_mixin.py:190} INFO - [2025-06-20T21:47:57.464+0000] {dag.py:4180} INFO - Setting next_dagrun for example_kubernetes_executor to None, run_after=None
[2025-06-20T21:47:57.493+0000] {processor.py:208} INFO - Processing /home/airflow/.local/lib/python3.12/site-packages/airflow/example_dags/example_kubernetes_executor.py took 0.102 seconds
[2025-06-20T21:48:28.419+0000] {processor.py:186} INFO - Started process (PID=2817) to work on /home/airflow/.local/lib/python3.12/site-packages/airflow/example_dags/example_kubernetes_executor.py
[2025-06-20T21:48:28.420+0000] {processor.py:914} INFO - Processing file /home/airflow/.local/lib/python3.12/site-packages/airflow/example_dags/example_kubernetes_executor.py for tasks to queue
[2025-06-20T21:48:28.422+0000] {logging_mixin.py:190} INFO - [2025-06-20T21:48:28.422+0000] {dagbag.py:588} INFO - Filling up the DagBag from /home/airflow/.local/lib/python3.12/site-packages/airflow/example_dags/example_kubernetes_executor.py
[2025-06-20T21:48:28.436+0000] {processor.py:925} INFO - DAG(s) 'example_kubernetes_executor' retrieved from /home/airflow/.local/lib/python3.12/site-packages/airflow/example_dags/example_kubernetes_executor.py
[2025-06-20T21:48:28.479+0000] {logging_mixin.py:190} INFO - [2025-06-20T21:48:28.479+0000] {dag.py:3239} INFO - Sync 1 DAGs
[2025-06-20T21:48:28.492+0000] {logging_mixin.py:190} INFO - [2025-06-20T21:48:28.492+0000] {dag.py:4180} INFO - Setting next_dagrun for example_kubernetes_executor to None, run_after=None
[2025-06-20T21:48:28.524+0000] {processor.py:208} INFO - Processing /home/airflow/.local/lib/python3.12/site-packages/airflow/example_dags/example_kubernetes_executor.py took 0.112 seconds
[2025-06-20T21:48:59.755+0000] {processor.py:186} INFO - Started process (PID=2881) to work on /home/airflow/.local/lib/python3.12/site-packages/airflow/example_dags/example_kubernetes_executor.py
[2025-06-20T21:48:59.756+0000] {processor.py:914} INFO - Processing file /home/airflow/.local/lib/python3.12/site-packages/airflow/example_dags/example_kubernetes_executor.py for tasks to queue
[2025-06-20T21:48:59.759+0000] {logging_mixin.py:190} INFO - [2025-06-20T21:48:59.759+0000] {dagbag.py:588} INFO - Filling up the DagBag from /home/airflow/.local/lib/python3.12/site-packages/airflow/example_dags/example_kubernetes_executor.py
[2025-06-20T21:48:59.778+0000] {processor.py:925} INFO - DAG(s) 'example_kubernetes_executor' retrieved from /home/airflow/.local/lib/python3.12/site-packages/airflow/example_dags/example_kubernetes_executor.py
[2025-06-20T21:48:59.831+0000] {logging_mixin.py:190} INFO - [2025-06-20T21:48:59.830+0000] {dag.py:3239} INFO - Sync 1 DAGs
[2025-06-20T21:48:59.850+0000] {logging_mixin.py:190} INFO - [2025-06-20T21:48:59.850+0000] {dag.py:4180} INFO - Setting next_dagrun for example_kubernetes_executor to None, run_after=None
[2025-06-20T21:48:59.878+0000] {processor.py:208} INFO - Processing /home/airflow/.local/lib/python3.12/site-packages/airflow/example_dags/example_kubernetes_executor.py took 0.130 seconds
[2025-06-20T21:49:30.648+0000] {processor.py:186} INFO - Started process (PID=2944) to work on /home/airflow/.local/lib/python3.12/site-packages/airflow/example_dags/example_kubernetes_executor.py
[2025-06-20T21:49:30.649+0000] {processor.py:914} INFO - Processing file /home/airflow/.local/lib/python3.12/site-packages/airflow/example_dags/example_kubernetes_executor.py for tasks to queue
[2025-06-20T21:49:30.652+0000] {logging_mixin.py:190} INFO - [2025-06-20T21:49:30.652+0000] {dagbag.py:588} INFO - Filling up the DagBag from /home/airflow/.local/lib/python3.12/site-packages/airflow/example_dags/example_kubernetes_executor.py
[2025-06-20T21:49:30.665+0000] {processor.py:925} INFO - DAG(s) 'example_kubernetes_executor' retrieved from /home/airflow/.local/lib/python3.12/site-packages/airflow/example_dags/example_kubernetes_executor.py
[2025-06-20T21:49:30.703+0000] {logging_mixin.py:190} INFO - [2025-06-20T21:49:30.703+0000] {dag.py:3239} INFO - Sync 1 DAGs
[2025-06-20T21:49:30.725+0000] {logging_mixin.py:190} INFO - [2025-06-20T21:49:30.725+0000] {dag.py:4180} INFO - Setting next_dagrun for example_kubernetes_executor to None, run_after=None
[2025-06-20T21:49:30.757+0000] {processor.py:208} INFO - Processing /home/airflow/.local/lib/python3.12/site-packages/airflow/example_dags/example_kubernetes_executor.py took 0.114 seconds
[2025-06-20T21:50:02.371+0000] {processor.py:186} INFO - Started process (PID=3008) to work on /home/airflow/.local/lib/python3.12/site-packages/airflow/example_dags/example_kubernetes_executor.py
[2025-06-20T21:50:02.372+0000] {processor.py:914} INFO - Processing file /home/airflow/.local/lib/python3.12/site-packages/airflow/example_dags/example_kubernetes_executor.py for tasks to queue
[2025-06-20T21:50:02.374+0000] {logging_mixin.py:190} INFO - [2025-06-20T21:50:02.374+0000] {dagbag.py:588} INFO - Filling up the DagBag from /home/airflow/.local/lib/python3.12/site-packages/airflow/example_dags/example_kubernetes_executor.py
[2025-06-20T21:50:02.386+0000] {processor.py:925} INFO - DAG(s) 'example_kubernetes_executor' retrieved from /home/airflow/.local/lib/python3.12/site-packages/airflow/example_dags/example_kubernetes_executor.py
[2025-06-20T21:50:02.420+0000] {logging_mixin.py:190} INFO - [2025-06-20T21:50:02.420+0000] {dag.py:3239} INFO - Sync 1 DAGs
[2025-06-20T21:50:02.434+0000] {logging_mixin.py:190} INFO - [2025-06-20T21:50:02.434+0000] {dag.py:4180} INFO - Setting next_dagrun for example_kubernetes_executor to None, run_after=None
[2025-06-20T21:50:02.462+0000] {processor.py:208} INFO - Processing /home/airflow/.local/lib/python3.12/site-packages/airflow/example_dags/example_kubernetes_executor.py took 0.096 seconds
[2025-06-20T21:50:35.113+0000] {processor.py:186} INFO - Started process (PID=3073) to work on /home/airflow/.local/lib/python3.12/site-packages/airflow/example_dags/example_kubernetes_executor.py
[2025-06-20T21:50:35.114+0000] {processor.py:914} INFO - Processing file /home/airflow/.local/lib/python3.12/site-packages/airflow/example_dags/example_kubernetes_executor.py for tasks to queue
[2025-06-20T21:50:35.117+0000] {logging_mixin.py:190} INFO - [2025-06-20T21:50:35.116+0000] {dagbag.py:588} INFO - Filling up the DagBag from /home/airflow/.local/lib/python3.12/site-packages/airflow/example_dags/example_kubernetes_executor.py
[2025-06-20T21:50:35.129+0000] {processor.py:925} INFO - DAG(s) 'example_kubernetes_executor' retrieved from /home/airflow/.local/lib/python3.12/site-packages/airflow/example_dags/example_kubernetes_executor.py
[2025-06-20T21:50:35.161+0000] {logging_mixin.py:190} INFO - [2025-06-20T21:50:35.161+0000] {dag.py:3239} INFO - Sync 1 DAGs
[2025-06-20T21:50:35.174+0000] {logging_mixin.py:190} INFO - [2025-06-20T21:50:35.174+0000] {dag.py:4180} INFO - Setting next_dagrun for example_kubernetes_executor to None, run_after=None
[2025-06-20T21:50:35.203+0000] {processor.py:208} INFO - Processing /home/airflow/.local/lib/python3.12/site-packages/airflow/example_dags/example_kubernetes_executor.py took 0.095 seconds
[2025-06-20T21:51:08.581+0000] {processor.py:186} INFO - Started process (PID=3139) to work on /home/airflow/.local/lib/python3.12/site-packages/airflow/example_dags/example_kubernetes_executor.py
[2025-06-20T21:51:08.582+0000] {processor.py:914} INFO - Processing file /home/airflow/.local/lib/python3.12/site-packages/airflow/example_dags/example_kubernetes_executor.py for tasks to queue
[2025-06-20T21:51:08.584+0000] {logging_mixin.py:190} INFO - [2025-06-20T21:51:08.584+0000] {dagbag.py:588} INFO - Filling up the DagBag from /home/airflow/.local/lib/python3.12/site-packages/airflow/example_dags/example_kubernetes_executor.py
[2025-06-20T21:51:08.597+0000] {processor.py:925} INFO - DAG(s) 'example_kubernetes_executor' retrieved from /home/airflow/.local/lib/python3.12/site-packages/airflow/example_dags/example_kubernetes_executor.py
[2025-06-20T21:51:08.638+0000] {logging_mixin.py:190} INFO - [2025-06-20T21:51:08.638+0000] {dag.py:3239} INFO - Sync 1 DAGs
[2025-06-20T21:51:08.657+0000] {logging_mixin.py:190} INFO - [2025-06-20T21:51:08.657+0000] {dag.py:4180} INFO - Setting next_dagrun for example_kubernetes_executor to None, run_after=None
[2025-06-20T21:51:08.692+0000] {processor.py:208} INFO - Processing /home/airflow/.local/lib/python3.12/site-packages/airflow/example_dags/example_kubernetes_executor.py took 0.116 seconds
[2025-06-20T21:51:41.582+0000] {processor.py:186} INFO - Started process (PID=3204) to work on /home/airflow/.local/lib/python3.12/site-packages/airflow/example_dags/example_kubernetes_executor.py
[2025-06-20T21:51:41.583+0000] {processor.py:914} INFO - Processing file /home/airflow/.local/lib/python3.12/site-packages/airflow/example_dags/example_kubernetes_executor.py for tasks to queue
[2025-06-20T21:51:41.586+0000] {logging_mixin.py:190} INFO - [2025-06-20T21:51:41.585+0000] {dagbag.py:588} INFO - Filling up the DagBag from /home/airflow/.local/lib/python3.12/site-packages/airflow/example_dags/example_kubernetes_executor.py
[2025-06-20T21:51:41.598+0000] {processor.py:925} INFO - DAG(s) 'example_kubernetes_executor' retrieved from /home/airflow/.local/lib/python3.12/site-packages/airflow/example_dags/example_kubernetes_executor.py
[2025-06-20T21:51:41.767+0000] {logging_mixin.py:190} INFO - [2025-06-20T21:51:41.766+0000] {dag.py:3239} INFO - Sync 1 DAGs
[2025-06-20T21:51:41.779+0000] {logging_mixin.py:190} INFO - [2025-06-20T21:51:41.778+0000] {dag.py:4180} INFO - Setting next_dagrun for example_kubernetes_executor to None, run_after=None
[2025-06-20T21:51:41.834+0000] {processor.py:208} INFO - Processing /home/airflow/.local/lib/python3.12/site-packages/airflow/example_dags/example_kubernetes_executor.py took 0.258 seconds
[2025-06-20T21:52:12.584+0000] {processor.py:186} INFO - Started process (PID=3268) to work on /home/airflow/.local/lib/python3.12/site-packages/airflow/example_dags/example_kubernetes_executor.py
[2025-06-20T21:52:12.585+0000] {processor.py:914} INFO - Processing file /home/airflow/.local/lib/python3.12/site-packages/airflow/example_dags/example_kubernetes_executor.py for tasks to queue
[2025-06-20T21:52:12.588+0000] {logging_mixin.py:190} INFO - [2025-06-20T21:52:12.587+0000] {dagbag.py:588} INFO - Filling up the DagBag from /home/airflow/.local/lib/python3.12/site-packages/airflow/example_dags/example_kubernetes_executor.py
[2025-06-20T21:52:12.603+0000] {processor.py:925} INFO - DAG(s) 'example_kubernetes_executor' retrieved from /home/airflow/.local/lib/python3.12/site-packages/airflow/example_dags/example_kubernetes_executor.py
[2025-06-20T21:52:12.822+0000] {logging_mixin.py:190} INFO - [2025-06-20T21:52:12.822+0000] {dag.py:3239} INFO - Sync 1 DAGs
[2025-06-20T21:52:12.837+0000] {logging_mixin.py:190} INFO - [2025-06-20T21:52:12.837+0000] {dag.py:4180} INFO - Setting next_dagrun for example_kubernetes_executor to None, run_after=None
[2025-06-20T21:52:12.899+0000] {processor.py:208} INFO - Processing /home/airflow/.local/lib/python3.12/site-packages/airflow/example_dags/example_kubernetes_executor.py took 0.321 seconds
[2025-06-20T21:52:43.393+0000] {processor.py:186} INFO - Started process (PID=3332) to work on /home/airflow/.local/lib/python3.12/site-packages/airflow/example_dags/example_kubernetes_executor.py
[2025-06-20T21:52:43.394+0000] {processor.py:914} INFO - Processing file /home/airflow/.local/lib/python3.12/site-packages/airflow/example_dags/example_kubernetes_executor.py for tasks to queue
[2025-06-20T21:52:43.397+0000] {logging_mixin.py:190} INFO - [2025-06-20T21:52:43.396+0000] {dagbag.py:588} INFO - Filling up the DagBag from /home/airflow/.local/lib/python3.12/site-packages/airflow/example_dags/example_kubernetes_executor.py
[2025-06-20T21:52:43.411+0000] {processor.py:925} INFO - DAG(s) 'example_kubernetes_executor' retrieved from /home/airflow/.local/lib/python3.12/site-packages/airflow/example_dags/example_kubernetes_executor.py
[2025-06-20T21:52:43.448+0000] {logging_mixin.py:190} INFO - [2025-06-20T21:52:43.448+0000] {dag.py:3239} INFO - Sync 1 DAGs
[2025-06-20T21:52:43.466+0000] {logging_mixin.py:190} INFO - [2025-06-20T21:52:43.466+0000] {dag.py:4180} INFO - Setting next_dagrun for example_kubernetes_executor to None, run_after=None
[2025-06-20T21:52:43.508+0000] {processor.py:208} INFO - Processing /home/airflow/.local/lib/python3.12/site-packages/airflow/example_dags/example_kubernetes_executor.py took 0.120 seconds
[2025-06-20T21:53:14.828+0000] {processor.py:186} INFO - Started process (PID=3398) to work on /home/airflow/.local/lib/python3.12/site-packages/airflow/example_dags/example_kubernetes_executor.py
[2025-06-20T21:53:14.830+0000] {processor.py:914} INFO - Processing file /home/airflow/.local/lib/python3.12/site-packages/airflow/example_dags/example_kubernetes_executor.py for tasks to queue
[2025-06-20T21:53:14.832+0000] {logging_mixin.py:190} INFO - [2025-06-20T21:53:14.832+0000] {dagbag.py:588} INFO - Filling up the DagBag from /home/airflow/.local/lib/python3.12/site-packages/airflow/example_dags/example_kubernetes_executor.py
[2025-06-20T21:53:14.846+0000] {processor.py:925} INFO - DAG(s) 'example_kubernetes_executor' retrieved from /home/airflow/.local/lib/python3.12/site-packages/airflow/example_dags/example_kubernetes_executor.py
[2025-06-20T21:53:14.885+0000] {logging_mixin.py:190} INFO - [2025-06-20T21:53:14.885+0000] {dag.py:3239} INFO - Sync 1 DAGs
[2025-06-20T21:53:14.901+0000] {logging_mixin.py:190} INFO - [2025-06-20T21:53:14.901+0000] {dag.py:4180} INFO - Setting next_dagrun for example_kubernetes_executor to None, run_after=None
[2025-06-20T21:53:14.958+0000] {processor.py:208} INFO - Processing /home/airflow/.local/lib/python3.12/site-packages/airflow/example_dags/example_kubernetes_executor.py took 0.135 seconds
[2025-06-20T21:53:45.282+0000] {processor.py:186} INFO - Started process (PID=3462) to work on /home/airflow/.local/lib/python3.12/site-packages/airflow/example_dags/example_kubernetes_executor.py
[2025-06-20T21:53:45.283+0000] {processor.py:914} INFO - Processing file /home/airflow/.local/lib/python3.12/site-packages/airflow/example_dags/example_kubernetes_executor.py for tasks to queue
[2025-06-20T21:53:45.285+0000] {logging_mixin.py:190} INFO - [2025-06-20T21:53:45.285+0000] {dagbag.py:588} INFO - Filling up the DagBag from /home/airflow/.local/lib/python3.12/site-packages/airflow/example_dags/example_kubernetes_executor.py
[2025-06-20T21:53:45.297+0000] {processor.py:925} INFO - DAG(s) 'example_kubernetes_executor' retrieved from /home/airflow/.local/lib/python3.12/site-packages/airflow/example_dags/example_kubernetes_executor.py
[2025-06-20T21:53:45.332+0000] {logging_mixin.py:190} INFO - [2025-06-20T21:53:45.331+0000] {dag.py:3239} INFO - Sync 1 DAGs
[2025-06-20T21:53:45.343+0000] {logging_mixin.py:190} INFO - [2025-06-20T21:53:45.343+0000] {dag.py:4180} INFO - Setting next_dagrun for example_kubernetes_executor to None, run_after=None
[2025-06-20T21:53:45.398+0000] {processor.py:208} INFO - Processing /home/airflow/.local/lib/python3.12/site-packages/airflow/example_dags/example_kubernetes_executor.py took 0.121 seconds
[2025-06-20T21:55:57.700+0000] {processor.py:186} INFO - Started process (PID=125) to work on /home/airflow/.local/lib/python3.12/site-packages/airflow/example_dags/example_kubernetes_executor.py
[2025-06-20T21:55:57.701+0000] {processor.py:914} INFO - Processing file /home/airflow/.local/lib/python3.12/site-packages/airflow/example_dags/example_kubernetes_executor.py for tasks to queue
[2025-06-20T21:55:57.703+0000] {logging_mixin.py:190} INFO - [2025-06-20T21:55:57.703+0000] {dagbag.py:588} INFO - Filling up the DagBag from /home/airflow/.local/lib/python3.12/site-packages/airflow/example_dags/example_kubernetes_executor.py
[2025-06-20T21:55:57.717+0000] {processor.py:925} INFO - DAG(s) 'example_kubernetes_executor' retrieved from /home/airflow/.local/lib/python3.12/site-packages/airflow/example_dags/example_kubernetes_executor.py
[2025-06-20T21:55:57.845+0000] {logging_mixin.py:190} INFO - [2025-06-20T21:55:57.844+0000] {override.py:1911} INFO - Created Permission View: can delete on DAG:example_kubernetes_executor
[2025-06-20T21:55:57.866+0000] {logging_mixin.py:190} INFO - [2025-06-20T21:55:57.866+0000] {override.py:1911} INFO - Created Permission View: can edit on DAG:example_kubernetes_executor
[2025-06-20T21:55:57.877+0000] {logging_mixin.py:190} INFO - [2025-06-20T21:55:57.877+0000] {override.py:1911} INFO - Created Permission View: can read on DAG:example_kubernetes_executor
[2025-06-20T21:55:57.899+0000] {logging_mixin.py:190} INFO - [2025-06-20T21:55:57.898+0000] {override.py:1911} INFO - Created Permission View: can delete on DAG Run:example_kubernetes_executor
[2025-06-20T21:55:57.909+0000] {logging_mixin.py:190} INFO - [2025-06-20T21:55:57.909+0000] {override.py:1911} INFO - Created Permission View: menu access on DAG Run:example_kubernetes_executor
[2025-06-20T21:55:58.181+0000] {logging_mixin.py:190} INFO - [2025-06-20T21:55:58.181+0000] {override.py:1911} INFO - Created Permission View: can create on DAG Run:example_kubernetes_executor
[2025-06-20T21:55:58.207+0000] {logging_mixin.py:190} INFO - [2025-06-20T21:55:58.206+0000] {override.py:1911} INFO - Created Permission View: can read on DAG Run:example_kubernetes_executor
[2025-06-20T21:55:58.208+0000] {logging_mixin.py:190} INFO - [2025-06-20T21:55:58.208+0000] {dag.py:3239} INFO - Sync 1 DAGs
[2025-06-20T21:55:58.219+0000] {logging_mixin.py:190} INFO - [2025-06-20T21:55:58.219+0000] {dag.py:3262} INFO - Creating ORM DAG for example_kubernetes_executor
[2025-06-20T21:55:58.220+0000] {logging_mixin.py:190} INFO - [2025-06-20T21:55:58.220+0000] {dag.py:4180} INFO - Setting next_dagrun for example_kubernetes_executor to None, run_after=None
[2025-06-20T21:55:58.257+0000] {processor.py:208} INFO - Processing /home/airflow/.local/lib/python3.12/site-packages/airflow/example_dags/example_kubernetes_executor.py took 0.563 seconds
[2025-06-20T21:56:28.394+0000] {processor.py:186} INFO - Started process (PID=189) to work on /home/airflow/.local/lib/python3.12/site-packages/airflow/example_dags/example_kubernetes_executor.py
[2025-06-20T21:56:28.395+0000] {processor.py:914} INFO - Processing file /home/airflow/.local/lib/python3.12/site-packages/airflow/example_dags/example_kubernetes_executor.py for tasks to queue
[2025-06-20T21:56:28.398+0000] {logging_mixin.py:190} INFO - [2025-06-20T21:56:28.397+0000] {dagbag.py:588} INFO - Filling up the DagBag from /home/airflow/.local/lib/python3.12/site-packages/airflow/example_dags/example_kubernetes_executor.py
[2025-06-20T21:56:28.412+0000] {processor.py:925} INFO - DAG(s) 'example_kubernetes_executor' retrieved from /home/airflow/.local/lib/python3.12/site-packages/airflow/example_dags/example_kubernetes_executor.py
[2025-06-20T21:56:28.454+0000] {logging_mixin.py:190} INFO - [2025-06-20T21:56:28.454+0000] {dag.py:3239} INFO - Sync 1 DAGs
[2025-06-20T21:56:28.471+0000] {logging_mixin.py:190} INFO - [2025-06-20T21:56:28.471+0000] {dag.py:4180} INFO - Setting next_dagrun for example_kubernetes_executor to None, run_after=None
[2025-06-20T21:56:28.526+0000] {processor.py:208} INFO - Processing /home/airflow/.local/lib/python3.12/site-packages/airflow/example_dags/example_kubernetes_executor.py took 0.138 seconds
[2025-06-20T21:56:58.850+0000] {processor.py:186} INFO - Started process (PID=252) to work on /home/airflow/.local/lib/python3.12/site-packages/airflow/example_dags/example_kubernetes_executor.py
[2025-06-20T21:56:58.852+0000] {processor.py:914} INFO - Processing file /home/airflow/.local/lib/python3.12/site-packages/airflow/example_dags/example_kubernetes_executor.py for tasks to queue
[2025-06-20T21:56:58.854+0000] {logging_mixin.py:190} INFO - [2025-06-20T21:56:58.854+0000] {dagbag.py:588} INFO - Filling up the DagBag from /home/airflow/.local/lib/python3.12/site-packages/airflow/example_dags/example_kubernetes_executor.py
[2025-06-20T21:56:58.867+0000] {processor.py:925} INFO - DAG(s) 'example_kubernetes_executor' retrieved from /home/airflow/.local/lib/python3.12/site-packages/airflow/example_dags/example_kubernetes_executor.py
[2025-06-20T21:56:58.904+0000] {logging_mixin.py:190} INFO - [2025-06-20T21:56:58.904+0000] {dag.py:3239} INFO - Sync 1 DAGs
[2025-06-20T21:56:58.918+0000] {logging_mixin.py:190} INFO - [2025-06-20T21:56:58.918+0000] {dag.py:4180} INFO - Setting next_dagrun for example_kubernetes_executor to None, run_after=None
[2025-06-20T21:56:58.944+0000] {processor.py:208} INFO - Processing /home/airflow/.local/lib/python3.12/site-packages/airflow/example_dags/example_kubernetes_executor.py took 0.098 seconds
[2025-06-20T21:57:28.991+0000] {processor.py:186} INFO - Started process (PID=316) to work on /home/airflow/.local/lib/python3.12/site-packages/airflow/example_dags/example_kubernetes_executor.py
[2025-06-20T21:57:28.992+0000] {processor.py:914} INFO - Processing file /home/airflow/.local/lib/python3.12/site-packages/airflow/example_dags/example_kubernetes_executor.py for tasks to queue
[2025-06-20T21:57:28.994+0000] {logging_mixin.py:190} INFO - [2025-06-20T21:57:28.994+0000] {dagbag.py:588} INFO - Filling up the DagBag from /home/airflow/.local/lib/python3.12/site-packages/airflow/example_dags/example_kubernetes_executor.py
[2025-06-20T21:57:29.007+0000] {processor.py:925} INFO - DAG(s) 'example_kubernetes_executor' retrieved from /home/airflow/.local/lib/python3.12/site-packages/airflow/example_dags/example_kubernetes_executor.py
[2025-06-20T21:57:29.043+0000] {logging_mixin.py:190} INFO - [2025-06-20T21:57:29.043+0000] {dag.py:3239} INFO - Sync 1 DAGs
[2025-06-20T21:57:29.060+0000] {logging_mixin.py:190} INFO - [2025-06-20T21:57:29.060+0000] {dag.py:4180} INFO - Setting next_dagrun for example_kubernetes_executor to None, run_after=None
[2025-06-20T21:57:29.161+0000] {processor.py:208} INFO - Processing /home/airflow/.local/lib/python3.12/site-packages/airflow/example_dags/example_kubernetes_executor.py took 0.175 seconds
[2025-06-20T21:57:59.457+0000] {processor.py:186} INFO - Started process (PID=380) to work on /home/airflow/.local/lib/python3.12/site-packages/airflow/example_dags/example_kubernetes_executor.py
[2025-06-20T21:57:59.458+0000] {processor.py:914} INFO - Processing file /home/airflow/.local/lib/python3.12/site-packages/airflow/example_dags/example_kubernetes_executor.py for tasks to queue
[2025-06-20T21:57:59.461+0000] {logging_mixin.py:190} INFO - [2025-06-20T21:57:59.460+0000] {dagbag.py:588} INFO - Filling up the DagBag from /home/airflow/.local/lib/python3.12/site-packages/airflow/example_dags/example_kubernetes_executor.py
[2025-06-20T21:57:59.473+0000] {processor.py:925} INFO - DAG(s) 'example_kubernetes_executor' retrieved from /home/airflow/.local/lib/python3.12/site-packages/airflow/example_dags/example_kubernetes_executor.py
[2025-06-20T21:57:59.506+0000] {logging_mixin.py:190} INFO - [2025-06-20T21:57:59.506+0000] {dag.py:3239} INFO - Sync 1 DAGs
[2025-06-20T21:57:59.522+0000] {logging_mixin.py:190} INFO - [2025-06-20T21:57:59.521+0000] {dag.py:4180} INFO - Setting next_dagrun for example_kubernetes_executor to None, run_after=None
[2025-06-20T21:57:59.550+0000] {processor.py:208} INFO - Processing /home/airflow/.local/lib/python3.12/site-packages/airflow/example_dags/example_kubernetes_executor.py took 0.098 seconds
[2025-06-20T21:58:30.321+0000] {processor.py:186} INFO - Started process (PID=452) to work on /home/airflow/.local/lib/python3.12/site-packages/airflow/example_dags/example_kubernetes_executor.py
[2025-06-20T21:58:30.322+0000] {processor.py:914} INFO - Processing file /home/airflow/.local/lib/python3.12/site-packages/airflow/example_dags/example_kubernetes_executor.py for tasks to queue
[2025-06-20T21:58:30.325+0000] {logging_mixin.py:190} INFO - [2025-06-20T21:58:30.324+0000] {dagbag.py:588} INFO - Filling up the DagBag from /home/airflow/.local/lib/python3.12/site-packages/airflow/example_dags/example_kubernetes_executor.py
[2025-06-20T21:58:30.340+0000] {processor.py:925} INFO - DAG(s) 'example_kubernetes_executor' retrieved from /home/airflow/.local/lib/python3.12/site-packages/airflow/example_dags/example_kubernetes_executor.py
[2025-06-20T21:58:30.374+0000] {logging_mixin.py:190} INFO - [2025-06-20T21:58:30.374+0000] {dag.py:3239} INFO - Sync 1 DAGs
[2025-06-20T21:58:30.390+0000] {logging_mixin.py:190} INFO - [2025-06-20T21:58:30.390+0000] {dag.py:4180} INFO - Setting next_dagrun for example_kubernetes_executor to None, run_after=None
[2025-06-20T21:58:30.424+0000] {processor.py:208} INFO - Processing /home/airflow/.local/lib/python3.12/site-packages/airflow/example_dags/example_kubernetes_executor.py took 0.108 seconds
[2025-06-20T21:59:01.162+0000] {processor.py:186} INFO - Started process (PID=516) to work on /home/airflow/.local/lib/python3.12/site-packages/airflow/example_dags/example_kubernetes_executor.py
[2025-06-20T21:59:01.163+0000] {processor.py:914} INFO - Processing file /home/airflow/.local/lib/python3.12/site-packages/airflow/example_dags/example_kubernetes_executor.py for tasks to queue
[2025-06-20T21:59:01.165+0000] {logging_mixin.py:190} INFO - [2025-06-20T21:59:01.165+0000] {dagbag.py:588} INFO - Filling up the DagBag from /home/airflow/.local/lib/python3.12/site-packages/airflow/example_dags/example_kubernetes_executor.py
[2025-06-20T21:59:01.180+0000] {processor.py:925} INFO - DAG(s) 'example_kubernetes_executor' retrieved from /home/airflow/.local/lib/python3.12/site-packages/airflow/example_dags/example_kubernetes_executor.py
[2025-06-20T21:59:01.217+0000] {logging_mixin.py:190} INFO - [2025-06-20T21:59:01.217+0000] {dag.py:3239} INFO - Sync 1 DAGs
[2025-06-20T21:59:01.232+0000] {logging_mixin.py:190} INFO - [2025-06-20T21:59:01.232+0000] {dag.py:4180} INFO - Setting next_dagrun for example_kubernetes_executor to None, run_after=None
[2025-06-20T21:59:01.266+0000] {processor.py:208} INFO - Processing /home/airflow/.local/lib/python3.12/site-packages/airflow/example_dags/example_kubernetes_executor.py took 0.110 seconds
[2025-06-20T21:59:31.385+0000] {processor.py:186} INFO - Started process (PID=580) to work on /home/airflow/.local/lib/python3.12/site-packages/airflow/example_dags/example_kubernetes_executor.py
[2025-06-20T21:59:31.386+0000] {processor.py:914} INFO - Processing file /home/airflow/.local/lib/python3.12/site-packages/airflow/example_dags/example_kubernetes_executor.py for tasks to queue
[2025-06-20T21:59:31.388+0000] {logging_mixin.py:190} INFO - [2025-06-20T21:59:31.388+0000] {dagbag.py:588} INFO - Filling up the DagBag from /home/airflow/.local/lib/python3.12/site-packages/airflow/example_dags/example_kubernetes_executor.py
[2025-06-20T21:59:31.402+0000] {processor.py:925} INFO - DAG(s) 'example_kubernetes_executor' retrieved from /home/airflow/.local/lib/python3.12/site-packages/airflow/example_dags/example_kubernetes_executor.py
[2025-06-20T21:59:31.442+0000] {logging_mixin.py:190} INFO - [2025-06-20T21:59:31.442+0000] {dag.py:3239} INFO - Sync 1 DAGs
[2025-06-20T21:59:31.456+0000] {logging_mixin.py:190} INFO - [2025-06-20T21:59:31.456+0000] {dag.py:4180} INFO - Setting next_dagrun for example_kubernetes_executor to None, run_after=None
[2025-06-20T21:59:31.490+0000] {processor.py:208} INFO - Processing /home/airflow/.local/lib/python3.12/site-packages/airflow/example_dags/example_kubernetes_executor.py took 0.112 seconds
[2025-06-20T22:00:01.768+0000] {processor.py:186} INFO - Started process (PID=643) to work on /home/airflow/.local/lib/python3.12/site-packages/airflow/example_dags/example_kubernetes_executor.py
[2025-06-20T22:00:01.770+0000] {processor.py:914} INFO - Processing file /home/airflow/.local/lib/python3.12/site-packages/airflow/example_dags/example_kubernetes_executor.py for tasks to queue
[2025-06-20T22:00:01.773+0000] {logging_mixin.py:190} INFO - [2025-06-20T22:00:01.773+0000] {dagbag.py:588} INFO - Filling up the DagBag from /home/airflow/.local/lib/python3.12/site-packages/airflow/example_dags/example_kubernetes_executor.py
[2025-06-20T22:00:01.788+0000] {processor.py:925} INFO - DAG(s) 'example_kubernetes_executor' retrieved from /home/airflow/.local/lib/python3.12/site-packages/airflow/example_dags/example_kubernetes_executor.py
[2025-06-20T22:00:01.828+0000] {logging_mixin.py:190} INFO - [2025-06-20T22:00:01.828+0000] {dag.py:3239} INFO - Sync 1 DAGs
[2025-06-20T22:00:01.842+0000] {logging_mixin.py:190} INFO - [2025-06-20T22:00:01.842+0000] {dag.py:4180} INFO - Setting next_dagrun for example_kubernetes_executor to None, run_after=None
[2025-06-20T22:00:01.939+0000] {processor.py:208} INFO - Processing /home/airflow/.local/lib/python3.12/site-packages/airflow/example_dags/example_kubernetes_executor.py took 0.177 seconds
[2025-06-20T22:00:33.224+0000] {processor.py:186} INFO - Started process (PID=707) to work on /home/airflow/.local/lib/python3.12/site-packages/airflow/example_dags/example_kubernetes_executor.py
[2025-06-20T22:00:33.225+0000] {processor.py:914} INFO - Processing file /home/airflow/.local/lib/python3.12/site-packages/airflow/example_dags/example_kubernetes_executor.py for tasks to queue
[2025-06-20T22:00:33.227+0000] {logging_mixin.py:190} INFO - [2025-06-20T22:00:33.227+0000] {dagbag.py:588} INFO - Filling up the DagBag from /home/airflow/.local/lib/python3.12/site-packages/airflow/example_dags/example_kubernetes_executor.py
[2025-06-20T22:00:33.241+0000] {processor.py:925} INFO - DAG(s) 'example_kubernetes_executor' retrieved from /home/airflow/.local/lib/python3.12/site-packages/airflow/example_dags/example_kubernetes_executor.py
[2025-06-20T22:00:33.275+0000] {logging_mixin.py:190} INFO - [2025-06-20T22:00:33.275+0000] {dag.py:3239} INFO - Sync 1 DAGs
[2025-06-20T22:00:33.291+0000] {logging_mixin.py:190} INFO - [2025-06-20T22:00:33.291+0000] {dag.py:4180} INFO - Setting next_dagrun for example_kubernetes_executor to None, run_after=None
[2025-06-20T22:00:33.315+0000] {processor.py:208} INFO - Processing /home/airflow/.local/lib/python3.12/site-packages/airflow/example_dags/example_kubernetes_executor.py took 0.096 seconds
[2025-06-20T22:01:04.656+0000] {processor.py:186} INFO - Started process (PID=772) to work on /home/airflow/.local/lib/python3.12/site-packages/airflow/example_dags/example_kubernetes_executor.py
[2025-06-20T22:01:04.657+0000] {processor.py:914} INFO - Processing file /home/airflow/.local/lib/python3.12/site-packages/airflow/example_dags/example_kubernetes_executor.py for tasks to queue
[2025-06-20T22:01:04.659+0000] {logging_mixin.py:190} INFO - [2025-06-20T22:01:04.659+0000] {dagbag.py:588} INFO - Filling up the DagBag from /home/airflow/.local/lib/python3.12/site-packages/airflow/example_dags/example_kubernetes_executor.py
[2025-06-20T22:01:04.673+0000] {processor.py:925} INFO - DAG(s) 'example_kubernetes_executor' retrieved from /home/airflow/.local/lib/python3.12/site-packages/airflow/example_dags/example_kubernetes_executor.py
[2025-06-20T22:01:04.707+0000] {logging_mixin.py:190} INFO - [2025-06-20T22:01:04.706+0000] {dag.py:3239} INFO - Sync 1 DAGs
[2025-06-20T22:01:04.719+0000] {logging_mixin.py:190} INFO - [2025-06-20T22:01:04.719+0000] {dag.py:4180} INFO - Setting next_dagrun for example_kubernetes_executor to None, run_after=None
[2025-06-20T22:01:04.817+0000] {processor.py:208} INFO - Processing /home/airflow/.local/lib/python3.12/site-packages/airflow/example_dags/example_kubernetes_executor.py took 0.167 seconds
[2025-06-20T22:01:36.413+0000] {processor.py:186} INFO - Started process (PID=836) to work on /home/airflow/.local/lib/python3.12/site-packages/airflow/example_dags/example_kubernetes_executor.py
[2025-06-20T22:01:36.415+0000] {processor.py:914} INFO - Processing file /home/airflow/.local/lib/python3.12/site-packages/airflow/example_dags/example_kubernetes_executor.py for tasks to queue
[2025-06-20T22:01:36.417+0000] {logging_mixin.py:190} INFO - [2025-06-20T22:01:36.416+0000] {dagbag.py:588} INFO - Filling up the DagBag from /home/airflow/.local/lib/python3.12/site-packages/airflow/example_dags/example_kubernetes_executor.py
[2025-06-20T22:01:36.431+0000] {processor.py:925} INFO - DAG(s) 'example_kubernetes_executor' retrieved from /home/airflow/.local/lib/python3.12/site-packages/airflow/example_dags/example_kubernetes_executor.py
[2025-06-20T22:01:36.465+0000] {logging_mixin.py:190} INFO - [2025-06-20T22:01:36.465+0000] {dag.py:3239} INFO - Sync 1 DAGs
[2025-06-20T22:01:36.480+0000] {logging_mixin.py:190} INFO - [2025-06-20T22:01:36.479+0000] {dag.py:4180} INFO - Setting next_dagrun for example_kubernetes_executor to None, run_after=None
[2025-06-20T22:01:36.503+0000] {processor.py:208} INFO - Processing /home/airflow/.local/lib/python3.12/site-packages/airflow/example_dags/example_kubernetes_executor.py took 0.095 seconds
[2025-06-20T22:02:08.023+0000] {processor.py:186} INFO - Started process (PID=900) to work on /home/airflow/.local/lib/python3.12/site-packages/airflow/example_dags/example_kubernetes_executor.py
[2025-06-20T22:02:08.024+0000] {processor.py:914} INFO - Processing file /home/airflow/.local/lib/python3.12/site-packages/airflow/example_dags/example_kubernetes_executor.py for tasks to queue
[2025-06-20T22:02:08.027+0000] {logging_mixin.py:190} INFO - [2025-06-20T22:02:08.026+0000] {dagbag.py:588} INFO - Filling up the DagBag from /home/airflow/.local/lib/python3.12/site-packages/airflow/example_dags/example_kubernetes_executor.py
[2025-06-20T22:02:08.039+0000] {processor.py:925} INFO - DAG(s) 'example_kubernetes_executor' retrieved from /home/airflow/.local/lib/python3.12/site-packages/airflow/example_dags/example_kubernetes_executor.py
[2025-06-20T22:02:08.076+0000] {logging_mixin.py:190} INFO - [2025-06-20T22:02:08.076+0000] {dag.py:3239} INFO - Sync 1 DAGs
[2025-06-20T22:02:08.090+0000] {logging_mixin.py:190} INFO - [2025-06-20T22:02:08.090+0000] {dag.py:4180} INFO - Setting next_dagrun for example_kubernetes_executor to None, run_after=None
[2025-06-20T22:02:08.122+0000] {processor.py:208} INFO - Processing /home/airflow/.local/lib/python3.12/site-packages/airflow/example_dags/example_kubernetes_executor.py took 0.104 seconds
[2025-06-20T22:02:39.796+0000] {processor.py:186} INFO - Started process (PID=964) to work on /home/airflow/.local/lib/python3.12/site-packages/airflow/example_dags/example_kubernetes_executor.py
[2025-06-20T22:02:39.797+0000] {processor.py:914} INFO - Processing file /home/airflow/.local/lib/python3.12/site-packages/airflow/example_dags/example_kubernetes_executor.py for tasks to queue
[2025-06-20T22:02:39.800+0000] {logging_mixin.py:190} INFO - [2025-06-20T22:02:39.799+0000] {dagbag.py:588} INFO - Filling up the DagBag from /home/airflow/.local/lib/python3.12/site-packages/airflow/example_dags/example_kubernetes_executor.py
[2025-06-20T22:02:39.814+0000] {processor.py:925} INFO - DAG(s) 'example_kubernetes_executor' retrieved from /home/airflow/.local/lib/python3.12/site-packages/airflow/example_dags/example_kubernetes_executor.py
[2025-06-20T22:02:39.849+0000] {logging_mixin.py:190} INFO - [2025-06-20T22:02:39.849+0000] {dag.py:3239} INFO - Sync 1 DAGs
[2025-06-20T22:02:39.863+0000] {logging_mixin.py:190} INFO - [2025-06-20T22:02:39.863+0000] {dag.py:4180} INFO - Setting next_dagrun for example_kubernetes_executor to None, run_after=None
[2025-06-20T22:02:39.893+0000] {processor.py:208} INFO - Processing /home/airflow/.local/lib/python3.12/site-packages/airflow/example_dags/example_kubernetes_executor.py took 0.102 seconds
[2025-06-20T22:03:11.552+0000] {processor.py:186} INFO - Started process (PID=1028) to work on /home/airflow/.local/lib/python3.12/site-packages/airflow/example_dags/example_kubernetes_executor.py
[2025-06-20T22:03:11.553+0000] {processor.py:914} INFO - Processing file /home/airflow/.local/lib/python3.12/site-packages/airflow/example_dags/example_kubernetes_executor.py for tasks to queue
[2025-06-20T22:03:11.555+0000] {logging_mixin.py:190} INFO - [2025-06-20T22:03:11.555+0000] {dagbag.py:588} INFO - Filling up the DagBag from /home/airflow/.local/lib/python3.12/site-packages/airflow/example_dags/example_kubernetes_executor.py
[2025-06-20T22:03:11.568+0000] {processor.py:925} INFO - DAG(s) 'example_kubernetes_executor' retrieved from /home/airflow/.local/lib/python3.12/site-packages/airflow/example_dags/example_kubernetes_executor.py
[2025-06-20T22:03:11.603+0000] {logging_mixin.py:190} INFO - [2025-06-20T22:03:11.603+0000] {dag.py:3239} INFO - Sync 1 DAGs
[2025-06-20T22:03:11.621+0000] {logging_mixin.py:190} INFO - [2025-06-20T22:03:11.621+0000] {dag.py:4180} INFO - Setting next_dagrun for example_kubernetes_executor to None, run_after=None
[2025-06-20T22:03:11.653+0000] {processor.py:208} INFO - Processing /home/airflow/.local/lib/python3.12/site-packages/airflow/example_dags/example_kubernetes_executor.py took 0.106 seconds
[2025-06-20T22:03:43.422+0000] {processor.py:186} INFO - Started process (PID=1092) to work on /home/airflow/.local/lib/python3.12/site-packages/airflow/example_dags/example_kubernetes_executor.py
[2025-06-20T22:03:43.423+0000] {processor.py:914} INFO - Processing file /home/airflow/.local/lib/python3.12/site-packages/airflow/example_dags/example_kubernetes_executor.py for tasks to queue
[2025-06-20T22:03:43.426+0000] {logging_mixin.py:190} INFO - [2025-06-20T22:03:43.425+0000] {dagbag.py:588} INFO - Filling up the DagBag from /home/airflow/.local/lib/python3.12/site-packages/airflow/example_dags/example_kubernetes_executor.py
[2025-06-20T22:03:43.439+0000] {processor.py:925} INFO - DAG(s) 'example_kubernetes_executor' retrieved from /home/airflow/.local/lib/python3.12/site-packages/airflow/example_dags/example_kubernetes_executor.py
[2025-06-20T22:03:43.491+0000] {logging_mixin.py:190} INFO - [2025-06-20T22:03:43.490+0000] {dag.py:3239} INFO - Sync 1 DAGs
[2025-06-20T22:03:43.510+0000] {logging_mixin.py:190} INFO - [2025-06-20T22:03:43.510+0000] {dag.py:4180} INFO - Setting next_dagrun for example_kubernetes_executor to None, run_after=None
[2025-06-20T22:03:43.546+0000] {processor.py:208} INFO - Processing /home/airflow/.local/lib/python3.12/site-packages/airflow/example_dags/example_kubernetes_executor.py took 0.129 seconds
