[2025-06-20T21:26:46.813+0000] {processor.py:186} INFO - Started process (PID=127) to work on /home/airflow/.local/lib/python3.12/site-packages/airflow/example_dags/example_branch_labels.py
[2025-06-20T21:26:46.814+0000] {processor.py:914} INFO - Processing file /home/airflow/.local/lib/python3.12/site-packages/airflow/example_dags/example_branch_labels.py for tasks to queue
[2025-06-20T21:26:46.817+0000] {logging_mixin.py:190} INFO - [2025-06-20T21:26:46.816+0000] {dagbag.py:588} INFO - Filling up the DagBag from /home/airflow/.local/lib/python3.12/site-packages/airflow/example_dags/example_branch_labels.py
[2025-06-20T21:26:46.829+0000] {processor.py:925} INFO - DAG(s) 'example_branch_labels' retrieved from /home/airflow/.local/lib/python3.12/site-packages/airflow/example_dags/example_branch_labels.py
[2025-06-20T21:26:47.010+0000] {logging_mixin.py:190} INFO - [2025-06-20T21:26:47.009+0000] {override.py:1911} INFO - Created Permission View: can delete on DAG:example_branch_labels
[2025-06-20T21:26:47.042+0000] {logging_mixin.py:190} INFO - [2025-06-20T21:26:47.041+0000] {override.py:1911} INFO - Created Permission View: can read on DAG:example_branch_labels
[2025-06-20T21:26:47.064+0000] {logging_mixin.py:190} INFO - [2025-06-20T21:26:47.064+0000] {override.py:1911} INFO - Created Permission View: can edit on DAG:example_branch_labels
[2025-06-20T21:26:47.138+0000] {logging_mixin.py:190} INFO - [2025-06-20T21:26:47.138+0000] {override.py:1911} INFO - Created Permission View: can delete on DAG Run:example_branch_labels
[2025-06-20T21:26:47.202+0000] {logging_mixin.py:190} INFO - [2025-06-20T21:26:47.202+0000] {override.py:1911} INFO - Created Permission View: can create on DAG Run:example_branch_labels
[2025-06-20T21:26:47.266+0000] {logging_mixin.py:190} INFO - [2025-06-20T21:26:47.265+0000] {override.py:1911} INFO - Created Permission View: can read on DAG Run:example_branch_labels
[2025-06-20T21:26:47.329+0000] {logging_mixin.py:190} INFO - [2025-06-20T21:26:47.329+0000] {override.py:1911} INFO - Created Permission View: menu access on DAG Run:example_branch_labels
[2025-06-20T21:26:47.330+0000] {logging_mixin.py:190} INFO - [2025-06-20T21:26:47.330+0000] {dag.py:3239} INFO - Sync 1 DAGs
[2025-06-20T21:26:47.348+0000] {logging_mixin.py:190} INFO - [2025-06-20T21:26:47.348+0000] {dag.py:3262} INFO - Creating ORM DAG for example_branch_labels
[2025-06-20T21:26:47.361+0000] {logging_mixin.py:190} INFO - [2025-06-20T21:26:47.361+0000] {dag.py:4180} INFO - Setting next_dagrun for example_branch_labels to 2025-06-19 00:00:00+00:00, run_after=2025-06-20 00:00:00+00:00
[2025-06-20T21:26:47.426+0000] {processor.py:208} INFO - Processing /home/airflow/.local/lib/python3.12/site-packages/airflow/example_dags/example_branch_labels.py took 0.619 seconds
[2025-06-20T21:27:17.696+0000] {processor.py:186} INFO - Started process (PID=191) to work on /home/airflow/.local/lib/python3.12/site-packages/airflow/example_dags/example_branch_labels.py
[2025-06-20T21:27:17.697+0000] {processor.py:914} INFO - Processing file /home/airflow/.local/lib/python3.12/site-packages/airflow/example_dags/example_branch_labels.py for tasks to queue
[2025-06-20T21:27:17.700+0000] {logging_mixin.py:190} INFO - [2025-06-20T21:27:17.699+0000] {dagbag.py:588} INFO - Filling up the DagBag from /home/airflow/.local/lib/python3.12/site-packages/airflow/example_dags/example_branch_labels.py
[2025-06-20T21:27:17.708+0000] {processor.py:925} INFO - DAG(s) 'example_branch_labels' retrieved from /home/airflow/.local/lib/python3.12/site-packages/airflow/example_dags/example_branch_labels.py
[2025-06-20T21:27:17.729+0000] {logging_mixin.py:190} INFO - [2025-06-20T21:27:17.728+0000] {dag.py:3239} INFO - Sync 1 DAGs
[2025-06-20T21:27:17.753+0000] {logging_mixin.py:190} INFO - [2025-06-20T21:27:17.753+0000] {dag.py:4180} INFO - Setting next_dagrun for example_branch_labels to 2025-06-19 00:00:00+00:00, run_after=2025-06-20 00:00:00+00:00
[2025-06-20T21:27:17.789+0000] {processor.py:208} INFO - Processing /home/airflow/.local/lib/python3.12/site-packages/airflow/example_dags/example_branch_labels.py took 0.098 seconds
[2025-06-20T21:27:48.335+0000] {processor.py:186} INFO - Started process (PID=255) to work on /home/airflow/.local/lib/python3.12/site-packages/airflow/example_dags/example_branch_labels.py
[2025-06-20T21:27:48.336+0000] {processor.py:914} INFO - Processing file /home/airflow/.local/lib/python3.12/site-packages/airflow/example_dags/example_branch_labels.py for tasks to queue
[2025-06-20T21:27:48.339+0000] {logging_mixin.py:190} INFO - [2025-06-20T21:27:48.339+0000] {dagbag.py:588} INFO - Filling up the DagBag from /home/airflow/.local/lib/python3.12/site-packages/airflow/example_dags/example_branch_labels.py
[2025-06-20T21:27:48.348+0000] {processor.py:925} INFO - DAG(s) 'example_branch_labels' retrieved from /home/airflow/.local/lib/python3.12/site-packages/airflow/example_dags/example_branch_labels.py
[2025-06-20T21:27:48.369+0000] {logging_mixin.py:190} INFO - [2025-06-20T21:27:48.369+0000] {dag.py:3239} INFO - Sync 1 DAGs
[2025-06-20T21:27:48.395+0000] {logging_mixin.py:190} INFO - [2025-06-20T21:27:48.394+0000] {dag.py:4180} INFO - Setting next_dagrun for example_branch_labels to 2025-06-19 00:00:00+00:00, run_after=2025-06-20 00:00:00+00:00
[2025-06-20T21:27:48.436+0000] {processor.py:208} INFO - Processing /home/airflow/.local/lib/python3.12/site-packages/airflow/example_dags/example_branch_labels.py took 0.106 seconds
[2025-06-20T21:28:18.735+0000] {processor.py:186} INFO - Started process (PID=319) to work on /home/airflow/.local/lib/python3.12/site-packages/airflow/example_dags/example_branch_labels.py
[2025-06-20T21:28:18.736+0000] {processor.py:914} INFO - Processing file /home/airflow/.local/lib/python3.12/site-packages/airflow/example_dags/example_branch_labels.py for tasks to queue
[2025-06-20T21:28:18.738+0000] {logging_mixin.py:190} INFO - [2025-06-20T21:28:18.738+0000] {dagbag.py:588} INFO - Filling up the DagBag from /home/airflow/.local/lib/python3.12/site-packages/airflow/example_dags/example_branch_labels.py
[2025-06-20T21:28:18.748+0000] {processor.py:925} INFO - DAG(s) 'example_branch_labels' retrieved from /home/airflow/.local/lib/python3.12/site-packages/airflow/example_dags/example_branch_labels.py
[2025-06-20T21:28:18.769+0000] {logging_mixin.py:190} INFO - [2025-06-20T21:28:18.769+0000] {dag.py:3239} INFO - Sync 1 DAGs
[2025-06-20T21:28:18.793+0000] {logging_mixin.py:190} INFO - [2025-06-20T21:28:18.792+0000] {dag.py:4180} INFO - Setting next_dagrun for example_branch_labels to 2025-06-19 00:00:00+00:00, run_after=2025-06-20 00:00:00+00:00
[2025-06-20T21:28:18.897+0000] {processor.py:208} INFO - Processing /home/airflow/.local/lib/python3.12/site-packages/airflow/example_dags/example_branch_labels.py took 0.169 seconds
[2025-06-20T21:28:48.946+0000] {processor.py:186} INFO - Started process (PID=383) to work on /home/airflow/.local/lib/python3.12/site-packages/airflow/example_dags/example_branch_labels.py
[2025-06-20T21:28:48.947+0000] {processor.py:914} INFO - Processing file /home/airflow/.local/lib/python3.12/site-packages/airflow/example_dags/example_branch_labels.py for tasks to queue
[2025-06-20T21:28:48.949+0000] {logging_mixin.py:190} INFO - [2025-06-20T21:28:48.949+0000] {dagbag.py:588} INFO - Filling up the DagBag from /home/airflow/.local/lib/python3.12/site-packages/airflow/example_dags/example_branch_labels.py
[2025-06-20T21:28:48.957+0000] {processor.py:925} INFO - DAG(s) 'example_branch_labels' retrieved from /home/airflow/.local/lib/python3.12/site-packages/airflow/example_dags/example_branch_labels.py
[2025-06-20T21:28:48.977+0000] {logging_mixin.py:190} INFO - [2025-06-20T21:28:48.976+0000] {dag.py:3239} INFO - Sync 1 DAGs
[2025-06-20T21:28:49.002+0000] {logging_mixin.py:190} INFO - [2025-06-20T21:28:49.002+0000] {dag.py:4180} INFO - Setting next_dagrun for example_branch_labels to 2025-06-19 00:00:00+00:00, run_after=2025-06-20 00:00:00+00:00
[2025-06-20T21:28:49.112+0000] {processor.py:208} INFO - Processing /home/airflow/.local/lib/python3.12/site-packages/airflow/example_dags/example_branch_labels.py took 0.171 seconds
[2025-06-20T21:29:19.579+0000] {processor.py:186} INFO - Started process (PID=447) to work on /home/airflow/.local/lib/python3.12/site-packages/airflow/example_dags/example_branch_labels.py
[2025-06-20T21:29:19.580+0000] {processor.py:914} INFO - Processing file /home/airflow/.local/lib/python3.12/site-packages/airflow/example_dags/example_branch_labels.py for tasks to queue
[2025-06-20T21:29:19.583+0000] {logging_mixin.py:190} INFO - [2025-06-20T21:29:19.582+0000] {dagbag.py:588} INFO - Filling up the DagBag from /home/airflow/.local/lib/python3.12/site-packages/airflow/example_dags/example_branch_labels.py
[2025-06-20T21:29:19.594+0000] {processor.py:925} INFO - DAG(s) 'example_branch_labels' retrieved from /home/airflow/.local/lib/python3.12/site-packages/airflow/example_dags/example_branch_labels.py
[2025-06-20T21:29:19.616+0000] {logging_mixin.py:190} INFO - [2025-06-20T21:29:19.616+0000] {dag.py:3239} INFO - Sync 1 DAGs
[2025-06-20T21:29:19.640+0000] {logging_mixin.py:190} INFO - [2025-06-20T21:29:19.640+0000] {dag.py:4180} INFO - Setting next_dagrun for example_branch_labels to 2025-06-19 00:00:00+00:00, run_after=2025-06-20 00:00:00+00:00
[2025-06-20T21:29:19.991+0000] {processor.py:208} INFO - Processing /home/airflow/.local/lib/python3.12/site-packages/airflow/example_dags/example_branch_labels.py took 0.419 seconds
[2025-06-20T21:29:50.060+0000] {processor.py:186} INFO - Started process (PID=512) to work on /home/airflow/.local/lib/python3.12/site-packages/airflow/example_dags/example_branch_labels.py
[2025-06-20T21:29:50.061+0000] {processor.py:914} INFO - Processing file /home/airflow/.local/lib/python3.12/site-packages/airflow/example_dags/example_branch_labels.py for tasks to queue
[2025-06-20T21:29:50.064+0000] {logging_mixin.py:190} INFO - [2025-06-20T21:29:50.064+0000] {dagbag.py:588} INFO - Filling up the DagBag from /home/airflow/.local/lib/python3.12/site-packages/airflow/example_dags/example_branch_labels.py
[2025-06-20T21:29:50.072+0000] {processor.py:925} INFO - DAG(s) 'example_branch_labels' retrieved from /home/airflow/.local/lib/python3.12/site-packages/airflow/example_dags/example_branch_labels.py
[2025-06-20T21:29:50.092+0000] {logging_mixin.py:190} INFO - [2025-06-20T21:29:50.092+0000] {dag.py:3239} INFO - Sync 1 DAGs
[2025-06-20T21:29:50.115+0000] {logging_mixin.py:190} INFO - [2025-06-20T21:29:50.115+0000] {dag.py:4180} INFO - Setting next_dagrun for example_branch_labels to 2025-06-19 00:00:00+00:00, run_after=2025-06-20 00:00:00+00:00
[2025-06-20T21:29:50.143+0000] {processor.py:208} INFO - Processing /home/airflow/.local/lib/python3.12/site-packages/airflow/example_dags/example_branch_labels.py took 0.088 seconds
[2025-06-20T21:30:20.263+0000] {processor.py:186} INFO - Started process (PID=576) to work on /home/airflow/.local/lib/python3.12/site-packages/airflow/example_dags/example_branch_labels.py
[2025-06-20T21:30:20.264+0000] {processor.py:914} INFO - Processing file /home/airflow/.local/lib/python3.12/site-packages/airflow/example_dags/example_branch_labels.py for tasks to queue
[2025-06-20T21:30:20.266+0000] {logging_mixin.py:190} INFO - [2025-06-20T21:30:20.266+0000] {dagbag.py:588} INFO - Filling up the DagBag from /home/airflow/.local/lib/python3.12/site-packages/airflow/example_dags/example_branch_labels.py
[2025-06-20T21:30:20.274+0000] {processor.py:925} INFO - DAG(s) 'example_branch_labels' retrieved from /home/airflow/.local/lib/python3.12/site-packages/airflow/example_dags/example_branch_labels.py
[2025-06-20T21:30:20.295+0000] {logging_mixin.py:190} INFO - [2025-06-20T21:30:20.295+0000] {dag.py:3239} INFO - Sync 1 DAGs
[2025-06-20T21:30:20.320+0000] {logging_mixin.py:190} INFO - [2025-06-20T21:30:20.320+0000] {dag.py:4180} INFO - Setting next_dagrun for example_branch_labels to 2025-06-19 00:00:00+00:00, run_after=2025-06-20 00:00:00+00:00
[2025-06-20T21:30:20.355+0000] {processor.py:208} INFO - Processing /home/airflow/.local/lib/python3.12/site-packages/airflow/example_dags/example_branch_labels.py took 0.097 seconds
[2025-06-20T21:30:50.455+0000] {processor.py:186} INFO - Started process (PID=640) to work on /home/airflow/.local/lib/python3.12/site-packages/airflow/example_dags/example_branch_labels.py
[2025-06-20T21:30:50.457+0000] {processor.py:914} INFO - Processing file /home/airflow/.local/lib/python3.12/site-packages/airflow/example_dags/example_branch_labels.py for tasks to queue
[2025-06-20T21:30:50.459+0000] {logging_mixin.py:190} INFO - [2025-06-20T21:30:50.459+0000] {dagbag.py:588} INFO - Filling up the DagBag from /home/airflow/.local/lib/python3.12/site-packages/airflow/example_dags/example_branch_labels.py
[2025-06-20T21:30:50.471+0000] {processor.py:925} INFO - DAG(s) 'example_branch_labels' retrieved from /home/airflow/.local/lib/python3.12/site-packages/airflow/example_dags/example_branch_labels.py
[2025-06-20T21:30:50.499+0000] {logging_mixin.py:190} INFO - [2025-06-20T21:30:50.498+0000] {dag.py:3239} INFO - Sync 1 DAGs
[2025-06-20T21:30:50.530+0000] {logging_mixin.py:190} INFO - [2025-06-20T21:30:50.530+0000] {dag.py:4180} INFO - Setting next_dagrun for example_branch_labels to 2025-06-19 00:00:00+00:00, run_after=2025-06-20 00:00:00+00:00
[2025-06-20T21:30:50.566+0000] {processor.py:208} INFO - Processing /home/airflow/.local/lib/python3.12/site-packages/airflow/example_dags/example_branch_labels.py took 0.118 seconds
[2025-06-20T21:31:20.630+0000] {processor.py:186} INFO - Started process (PID=703) to work on /home/airflow/.local/lib/python3.12/site-packages/airflow/example_dags/example_branch_labels.py
[2025-06-20T21:31:20.631+0000] {processor.py:914} INFO - Processing file /home/airflow/.local/lib/python3.12/site-packages/airflow/example_dags/example_branch_labels.py for tasks to queue
[2025-06-20T21:31:20.633+0000] {logging_mixin.py:190} INFO - [2025-06-20T21:31:20.633+0000] {dagbag.py:588} INFO - Filling up the DagBag from /home/airflow/.local/lib/python3.12/site-packages/airflow/example_dags/example_branch_labels.py
[2025-06-20T21:31:20.641+0000] {processor.py:925} INFO - DAG(s) 'example_branch_labels' retrieved from /home/airflow/.local/lib/python3.12/site-packages/airflow/example_dags/example_branch_labels.py
[2025-06-20T21:31:20.662+0000] {logging_mixin.py:190} INFO - [2025-06-20T21:31:20.662+0000] {dag.py:3239} INFO - Sync 1 DAGs
[2025-06-20T21:31:20.685+0000] {logging_mixin.py:190} INFO - [2025-06-20T21:31:20.685+0000] {dag.py:4180} INFO - Setting next_dagrun for example_branch_labels to 2025-06-19 00:00:00+00:00, run_after=2025-06-20 00:00:00+00:00
[2025-06-20T21:31:20.709+0000] {processor.py:208} INFO - Processing /home/airflow/.local/lib/python3.12/site-packages/airflow/example_dags/example_branch_labels.py took 0.084 seconds
[2025-06-20T21:31:51.389+0000] {processor.py:186} INFO - Started process (PID=767) to work on /home/airflow/.local/lib/python3.12/site-packages/airflow/example_dags/example_branch_labels.py
[2025-06-20T21:31:51.390+0000] {processor.py:914} INFO - Processing file /home/airflow/.local/lib/python3.12/site-packages/airflow/example_dags/example_branch_labels.py for tasks to queue
[2025-06-20T21:31:51.393+0000] {logging_mixin.py:190} INFO - [2025-06-20T21:31:51.392+0000] {dagbag.py:588} INFO - Filling up the DagBag from /home/airflow/.local/lib/python3.12/site-packages/airflow/example_dags/example_branch_labels.py
[2025-06-20T21:31:51.404+0000] {processor.py:925} INFO - DAG(s) 'example_branch_labels' retrieved from /home/airflow/.local/lib/python3.12/site-packages/airflow/example_dags/example_branch_labels.py
[2025-06-20T21:31:51.426+0000] {logging_mixin.py:190} INFO - [2025-06-20T21:31:51.426+0000] {dag.py:3239} INFO - Sync 1 DAGs
[2025-06-20T21:31:51.451+0000] {logging_mixin.py:190} INFO - [2025-06-20T21:31:51.450+0000] {dag.py:4180} INFO - Setting next_dagrun for example_branch_labels to 2025-06-19 00:00:00+00:00, run_after=2025-06-20 00:00:00+00:00
[2025-06-20T21:31:51.481+0000] {processor.py:208} INFO - Processing /home/airflow/.local/lib/python3.12/site-packages/airflow/example_dags/example_branch_labels.py took 0.098 seconds
[2025-06-20T21:32:22.023+0000] {processor.py:186} INFO - Started process (PID=824) to work on /home/airflow/.local/lib/python3.12/site-packages/airflow/example_dags/example_branch_labels.py
[2025-06-20T21:32:22.024+0000] {processor.py:914} INFO - Processing file /home/airflow/.local/lib/python3.12/site-packages/airflow/example_dags/example_branch_labels.py for tasks to queue
[2025-06-20T21:32:22.027+0000] {logging_mixin.py:190} INFO - [2025-06-20T21:32:22.027+0000] {dagbag.py:588} INFO - Filling up the DagBag from /home/airflow/.local/lib/python3.12/site-packages/airflow/example_dags/example_branch_labels.py
[2025-06-20T21:32:22.036+0000] {processor.py:925} INFO - DAG(s) 'example_branch_labels' retrieved from /home/airflow/.local/lib/python3.12/site-packages/airflow/example_dags/example_branch_labels.py
[2025-06-20T21:32:22.057+0000] {logging_mixin.py:190} INFO - [2025-06-20T21:32:22.057+0000] {dag.py:3239} INFO - Sync 1 DAGs
[2025-06-20T21:32:22.082+0000] {logging_mixin.py:190} INFO - [2025-06-20T21:32:22.081+0000] {dag.py:4180} INFO - Setting next_dagrun for example_branch_labels to 2025-06-19 00:00:00+00:00, run_after=2025-06-20 00:00:00+00:00
[2025-06-20T21:32:22.134+0000] {processor.py:208} INFO - Processing /home/airflow/.local/lib/python3.12/site-packages/airflow/example_dags/example_branch_labels.py took 0.115 seconds
[2025-06-20T21:32:52.791+0000] {processor.py:186} INFO - Started process (PID=888) to work on /home/airflow/.local/lib/python3.12/site-packages/airflow/example_dags/example_branch_labels.py
[2025-06-20T21:32:52.792+0000] {processor.py:914} INFO - Processing file /home/airflow/.local/lib/python3.12/site-packages/airflow/example_dags/example_branch_labels.py for tasks to queue
[2025-06-20T21:32:52.795+0000] {logging_mixin.py:190} INFO - [2025-06-20T21:32:52.794+0000] {dagbag.py:588} INFO - Filling up the DagBag from /home/airflow/.local/lib/python3.12/site-packages/airflow/example_dags/example_branch_labels.py
[2025-06-20T21:32:52.804+0000] {processor.py:925} INFO - DAG(s) 'example_branch_labels' retrieved from /home/airflow/.local/lib/python3.12/site-packages/airflow/example_dags/example_branch_labels.py
[2025-06-20T21:32:52.823+0000] {logging_mixin.py:190} INFO - [2025-06-20T21:32:52.823+0000] {dag.py:3239} INFO - Sync 1 DAGs
[2025-06-20T21:32:52.847+0000] {logging_mixin.py:190} INFO - [2025-06-20T21:32:52.846+0000] {dag.py:4180} INFO - Setting next_dagrun for example_branch_labels to 2025-06-19 00:00:00+00:00, run_after=2025-06-20 00:00:00+00:00
[2025-06-20T21:32:52.873+0000] {processor.py:208} INFO - Processing /home/airflow/.local/lib/python3.12/site-packages/airflow/example_dags/example_branch_labels.py took 0.087 seconds
[2025-06-20T21:33:23.740+0000] {processor.py:186} INFO - Started process (PID=952) to work on /home/airflow/.local/lib/python3.12/site-packages/airflow/example_dags/example_branch_labels.py
[2025-06-20T21:33:23.741+0000] {processor.py:914} INFO - Processing file /home/airflow/.local/lib/python3.12/site-packages/airflow/example_dags/example_branch_labels.py for tasks to queue
[2025-06-20T21:33:23.744+0000] {logging_mixin.py:190} INFO - [2025-06-20T21:33:23.743+0000] {dagbag.py:588} INFO - Filling up the DagBag from /home/airflow/.local/lib/python3.12/site-packages/airflow/example_dags/example_branch_labels.py
[2025-06-20T21:33:23.752+0000] {processor.py:925} INFO - DAG(s) 'example_branch_labels' retrieved from /home/airflow/.local/lib/python3.12/site-packages/airflow/example_dags/example_branch_labels.py
[2025-06-20T21:33:23.773+0000] {logging_mixin.py:190} INFO - [2025-06-20T21:33:23.773+0000] {dag.py:3239} INFO - Sync 1 DAGs
[2025-06-20T21:33:23.796+0000] {logging_mixin.py:190} INFO - [2025-06-20T21:33:23.795+0000] {dag.py:4180} INFO - Setting next_dagrun for example_branch_labels to 2025-06-19 00:00:00+00:00, run_after=2025-06-20 00:00:00+00:00
[2025-06-20T21:33:23.826+0000] {processor.py:208} INFO - Processing /home/airflow/.local/lib/python3.12/site-packages/airflow/example_dags/example_branch_labels.py took 0.091 seconds
[2025-06-20T21:33:54.430+0000] {processor.py:186} INFO - Started process (PID=1016) to work on /home/airflow/.local/lib/python3.12/site-packages/airflow/example_dags/example_branch_labels.py
[2025-06-20T21:33:54.431+0000] {processor.py:914} INFO - Processing file /home/airflow/.local/lib/python3.12/site-packages/airflow/example_dags/example_branch_labels.py for tasks to queue
[2025-06-20T21:33:54.434+0000] {logging_mixin.py:190} INFO - [2025-06-20T21:33:54.434+0000] {dagbag.py:588} INFO - Filling up the DagBag from /home/airflow/.local/lib/python3.12/site-packages/airflow/example_dags/example_branch_labels.py
[2025-06-20T21:33:54.444+0000] {processor.py:925} INFO - DAG(s) 'example_branch_labels' retrieved from /home/airflow/.local/lib/python3.12/site-packages/airflow/example_dags/example_branch_labels.py
[2025-06-20T21:33:54.464+0000] {logging_mixin.py:190} INFO - [2025-06-20T21:33:54.464+0000] {dag.py:3239} INFO - Sync 1 DAGs
[2025-06-20T21:33:54.488+0000] {logging_mixin.py:190} INFO - [2025-06-20T21:33:54.488+0000] {dag.py:4180} INFO - Setting next_dagrun for example_branch_labels to 2025-06-19 00:00:00+00:00, run_after=2025-06-20 00:00:00+00:00
[2025-06-20T21:33:54.633+0000] {processor.py:208} INFO - Processing /home/airflow/.local/lib/python3.12/site-packages/airflow/example_dags/example_branch_labels.py took 0.209 seconds
[2025-06-20T21:34:25.433+0000] {processor.py:186} INFO - Started process (PID=1080) to work on /home/airflow/.local/lib/python3.12/site-packages/airflow/example_dags/example_branch_labels.py
[2025-06-20T21:34:25.434+0000] {processor.py:914} INFO - Processing file /home/airflow/.local/lib/python3.12/site-packages/airflow/example_dags/example_branch_labels.py for tasks to queue
[2025-06-20T21:34:25.437+0000] {logging_mixin.py:190} INFO - [2025-06-20T21:34:25.437+0000] {dagbag.py:588} INFO - Filling up the DagBag from /home/airflow/.local/lib/python3.12/site-packages/airflow/example_dags/example_branch_labels.py
[2025-06-20T21:34:25.445+0000] {processor.py:925} INFO - DAG(s) 'example_branch_labels' retrieved from /home/airflow/.local/lib/python3.12/site-packages/airflow/example_dags/example_branch_labels.py
[2025-06-20T21:34:25.467+0000] {logging_mixin.py:190} INFO - [2025-06-20T21:34:25.467+0000] {dag.py:3239} INFO - Sync 1 DAGs
[2025-06-20T21:34:25.491+0000] {logging_mixin.py:190} INFO - [2025-06-20T21:34:25.491+0000] {dag.py:4180} INFO - Setting next_dagrun for example_branch_labels to 2025-06-19 00:00:00+00:00, run_after=2025-06-20 00:00:00+00:00
[2025-06-20T21:34:25.515+0000] {processor.py:208} INFO - Processing /home/airflow/.local/lib/python3.12/site-packages/airflow/example_dags/example_branch_labels.py took 0.087 seconds
[2025-06-20T21:34:55.627+0000] {processor.py:186} INFO - Started process (PID=1144) to work on /home/airflow/.local/lib/python3.12/site-packages/airflow/example_dags/example_branch_labels.py
[2025-06-20T21:34:55.629+0000] {processor.py:914} INFO - Processing file /home/airflow/.local/lib/python3.12/site-packages/airflow/example_dags/example_branch_labels.py for tasks to queue
[2025-06-20T21:34:55.631+0000] {logging_mixin.py:190} INFO - [2025-06-20T21:34:55.631+0000] {dagbag.py:588} INFO - Filling up the DagBag from /home/airflow/.local/lib/python3.12/site-packages/airflow/example_dags/example_branch_labels.py
[2025-06-20T21:34:55.640+0000] {processor.py:925} INFO - DAG(s) 'example_branch_labels' retrieved from /home/airflow/.local/lib/python3.12/site-packages/airflow/example_dags/example_branch_labels.py
[2025-06-20T21:34:55.662+0000] {logging_mixin.py:190} INFO - [2025-06-20T21:34:55.662+0000] {dag.py:3239} INFO - Sync 1 DAGs
[2025-06-20T21:34:55.688+0000] {logging_mixin.py:190} INFO - [2025-06-20T21:34:55.687+0000] {dag.py:4180} INFO - Setting next_dagrun for example_branch_labels to 2025-06-19 00:00:00+00:00, run_after=2025-06-20 00:00:00+00:00
[2025-06-20T21:34:55.715+0000] {processor.py:208} INFO - Processing /home/airflow/.local/lib/python3.12/site-packages/airflow/example_dags/example_branch_labels.py took 0.093 seconds
[2025-06-20T21:35:25.766+0000] {processor.py:186} INFO - Started process (PID=1208) to work on /home/airflow/.local/lib/python3.12/site-packages/airflow/example_dags/example_branch_labels.py
[2025-06-20T21:35:25.767+0000] {processor.py:914} INFO - Processing file /home/airflow/.local/lib/python3.12/site-packages/airflow/example_dags/example_branch_labels.py for tasks to queue
[2025-06-20T21:35:25.771+0000] {logging_mixin.py:190} INFO - [2025-06-20T21:35:25.770+0000] {dagbag.py:588} INFO - Filling up the DagBag from /home/airflow/.local/lib/python3.12/site-packages/airflow/example_dags/example_branch_labels.py
[2025-06-20T21:35:25.779+0000] {processor.py:925} INFO - DAG(s) 'example_branch_labels' retrieved from /home/airflow/.local/lib/python3.12/site-packages/airflow/example_dags/example_branch_labels.py
[2025-06-20T21:35:25.798+0000] {logging_mixin.py:190} INFO - [2025-06-20T21:35:25.798+0000] {dag.py:3239} INFO - Sync 1 DAGs
[2025-06-20T21:35:25.821+0000] {logging_mixin.py:190} INFO - [2025-06-20T21:35:25.820+0000] {dag.py:4180} INFO - Setting next_dagrun for example_branch_labels to 2025-06-19 00:00:00+00:00, run_after=2025-06-20 00:00:00+00:00
[2025-06-20T21:35:25.871+0000] {processor.py:208} INFO - Processing /home/airflow/.local/lib/python3.12/site-packages/airflow/example_dags/example_branch_labels.py took 0.110 seconds
[2025-06-20T21:35:56.723+0000] {processor.py:186} INFO - Started process (PID=1272) to work on /home/airflow/.local/lib/python3.12/site-packages/airflow/example_dags/example_branch_labels.py
[2025-06-20T21:35:56.724+0000] {processor.py:914} INFO - Processing file /home/airflow/.local/lib/python3.12/site-packages/airflow/example_dags/example_branch_labels.py for tasks to queue
[2025-06-20T21:35:56.728+0000] {logging_mixin.py:190} INFO - [2025-06-20T21:35:56.728+0000] {dagbag.py:588} INFO - Filling up the DagBag from /home/airflow/.local/lib/python3.12/site-packages/airflow/example_dags/example_branch_labels.py
[2025-06-20T21:35:56.737+0000] {processor.py:925} INFO - DAG(s) 'example_branch_labels' retrieved from /home/airflow/.local/lib/python3.12/site-packages/airflow/example_dags/example_branch_labels.py
[2025-06-20T21:35:56.760+0000] {logging_mixin.py:190} INFO - [2025-06-20T21:35:56.760+0000] {dag.py:3239} INFO - Sync 1 DAGs
[2025-06-20T21:35:56.791+0000] {logging_mixin.py:190} INFO - [2025-06-20T21:35:56.791+0000] {dag.py:4180} INFO - Setting next_dagrun for example_branch_labels to 2025-06-19 00:00:00+00:00, run_after=2025-06-20 00:00:00+00:00
[2025-06-20T21:35:56.843+0000] {processor.py:208} INFO - Processing /home/airflow/.local/lib/python3.12/site-packages/airflow/example_dags/example_branch_labels.py took 0.125 seconds
[2025-06-20T21:36:26.981+0000] {processor.py:186} INFO - Started process (PID=1336) to work on /home/airflow/.local/lib/python3.12/site-packages/airflow/example_dags/example_branch_labels.py
[2025-06-20T21:36:26.983+0000] {processor.py:914} INFO - Processing file /home/airflow/.local/lib/python3.12/site-packages/airflow/example_dags/example_branch_labels.py for tasks to queue
[2025-06-20T21:36:26.985+0000] {logging_mixin.py:190} INFO - [2025-06-20T21:36:26.985+0000] {dagbag.py:588} INFO - Filling up the DagBag from /home/airflow/.local/lib/python3.12/site-packages/airflow/example_dags/example_branch_labels.py
[2025-06-20T21:36:26.994+0000] {processor.py:925} INFO - DAG(s) 'example_branch_labels' retrieved from /home/airflow/.local/lib/python3.12/site-packages/airflow/example_dags/example_branch_labels.py
[2025-06-20T21:36:27.014+0000] {logging_mixin.py:190} INFO - [2025-06-20T21:36:27.014+0000] {dag.py:3239} INFO - Sync 1 DAGs
[2025-06-20T21:36:27.037+0000] {logging_mixin.py:190} INFO - [2025-06-20T21:36:27.037+0000] {dag.py:4180} INFO - Setting next_dagrun for example_branch_labels to 2025-06-19 00:00:00+00:00, run_after=2025-06-20 00:00:00+00:00
[2025-06-20T21:36:27.066+0000] {processor.py:208} INFO - Processing /home/airflow/.local/lib/python3.12/site-packages/airflow/example_dags/example_branch_labels.py took 0.090 seconds
[2025-06-20T21:36:57.662+0000] {processor.py:186} INFO - Started process (PID=1400) to work on /home/airflow/.local/lib/python3.12/site-packages/airflow/example_dags/example_branch_labels.py
[2025-06-20T21:36:57.663+0000] {processor.py:914} INFO - Processing file /home/airflow/.local/lib/python3.12/site-packages/airflow/example_dags/example_branch_labels.py for tasks to queue
[2025-06-20T21:36:57.666+0000] {logging_mixin.py:190} INFO - [2025-06-20T21:36:57.666+0000] {dagbag.py:588} INFO - Filling up the DagBag from /home/airflow/.local/lib/python3.12/site-packages/airflow/example_dags/example_branch_labels.py
[2025-06-20T21:36:57.675+0000] {processor.py:925} INFO - DAG(s) 'example_branch_labels' retrieved from /home/airflow/.local/lib/python3.12/site-packages/airflow/example_dags/example_branch_labels.py
[2025-06-20T21:36:57.696+0000] {logging_mixin.py:190} INFO - [2025-06-20T21:36:57.695+0000] {dag.py:3239} INFO - Sync 1 DAGs
[2025-06-20T21:36:57.721+0000] {logging_mixin.py:190} INFO - [2025-06-20T21:36:57.721+0000] {dag.py:4180} INFO - Setting next_dagrun for example_branch_labels to 2025-06-19 00:00:00+00:00, run_after=2025-06-20 00:00:00+00:00
[2025-06-20T21:36:57.746+0000] {processor.py:208} INFO - Processing /home/airflow/.local/lib/python3.12/site-packages/airflow/example_dags/example_branch_labels.py took 0.089 seconds
[2025-06-20T21:37:28.464+0000] {processor.py:186} INFO - Started process (PID=1464) to work on /home/airflow/.local/lib/python3.12/site-packages/airflow/example_dags/example_branch_labels.py
[2025-06-20T21:37:28.465+0000] {processor.py:914} INFO - Processing file /home/airflow/.local/lib/python3.12/site-packages/airflow/example_dags/example_branch_labels.py for tasks to queue
[2025-06-20T21:37:28.468+0000] {logging_mixin.py:190} INFO - [2025-06-20T21:37:28.468+0000] {dagbag.py:588} INFO - Filling up the DagBag from /home/airflow/.local/lib/python3.12/site-packages/airflow/example_dags/example_branch_labels.py
[2025-06-20T21:37:28.478+0000] {processor.py:925} INFO - DAG(s) 'example_branch_labels' retrieved from /home/airflow/.local/lib/python3.12/site-packages/airflow/example_dags/example_branch_labels.py
[2025-06-20T21:37:28.500+0000] {logging_mixin.py:190} INFO - [2025-06-20T21:37:28.500+0000] {dag.py:3239} INFO - Sync 1 DAGs
[2025-06-20T21:37:28.526+0000] {logging_mixin.py:190} INFO - [2025-06-20T21:37:28.526+0000] {dag.py:4180} INFO - Setting next_dagrun for example_branch_labels to 2025-06-19 00:00:00+00:00, run_after=2025-06-20 00:00:00+00:00
[2025-06-20T21:37:28.552+0000] {processor.py:208} INFO - Processing /home/airflow/.local/lib/python3.12/site-packages/airflow/example_dags/example_branch_labels.py took 0.093 seconds
[2025-06-20T21:37:58.917+0000] {processor.py:186} INFO - Started process (PID=1527) to work on /home/airflow/.local/lib/python3.12/site-packages/airflow/example_dags/example_branch_labels.py
[2025-06-20T21:37:58.919+0000] {processor.py:914} INFO - Processing file /home/airflow/.local/lib/python3.12/site-packages/airflow/example_dags/example_branch_labels.py for tasks to queue
[2025-06-20T21:37:58.922+0000] {logging_mixin.py:190} INFO - [2025-06-20T21:37:58.921+0000] {dagbag.py:588} INFO - Filling up the DagBag from /home/airflow/.local/lib/python3.12/site-packages/airflow/example_dags/example_branch_labels.py
[2025-06-20T21:37:58.938+0000] {processor.py:925} INFO - DAG(s) 'example_branch_labels' retrieved from /home/airflow/.local/lib/python3.12/site-packages/airflow/example_dags/example_branch_labels.py
[2025-06-20T21:37:58.968+0000] {logging_mixin.py:190} INFO - [2025-06-20T21:37:58.967+0000] {dag.py:3239} INFO - Sync 1 DAGs
[2025-06-20T21:37:59.010+0000] {logging_mixin.py:190} INFO - [2025-06-20T21:37:59.009+0000] {dag.py:4180} INFO - Setting next_dagrun for example_branch_labels to 2025-06-19 00:00:00+00:00, run_after=2025-06-20 00:00:00+00:00
[2025-06-20T21:37:59.045+0000] {processor.py:208} INFO - Processing /home/airflow/.local/lib/python3.12/site-packages/airflow/example_dags/example_branch_labels.py took 0.134 seconds
[2025-06-20T21:38:31.115+0000] {processor.py:186} INFO - Started process (PID=1591) to work on /home/airflow/.local/lib/python3.12/site-packages/airflow/example_dags/example_branch_labels.py
[2025-06-20T21:38:31.116+0000] {processor.py:914} INFO - Processing file /home/airflow/.local/lib/python3.12/site-packages/airflow/example_dags/example_branch_labels.py for tasks to queue
[2025-06-20T21:38:31.120+0000] {logging_mixin.py:190} INFO - [2025-06-20T21:38:31.119+0000] {dagbag.py:588} INFO - Filling up the DagBag from /home/airflow/.local/lib/python3.12/site-packages/airflow/example_dags/example_branch_labels.py
[2025-06-20T21:38:31.131+0000] {processor.py:925} INFO - DAG(s) 'example_branch_labels' retrieved from /home/airflow/.local/lib/python3.12/site-packages/airflow/example_dags/example_branch_labels.py
[2025-06-20T21:38:31.159+0000] {logging_mixin.py:190} INFO - [2025-06-20T21:38:31.159+0000] {dag.py:3239} INFO - Sync 1 DAGs
[2025-06-20T21:38:31.184+0000] {logging_mixin.py:190} INFO - [2025-06-20T21:38:31.184+0000] {dag.py:4180} INFO - Setting next_dagrun for example_branch_labels to 2025-06-19 00:00:00+00:00, run_after=2025-06-20 00:00:00+00:00
[2025-06-20T21:38:31.233+0000] {processor.py:208} INFO - Processing /home/airflow/.local/lib/python3.12/site-packages/airflow/example_dags/example_branch_labels.py took 0.123 seconds
[2025-06-20T21:39:01.803+0000] {processor.py:186} INFO - Started process (PID=1655) to work on /home/airflow/.local/lib/python3.12/site-packages/airflow/example_dags/example_branch_labels.py
[2025-06-20T21:39:01.804+0000] {processor.py:914} INFO - Processing file /home/airflow/.local/lib/python3.12/site-packages/airflow/example_dags/example_branch_labels.py for tasks to queue
[2025-06-20T21:39:01.806+0000] {logging_mixin.py:190} INFO - [2025-06-20T21:39:01.806+0000] {dagbag.py:588} INFO - Filling up the DagBag from /home/airflow/.local/lib/python3.12/site-packages/airflow/example_dags/example_branch_labels.py
[2025-06-20T21:39:01.816+0000] {processor.py:925} INFO - DAG(s) 'example_branch_labels' retrieved from /home/airflow/.local/lib/python3.12/site-packages/airflow/example_dags/example_branch_labels.py
[2025-06-20T21:39:01.839+0000] {logging_mixin.py:190} INFO - [2025-06-20T21:39:01.839+0000] {dag.py:3239} INFO - Sync 1 DAGs
[2025-06-20T21:39:01.868+0000] {logging_mixin.py:190} INFO - [2025-06-20T21:39:01.868+0000] {dag.py:4180} INFO - Setting next_dagrun for example_branch_labels to 2025-06-19 00:00:00+00:00, run_after=2025-06-20 00:00:00+00:00
[2025-06-20T21:39:01.969+0000] {processor.py:208} INFO - Processing /home/airflow/.local/lib/python3.12/site-packages/airflow/example_dags/example_branch_labels.py took 0.173 seconds
[2025-06-20T21:39:32.669+0000] {processor.py:186} INFO - Started process (PID=1714) to work on /home/airflow/.local/lib/python3.12/site-packages/airflow/example_dags/example_branch_labels.py
[2025-06-20T21:39:32.670+0000] {processor.py:914} INFO - Processing file /home/airflow/.local/lib/python3.12/site-packages/airflow/example_dags/example_branch_labels.py for tasks to queue
[2025-06-20T21:39:32.672+0000] {logging_mixin.py:190} INFO - [2025-06-20T21:39:32.671+0000] {dagbag.py:588} INFO - Filling up the DagBag from /home/airflow/.local/lib/python3.12/site-packages/airflow/example_dags/example_branch_labels.py
[2025-06-20T21:39:32.680+0000] {processor.py:925} INFO - DAG(s) 'example_branch_labels' retrieved from /home/airflow/.local/lib/python3.12/site-packages/airflow/example_dags/example_branch_labels.py
[2025-06-20T21:39:32.699+0000] {logging_mixin.py:190} INFO - [2025-06-20T21:39:32.699+0000] {dag.py:3239} INFO - Sync 1 DAGs
[2025-06-20T21:39:32.721+0000] {logging_mixin.py:190} INFO - [2025-06-20T21:39:32.721+0000] {dag.py:4180} INFO - Setting next_dagrun for example_branch_labels to 2025-06-19 00:00:00+00:00, run_after=2025-06-20 00:00:00+00:00
[2025-06-20T21:39:32.751+0000] {processor.py:208} INFO - Processing /home/airflow/.local/lib/python3.12/site-packages/airflow/example_dags/example_branch_labels.py took 0.088 seconds
[2025-06-20T21:40:04.696+0000] {processor.py:186} INFO - Started process (PID=1778) to work on /home/airflow/.local/lib/python3.12/site-packages/airflow/example_dags/example_branch_labels.py
[2025-06-20T21:40:04.697+0000] {processor.py:914} INFO - Processing file /home/airflow/.local/lib/python3.12/site-packages/airflow/example_dags/example_branch_labels.py for tasks to queue
[2025-06-20T21:40:04.699+0000] {logging_mixin.py:190} INFO - [2025-06-20T21:40:04.699+0000] {dagbag.py:588} INFO - Filling up the DagBag from /home/airflow/.local/lib/python3.12/site-packages/airflow/example_dags/example_branch_labels.py
[2025-06-20T21:40:04.709+0000] {processor.py:925} INFO - DAG(s) 'example_branch_labels' retrieved from /home/airflow/.local/lib/python3.12/site-packages/airflow/example_dags/example_branch_labels.py
[2025-06-20T21:40:04.730+0000] {logging_mixin.py:190} INFO - [2025-06-20T21:40:04.730+0000] {dag.py:3239} INFO - Sync 1 DAGs
[2025-06-20T21:40:04.753+0000] {logging_mixin.py:190} INFO - [2025-06-20T21:40:04.752+0000] {dag.py:4180} INFO - Setting next_dagrun for example_branch_labels to 2025-06-19 00:00:00+00:00, run_after=2025-06-20 00:00:00+00:00
[2025-06-20T21:40:04.783+0000] {processor.py:208} INFO - Processing /home/airflow/.local/lib/python3.12/site-packages/airflow/example_dags/example_branch_labels.py took 0.093 seconds
[2025-06-20T21:40:35.722+0000] {processor.py:186} INFO - Started process (PID=1842) to work on /home/airflow/.local/lib/python3.12/site-packages/airflow/example_dags/example_branch_labels.py
[2025-06-20T21:40:35.723+0000] {processor.py:914} INFO - Processing file /home/airflow/.local/lib/python3.12/site-packages/airflow/example_dags/example_branch_labels.py for tasks to queue
[2025-06-20T21:40:35.725+0000] {logging_mixin.py:190} INFO - [2025-06-20T21:40:35.725+0000] {dagbag.py:588} INFO - Filling up the DagBag from /home/airflow/.local/lib/python3.12/site-packages/airflow/example_dags/example_branch_labels.py
[2025-06-20T21:40:35.735+0000] {processor.py:925} INFO - DAG(s) 'example_branch_labels' retrieved from /home/airflow/.local/lib/python3.12/site-packages/airflow/example_dags/example_branch_labels.py
[2025-06-20T21:40:35.754+0000] {logging_mixin.py:190} INFO - [2025-06-20T21:40:35.754+0000] {dag.py:3239} INFO - Sync 1 DAGs
[2025-06-20T21:40:35.775+0000] {logging_mixin.py:190} INFO - [2025-06-20T21:40:35.775+0000] {dag.py:4180} INFO - Setting next_dagrun for example_branch_labels to 2025-06-19 00:00:00+00:00, run_after=2025-06-20 00:00:00+00:00
[2025-06-20T21:40:35.802+0000] {processor.py:208} INFO - Processing /home/airflow/.local/lib/python3.12/site-packages/airflow/example_dags/example_branch_labels.py took 0.085 seconds
[2025-06-20T21:41:06.189+0000] {processor.py:186} INFO - Started process (PID=1905) to work on /home/airflow/.local/lib/python3.12/site-packages/airflow/example_dags/example_branch_labels.py
[2025-06-20T21:41:06.190+0000] {processor.py:914} INFO - Processing file /home/airflow/.local/lib/python3.12/site-packages/airflow/example_dags/example_branch_labels.py for tasks to queue
[2025-06-20T21:41:06.192+0000] {logging_mixin.py:190} INFO - [2025-06-20T21:41:06.192+0000] {dagbag.py:588} INFO - Filling up the DagBag from /home/airflow/.local/lib/python3.12/site-packages/airflow/example_dags/example_branch_labels.py
[2025-06-20T21:41:06.202+0000] {processor.py:925} INFO - DAG(s) 'example_branch_labels' retrieved from /home/airflow/.local/lib/python3.12/site-packages/airflow/example_dags/example_branch_labels.py
[2025-06-20T21:41:06.227+0000] {logging_mixin.py:190} INFO - [2025-06-20T21:41:06.227+0000] {dag.py:3239} INFO - Sync 1 DAGs
[2025-06-20T21:41:06.251+0000] {logging_mixin.py:190} INFO - [2025-06-20T21:41:06.250+0000] {dag.py:4180} INFO - Setting next_dagrun for example_branch_labels to 2025-06-19 00:00:00+00:00, run_after=2025-06-20 00:00:00+00:00
[2025-06-20T21:41:06.288+0000] {processor.py:208} INFO - Processing /home/airflow/.local/lib/python3.12/site-packages/airflow/example_dags/example_branch_labels.py took 0.105 seconds
[2025-06-20T21:41:36.880+0000] {processor.py:186} INFO - Started process (PID=1964) to work on /home/airflow/.local/lib/python3.12/site-packages/airflow/example_dags/example_branch_labels.py
[2025-06-20T21:41:36.882+0000] {processor.py:914} INFO - Processing file /home/airflow/.local/lib/python3.12/site-packages/airflow/example_dags/example_branch_labels.py for tasks to queue
[2025-06-20T21:41:36.884+0000] {logging_mixin.py:190} INFO - [2025-06-20T21:41:36.884+0000] {dagbag.py:588} INFO - Filling up the DagBag from /home/airflow/.local/lib/python3.12/site-packages/airflow/example_dags/example_branch_labels.py
[2025-06-20T21:41:36.894+0000] {processor.py:925} INFO - DAG(s) 'example_branch_labels' retrieved from /home/airflow/.local/lib/python3.12/site-packages/airflow/example_dags/example_branch_labels.py
[2025-06-20T21:41:36.915+0000] {logging_mixin.py:190} INFO - [2025-06-20T21:41:36.915+0000] {dag.py:3239} INFO - Sync 1 DAGs
[2025-06-20T21:41:36.940+0000] {logging_mixin.py:190} INFO - [2025-06-20T21:41:36.940+0000] {dag.py:4180} INFO - Setting next_dagrun for example_branch_labels to 2025-06-19 00:00:00+00:00, run_after=2025-06-20 00:00:00+00:00
[2025-06-20T21:41:36.969+0000] {processor.py:208} INFO - Processing /home/airflow/.local/lib/python3.12/site-packages/airflow/example_dags/example_branch_labels.py took 0.094 seconds
[2025-06-20T21:42:09.486+0000] {processor.py:186} INFO - Started process (PID=2034) to work on /home/airflow/.local/lib/python3.12/site-packages/airflow/example_dags/example_branch_labels.py
[2025-06-20T21:42:09.487+0000] {processor.py:914} INFO - Processing file /home/airflow/.local/lib/python3.12/site-packages/airflow/example_dags/example_branch_labels.py for tasks to queue
[2025-06-20T21:42:09.490+0000] {logging_mixin.py:190} INFO - [2025-06-20T21:42:09.489+0000] {dagbag.py:588} INFO - Filling up the DagBag from /home/airflow/.local/lib/python3.12/site-packages/airflow/example_dags/example_branch_labels.py
[2025-06-20T21:42:09.501+0000] {processor.py:925} INFO - DAG(s) 'example_branch_labels' retrieved from /home/airflow/.local/lib/python3.12/site-packages/airflow/example_dags/example_branch_labels.py
[2025-06-20T21:42:09.532+0000] {logging_mixin.py:190} INFO - [2025-06-20T21:42:09.532+0000] {dag.py:3239} INFO - Sync 1 DAGs
[2025-06-20T21:42:09.558+0000] {logging_mixin.py:190} INFO - [2025-06-20T21:42:09.558+0000] {dag.py:4180} INFO - Setting next_dagrun for example_branch_labels to 2025-06-19 00:00:00+00:00, run_after=2025-06-20 00:00:00+00:00
[2025-06-20T21:42:09.589+0000] {processor.py:208} INFO - Processing /home/airflow/.local/lib/python3.12/site-packages/airflow/example_dags/example_branch_labels.py took 0.108 seconds
[2025-06-20T21:42:40.614+0000] {processor.py:186} INFO - Started process (PID=2098) to work on /home/airflow/.local/lib/python3.12/site-packages/airflow/example_dags/example_branch_labels.py
[2025-06-20T21:42:40.616+0000] {processor.py:914} INFO - Processing file /home/airflow/.local/lib/python3.12/site-packages/airflow/example_dags/example_branch_labels.py for tasks to queue
[2025-06-20T21:42:40.618+0000] {logging_mixin.py:190} INFO - [2025-06-20T21:42:40.618+0000] {dagbag.py:588} INFO - Filling up the DagBag from /home/airflow/.local/lib/python3.12/site-packages/airflow/example_dags/example_branch_labels.py
[2025-06-20T21:42:40.627+0000] {processor.py:925} INFO - DAG(s) 'example_branch_labels' retrieved from /home/airflow/.local/lib/python3.12/site-packages/airflow/example_dags/example_branch_labels.py
[2025-06-20T21:42:40.646+0000] {logging_mixin.py:190} INFO - [2025-06-20T21:42:40.646+0000] {dag.py:3239} INFO - Sync 1 DAGs
[2025-06-20T21:42:40.669+0000] {logging_mixin.py:190} INFO - [2025-06-20T21:42:40.669+0000] {dag.py:4180} INFO - Setting next_dagrun for example_branch_labels to 2025-06-19 00:00:00+00:00, run_after=2025-06-20 00:00:00+00:00
[2025-06-20T21:42:40.694+0000] {processor.py:208} INFO - Processing /home/airflow/.local/lib/python3.12/site-packages/airflow/example_dags/example_branch_labels.py took 0.084 seconds
[2025-06-20T21:43:12.157+0000] {processor.py:186} INFO - Started process (PID=2158) to work on /home/airflow/.local/lib/python3.12/site-packages/airflow/example_dags/example_branch_labels.py
[2025-06-20T21:43:12.158+0000] {processor.py:914} INFO - Processing file /home/airflow/.local/lib/python3.12/site-packages/airflow/example_dags/example_branch_labels.py for tasks to queue
[2025-06-20T21:43:12.161+0000] {logging_mixin.py:190} INFO - [2025-06-20T21:43:12.160+0000] {dagbag.py:588} INFO - Filling up the DagBag from /home/airflow/.local/lib/python3.12/site-packages/airflow/example_dags/example_branch_labels.py
[2025-06-20T21:43:12.170+0000] {processor.py:925} INFO - DAG(s) 'example_branch_labels' retrieved from /home/airflow/.local/lib/python3.12/site-packages/airflow/example_dags/example_branch_labels.py
[2025-06-20T21:43:12.191+0000] {logging_mixin.py:190} INFO - [2025-06-20T21:43:12.191+0000] {dag.py:3239} INFO - Sync 1 DAGs
[2025-06-20T21:43:12.215+0000] {logging_mixin.py:190} INFO - [2025-06-20T21:43:12.215+0000] {dag.py:4180} INFO - Setting next_dagrun for example_branch_labels to 2025-06-19 00:00:00+00:00, run_after=2025-06-20 00:00:00+00:00
[2025-06-20T21:43:12.242+0000] {processor.py:208} INFO - Processing /home/airflow/.local/lib/python3.12/site-packages/airflow/example_dags/example_branch_labels.py took 0.090 seconds
[2025-06-20T21:43:43.592+0000] {processor.py:186} INFO - Started process (PID=2224) to work on /home/airflow/.local/lib/python3.12/site-packages/airflow/example_dags/example_branch_labels.py
[2025-06-20T21:43:43.593+0000] {processor.py:914} INFO - Processing file /home/airflow/.local/lib/python3.12/site-packages/airflow/example_dags/example_branch_labels.py for tasks to queue
[2025-06-20T21:43:43.595+0000] {logging_mixin.py:190} INFO - [2025-06-20T21:43:43.595+0000] {dagbag.py:588} INFO - Filling up the DagBag from /home/airflow/.local/lib/python3.12/site-packages/airflow/example_dags/example_branch_labels.py
[2025-06-20T21:43:43.604+0000] {processor.py:925} INFO - DAG(s) 'example_branch_labels' retrieved from /home/airflow/.local/lib/python3.12/site-packages/airflow/example_dags/example_branch_labels.py
[2025-06-20T21:43:43.624+0000] {logging_mixin.py:190} INFO - [2025-06-20T21:43:43.624+0000] {dag.py:3239} INFO - Sync 1 DAGs
[2025-06-20T21:43:43.646+0000] {logging_mixin.py:190} INFO - [2025-06-20T21:43:43.646+0000] {dag.py:4180} INFO - Setting next_dagrun for example_branch_labels to 2025-06-19 00:00:00+00:00, run_after=2025-06-20 00:00:00+00:00
[2025-06-20T21:43:43.688+0000] {processor.py:208} INFO - Processing /home/airflow/.local/lib/python3.12/site-packages/airflow/example_dags/example_branch_labels.py took 0.101 seconds
[2025-06-20T21:44:15.055+0000] {processor.py:186} INFO - Started process (PID=2294) to work on /home/airflow/.local/lib/python3.12/site-packages/airflow/example_dags/example_branch_labels.py
[2025-06-20T21:44:15.056+0000] {processor.py:914} INFO - Processing file /home/airflow/.local/lib/python3.12/site-packages/airflow/example_dags/example_branch_labels.py for tasks to queue
[2025-06-20T21:44:15.058+0000] {logging_mixin.py:190} INFO - [2025-06-20T21:44:15.058+0000] {dagbag.py:588} INFO - Filling up the DagBag from /home/airflow/.local/lib/python3.12/site-packages/airflow/example_dags/example_branch_labels.py
[2025-06-20T21:44:15.067+0000] {processor.py:925} INFO - DAG(s) 'example_branch_labels' retrieved from /home/airflow/.local/lib/python3.12/site-packages/airflow/example_dags/example_branch_labels.py
[2025-06-20T21:44:15.087+0000] {logging_mixin.py:190} INFO - [2025-06-20T21:44:15.086+0000] {dag.py:3239} INFO - Sync 1 DAGs
[2025-06-20T21:44:15.110+0000] {logging_mixin.py:190} INFO - [2025-06-20T21:44:15.110+0000] {dag.py:4180} INFO - Setting next_dagrun for example_branch_labels to 2025-06-19 00:00:00+00:00, run_after=2025-06-20 00:00:00+00:00
[2025-06-20T21:44:15.135+0000] {processor.py:208} INFO - Processing /home/airflow/.local/lib/python3.12/site-packages/airflow/example_dags/example_branch_labels.py took 0.086 seconds
[2025-06-20T21:44:46.477+0000] {processor.py:186} INFO - Started process (PID=2358) to work on /home/airflow/.local/lib/python3.12/site-packages/airflow/example_dags/example_branch_labels.py
[2025-06-20T21:44:46.479+0000] {processor.py:914} INFO - Processing file /home/airflow/.local/lib/python3.12/site-packages/airflow/example_dags/example_branch_labels.py for tasks to queue
[2025-06-20T21:44:46.481+0000] {logging_mixin.py:190} INFO - [2025-06-20T21:44:46.481+0000] {dagbag.py:588} INFO - Filling up the DagBag from /home/airflow/.local/lib/python3.12/site-packages/airflow/example_dags/example_branch_labels.py
[2025-06-20T21:44:46.490+0000] {processor.py:925} INFO - DAG(s) 'example_branch_labels' retrieved from /home/airflow/.local/lib/python3.12/site-packages/airflow/example_dags/example_branch_labels.py
[2025-06-20T21:44:46.512+0000] {logging_mixin.py:190} INFO - [2025-06-20T21:44:46.512+0000] {dag.py:3239} INFO - Sync 1 DAGs
[2025-06-20T21:44:46.536+0000] {logging_mixin.py:190} INFO - [2025-06-20T21:44:46.536+0000] {dag.py:4180} INFO - Setting next_dagrun for example_branch_labels to 2025-06-19 00:00:00+00:00, run_after=2025-06-20 00:00:00+00:00
[2025-06-20T21:44:46.565+0000] {processor.py:208} INFO - Processing /home/airflow/.local/lib/python3.12/site-packages/airflow/example_dags/example_branch_labels.py took 0.093 seconds
[2025-06-20T21:45:18.540+0000] {processor.py:186} INFO - Started process (PID=2422) to work on /home/airflow/.local/lib/python3.12/site-packages/airflow/example_dags/example_branch_labels.py
[2025-06-20T21:45:18.541+0000] {processor.py:914} INFO - Processing file /home/airflow/.local/lib/python3.12/site-packages/airflow/example_dags/example_branch_labels.py for tasks to queue
[2025-06-20T21:45:18.544+0000] {logging_mixin.py:190} INFO - [2025-06-20T21:45:18.543+0000] {dagbag.py:588} INFO - Filling up the DagBag from /home/airflow/.local/lib/python3.12/site-packages/airflow/example_dags/example_branch_labels.py
[2025-06-20T21:45:18.552+0000] {processor.py:925} INFO - DAG(s) 'example_branch_labels' retrieved from /home/airflow/.local/lib/python3.12/site-packages/airflow/example_dags/example_branch_labels.py
[2025-06-20T21:45:18.572+0000] {logging_mixin.py:190} INFO - [2025-06-20T21:45:18.572+0000] {dag.py:3239} INFO - Sync 1 DAGs
[2025-06-20T21:45:18.595+0000] {logging_mixin.py:190} INFO - [2025-06-20T21:45:18.595+0000] {dag.py:4180} INFO - Setting next_dagrun for example_branch_labels to 2025-06-19 00:00:00+00:00, run_after=2025-06-20 00:00:00+00:00
[2025-06-20T21:45:18.625+0000] {processor.py:208} INFO - Processing /home/airflow/.local/lib/python3.12/site-packages/airflow/example_dags/example_branch_labels.py took 0.090 seconds
[2025-06-20T21:45:50.541+0000] {processor.py:186} INFO - Started process (PID=2486) to work on /home/airflow/.local/lib/python3.12/site-packages/airflow/example_dags/example_branch_labels.py
[2025-06-20T21:45:50.542+0000] {processor.py:914} INFO - Processing file /home/airflow/.local/lib/python3.12/site-packages/airflow/example_dags/example_branch_labels.py for tasks to queue
[2025-06-20T21:45:50.544+0000] {logging_mixin.py:190} INFO - [2025-06-20T21:45:50.544+0000] {dagbag.py:588} INFO - Filling up the DagBag from /home/airflow/.local/lib/python3.12/site-packages/airflow/example_dags/example_branch_labels.py
[2025-06-20T21:45:50.554+0000] {processor.py:925} INFO - DAG(s) 'example_branch_labels' retrieved from /home/airflow/.local/lib/python3.12/site-packages/airflow/example_dags/example_branch_labels.py
[2025-06-20T21:45:50.576+0000] {logging_mixin.py:190} INFO - [2025-06-20T21:45:50.576+0000] {dag.py:3239} INFO - Sync 1 DAGs
[2025-06-20T21:45:50.605+0000] {logging_mixin.py:190} INFO - [2025-06-20T21:45:50.605+0000] {dag.py:4180} INFO - Setting next_dagrun for example_branch_labels to 2025-06-19 00:00:00+00:00, run_after=2025-06-20 00:00:00+00:00
[2025-06-20T21:45:50.680+0000] {processor.py:208} INFO - Processing /home/airflow/.local/lib/python3.12/site-packages/airflow/example_dags/example_branch_labels.py took 0.146 seconds
[2025-06-20T21:46:22.101+0000] {processor.py:186} INFO - Started process (PID=2550) to work on /home/airflow/.local/lib/python3.12/site-packages/airflow/example_dags/example_branch_labels.py
[2025-06-20T21:46:22.102+0000] {processor.py:914} INFO - Processing file /home/airflow/.local/lib/python3.12/site-packages/airflow/example_dags/example_branch_labels.py for tasks to queue
[2025-06-20T21:46:22.105+0000] {logging_mixin.py:190} INFO - [2025-06-20T21:46:22.105+0000] {dagbag.py:588} INFO - Filling up the DagBag from /home/airflow/.local/lib/python3.12/site-packages/airflow/example_dags/example_branch_labels.py
[2025-06-20T21:46:22.116+0000] {processor.py:925} INFO - DAG(s) 'example_branch_labels' retrieved from /home/airflow/.local/lib/python3.12/site-packages/airflow/example_dags/example_branch_labels.py
[2025-06-20T21:46:22.139+0000] {logging_mixin.py:190} INFO - [2025-06-20T21:46:22.139+0000] {dag.py:3239} INFO - Sync 1 DAGs
[2025-06-20T21:46:22.164+0000] {logging_mixin.py:190} INFO - [2025-06-20T21:46:22.164+0000] {dag.py:4180} INFO - Setting next_dagrun for example_branch_labels to 2025-06-19 00:00:00+00:00, run_after=2025-06-20 00:00:00+00:00
[2025-06-20T21:46:22.196+0000] {processor.py:208} INFO - Processing /home/airflow/.local/lib/python3.12/site-packages/airflow/example_dags/example_branch_labels.py took 0.100 seconds
[2025-06-20T21:46:53.028+0000] {processor.py:186} INFO - Started process (PID=2614) to work on /home/airflow/.local/lib/python3.12/site-packages/airflow/example_dags/example_branch_labels.py
[2025-06-20T21:46:53.029+0000] {processor.py:914} INFO - Processing file /home/airflow/.local/lib/python3.12/site-packages/airflow/example_dags/example_branch_labels.py for tasks to queue
[2025-06-20T21:46:53.032+0000] {logging_mixin.py:190} INFO - [2025-06-20T21:46:53.031+0000] {dagbag.py:588} INFO - Filling up the DagBag from /home/airflow/.local/lib/python3.12/site-packages/airflow/example_dags/example_branch_labels.py
[2025-06-20T21:46:53.040+0000] {processor.py:925} INFO - DAG(s) 'example_branch_labels' retrieved from /home/airflow/.local/lib/python3.12/site-packages/airflow/example_dags/example_branch_labels.py
[2025-06-20T21:46:53.061+0000] {logging_mixin.py:190} INFO - [2025-06-20T21:46:53.061+0000] {dag.py:3239} INFO - Sync 1 DAGs
[2025-06-20T21:46:53.084+0000] {logging_mixin.py:190} INFO - [2025-06-20T21:46:53.084+0000] {dag.py:4180} INFO - Setting next_dagrun for example_branch_labels to 2025-06-19 00:00:00+00:00, run_after=2025-06-20 00:00:00+00:00
[2025-06-20T21:46:53.120+0000] {processor.py:208} INFO - Processing /home/airflow/.local/lib/python3.12/site-packages/airflow/example_dags/example_branch_labels.py took 0.097 seconds
[2025-06-20T21:47:24.284+0000] {processor.py:186} INFO - Started process (PID=2678) to work on /home/airflow/.local/lib/python3.12/site-packages/airflow/example_dags/example_branch_labels.py
[2025-06-20T21:47:24.285+0000] {processor.py:914} INFO - Processing file /home/airflow/.local/lib/python3.12/site-packages/airflow/example_dags/example_branch_labels.py for tasks to queue
[2025-06-20T21:47:24.288+0000] {logging_mixin.py:190} INFO - [2025-06-20T21:47:24.287+0000] {dagbag.py:588} INFO - Filling up the DagBag from /home/airflow/.local/lib/python3.12/site-packages/airflow/example_dags/example_branch_labels.py
[2025-06-20T21:47:24.297+0000] {processor.py:925} INFO - DAG(s) 'example_branch_labels' retrieved from /home/airflow/.local/lib/python3.12/site-packages/airflow/example_dags/example_branch_labels.py
[2025-06-20T21:47:24.319+0000] {logging_mixin.py:190} INFO - [2025-06-20T21:47:24.318+0000] {dag.py:3239} INFO - Sync 1 DAGs
[2025-06-20T21:47:24.344+0000] {logging_mixin.py:190} INFO - [2025-06-20T21:47:24.344+0000] {dag.py:4180} INFO - Setting next_dagrun for example_branch_labels to 2025-06-19 00:00:00+00:00, run_after=2025-06-20 00:00:00+00:00
[2025-06-20T21:47:24.379+0000] {processor.py:208} INFO - Processing /home/airflow/.local/lib/python3.12/site-packages/airflow/example_dags/example_branch_labels.py took 0.101 seconds
[2025-06-20T21:47:56.282+0000] {processor.py:186} INFO - Started process (PID=2742) to work on /home/airflow/.local/lib/python3.12/site-packages/airflow/example_dags/example_branch_labels.py
[2025-06-20T21:47:56.284+0000] {processor.py:914} INFO - Processing file /home/airflow/.local/lib/python3.12/site-packages/airflow/example_dags/example_branch_labels.py for tasks to queue
[2025-06-20T21:47:56.287+0000] {logging_mixin.py:190} INFO - [2025-06-20T21:47:56.286+0000] {dagbag.py:588} INFO - Filling up the DagBag from /home/airflow/.local/lib/python3.12/site-packages/airflow/example_dags/example_branch_labels.py
[2025-06-20T21:47:56.297+0000] {processor.py:925} INFO - DAG(s) 'example_branch_labels' retrieved from /home/airflow/.local/lib/python3.12/site-packages/airflow/example_dags/example_branch_labels.py
[2025-06-20T21:47:56.319+0000] {logging_mixin.py:190} INFO - [2025-06-20T21:47:56.319+0000] {dag.py:3239} INFO - Sync 1 DAGs
[2025-06-20T21:47:56.348+0000] {logging_mixin.py:190} INFO - [2025-06-20T21:47:56.348+0000] {dag.py:4180} INFO - Setting next_dagrun for example_branch_labels to 2025-06-19 00:00:00+00:00, run_after=2025-06-20 00:00:00+00:00
[2025-06-20T21:47:56.452+0000] {processor.py:208} INFO - Processing /home/airflow/.local/lib/python3.12/site-packages/airflow/example_dags/example_branch_labels.py took 0.177 seconds
[2025-06-20T21:48:27.550+0000] {processor.py:186} INFO - Started process (PID=2806) to work on /home/airflow/.local/lib/python3.12/site-packages/airflow/example_dags/example_branch_labels.py
[2025-06-20T21:48:27.551+0000] {processor.py:914} INFO - Processing file /home/airflow/.local/lib/python3.12/site-packages/airflow/example_dags/example_branch_labels.py for tasks to queue
[2025-06-20T21:48:27.554+0000] {logging_mixin.py:190} INFO - [2025-06-20T21:48:27.553+0000] {dagbag.py:588} INFO - Filling up the DagBag from /home/airflow/.local/lib/python3.12/site-packages/airflow/example_dags/example_branch_labels.py
[2025-06-20T21:48:27.562+0000] {processor.py:925} INFO - DAG(s) 'example_branch_labels' retrieved from /home/airflow/.local/lib/python3.12/site-packages/airflow/example_dags/example_branch_labels.py
[2025-06-20T21:48:27.581+0000] {logging_mixin.py:190} INFO - [2025-06-20T21:48:27.581+0000] {dag.py:3239} INFO - Sync 1 DAGs
[2025-06-20T21:48:27.603+0000] {logging_mixin.py:190} INFO - [2025-06-20T21:48:27.603+0000] {dag.py:4180} INFO - Setting next_dagrun for example_branch_labels to 2025-06-19 00:00:00+00:00, run_after=2025-06-20 00:00:00+00:00
[2025-06-20T21:48:27.631+0000] {processor.py:208} INFO - Processing /home/airflow/.local/lib/python3.12/site-packages/airflow/example_dags/example_branch_labels.py took 0.087 seconds
[2025-06-20T21:48:58.593+0000] {processor.py:186} INFO - Started process (PID=2870) to work on /home/airflow/.local/lib/python3.12/site-packages/airflow/example_dags/example_branch_labels.py
[2025-06-20T21:48:58.594+0000] {processor.py:914} INFO - Processing file /home/airflow/.local/lib/python3.12/site-packages/airflow/example_dags/example_branch_labels.py for tasks to queue
[2025-06-20T21:48:58.596+0000] {logging_mixin.py:190} INFO - [2025-06-20T21:48:58.596+0000] {dagbag.py:588} INFO - Filling up the DagBag from /home/airflow/.local/lib/python3.12/site-packages/airflow/example_dags/example_branch_labels.py
[2025-06-20T21:48:58.606+0000] {processor.py:925} INFO - DAG(s) 'example_branch_labels' retrieved from /home/airflow/.local/lib/python3.12/site-packages/airflow/example_dags/example_branch_labels.py
[2025-06-20T21:48:58.627+0000] {logging_mixin.py:190} INFO - [2025-06-20T21:48:58.627+0000] {dag.py:3239} INFO - Sync 1 DAGs
[2025-06-20T21:48:58.650+0000] {logging_mixin.py:190} INFO - [2025-06-20T21:48:58.650+0000] {dag.py:4180} INFO - Setting next_dagrun for example_branch_labels to 2025-06-19 00:00:00+00:00, run_after=2025-06-20 00:00:00+00:00
[2025-06-20T21:48:58.680+0000] {processor.py:208} INFO - Processing /home/airflow/.local/lib/python3.12/site-packages/airflow/example_dags/example_branch_labels.py took 0.093 seconds
[2025-06-20T21:49:30.032+0000] {processor.py:186} INFO - Started process (PID=2934) to work on /home/airflow/.local/lib/python3.12/site-packages/airflow/example_dags/example_branch_labels.py
[2025-06-20T21:49:30.034+0000] {processor.py:914} INFO - Processing file /home/airflow/.local/lib/python3.12/site-packages/airflow/example_dags/example_branch_labels.py for tasks to queue
[2025-06-20T21:49:30.037+0000] {logging_mixin.py:190} INFO - [2025-06-20T21:49:30.036+0000] {dagbag.py:588} INFO - Filling up the DagBag from /home/airflow/.local/lib/python3.12/site-packages/airflow/example_dags/example_branch_labels.py
[2025-06-20T21:49:30.045+0000] {processor.py:925} INFO - DAG(s) 'example_branch_labels' retrieved from /home/airflow/.local/lib/python3.12/site-packages/airflow/example_dags/example_branch_labels.py
[2025-06-20T21:49:30.066+0000] {logging_mixin.py:190} INFO - [2025-06-20T21:49:30.066+0000] {dag.py:3239} INFO - Sync 1 DAGs
[2025-06-20T21:49:30.089+0000] {logging_mixin.py:190} INFO - [2025-06-20T21:49:30.089+0000] {dag.py:4180} INFO - Setting next_dagrun for example_branch_labels to 2025-06-19 00:00:00+00:00, run_after=2025-06-20 00:00:00+00:00
[2025-06-20T21:49:30.122+0000] {processor.py:208} INFO - Processing /home/airflow/.local/lib/python3.12/site-packages/airflow/example_dags/example_branch_labels.py took 0.095 seconds
[2025-06-20T21:50:01.582+0000] {processor.py:186} INFO - Started process (PID=2998) to work on /home/airflow/.local/lib/python3.12/site-packages/airflow/example_dags/example_branch_labels.py
[2025-06-20T21:50:01.583+0000] {processor.py:914} INFO - Processing file /home/airflow/.local/lib/python3.12/site-packages/airflow/example_dags/example_branch_labels.py for tasks to queue
[2025-06-20T21:50:01.586+0000] {logging_mixin.py:190} INFO - [2025-06-20T21:50:01.586+0000] {dagbag.py:588} INFO - Filling up the DagBag from /home/airflow/.local/lib/python3.12/site-packages/airflow/example_dags/example_branch_labels.py
[2025-06-20T21:50:01.596+0000] {processor.py:925} INFO - DAG(s) 'example_branch_labels' retrieved from /home/airflow/.local/lib/python3.12/site-packages/airflow/example_dags/example_branch_labels.py
[2025-06-20T21:50:01.618+0000] {logging_mixin.py:190} INFO - [2025-06-20T21:50:01.618+0000] {dag.py:3239} INFO - Sync 1 DAGs
[2025-06-20T21:50:01.640+0000] {logging_mixin.py:190} INFO - [2025-06-20T21:50:01.639+0000] {dag.py:4180} INFO - Setting next_dagrun for example_branch_labels to 2025-06-19 00:00:00+00:00, run_after=2025-06-20 00:00:00+00:00
[2025-06-20T21:50:01.664+0000] {processor.py:208} INFO - Processing /home/airflow/.local/lib/python3.12/site-packages/airflow/example_dags/example_branch_labels.py took 0.088 seconds
[2025-06-20T21:50:34.297+0000] {processor.py:186} INFO - Started process (PID=3062) to work on /home/airflow/.local/lib/python3.12/site-packages/airflow/example_dags/example_branch_labels.py
[2025-06-20T21:50:34.298+0000] {processor.py:914} INFO - Processing file /home/airflow/.local/lib/python3.12/site-packages/airflow/example_dags/example_branch_labels.py for tasks to queue
[2025-06-20T21:50:34.300+0000] {logging_mixin.py:190} INFO - [2025-06-20T21:50:34.300+0000] {dagbag.py:588} INFO - Filling up the DagBag from /home/airflow/.local/lib/python3.12/site-packages/airflow/example_dags/example_branch_labels.py
[2025-06-20T21:50:34.310+0000] {processor.py:925} INFO - DAG(s) 'example_branch_labels' retrieved from /home/airflow/.local/lib/python3.12/site-packages/airflow/example_dags/example_branch_labels.py
[2025-06-20T21:50:34.330+0000] {logging_mixin.py:190} INFO - [2025-06-20T21:50:34.329+0000] {dag.py:3239} INFO - Sync 1 DAGs
[2025-06-20T21:50:34.353+0000] {logging_mixin.py:190} INFO - [2025-06-20T21:50:34.353+0000] {dag.py:4180} INFO - Setting next_dagrun for example_branch_labels to 2025-06-19 00:00:00+00:00, run_after=2025-06-20 00:00:00+00:00
[2025-06-20T21:50:34.377+0000] {processor.py:208} INFO - Processing /home/airflow/.local/lib/python3.12/site-packages/airflow/example_dags/example_branch_labels.py took 0.085 seconds
[2025-06-20T21:51:07.478+0000] {processor.py:186} INFO - Started process (PID=3128) to work on /home/airflow/.local/lib/python3.12/site-packages/airflow/example_dags/example_branch_labels.py
[2025-06-20T21:51:07.479+0000] {processor.py:914} INFO - Processing file /home/airflow/.local/lib/python3.12/site-packages/airflow/example_dags/example_branch_labels.py for tasks to queue
[2025-06-20T21:51:07.482+0000] {logging_mixin.py:190} INFO - [2025-06-20T21:51:07.481+0000] {dagbag.py:588} INFO - Filling up the DagBag from /home/airflow/.local/lib/python3.12/site-packages/airflow/example_dags/example_branch_labels.py
[2025-06-20T21:51:07.492+0000] {processor.py:925} INFO - DAG(s) 'example_branch_labels' retrieved from /home/airflow/.local/lib/python3.12/site-packages/airflow/example_dags/example_branch_labels.py
[2025-06-20T21:51:07.525+0000] {logging_mixin.py:190} INFO - [2025-06-20T21:51:07.525+0000] {dag.py:3239} INFO - Sync 1 DAGs
[2025-06-20T21:51:07.552+0000] {logging_mixin.py:190} INFO - [2025-06-20T21:51:07.551+0000] {dag.py:4180} INFO - Setting next_dagrun for example_branch_labels to 2025-06-19 00:00:00+00:00, run_after=2025-06-20 00:00:00+00:00
[2025-06-20T21:51:07.588+0000] {processor.py:208} INFO - Processing /home/airflow/.local/lib/python3.12/site-packages/airflow/example_dags/example_branch_labels.py took 0.115 seconds
[2025-06-20T21:51:38.416+0000] {processor.py:186} INFO - Started process (PID=3192) to work on /home/airflow/.local/lib/python3.12/site-packages/airflow/example_dags/example_branch_labels.py
[2025-06-20T21:51:38.417+0000] {processor.py:914} INFO - Processing file /home/airflow/.local/lib/python3.12/site-packages/airflow/example_dags/example_branch_labels.py for tasks to queue
[2025-06-20T21:51:38.419+0000] {logging_mixin.py:190} INFO - [2025-06-20T21:51:38.419+0000] {dagbag.py:588} INFO - Filling up the DagBag from /home/airflow/.local/lib/python3.12/site-packages/airflow/example_dags/example_branch_labels.py
[2025-06-20T21:51:38.428+0000] {processor.py:925} INFO - DAG(s) 'example_branch_labels' retrieved from /home/airflow/.local/lib/python3.12/site-packages/airflow/example_dags/example_branch_labels.py
[2025-06-20T21:51:38.448+0000] {logging_mixin.py:190} INFO - [2025-06-20T21:51:38.448+0000] {dag.py:3239} INFO - Sync 1 DAGs
[2025-06-20T21:51:38.618+0000] {logging_mixin.py:190} INFO - [2025-06-20T21:51:38.618+0000] {dag.py:4180} INFO - Setting next_dagrun for example_branch_labels to 2025-06-19 00:00:00+00:00, run_after=2025-06-20 00:00:00+00:00
[2025-06-20T21:51:38.646+0000] {processor.py:208} INFO - Processing /home/airflow/.local/lib/python3.12/site-packages/airflow/example_dags/example_branch_labels.py took 0.235 seconds
[2025-06-20T21:52:09.083+0000] {processor.py:186} INFO - Started process (PID=3256) to work on /home/airflow/.local/lib/python3.12/site-packages/airflow/example_dags/example_branch_labels.py
[2025-06-20T21:52:09.085+0000] {processor.py:914} INFO - Processing file /home/airflow/.local/lib/python3.12/site-packages/airflow/example_dags/example_branch_labels.py for tasks to queue
[2025-06-20T21:52:09.087+0000] {logging_mixin.py:190} INFO - [2025-06-20T21:52:09.087+0000] {dagbag.py:588} INFO - Filling up the DagBag from /home/airflow/.local/lib/python3.12/site-packages/airflow/example_dags/example_branch_labels.py
[2025-06-20T21:52:09.097+0000] {processor.py:925} INFO - DAG(s) 'example_branch_labels' retrieved from /home/airflow/.local/lib/python3.12/site-packages/airflow/example_dags/example_branch_labels.py
[2025-06-20T21:52:09.118+0000] {logging_mixin.py:190} INFO - [2025-06-20T21:52:09.118+0000] {dag.py:3239} INFO - Sync 1 DAGs
[2025-06-20T21:52:09.144+0000] {logging_mixin.py:190} INFO - [2025-06-20T21:52:09.144+0000] {dag.py:4180} INFO - Setting next_dagrun for example_branch_labels to 2025-06-19 00:00:00+00:00, run_after=2025-06-20 00:00:00+00:00
[2025-06-20T21:52:09.331+0000] {processor.py:208} INFO - Processing /home/airflow/.local/lib/python3.12/site-packages/airflow/example_dags/example_branch_labels.py took 0.252 seconds
[2025-06-20T21:52:40.148+0000] {processor.py:186} INFO - Started process (PID=3320) to work on /home/airflow/.local/lib/python3.12/site-packages/airflow/example_dags/example_branch_labels.py
[2025-06-20T21:52:40.149+0000] {processor.py:914} INFO - Processing file /home/airflow/.local/lib/python3.12/site-packages/airflow/example_dags/example_branch_labels.py for tasks to queue
[2025-06-20T21:52:40.152+0000] {logging_mixin.py:190} INFO - [2025-06-20T21:52:40.151+0000] {dagbag.py:588} INFO - Filling up the DagBag from /home/airflow/.local/lib/python3.12/site-packages/airflow/example_dags/example_branch_labels.py
[2025-06-20T21:52:40.159+0000] {processor.py:925} INFO - DAG(s) 'example_branch_labels' retrieved from /home/airflow/.local/lib/python3.12/site-packages/airflow/example_dags/example_branch_labels.py
[2025-06-20T21:52:40.188+0000] {logging_mixin.py:190} INFO - [2025-06-20T21:52:40.188+0000] {dag.py:3239} INFO - Sync 1 DAGs
[2025-06-20T21:52:40.211+0000] {logging_mixin.py:190} INFO - [2025-06-20T21:52:40.210+0000] {dag.py:4180} INFO - Setting next_dagrun for example_branch_labels to 2025-06-19 00:00:00+00:00, run_after=2025-06-20 00:00:00+00:00
[2025-06-20T21:52:40.250+0000] {processor.py:208} INFO - Processing /home/airflow/.local/lib/python3.12/site-packages/airflow/example_dags/example_branch_labels.py took 0.106 seconds
[2025-06-20T21:53:11.268+0000] {processor.py:186} INFO - Started process (PID=3384) to work on /home/airflow/.local/lib/python3.12/site-packages/airflow/example_dags/example_branch_labels.py
[2025-06-20T21:53:11.269+0000] {processor.py:914} INFO - Processing file /home/airflow/.local/lib/python3.12/site-packages/airflow/example_dags/example_branch_labels.py for tasks to queue
[2025-06-20T21:53:11.272+0000] {logging_mixin.py:190} INFO - [2025-06-20T21:53:11.272+0000] {dagbag.py:588} INFO - Filling up the DagBag from /home/airflow/.local/lib/python3.12/site-packages/airflow/example_dags/example_branch_labels.py
[2025-06-20T21:53:11.281+0000] {processor.py:925} INFO - DAG(s) 'example_branch_labels' retrieved from /home/airflow/.local/lib/python3.12/site-packages/airflow/example_dags/example_branch_labels.py
[2025-06-20T21:53:11.303+0000] {logging_mixin.py:190} INFO - [2025-06-20T21:53:11.303+0000] {dag.py:3239} INFO - Sync 1 DAGs
[2025-06-20T21:53:11.328+0000] {logging_mixin.py:190} INFO - [2025-06-20T21:53:11.328+0000] {dag.py:4180} INFO - Setting next_dagrun for example_branch_labels to 2025-06-19 00:00:00+00:00, run_after=2025-06-20 00:00:00+00:00
[2025-06-20T21:53:11.379+0000] {processor.py:208} INFO - Processing /home/airflow/.local/lib/python3.12/site-packages/airflow/example_dags/example_branch_labels.py took 0.117 seconds
[2025-06-20T21:53:41.876+0000] {processor.py:186} INFO - Started process (PID=3448) to work on /home/airflow/.local/lib/python3.12/site-packages/airflow/example_dags/example_branch_labels.py
[2025-06-20T21:53:41.877+0000] {processor.py:914} INFO - Processing file /home/airflow/.local/lib/python3.12/site-packages/airflow/example_dags/example_branch_labels.py for tasks to queue
[2025-06-20T21:53:41.879+0000] {logging_mixin.py:190} INFO - [2025-06-20T21:53:41.879+0000] {dagbag.py:588} INFO - Filling up the DagBag from /home/airflow/.local/lib/python3.12/site-packages/airflow/example_dags/example_branch_labels.py
[2025-06-20T21:53:41.888+0000] {processor.py:925} INFO - DAG(s) 'example_branch_labels' retrieved from /home/airflow/.local/lib/python3.12/site-packages/airflow/example_dags/example_branch_labels.py
[2025-06-20T21:53:41.907+0000] {logging_mixin.py:190} INFO - [2025-06-20T21:53:41.907+0000] {dag.py:3239} INFO - Sync 1 DAGs
[2025-06-20T21:53:41.930+0000] {logging_mixin.py:190} INFO - [2025-06-20T21:53:41.929+0000] {dag.py:4180} INFO - Setting next_dagrun for example_branch_labels to 2025-06-19 00:00:00+00:00, run_after=2025-06-20 00:00:00+00:00
[2025-06-20T21:53:41.964+0000] {processor.py:208} INFO - Processing /home/airflow/.local/lib/python3.12/site-packages/airflow/example_dags/example_branch_labels.py took 0.093 seconds
[2025-06-20T21:55:54.120+0000] {processor.py:186} INFO - Started process (PID=114) to work on /home/airflow/.local/lib/python3.12/site-packages/airflow/example_dags/example_branch_labels.py
[2025-06-20T21:55:54.121+0000] {processor.py:914} INFO - Processing file /home/airflow/.local/lib/python3.12/site-packages/airflow/example_dags/example_branch_labels.py for tasks to queue
[2025-06-20T21:55:54.123+0000] {logging_mixin.py:190} INFO - [2025-06-20T21:55:54.123+0000] {dagbag.py:588} INFO - Filling up the DagBag from /home/airflow/.local/lib/python3.12/site-packages/airflow/example_dags/example_branch_labels.py
[2025-06-20T21:55:54.132+0000] {processor.py:925} INFO - DAG(s) 'example_branch_labels' retrieved from /home/airflow/.local/lib/python3.12/site-packages/airflow/example_dags/example_branch_labels.py
[2025-06-20T21:55:54.267+0000] {logging_mixin.py:190} INFO - [2025-06-20T21:55:54.266+0000] {override.py:1911} INFO - Created Permission View: can delete on DAG:example_branch_labels
[2025-06-20T21:55:54.288+0000] {logging_mixin.py:190} INFO - [2025-06-20T21:55:54.287+0000] {override.py:1911} INFO - Created Permission View: can edit on DAG:example_branch_labels
[2025-06-20T21:55:54.310+0000] {logging_mixin.py:190} INFO - [2025-06-20T21:55:54.309+0000] {override.py:1911} INFO - Created Permission View: can read on DAG:example_branch_labels
[2025-06-20T21:55:54.353+0000] {logging_mixin.py:190} INFO - [2025-06-20T21:55:54.352+0000] {override.py:1911} INFO - Created Permission View: can delete on DAG Run:example_branch_labels
[2025-06-20T21:55:54.374+0000] {logging_mixin.py:190} INFO - [2025-06-20T21:55:54.373+0000] {override.py:1911} INFO - Created Permission View: menu access on DAG Run:example_branch_labels
[2025-06-20T21:55:54.395+0000] {logging_mixin.py:190} INFO - [2025-06-20T21:55:54.395+0000] {override.py:1911} INFO - Created Permission View: can create on DAG Run:example_branch_labels
[2025-06-20T21:55:54.418+0000] {logging_mixin.py:190} INFO - [2025-06-20T21:55:54.417+0000] {override.py:1911} INFO - Created Permission View: can read on DAG Run:example_branch_labels
[2025-06-20T21:55:54.418+0000] {logging_mixin.py:190} INFO - [2025-06-20T21:55:54.418+0000] {dag.py:3239} INFO - Sync 1 DAGs
[2025-06-20T21:55:54.431+0000] {logging_mixin.py:190} INFO - [2025-06-20T21:55:54.431+0000] {dag.py:3262} INFO - Creating ORM DAG for example_branch_labels
[2025-06-20T21:55:54.443+0000] {logging_mixin.py:190} INFO - [2025-06-20T21:55:54.443+0000] {dag.py:4180} INFO - Setting next_dagrun for example_branch_labels to 2025-06-19 00:00:00+00:00, run_after=2025-06-20 00:00:00+00:00
[2025-06-20T21:55:54.467+0000] {processor.py:208} INFO - Processing /home/airflow/.local/lib/python3.12/site-packages/airflow/example_dags/example_branch_labels.py took 0.352 seconds
[2025-06-20T21:56:25.257+0000] {processor.py:186} INFO - Started process (PID=178) to work on /home/airflow/.local/lib/python3.12/site-packages/airflow/example_dags/example_branch_labels.py
[2025-06-20T21:56:25.258+0000] {processor.py:914} INFO - Processing file /home/airflow/.local/lib/python3.12/site-packages/airflow/example_dags/example_branch_labels.py for tasks to queue
[2025-06-20T21:56:25.261+0000] {logging_mixin.py:190} INFO - [2025-06-20T21:56:25.261+0000] {dagbag.py:588} INFO - Filling up the DagBag from /home/airflow/.local/lib/python3.12/site-packages/airflow/example_dags/example_branch_labels.py
[2025-06-20T21:56:25.270+0000] {processor.py:925} INFO - DAG(s) 'example_branch_labels' retrieved from /home/airflow/.local/lib/python3.12/site-packages/airflow/example_dags/example_branch_labels.py
[2025-06-20T21:56:25.290+0000] {logging_mixin.py:190} INFO - [2025-06-20T21:56:25.290+0000] {dag.py:3239} INFO - Sync 1 DAGs
[2025-06-20T21:56:25.313+0000] {logging_mixin.py:190} INFO - [2025-06-20T21:56:25.312+0000] {dag.py:4180} INFO - Setting next_dagrun for example_branch_labels to 2025-06-19 00:00:00+00:00, run_after=2025-06-20 00:00:00+00:00
[2025-06-20T21:56:25.347+0000] {processor.py:208} INFO - Processing /home/airflow/.local/lib/python3.12/site-packages/airflow/example_dags/example_branch_labels.py took 0.094 seconds
[2025-06-20T21:56:55.475+0000] {processor.py:186} INFO - Started process (PID=241) to work on /home/airflow/.local/lib/python3.12/site-packages/airflow/example_dags/example_branch_labels.py
[2025-06-20T21:56:55.476+0000] {processor.py:914} INFO - Processing file /home/airflow/.local/lib/python3.12/site-packages/airflow/example_dags/example_branch_labels.py for tasks to queue
[2025-06-20T21:56:55.479+0000] {logging_mixin.py:190} INFO - [2025-06-20T21:56:55.478+0000] {dagbag.py:588} INFO - Filling up the DagBag from /home/airflow/.local/lib/python3.12/site-packages/airflow/example_dags/example_branch_labels.py
[2025-06-20T21:56:55.487+0000] {processor.py:925} INFO - DAG(s) 'example_branch_labels' retrieved from /home/airflow/.local/lib/python3.12/site-packages/airflow/example_dags/example_branch_labels.py
[2025-06-20T21:56:55.510+0000] {logging_mixin.py:190} INFO - [2025-06-20T21:56:55.509+0000] {dag.py:3239} INFO - Sync 1 DAGs
[2025-06-20T21:56:55.539+0000] {logging_mixin.py:190} INFO - [2025-06-20T21:56:55.539+0000] {dag.py:4180} INFO - Setting next_dagrun for example_branch_labels to 2025-06-19 00:00:00+00:00, run_after=2025-06-20 00:00:00+00:00
[2025-06-20T21:56:55.602+0000] {processor.py:208} INFO - Processing /home/airflow/.local/lib/python3.12/site-packages/airflow/example_dags/example_branch_labels.py took 0.132 seconds
[2025-06-20T21:57:25.819+0000] {processor.py:186} INFO - Started process (PID=305) to work on /home/airflow/.local/lib/python3.12/site-packages/airflow/example_dags/example_branch_labels.py
[2025-06-20T21:57:25.820+0000] {processor.py:914} INFO - Processing file /home/airflow/.local/lib/python3.12/site-packages/airflow/example_dags/example_branch_labels.py for tasks to queue
[2025-06-20T21:57:25.823+0000] {logging_mixin.py:190} INFO - [2025-06-20T21:57:25.823+0000] {dagbag.py:588} INFO - Filling up the DagBag from /home/airflow/.local/lib/python3.12/site-packages/airflow/example_dags/example_branch_labels.py
[2025-06-20T21:57:25.830+0000] {processor.py:925} INFO - DAG(s) 'example_branch_labels' retrieved from /home/airflow/.local/lib/python3.12/site-packages/airflow/example_dags/example_branch_labels.py
[2025-06-20T21:57:25.849+0000] {logging_mixin.py:190} INFO - [2025-06-20T21:57:25.849+0000] {dag.py:3239} INFO - Sync 1 DAGs
[2025-06-20T21:57:25.872+0000] {logging_mixin.py:190} INFO - [2025-06-20T21:57:25.871+0000] {dag.py:4180} INFO - Setting next_dagrun for example_branch_labels to 2025-06-19 00:00:00+00:00, run_after=2025-06-20 00:00:00+00:00
[2025-06-20T21:57:25.896+0000] {processor.py:208} INFO - Processing /home/airflow/.local/lib/python3.12/site-packages/airflow/example_dags/example_branch_labels.py took 0.083 seconds
[2025-06-20T21:57:56.385+0000] {processor.py:186} INFO - Started process (PID=369) to work on /home/airflow/.local/lib/python3.12/site-packages/airflow/example_dags/example_branch_labels.py
[2025-06-20T21:57:56.386+0000] {processor.py:914} INFO - Processing file /home/airflow/.local/lib/python3.12/site-packages/airflow/example_dags/example_branch_labels.py for tasks to queue
[2025-06-20T21:57:56.388+0000] {logging_mixin.py:190} INFO - [2025-06-20T21:57:56.388+0000] {dagbag.py:588} INFO - Filling up the DagBag from /home/airflow/.local/lib/python3.12/site-packages/airflow/example_dags/example_branch_labels.py
[2025-06-20T21:57:56.396+0000] {processor.py:925} INFO - DAG(s) 'example_branch_labels' retrieved from /home/airflow/.local/lib/python3.12/site-packages/airflow/example_dags/example_branch_labels.py
[2025-06-20T21:57:56.416+0000] {logging_mixin.py:190} INFO - [2025-06-20T21:57:56.416+0000] {dag.py:3239} INFO - Sync 1 DAGs
[2025-06-20T21:57:56.438+0000] {logging_mixin.py:190} INFO - [2025-06-20T21:57:56.438+0000] {dag.py:4180} INFO - Setting next_dagrun for example_branch_labels to 2025-06-19 00:00:00+00:00, run_after=2025-06-20 00:00:00+00:00
[2025-06-20T21:57:56.472+0000] {processor.py:208} INFO - Processing /home/airflow/.local/lib/python3.12/site-packages/airflow/example_dags/example_branch_labels.py took 0.092 seconds
[2025-06-20T21:58:27.249+0000] {processor.py:186} INFO - Started process (PID=441) to work on /home/airflow/.local/lib/python3.12/site-packages/airflow/example_dags/example_branch_labels.py
[2025-06-20T21:58:27.250+0000] {processor.py:914} INFO - Processing file /home/airflow/.local/lib/python3.12/site-packages/airflow/example_dags/example_branch_labels.py for tasks to queue
[2025-06-20T21:58:27.252+0000] {logging_mixin.py:190} INFO - [2025-06-20T21:58:27.252+0000] {dagbag.py:588} INFO - Filling up the DagBag from /home/airflow/.local/lib/python3.12/site-packages/airflow/example_dags/example_branch_labels.py
[2025-06-20T21:58:27.261+0000] {processor.py:925} INFO - DAG(s) 'example_branch_labels' retrieved from /home/airflow/.local/lib/python3.12/site-packages/airflow/example_dags/example_branch_labels.py
[2025-06-20T21:58:27.281+0000] {logging_mixin.py:190} INFO - [2025-06-20T21:58:27.280+0000] {dag.py:3239} INFO - Sync 1 DAGs
[2025-06-20T21:58:27.304+0000] {logging_mixin.py:190} INFO - [2025-06-20T21:58:27.304+0000] {dag.py:4180} INFO - Setting next_dagrun for example_branch_labels to 2025-06-19 00:00:00+00:00, run_after=2025-06-20 00:00:00+00:00
[2025-06-20T21:58:27.334+0000] {processor.py:208} INFO - Processing /home/airflow/.local/lib/python3.12/site-packages/airflow/example_dags/example_branch_labels.py took 0.090 seconds
[2025-06-20T21:58:58.261+0000] {processor.py:186} INFO - Started process (PID=505) to work on /home/airflow/.local/lib/python3.12/site-packages/airflow/example_dags/example_branch_labels.py
[2025-06-20T21:58:58.262+0000] {processor.py:914} INFO - Processing file /home/airflow/.local/lib/python3.12/site-packages/airflow/example_dags/example_branch_labels.py for tasks to queue
[2025-06-20T21:58:58.264+0000] {logging_mixin.py:190} INFO - [2025-06-20T21:58:58.264+0000] {dagbag.py:588} INFO - Filling up the DagBag from /home/airflow/.local/lib/python3.12/site-packages/airflow/example_dags/example_branch_labels.py
[2025-06-20T21:58:58.272+0000] {processor.py:925} INFO - DAG(s) 'example_branch_labels' retrieved from /home/airflow/.local/lib/python3.12/site-packages/airflow/example_dags/example_branch_labels.py
[2025-06-20T21:58:58.292+0000] {logging_mixin.py:190} INFO - [2025-06-20T21:58:58.292+0000] {dag.py:3239} INFO - Sync 1 DAGs
[2025-06-20T21:58:58.317+0000] {logging_mixin.py:190} INFO - [2025-06-20T21:58:58.316+0000] {dag.py:4180} INFO - Setting next_dagrun for example_branch_labels to 2025-06-19 00:00:00+00:00, run_after=2025-06-20 00:00:00+00:00
[2025-06-20T21:58:58.344+0000] {processor.py:208} INFO - Processing /home/airflow/.local/lib/python3.12/site-packages/airflow/example_dags/example_branch_labels.py took 0.088 seconds
[2025-06-20T21:59:29.576+0000] {processor.py:186} INFO - Started process (PID=569) to work on /home/airflow/.local/lib/python3.12/site-packages/airflow/example_dags/example_branch_labels.py
[2025-06-20T21:59:29.577+0000] {processor.py:914} INFO - Processing file /home/airflow/.local/lib/python3.12/site-packages/airflow/example_dags/example_branch_labels.py for tasks to queue
[2025-06-20T21:59:29.579+0000] {logging_mixin.py:190} INFO - [2025-06-20T21:59:29.579+0000] {dagbag.py:588} INFO - Filling up the DagBag from /home/airflow/.local/lib/python3.12/site-packages/airflow/example_dags/example_branch_labels.py
[2025-06-20T21:59:29.589+0000] {processor.py:925} INFO - DAG(s) 'example_branch_labels' retrieved from /home/airflow/.local/lib/python3.12/site-packages/airflow/example_dags/example_branch_labels.py
[2025-06-20T21:59:29.610+0000] {logging_mixin.py:190} INFO - [2025-06-20T21:59:29.610+0000] {dag.py:3239} INFO - Sync 1 DAGs
[2025-06-20T21:59:29.635+0000] {logging_mixin.py:190} INFO - [2025-06-20T21:59:29.634+0000] {dag.py:4180} INFO - Setting next_dagrun for example_branch_labels to 2025-06-19 00:00:00+00:00, run_after=2025-06-20 00:00:00+00:00
[2025-06-20T21:59:29.657+0000] {processor.py:208} INFO - Processing /home/airflow/.local/lib/python3.12/site-packages/airflow/example_dags/example_branch_labels.py took 0.087 seconds
[2025-06-20T22:00:00.871+0000] {processor.py:186} INFO - Started process (PID=633) to work on /home/airflow/.local/lib/python3.12/site-packages/airflow/example_dags/example_branch_labels.py
[2025-06-20T22:00:00.873+0000] {processor.py:914} INFO - Processing file /home/airflow/.local/lib/python3.12/site-packages/airflow/example_dags/example_branch_labels.py for tasks to queue
[2025-06-20T22:00:00.875+0000] {logging_mixin.py:190} INFO - [2025-06-20T22:00:00.875+0000] {dagbag.py:588} INFO - Filling up the DagBag from /home/airflow/.local/lib/python3.12/site-packages/airflow/example_dags/example_branch_labels.py
[2025-06-20T22:00:00.886+0000] {processor.py:925} INFO - DAG(s) 'example_branch_labels' retrieved from /home/airflow/.local/lib/python3.12/site-packages/airflow/example_dags/example_branch_labels.py
[2025-06-20T22:00:00.908+0000] {logging_mixin.py:190} INFO - [2025-06-20T22:00:00.908+0000] {dag.py:3239} INFO - Sync 1 DAGs
[2025-06-20T22:00:00.954+0000] {logging_mixin.py:190} INFO - [2025-06-20T22:00:00.954+0000] {dag.py:4180} INFO - Setting next_dagrun for example_branch_labels to 2025-06-19 00:00:00+00:00, run_after=2025-06-20 00:00:00+00:00
[2025-06-20T22:00:01.009+0000] {processor.py:208} INFO - Processing /home/airflow/.local/lib/python3.12/site-packages/airflow/example_dags/example_branch_labels.py took 0.142 seconds
[2025-06-20T22:00:32.573+0000] {processor.py:186} INFO - Started process (PID=697) to work on /home/airflow/.local/lib/python3.12/site-packages/airflow/example_dags/example_branch_labels.py
[2025-06-20T22:00:32.574+0000] {processor.py:914} INFO - Processing file /home/airflow/.local/lib/python3.12/site-packages/airflow/example_dags/example_branch_labels.py for tasks to queue
[2025-06-20T22:00:32.577+0000] {logging_mixin.py:190} INFO - [2025-06-20T22:00:32.576+0000] {dagbag.py:588} INFO - Filling up the DagBag from /home/airflow/.local/lib/python3.12/site-packages/airflow/example_dags/example_branch_labels.py
[2025-06-20T22:00:32.585+0000] {processor.py:925} INFO - DAG(s) 'example_branch_labels' retrieved from /home/airflow/.local/lib/python3.12/site-packages/airflow/example_dags/example_branch_labels.py
[2025-06-20T22:00:32.605+0000] {logging_mixin.py:190} INFO - [2025-06-20T22:00:32.605+0000] {dag.py:3239} INFO - Sync 1 DAGs
[2025-06-20T22:00:32.627+0000] {logging_mixin.py:190} INFO - [2025-06-20T22:00:32.627+0000] {dag.py:4180} INFO - Setting next_dagrun for example_branch_labels to 2025-06-19 00:00:00+00:00, run_after=2025-06-20 00:00:00+00:00
[2025-06-20T22:00:32.668+0000] {processor.py:208} INFO - Processing /home/airflow/.local/lib/python3.12/site-packages/airflow/example_dags/example_branch_labels.py took 0.100 seconds
[2025-06-20T22:01:03.870+0000] {processor.py:186} INFO - Started process (PID=761) to work on /home/airflow/.local/lib/python3.12/site-packages/airflow/example_dags/example_branch_labels.py
[2025-06-20T22:01:03.871+0000] {processor.py:914} INFO - Processing file /home/airflow/.local/lib/python3.12/site-packages/airflow/example_dags/example_branch_labels.py for tasks to queue
[2025-06-20T22:01:03.874+0000] {logging_mixin.py:190} INFO - [2025-06-20T22:01:03.873+0000] {dagbag.py:588} INFO - Filling up the DagBag from /home/airflow/.local/lib/python3.12/site-packages/airflow/example_dags/example_branch_labels.py
[2025-06-20T22:01:03.882+0000] {processor.py:925} INFO - DAG(s) 'example_branch_labels' retrieved from /home/airflow/.local/lib/python3.12/site-packages/airflow/example_dags/example_branch_labels.py
[2025-06-20T22:01:03.903+0000] {logging_mixin.py:190} INFO - [2025-06-20T22:01:03.902+0000] {dag.py:3239} INFO - Sync 1 DAGs
[2025-06-20T22:01:03.925+0000] {logging_mixin.py:190} INFO - [2025-06-20T22:01:03.925+0000] {dag.py:4180} INFO - Setting next_dagrun for example_branch_labels to 2025-06-19 00:00:00+00:00, run_after=2025-06-20 00:00:00+00:00
[2025-06-20T22:01:03.953+0000] {processor.py:208} INFO - Processing /home/airflow/.local/lib/python3.12/site-packages/airflow/example_dags/example_branch_labels.py took 0.087 seconds
[2025-06-20T22:01:35.586+0000] {processor.py:186} INFO - Started process (PID=826) to work on /home/airflow/.local/lib/python3.12/site-packages/airflow/example_dags/example_branch_labels.py
[2025-06-20T22:01:35.588+0000] {processor.py:914} INFO - Processing file /home/airflow/.local/lib/python3.12/site-packages/airflow/example_dags/example_branch_labels.py for tasks to queue
[2025-06-20T22:01:35.590+0000] {logging_mixin.py:190} INFO - [2025-06-20T22:01:35.590+0000] {dagbag.py:588} INFO - Filling up the DagBag from /home/airflow/.local/lib/python3.12/site-packages/airflow/example_dags/example_branch_labels.py
[2025-06-20T22:01:35.600+0000] {processor.py:925} INFO - DAG(s) 'example_branch_labels' retrieved from /home/airflow/.local/lib/python3.12/site-packages/airflow/example_dags/example_branch_labels.py
[2025-06-20T22:01:35.621+0000] {logging_mixin.py:190} INFO - [2025-06-20T22:01:35.621+0000] {dag.py:3239} INFO - Sync 1 DAGs
[2025-06-20T22:01:35.645+0000] {logging_mixin.py:190} INFO - [2025-06-20T22:01:35.645+0000] {dag.py:4180} INFO - Setting next_dagrun for example_branch_labels to 2025-06-19 00:00:00+00:00, run_after=2025-06-20 00:00:00+00:00
[2025-06-20T22:01:35.669+0000] {processor.py:208} INFO - Processing /home/airflow/.local/lib/python3.12/site-packages/airflow/example_dags/example_branch_labels.py took 0.087 seconds
[2025-06-20T22:02:07.058+0000] {processor.py:186} INFO - Started process (PID=889) to work on /home/airflow/.local/lib/python3.12/site-packages/airflow/example_dags/example_branch_labels.py
[2025-06-20T22:02:07.059+0000] {processor.py:914} INFO - Processing file /home/airflow/.local/lib/python3.12/site-packages/airflow/example_dags/example_branch_labels.py for tasks to queue
[2025-06-20T22:02:07.061+0000] {logging_mixin.py:190} INFO - [2025-06-20T22:02:07.061+0000] {dagbag.py:588} INFO - Filling up the DagBag from /home/airflow/.local/lib/python3.12/site-packages/airflow/example_dags/example_branch_labels.py
[2025-06-20T22:02:07.071+0000] {processor.py:925} INFO - DAG(s) 'example_branch_labels' retrieved from /home/airflow/.local/lib/python3.12/site-packages/airflow/example_dags/example_branch_labels.py
[2025-06-20T22:02:07.090+0000] {logging_mixin.py:190} INFO - [2025-06-20T22:02:07.090+0000] {dag.py:3239} INFO - Sync 1 DAGs
[2025-06-20T22:02:07.115+0000] {logging_mixin.py:190} INFO - [2025-06-20T22:02:07.114+0000] {dag.py:4180} INFO - Setting next_dagrun for example_branch_labels to 2025-06-19 00:00:00+00:00, run_after=2025-06-20 00:00:00+00:00
[2025-06-20T22:02:07.139+0000] {processor.py:208} INFO - Processing /home/airflow/.local/lib/python3.12/site-packages/airflow/example_dags/example_branch_labels.py took 0.087 seconds
[2025-06-20T22:02:38.601+0000] {processor.py:186} INFO - Started process (PID=953) to work on /home/airflow/.local/lib/python3.12/site-packages/airflow/example_dags/example_branch_labels.py
[2025-06-20T22:02:38.602+0000] {processor.py:914} INFO - Processing file /home/airflow/.local/lib/python3.12/site-packages/airflow/example_dags/example_branch_labels.py for tasks to queue
[2025-06-20T22:02:38.605+0000] {logging_mixin.py:190} INFO - [2025-06-20T22:02:38.604+0000] {dagbag.py:588} INFO - Filling up the DagBag from /home/airflow/.local/lib/python3.12/site-packages/airflow/example_dags/example_branch_labels.py
[2025-06-20T22:02:38.614+0000] {processor.py:925} INFO - DAG(s) 'example_branch_labels' retrieved from /home/airflow/.local/lib/python3.12/site-packages/airflow/example_dags/example_branch_labels.py
[2025-06-20T22:02:38.635+0000] {logging_mixin.py:190} INFO - [2025-06-20T22:02:38.635+0000] {dag.py:3239} INFO - Sync 1 DAGs
[2025-06-20T22:02:38.663+0000] {logging_mixin.py:190} INFO - [2025-06-20T22:02:38.662+0000] {dag.py:4180} INFO - Setting next_dagrun for example_branch_labels to 2025-06-19 00:00:00+00:00, run_after=2025-06-20 00:00:00+00:00
[2025-06-20T22:02:38.714+0000] {processor.py:208} INFO - Processing /home/airflow/.local/lib/python3.12/site-packages/airflow/example_dags/example_branch_labels.py took 0.118 seconds
[2025-06-20T22:03:10.430+0000] {processor.py:186} INFO - Started process (PID=1017) to work on /home/airflow/.local/lib/python3.12/site-packages/airflow/example_dags/example_branch_labels.py
[2025-06-20T22:03:10.432+0000] {processor.py:914} INFO - Processing file /home/airflow/.local/lib/python3.12/site-packages/airflow/example_dags/example_branch_labels.py for tasks to queue
[2025-06-20T22:03:10.434+0000] {logging_mixin.py:190} INFO - [2025-06-20T22:03:10.434+0000] {dagbag.py:588} INFO - Filling up the DagBag from /home/airflow/.local/lib/python3.12/site-packages/airflow/example_dags/example_branch_labels.py
[2025-06-20T22:03:10.443+0000] {processor.py:925} INFO - DAG(s) 'example_branch_labels' retrieved from /home/airflow/.local/lib/python3.12/site-packages/airflow/example_dags/example_branch_labels.py
[2025-06-20T22:03:10.466+0000] {logging_mixin.py:190} INFO - [2025-06-20T22:03:10.466+0000] {dag.py:3239} INFO - Sync 1 DAGs
[2025-06-20T22:03:10.492+0000] {logging_mixin.py:190} INFO - [2025-06-20T22:03:10.492+0000] {dag.py:4180} INFO - Setting next_dagrun for example_branch_labels to 2025-06-19 00:00:00+00:00, run_after=2025-06-20 00:00:00+00:00
[2025-06-20T22:03:10.519+0000] {processor.py:208} INFO - Processing /home/airflow/.local/lib/python3.12/site-packages/airflow/example_dags/example_branch_labels.py took 0.093 seconds
[2025-06-20T22:03:42.638+0000] {processor.py:186} INFO - Started process (PID=1082) to work on /home/airflow/.local/lib/python3.12/site-packages/airflow/example_dags/example_branch_labels.py
[2025-06-20T22:03:42.639+0000] {processor.py:914} INFO - Processing file /home/airflow/.local/lib/python3.12/site-packages/airflow/example_dags/example_branch_labels.py for tasks to queue
[2025-06-20T22:03:42.642+0000] {logging_mixin.py:190} INFO - [2025-06-20T22:03:42.642+0000] {dagbag.py:588} INFO - Filling up the DagBag from /home/airflow/.local/lib/python3.12/site-packages/airflow/example_dags/example_branch_labels.py
[2025-06-20T22:03:42.653+0000] {processor.py:925} INFO - DAG(s) 'example_branch_labels' retrieved from /home/airflow/.local/lib/python3.12/site-packages/airflow/example_dags/example_branch_labels.py
[2025-06-20T22:03:42.674+0000] {logging_mixin.py:190} INFO - [2025-06-20T22:03:42.674+0000] {dag.py:3239} INFO - Sync 1 DAGs
[2025-06-20T22:03:42.701+0000] {logging_mixin.py:190} INFO - [2025-06-20T22:03:42.701+0000] {dag.py:4180} INFO - Setting next_dagrun for example_branch_labels to 2025-06-19 00:00:00+00:00, run_after=2025-06-20 00:00:00+00:00
[2025-06-20T22:03:42.734+0000] {processor.py:208} INFO - Processing /home/airflow/.local/lib/python3.12/site-packages/airflow/example_dags/example_branch_labels.py took 0.102 seconds
