[2025-06-20T21:26:20.081+0000] {processor.py:186} INFO - Started process (PID=92) to work on /home/airflow/.local/lib/python3.12/site-packages/airflow/example_dags/example_dag_decorator.py
[2025-06-20T21:26:20.082+0000] {processor.py:914} INFO - Processing file /home/airflow/.local/lib/python3.12/site-packages/airflow/example_dags/example_dag_decorator.py for tasks to queue
[2025-06-20T21:26:20.086+0000] {logging_mixin.py:190} INFO - [2025-06-20T21:26:20.085+0000] {dagbag.py:588} INFO - Filling up the DagBag from /home/airflow/.local/lib/python3.12/site-packages/airflow/example_dags/example_dag_decorator.py
[2025-06-20T21:26:20.098+0000] {processor.py:925} INFO - DAG(s) 'example_dag_decorator' retrieved from /home/airflow/.local/lib/python3.12/site-packages/airflow/example_dags/example_dag_decorator.py
[2025-06-20T21:26:20.400+0000] {logging_mixin.py:190} INFO - [2025-06-20T21:26:20.399+0000] {override.py:1911} INFO - Created Permission View: can delete on DAG:example_dag_decorator
[2025-06-20T21:26:20.569+0000] {logging_mixin.py:190} INFO - [2025-06-20T21:26:20.569+0000] {override.py:1911} INFO - Created Permission View: can read on DAG:example_dag_decorator
[2025-06-20T21:26:20.675+0000] {logging_mixin.py:190} INFO - [2025-06-20T21:26:20.675+0000] {override.py:1911} INFO - Created Permission View: can edit on DAG:example_dag_decorator
[2025-06-20T21:26:20.893+0000] {logging_mixin.py:190} INFO - [2025-06-20T21:26:20.892+0000] {override.py:1911} INFO - Created Permission View: can delete on DAG Run:example_dag_decorator
[2025-06-20T21:26:20.988+0000] {logging_mixin.py:190} INFO - [2025-06-20T21:26:20.987+0000] {override.py:1911} INFO - Created Permission View: can create on DAG Run:example_dag_decorator
[2025-06-20T21:26:21.041+0000] {logging_mixin.py:190} INFO - [2025-06-20T21:26:21.041+0000] {override.py:1911} INFO - Created Permission View: can read on DAG Run:example_dag_decorator
[2025-06-20T21:26:21.190+0000] {logging_mixin.py:190} INFO - [2025-06-20T21:26:21.189+0000] {override.py:1911} INFO - Created Permission View: menu access on DAG Run:example_dag_decorator
[2025-06-20T21:26:21.191+0000] {logging_mixin.py:190} INFO - [2025-06-20T21:26:21.191+0000] {dag.py:3239} INFO - Sync 1 DAGs
[2025-06-20T21:26:21.225+0000] {logging_mixin.py:190} INFO - [2025-06-20T21:26:21.224+0000] {dag.py:3262} INFO - Creating ORM DAG for example_dag_decorator
[2025-06-20T21:26:21.226+0000] {logging_mixin.py:190} INFO - [2025-06-20T21:26:21.225+0000] {dag.py:4180} INFO - Setting next_dagrun for example_dag_decorator to None, run_after=None
[2025-06-20T21:26:21.319+0000] {processor.py:208} INFO - Processing /home/airflow/.local/lib/python3.12/site-packages/airflow/example_dags/example_dag_decorator.py took 1.244 seconds
[2025-06-20T21:26:56.620+0000] {processor.py:186} INFO - Started process (PID=156) to work on /home/airflow/.local/lib/python3.12/site-packages/airflow/example_dags/example_dag_decorator.py
[2025-06-20T21:26:56.621+0000] {processor.py:914} INFO - Processing file /home/airflow/.local/lib/python3.12/site-packages/airflow/example_dags/example_dag_decorator.py for tasks to queue
[2025-06-20T21:26:56.623+0000] {logging_mixin.py:190} INFO - [2025-06-20T21:26:56.623+0000] {dagbag.py:588} INFO - Filling up the DagBag from /home/airflow/.local/lib/python3.12/site-packages/airflow/example_dags/example_dag_decorator.py
[2025-06-20T21:26:56.633+0000] {processor.py:925} INFO - DAG(s) 'example_dag_decorator' retrieved from /home/airflow/.local/lib/python3.12/site-packages/airflow/example_dags/example_dag_decorator.py
[2025-06-20T21:26:56.741+0000] {logging_mixin.py:190} INFO - [2025-06-20T21:26:56.740+0000] {dag.py:3239} INFO - Sync 1 DAGs
[2025-06-20T21:26:56.754+0000] {logging_mixin.py:190} INFO - [2025-06-20T21:26:56.754+0000] {dag.py:4180} INFO - Setting next_dagrun for example_dag_decorator to None, run_after=None
[2025-06-20T21:26:56.853+0000] {processor.py:208} INFO - Processing /home/airflow/.local/lib/python3.12/site-packages/airflow/example_dags/example_dag_decorator.py took 0.238 seconds
[2025-06-20T21:27:27.575+0000] {processor.py:186} INFO - Started process (PID=220) to work on /home/airflow/.local/lib/python3.12/site-packages/airflow/example_dags/example_dag_decorator.py
[2025-06-20T21:27:27.576+0000] {processor.py:914} INFO - Processing file /home/airflow/.local/lib/python3.12/site-packages/airflow/example_dags/example_dag_decorator.py for tasks to queue
[2025-06-20T21:27:27.578+0000] {logging_mixin.py:190} INFO - [2025-06-20T21:27:27.578+0000] {dagbag.py:588} INFO - Filling up the DagBag from /home/airflow/.local/lib/python3.12/site-packages/airflow/example_dags/example_dag_decorator.py
[2025-06-20T21:27:27.588+0000] {processor.py:925} INFO - DAG(s) 'example_dag_decorator' retrieved from /home/airflow/.local/lib/python3.12/site-packages/airflow/example_dags/example_dag_decorator.py
[2025-06-20T21:27:27.702+0000] {logging_mixin.py:190} INFO - [2025-06-20T21:27:27.702+0000] {dag.py:3239} INFO - Sync 1 DAGs
[2025-06-20T21:27:27.714+0000] {logging_mixin.py:190} INFO - [2025-06-20T21:27:27.713+0000] {dag.py:4180} INFO - Setting next_dagrun for example_dag_decorator to None, run_after=None
[2025-06-20T21:27:27.751+0000] {processor.py:208} INFO - Processing /home/airflow/.local/lib/python3.12/site-packages/airflow/example_dags/example_dag_decorator.py took 0.181 seconds
[2025-06-20T21:27:58.397+0000] {processor.py:186} INFO - Started process (PID=283) to work on /home/airflow/.local/lib/python3.12/site-packages/airflow/example_dags/example_dag_decorator.py
[2025-06-20T21:27:58.398+0000] {processor.py:914} INFO - Processing file /home/airflow/.local/lib/python3.12/site-packages/airflow/example_dags/example_dag_decorator.py for tasks to queue
[2025-06-20T21:27:58.400+0000] {logging_mixin.py:190} INFO - [2025-06-20T21:27:58.400+0000] {dagbag.py:588} INFO - Filling up the DagBag from /home/airflow/.local/lib/python3.12/site-packages/airflow/example_dags/example_dag_decorator.py
[2025-06-20T21:27:58.411+0000] {processor.py:925} INFO - DAG(s) 'example_dag_decorator' retrieved from /home/airflow/.local/lib/python3.12/site-packages/airflow/example_dags/example_dag_decorator.py
[2025-06-20T21:27:58.522+0000] {logging_mixin.py:190} INFO - [2025-06-20T21:27:58.522+0000] {dag.py:3239} INFO - Sync 1 DAGs
[2025-06-20T21:27:58.537+0000] {logging_mixin.py:190} INFO - [2025-06-20T21:27:58.537+0000] {dag.py:4180} INFO - Setting next_dagrun for example_dag_decorator to None, run_after=None
[2025-06-20T21:27:58.566+0000] {processor.py:208} INFO - Processing /home/airflow/.local/lib/python3.12/site-packages/airflow/example_dags/example_dag_decorator.py took 0.174 seconds
[2025-06-20T21:28:29.325+0000] {processor.py:186} INFO - Started process (PID=347) to work on /home/airflow/.local/lib/python3.12/site-packages/airflow/example_dags/example_dag_decorator.py
[2025-06-20T21:28:29.326+0000] {processor.py:914} INFO - Processing file /home/airflow/.local/lib/python3.12/site-packages/airflow/example_dags/example_dag_decorator.py for tasks to queue
[2025-06-20T21:28:29.328+0000] {logging_mixin.py:190} INFO - [2025-06-20T21:28:29.328+0000] {dagbag.py:588} INFO - Filling up the DagBag from /home/airflow/.local/lib/python3.12/site-packages/airflow/example_dags/example_dag_decorator.py
[2025-06-20T21:28:29.338+0000] {processor.py:925} INFO - DAG(s) 'example_dag_decorator' retrieved from /home/airflow/.local/lib/python3.12/site-packages/airflow/example_dags/example_dag_decorator.py
[2025-06-20T21:28:29.363+0000] {logging_mixin.py:190} INFO - [2025-06-20T21:28:29.363+0000] {dag.py:3239} INFO - Sync 1 DAGs
[2025-06-20T21:28:29.383+0000] {logging_mixin.py:190} INFO - [2025-06-20T21:28:29.383+0000] {dag.py:4180} INFO - Setting next_dagrun for example_dag_decorator to None, run_after=None
[2025-06-20T21:28:29.412+0000] {processor.py:208} INFO - Processing /home/airflow/.local/lib/python3.12/site-packages/airflow/example_dags/example_dag_decorator.py took 0.092 seconds
[2025-06-20T21:28:59.472+0000] {processor.py:186} INFO - Started process (PID=411) to work on /home/airflow/.local/lib/python3.12/site-packages/airflow/example_dags/example_dag_decorator.py
[2025-06-20T21:28:59.473+0000] {processor.py:914} INFO - Processing file /home/airflow/.local/lib/python3.12/site-packages/airflow/example_dags/example_dag_decorator.py for tasks to queue
[2025-06-20T21:28:59.475+0000] {logging_mixin.py:190} INFO - [2025-06-20T21:28:59.475+0000] {dagbag.py:588} INFO - Filling up the DagBag from /home/airflow/.local/lib/python3.12/site-packages/airflow/example_dags/example_dag_decorator.py
[2025-06-20T21:28:59.486+0000] {processor.py:925} INFO - DAG(s) 'example_dag_decorator' retrieved from /home/airflow/.local/lib/python3.12/site-packages/airflow/example_dags/example_dag_decorator.py
[2025-06-20T21:28:59.599+0000] {logging_mixin.py:190} INFO - [2025-06-20T21:28:59.599+0000] {dag.py:3239} INFO - Sync 1 DAGs
[2025-06-20T21:28:59.613+0000] {logging_mixin.py:190} INFO - [2025-06-20T21:28:59.612+0000] {dag.py:4180} INFO - Setting next_dagrun for example_dag_decorator to None, run_after=None
[2025-06-20T21:28:59.753+0000] {processor.py:208} INFO - Processing /home/airflow/.local/lib/python3.12/site-packages/airflow/example_dags/example_dag_decorator.py took 0.287 seconds
[2025-06-20T21:29:30.707+0000] {processor.py:186} INFO - Started process (PID=473) to work on /home/airflow/.local/lib/python3.12/site-packages/airflow/example_dags/example_dag_decorator.py
[2025-06-20T21:29:30.708+0000] {processor.py:914} INFO - Processing file /home/airflow/.local/lib/python3.12/site-packages/airflow/example_dags/example_dag_decorator.py for tasks to queue
[2025-06-20T21:29:30.710+0000] {logging_mixin.py:190} INFO - [2025-06-20T21:29:30.710+0000] {dagbag.py:588} INFO - Filling up the DagBag from /home/airflow/.local/lib/python3.12/site-packages/airflow/example_dags/example_dag_decorator.py
[2025-06-20T21:29:30.721+0000] {processor.py:925} INFO - DAG(s) 'example_dag_decorator' retrieved from /home/airflow/.local/lib/python3.12/site-packages/airflow/example_dags/example_dag_decorator.py
[2025-06-20T21:29:30.827+0000] {logging_mixin.py:190} INFO - [2025-06-20T21:29:30.827+0000] {dag.py:3239} INFO - Sync 1 DAGs
[2025-06-20T21:29:30.847+0000] {logging_mixin.py:190} INFO - [2025-06-20T21:29:30.846+0000] {dag.py:4180} INFO - Setting next_dagrun for example_dag_decorator to None, run_after=None
[2025-06-20T21:29:30.956+0000] {processor.py:208} INFO - Processing /home/airflow/.local/lib/python3.12/site-packages/airflow/example_dags/example_dag_decorator.py took 0.255 seconds
[2025-06-20T21:30:01.121+0000] {processor.py:186} INFO - Started process (PID=537) to work on /home/airflow/.local/lib/python3.12/site-packages/airflow/example_dags/example_dag_decorator.py
[2025-06-20T21:30:01.122+0000] {processor.py:914} INFO - Processing file /home/airflow/.local/lib/python3.12/site-packages/airflow/example_dags/example_dag_decorator.py for tasks to queue
[2025-06-20T21:30:01.124+0000] {logging_mixin.py:190} INFO - [2025-06-20T21:30:01.124+0000] {dagbag.py:588} INFO - Filling up the DagBag from /home/airflow/.local/lib/python3.12/site-packages/airflow/example_dags/example_dag_decorator.py
[2025-06-20T21:30:01.135+0000] {processor.py:925} INFO - DAG(s) 'example_dag_decorator' retrieved from /home/airflow/.local/lib/python3.12/site-packages/airflow/example_dags/example_dag_decorator.py
[2025-06-20T21:30:01.162+0000] {logging_mixin.py:190} INFO - [2025-06-20T21:30:01.162+0000] {dag.py:3239} INFO - Sync 1 DAGs
[2025-06-20T21:30:01.176+0000] {logging_mixin.py:190} INFO - [2025-06-20T21:30:01.176+0000] {dag.py:4180} INFO - Setting next_dagrun for example_dag_decorator to None, run_after=None
[2025-06-20T21:30:01.202+0000] {processor.py:208} INFO - Processing /home/airflow/.local/lib/python3.12/site-packages/airflow/example_dags/example_dag_decorator.py took 0.086 seconds
[2025-06-20T21:30:32.562+0000] {processor.py:186} INFO - Started process (PID=601) to work on /home/airflow/.local/lib/python3.12/site-packages/airflow/example_dags/example_dag_decorator.py
[2025-06-20T21:30:32.564+0000] {processor.py:914} INFO - Processing file /home/airflow/.local/lib/python3.12/site-packages/airflow/example_dags/example_dag_decorator.py for tasks to queue
[2025-06-20T21:30:32.566+0000] {logging_mixin.py:190} INFO - [2025-06-20T21:30:32.566+0000] {dagbag.py:588} INFO - Filling up the DagBag from /home/airflow/.local/lib/python3.12/site-packages/airflow/example_dags/example_dag_decorator.py
[2025-06-20T21:30:32.577+0000] {processor.py:925} INFO - DAG(s) 'example_dag_decorator' retrieved from /home/airflow/.local/lib/python3.12/site-packages/airflow/example_dags/example_dag_decorator.py
[2025-06-20T21:30:32.683+0000] {logging_mixin.py:190} INFO - [2025-06-20T21:30:32.682+0000] {dag.py:3239} INFO - Sync 1 DAGs
[2025-06-20T21:30:32.694+0000] {logging_mixin.py:190} INFO - [2025-06-20T21:30:32.694+0000] {dag.py:4180} INFO - Setting next_dagrun for example_dag_decorator to None, run_after=None
[2025-06-20T21:30:32.731+0000] {processor.py:208} INFO - Processing /home/airflow/.local/lib/python3.12/site-packages/airflow/example_dags/example_dag_decorator.py took 0.175 seconds
[2025-06-20T21:31:03.822+0000] {processor.py:186} INFO - Started process (PID=650) to work on /home/airflow/.local/lib/python3.12/site-packages/airflow/example_dags/example_dag_decorator.py
[2025-06-20T21:31:03.823+0000] {processor.py:914} INFO - Processing file /home/airflow/.local/lib/python3.12/site-packages/airflow/example_dags/example_dag_decorator.py for tasks to queue
[2025-06-20T21:31:03.825+0000] {logging_mixin.py:190} INFO - [2025-06-20T21:31:03.825+0000] {dagbag.py:588} INFO - Filling up the DagBag from /home/airflow/.local/lib/python3.12/site-packages/airflow/example_dags/example_dag_decorator.py
[2025-06-20T21:31:03.835+0000] {processor.py:925} INFO - DAG(s) 'example_dag_decorator' retrieved from /home/airflow/.local/lib/python3.12/site-packages/airflow/example_dags/example_dag_decorator.py
[2025-06-20T21:31:03.948+0000] {logging_mixin.py:190} INFO - [2025-06-20T21:31:03.948+0000] {dag.py:3239} INFO - Sync 1 DAGs
[2025-06-20T21:31:03.960+0000] {logging_mixin.py:190} INFO - [2025-06-20T21:31:03.960+0000] {dag.py:4180} INFO - Setting next_dagrun for example_dag_decorator to None, run_after=None
[2025-06-20T21:31:03.997+0000] {processor.py:208} INFO - Processing /home/airflow/.local/lib/python3.12/site-packages/airflow/example_dags/example_dag_decorator.py took 0.180 seconds
[2025-06-20T21:31:35.104+0000] {processor.py:186} INFO - Started process (PID=714) to work on /home/airflow/.local/lib/python3.12/site-packages/airflow/example_dags/example_dag_decorator.py
[2025-06-20T21:31:35.105+0000] {processor.py:914} INFO - Processing file /home/airflow/.local/lib/python3.12/site-packages/airflow/example_dags/example_dag_decorator.py for tasks to queue
[2025-06-20T21:31:35.108+0000] {logging_mixin.py:190} INFO - [2025-06-20T21:31:35.107+0000] {dagbag.py:588} INFO - Filling up the DagBag from /home/airflow/.local/lib/python3.12/site-packages/airflow/example_dags/example_dag_decorator.py
[2025-06-20T21:31:35.119+0000] {processor.py:925} INFO - DAG(s) 'example_dag_decorator' retrieved from /home/airflow/.local/lib/python3.12/site-packages/airflow/example_dags/example_dag_decorator.py
[2025-06-20T21:31:35.237+0000] {logging_mixin.py:190} INFO - [2025-06-20T21:31:35.237+0000] {dag.py:3239} INFO - Sync 1 DAGs
[2025-06-20T21:31:35.249+0000] {logging_mixin.py:190} INFO - [2025-06-20T21:31:35.249+0000] {dag.py:4180} INFO - Setting next_dagrun for example_dag_decorator to None, run_after=None
[2025-06-20T21:31:35.282+0000] {processor.py:208} INFO - Processing /home/airflow/.local/lib/python3.12/site-packages/airflow/example_dags/example_dag_decorator.py took 0.183 seconds
[2025-06-20T21:32:07.223+0000] {processor.py:186} INFO - Started process (PID=778) to work on /home/airflow/.local/lib/python3.12/site-packages/airflow/example_dags/example_dag_decorator.py
[2025-06-20T21:32:07.224+0000] {processor.py:914} INFO - Processing file /home/airflow/.local/lib/python3.12/site-packages/airflow/example_dags/example_dag_decorator.py for tasks to queue
[2025-06-20T21:32:07.226+0000] {logging_mixin.py:190} INFO - [2025-06-20T21:32:07.226+0000] {dagbag.py:588} INFO - Filling up the DagBag from /home/airflow/.local/lib/python3.12/site-packages/airflow/example_dags/example_dag_decorator.py
[2025-06-20T21:32:07.238+0000] {processor.py:925} INFO - DAG(s) 'example_dag_decorator' retrieved from /home/airflow/.local/lib/python3.12/site-packages/airflow/example_dags/example_dag_decorator.py
[2025-06-20T21:32:07.399+0000] {logging_mixin.py:190} INFO - [2025-06-20T21:32:07.399+0000] {dag.py:3239} INFO - Sync 1 DAGs
[2025-06-20T21:32:07.423+0000] {logging_mixin.py:190} INFO - [2025-06-20T21:32:07.423+0000] {dag.py:4180} INFO - Setting next_dagrun for example_dag_decorator to None, run_after=None
[2025-06-20T21:32:07.467+0000] {processor.py:208} INFO - Processing /home/airflow/.local/lib/python3.12/site-packages/airflow/example_dags/example_dag_decorator.py took 0.249 seconds
[2025-06-20T21:32:38.077+0000] {processor.py:186} INFO - Started process (PID=842) to work on /home/airflow/.local/lib/python3.12/site-packages/airflow/example_dags/example_dag_decorator.py
[2025-06-20T21:32:38.078+0000] {processor.py:914} INFO - Processing file /home/airflow/.local/lib/python3.12/site-packages/airflow/example_dags/example_dag_decorator.py for tasks to queue
[2025-06-20T21:32:38.080+0000] {logging_mixin.py:190} INFO - [2025-06-20T21:32:38.080+0000] {dagbag.py:588} INFO - Filling up the DagBag from /home/airflow/.local/lib/python3.12/site-packages/airflow/example_dags/example_dag_decorator.py
[2025-06-20T21:32:38.090+0000] {processor.py:925} INFO - DAG(s) 'example_dag_decorator' retrieved from /home/airflow/.local/lib/python3.12/site-packages/airflow/example_dags/example_dag_decorator.py
[2025-06-20T21:32:38.199+0000] {logging_mixin.py:190} INFO - [2025-06-20T21:32:38.199+0000] {dag.py:3239} INFO - Sync 1 DAGs
[2025-06-20T21:32:38.211+0000] {logging_mixin.py:190} INFO - [2025-06-20T21:32:38.211+0000] {dag.py:4180} INFO - Setting next_dagrun for example_dag_decorator to None, run_after=None
[2025-06-20T21:32:38.247+0000] {processor.py:208} INFO - Processing /home/airflow/.local/lib/python3.12/site-packages/airflow/example_dags/example_dag_decorator.py took 0.175 seconds
[2025-06-20T21:33:09.844+0000] {processor.py:186} INFO - Started process (PID=906) to work on /home/airflow/.local/lib/python3.12/site-packages/airflow/example_dags/example_dag_decorator.py
[2025-06-20T21:33:09.845+0000] {processor.py:914} INFO - Processing file /home/airflow/.local/lib/python3.12/site-packages/airflow/example_dags/example_dag_decorator.py for tasks to queue
[2025-06-20T21:33:09.848+0000] {logging_mixin.py:190} INFO - [2025-06-20T21:33:09.848+0000] {dagbag.py:588} INFO - Filling up the DagBag from /home/airflow/.local/lib/python3.12/site-packages/airflow/example_dags/example_dag_decorator.py
[2025-06-20T21:33:09.859+0000] {processor.py:925} INFO - DAG(s) 'example_dag_decorator' retrieved from /home/airflow/.local/lib/python3.12/site-packages/airflow/example_dags/example_dag_decorator.py
[2025-06-20T21:33:09.995+0000] {logging_mixin.py:190} INFO - [2025-06-20T21:33:09.995+0000] {dag.py:3239} INFO - Sync 1 DAGs
[2025-06-20T21:33:10.008+0000] {logging_mixin.py:190} INFO - [2025-06-20T21:33:10.008+0000] {dag.py:4180} INFO - Setting next_dagrun for example_dag_decorator to None, run_after=None
[2025-06-20T21:33:10.046+0000] {processor.py:208} INFO - Processing /home/airflow/.local/lib/python3.12/site-packages/airflow/example_dags/example_dag_decorator.py took 0.208 seconds
[2025-06-20T21:33:41.359+0000] {processor.py:186} INFO - Started process (PID=970) to work on /home/airflow/.local/lib/python3.12/site-packages/airflow/example_dags/example_dag_decorator.py
[2025-06-20T21:33:41.360+0000] {processor.py:914} INFO - Processing file /home/airflow/.local/lib/python3.12/site-packages/airflow/example_dags/example_dag_decorator.py for tasks to queue
[2025-06-20T21:33:41.362+0000] {logging_mixin.py:190} INFO - [2025-06-20T21:33:41.362+0000] {dagbag.py:588} INFO - Filling up the DagBag from /home/airflow/.local/lib/python3.12/site-packages/airflow/example_dags/example_dag_decorator.py
[2025-06-20T21:33:41.374+0000] {processor.py:925} INFO - DAG(s) 'example_dag_decorator' retrieved from /home/airflow/.local/lib/python3.12/site-packages/airflow/example_dags/example_dag_decorator.py
[2025-06-20T21:33:41.523+0000] {logging_mixin.py:190} INFO - [2025-06-20T21:33:41.523+0000] {dag.py:3239} INFO - Sync 1 DAGs
[2025-06-20T21:33:41.537+0000] {logging_mixin.py:190} INFO - [2025-06-20T21:33:41.536+0000] {dag.py:4180} INFO - Setting next_dagrun for example_dag_decorator to None, run_after=None
[2025-06-20T21:33:41.576+0000] {processor.py:208} INFO - Processing /home/airflow/.local/lib/python3.12/site-packages/airflow/example_dags/example_dag_decorator.py took 0.225 seconds
[2025-06-20T21:34:12.723+0000] {processor.py:186} INFO - Started process (PID=1034) to work on /home/airflow/.local/lib/python3.12/site-packages/airflow/example_dags/example_dag_decorator.py
[2025-06-20T21:34:12.724+0000] {processor.py:914} INFO - Processing file /home/airflow/.local/lib/python3.12/site-packages/airflow/example_dags/example_dag_decorator.py for tasks to queue
[2025-06-20T21:34:12.726+0000] {logging_mixin.py:190} INFO - [2025-06-20T21:34:12.726+0000] {dagbag.py:588} INFO - Filling up the DagBag from /home/airflow/.local/lib/python3.12/site-packages/airflow/example_dags/example_dag_decorator.py
[2025-06-20T21:34:12.737+0000] {processor.py:925} INFO - DAG(s) 'example_dag_decorator' retrieved from /home/airflow/.local/lib/python3.12/site-packages/airflow/example_dags/example_dag_decorator.py
[2025-06-20T21:34:12.849+0000] {logging_mixin.py:190} INFO - [2025-06-20T21:34:12.849+0000] {dag.py:3239} INFO - Sync 1 DAGs
[2025-06-20T21:34:12.861+0000] {logging_mixin.py:190} INFO - [2025-06-20T21:34:12.861+0000] {dag.py:4180} INFO - Setting next_dagrun for example_dag_decorator to None, run_after=None
[2025-06-20T21:34:12.892+0000] {processor.py:208} INFO - Processing /home/airflow/.local/lib/python3.12/site-packages/airflow/example_dags/example_dag_decorator.py took 0.176 seconds
[2025-06-20T21:34:44.687+0000] {processor.py:186} INFO - Started process (PID=1098) to work on /home/airflow/.local/lib/python3.12/site-packages/airflow/example_dags/example_dag_decorator.py
[2025-06-20T21:34:44.688+0000] {processor.py:914} INFO - Processing file /home/airflow/.local/lib/python3.12/site-packages/airflow/example_dags/example_dag_decorator.py for tasks to queue
[2025-06-20T21:34:44.690+0000] {logging_mixin.py:190} INFO - [2025-06-20T21:34:44.690+0000] {dagbag.py:588} INFO - Filling up the DagBag from /home/airflow/.local/lib/python3.12/site-packages/airflow/example_dags/example_dag_decorator.py
[2025-06-20T21:34:44.700+0000] {processor.py:925} INFO - DAG(s) 'example_dag_decorator' retrieved from /home/airflow/.local/lib/python3.12/site-packages/airflow/example_dags/example_dag_decorator.py
[2025-06-20T21:34:44.811+0000] {logging_mixin.py:190} INFO - [2025-06-20T21:34:44.811+0000] {dag.py:3239} INFO - Sync 1 DAGs
[2025-06-20T21:34:44.823+0000] {logging_mixin.py:190} INFO - [2025-06-20T21:34:44.822+0000] {dag.py:4180} INFO - Setting next_dagrun for example_dag_decorator to None, run_after=None
[2025-06-20T21:34:44.851+0000] {processor.py:208} INFO - Processing /home/airflow/.local/lib/python3.12/site-packages/airflow/example_dags/example_dag_decorator.py took 0.170 seconds
[2025-06-20T21:35:16.054+0000] {processor.py:186} INFO - Started process (PID=1162) to work on /home/airflow/.local/lib/python3.12/site-packages/airflow/example_dags/example_dag_decorator.py
[2025-06-20T21:35:16.056+0000] {processor.py:914} INFO - Processing file /home/airflow/.local/lib/python3.12/site-packages/airflow/example_dags/example_dag_decorator.py for tasks to queue
[2025-06-20T21:35:16.059+0000] {logging_mixin.py:190} INFO - [2025-06-20T21:35:16.058+0000] {dagbag.py:588} INFO - Filling up the DagBag from /home/airflow/.local/lib/python3.12/site-packages/airflow/example_dags/example_dag_decorator.py
[2025-06-20T21:35:16.071+0000] {processor.py:925} INFO - DAG(s) 'example_dag_decorator' retrieved from /home/airflow/.local/lib/python3.12/site-packages/airflow/example_dags/example_dag_decorator.py
[2025-06-20T21:35:16.222+0000] {logging_mixin.py:190} INFO - [2025-06-20T21:35:16.222+0000] {dag.py:3239} INFO - Sync 1 DAGs
[2025-06-20T21:35:16.236+0000] {logging_mixin.py:190} INFO - [2025-06-20T21:35:16.235+0000] {dag.py:4180} INFO - Setting next_dagrun for example_dag_decorator to None, run_after=None
[2025-06-20T21:35:16.267+0000] {processor.py:208} INFO - Processing /home/airflow/.local/lib/python3.12/site-packages/airflow/example_dags/example_dag_decorator.py took 0.220 seconds
[2025-06-20T21:35:48.250+0000] {processor.py:186} INFO - Started process (PID=1226) to work on /home/airflow/.local/lib/python3.12/site-packages/airflow/example_dags/example_dag_decorator.py
[2025-06-20T21:35:48.251+0000] {processor.py:914} INFO - Processing file /home/airflow/.local/lib/python3.12/site-packages/airflow/example_dags/example_dag_decorator.py for tasks to queue
[2025-06-20T21:35:48.254+0000] {logging_mixin.py:190} INFO - [2025-06-20T21:35:48.253+0000] {dagbag.py:588} INFO - Filling up the DagBag from /home/airflow/.local/lib/python3.12/site-packages/airflow/example_dags/example_dag_decorator.py
[2025-06-20T21:35:48.264+0000] {processor.py:925} INFO - DAG(s) 'example_dag_decorator' retrieved from /home/airflow/.local/lib/python3.12/site-packages/airflow/example_dags/example_dag_decorator.py
[2025-06-20T21:35:48.372+0000] {logging_mixin.py:190} INFO - [2025-06-20T21:35:48.371+0000] {dag.py:3239} INFO - Sync 1 DAGs
[2025-06-20T21:35:48.385+0000] {logging_mixin.py:190} INFO - [2025-06-20T21:35:48.385+0000] {dag.py:4180} INFO - Setting next_dagrun for example_dag_decorator to None, run_after=None
[2025-06-20T21:35:48.414+0000] {processor.py:208} INFO - Processing /home/airflow/.local/lib/python3.12/site-packages/airflow/example_dags/example_dag_decorator.py took 0.169 seconds
[2025-06-20T21:36:20.001+0000] {processor.py:186} INFO - Started process (PID=1290) to work on /home/airflow/.local/lib/python3.12/site-packages/airflow/example_dags/example_dag_decorator.py
[2025-06-20T21:36:20.002+0000] {processor.py:914} INFO - Processing file /home/airflow/.local/lib/python3.12/site-packages/airflow/example_dags/example_dag_decorator.py for tasks to queue
[2025-06-20T21:36:20.005+0000] {logging_mixin.py:190} INFO - [2025-06-20T21:36:20.004+0000] {dagbag.py:588} INFO - Filling up the DagBag from /home/airflow/.local/lib/python3.12/site-packages/airflow/example_dags/example_dag_decorator.py
[2025-06-20T21:36:20.016+0000] {processor.py:925} INFO - DAG(s) 'example_dag_decorator' retrieved from /home/airflow/.local/lib/python3.12/site-packages/airflow/example_dags/example_dag_decorator.py
[2025-06-20T21:36:20.137+0000] {logging_mixin.py:190} INFO - [2025-06-20T21:36:20.136+0000] {dag.py:3239} INFO - Sync 1 DAGs
[2025-06-20T21:36:20.149+0000] {logging_mixin.py:190} INFO - [2025-06-20T21:36:20.149+0000] {dag.py:4180} INFO - Setting next_dagrun for example_dag_decorator to None, run_after=None
[2025-06-20T21:36:20.183+0000] {processor.py:208} INFO - Processing /home/airflow/.local/lib/python3.12/site-packages/airflow/example_dags/example_dag_decorator.py took 0.189 seconds
[2025-06-20T21:36:51.129+0000] {processor.py:186} INFO - Started process (PID=1354) to work on /home/airflow/.local/lib/python3.12/site-packages/airflow/example_dags/example_dag_decorator.py
[2025-06-20T21:36:51.131+0000] {processor.py:914} INFO - Processing file /home/airflow/.local/lib/python3.12/site-packages/airflow/example_dags/example_dag_decorator.py for tasks to queue
[2025-06-20T21:36:51.133+0000] {logging_mixin.py:190} INFO - [2025-06-20T21:36:51.132+0000] {dagbag.py:588} INFO - Filling up the DagBag from /home/airflow/.local/lib/python3.12/site-packages/airflow/example_dags/example_dag_decorator.py
[2025-06-20T21:36:51.144+0000] {processor.py:925} INFO - DAG(s) 'example_dag_decorator' retrieved from /home/airflow/.local/lib/python3.12/site-packages/airflow/example_dags/example_dag_decorator.py
[2025-06-20T21:36:51.263+0000] {logging_mixin.py:190} INFO - [2025-06-20T21:36:51.263+0000] {dag.py:3239} INFO - Sync 1 DAGs
[2025-06-20T21:36:51.277+0000] {logging_mixin.py:190} INFO - [2025-06-20T21:36:51.277+0000] {dag.py:4180} INFO - Setting next_dagrun for example_dag_decorator to None, run_after=None
[2025-06-20T21:36:51.314+0000] {processor.py:208} INFO - Processing /home/airflow/.local/lib/python3.12/site-packages/airflow/example_dags/example_dag_decorator.py took 0.190 seconds
[2025-06-20T21:37:22.181+0000] {processor.py:186} INFO - Started process (PID=1418) to work on /home/airflow/.local/lib/python3.12/site-packages/airflow/example_dags/example_dag_decorator.py
[2025-06-20T21:37:22.182+0000] {processor.py:914} INFO - Processing file /home/airflow/.local/lib/python3.12/site-packages/airflow/example_dags/example_dag_decorator.py for tasks to queue
[2025-06-20T21:37:22.185+0000] {logging_mixin.py:190} INFO - [2025-06-20T21:37:22.185+0000] {dagbag.py:588} INFO - Filling up the DagBag from /home/airflow/.local/lib/python3.12/site-packages/airflow/example_dags/example_dag_decorator.py
[2025-06-20T21:37:22.197+0000] {processor.py:925} INFO - DAG(s) 'example_dag_decorator' retrieved from /home/airflow/.local/lib/python3.12/site-packages/airflow/example_dags/example_dag_decorator.py
[2025-06-20T21:37:22.321+0000] {logging_mixin.py:190} INFO - [2025-06-20T21:37:22.321+0000] {dag.py:3239} INFO - Sync 1 DAGs
[2025-06-20T21:37:22.334+0000] {logging_mixin.py:190} INFO - [2025-06-20T21:37:22.334+0000] {dag.py:4180} INFO - Setting next_dagrun for example_dag_decorator to None, run_after=None
[2025-06-20T21:37:22.370+0000] {processor.py:208} INFO - Processing /home/airflow/.local/lib/python3.12/site-packages/airflow/example_dags/example_dag_decorator.py took 0.193 seconds
[2025-06-20T21:37:54.586+0000] {processor.py:186} INFO - Started process (PID=1483) to work on /home/airflow/.local/lib/python3.12/site-packages/airflow/example_dags/example_dag_decorator.py
[2025-06-20T21:37:54.587+0000] {processor.py:914} INFO - Processing file /home/airflow/.local/lib/python3.12/site-packages/airflow/example_dags/example_dag_decorator.py for tasks to queue
[2025-06-20T21:37:54.589+0000] {logging_mixin.py:190} INFO - [2025-06-20T21:37:54.589+0000] {dagbag.py:588} INFO - Filling up the DagBag from /home/airflow/.local/lib/python3.12/site-packages/airflow/example_dags/example_dag_decorator.py
[2025-06-20T21:37:54.600+0000] {processor.py:925} INFO - DAG(s) 'example_dag_decorator' retrieved from /home/airflow/.local/lib/python3.12/site-packages/airflow/example_dags/example_dag_decorator.py
[2025-06-20T21:37:54.716+0000] {logging_mixin.py:190} INFO - [2025-06-20T21:37:54.716+0000] {dag.py:3239} INFO - Sync 1 DAGs
[2025-06-20T21:37:54.728+0000] {logging_mixin.py:190} INFO - [2025-06-20T21:37:54.728+0000] {dag.py:4180} INFO - Setting next_dagrun for example_dag_decorator to None, run_after=None
[2025-06-20T21:37:54.753+0000] {processor.py:208} INFO - Processing /home/airflow/.local/lib/python3.12/site-packages/airflow/example_dags/example_dag_decorator.py took 0.172 seconds
[2025-06-20T21:38:26.008+0000] {processor.py:186} INFO - Started process (PID=1547) to work on /home/airflow/.local/lib/python3.12/site-packages/airflow/example_dags/example_dag_decorator.py
[2025-06-20T21:38:26.010+0000] {processor.py:914} INFO - Processing file /home/airflow/.local/lib/python3.12/site-packages/airflow/example_dags/example_dag_decorator.py for tasks to queue
[2025-06-20T21:38:26.013+0000] {logging_mixin.py:190} INFO - [2025-06-20T21:38:26.012+0000] {dagbag.py:588} INFO - Filling up the DagBag from /home/airflow/.local/lib/python3.12/site-packages/airflow/example_dags/example_dag_decorator.py
[2025-06-20T21:38:26.029+0000] {processor.py:925} INFO - DAG(s) 'example_dag_decorator' retrieved from /home/airflow/.local/lib/python3.12/site-packages/airflow/example_dags/example_dag_decorator.py
[2025-06-20T21:38:26.203+0000] {logging_mixin.py:190} INFO - [2025-06-20T21:38:26.202+0000] {dag.py:3239} INFO - Sync 1 DAGs
[2025-06-20T21:38:26.220+0000] {logging_mixin.py:190} INFO - [2025-06-20T21:38:26.220+0000] {dag.py:4180} INFO - Setting next_dagrun for example_dag_decorator to None, run_after=None
[2025-06-20T21:38:26.267+0000] {processor.py:208} INFO - Processing /home/airflow/.local/lib/python3.12/site-packages/airflow/example_dags/example_dag_decorator.py took 0.266 seconds
[2025-06-20T21:38:57.797+0000] {processor.py:186} INFO - Started process (PID=1611) to work on /home/airflow/.local/lib/python3.12/site-packages/airflow/example_dags/example_dag_decorator.py
[2025-06-20T21:38:57.799+0000] {processor.py:914} INFO - Processing file /home/airflow/.local/lib/python3.12/site-packages/airflow/example_dags/example_dag_decorator.py for tasks to queue
[2025-06-20T21:38:57.801+0000] {logging_mixin.py:190} INFO - [2025-06-20T21:38:57.800+0000] {dagbag.py:588} INFO - Filling up the DagBag from /home/airflow/.local/lib/python3.12/site-packages/airflow/example_dags/example_dag_decorator.py
[2025-06-20T21:38:57.812+0000] {processor.py:925} INFO - DAG(s) 'example_dag_decorator' retrieved from /home/airflow/.local/lib/python3.12/site-packages/airflow/example_dags/example_dag_decorator.py
[2025-06-20T21:38:57.950+0000] {logging_mixin.py:190} INFO - [2025-06-20T21:38:57.949+0000] {dag.py:3239} INFO - Sync 1 DAGs
[2025-06-20T21:38:57.962+0000] {logging_mixin.py:190} INFO - [2025-06-20T21:38:57.962+0000] {dag.py:4180} INFO - Setting next_dagrun for example_dag_decorator to None, run_after=None
[2025-06-20T21:38:57.996+0000] {processor.py:208} INFO - Processing /home/airflow/.local/lib/python3.12/site-packages/airflow/example_dags/example_dag_decorator.py took 0.204 seconds
[2025-06-20T21:39:29.174+0000] {processor.py:186} INFO - Started process (PID=1675) to work on /home/airflow/.local/lib/python3.12/site-packages/airflow/example_dags/example_dag_decorator.py
[2025-06-20T21:39:29.175+0000] {processor.py:914} INFO - Processing file /home/airflow/.local/lib/python3.12/site-packages/airflow/example_dags/example_dag_decorator.py for tasks to queue
[2025-06-20T21:39:29.177+0000] {logging_mixin.py:190} INFO - [2025-06-20T21:39:29.176+0000] {dagbag.py:588} INFO - Filling up the DagBag from /home/airflow/.local/lib/python3.12/site-packages/airflow/example_dags/example_dag_decorator.py
[2025-06-20T21:39:29.188+0000] {processor.py:925} INFO - DAG(s) 'example_dag_decorator' retrieved from /home/airflow/.local/lib/python3.12/site-packages/airflow/example_dags/example_dag_decorator.py
[2025-06-20T21:39:29.295+0000] {logging_mixin.py:190} INFO - [2025-06-20T21:39:29.295+0000] {dag.py:3239} INFO - Sync 1 DAGs
[2025-06-20T21:39:29.308+0000] {logging_mixin.py:190} INFO - [2025-06-20T21:39:29.308+0000] {dag.py:4180} INFO - Setting next_dagrun for example_dag_decorator to None, run_after=None
[2025-06-20T21:39:29.342+0000] {processor.py:208} INFO - Processing /home/airflow/.local/lib/python3.12/site-packages/airflow/example_dags/example_dag_decorator.py took 0.174 seconds
[2025-06-20T21:40:00.889+0000] {processor.py:186} INFO - Started process (PID=1739) to work on /home/airflow/.local/lib/python3.12/site-packages/airflow/example_dags/example_dag_decorator.py
[2025-06-20T21:40:00.890+0000] {processor.py:914} INFO - Processing file /home/airflow/.local/lib/python3.12/site-packages/airflow/example_dags/example_dag_decorator.py for tasks to queue
[2025-06-20T21:40:00.893+0000] {logging_mixin.py:190} INFO - [2025-06-20T21:40:00.893+0000] {dagbag.py:588} INFO - Filling up the DagBag from /home/airflow/.local/lib/python3.12/site-packages/airflow/example_dags/example_dag_decorator.py
[2025-06-20T21:40:00.903+0000] {processor.py:925} INFO - DAG(s) 'example_dag_decorator' retrieved from /home/airflow/.local/lib/python3.12/site-packages/airflow/example_dags/example_dag_decorator.py
[2025-06-20T21:40:01.008+0000] {logging_mixin.py:190} INFO - [2025-06-20T21:40:01.008+0000] {dag.py:3239} INFO - Sync 1 DAGs
[2025-06-20T21:40:01.019+0000] {logging_mixin.py:190} INFO - [2025-06-20T21:40:01.019+0000] {dag.py:4180} INFO - Setting next_dagrun for example_dag_decorator to None, run_after=None
[2025-06-20T21:40:01.079+0000] {processor.py:208} INFO - Processing /home/airflow/.local/lib/python3.12/site-packages/airflow/example_dags/example_dag_decorator.py took 0.195 seconds
[2025-06-20T21:40:32.331+0000] {processor.py:186} INFO - Started process (PID=1803) to work on /home/airflow/.local/lib/python3.12/site-packages/airflow/example_dags/example_dag_decorator.py
[2025-06-20T21:40:32.332+0000] {processor.py:914} INFO - Processing file /home/airflow/.local/lib/python3.12/site-packages/airflow/example_dags/example_dag_decorator.py for tasks to queue
[2025-06-20T21:40:32.334+0000] {logging_mixin.py:190} INFO - [2025-06-20T21:40:32.334+0000] {dagbag.py:588} INFO - Filling up the DagBag from /home/airflow/.local/lib/python3.12/site-packages/airflow/example_dags/example_dag_decorator.py
[2025-06-20T21:40:32.344+0000] {processor.py:925} INFO - DAG(s) 'example_dag_decorator' retrieved from /home/airflow/.local/lib/python3.12/site-packages/airflow/example_dags/example_dag_decorator.py
[2025-06-20T21:40:32.443+0000] {logging_mixin.py:190} INFO - [2025-06-20T21:40:32.443+0000] {dag.py:3239} INFO - Sync 1 DAGs
[2025-06-20T21:40:32.454+0000] {logging_mixin.py:190} INFO - [2025-06-20T21:40:32.454+0000] {dag.py:4180} INFO - Setting next_dagrun for example_dag_decorator to None, run_after=None
[2025-06-20T21:40:32.513+0000] {processor.py:208} INFO - Processing /home/airflow/.local/lib/python3.12/site-packages/airflow/example_dags/example_dag_decorator.py took 0.186 seconds
[2025-06-20T21:41:02.732+0000] {processor.py:186} INFO - Started process (PID=1867) to work on /home/airflow/.local/lib/python3.12/site-packages/airflow/example_dags/example_dag_decorator.py
[2025-06-20T21:41:02.733+0000] {processor.py:914} INFO - Processing file /home/airflow/.local/lib/python3.12/site-packages/airflow/example_dags/example_dag_decorator.py for tasks to queue
[2025-06-20T21:41:02.736+0000] {logging_mixin.py:190} INFO - [2025-06-20T21:41:02.736+0000] {dagbag.py:588} INFO - Filling up the DagBag from /home/airflow/.local/lib/python3.12/site-packages/airflow/example_dags/example_dag_decorator.py
[2025-06-20T21:41:02.746+0000] {processor.py:925} INFO - DAG(s) 'example_dag_decorator' retrieved from /home/airflow/.local/lib/python3.12/site-packages/airflow/example_dags/example_dag_decorator.py
[2025-06-20T21:41:02.863+0000] {logging_mixin.py:190} INFO - [2025-06-20T21:41:02.863+0000] {dag.py:3239} INFO - Sync 1 DAGs
[2025-06-20T21:41:02.876+0000] {logging_mixin.py:190} INFO - [2025-06-20T21:41:02.876+0000] {dag.py:4180} INFO - Setting next_dagrun for example_dag_decorator to None, run_after=None
[2025-06-20T21:41:02.939+0000] {processor.py:208} INFO - Processing /home/airflow/.local/lib/python3.12/site-packages/airflow/example_dags/example_dag_decorator.py took 0.213 seconds
[2025-06-20T21:41:33.511+0000] {processor.py:186} INFO - Started process (PID=1932) to work on /home/airflow/.local/lib/python3.12/site-packages/airflow/example_dags/example_dag_decorator.py
[2025-06-20T21:41:33.512+0000] {processor.py:914} INFO - Processing file /home/airflow/.local/lib/python3.12/site-packages/airflow/example_dags/example_dag_decorator.py for tasks to queue
[2025-06-20T21:41:33.514+0000] {logging_mixin.py:190} INFO - [2025-06-20T21:41:33.514+0000] {dagbag.py:588} INFO - Filling up the DagBag from /home/airflow/.local/lib/python3.12/site-packages/airflow/example_dags/example_dag_decorator.py
[2025-06-20T21:41:33.526+0000] {processor.py:925} INFO - DAG(s) 'example_dag_decorator' retrieved from /home/airflow/.local/lib/python3.12/site-packages/airflow/example_dags/example_dag_decorator.py
[2025-06-20T21:41:33.630+0000] {logging_mixin.py:190} INFO - [2025-06-20T21:41:33.630+0000] {dag.py:3239} INFO - Sync 1 DAGs
[2025-06-20T21:41:33.643+0000] {logging_mixin.py:190} INFO - [2025-06-20T21:41:33.643+0000] {dag.py:4180} INFO - Setting next_dagrun for example_dag_decorator to None, run_after=None
[2025-06-20T21:41:33.670+0000] {processor.py:208} INFO - Processing /home/airflow/.local/lib/python3.12/site-packages/airflow/example_dags/example_dag_decorator.py took 0.171 seconds
[2025-06-20T21:42:03.768+0000] {processor.py:186} INFO - Started process (PID=2002) to work on /home/airflow/.local/lib/python3.12/site-packages/airflow/example_dags/example_dag_decorator.py
[2025-06-20T21:42:03.769+0000] {processor.py:914} INFO - Processing file /home/airflow/.local/lib/python3.12/site-packages/airflow/example_dags/example_dag_decorator.py for tasks to queue
[2025-06-20T21:42:03.771+0000] {logging_mixin.py:190} INFO - [2025-06-20T21:42:03.771+0000] {dagbag.py:588} INFO - Filling up the DagBag from /home/airflow/.local/lib/python3.12/site-packages/airflow/example_dags/example_dag_decorator.py
[2025-06-20T21:42:03.783+0000] {processor.py:925} INFO - DAG(s) 'example_dag_decorator' retrieved from /home/airflow/.local/lib/python3.12/site-packages/airflow/example_dags/example_dag_decorator.py
[2025-06-20T21:42:03.899+0000] {logging_mixin.py:190} INFO - [2025-06-20T21:42:03.899+0000] {dag.py:3239} INFO - Sync 1 DAGs
[2025-06-20T21:42:03.912+0000] {logging_mixin.py:190} INFO - [2025-06-20T21:42:03.912+0000] {dag.py:4180} INFO - Setting next_dagrun for example_dag_decorator to None, run_after=None
[2025-06-20T21:42:03.938+0000] {processor.py:208} INFO - Processing /home/airflow/.local/lib/python3.12/site-packages/airflow/example_dags/example_dag_decorator.py took 0.175 seconds
[2025-06-20T21:42:34.096+0000] {processor.py:186} INFO - Started process (PID=2065) to work on /home/airflow/.local/lib/python3.12/site-packages/airflow/example_dags/example_dag_decorator.py
[2025-06-20T21:42:34.097+0000] {processor.py:914} INFO - Processing file /home/airflow/.local/lib/python3.12/site-packages/airflow/example_dags/example_dag_decorator.py for tasks to queue
[2025-06-20T21:42:34.100+0000] {logging_mixin.py:190} INFO - [2025-06-20T21:42:34.099+0000] {dagbag.py:588} INFO - Filling up the DagBag from /home/airflow/.local/lib/python3.12/site-packages/airflow/example_dags/example_dag_decorator.py
[2025-06-20T21:42:34.110+0000] {processor.py:925} INFO - DAG(s) 'example_dag_decorator' retrieved from /home/airflow/.local/lib/python3.12/site-packages/airflow/example_dags/example_dag_decorator.py
[2025-06-20T21:42:34.208+0000] {logging_mixin.py:190} INFO - [2025-06-20T21:42:34.208+0000] {dag.py:3239} INFO - Sync 1 DAGs
[2025-06-20T21:42:34.219+0000] {logging_mixin.py:190} INFO - [2025-06-20T21:42:34.219+0000] {dag.py:4180} INFO - Setting next_dagrun for example_dag_decorator to None, run_after=None
[2025-06-20T21:42:34.255+0000] {processor.py:208} INFO - Processing /home/airflow/.local/lib/python3.12/site-packages/airflow/example_dags/example_dag_decorator.py took 0.164 seconds
[2025-06-20T21:43:04.446+0000] {processor.py:186} INFO - Started process (PID=2129) to work on /home/airflow/.local/lib/python3.12/site-packages/airflow/example_dags/example_dag_decorator.py
[2025-06-20T21:43:04.447+0000] {processor.py:914} INFO - Processing file /home/airflow/.local/lib/python3.12/site-packages/airflow/example_dags/example_dag_decorator.py for tasks to queue
[2025-06-20T21:43:04.451+0000] {logging_mixin.py:190} INFO - [2025-06-20T21:43:04.450+0000] {dagbag.py:588} INFO - Filling up the DagBag from /home/airflow/.local/lib/python3.12/site-packages/airflow/example_dags/example_dag_decorator.py
[2025-06-20T21:43:04.464+0000] {processor.py:925} INFO - DAG(s) 'example_dag_decorator' retrieved from /home/airflow/.local/lib/python3.12/site-packages/airflow/example_dags/example_dag_decorator.py
[2025-06-20T21:43:04.571+0000] {logging_mixin.py:190} INFO - [2025-06-20T21:43:04.571+0000] {dag.py:3239} INFO - Sync 1 DAGs
[2025-06-20T21:43:04.582+0000] {logging_mixin.py:190} INFO - [2025-06-20T21:43:04.582+0000] {dag.py:4180} INFO - Setting next_dagrun for example_dag_decorator to None, run_after=None
[2025-06-20T21:43:04.624+0000] {processor.py:208} INFO - Processing /home/airflow/.local/lib/python3.12/site-packages/airflow/example_dags/example_dag_decorator.py took 0.185 seconds
[2025-06-20T21:43:34.690+0000] {processor.py:186} INFO - Started process (PID=2193) to work on /home/airflow/.local/lib/python3.12/site-packages/airflow/example_dags/example_dag_decorator.py
[2025-06-20T21:43:34.692+0000] {processor.py:914} INFO - Processing file /home/airflow/.local/lib/python3.12/site-packages/airflow/example_dags/example_dag_decorator.py for tasks to queue
[2025-06-20T21:43:34.694+0000] {logging_mixin.py:190} INFO - [2025-06-20T21:43:34.694+0000] {dagbag.py:588} INFO - Filling up the DagBag from /home/airflow/.local/lib/python3.12/site-packages/airflow/example_dags/example_dag_decorator.py
[2025-06-20T21:43:34.706+0000] {processor.py:925} INFO - DAG(s) 'example_dag_decorator' retrieved from /home/airflow/.local/lib/python3.12/site-packages/airflow/example_dags/example_dag_decorator.py
[2025-06-20T21:43:34.819+0000] {logging_mixin.py:190} INFO - [2025-06-20T21:43:34.819+0000] {dag.py:3239} INFO - Sync 1 DAGs
[2025-06-20T21:43:34.830+0000] {logging_mixin.py:190} INFO - [2025-06-20T21:43:34.830+0000] {dag.py:4180} INFO - Setting next_dagrun for example_dag_decorator to None, run_after=None
[2025-06-20T21:43:34.872+0000] {processor.py:208} INFO - Processing /home/airflow/.local/lib/python3.12/site-packages/airflow/example_dags/example_dag_decorator.py took 0.186 seconds
[2025-06-20T21:44:05.133+0000] {processor.py:186} INFO - Started process (PID=2264) to work on /home/airflow/.local/lib/python3.12/site-packages/airflow/example_dags/example_dag_decorator.py
[2025-06-20T21:44:05.135+0000] {processor.py:914} INFO - Processing file /home/airflow/.local/lib/python3.12/site-packages/airflow/example_dags/example_dag_decorator.py for tasks to queue
[2025-06-20T21:44:05.137+0000] {logging_mixin.py:190} INFO - [2025-06-20T21:44:05.136+0000] {dagbag.py:588} INFO - Filling up the DagBag from /home/airflow/.local/lib/python3.12/site-packages/airflow/example_dags/example_dag_decorator.py
[2025-06-20T21:44:05.147+0000] {processor.py:925} INFO - DAG(s) 'example_dag_decorator' retrieved from /home/airflow/.local/lib/python3.12/site-packages/airflow/example_dags/example_dag_decorator.py
[2025-06-20T21:44:05.262+0000] {logging_mixin.py:190} INFO - [2025-06-20T21:44:05.262+0000] {dag.py:3239} INFO - Sync 1 DAGs
[2025-06-20T21:44:05.273+0000] {logging_mixin.py:190} INFO - [2025-06-20T21:44:05.272+0000] {dag.py:4180} INFO - Setting next_dagrun for example_dag_decorator to None, run_after=None
[2025-06-20T21:44:05.301+0000] {processor.py:208} INFO - Processing /home/airflow/.local/lib/python3.12/site-packages/airflow/example_dags/example_dag_decorator.py took 0.173 seconds
[2025-06-20T21:44:35.427+0000] {processor.py:186} INFO - Started process (PID=2328) to work on /home/airflow/.local/lib/python3.12/site-packages/airflow/example_dags/example_dag_decorator.py
[2025-06-20T21:44:35.428+0000] {processor.py:914} INFO - Processing file /home/airflow/.local/lib/python3.12/site-packages/airflow/example_dags/example_dag_decorator.py for tasks to queue
[2025-06-20T21:44:35.430+0000] {logging_mixin.py:190} INFO - [2025-06-20T21:44:35.430+0000] {dagbag.py:588} INFO - Filling up the DagBag from /home/airflow/.local/lib/python3.12/site-packages/airflow/example_dags/example_dag_decorator.py
[2025-06-20T21:44:35.442+0000] {processor.py:925} INFO - DAG(s) 'example_dag_decorator' retrieved from /home/airflow/.local/lib/python3.12/site-packages/airflow/example_dags/example_dag_decorator.py
[2025-06-20T21:44:35.580+0000] {logging_mixin.py:190} INFO - [2025-06-20T21:44:35.579+0000] {dag.py:3239} INFO - Sync 1 DAGs
[2025-06-20T21:44:35.595+0000] {logging_mixin.py:190} INFO - [2025-06-20T21:44:35.594+0000] {dag.py:4180} INFO - Setting next_dagrun for example_dag_decorator to None, run_after=None
[2025-06-20T21:44:35.801+0000] {processor.py:208} INFO - Processing /home/airflow/.local/lib/python3.12/site-packages/airflow/example_dags/example_dag_decorator.py took 0.380 seconds
[2025-06-20T21:45:06.616+0000] {processor.py:186} INFO - Started process (PID=2393) to work on /home/airflow/.local/lib/python3.12/site-packages/airflow/example_dags/example_dag_decorator.py
[2025-06-20T21:45:06.617+0000] {processor.py:914} INFO - Processing file /home/airflow/.local/lib/python3.12/site-packages/airflow/example_dags/example_dag_decorator.py for tasks to queue
[2025-06-20T21:45:06.619+0000] {logging_mixin.py:190} INFO - [2025-06-20T21:45:06.619+0000] {dagbag.py:588} INFO - Filling up the DagBag from /home/airflow/.local/lib/python3.12/site-packages/airflow/example_dags/example_dag_decorator.py
[2025-06-20T21:45:06.629+0000] {processor.py:925} INFO - DAG(s) 'example_dag_decorator' retrieved from /home/airflow/.local/lib/python3.12/site-packages/airflow/example_dags/example_dag_decorator.py
[2025-06-20T21:45:06.740+0000] {logging_mixin.py:190} INFO - [2025-06-20T21:45:06.740+0000] {dag.py:3239} INFO - Sync 1 DAGs
[2025-06-20T21:45:06.751+0000] {logging_mixin.py:190} INFO - [2025-06-20T21:45:06.751+0000] {dag.py:4180} INFO - Setting next_dagrun for example_dag_decorator to None, run_after=None
[2025-06-20T21:45:06.784+0000] {processor.py:208} INFO - Processing /home/airflow/.local/lib/python3.12/site-packages/airflow/example_dags/example_dag_decorator.py took 0.173 seconds
[2025-06-20T21:45:36.886+0000] {processor.py:186} INFO - Started process (PID=2457) to work on /home/airflow/.local/lib/python3.12/site-packages/airflow/example_dags/example_dag_decorator.py
[2025-06-20T21:45:36.888+0000] {processor.py:914} INFO - Processing file /home/airflow/.local/lib/python3.12/site-packages/airflow/example_dags/example_dag_decorator.py for tasks to queue
[2025-06-20T21:45:36.891+0000] {logging_mixin.py:190} INFO - [2025-06-20T21:45:36.891+0000] {dagbag.py:588} INFO - Filling up the DagBag from /home/airflow/.local/lib/python3.12/site-packages/airflow/example_dags/example_dag_decorator.py
[2025-06-20T21:45:36.906+0000] {processor.py:925} INFO - DAG(s) 'example_dag_decorator' retrieved from /home/airflow/.local/lib/python3.12/site-packages/airflow/example_dags/example_dag_decorator.py
[2025-06-20T21:45:37.049+0000] {logging_mixin.py:190} INFO - [2025-06-20T21:45:37.049+0000] {dag.py:3239} INFO - Sync 1 DAGs
[2025-06-20T21:45:37.064+0000] {logging_mixin.py:190} INFO - [2025-06-20T21:45:37.063+0000] {dag.py:4180} INFO - Setting next_dagrun for example_dag_decorator to None, run_after=None
[2025-06-20T21:45:37.092+0000] {processor.py:208} INFO - Processing /home/airflow/.local/lib/python3.12/site-packages/airflow/example_dags/example_dag_decorator.py took 0.213 seconds
[2025-06-20T21:46:07.199+0000] {processor.py:186} INFO - Started process (PID=2521) to work on /home/airflow/.local/lib/python3.12/site-packages/airflow/example_dags/example_dag_decorator.py
[2025-06-20T21:46:07.200+0000] {processor.py:914} INFO - Processing file /home/airflow/.local/lib/python3.12/site-packages/airflow/example_dags/example_dag_decorator.py for tasks to queue
[2025-06-20T21:46:07.204+0000] {logging_mixin.py:190} INFO - [2025-06-20T21:46:07.204+0000] {dagbag.py:588} INFO - Filling up the DagBag from /home/airflow/.local/lib/python3.12/site-packages/airflow/example_dags/example_dag_decorator.py
[2025-06-20T21:46:07.215+0000] {processor.py:925} INFO - DAG(s) 'example_dag_decorator' retrieved from /home/airflow/.local/lib/python3.12/site-packages/airflow/example_dags/example_dag_decorator.py
[2025-06-20T21:46:07.346+0000] {logging_mixin.py:190} INFO - [2025-06-20T21:46:07.346+0000] {dag.py:3239} INFO - Sync 1 DAGs
[2025-06-20T21:46:07.359+0000] {logging_mixin.py:190} INFO - [2025-06-20T21:46:07.359+0000] {dag.py:4180} INFO - Setting next_dagrun for example_dag_decorator to None, run_after=None
[2025-06-20T21:46:07.395+0000] {processor.py:208} INFO - Processing /home/airflow/.local/lib/python3.12/site-packages/airflow/example_dags/example_dag_decorator.py took 0.201 seconds
[2025-06-20T21:46:37.447+0000] {processor.py:186} INFO - Started process (PID=2585) to work on /home/airflow/.local/lib/python3.12/site-packages/airflow/example_dags/example_dag_decorator.py
[2025-06-20T21:46:37.448+0000] {processor.py:914} INFO - Processing file /home/airflow/.local/lib/python3.12/site-packages/airflow/example_dags/example_dag_decorator.py for tasks to queue
[2025-06-20T21:46:37.450+0000] {logging_mixin.py:190} INFO - [2025-06-20T21:46:37.450+0000] {dagbag.py:588} INFO - Filling up the DagBag from /home/airflow/.local/lib/python3.12/site-packages/airflow/example_dags/example_dag_decorator.py
[2025-06-20T21:46:37.465+0000] {processor.py:925} INFO - DAG(s) 'example_dag_decorator' retrieved from /home/airflow/.local/lib/python3.12/site-packages/airflow/example_dags/example_dag_decorator.py
[2025-06-20T21:46:37.629+0000] {logging_mixin.py:190} INFO - [2025-06-20T21:46:37.629+0000] {dag.py:3239} INFO - Sync 1 DAGs
[2025-06-20T21:46:37.784+0000] {logging_mixin.py:190} INFO - [2025-06-20T21:46:37.783+0000] {dag.py:4180} INFO - Setting next_dagrun for example_dag_decorator to None, run_after=None
[2025-06-20T21:46:37.832+0000] {processor.py:208} INFO - Processing /home/airflow/.local/lib/python3.12/site-packages/airflow/example_dags/example_dag_decorator.py took 0.391 seconds
[2025-06-20T21:47:07.889+0000] {processor.py:186} INFO - Started process (PID=2649) to work on /home/airflow/.local/lib/python3.12/site-packages/airflow/example_dags/example_dag_decorator.py
[2025-06-20T21:47:07.890+0000] {processor.py:914} INFO - Processing file /home/airflow/.local/lib/python3.12/site-packages/airflow/example_dags/example_dag_decorator.py for tasks to queue
[2025-06-20T21:47:07.892+0000] {logging_mixin.py:190} INFO - [2025-06-20T21:47:07.892+0000] {dagbag.py:588} INFO - Filling up the DagBag from /home/airflow/.local/lib/python3.12/site-packages/airflow/example_dags/example_dag_decorator.py
[2025-06-20T21:47:07.902+0000] {processor.py:925} INFO - DAG(s) 'example_dag_decorator' retrieved from /home/airflow/.local/lib/python3.12/site-packages/airflow/example_dags/example_dag_decorator.py
[2025-06-20T21:47:08.013+0000] {logging_mixin.py:190} INFO - [2025-06-20T21:47:08.013+0000] {dag.py:3239} INFO - Sync 1 DAGs
[2025-06-20T21:47:08.027+0000] {logging_mixin.py:190} INFO - [2025-06-20T21:47:08.027+0000] {dag.py:4180} INFO - Setting next_dagrun for example_dag_decorator to None, run_after=None
[2025-06-20T21:47:08.268+0000] {processor.py:208} INFO - Processing /home/airflow/.local/lib/python3.12/site-packages/airflow/example_dags/example_dag_decorator.py took 0.384 seconds
[2025-06-20T21:47:38.361+0000] {processor.py:186} INFO - Started process (PID=2707) to work on /home/airflow/.local/lib/python3.12/site-packages/airflow/example_dags/example_dag_decorator.py
[2025-06-20T21:47:38.362+0000] {processor.py:914} INFO - Processing file /home/airflow/.local/lib/python3.12/site-packages/airflow/example_dags/example_dag_decorator.py for tasks to queue
[2025-06-20T21:47:38.364+0000] {logging_mixin.py:190} INFO - [2025-06-20T21:47:38.364+0000] {dagbag.py:588} INFO - Filling up the DagBag from /home/airflow/.local/lib/python3.12/site-packages/airflow/example_dags/example_dag_decorator.py
[2025-06-20T21:47:38.377+0000] {processor.py:925} INFO - DAG(s) 'example_dag_decorator' retrieved from /home/airflow/.local/lib/python3.12/site-packages/airflow/example_dags/example_dag_decorator.py
[2025-06-20T21:47:38.508+0000] {logging_mixin.py:190} INFO - [2025-06-20T21:47:38.507+0000] {dag.py:3239} INFO - Sync 1 DAGs
[2025-06-20T21:47:38.522+0000] {logging_mixin.py:190} INFO - [2025-06-20T21:47:38.522+0000] {dag.py:4180} INFO - Setting next_dagrun for example_dag_decorator to None, run_after=None
[2025-06-20T21:47:38.551+0000] {processor.py:208} INFO - Processing /home/airflow/.local/lib/python3.12/site-packages/airflow/example_dags/example_dag_decorator.py took 0.196 seconds
[2025-06-20T21:48:08.814+0000] {processor.py:186} INFO - Started process (PID=2771) to work on /home/airflow/.local/lib/python3.12/site-packages/airflow/example_dags/example_dag_decorator.py
[2025-06-20T21:48:08.815+0000] {processor.py:914} INFO - Processing file /home/airflow/.local/lib/python3.12/site-packages/airflow/example_dags/example_dag_decorator.py for tasks to queue
[2025-06-20T21:48:08.818+0000] {logging_mixin.py:190} INFO - [2025-06-20T21:48:08.817+0000] {dagbag.py:588} INFO - Filling up the DagBag from /home/airflow/.local/lib/python3.12/site-packages/airflow/example_dags/example_dag_decorator.py
[2025-06-20T21:48:08.828+0000] {processor.py:925} INFO - DAG(s) 'example_dag_decorator' retrieved from /home/airflow/.local/lib/python3.12/site-packages/airflow/example_dags/example_dag_decorator.py
[2025-06-20T21:48:08.928+0000] {logging_mixin.py:190} INFO - [2025-06-20T21:48:08.928+0000] {dag.py:3239} INFO - Sync 1 DAGs
[2025-06-20T21:48:08.941+0000] {logging_mixin.py:190} INFO - [2025-06-20T21:48:08.940+0000] {dag.py:4180} INFO - Setting next_dagrun for example_dag_decorator to None, run_after=None
[2025-06-20T21:48:08.968+0000] {processor.py:208} INFO - Processing /home/airflow/.local/lib/python3.12/site-packages/airflow/example_dags/example_dag_decorator.py took 0.159 seconds
[2025-06-20T21:48:39.132+0000] {processor.py:186} INFO - Started process (PID=2835) to work on /home/airflow/.local/lib/python3.12/site-packages/airflow/example_dags/example_dag_decorator.py
[2025-06-20T21:48:39.133+0000] {processor.py:914} INFO - Processing file /home/airflow/.local/lib/python3.12/site-packages/airflow/example_dags/example_dag_decorator.py for tasks to queue
[2025-06-20T21:48:39.136+0000] {logging_mixin.py:190} INFO - [2025-06-20T21:48:39.135+0000] {dagbag.py:588} INFO - Filling up the DagBag from /home/airflow/.local/lib/python3.12/site-packages/airflow/example_dags/example_dag_decorator.py
[2025-06-20T21:48:39.147+0000] {processor.py:925} INFO - DAG(s) 'example_dag_decorator' retrieved from /home/airflow/.local/lib/python3.12/site-packages/airflow/example_dags/example_dag_decorator.py
[2025-06-20T21:48:39.411+0000] {logging_mixin.py:190} INFO - [2025-06-20T21:48:39.410+0000] {dag.py:3239} INFO - Sync 1 DAGs
[2025-06-20T21:48:39.421+0000] {logging_mixin.py:190} INFO - [2025-06-20T21:48:39.420+0000] {dag.py:4180} INFO - Setting next_dagrun for example_dag_decorator to None, run_after=None
[2025-06-20T21:48:39.447+0000] {processor.py:208} INFO - Processing /home/airflow/.local/lib/python3.12/site-packages/airflow/example_dags/example_dag_decorator.py took 0.320 seconds
[2025-06-20T21:49:09.933+0000] {processor.py:186} INFO - Started process (PID=2898) to work on /home/airflow/.local/lib/python3.12/site-packages/airflow/example_dags/example_dag_decorator.py
[2025-06-20T21:49:09.934+0000] {processor.py:914} INFO - Processing file /home/airflow/.local/lib/python3.12/site-packages/airflow/example_dags/example_dag_decorator.py for tasks to queue
[2025-06-20T21:49:09.936+0000] {logging_mixin.py:190} INFO - [2025-06-20T21:49:09.935+0000] {dagbag.py:588} INFO - Filling up the DagBag from /home/airflow/.local/lib/python3.12/site-packages/airflow/example_dags/example_dag_decorator.py
[2025-06-20T21:49:09.946+0000] {processor.py:925} INFO - DAG(s) 'example_dag_decorator' retrieved from /home/airflow/.local/lib/python3.12/site-packages/airflow/example_dags/example_dag_decorator.py
[2025-06-20T21:49:10.239+0000] {logging_mixin.py:190} INFO - [2025-06-20T21:49:10.239+0000] {dag.py:3239} INFO - Sync 1 DAGs
[2025-06-20T21:49:10.253+0000] {logging_mixin.py:190} INFO - [2025-06-20T21:49:10.252+0000] {dag.py:4180} INFO - Setting next_dagrun for example_dag_decorator to None, run_after=None
[2025-06-20T21:49:10.354+0000] {processor.py:208} INFO - Processing /home/airflow/.local/lib/python3.12/site-packages/airflow/example_dags/example_dag_decorator.py took 0.427 seconds
[2025-06-20T21:49:40.824+0000] {processor.py:186} INFO - Started process (PID=2962) to work on /home/airflow/.local/lib/python3.12/site-packages/airflow/example_dags/example_dag_decorator.py
[2025-06-20T21:49:40.826+0000] {processor.py:914} INFO - Processing file /home/airflow/.local/lib/python3.12/site-packages/airflow/example_dags/example_dag_decorator.py for tasks to queue
[2025-06-20T21:49:40.828+0000] {logging_mixin.py:190} INFO - [2025-06-20T21:49:40.827+0000] {dagbag.py:588} INFO - Filling up the DagBag from /home/airflow/.local/lib/python3.12/site-packages/airflow/example_dags/example_dag_decorator.py
[2025-06-20T21:49:40.838+0000] {processor.py:925} INFO - DAG(s) 'example_dag_decorator' retrieved from /home/airflow/.local/lib/python3.12/site-packages/airflow/example_dags/example_dag_decorator.py
[2025-06-20T21:49:40.959+0000] {logging_mixin.py:190} INFO - [2025-06-20T21:49:40.959+0000] {dag.py:3239} INFO - Sync 1 DAGs
[2025-06-20T21:49:40.978+0000] {logging_mixin.py:190} INFO - [2025-06-20T21:49:40.977+0000] {dag.py:4180} INFO - Setting next_dagrun for example_dag_decorator to None, run_after=None
[2025-06-20T21:49:41.188+0000] {processor.py:208} INFO - Processing /home/airflow/.local/lib/python3.12/site-packages/airflow/example_dags/example_dag_decorator.py took 0.369 seconds
[2025-06-20T21:50:11.411+0000] {processor.py:186} INFO - Started process (PID=3027) to work on /home/airflow/.local/lib/python3.12/site-packages/airflow/example_dags/example_dag_decorator.py
[2025-06-20T21:50:11.412+0000] {processor.py:914} INFO - Processing file /home/airflow/.local/lib/python3.12/site-packages/airflow/example_dags/example_dag_decorator.py for tasks to queue
[2025-06-20T21:50:11.414+0000] {logging_mixin.py:190} INFO - [2025-06-20T21:50:11.414+0000] {dagbag.py:588} INFO - Filling up the DagBag from /home/airflow/.local/lib/python3.12/site-packages/airflow/example_dags/example_dag_decorator.py
[2025-06-20T21:50:11.425+0000] {processor.py:925} INFO - DAG(s) 'example_dag_decorator' retrieved from /home/airflow/.local/lib/python3.12/site-packages/airflow/example_dags/example_dag_decorator.py
[2025-06-20T21:50:11.688+0000] {logging_mixin.py:190} INFO - [2025-06-20T21:50:11.687+0000] {dag.py:3239} INFO - Sync 1 DAGs
[2025-06-20T21:50:11.701+0000] {logging_mixin.py:190} INFO - [2025-06-20T21:50:11.701+0000] {dag.py:4180} INFO - Setting next_dagrun for example_dag_decorator to None, run_after=None
[2025-06-20T21:50:11.747+0000] {processor.py:208} INFO - Processing /home/airflow/.local/lib/python3.12/site-packages/airflow/example_dags/example_dag_decorator.py took 0.341 seconds
[2025-06-20T21:50:42.603+0000] {processor.py:186} INFO - Started process (PID=3091) to work on /home/airflow/.local/lib/python3.12/site-packages/airflow/example_dags/example_dag_decorator.py
[2025-06-20T21:50:42.604+0000] {processor.py:914} INFO - Processing file /home/airflow/.local/lib/python3.12/site-packages/airflow/example_dags/example_dag_decorator.py for tasks to queue
[2025-06-20T21:50:42.606+0000] {logging_mixin.py:190} INFO - [2025-06-20T21:50:42.606+0000] {dagbag.py:588} INFO - Filling up the DagBag from /home/airflow/.local/lib/python3.12/site-packages/airflow/example_dags/example_dag_decorator.py
[2025-06-20T21:50:42.617+0000] {processor.py:925} INFO - DAG(s) 'example_dag_decorator' retrieved from /home/airflow/.local/lib/python3.12/site-packages/airflow/example_dags/example_dag_decorator.py
[2025-06-20T21:50:42.890+0000] {logging_mixin.py:190} INFO - [2025-06-20T21:50:42.890+0000] {dag.py:3239} INFO - Sync 1 DAGs
[2025-06-20T21:50:42.903+0000] {logging_mixin.py:190} INFO - [2025-06-20T21:50:42.903+0000] {dag.py:4180} INFO - Setting next_dagrun for example_dag_decorator to None, run_after=None
[2025-06-20T21:50:42.932+0000] {processor.py:208} INFO - Processing /home/airflow/.local/lib/python3.12/site-packages/airflow/example_dags/example_dag_decorator.py took 0.334 seconds
[2025-06-20T21:51:13.607+0000] {processor.py:186} INFO - Started process (PID=3155) to work on /home/airflow/.local/lib/python3.12/site-packages/airflow/example_dags/example_dag_decorator.py
[2025-06-20T21:51:13.610+0000] {processor.py:914} INFO - Processing file /home/airflow/.local/lib/python3.12/site-packages/airflow/example_dags/example_dag_decorator.py for tasks to queue
[2025-06-20T21:51:13.614+0000] {logging_mixin.py:190} INFO - [2025-06-20T21:51:13.614+0000] {dagbag.py:588} INFO - Filling up the DagBag from /home/airflow/.local/lib/python3.12/site-packages/airflow/example_dags/example_dag_decorator.py
[2025-06-20T21:51:13.634+0000] {processor.py:925} INFO - DAG(s) 'example_dag_decorator' retrieved from /home/airflow/.local/lib/python3.12/site-packages/airflow/example_dags/example_dag_decorator.py
[2025-06-20T21:51:13.935+0000] {logging_mixin.py:190} INFO - [2025-06-20T21:51:13.935+0000] {dag.py:3239} INFO - Sync 1 DAGs
[2025-06-20T21:51:13.946+0000] {logging_mixin.py:190} INFO - [2025-06-20T21:51:13.946+0000] {dag.py:4180} INFO - Setting next_dagrun for example_dag_decorator to None, run_after=None
[2025-06-20T21:51:13.974+0000] {processor.py:208} INFO - Processing /home/airflow/.local/lib/python3.12/site-packages/airflow/example_dags/example_dag_decorator.py took 0.374 seconds
[2025-06-20T21:51:44.836+0000] {processor.py:186} INFO - Started process (PID=3219) to work on /home/airflow/.local/lib/python3.12/site-packages/airflow/example_dags/example_dag_decorator.py
[2025-06-20T21:51:44.837+0000] {processor.py:914} INFO - Processing file /home/airflow/.local/lib/python3.12/site-packages/airflow/example_dags/example_dag_decorator.py for tasks to queue
[2025-06-20T21:51:44.840+0000] {logging_mixin.py:190} INFO - [2025-06-20T21:51:44.839+0000] {dagbag.py:588} INFO - Filling up the DagBag from /home/airflow/.local/lib/python3.12/site-packages/airflow/example_dags/example_dag_decorator.py
[2025-06-20T21:51:44.852+0000] {processor.py:925} INFO - DAG(s) 'example_dag_decorator' retrieved from /home/airflow/.local/lib/python3.12/site-packages/airflow/example_dags/example_dag_decorator.py
[2025-06-20T21:51:45.266+0000] {logging_mixin.py:190} INFO - [2025-06-20T21:51:45.265+0000] {dag.py:3239} INFO - Sync 1 DAGs
[2025-06-20T21:51:45.282+0000] {logging_mixin.py:190} INFO - [2025-06-20T21:51:45.282+0000] {dag.py:4180} INFO - Setting next_dagrun for example_dag_decorator to None, run_after=None
[2025-06-20T21:51:45.316+0000] {processor.py:208} INFO - Processing /home/airflow/.local/lib/python3.12/site-packages/airflow/example_dags/example_dag_decorator.py took 0.485 seconds
[2025-06-20T21:52:16.276+0000] {processor.py:186} INFO - Started process (PID=3283) to work on /home/airflow/.local/lib/python3.12/site-packages/airflow/example_dags/example_dag_decorator.py
[2025-06-20T21:52:16.277+0000] {processor.py:914} INFO - Processing file /home/airflow/.local/lib/python3.12/site-packages/airflow/example_dags/example_dag_decorator.py for tasks to queue
[2025-06-20T21:52:16.279+0000] {logging_mixin.py:190} INFO - [2025-06-20T21:52:16.279+0000] {dagbag.py:588} INFO - Filling up the DagBag from /home/airflow/.local/lib/python3.12/site-packages/airflow/example_dags/example_dag_decorator.py
[2025-06-20T21:52:16.291+0000] {processor.py:925} INFO - DAG(s) 'example_dag_decorator' retrieved from /home/airflow/.local/lib/python3.12/site-packages/airflow/example_dags/example_dag_decorator.py
[2025-06-20T21:52:16.575+0000] {logging_mixin.py:190} INFO - [2025-06-20T21:52:16.574+0000] {dag.py:3239} INFO - Sync 1 DAGs
[2025-06-20T21:52:16.586+0000] {logging_mixin.py:190} INFO - [2025-06-20T21:52:16.586+0000] {dag.py:4180} INFO - Setting next_dagrun for example_dag_decorator to None, run_after=None
[2025-06-20T21:52:16.621+0000] {processor.py:208} INFO - Processing /home/airflow/.local/lib/python3.12/site-packages/airflow/example_dags/example_dag_decorator.py took 0.350 seconds
[2025-06-20T21:52:47.618+0000] {processor.py:186} INFO - Started process (PID=3347) to work on /home/airflow/.local/lib/python3.12/site-packages/airflow/example_dags/example_dag_decorator.py
[2025-06-20T21:52:47.619+0000] {processor.py:914} INFO - Processing file /home/airflow/.local/lib/python3.12/site-packages/airflow/example_dags/example_dag_decorator.py for tasks to queue
[2025-06-20T21:52:47.621+0000] {logging_mixin.py:190} INFO - [2025-06-20T21:52:47.621+0000] {dagbag.py:588} INFO - Filling up the DagBag from /home/airflow/.local/lib/python3.12/site-packages/airflow/example_dags/example_dag_decorator.py
[2025-06-20T21:52:47.632+0000] {processor.py:925} INFO - DAG(s) 'example_dag_decorator' retrieved from /home/airflow/.local/lib/python3.12/site-packages/airflow/example_dags/example_dag_decorator.py
[2025-06-20T21:52:47.766+0000] {logging_mixin.py:190} INFO - [2025-06-20T21:52:47.766+0000] {dag.py:3239} INFO - Sync 1 DAGs
[2025-06-20T21:52:47.785+0000] {logging_mixin.py:190} INFO - [2025-06-20T21:52:47.785+0000] {dag.py:4180} INFO - Setting next_dagrun for example_dag_decorator to None, run_after=None
[2025-06-20T21:52:47.834+0000] {processor.py:208} INFO - Processing /home/airflow/.local/lib/python3.12/site-packages/airflow/example_dags/example_dag_decorator.py took 0.221 seconds
[2025-06-20T21:53:18.552+0000] {processor.py:186} INFO - Started process (PID=3411) to work on /home/airflow/.local/lib/python3.12/site-packages/airflow/example_dags/example_dag_decorator.py
[2025-06-20T21:53:18.553+0000] {processor.py:914} INFO - Processing file /home/airflow/.local/lib/python3.12/site-packages/airflow/example_dags/example_dag_decorator.py for tasks to queue
[2025-06-20T21:53:18.555+0000] {logging_mixin.py:190} INFO - [2025-06-20T21:53:18.555+0000] {dagbag.py:588} INFO - Filling up the DagBag from /home/airflow/.local/lib/python3.12/site-packages/airflow/example_dags/example_dag_decorator.py
[2025-06-20T21:53:18.566+0000] {processor.py:925} INFO - DAG(s) 'example_dag_decorator' retrieved from /home/airflow/.local/lib/python3.12/site-packages/airflow/example_dags/example_dag_decorator.py
[2025-06-20T21:53:18.672+0000] {logging_mixin.py:190} INFO - [2025-06-20T21:53:18.671+0000] {dag.py:3239} INFO - Sync 1 DAGs
[2025-06-20T21:53:18.685+0000] {logging_mixin.py:190} INFO - [2025-06-20T21:53:18.685+0000] {dag.py:4180} INFO - Setting next_dagrun for example_dag_decorator to None, run_after=None
[2025-06-20T21:53:18.768+0000] {processor.py:208} INFO - Processing /home/airflow/.local/lib/python3.12/site-packages/airflow/example_dags/example_dag_decorator.py took 0.221 seconds
[2025-06-20T21:53:49.195+0000] {processor.py:186} INFO - Started process (PID=3475) to work on /home/airflow/.local/lib/python3.12/site-packages/airflow/example_dags/example_dag_decorator.py
[2025-06-20T21:53:49.200+0000] {processor.py:914} INFO - Processing file /home/airflow/.local/lib/python3.12/site-packages/airflow/example_dags/example_dag_decorator.py for tasks to queue
[2025-06-20T21:53:49.211+0000] {logging_mixin.py:190} INFO - [2025-06-20T21:53:49.210+0000] {dagbag.py:588} INFO - Filling up the DagBag from /home/airflow/.local/lib/python3.12/site-packages/airflow/example_dags/example_dag_decorator.py
[2025-06-20T21:53:49.244+0000] {processor.py:925} INFO - DAG(s) 'example_dag_decorator' retrieved from /home/airflow/.local/lib/python3.12/site-packages/airflow/example_dags/example_dag_decorator.py
[2025-06-20T21:53:49.477+0000] {logging_mixin.py:190} INFO - [2025-06-20T21:53:49.477+0000] {dag.py:3239} INFO - Sync 1 DAGs
[2025-06-20T21:53:49.514+0000] {logging_mixin.py:190} INFO - [2025-06-20T21:53:49.514+0000] {dag.py:4180} INFO - Setting next_dagrun for example_dag_decorator to None, run_after=None
[2025-06-20T21:53:49.596+0000] {processor.py:208} INFO - Processing /home/airflow/.local/lib/python3.12/site-packages/airflow/example_dags/example_dag_decorator.py took 0.435 seconds
[2025-06-20T21:55:46.633+0000] {processor.py:186} INFO - Started process (PID=79) to work on /home/airflow/.local/lib/python3.12/site-packages/airflow/example_dags/example_dag_decorator.py
[2025-06-20T21:55:46.634+0000] {processor.py:914} INFO - Processing file /home/airflow/.local/lib/python3.12/site-packages/airflow/example_dags/example_dag_decorator.py for tasks to queue
[2025-06-20T21:55:46.637+0000] {logging_mixin.py:190} INFO - [2025-06-20T21:55:46.636+0000] {dagbag.py:588} INFO - Filling up the DagBag from /home/airflow/.local/lib/python3.12/site-packages/airflow/example_dags/example_dag_decorator.py
[2025-06-20T21:55:46.651+0000] {processor.py:925} INFO - DAG(s) 'example_dag_decorator' retrieved from /home/airflow/.local/lib/python3.12/site-packages/airflow/example_dags/example_dag_decorator.py
[2025-06-20T21:55:46.779+0000] {logging_mixin.py:190} INFO - [2025-06-20T21:55:46.778+0000] {override.py:1911} INFO - Created Permission View: can delete on DAG:example_dag_decorator
[2025-06-20T21:55:46.800+0000] {logging_mixin.py:190} INFO - [2025-06-20T21:55:46.799+0000] {override.py:1911} INFO - Created Permission View: can edit on DAG:example_dag_decorator
[2025-06-20T21:55:46.811+0000] {logging_mixin.py:190} INFO - [2025-06-20T21:55:46.810+0000] {override.py:1911} INFO - Created Permission View: can read on DAG:example_dag_decorator
[2025-06-20T21:55:46.832+0000] {logging_mixin.py:190} INFO - [2025-06-20T21:55:46.832+0000] {override.py:1911} INFO - Created Permission View: can delete on DAG Run:example_dag_decorator
[2025-06-20T21:55:46.854+0000] {logging_mixin.py:190} INFO - [2025-06-20T21:55:46.853+0000] {override.py:1911} INFO - Created Permission View: menu access on DAG Run:example_dag_decorator
[2025-06-20T21:55:46.875+0000] {logging_mixin.py:190} INFO - [2025-06-20T21:55:46.874+0000] {override.py:1911} INFO - Created Permission View: can create on DAG Run:example_dag_decorator
[2025-06-20T21:55:46.885+0000] {logging_mixin.py:190} INFO - [2025-06-20T21:55:46.885+0000] {override.py:1911} INFO - Created Permission View: can read on DAG Run:example_dag_decorator
[2025-06-20T21:55:46.886+0000] {logging_mixin.py:190} INFO - [2025-06-20T21:55:46.886+0000] {dag.py:3239} INFO - Sync 1 DAGs
[2025-06-20T21:55:46.898+0000] {logging_mixin.py:190} INFO - [2025-06-20T21:55:46.897+0000] {dag.py:3262} INFO - Creating ORM DAG for example_dag_decorator
[2025-06-20T21:55:46.899+0000] {logging_mixin.py:190} INFO - [2025-06-20T21:55:46.899+0000] {dag.py:4180} INFO - Setting next_dagrun for example_dag_decorator to None, run_after=None
[2025-06-20T21:55:46.927+0000] {processor.py:208} INFO - Processing /home/airflow/.local/lib/python3.12/site-packages/airflow/example_dags/example_dag_decorator.py took 0.299 seconds
[2025-06-20T21:56:17.775+0000] {processor.py:186} INFO - Started process (PID=142) to work on /home/airflow/.local/lib/python3.12/site-packages/airflow/example_dags/example_dag_decorator.py
[2025-06-20T21:56:17.776+0000] {processor.py:914} INFO - Processing file /home/airflow/.local/lib/python3.12/site-packages/airflow/example_dags/example_dag_decorator.py for tasks to queue
[2025-06-20T21:56:17.778+0000] {logging_mixin.py:190} INFO - [2025-06-20T21:56:17.778+0000] {dagbag.py:588} INFO - Filling up the DagBag from /home/airflow/.local/lib/python3.12/site-packages/airflow/example_dags/example_dag_decorator.py
[2025-06-20T21:56:17.788+0000] {processor.py:925} INFO - DAG(s) 'example_dag_decorator' retrieved from /home/airflow/.local/lib/python3.12/site-packages/airflow/example_dags/example_dag_decorator.py
[2025-06-20T21:56:17.904+0000] {logging_mixin.py:190} INFO - [2025-06-20T21:56:17.903+0000] {dag.py:3239} INFO - Sync 1 DAGs
[2025-06-20T21:56:17.917+0000] {logging_mixin.py:190} INFO - [2025-06-20T21:56:17.916+0000] {dag.py:4180} INFO - Setting next_dagrun for example_dag_decorator to None, run_after=None
[2025-06-20T21:56:18.114+0000] {processor.py:208} INFO - Processing /home/airflow/.local/lib/python3.12/site-packages/airflow/example_dags/example_dag_decorator.py took 0.345 seconds
[2025-06-20T21:56:49.918+0000] {processor.py:186} INFO - Started process (PID=207) to work on /home/airflow/.local/lib/python3.12/site-packages/airflow/example_dags/example_dag_decorator.py
[2025-06-20T21:56:49.919+0000] {processor.py:914} INFO - Processing file /home/airflow/.local/lib/python3.12/site-packages/airflow/example_dags/example_dag_decorator.py for tasks to queue
[2025-06-20T21:56:49.922+0000] {logging_mixin.py:190} INFO - [2025-06-20T21:56:49.921+0000] {dagbag.py:588} INFO - Filling up the DagBag from /home/airflow/.local/lib/python3.12/site-packages/airflow/example_dags/example_dag_decorator.py
[2025-06-20T21:56:49.932+0000] {processor.py:925} INFO - DAG(s) 'example_dag_decorator' retrieved from /home/airflow/.local/lib/python3.12/site-packages/airflow/example_dags/example_dag_decorator.py
[2025-06-20T21:56:50.038+0000] {logging_mixin.py:190} INFO - [2025-06-20T21:56:50.038+0000] {dag.py:3239} INFO - Sync 1 DAGs
[2025-06-20T21:56:50.050+0000] {logging_mixin.py:190} INFO - [2025-06-20T21:56:50.050+0000] {dag.py:4180} INFO - Setting next_dagrun for example_dag_decorator to None, run_after=None
[2025-06-20T21:56:50.082+0000] {processor.py:208} INFO - Processing /home/airflow/.local/lib/python3.12/site-packages/airflow/example_dags/example_dag_decorator.py took 0.169 seconds
[2025-06-20T21:57:21.427+0000] {processor.py:186} INFO - Started process (PID=271) to work on /home/airflow/.local/lib/python3.12/site-packages/airflow/example_dags/example_dag_decorator.py
[2025-06-20T21:57:21.428+0000] {processor.py:914} INFO - Processing file /home/airflow/.local/lib/python3.12/site-packages/airflow/example_dags/example_dag_decorator.py for tasks to queue
[2025-06-20T21:57:21.430+0000] {logging_mixin.py:190} INFO - [2025-06-20T21:57:21.430+0000] {dagbag.py:588} INFO - Filling up the DagBag from /home/airflow/.local/lib/python3.12/site-packages/airflow/example_dags/example_dag_decorator.py
[2025-06-20T21:57:21.440+0000] {processor.py:925} INFO - DAG(s) 'example_dag_decorator' retrieved from /home/airflow/.local/lib/python3.12/site-packages/airflow/example_dags/example_dag_decorator.py
[2025-06-20T21:57:21.546+0000] {logging_mixin.py:190} INFO - [2025-06-20T21:57:21.546+0000] {dag.py:3239} INFO - Sync 1 DAGs
[2025-06-20T21:57:21.557+0000] {logging_mixin.py:190} INFO - [2025-06-20T21:57:21.557+0000] {dag.py:4180} INFO - Setting next_dagrun for example_dag_decorator to None, run_after=None
[2025-06-20T21:57:21.607+0000] {processor.py:208} INFO - Processing /home/airflow/.local/lib/python3.12/site-packages/airflow/example_dags/example_dag_decorator.py took 0.185 seconds
[2025-06-20T21:57:52.680+0000] {processor.py:186} INFO - Started process (PID=335) to work on /home/airflow/.local/lib/python3.12/site-packages/airflow/example_dags/example_dag_decorator.py
[2025-06-20T21:57:52.681+0000] {processor.py:914} INFO - Processing file /home/airflow/.local/lib/python3.12/site-packages/airflow/example_dags/example_dag_decorator.py for tasks to queue
[2025-06-20T21:57:52.684+0000] {logging_mixin.py:190} INFO - [2025-06-20T21:57:52.683+0000] {dagbag.py:588} INFO - Filling up the DagBag from /home/airflow/.local/lib/python3.12/site-packages/airflow/example_dags/example_dag_decorator.py
[2025-06-20T21:57:52.694+0000] {processor.py:925} INFO - DAG(s) 'example_dag_decorator' retrieved from /home/airflow/.local/lib/python3.12/site-packages/airflow/example_dags/example_dag_decorator.py
[2025-06-20T21:57:52.808+0000] {logging_mixin.py:190} INFO - [2025-06-20T21:57:52.807+0000] {dag.py:3239} INFO - Sync 1 DAGs
[2025-06-20T21:57:52.820+0000] {logging_mixin.py:190} INFO - [2025-06-20T21:57:52.820+0000] {dag.py:4180} INFO - Setting next_dagrun for example_dag_decorator to None, run_after=None
[2025-06-20T21:57:52.865+0000] {processor.py:208} INFO - Processing /home/airflow/.local/lib/python3.12/site-packages/airflow/example_dags/example_dag_decorator.py took 0.190 seconds
[2025-06-20T21:58:24.388+0000] {processor.py:186} INFO - Started process (PID=407) to work on /home/airflow/.local/lib/python3.12/site-packages/airflow/example_dags/example_dag_decorator.py
[2025-06-20T21:58:24.389+0000] {processor.py:914} INFO - Processing file /home/airflow/.local/lib/python3.12/site-packages/airflow/example_dags/example_dag_decorator.py for tasks to queue
[2025-06-20T21:58:24.392+0000] {logging_mixin.py:190} INFO - [2025-06-20T21:58:24.391+0000] {dagbag.py:588} INFO - Filling up the DagBag from /home/airflow/.local/lib/python3.12/site-packages/airflow/example_dags/example_dag_decorator.py
[2025-06-20T21:58:24.403+0000] {processor.py:925} INFO - DAG(s) 'example_dag_decorator' retrieved from /home/airflow/.local/lib/python3.12/site-packages/airflow/example_dags/example_dag_decorator.py
[2025-06-20T21:58:24.539+0000] {logging_mixin.py:190} INFO - [2025-06-20T21:58:24.539+0000] {dag.py:3239} INFO - Sync 1 DAGs
[2025-06-20T21:58:24.553+0000] {logging_mixin.py:190} INFO - [2025-06-20T21:58:24.553+0000] {dag.py:4180} INFO - Setting next_dagrun for example_dag_decorator to None, run_after=None
[2025-06-20T21:58:24.604+0000] {processor.py:208} INFO - Processing /home/airflow/.local/lib/python3.12/site-packages/airflow/example_dags/example_dag_decorator.py took 0.222 seconds
[2025-06-20T21:58:55.499+0000] {processor.py:186} INFO - Started process (PID=471) to work on /home/airflow/.local/lib/python3.12/site-packages/airflow/example_dags/example_dag_decorator.py
[2025-06-20T21:58:55.500+0000] {processor.py:914} INFO - Processing file /home/airflow/.local/lib/python3.12/site-packages/airflow/example_dags/example_dag_decorator.py for tasks to queue
[2025-06-20T21:58:55.502+0000] {logging_mixin.py:190} INFO - [2025-06-20T21:58:55.502+0000] {dagbag.py:588} INFO - Filling up the DagBag from /home/airflow/.local/lib/python3.12/site-packages/airflow/example_dags/example_dag_decorator.py
[2025-06-20T21:58:55.512+0000] {processor.py:925} INFO - DAG(s) 'example_dag_decorator' retrieved from /home/airflow/.local/lib/python3.12/site-packages/airflow/example_dags/example_dag_decorator.py
[2025-06-20T21:58:55.618+0000] {logging_mixin.py:190} INFO - [2025-06-20T21:58:55.617+0000] {dag.py:3239} INFO - Sync 1 DAGs
[2025-06-20T21:58:55.630+0000] {logging_mixin.py:190} INFO - [2025-06-20T21:58:55.630+0000] {dag.py:4180} INFO - Setting next_dagrun for example_dag_decorator to None, run_after=None
[2025-06-20T21:58:55.656+0000] {processor.py:208} INFO - Processing /home/airflow/.local/lib/python3.12/site-packages/airflow/example_dags/example_dag_decorator.py took 0.163 seconds
[2025-06-20T21:59:27.218+0000] {processor.py:186} INFO - Started process (PID=535) to work on /home/airflow/.local/lib/python3.12/site-packages/airflow/example_dags/example_dag_decorator.py
[2025-06-20T21:59:27.220+0000] {processor.py:914} INFO - Processing file /home/airflow/.local/lib/python3.12/site-packages/airflow/example_dags/example_dag_decorator.py for tasks to queue
[2025-06-20T21:59:27.222+0000] {logging_mixin.py:190} INFO - [2025-06-20T21:59:27.221+0000] {dagbag.py:588} INFO - Filling up the DagBag from /home/airflow/.local/lib/python3.12/site-packages/airflow/example_dags/example_dag_decorator.py
[2025-06-20T21:59:27.232+0000] {processor.py:925} INFO - DAG(s) 'example_dag_decorator' retrieved from /home/airflow/.local/lib/python3.12/site-packages/airflow/example_dags/example_dag_decorator.py
[2025-06-20T21:59:27.347+0000] {logging_mixin.py:190} INFO - [2025-06-20T21:59:27.347+0000] {dag.py:3239} INFO - Sync 1 DAGs
[2025-06-20T21:59:27.359+0000] {logging_mixin.py:190} INFO - [2025-06-20T21:59:27.358+0000] {dag.py:4180} INFO - Setting next_dagrun for example_dag_decorator to None, run_after=None
[2025-06-20T21:59:27.386+0000] {processor.py:208} INFO - Processing /home/airflow/.local/lib/python3.12/site-packages/airflow/example_dags/example_dag_decorator.py took 0.173 seconds
[2025-06-20T21:59:58.665+0000] {processor.py:186} INFO - Started process (PID=599) to work on /home/airflow/.local/lib/python3.12/site-packages/airflow/example_dags/example_dag_decorator.py
[2025-06-20T21:59:58.666+0000] {processor.py:914} INFO - Processing file /home/airflow/.local/lib/python3.12/site-packages/airflow/example_dags/example_dag_decorator.py for tasks to queue
[2025-06-20T21:59:58.668+0000] {logging_mixin.py:190} INFO - [2025-06-20T21:59:58.668+0000] {dagbag.py:588} INFO - Filling up the DagBag from /home/airflow/.local/lib/python3.12/site-packages/airflow/example_dags/example_dag_decorator.py
[2025-06-20T21:59:58.680+0000] {processor.py:925} INFO - DAG(s) 'example_dag_decorator' retrieved from /home/airflow/.local/lib/python3.12/site-packages/airflow/example_dags/example_dag_decorator.py
[2025-06-20T21:59:58.786+0000] {logging_mixin.py:190} INFO - [2025-06-20T21:59:58.786+0000] {dag.py:3239} INFO - Sync 1 DAGs
[2025-06-20T21:59:58.798+0000] {logging_mixin.py:190} INFO - [2025-06-20T21:59:58.797+0000] {dag.py:4180} INFO - Setting next_dagrun for example_dag_decorator to None, run_after=None
[2025-06-20T21:59:58.852+0000] {processor.py:208} INFO - Processing /home/airflow/.local/lib/python3.12/site-packages/airflow/example_dags/example_dag_decorator.py took 0.192 seconds
[2025-06-20T22:00:30.131+0000] {processor.py:186} INFO - Started process (PID=663) to work on /home/airflow/.local/lib/python3.12/site-packages/airflow/example_dags/example_dag_decorator.py
[2025-06-20T22:00:30.133+0000] {processor.py:914} INFO - Processing file /home/airflow/.local/lib/python3.12/site-packages/airflow/example_dags/example_dag_decorator.py for tasks to queue
[2025-06-20T22:00:30.135+0000] {logging_mixin.py:190} INFO - [2025-06-20T22:00:30.135+0000] {dagbag.py:588} INFO - Filling up the DagBag from /home/airflow/.local/lib/python3.12/site-packages/airflow/example_dags/example_dag_decorator.py
[2025-06-20T22:00:30.146+0000] {processor.py:925} INFO - DAG(s) 'example_dag_decorator' retrieved from /home/airflow/.local/lib/python3.12/site-packages/airflow/example_dags/example_dag_decorator.py
[2025-06-20T22:00:30.261+0000] {logging_mixin.py:190} INFO - [2025-06-20T22:00:30.261+0000] {dag.py:3239} INFO - Sync 1 DAGs
[2025-06-20T22:00:30.274+0000] {logging_mixin.py:190} INFO - [2025-06-20T22:00:30.273+0000] {dag.py:4180} INFO - Setting next_dagrun for example_dag_decorator to None, run_after=None
[2025-06-20T22:00:30.320+0000] {processor.py:208} INFO - Processing /home/airflow/.local/lib/python3.12/site-packages/airflow/example_dags/example_dag_decorator.py took 0.194 seconds
[2025-06-20T22:01:01.546+0000] {processor.py:186} INFO - Started process (PID=727) to work on /home/airflow/.local/lib/python3.12/site-packages/airflow/example_dags/example_dag_decorator.py
[2025-06-20T22:01:01.547+0000] {processor.py:914} INFO - Processing file /home/airflow/.local/lib/python3.12/site-packages/airflow/example_dags/example_dag_decorator.py for tasks to queue
[2025-06-20T22:01:01.550+0000] {logging_mixin.py:190} INFO - [2025-06-20T22:01:01.550+0000] {dagbag.py:588} INFO - Filling up the DagBag from /home/airflow/.local/lib/python3.12/site-packages/airflow/example_dags/example_dag_decorator.py
[2025-06-20T22:01:01.560+0000] {processor.py:925} INFO - DAG(s) 'example_dag_decorator' retrieved from /home/airflow/.local/lib/python3.12/site-packages/airflow/example_dags/example_dag_decorator.py
[2025-06-20T22:01:01.669+0000] {logging_mixin.py:190} INFO - [2025-06-20T22:01:01.669+0000] {dag.py:3239} INFO - Sync 1 DAGs
[2025-06-20T22:01:01.682+0000] {logging_mixin.py:190} INFO - [2025-06-20T22:01:01.682+0000] {dag.py:4180} INFO - Setting next_dagrun for example_dag_decorator to None, run_after=None
[2025-06-20T22:01:01.715+0000] {processor.py:208} INFO - Processing /home/airflow/.local/lib/python3.12/site-packages/airflow/example_dags/example_dag_decorator.py took 0.174 seconds
[2025-06-20T22:01:33.041+0000] {processor.py:186} INFO - Started process (PID=791) to work on /home/airflow/.local/lib/python3.12/site-packages/airflow/example_dags/example_dag_decorator.py
[2025-06-20T22:01:33.042+0000] {processor.py:914} INFO - Processing file /home/airflow/.local/lib/python3.12/site-packages/airflow/example_dags/example_dag_decorator.py for tasks to queue
[2025-06-20T22:01:33.046+0000] {logging_mixin.py:190} INFO - [2025-06-20T22:01:33.045+0000] {dagbag.py:588} INFO - Filling up the DagBag from /home/airflow/.local/lib/python3.12/site-packages/airflow/example_dags/example_dag_decorator.py
[2025-06-20T22:01:33.057+0000] {processor.py:925} INFO - DAG(s) 'example_dag_decorator' retrieved from /home/airflow/.local/lib/python3.12/site-packages/airflow/example_dags/example_dag_decorator.py
[2025-06-20T22:01:33.166+0000] {logging_mixin.py:190} INFO - [2025-06-20T22:01:33.166+0000] {dag.py:3239} INFO - Sync 1 DAGs
[2025-06-20T22:01:33.178+0000] {logging_mixin.py:190} INFO - [2025-06-20T22:01:33.178+0000] {dag.py:4180} INFO - Setting next_dagrun for example_dag_decorator to None, run_after=None
[2025-06-20T22:01:33.205+0000] {processor.py:208} INFO - Processing /home/airflow/.local/lib/python3.12/site-packages/airflow/example_dags/example_dag_decorator.py took 0.173 seconds
[2025-06-20T22:02:03.700+0000] {processor.py:186} INFO - Started process (PID=854) to work on /home/airflow/.local/lib/python3.12/site-packages/airflow/example_dags/example_dag_decorator.py
[2025-06-20T22:02:03.701+0000] {processor.py:914} INFO - Processing file /home/airflow/.local/lib/python3.12/site-packages/airflow/example_dags/example_dag_decorator.py for tasks to queue
[2025-06-20T22:02:03.703+0000] {logging_mixin.py:190} INFO - [2025-06-20T22:02:03.703+0000] {dagbag.py:588} INFO - Filling up the DagBag from /home/airflow/.local/lib/python3.12/site-packages/airflow/example_dags/example_dag_decorator.py
[2025-06-20T22:02:03.717+0000] {processor.py:925} INFO - DAG(s) 'example_dag_decorator' retrieved from /home/airflow/.local/lib/python3.12/site-packages/airflow/example_dags/example_dag_decorator.py
[2025-06-20T22:02:03.834+0000] {logging_mixin.py:190} INFO - [2025-06-20T22:02:03.834+0000] {dag.py:3239} INFO - Sync 1 DAGs
[2025-06-20T22:02:03.845+0000] {logging_mixin.py:190} INFO - [2025-06-20T22:02:03.845+0000] {dag.py:4180} INFO - Setting next_dagrun for example_dag_decorator to None, run_after=None
[2025-06-20T22:02:03.923+0000] {processor.py:208} INFO - Processing /home/airflow/.local/lib/python3.12/site-packages/airflow/example_dags/example_dag_decorator.py took 0.228 seconds
[2025-06-20T22:02:35.501+0000] {processor.py:186} INFO - Started process (PID=918) to work on /home/airflow/.local/lib/python3.12/site-packages/airflow/example_dags/example_dag_decorator.py
[2025-06-20T22:02:35.502+0000] {processor.py:914} INFO - Processing file /home/airflow/.local/lib/python3.12/site-packages/airflow/example_dags/example_dag_decorator.py for tasks to queue
[2025-06-20T22:02:35.505+0000] {logging_mixin.py:190} INFO - [2025-06-20T22:02:35.504+0000] {dagbag.py:588} INFO - Filling up the DagBag from /home/airflow/.local/lib/python3.12/site-packages/airflow/example_dags/example_dag_decorator.py
[2025-06-20T22:02:35.520+0000] {processor.py:925} INFO - DAG(s) 'example_dag_decorator' retrieved from /home/airflow/.local/lib/python3.12/site-packages/airflow/example_dags/example_dag_decorator.py
[2025-06-20T22:02:35.654+0000] {logging_mixin.py:190} INFO - [2025-06-20T22:02:35.654+0000] {dag.py:3239} INFO - Sync 1 DAGs
[2025-06-20T22:02:35.669+0000] {logging_mixin.py:190} INFO - [2025-06-20T22:02:35.669+0000] {dag.py:4180} INFO - Setting next_dagrun for example_dag_decorator to None, run_after=None
[2025-06-20T22:02:35.750+0000] {processor.py:208} INFO - Processing /home/airflow/.local/lib/python3.12/site-packages/airflow/example_dags/example_dag_decorator.py took 0.255 seconds
[2025-06-20T22:03:08.150+0000] {processor.py:186} INFO - Started process (PID=983) to work on /home/airflow/.local/lib/python3.12/site-packages/airflow/example_dags/example_dag_decorator.py
[2025-06-20T22:03:08.151+0000] {processor.py:914} INFO - Processing file /home/airflow/.local/lib/python3.12/site-packages/airflow/example_dags/example_dag_decorator.py for tasks to queue
[2025-06-20T22:03:08.153+0000] {logging_mixin.py:190} INFO - [2025-06-20T22:03:08.153+0000] {dagbag.py:588} INFO - Filling up the DagBag from /home/airflow/.local/lib/python3.12/site-packages/airflow/example_dags/example_dag_decorator.py
[2025-06-20T22:03:08.164+0000] {processor.py:925} INFO - DAG(s) 'example_dag_decorator' retrieved from /home/airflow/.local/lib/python3.12/site-packages/airflow/example_dags/example_dag_decorator.py
[2025-06-20T22:03:08.271+0000] {logging_mixin.py:190} INFO - [2025-06-20T22:03:08.270+0000] {dag.py:3239} INFO - Sync 1 DAGs
[2025-06-20T22:03:08.283+0000] {logging_mixin.py:190} INFO - [2025-06-20T22:03:08.282+0000] {dag.py:4180} INFO - Setting next_dagrun for example_dag_decorator to None, run_after=None
[2025-06-20T22:03:08.378+0000] {processor.py:208} INFO - Processing /home/airflow/.local/lib/python3.12/site-packages/airflow/example_dags/example_dag_decorator.py took 0.233 seconds
[2025-06-20T22:03:39.715+0000] {processor.py:186} INFO - Started process (PID=1047) to work on /home/airflow/.local/lib/python3.12/site-packages/airflow/example_dags/example_dag_decorator.py
[2025-06-20T22:03:39.716+0000] {processor.py:914} INFO - Processing file /home/airflow/.local/lib/python3.12/site-packages/airflow/example_dags/example_dag_decorator.py for tasks to queue
[2025-06-20T22:03:39.719+0000] {logging_mixin.py:190} INFO - [2025-06-20T22:03:39.719+0000] {dagbag.py:588} INFO - Filling up the DagBag from /home/airflow/.local/lib/python3.12/site-packages/airflow/example_dags/example_dag_decorator.py
[2025-06-20T22:03:39.734+0000] {processor.py:925} INFO - DAG(s) 'example_dag_decorator' retrieved from /home/airflow/.local/lib/python3.12/site-packages/airflow/example_dags/example_dag_decorator.py
[2025-06-20T22:03:39.857+0000] {logging_mixin.py:190} INFO - [2025-06-20T22:03:39.857+0000] {dag.py:3239} INFO - Sync 1 DAGs
[2025-06-20T22:03:39.870+0000] {logging_mixin.py:190} INFO - [2025-06-20T22:03:39.869+0000] {dag.py:4180} INFO - Setting next_dagrun for example_dag_decorator to None, run_after=None
[2025-06-20T22:03:39.899+0000] {processor.py:208} INFO - Processing /home/airflow/.local/lib/python3.12/site-packages/airflow/example_dags/example_dag_decorator.py took 0.189 seconds
