[2025-06-20T21:25:47.906+0000] {processor.py:186} INFO - Started process (PID=80) to work on /home/airflow/.local/lib/python3.12/site-packages/airflow/example_dags/example_xcom.py
[2025-06-20T21:25:47.909+0000] {processor.py:914} INFO - Processing file /home/airflow/.local/lib/python3.12/site-packages/airflow/example_dags/example_xcom.py for tasks to queue
[2025-06-20T21:25:47.912+0000] {logging_mixin.py:190} INFO - [2025-06-20T21:25:47.912+0000] {dagbag.py:588} INFO - Filling up the DagBag from /home/airflow/.local/lib/python3.12/site-packages/airflow/example_dags/example_xcom.py
[2025-06-20T21:25:47.930+0000] {processor.py:925} INFO - DAG(s) 'example_xcom' retrieved from /home/airflow/.local/lib/python3.12/site-packages/airflow/example_dags/example_xcom.py
[2025-06-20T21:25:48.801+0000] {logging_mixin.py:190} INFO - [2025-06-20T21:25:48.801+0000] {override.py:1911} INFO - Created Permission View: can delete on DAG:example_xcom
[2025-06-20T21:25:48.854+0000] {logging_mixin.py:190} INFO - [2025-06-20T21:25:48.854+0000] {override.py:1911} INFO - Created Permission View: can read on DAG:example_xcom
[2025-06-20T21:25:48.875+0000] {logging_mixin.py:190} INFO - [2025-06-20T21:25:48.875+0000] {override.py:1911} INFO - Created Permission View: can edit on DAG:example_xcom
[2025-06-20T21:25:48.960+0000] {logging_mixin.py:190} INFO - [2025-06-20T21:25:48.960+0000] {override.py:1911} INFO - Created Permission View: can delete on DAG Run:example_xcom
[2025-06-20T21:25:49.025+0000] {logging_mixin.py:190} INFO - [2025-06-20T21:25:49.024+0000] {override.py:1911} INFO - Created Permission View: can create on DAG Run:example_xcom
[2025-06-20T21:25:49.067+0000] {logging_mixin.py:190} INFO - [2025-06-20T21:25:49.067+0000] {override.py:1911} INFO - Created Permission View: can read on DAG Run:example_xcom
[2025-06-20T21:25:49.141+0000] {logging_mixin.py:190} INFO - [2025-06-20T21:25:49.141+0000] {override.py:1911} INFO - Created Permission View: menu access on DAG Run:example_xcom
[2025-06-20T21:25:49.143+0000] {logging_mixin.py:190} INFO - [2025-06-20T21:25:49.142+0000] {dag.py:3239} INFO - Sync 1 DAGs
[2025-06-20T21:25:49.272+0000] {logging_mixin.py:190} INFO - [2025-06-20T21:25:49.272+0000] {dag.py:3262} INFO - Creating ORM DAG for example_xcom
[2025-06-20T21:25:49.289+0000] {logging_mixin.py:190} INFO - [2025-06-20T21:25:49.289+0000] {dag.py:4180} INFO - Setting next_dagrun for example_xcom to 2021-01-01 00:00:00+00:00, run_after=2021-01-01 00:00:00+00:00
[2025-06-20T21:25:49.333+0000] {processor.py:208} INFO - Processing /home/airflow/.local/lib/python3.12/site-packages/airflow/example_dags/example_xcom.py took 1.433 seconds
[2025-06-20T21:26:55.610+0000] {processor.py:186} INFO - Started process (PID=150) to work on /home/airflow/.local/lib/python3.12/site-packages/airflow/example_dags/example_xcom.py
[2025-06-20T21:26:55.612+0000] {processor.py:914} INFO - Processing file /home/airflow/.local/lib/python3.12/site-packages/airflow/example_dags/example_xcom.py for tasks to queue
[2025-06-20T21:26:55.614+0000] {logging_mixin.py:190} INFO - [2025-06-20T21:26:55.614+0000] {dagbag.py:588} INFO - Filling up the DagBag from /home/airflow/.local/lib/python3.12/site-packages/airflow/example_dags/example_xcom.py
[2025-06-20T21:26:55.659+0000] {processor.py:925} INFO - DAG(s) 'example_xcom' retrieved from /home/airflow/.local/lib/python3.12/site-packages/airflow/example_dags/example_xcom.py
[2025-06-20T21:26:55.679+0000] {logging_mixin.py:190} INFO - [2025-06-20T21:26:55.679+0000] {dag.py:3239} INFO - Sync 1 DAGs
[2025-06-20T21:26:55.701+0000] {logging_mixin.py:190} INFO - [2025-06-20T21:26:55.701+0000] {dag.py:4180} INFO - Setting next_dagrun for example_xcom to 2021-01-01 00:00:00+00:00, run_after=2021-01-01 00:00:00+00:00
[2025-06-20T21:26:55.780+0000] {processor.py:208} INFO - Processing /home/airflow/.local/lib/python3.12/site-packages/airflow/example_dags/example_xcom.py took 0.174 seconds
[2025-06-20T21:27:25.843+0000] {processor.py:186} INFO - Started process (PID=213) to work on /home/airflow/.local/lib/python3.12/site-packages/airflow/example_dags/example_xcom.py
[2025-06-20T21:27:25.845+0000] {processor.py:914} INFO - Processing file /home/airflow/.local/lib/python3.12/site-packages/airflow/example_dags/example_xcom.py for tasks to queue
[2025-06-20T21:27:25.847+0000] {logging_mixin.py:190} INFO - [2025-06-20T21:27:25.847+0000] {dagbag.py:588} INFO - Filling up the DagBag from /home/airflow/.local/lib/python3.12/site-packages/airflow/example_dags/example_xcom.py
[2025-06-20T21:27:25.856+0000] {processor.py:925} INFO - DAG(s) 'example_xcom' retrieved from /home/airflow/.local/lib/python3.12/site-packages/airflow/example_dags/example_xcom.py
[2025-06-20T21:27:25.876+0000] {logging_mixin.py:190} INFO - [2025-06-20T21:27:25.876+0000] {dag.py:3239} INFO - Sync 1 DAGs
[2025-06-20T21:27:25.897+0000] {logging_mixin.py:190} INFO - [2025-06-20T21:27:25.897+0000] {dag.py:4180} INFO - Setting next_dagrun for example_xcom to 2021-01-01 00:00:00+00:00, run_after=2021-01-01 00:00:00+00:00
[2025-06-20T21:27:25.925+0000] {processor.py:208} INFO - Processing /home/airflow/.local/lib/python3.12/site-packages/airflow/example_dags/example_xcom.py took 0.087 seconds
[2025-06-20T21:27:56.715+0000] {processor.py:186} INFO - Started process (PID=277) to work on /home/airflow/.local/lib/python3.12/site-packages/airflow/example_dags/example_xcom.py
[2025-06-20T21:27:56.716+0000] {processor.py:914} INFO - Processing file /home/airflow/.local/lib/python3.12/site-packages/airflow/example_dags/example_xcom.py for tasks to queue
[2025-06-20T21:27:56.719+0000] {logging_mixin.py:190} INFO - [2025-06-20T21:27:56.718+0000] {dagbag.py:588} INFO - Filling up the DagBag from /home/airflow/.local/lib/python3.12/site-packages/airflow/example_dags/example_xcom.py
[2025-06-20T21:27:56.727+0000] {processor.py:925} INFO - DAG(s) 'example_xcom' retrieved from /home/airflow/.local/lib/python3.12/site-packages/airflow/example_dags/example_xcom.py
[2025-06-20T21:27:56.747+0000] {logging_mixin.py:190} INFO - [2025-06-20T21:27:56.747+0000] {dag.py:3239} INFO - Sync 1 DAGs
[2025-06-20T21:27:56.769+0000] {logging_mixin.py:190} INFO - [2025-06-20T21:27:56.769+0000] {dag.py:4180} INFO - Setting next_dagrun for example_xcom to 2021-01-01 00:00:00+00:00, run_after=2021-01-01 00:00:00+00:00
[2025-06-20T21:27:56.793+0000] {processor.py:208} INFO - Processing /home/airflow/.local/lib/python3.12/site-packages/airflow/example_dags/example_xcom.py took 0.083 seconds
[2025-06-20T21:28:27.510+0000] {processor.py:186} INFO - Started process (PID=341) to work on /home/airflow/.local/lib/python3.12/site-packages/airflow/example_dags/example_xcom.py
[2025-06-20T21:28:27.511+0000] {processor.py:914} INFO - Processing file /home/airflow/.local/lib/python3.12/site-packages/airflow/example_dags/example_xcom.py for tasks to queue
[2025-06-20T21:28:27.513+0000] {logging_mixin.py:190} INFO - [2025-06-20T21:28:27.513+0000] {dagbag.py:588} INFO - Filling up the DagBag from /home/airflow/.local/lib/python3.12/site-packages/airflow/example_dags/example_xcom.py
[2025-06-20T21:28:27.521+0000] {processor.py:925} INFO - DAG(s) 'example_xcom' retrieved from /home/airflow/.local/lib/python3.12/site-packages/airflow/example_dags/example_xcom.py
[2025-06-20T21:28:27.540+0000] {logging_mixin.py:190} INFO - [2025-06-20T21:28:27.539+0000] {dag.py:3239} INFO - Sync 1 DAGs
[2025-06-20T21:28:27.561+0000] {logging_mixin.py:190} INFO - [2025-06-20T21:28:27.561+0000] {dag.py:4180} INFO - Setting next_dagrun for example_xcom to 2021-01-01 00:00:00+00:00, run_after=2021-01-01 00:00:00+00:00
[2025-06-20T21:28:27.582+0000] {processor.py:208} INFO - Processing /home/airflow/.local/lib/python3.12/site-packages/airflow/example_dags/example_xcom.py took 0.078 seconds
[2025-06-20T21:28:58.123+0000] {processor.py:186} INFO - Started process (PID=404) to work on /home/airflow/.local/lib/python3.12/site-packages/airflow/example_dags/example_xcom.py
[2025-06-20T21:28:58.124+0000] {processor.py:914} INFO - Processing file /home/airflow/.local/lib/python3.12/site-packages/airflow/example_dags/example_xcom.py for tasks to queue
[2025-06-20T21:28:58.126+0000] {logging_mixin.py:190} INFO - [2025-06-20T21:28:58.126+0000] {dagbag.py:588} INFO - Filling up the DagBag from /home/airflow/.local/lib/python3.12/site-packages/airflow/example_dags/example_xcom.py
[2025-06-20T21:28:58.135+0000] {processor.py:925} INFO - DAG(s) 'example_xcom' retrieved from /home/airflow/.local/lib/python3.12/site-packages/airflow/example_dags/example_xcom.py
[2025-06-20T21:28:58.155+0000] {logging_mixin.py:190} INFO - [2025-06-20T21:28:58.154+0000] {dag.py:3239} INFO - Sync 1 DAGs
[2025-06-20T21:28:58.176+0000] {logging_mixin.py:190} INFO - [2025-06-20T21:28:58.176+0000] {dag.py:4180} INFO - Setting next_dagrun for example_xcom to 2021-01-01 00:00:00+00:00, run_after=2021-01-01 00:00:00+00:00
[2025-06-20T21:28:58.270+0000] {processor.py:208} INFO - Processing /home/airflow/.local/lib/python3.12/site-packages/airflow/example_dags/example_xcom.py took 0.153 seconds
[2025-06-20T21:29:28.609+0000] {processor.py:186} INFO - Started process (PID=453) to work on /home/airflow/.local/lib/python3.12/site-packages/airflow/example_dags/example_xcom.py
[2025-06-20T21:29:28.609+0000] {processor.py:914} INFO - Processing file /home/airflow/.local/lib/python3.12/site-packages/airflow/example_dags/example_xcom.py for tasks to queue
[2025-06-20T21:29:28.612+0000] {logging_mixin.py:190} INFO - [2025-06-20T21:29:28.611+0000] {dagbag.py:588} INFO - Filling up the DagBag from /home/airflow/.local/lib/python3.12/site-packages/airflow/example_dags/example_xcom.py
[2025-06-20T21:29:28.621+0000] {processor.py:925} INFO - DAG(s) 'example_xcom' retrieved from /home/airflow/.local/lib/python3.12/site-packages/airflow/example_dags/example_xcom.py
[2025-06-20T21:29:28.641+0000] {logging_mixin.py:190} INFO - [2025-06-20T21:29:28.640+0000] {dag.py:3239} INFO - Sync 1 DAGs
[2025-06-20T21:29:28.663+0000] {logging_mixin.py:190} INFO - [2025-06-20T21:29:28.662+0000] {dag.py:4180} INFO - Setting next_dagrun for example_xcom to 2021-01-01 00:00:00+00:00, run_after=2021-01-01 00:00:00+00:00
[2025-06-20T21:29:28.875+0000] {processor.py:208} INFO - Processing /home/airflow/.local/lib/python3.12/site-packages/airflow/example_dags/example_xcom.py took 0.272 seconds
[2025-06-20T21:29:59.571+0000] {processor.py:186} INFO - Started process (PID=517) to work on /home/airflow/.local/lib/python3.12/site-packages/airflow/example_dags/example_xcom.py
[2025-06-20T21:29:59.572+0000] {processor.py:914} INFO - Processing file /home/airflow/.local/lib/python3.12/site-packages/airflow/example_dags/example_xcom.py for tasks to queue
[2025-06-20T21:29:59.574+0000] {logging_mixin.py:190} INFO - [2025-06-20T21:29:59.574+0000] {dagbag.py:588} INFO - Filling up the DagBag from /home/airflow/.local/lib/python3.12/site-packages/airflow/example_dags/example_xcom.py
[2025-06-20T21:29:59.583+0000] {processor.py:925} INFO - DAG(s) 'example_xcom' retrieved from /home/airflow/.local/lib/python3.12/site-packages/airflow/example_dags/example_xcom.py
[2025-06-20T21:29:59.604+0000] {logging_mixin.py:190} INFO - [2025-06-20T21:29:59.603+0000] {dag.py:3239} INFO - Sync 1 DAGs
[2025-06-20T21:29:59.626+0000] {logging_mixin.py:190} INFO - [2025-06-20T21:29:59.625+0000] {dag.py:4180} INFO - Setting next_dagrun for example_xcom to 2021-01-01 00:00:00+00:00, run_after=2021-01-01 00:00:00+00:00
[2025-06-20T21:29:59.655+0000] {processor.py:208} INFO - Processing /home/airflow/.local/lib/python3.12/site-packages/airflow/example_dags/example_xcom.py took 0.089 seconds
[2025-06-20T21:30:31.229+0000] {processor.py:186} INFO - Started process (PID=581) to work on /home/airflow/.local/lib/python3.12/site-packages/airflow/example_dags/example_xcom.py
[2025-06-20T21:30:31.230+0000] {processor.py:914} INFO - Processing file /home/airflow/.local/lib/python3.12/site-packages/airflow/example_dags/example_xcom.py for tasks to queue
[2025-06-20T21:30:31.232+0000] {logging_mixin.py:190} INFO - [2025-06-20T21:30:31.232+0000] {dagbag.py:588} INFO - Filling up the DagBag from /home/airflow/.local/lib/python3.12/site-packages/airflow/example_dags/example_xcom.py
[2025-06-20T21:30:31.239+0000] {processor.py:925} INFO - DAG(s) 'example_xcom' retrieved from /home/airflow/.local/lib/python3.12/site-packages/airflow/example_dags/example_xcom.py
[2025-06-20T21:30:31.265+0000] {logging_mixin.py:190} INFO - [2025-06-20T21:30:31.265+0000] {dag.py:3239} INFO - Sync 1 DAGs
[2025-06-20T21:30:31.288+0000] {logging_mixin.py:190} INFO - [2025-06-20T21:30:31.288+0000] {dag.py:4180} INFO - Setting next_dagrun for example_xcom to 2021-01-01 00:00:00+00:00, run_after=2021-01-01 00:00:00+00:00
[2025-06-20T21:30:31.324+0000] {processor.py:208} INFO - Processing /home/airflow/.local/lib/python3.12/site-packages/airflow/example_dags/example_xcom.py took 0.100 seconds
[2025-06-20T21:31:03.427+0000] {processor.py:186} INFO - Started process (PID=645) to work on /home/airflow/.local/lib/python3.12/site-packages/airflow/example_dags/example_xcom.py
[2025-06-20T21:31:03.428+0000] {processor.py:914} INFO - Processing file /home/airflow/.local/lib/python3.12/site-packages/airflow/example_dags/example_xcom.py for tasks to queue
[2025-06-20T21:31:03.430+0000] {logging_mixin.py:190} INFO - [2025-06-20T21:31:03.430+0000] {dagbag.py:588} INFO - Filling up the DagBag from /home/airflow/.local/lib/python3.12/site-packages/airflow/example_dags/example_xcom.py
[2025-06-20T21:31:03.438+0000] {processor.py:925} INFO - DAG(s) 'example_xcom' retrieved from /home/airflow/.local/lib/python3.12/site-packages/airflow/example_dags/example_xcom.py
[2025-06-20T21:31:03.463+0000] {logging_mixin.py:190} INFO - [2025-06-20T21:31:03.463+0000] {dag.py:3239} INFO - Sync 1 DAGs
[2025-06-20T21:31:03.491+0000] {logging_mixin.py:190} INFO - [2025-06-20T21:31:03.491+0000] {dag.py:4180} INFO - Setting next_dagrun for example_xcom to 2021-01-01 00:00:00+00:00, run_after=2021-01-01 00:00:00+00:00
[2025-06-20T21:31:03.564+0000] {processor.py:208} INFO - Processing /home/airflow/.local/lib/python3.12/site-packages/airflow/example_dags/example_xcom.py took 0.142 seconds
[2025-06-20T21:31:34.715+0000] {processor.py:186} INFO - Started process (PID=709) to work on /home/airflow/.local/lib/python3.12/site-packages/airflow/example_dags/example_xcom.py
[2025-06-20T21:31:34.716+0000] {processor.py:914} INFO - Processing file /home/airflow/.local/lib/python3.12/site-packages/airflow/example_dags/example_xcom.py for tasks to queue
[2025-06-20T21:31:34.718+0000] {logging_mixin.py:190} INFO - [2025-06-20T21:31:34.718+0000] {dagbag.py:588} INFO - Filling up the DagBag from /home/airflow/.local/lib/python3.12/site-packages/airflow/example_dags/example_xcom.py
[2025-06-20T21:31:34.727+0000] {processor.py:925} INFO - DAG(s) 'example_xcom' retrieved from /home/airflow/.local/lib/python3.12/site-packages/airflow/example_dags/example_xcom.py
[2025-06-20T21:31:34.748+0000] {logging_mixin.py:190} INFO - [2025-06-20T21:31:34.748+0000] {dag.py:3239} INFO - Sync 1 DAGs
[2025-06-20T21:31:34.771+0000] {logging_mixin.py:190} INFO - [2025-06-20T21:31:34.770+0000] {dag.py:4180} INFO - Setting next_dagrun for example_xcom to 2021-01-01 00:00:00+00:00, run_after=2021-01-01 00:00:00+00:00
[2025-06-20T21:31:34.834+0000] {processor.py:208} INFO - Processing /home/airflow/.local/lib/python3.12/site-packages/airflow/example_dags/example_xcom.py took 0.124 seconds
[2025-06-20T21:32:06.586+0000] {processor.py:186} INFO - Started process (PID=773) to work on /home/airflow/.local/lib/python3.12/site-packages/airflow/example_dags/example_xcom.py
[2025-06-20T21:32:06.588+0000] {processor.py:914} INFO - Processing file /home/airflow/.local/lib/python3.12/site-packages/airflow/example_dags/example_xcom.py for tasks to queue
[2025-06-20T21:32:06.591+0000] {logging_mixin.py:190} INFO - [2025-06-20T21:32:06.590+0000] {dagbag.py:588} INFO - Filling up the DagBag from /home/airflow/.local/lib/python3.12/site-packages/airflow/example_dags/example_xcom.py
[2025-06-20T21:32:06.606+0000] {processor.py:925} INFO - DAG(s) 'example_xcom' retrieved from /home/airflow/.local/lib/python3.12/site-packages/airflow/example_dags/example_xcom.py
[2025-06-20T21:32:06.634+0000] {logging_mixin.py:190} INFO - [2025-06-20T21:32:06.634+0000] {dag.py:3239} INFO - Sync 1 DAGs
[2025-06-20T21:32:06.663+0000] {logging_mixin.py:190} INFO - [2025-06-20T21:32:06.663+0000] {dag.py:4180} INFO - Setting next_dagrun for example_xcom to 2021-01-01 00:00:00+00:00, run_after=2021-01-01 00:00:00+00:00
[2025-06-20T21:32:06.694+0000] {processor.py:208} INFO - Processing /home/airflow/.local/lib/python3.12/site-packages/airflow/example_dags/example_xcom.py took 0.118 seconds
[2025-06-20T21:32:37.734+0000] {processor.py:186} INFO - Started process (PID=837) to work on /home/airflow/.local/lib/python3.12/site-packages/airflow/example_dags/example_xcom.py
[2025-06-20T21:32:37.735+0000] {processor.py:914} INFO - Processing file /home/airflow/.local/lib/python3.12/site-packages/airflow/example_dags/example_xcom.py for tasks to queue
[2025-06-20T21:32:37.738+0000] {logging_mixin.py:190} INFO - [2025-06-20T21:32:37.737+0000] {dagbag.py:588} INFO - Filling up the DagBag from /home/airflow/.local/lib/python3.12/site-packages/airflow/example_dags/example_xcom.py
[2025-06-20T21:32:37.747+0000] {processor.py:925} INFO - DAG(s) 'example_xcom' retrieved from /home/airflow/.local/lib/python3.12/site-packages/airflow/example_dags/example_xcom.py
[2025-06-20T21:32:37.769+0000] {logging_mixin.py:190} INFO - [2025-06-20T21:32:37.769+0000] {dag.py:3239} INFO - Sync 1 DAGs
[2025-06-20T21:32:37.791+0000] {logging_mixin.py:190} INFO - [2025-06-20T21:32:37.791+0000] {dag.py:4180} INFO - Setting next_dagrun for example_xcom to 2021-01-01 00:00:00+00:00, run_after=2021-01-01 00:00:00+00:00
[2025-06-20T21:32:37.831+0000] {processor.py:208} INFO - Processing /home/airflow/.local/lib/python3.12/site-packages/airflow/example_dags/example_xcom.py took 0.102 seconds
[2025-06-20T21:33:09.296+0000] {processor.py:186} INFO - Started process (PID=901) to work on /home/airflow/.local/lib/python3.12/site-packages/airflow/example_dags/example_xcom.py
[2025-06-20T21:33:09.298+0000] {processor.py:914} INFO - Processing file /home/airflow/.local/lib/python3.12/site-packages/airflow/example_dags/example_xcom.py for tasks to queue
[2025-06-20T21:33:09.300+0000] {logging_mixin.py:190} INFO - [2025-06-20T21:33:09.300+0000] {dagbag.py:588} INFO - Filling up the DagBag from /home/airflow/.local/lib/python3.12/site-packages/airflow/example_dags/example_xcom.py
[2025-06-20T21:33:09.312+0000] {processor.py:925} INFO - DAG(s) 'example_xcom' retrieved from /home/airflow/.local/lib/python3.12/site-packages/airflow/example_dags/example_xcom.py
[2025-06-20T21:33:09.337+0000] {logging_mixin.py:190} INFO - [2025-06-20T21:33:09.337+0000] {dag.py:3239} INFO - Sync 1 DAGs
[2025-06-20T21:33:09.363+0000] {logging_mixin.py:190} INFO - [2025-06-20T21:33:09.363+0000] {dag.py:4180} INFO - Setting next_dagrun for example_xcom to 2021-01-01 00:00:00+00:00, run_after=2021-01-01 00:00:00+00:00
[2025-06-20T21:33:09.394+0000] {processor.py:208} INFO - Processing /home/airflow/.local/lib/python3.12/site-packages/airflow/example_dags/example_xcom.py took 0.106 seconds
[2025-06-20T21:33:40.885+0000] {processor.py:186} INFO - Started process (PID=965) to work on /home/airflow/.local/lib/python3.12/site-packages/airflow/example_dags/example_xcom.py
[2025-06-20T21:33:40.886+0000] {processor.py:914} INFO - Processing file /home/airflow/.local/lib/python3.12/site-packages/airflow/example_dags/example_xcom.py for tasks to queue
[2025-06-20T21:33:40.890+0000] {logging_mixin.py:190} INFO - [2025-06-20T21:33:40.889+0000] {dagbag.py:588} INFO - Filling up the DagBag from /home/airflow/.local/lib/python3.12/site-packages/airflow/example_dags/example_xcom.py
[2025-06-20T21:33:40.902+0000] {processor.py:925} INFO - DAG(s) 'example_xcom' retrieved from /home/airflow/.local/lib/python3.12/site-packages/airflow/example_dags/example_xcom.py
[2025-06-20T21:33:40.926+0000] {logging_mixin.py:190} INFO - [2025-06-20T21:33:40.926+0000] {dag.py:3239} INFO - Sync 1 DAGs
[2025-06-20T21:33:40.956+0000] {logging_mixin.py:190} INFO - [2025-06-20T21:33:40.956+0000] {dag.py:4180} INFO - Setting next_dagrun for example_xcom to 2021-01-01 00:00:00+00:00, run_after=2021-01-01 00:00:00+00:00
[2025-06-20T21:33:41.014+0000] {processor.py:208} INFO - Processing /home/airflow/.local/lib/python3.12/site-packages/airflow/example_dags/example_xcom.py took 0.136 seconds
[2025-06-20T21:34:11.513+0000] {processor.py:186} INFO - Started process (PID=1029) to work on /home/airflow/.local/lib/python3.12/site-packages/airflow/example_dags/example_xcom.py
[2025-06-20T21:34:11.514+0000] {processor.py:914} INFO - Processing file /home/airflow/.local/lib/python3.12/site-packages/airflow/example_dags/example_xcom.py for tasks to queue
[2025-06-20T21:34:11.516+0000] {logging_mixin.py:190} INFO - [2025-06-20T21:34:11.516+0000] {dagbag.py:588} INFO - Filling up the DagBag from /home/airflow/.local/lib/python3.12/site-packages/airflow/example_dags/example_xcom.py
[2025-06-20T21:34:11.524+0000] {processor.py:925} INFO - DAG(s) 'example_xcom' retrieved from /home/airflow/.local/lib/python3.12/site-packages/airflow/example_dags/example_xcom.py
[2025-06-20T21:34:11.545+0000] {logging_mixin.py:190} INFO - [2025-06-20T21:34:11.545+0000] {dag.py:3239} INFO - Sync 1 DAGs
[2025-06-20T21:34:12.354+0000] {logging_mixin.py:190} INFO - [2025-06-20T21:34:12.353+0000] {dag.py:4180} INFO - Setting next_dagrun for example_xcom to 2021-01-01 00:00:00+00:00, run_after=2021-01-01 00:00:00+00:00
[2025-06-20T21:34:12.392+0000] {processor.py:208} INFO - Processing /home/airflow/.local/lib/python3.12/site-packages/airflow/example_dags/example_xcom.py took 0.099 seconds
[2025-06-20T21:34:44.303+0000] {processor.py:186} INFO - Started process (PID=1093) to work on /home/airflow/.local/lib/python3.12/site-packages/airflow/example_dags/example_xcom.py
[2025-06-20T21:34:44.304+0000] {processor.py:914} INFO - Processing file /home/airflow/.local/lib/python3.12/site-packages/airflow/example_dags/example_xcom.py for tasks to queue
[2025-06-20T21:34:44.307+0000] {logging_mixin.py:190} INFO - [2025-06-20T21:34:44.306+0000] {dagbag.py:588} INFO - Filling up the DagBag from /home/airflow/.local/lib/python3.12/site-packages/airflow/example_dags/example_xcom.py
[2025-06-20T21:34:44.317+0000] {processor.py:925} INFO - DAG(s) 'example_xcom' retrieved from /home/airflow/.local/lib/python3.12/site-packages/airflow/example_dags/example_xcom.py
[2025-06-20T21:34:44.346+0000] {logging_mixin.py:190} INFO - [2025-06-20T21:34:44.346+0000] {dag.py:3239} INFO - Sync 1 DAGs
[2025-06-20T21:34:44.371+0000] {logging_mixin.py:190} INFO - [2025-06-20T21:34:44.371+0000] {dag.py:4180} INFO - Setting next_dagrun for example_xcom to 2021-01-01 00:00:00+00:00, run_after=2021-01-01 00:00:00+00:00
[2025-06-20T21:34:44.404+0000] {processor.py:208} INFO - Processing /home/airflow/.local/lib/python3.12/site-packages/airflow/example_dags/example_xcom.py took 0.109 seconds
[2025-06-20T21:35:14.659+0000] {processor.py:186} INFO - Started process (PID=1157) to work on /home/airflow/.local/lib/python3.12/site-packages/airflow/example_dags/example_xcom.py
[2025-06-20T21:35:14.660+0000] {processor.py:914} INFO - Processing file /home/airflow/.local/lib/python3.12/site-packages/airflow/example_dags/example_xcom.py for tasks to queue
[2025-06-20T21:35:14.663+0000] {logging_mixin.py:190} INFO - [2025-06-20T21:35:14.663+0000] {dagbag.py:588} INFO - Filling up the DagBag from /home/airflow/.local/lib/python3.12/site-packages/airflow/example_dags/example_xcom.py
[2025-06-20T21:35:14.678+0000] {processor.py:925} INFO - DAG(s) 'example_xcom' retrieved from /home/airflow/.local/lib/python3.12/site-packages/airflow/example_dags/example_xcom.py
[2025-06-20T21:35:14.718+0000] {logging_mixin.py:190} INFO - [2025-06-20T21:35:14.718+0000] {dag.py:3239} INFO - Sync 1 DAGs
[2025-06-20T21:35:15.528+0000] {logging_mixin.py:190} INFO - [2025-06-20T21:35:15.528+0000] {dag.py:4180} INFO - Setting next_dagrun for example_xcom to 2021-01-01 00:00:00+00:00, run_after=2021-01-01 00:00:00+00:00
[2025-06-20T21:35:15.610+0000] {processor.py:208} INFO - Processing /home/airflow/.local/lib/python3.12/site-packages/airflow/example_dags/example_xcom.py took 0.177 seconds
[2025-06-20T21:35:47.813+0000] {processor.py:186} INFO - Started process (PID=1221) to work on /home/airflow/.local/lib/python3.12/site-packages/airflow/example_dags/example_xcom.py
[2025-06-20T21:35:47.815+0000] {processor.py:914} INFO - Processing file /home/airflow/.local/lib/python3.12/site-packages/airflow/example_dags/example_xcom.py for tasks to queue
[2025-06-20T21:35:47.817+0000] {logging_mixin.py:190} INFO - [2025-06-20T21:35:47.817+0000] {dagbag.py:588} INFO - Filling up the DagBag from /home/airflow/.local/lib/python3.12/site-packages/airflow/example_dags/example_xcom.py
[2025-06-20T21:35:47.826+0000] {processor.py:925} INFO - DAG(s) 'example_xcom' retrieved from /home/airflow/.local/lib/python3.12/site-packages/airflow/example_dags/example_xcom.py
[2025-06-20T21:35:47.848+0000] {logging_mixin.py:190} INFO - [2025-06-20T21:35:47.848+0000] {dag.py:3239} INFO - Sync 1 DAGs
[2025-06-20T21:35:47.869+0000] {logging_mixin.py:190} INFO - [2025-06-20T21:35:47.869+0000] {dag.py:4180} INFO - Setting next_dagrun for example_xcom to 2021-01-01 00:00:00+00:00, run_after=2021-01-01 00:00:00+00:00
[2025-06-20T21:35:47.969+0000] {processor.py:208} INFO - Processing /home/airflow/.local/lib/python3.12/site-packages/airflow/example_dags/example_xcom.py took 0.160 seconds
[2025-06-20T21:36:19.555+0000] {processor.py:186} INFO - Started process (PID=1285) to work on /home/airflow/.local/lib/python3.12/site-packages/airflow/example_dags/example_xcom.py
[2025-06-20T21:36:19.556+0000] {processor.py:914} INFO - Processing file /home/airflow/.local/lib/python3.12/site-packages/airflow/example_dags/example_xcom.py for tasks to queue
[2025-06-20T21:36:19.559+0000] {logging_mixin.py:190} INFO - [2025-06-20T21:36:19.559+0000] {dagbag.py:588} INFO - Filling up the DagBag from /home/airflow/.local/lib/python3.12/site-packages/airflow/example_dags/example_xcom.py
[2025-06-20T21:36:19.573+0000] {processor.py:925} INFO - DAG(s) 'example_xcom' retrieved from /home/airflow/.local/lib/python3.12/site-packages/airflow/example_dags/example_xcom.py
[2025-06-20T21:36:19.602+0000] {logging_mixin.py:190} INFO - [2025-06-20T21:36:19.602+0000] {dag.py:3239} INFO - Sync 1 DAGs
[2025-06-20T21:36:19.629+0000] {logging_mixin.py:190} INFO - [2025-06-20T21:36:19.628+0000] {dag.py:4180} INFO - Setting next_dagrun for example_xcom to 2021-01-01 00:00:00+00:00, run_after=2021-01-01 00:00:00+00:00
[2025-06-20T21:36:19.694+0000] {processor.py:208} INFO - Processing /home/airflow/.local/lib/python3.12/site-packages/airflow/example_dags/example_xcom.py took 0.144 seconds
[2025-06-20T21:36:50.716+0000] {processor.py:186} INFO - Started process (PID=1349) to work on /home/airflow/.local/lib/python3.12/site-packages/airflow/example_dags/example_xcom.py
[2025-06-20T21:36:50.717+0000] {processor.py:914} INFO - Processing file /home/airflow/.local/lib/python3.12/site-packages/airflow/example_dags/example_xcom.py for tasks to queue
[2025-06-20T21:36:50.719+0000] {logging_mixin.py:190} INFO - [2025-06-20T21:36:50.719+0000] {dagbag.py:588} INFO - Filling up the DagBag from /home/airflow/.local/lib/python3.12/site-packages/airflow/example_dags/example_xcom.py
[2025-06-20T21:36:50.728+0000] {processor.py:925} INFO - DAG(s) 'example_xcom' retrieved from /home/airflow/.local/lib/python3.12/site-packages/airflow/example_dags/example_xcom.py
[2025-06-20T21:36:50.749+0000] {logging_mixin.py:190} INFO - [2025-06-20T21:36:50.749+0000] {dag.py:3239} INFO - Sync 1 DAGs
[2025-06-20T21:36:50.772+0000] {logging_mixin.py:190} INFO - [2025-06-20T21:36:50.772+0000] {dag.py:4180} INFO - Setting next_dagrun for example_xcom to 2021-01-01 00:00:00+00:00, run_after=2021-01-01 00:00:00+00:00
[2025-06-20T21:36:50.802+0000] {processor.py:208} INFO - Processing /home/airflow/.local/lib/python3.12/site-packages/airflow/example_dags/example_xcom.py took 0.091 seconds
[2025-06-20T21:37:20.993+0000] {processor.py:186} INFO - Started process (PID=1413) to work on /home/airflow/.local/lib/python3.12/site-packages/airflow/example_dags/example_xcom.py
[2025-06-20T21:37:20.994+0000] {processor.py:914} INFO - Processing file /home/airflow/.local/lib/python3.12/site-packages/airflow/example_dags/example_xcom.py for tasks to queue
[2025-06-20T21:37:20.996+0000] {logging_mixin.py:190} INFO - [2025-06-20T21:37:20.996+0000] {dagbag.py:588} INFO - Filling up the DagBag from /home/airflow/.local/lib/python3.12/site-packages/airflow/example_dags/example_xcom.py
[2025-06-20T21:37:21.005+0000] {processor.py:925} INFO - DAG(s) 'example_xcom' retrieved from /home/airflow/.local/lib/python3.12/site-packages/airflow/example_dags/example_xcom.py
[2025-06-20T21:37:21.024+0000] {logging_mixin.py:190} INFO - [2025-06-20T21:37:21.024+0000] {dag.py:3239} INFO - Sync 1 DAGs
[2025-06-20T21:37:21.045+0000] {logging_mixin.py:190} INFO - [2025-06-20T21:37:21.045+0000] {dag.py:4180} INFO - Setting next_dagrun for example_xcom to 2021-01-01 00:00:00+00:00, run_after=2021-01-01 00:00:00+00:00
[2025-06-20T21:37:21.080+0000] {processor.py:208} INFO - Processing /home/airflow/.local/lib/python3.12/site-packages/airflow/example_dags/example_xcom.py took 0.091 seconds
[2025-06-20T21:37:51.345+0000] {processor.py:186} INFO - Started process (PID=1477) to work on /home/airflow/.local/lib/python3.12/site-packages/airflow/example_dags/example_xcom.py
[2025-06-20T21:37:51.346+0000] {processor.py:914} INFO - Processing file /home/airflow/.local/lib/python3.12/site-packages/airflow/example_dags/example_xcom.py for tasks to queue
[2025-06-20T21:37:51.349+0000] {logging_mixin.py:190} INFO - [2025-06-20T21:37:51.349+0000] {dagbag.py:588} INFO - Filling up the DagBag from /home/airflow/.local/lib/python3.12/site-packages/airflow/example_dags/example_xcom.py
[2025-06-20T21:37:51.364+0000] {processor.py:925} INFO - DAG(s) 'example_xcom' retrieved from /home/airflow/.local/lib/python3.12/site-packages/airflow/example_dags/example_xcom.py
[2025-06-20T21:37:51.390+0000] {logging_mixin.py:190} INFO - [2025-06-20T21:37:51.390+0000] {dag.py:3239} INFO - Sync 1 DAGs
[2025-06-20T21:37:51.424+0000] {logging_mixin.py:190} INFO - [2025-06-20T21:37:51.423+0000] {dag.py:4180} INFO - Setting next_dagrun for example_xcom to 2021-01-01 00:00:00+00:00, run_after=2021-01-01 00:00:00+00:00
[2025-06-20T21:37:51.477+0000] {processor.py:208} INFO - Processing /home/airflow/.local/lib/python3.12/site-packages/airflow/example_dags/example_xcom.py took 0.138 seconds
[2025-06-20T21:38:21.727+0000] {processor.py:186} INFO - Started process (PID=1541) to work on /home/airflow/.local/lib/python3.12/site-packages/airflow/example_dags/example_xcom.py
[2025-06-20T21:38:21.728+0000] {processor.py:914} INFO - Processing file /home/airflow/.local/lib/python3.12/site-packages/airflow/example_dags/example_xcom.py for tasks to queue
[2025-06-20T21:38:21.730+0000] {logging_mixin.py:190} INFO - [2025-06-20T21:38:21.730+0000] {dagbag.py:588} INFO - Filling up the DagBag from /home/airflow/.local/lib/python3.12/site-packages/airflow/example_dags/example_xcom.py
[2025-06-20T21:38:21.739+0000] {processor.py:925} INFO - DAG(s) 'example_xcom' retrieved from /home/airflow/.local/lib/python3.12/site-packages/airflow/example_dags/example_xcom.py
[2025-06-20T21:38:21.761+0000] {logging_mixin.py:190} INFO - [2025-06-20T21:38:21.761+0000] {dag.py:3239} INFO - Sync 1 DAGs
[2025-06-20T21:38:21.784+0000] {logging_mixin.py:190} INFO - [2025-06-20T21:38:21.784+0000] {dag.py:4180} INFO - Setting next_dagrun for example_xcom to 2021-01-01 00:00:00+00:00, run_after=2021-01-01 00:00:00+00:00
[2025-06-20T21:38:21.843+0000] {processor.py:208} INFO - Processing /home/airflow/.local/lib/python3.12/site-packages/airflow/example_dags/example_xcom.py took 0.122 seconds
[2025-06-20T21:38:52.498+0000] {processor.py:186} INFO - Started process (PID=1605) to work on /home/airflow/.local/lib/python3.12/site-packages/airflow/example_dags/example_xcom.py
[2025-06-20T21:38:52.499+0000] {processor.py:914} INFO - Processing file /home/airflow/.local/lib/python3.12/site-packages/airflow/example_dags/example_xcom.py for tasks to queue
[2025-06-20T21:38:52.502+0000] {logging_mixin.py:190} INFO - [2025-06-20T21:38:52.501+0000] {dagbag.py:588} INFO - Filling up the DagBag from /home/airflow/.local/lib/python3.12/site-packages/airflow/example_dags/example_xcom.py
[2025-06-20T21:38:52.510+0000] {processor.py:925} INFO - DAG(s) 'example_xcom' retrieved from /home/airflow/.local/lib/python3.12/site-packages/airflow/example_dags/example_xcom.py
[2025-06-20T21:38:52.530+0000] {logging_mixin.py:190} INFO - [2025-06-20T21:38:52.530+0000] {dag.py:3239} INFO - Sync 1 DAGs
[2025-06-20T21:38:52.552+0000] {logging_mixin.py:190} INFO - [2025-06-20T21:38:52.551+0000] {dag.py:4180} INFO - Setting next_dagrun for example_xcom to 2021-01-01 00:00:00+00:00, run_after=2021-01-01 00:00:00+00:00
[2025-06-20T21:38:52.610+0000] {processor.py:208} INFO - Processing /home/airflow/.local/lib/python3.12/site-packages/airflow/example_dags/example_xcom.py took 0.116 seconds
[2025-06-20T21:39:22.923+0000] {processor.py:186} INFO - Started process (PID=1669) to work on /home/airflow/.local/lib/python3.12/site-packages/airflow/example_dags/example_xcom.py
[2025-06-20T21:39:22.924+0000] {processor.py:914} INFO - Processing file /home/airflow/.local/lib/python3.12/site-packages/airflow/example_dags/example_xcom.py for tasks to queue
[2025-06-20T21:39:22.926+0000] {logging_mixin.py:190} INFO - [2025-06-20T21:39:22.926+0000] {dagbag.py:588} INFO - Filling up the DagBag from /home/airflow/.local/lib/python3.12/site-packages/airflow/example_dags/example_xcom.py
[2025-06-20T21:39:22.934+0000] {processor.py:925} INFO - DAG(s) 'example_xcom' retrieved from /home/airflow/.local/lib/python3.12/site-packages/airflow/example_dags/example_xcom.py
[2025-06-20T21:39:22.954+0000] {logging_mixin.py:190} INFO - [2025-06-20T21:39:22.954+0000] {dag.py:3239} INFO - Sync 1 DAGs
[2025-06-20T21:39:22.976+0000] {logging_mixin.py:190} INFO - [2025-06-20T21:39:22.975+0000] {dag.py:4180} INFO - Setting next_dagrun for example_xcom to 2021-01-01 00:00:00+00:00, run_after=2021-01-01 00:00:00+00:00
[2025-06-20T21:39:23.088+0000] {processor.py:208} INFO - Processing /home/airflow/.local/lib/python3.12/site-packages/airflow/example_dags/example_xcom.py took 0.169 seconds
[2025-06-20T21:39:53.725+0000] {processor.py:186} INFO - Started process (PID=1733) to work on /home/airflow/.local/lib/python3.12/site-packages/airflow/example_dags/example_xcom.py
[2025-06-20T21:39:53.726+0000] {processor.py:914} INFO - Processing file /home/airflow/.local/lib/python3.12/site-packages/airflow/example_dags/example_xcom.py for tasks to queue
[2025-06-20T21:39:53.728+0000] {logging_mixin.py:190} INFO - [2025-06-20T21:39:53.728+0000] {dagbag.py:588} INFO - Filling up the DagBag from /home/airflow/.local/lib/python3.12/site-packages/airflow/example_dags/example_xcom.py
[2025-06-20T21:39:53.737+0000] {processor.py:925} INFO - DAG(s) 'example_xcom' retrieved from /home/airflow/.local/lib/python3.12/site-packages/airflow/example_dags/example_xcom.py
[2025-06-20T21:39:53.760+0000] {logging_mixin.py:190} INFO - [2025-06-20T21:39:53.760+0000] {dag.py:3239} INFO - Sync 1 DAGs
[2025-06-20T21:39:53.785+0000] {logging_mixin.py:190} INFO - [2025-06-20T21:39:53.785+0000] {dag.py:4180} INFO - Setting next_dagrun for example_xcom to 2021-01-01 00:00:00+00:00, run_after=2021-01-01 00:00:00+00:00
[2025-06-20T21:39:53.826+0000] {processor.py:208} INFO - Processing /home/airflow/.local/lib/python3.12/site-packages/airflow/example_dags/example_xcom.py took 0.107 seconds
[2025-06-20T21:40:24.107+0000] {processor.py:186} INFO - Started process (PID=1797) to work on /home/airflow/.local/lib/python3.12/site-packages/airflow/example_dags/example_xcom.py
[2025-06-20T21:40:24.108+0000] {processor.py:914} INFO - Processing file /home/airflow/.local/lib/python3.12/site-packages/airflow/example_dags/example_xcom.py for tasks to queue
[2025-06-20T21:40:24.110+0000] {logging_mixin.py:190} INFO - [2025-06-20T21:40:24.110+0000] {dagbag.py:588} INFO - Filling up the DagBag from /home/airflow/.local/lib/python3.12/site-packages/airflow/example_dags/example_xcom.py
[2025-06-20T21:40:24.119+0000] {processor.py:925} INFO - DAG(s) 'example_xcom' retrieved from /home/airflow/.local/lib/python3.12/site-packages/airflow/example_dags/example_xcom.py
[2025-06-20T21:40:24.140+0000] {logging_mixin.py:190} INFO - [2025-06-20T21:40:24.140+0000] {dag.py:3239} INFO - Sync 1 DAGs
[2025-06-20T21:40:24.163+0000] {logging_mixin.py:190} INFO - [2025-06-20T21:40:24.162+0000] {dag.py:4180} INFO - Setting next_dagrun for example_xcom to 2021-01-01 00:00:00+00:00, run_after=2021-01-01 00:00:00+00:00
[2025-06-20T21:40:24.220+0000] {processor.py:208} INFO - Processing /home/airflow/.local/lib/python3.12/site-packages/airflow/example_dags/example_xcom.py took 0.119 seconds
[2025-06-20T21:40:54.402+0000] {processor.py:186} INFO - Started process (PID=1861) to work on /home/airflow/.local/lib/python3.12/site-packages/airflow/example_dags/example_xcom.py
[2025-06-20T21:40:54.403+0000] {processor.py:914} INFO - Processing file /home/airflow/.local/lib/python3.12/site-packages/airflow/example_dags/example_xcom.py for tasks to queue
[2025-06-20T21:40:54.406+0000] {logging_mixin.py:190} INFO - [2025-06-20T21:40:54.406+0000] {dagbag.py:588} INFO - Filling up the DagBag from /home/airflow/.local/lib/python3.12/site-packages/airflow/example_dags/example_xcom.py
[2025-06-20T21:40:54.414+0000] {processor.py:925} INFO - DAG(s) 'example_xcom' retrieved from /home/airflow/.local/lib/python3.12/site-packages/airflow/example_dags/example_xcom.py
[2025-06-20T21:40:54.433+0000] {logging_mixin.py:190} INFO - [2025-06-20T21:40:54.433+0000] {dag.py:3239} INFO - Sync 1 DAGs
[2025-06-20T21:40:54.454+0000] {logging_mixin.py:190} INFO - [2025-06-20T21:40:54.454+0000] {dag.py:4180} INFO - Setting next_dagrun for example_xcom to 2021-01-01 00:00:00+00:00, run_after=2021-01-01 00:00:00+00:00
[2025-06-20T21:40:54.504+0000] {processor.py:208} INFO - Processing /home/airflow/.local/lib/python3.12/site-packages/airflow/example_dags/example_xcom.py took 0.107 seconds
[2025-06-20T21:41:24.809+0000] {processor.py:186} INFO - Started process (PID=1925) to work on /home/airflow/.local/lib/python3.12/site-packages/airflow/example_dags/example_xcom.py
[2025-06-20T21:41:24.810+0000] {processor.py:914} INFO - Processing file /home/airflow/.local/lib/python3.12/site-packages/airflow/example_dags/example_xcom.py for tasks to queue
[2025-06-20T21:41:24.813+0000] {logging_mixin.py:190} INFO - [2025-06-20T21:41:24.812+0000] {dagbag.py:588} INFO - Filling up the DagBag from /home/airflow/.local/lib/python3.12/site-packages/airflow/example_dags/example_xcom.py
[2025-06-20T21:41:24.821+0000] {processor.py:925} INFO - DAG(s) 'example_xcom' retrieved from /home/airflow/.local/lib/python3.12/site-packages/airflow/example_dags/example_xcom.py
[2025-06-20T21:41:24.842+0000] {logging_mixin.py:190} INFO - [2025-06-20T21:41:24.841+0000] {dag.py:3239} INFO - Sync 1 DAGs
[2025-06-20T21:41:24.862+0000] {logging_mixin.py:190} INFO - [2025-06-20T21:41:24.862+0000] {dag.py:4180} INFO - Setting next_dagrun for example_xcom to 2021-01-01 00:00:00+00:00, run_after=2021-01-01 00:00:00+00:00
[2025-06-20T21:41:24.898+0000] {processor.py:208} INFO - Processing /home/airflow/.local/lib/python3.12/site-packages/airflow/example_dags/example_xcom.py took 0.093 seconds
[2025-06-20T21:41:55.029+0000] {processor.py:186} INFO - Started process (PID=1989) to work on /home/airflow/.local/lib/python3.12/site-packages/airflow/example_dags/example_xcom.py
[2025-06-20T21:41:55.030+0000] {processor.py:914} INFO - Processing file /home/airflow/.local/lib/python3.12/site-packages/airflow/example_dags/example_xcom.py for tasks to queue
[2025-06-20T21:41:55.032+0000] {logging_mixin.py:190} INFO - [2025-06-20T21:41:55.032+0000] {dagbag.py:588} INFO - Filling up the DagBag from /home/airflow/.local/lib/python3.12/site-packages/airflow/example_dags/example_xcom.py
[2025-06-20T21:41:55.040+0000] {processor.py:925} INFO - DAG(s) 'example_xcom' retrieved from /home/airflow/.local/lib/python3.12/site-packages/airflow/example_dags/example_xcom.py
[2025-06-20T21:41:55.060+0000] {logging_mixin.py:190} INFO - [2025-06-20T21:41:55.060+0000] {dag.py:3239} INFO - Sync 1 DAGs
[2025-06-20T21:41:55.081+0000] {logging_mixin.py:190} INFO - [2025-06-20T21:41:55.081+0000] {dag.py:4180} INFO - Setting next_dagrun for example_xcom to 2021-01-01 00:00:00+00:00, run_after=2021-01-01 00:00:00+00:00
[2025-06-20T21:41:55.116+0000] {processor.py:208} INFO - Processing /home/airflow/.local/lib/python3.12/site-packages/airflow/example_dags/example_xcom.py took 0.092 seconds
[2025-06-20T21:42:25.466+0000] {processor.py:186} INFO - Started process (PID=2059) to work on /home/airflow/.local/lib/python3.12/site-packages/airflow/example_dags/example_xcom.py
[2025-06-20T21:42:25.467+0000] {processor.py:914} INFO - Processing file /home/airflow/.local/lib/python3.12/site-packages/airflow/example_dags/example_xcom.py for tasks to queue
[2025-06-20T21:42:25.469+0000] {logging_mixin.py:190} INFO - [2025-06-20T21:42:25.469+0000] {dagbag.py:588} INFO - Filling up the DagBag from /home/airflow/.local/lib/python3.12/site-packages/airflow/example_dags/example_xcom.py
[2025-06-20T21:42:25.489+0000] {processor.py:925} INFO - DAG(s) 'example_xcom' retrieved from /home/airflow/.local/lib/python3.12/site-packages/airflow/example_dags/example_xcom.py
[2025-06-20T21:42:25.524+0000] {logging_mixin.py:190} INFO - [2025-06-20T21:42:25.524+0000] {dag.py:3239} INFO - Sync 1 DAGs
[2025-06-20T21:42:25.557+0000] {logging_mixin.py:190} INFO - [2025-06-20T21:42:25.557+0000] {dag.py:4180} INFO - Setting next_dagrun for example_xcom to 2021-01-01 00:00:00+00:00, run_after=2021-01-01 00:00:00+00:00
[2025-06-20T21:42:25.601+0000] {processor.py:208} INFO - Processing /home/airflow/.local/lib/python3.12/site-packages/airflow/example_dags/example_xcom.py took 0.140 seconds
[2025-06-20T21:42:55.789+0000] {processor.py:186} INFO - Started process (PID=2123) to work on /home/airflow/.local/lib/python3.12/site-packages/airflow/example_dags/example_xcom.py
[2025-06-20T21:42:55.790+0000] {processor.py:914} INFO - Processing file /home/airflow/.local/lib/python3.12/site-packages/airflow/example_dags/example_xcom.py for tasks to queue
[2025-06-20T21:42:55.793+0000] {logging_mixin.py:190} INFO - [2025-06-20T21:42:55.793+0000] {dagbag.py:588} INFO - Filling up the DagBag from /home/airflow/.local/lib/python3.12/site-packages/airflow/example_dags/example_xcom.py
[2025-06-20T21:42:55.800+0000] {processor.py:925} INFO - DAG(s) 'example_xcom' retrieved from /home/airflow/.local/lib/python3.12/site-packages/airflow/example_dags/example_xcom.py
[2025-06-20T21:42:55.820+0000] {logging_mixin.py:190} INFO - [2025-06-20T21:42:55.820+0000] {dag.py:3239} INFO - Sync 1 DAGs
[2025-06-20T21:42:55.842+0000] {logging_mixin.py:190} INFO - [2025-06-20T21:42:55.842+0000] {dag.py:4180} INFO - Setting next_dagrun for example_xcom to 2021-01-01 00:00:00+00:00, run_after=2021-01-01 00:00:00+00:00
[2025-06-20T21:42:55.878+0000] {processor.py:208} INFO - Processing /home/airflow/.local/lib/python3.12/site-packages/airflow/example_dags/example_xcom.py took 0.093 seconds
[2025-06-20T21:43:26.050+0000] {processor.py:186} INFO - Started process (PID=2187) to work on /home/airflow/.local/lib/python3.12/site-packages/airflow/example_dags/example_xcom.py
[2025-06-20T21:43:26.051+0000] {processor.py:914} INFO - Processing file /home/airflow/.local/lib/python3.12/site-packages/airflow/example_dags/example_xcom.py for tasks to queue
[2025-06-20T21:43:26.055+0000] {logging_mixin.py:190} INFO - [2025-06-20T21:43:26.054+0000] {dagbag.py:588} INFO - Filling up the DagBag from /home/airflow/.local/lib/python3.12/site-packages/airflow/example_dags/example_xcom.py
[2025-06-20T21:43:26.064+0000] {processor.py:925} INFO - DAG(s) 'example_xcom' retrieved from /home/airflow/.local/lib/python3.12/site-packages/airflow/example_dags/example_xcom.py
[2025-06-20T21:43:26.087+0000] {logging_mixin.py:190} INFO - [2025-06-20T21:43:26.087+0000] {dag.py:3239} INFO - Sync 1 DAGs
[2025-06-20T21:43:26.109+0000] {logging_mixin.py:190} INFO - [2025-06-20T21:43:26.109+0000] {dag.py:4180} INFO - Setting next_dagrun for example_xcom to 2021-01-01 00:00:00+00:00, run_after=2021-01-01 00:00:00+00:00
[2025-06-20T21:43:26.149+0000] {processor.py:208} INFO - Processing /home/airflow/.local/lib/python3.12/site-packages/airflow/example_dags/example_xcom.py took 0.105 seconds
[2025-06-20T21:43:56.540+0000] {processor.py:186} INFO - Started process (PID=2253) to work on /home/airflow/.local/lib/python3.12/site-packages/airflow/example_dags/example_xcom.py
[2025-06-20T21:43:56.541+0000] {processor.py:914} INFO - Processing file /home/airflow/.local/lib/python3.12/site-packages/airflow/example_dags/example_xcom.py for tasks to queue
[2025-06-20T21:43:56.544+0000] {logging_mixin.py:190} INFO - [2025-06-20T21:43:56.544+0000] {dagbag.py:588} INFO - Filling up the DagBag from /home/airflow/.local/lib/python3.12/site-packages/airflow/example_dags/example_xcom.py
[2025-06-20T21:43:56.552+0000] {processor.py:925} INFO - DAG(s) 'example_xcom' retrieved from /home/airflow/.local/lib/python3.12/site-packages/airflow/example_dags/example_xcom.py
[2025-06-20T21:43:56.572+0000] {logging_mixin.py:190} INFO - [2025-06-20T21:43:56.572+0000] {dag.py:3239} INFO - Sync 1 DAGs
[2025-06-20T21:43:56.597+0000] {logging_mixin.py:190} INFO - [2025-06-20T21:43:56.597+0000] {dag.py:4180} INFO - Setting next_dagrun for example_xcom to 2021-01-01 00:00:00+00:00, run_after=2021-01-01 00:00:00+00:00
[2025-06-20T21:43:56.629+0000] {processor.py:208} INFO - Processing /home/airflow/.local/lib/python3.12/site-packages/airflow/example_dags/example_xcom.py took 0.094 seconds
[2025-06-20T21:44:28.109+0000] {processor.py:186} INFO - Started process (PID=2316) to work on /home/airflow/.local/lib/python3.12/site-packages/airflow/example_dags/example_xcom.py
[2025-06-20T21:44:28.110+0000] {processor.py:914} INFO - Processing file /home/airflow/.local/lib/python3.12/site-packages/airflow/example_dags/example_xcom.py for tasks to queue
[2025-06-20T21:44:28.113+0000] {logging_mixin.py:190} INFO - [2025-06-20T21:44:28.112+0000] {dagbag.py:588} INFO - Filling up the DagBag from /home/airflow/.local/lib/python3.12/site-packages/airflow/example_dags/example_xcom.py
[2025-06-20T21:44:28.122+0000] {processor.py:925} INFO - DAG(s) 'example_xcom' retrieved from /home/airflow/.local/lib/python3.12/site-packages/airflow/example_dags/example_xcom.py
[2025-06-20T21:44:28.141+0000] {logging_mixin.py:190} INFO - [2025-06-20T21:44:28.141+0000] {dag.py:3239} INFO - Sync 1 DAGs
[2025-06-20T21:44:28.166+0000] {logging_mixin.py:190} INFO - [2025-06-20T21:44:28.166+0000] {dag.py:4180} INFO - Setting next_dagrun for example_xcom to 2021-01-01 00:00:00+00:00, run_after=2021-01-01 00:00:00+00:00
[2025-06-20T21:44:28.189+0000] {processor.py:208} INFO - Processing /home/airflow/.local/lib/python3.12/site-packages/airflow/example_dags/example_xcom.py took 0.086 seconds
[2025-06-20T21:44:58.464+0000] {processor.py:186} INFO - Started process (PID=2380) to work on /home/airflow/.local/lib/python3.12/site-packages/airflow/example_dags/example_xcom.py
[2025-06-20T21:44:58.465+0000] {processor.py:914} INFO - Processing file /home/airflow/.local/lib/python3.12/site-packages/airflow/example_dags/example_xcom.py for tasks to queue
[2025-06-20T21:44:58.467+0000] {logging_mixin.py:190} INFO - [2025-06-20T21:44:58.467+0000] {dagbag.py:588} INFO - Filling up the DagBag from /home/airflow/.local/lib/python3.12/site-packages/airflow/example_dags/example_xcom.py
[2025-06-20T21:44:58.475+0000] {processor.py:925} INFO - DAG(s) 'example_xcom' retrieved from /home/airflow/.local/lib/python3.12/site-packages/airflow/example_dags/example_xcom.py
[2025-06-20T21:44:58.495+0000] {logging_mixin.py:190} INFO - [2025-06-20T21:44:58.495+0000] {dag.py:3239} INFO - Sync 1 DAGs
[2025-06-20T21:44:58.516+0000] {logging_mixin.py:190} INFO - [2025-06-20T21:44:58.516+0000] {dag.py:4180} INFO - Setting next_dagrun for example_xcom to 2021-01-01 00:00:00+00:00, run_after=2021-01-01 00:00:00+00:00
[2025-06-20T21:44:58.546+0000] {processor.py:208} INFO - Processing /home/airflow/.local/lib/python3.12/site-packages/airflow/example_dags/example_xcom.py took 0.087 seconds
[2025-06-20T21:45:29.221+0000] {processor.py:186} INFO - Started process (PID=2444) to work on /home/airflow/.local/lib/python3.12/site-packages/airflow/example_dags/example_xcom.py
[2025-06-20T21:45:29.222+0000] {processor.py:914} INFO - Processing file /home/airflow/.local/lib/python3.12/site-packages/airflow/example_dags/example_xcom.py for tasks to queue
[2025-06-20T21:45:29.224+0000] {logging_mixin.py:190} INFO - [2025-06-20T21:45:29.224+0000] {dagbag.py:588} INFO - Filling up the DagBag from /home/airflow/.local/lib/python3.12/site-packages/airflow/example_dags/example_xcom.py
[2025-06-20T21:45:29.233+0000] {processor.py:925} INFO - DAG(s) 'example_xcom' retrieved from /home/airflow/.local/lib/python3.12/site-packages/airflow/example_dags/example_xcom.py
[2025-06-20T21:45:29.255+0000] {logging_mixin.py:190} INFO - [2025-06-20T21:45:29.254+0000] {dag.py:3239} INFO - Sync 1 DAGs
[2025-06-20T21:45:29.282+0000] {logging_mixin.py:190} INFO - [2025-06-20T21:45:29.281+0000] {dag.py:4180} INFO - Setting next_dagrun for example_xcom to 2021-01-01 00:00:00+00:00, run_after=2021-01-01 00:00:00+00:00
[2025-06-20T21:45:29.381+0000] {processor.py:208} INFO - Processing /home/airflow/.local/lib/python3.12/site-packages/airflow/example_dags/example_xcom.py took 0.165 seconds
[2025-06-20T21:45:59.502+0000] {processor.py:186} INFO - Started process (PID=2508) to work on /home/airflow/.local/lib/python3.12/site-packages/airflow/example_dags/example_xcom.py
[2025-06-20T21:45:59.503+0000] {processor.py:914} INFO - Processing file /home/airflow/.local/lib/python3.12/site-packages/airflow/example_dags/example_xcom.py for tasks to queue
[2025-06-20T21:45:59.506+0000] {logging_mixin.py:190} INFO - [2025-06-20T21:45:59.505+0000] {dagbag.py:588} INFO - Filling up the DagBag from /home/airflow/.local/lib/python3.12/site-packages/airflow/example_dags/example_xcom.py
[2025-06-20T21:45:59.515+0000] {processor.py:925} INFO - DAG(s) 'example_xcom' retrieved from /home/airflow/.local/lib/python3.12/site-packages/airflow/example_dags/example_xcom.py
[2025-06-20T21:45:59.543+0000] {logging_mixin.py:190} INFO - [2025-06-20T21:45:59.543+0000] {dag.py:3239} INFO - Sync 1 DAGs
[2025-06-20T21:45:59.573+0000] {logging_mixin.py:190} INFO - [2025-06-20T21:45:59.573+0000] {dag.py:4180} INFO - Setting next_dagrun for example_xcom to 2021-01-01 00:00:00+00:00, run_after=2021-01-01 00:00:00+00:00
[2025-06-20T21:45:59.632+0000] {processor.py:208} INFO - Processing /home/airflow/.local/lib/python3.12/site-packages/airflow/example_dags/example_xcom.py took 0.136 seconds
[2025-06-20T21:46:29.896+0000] {processor.py:186} INFO - Started process (PID=2572) to work on /home/airflow/.local/lib/python3.12/site-packages/airflow/example_dags/example_xcom.py
[2025-06-20T21:46:29.898+0000] {processor.py:914} INFO - Processing file /home/airflow/.local/lib/python3.12/site-packages/airflow/example_dags/example_xcom.py for tasks to queue
[2025-06-20T21:46:29.903+0000] {logging_mixin.py:190} INFO - [2025-06-20T21:46:29.902+0000] {dagbag.py:588} INFO - Filling up the DagBag from /home/airflow/.local/lib/python3.12/site-packages/airflow/example_dags/example_xcom.py
[2025-06-20T21:46:29.921+0000] {processor.py:925} INFO - DAG(s) 'example_xcom' retrieved from /home/airflow/.local/lib/python3.12/site-packages/airflow/example_dags/example_xcom.py
[2025-06-20T21:46:29.950+0000] {logging_mixin.py:190} INFO - [2025-06-20T21:46:29.950+0000] {dag.py:3239} INFO - Sync 1 DAGs
[2025-06-20T21:46:29.984+0000] {logging_mixin.py:190} INFO - [2025-06-20T21:46:29.984+0000] {dag.py:4180} INFO - Setting next_dagrun for example_xcom to 2021-01-01 00:00:00+00:00, run_after=2021-01-01 00:00:00+00:00
[2025-06-20T21:46:30.025+0000] {processor.py:208} INFO - Processing /home/airflow/.local/lib/python3.12/site-packages/airflow/example_dags/example_xcom.py took 0.135 seconds
[2025-06-20T21:47:00.347+0000] {processor.py:186} INFO - Started process (PID=2636) to work on /home/airflow/.local/lib/python3.12/site-packages/airflow/example_dags/example_xcom.py
[2025-06-20T21:47:00.348+0000] {processor.py:914} INFO - Processing file /home/airflow/.local/lib/python3.12/site-packages/airflow/example_dags/example_xcom.py for tasks to queue
[2025-06-20T21:47:00.350+0000] {logging_mixin.py:190} INFO - [2025-06-20T21:47:00.350+0000] {dagbag.py:588} INFO - Filling up the DagBag from /home/airflow/.local/lib/python3.12/site-packages/airflow/example_dags/example_xcom.py
[2025-06-20T21:47:00.358+0000] {processor.py:925} INFO - DAG(s) 'example_xcom' retrieved from /home/airflow/.local/lib/python3.12/site-packages/airflow/example_dags/example_xcom.py
[2025-06-20T21:47:00.380+0000] {logging_mixin.py:190} INFO - [2025-06-20T21:47:00.379+0000] {dag.py:3239} INFO - Sync 1 DAGs
[2025-06-20T21:47:00.402+0000] {logging_mixin.py:190} INFO - [2025-06-20T21:47:00.401+0000] {dag.py:4180} INFO - Setting next_dagrun for example_xcom to 2021-01-01 00:00:00+00:00, run_after=2021-01-01 00:00:00+00:00
[2025-06-20T21:47:00.482+0000] {processor.py:208} INFO - Processing /home/airflow/.local/lib/python3.12/site-packages/airflow/example_dags/example_xcom.py took 0.142 seconds
[2025-06-20T21:47:30.708+0000] {processor.py:186} INFO - Started process (PID=2700) to work on /home/airflow/.local/lib/python3.12/site-packages/airflow/example_dags/example_xcom.py
[2025-06-20T21:47:30.710+0000] {processor.py:914} INFO - Processing file /home/airflow/.local/lib/python3.12/site-packages/airflow/example_dags/example_xcom.py for tasks to queue
[2025-06-20T21:47:30.713+0000] {logging_mixin.py:190} INFO - [2025-06-20T21:47:30.712+0000] {dagbag.py:588} INFO - Filling up the DagBag from /home/airflow/.local/lib/python3.12/site-packages/airflow/example_dags/example_xcom.py
[2025-06-20T21:47:30.724+0000] {processor.py:925} INFO - DAG(s) 'example_xcom' retrieved from /home/airflow/.local/lib/python3.12/site-packages/airflow/example_dags/example_xcom.py
[2025-06-20T21:47:30.747+0000] {logging_mixin.py:190} INFO - [2025-06-20T21:47:30.747+0000] {dag.py:3239} INFO - Sync 1 DAGs
[2025-06-20T21:47:30.771+0000] {logging_mixin.py:190} INFO - [2025-06-20T21:47:30.771+0000] {dag.py:4180} INFO - Setting next_dagrun for example_xcom to 2021-01-01 00:00:00+00:00, run_after=2021-01-01 00:00:00+00:00
[2025-06-20T21:47:30.808+0000] {processor.py:208} INFO - Processing /home/airflow/.local/lib/python3.12/site-packages/airflow/example_dags/example_xcom.py took 0.106 seconds
[2025-06-20T21:48:00.982+0000] {processor.py:186} INFO - Started process (PID=2763) to work on /home/airflow/.local/lib/python3.12/site-packages/airflow/example_dags/example_xcom.py
[2025-06-20T21:48:00.983+0000] {processor.py:914} INFO - Processing file /home/airflow/.local/lib/python3.12/site-packages/airflow/example_dags/example_xcom.py for tasks to queue
[2025-06-20T21:48:00.986+0000] {logging_mixin.py:190} INFO - [2025-06-20T21:48:00.986+0000] {dagbag.py:588} INFO - Filling up the DagBag from /home/airflow/.local/lib/python3.12/site-packages/airflow/example_dags/example_xcom.py
[2025-06-20T21:48:00.995+0000] {processor.py:925} INFO - DAG(s) 'example_xcom' retrieved from /home/airflow/.local/lib/python3.12/site-packages/airflow/example_dags/example_xcom.py
[2025-06-20T21:48:01.016+0000] {logging_mixin.py:190} INFO - [2025-06-20T21:48:01.016+0000] {dag.py:3239} INFO - Sync 1 DAGs
[2025-06-20T21:48:01.038+0000] {logging_mixin.py:190} INFO - [2025-06-20T21:48:01.037+0000] {dag.py:4180} INFO - Setting next_dagrun for example_xcom to 2021-01-01 00:00:00+00:00, run_after=2021-01-01 00:00:00+00:00
[2025-06-20T21:48:01.120+0000] {processor.py:208} INFO - Processing /home/airflow/.local/lib/python3.12/site-packages/airflow/example_dags/example_xcom.py took 0.143 seconds
[2025-06-20T21:48:32.075+0000] {processor.py:186} INFO - Started process (PID=2827) to work on /home/airflow/.local/lib/python3.12/site-packages/airflow/example_dags/example_xcom.py
[2025-06-20T21:48:32.077+0000] {processor.py:914} INFO - Processing file /home/airflow/.local/lib/python3.12/site-packages/airflow/example_dags/example_xcom.py for tasks to queue
[2025-06-20T21:48:32.080+0000] {logging_mixin.py:190} INFO - [2025-06-20T21:48:32.079+0000] {dagbag.py:588} INFO - Filling up the DagBag from /home/airflow/.local/lib/python3.12/site-packages/airflow/example_dags/example_xcom.py
[2025-06-20T21:48:32.088+0000] {processor.py:925} INFO - DAG(s) 'example_xcom' retrieved from /home/airflow/.local/lib/python3.12/site-packages/airflow/example_dags/example_xcom.py
[2025-06-20T21:48:32.107+0000] {logging_mixin.py:190} INFO - [2025-06-20T21:48:32.107+0000] {dag.py:3239} INFO - Sync 1 DAGs
[2025-06-20T21:48:32.129+0000] {logging_mixin.py:190} INFO - [2025-06-20T21:48:32.129+0000] {dag.py:4180} INFO - Setting next_dagrun for example_xcom to 2021-01-01 00:00:00+00:00, run_after=2021-01-01 00:00:00+00:00
[2025-06-20T21:48:32.187+0000] {processor.py:208} INFO - Processing /home/airflow/.local/lib/python3.12/site-packages/airflow/example_dags/example_xcom.py took 0.116 seconds
[2025-06-20T21:49:02.597+0000] {processor.py:186} INFO - Started process (PID=2891) to work on /home/airflow/.local/lib/python3.12/site-packages/airflow/example_dags/example_xcom.py
[2025-06-20T21:49:02.598+0000] {processor.py:914} INFO - Processing file /home/airflow/.local/lib/python3.12/site-packages/airflow/example_dags/example_xcom.py for tasks to queue
[2025-06-20T21:49:02.600+0000] {logging_mixin.py:190} INFO - [2025-06-20T21:49:02.600+0000] {dagbag.py:588} INFO - Filling up the DagBag from /home/airflow/.local/lib/python3.12/site-packages/airflow/example_dags/example_xcom.py
[2025-06-20T21:49:02.608+0000] {processor.py:925} INFO - DAG(s) 'example_xcom' retrieved from /home/airflow/.local/lib/python3.12/site-packages/airflow/example_dags/example_xcom.py
[2025-06-20T21:49:02.629+0000] {logging_mixin.py:190} INFO - [2025-06-20T21:49:02.629+0000] {dag.py:3239} INFO - Sync 1 DAGs
[2025-06-20T21:49:02.652+0000] {logging_mixin.py:190} INFO - [2025-06-20T21:49:02.651+0000] {dag.py:4180} INFO - Setting next_dagrun for example_xcom to 2021-01-01 00:00:00+00:00, run_after=2021-01-01 00:00:00+00:00
[2025-06-20T21:49:02.711+0000] {processor.py:208} INFO - Processing /home/airflow/.local/lib/python3.12/site-packages/airflow/example_dags/example_xcom.py took 0.119 seconds
[2025-06-20T21:49:33.397+0000] {processor.py:186} INFO - Started process (PID=2955) to work on /home/airflow/.local/lib/python3.12/site-packages/airflow/example_dags/example_xcom.py
[2025-06-20T21:49:33.398+0000] {processor.py:914} INFO - Processing file /home/airflow/.local/lib/python3.12/site-packages/airflow/example_dags/example_xcom.py for tasks to queue
[2025-06-20T21:49:33.401+0000] {logging_mixin.py:190} INFO - [2025-06-20T21:49:33.400+0000] {dagbag.py:588} INFO - Filling up the DagBag from /home/airflow/.local/lib/python3.12/site-packages/airflow/example_dags/example_xcom.py
[2025-06-20T21:49:33.411+0000] {processor.py:925} INFO - DAG(s) 'example_xcom' retrieved from /home/airflow/.local/lib/python3.12/site-packages/airflow/example_dags/example_xcom.py
[2025-06-20T21:49:33.430+0000] {logging_mixin.py:190} INFO - [2025-06-20T21:49:33.430+0000] {dag.py:3239} INFO - Sync 1 DAGs
[2025-06-20T21:49:33.451+0000] {logging_mixin.py:190} INFO - [2025-06-20T21:49:33.451+0000] {dag.py:4180} INFO - Setting next_dagrun for example_xcom to 2021-01-01 00:00:00+00:00, run_after=2021-01-01 00:00:00+00:00
[2025-06-20T21:49:33.479+0000] {processor.py:208} INFO - Processing /home/airflow/.local/lib/python3.12/site-packages/airflow/example_dags/example_xcom.py took 0.088 seconds
[2025-06-20T21:50:04.290+0000] {processor.py:186} INFO - Started process (PID=3019) to work on /home/airflow/.local/lib/python3.12/site-packages/airflow/example_dags/example_xcom.py
[2025-06-20T21:50:04.292+0000] {processor.py:914} INFO - Processing file /home/airflow/.local/lib/python3.12/site-packages/airflow/example_dags/example_xcom.py for tasks to queue
[2025-06-20T21:50:04.294+0000] {logging_mixin.py:190} INFO - [2025-06-20T21:50:04.294+0000] {dagbag.py:588} INFO - Filling up the DagBag from /home/airflow/.local/lib/python3.12/site-packages/airflow/example_dags/example_xcom.py
[2025-06-20T21:50:04.303+0000] {processor.py:925} INFO - DAG(s) 'example_xcom' retrieved from /home/airflow/.local/lib/python3.12/site-packages/airflow/example_dags/example_xcom.py
[2025-06-20T21:50:04.325+0000] {logging_mixin.py:190} INFO - [2025-06-20T21:50:04.325+0000] {dag.py:3239} INFO - Sync 1 DAGs
[2025-06-20T21:50:04.349+0000] {logging_mixin.py:190} INFO - [2025-06-20T21:50:04.349+0000] {dag.py:4180} INFO - Setting next_dagrun for example_xcom to 2021-01-01 00:00:00+00:00, run_after=2021-01-01 00:00:00+00:00
[2025-06-20T21:50:04.450+0000] {processor.py:208} INFO - Processing /home/airflow/.local/lib/python3.12/site-packages/airflow/example_dags/example_xcom.py took 0.165 seconds
[2025-06-20T21:50:35.726+0000] {processor.py:186} INFO - Started process (PID=3083) to work on /home/airflow/.local/lib/python3.12/site-packages/airflow/example_dags/example_xcom.py
[2025-06-20T21:50:35.728+0000] {processor.py:914} INFO - Processing file /home/airflow/.local/lib/python3.12/site-packages/airflow/example_dags/example_xcom.py for tasks to queue
[2025-06-20T21:50:35.730+0000] {logging_mixin.py:190} INFO - [2025-06-20T21:50:35.730+0000] {dagbag.py:588} INFO - Filling up the DagBag from /home/airflow/.local/lib/python3.12/site-packages/airflow/example_dags/example_xcom.py
[2025-06-20T21:50:35.739+0000] {processor.py:925} INFO - DAG(s) 'example_xcom' retrieved from /home/airflow/.local/lib/python3.12/site-packages/airflow/example_dags/example_xcom.py
[2025-06-20T21:50:35.760+0000] {logging_mixin.py:190} INFO - [2025-06-20T21:50:35.760+0000] {dag.py:3239} INFO - Sync 1 DAGs
[2025-06-20T21:50:35.785+0000] {logging_mixin.py:190} INFO - [2025-06-20T21:50:35.784+0000] {dag.py:4180} INFO - Setting next_dagrun for example_xcom to 2021-01-01 00:00:00+00:00, run_after=2021-01-01 00:00:00+00:00
[2025-06-20T21:50:35.812+0000] {processor.py:208} INFO - Processing /home/airflow/.local/lib/python3.12/site-packages/airflow/example_dags/example_xcom.py took 0.091 seconds
[2025-06-20T21:51:06.624+0000] {processor.py:186} INFO - Started process (PID=3119) to work on /home/airflow/.local/lib/python3.12/site-packages/airflow/example_dags/example_xcom.py
[2025-06-20T21:51:06.625+0000] {processor.py:914} INFO - Processing file /home/airflow/.local/lib/python3.12/site-packages/airflow/example_dags/example_xcom.py for tasks to queue
[2025-06-20T21:51:06.628+0000] {logging_mixin.py:190} INFO - [2025-06-20T21:51:06.627+0000] {dagbag.py:588} INFO - Filling up the DagBag from /home/airflow/.local/lib/python3.12/site-packages/airflow/example_dags/example_xcom.py
[2025-06-20T21:51:06.637+0000] {processor.py:925} INFO - DAG(s) 'example_xcom' retrieved from /home/airflow/.local/lib/python3.12/site-packages/airflow/example_dags/example_xcom.py
[2025-06-20T21:51:06.661+0000] {logging_mixin.py:190} INFO - [2025-06-20T21:51:06.661+0000] {dag.py:3239} INFO - Sync 1 DAGs
[2025-06-20T21:51:06.687+0000] {logging_mixin.py:190} INFO - [2025-06-20T21:51:06.687+0000] {dag.py:4180} INFO - Setting next_dagrun for example_xcom to 2021-01-01 00:00:00+00:00, run_after=2021-01-01 00:00:00+00:00
[2025-06-20T21:51:06.721+0000] {processor.py:208} INFO - Processing /home/airflow/.local/lib/python3.12/site-packages/airflow/example_dags/example_xcom.py took 0.102 seconds
[2025-06-20T21:51:36.950+0000] {processor.py:186} INFO - Started process (PID=3183) to work on /home/airflow/.local/lib/python3.12/site-packages/airflow/example_dags/example_xcom.py
[2025-06-20T21:51:36.951+0000] {processor.py:914} INFO - Processing file /home/airflow/.local/lib/python3.12/site-packages/airflow/example_dags/example_xcom.py for tasks to queue
[2025-06-20T21:51:36.953+0000] {logging_mixin.py:190} INFO - [2025-06-20T21:51:36.953+0000] {dagbag.py:588} INFO - Filling up the DagBag from /home/airflow/.local/lib/python3.12/site-packages/airflow/example_dags/example_xcom.py
[2025-06-20T21:51:36.962+0000] {processor.py:925} INFO - DAG(s) 'example_xcom' retrieved from /home/airflow/.local/lib/python3.12/site-packages/airflow/example_dags/example_xcom.py
[2025-06-20T21:51:36.981+0000] {logging_mixin.py:190} INFO - [2025-06-20T21:51:36.981+0000] {dag.py:3239} INFO - Sync 1 DAGs
[2025-06-20T21:51:37.168+0000] {logging_mixin.py:190} INFO - [2025-06-20T21:51:37.167+0000] {dag.py:4180} INFO - Setting next_dagrun for example_xcom to 2021-01-01 00:00:00+00:00, run_after=2021-01-01 00:00:00+00:00
[2025-06-20T21:51:37.245+0000] {processor.py:208} INFO - Processing /home/airflow/.local/lib/python3.12/site-packages/airflow/example_dags/example_xcom.py took 0.300 seconds
[2025-06-20T21:52:08.060+0000] {processor.py:186} INFO - Started process (PID=3247) to work on /home/airflow/.local/lib/python3.12/site-packages/airflow/example_dags/example_xcom.py
[2025-06-20T21:52:08.062+0000] {processor.py:914} INFO - Processing file /home/airflow/.local/lib/python3.12/site-packages/airflow/example_dags/example_xcom.py for tasks to queue
[2025-06-20T21:52:08.064+0000] {logging_mixin.py:190} INFO - [2025-06-20T21:52:08.064+0000] {dagbag.py:588} INFO - Filling up the DagBag from /home/airflow/.local/lib/python3.12/site-packages/airflow/example_dags/example_xcom.py
[2025-06-20T21:52:08.076+0000] {processor.py:925} INFO - DAG(s) 'example_xcom' retrieved from /home/airflow/.local/lib/python3.12/site-packages/airflow/example_dags/example_xcom.py
[2025-06-20T21:52:08.107+0000] {logging_mixin.py:190} INFO - [2025-06-20T21:52:08.106+0000] {dag.py:3239} INFO - Sync 1 DAGs
[2025-06-20T21:52:08.136+0000] {logging_mixin.py:190} INFO - [2025-06-20T21:52:08.136+0000] {dag.py:4180} INFO - Setting next_dagrun for example_xcom to 2021-01-01 00:00:00+00:00, run_after=2021-01-01 00:00:00+00:00
[2025-06-20T21:52:08.313+0000] {processor.py:208} INFO - Processing /home/airflow/.local/lib/python3.12/site-packages/airflow/example_dags/example_xcom.py took 0.259 seconds
[2025-06-20T21:52:38.802+0000] {processor.py:186} INFO - Started process (PID=3305) to work on /home/airflow/.local/lib/python3.12/site-packages/airflow/example_dags/example_xcom.py
[2025-06-20T21:52:38.803+0000] {processor.py:914} INFO - Processing file /home/airflow/.local/lib/python3.12/site-packages/airflow/example_dags/example_xcom.py for tasks to queue
[2025-06-20T21:52:38.805+0000] {logging_mixin.py:190} INFO - [2025-06-20T21:52:38.805+0000] {dagbag.py:588} INFO - Filling up the DagBag from /home/airflow/.local/lib/python3.12/site-packages/airflow/example_dags/example_xcom.py
[2025-06-20T21:52:38.813+0000] {processor.py:925} INFO - DAG(s) 'example_xcom' retrieved from /home/airflow/.local/lib/python3.12/site-packages/airflow/example_dags/example_xcom.py
[2025-06-20T21:52:38.833+0000] {logging_mixin.py:190} INFO - [2025-06-20T21:52:38.833+0000] {dag.py:3239} INFO - Sync 1 DAGs
[2025-06-20T21:52:38.855+0000] {logging_mixin.py:190} INFO - [2025-06-20T21:52:38.854+0000] {dag.py:4180} INFO - Setting next_dagrun for example_xcom to 2021-01-01 00:00:00+00:00, run_after=2021-01-01 00:00:00+00:00
[2025-06-20T21:52:38.878+0000] {processor.py:208} INFO - Processing /home/airflow/.local/lib/python3.12/site-packages/airflow/example_dags/example_xcom.py took 0.081 seconds
[2025-06-20T21:53:09.753+0000] {processor.py:186} INFO - Started process (PID=3367) to work on /home/airflow/.local/lib/python3.12/site-packages/airflow/example_dags/example_xcom.py
[2025-06-20T21:53:09.754+0000] {processor.py:914} INFO - Processing file /home/airflow/.local/lib/python3.12/site-packages/airflow/example_dags/example_xcom.py for tasks to queue
[2025-06-20T21:53:09.757+0000] {logging_mixin.py:190} INFO - [2025-06-20T21:53:09.756+0000] {dagbag.py:588} INFO - Filling up the DagBag from /home/airflow/.local/lib/python3.12/site-packages/airflow/example_dags/example_xcom.py
[2025-06-20T21:53:09.765+0000] {processor.py:925} INFO - DAG(s) 'example_xcom' retrieved from /home/airflow/.local/lib/python3.12/site-packages/airflow/example_dags/example_xcom.py
[2025-06-20T21:53:09.785+0000] {logging_mixin.py:190} INFO - [2025-06-20T21:53:09.785+0000] {dag.py:3239} INFO - Sync 1 DAGs
[2025-06-20T21:53:09.808+0000] {logging_mixin.py:190} INFO - [2025-06-20T21:53:09.807+0000] {dag.py:4180} INFO - Setting next_dagrun for example_xcom to 2021-01-01 00:00:00+00:00, run_after=2021-01-01 00:00:00+00:00
[2025-06-20T21:53:09.838+0000] {processor.py:208} INFO - Processing /home/airflow/.local/lib/python3.12/site-packages/airflow/example_dags/example_xcom.py took 0.090 seconds
[2025-06-20T21:53:40.749+0000] {processor.py:186} INFO - Started process (PID=3430) to work on /home/airflow/.local/lib/python3.12/site-packages/airflow/example_dags/example_xcom.py
[2025-06-20T21:53:40.751+0000] {processor.py:914} INFO - Processing file /home/airflow/.local/lib/python3.12/site-packages/airflow/example_dags/example_xcom.py for tasks to queue
[2025-06-20T21:53:40.754+0000] {logging_mixin.py:190} INFO - [2025-06-20T21:53:40.753+0000] {dagbag.py:588} INFO - Filling up the DagBag from /home/airflow/.local/lib/python3.12/site-packages/airflow/example_dags/example_xcom.py
[2025-06-20T21:53:40.761+0000] {processor.py:925} INFO - DAG(s) 'example_xcom' retrieved from /home/airflow/.local/lib/python3.12/site-packages/airflow/example_dags/example_xcom.py
[2025-06-20T21:53:40.782+0000] {logging_mixin.py:190} INFO - [2025-06-20T21:53:40.782+0000] {dag.py:3239} INFO - Sync 1 DAGs
[2025-06-20T21:53:40.804+0000] {logging_mixin.py:190} INFO - [2025-06-20T21:53:40.804+0000] {dag.py:4180} INFO - Setting next_dagrun for example_xcom to 2021-01-01 00:00:00+00:00, run_after=2021-01-01 00:00:00+00:00
[2025-06-20T21:53:40.837+0000] {processor.py:208} INFO - Processing /home/airflow/.local/lib/python3.12/site-packages/airflow/example_dags/example_xcom.py took 0.093 seconds
[2025-06-20T21:55:42.628+0000] {processor.py:186} INFO - Started process (PID=73) to work on /home/airflow/.local/lib/python3.12/site-packages/airflow/example_dags/example_xcom.py
[2025-06-20T21:55:42.629+0000] {processor.py:914} INFO - Processing file /home/airflow/.local/lib/python3.12/site-packages/airflow/example_dags/example_xcom.py for tasks to queue
[2025-06-20T21:55:42.633+0000] {logging_mixin.py:190} INFO - [2025-06-20T21:55:42.632+0000] {dagbag.py:588} INFO - Filling up the DagBag from /home/airflow/.local/lib/python3.12/site-packages/airflow/example_dags/example_xcom.py
[2025-06-20T21:55:42.648+0000] {processor.py:925} INFO - DAG(s) 'example_xcom' retrieved from /home/airflow/.local/lib/python3.12/site-packages/airflow/example_dags/example_xcom.py
[2025-06-20T21:55:42.827+0000] {logging_mixin.py:190} INFO - [2025-06-20T21:55:42.826+0000] {override.py:1911} INFO - Created Permission View: can delete on DAG:example_xcom
[2025-06-20T21:55:42.847+0000] {logging_mixin.py:190} INFO - [2025-06-20T21:55:42.847+0000] {override.py:1911} INFO - Created Permission View: can edit on DAG:example_xcom
[2025-06-20T21:55:42.870+0000] {logging_mixin.py:190} INFO - [2025-06-20T21:55:42.869+0000] {override.py:1911} INFO - Created Permission View: can read on DAG:example_xcom
[2025-06-20T21:55:42.912+0000] {logging_mixin.py:190} INFO - [2025-06-20T21:55:42.912+0000] {override.py:1911} INFO - Created Permission View: can delete on DAG Run:example_xcom
[2025-06-20T21:55:42.934+0000] {logging_mixin.py:190} INFO - [2025-06-20T21:55:42.933+0000] {override.py:1911} INFO - Created Permission View: menu access on DAG Run:example_xcom
[2025-06-20T21:55:42.955+0000] {logging_mixin.py:190} INFO - [2025-06-20T21:55:42.955+0000] {override.py:1911} INFO - Created Permission View: can create on DAG Run:example_xcom
[2025-06-20T21:55:42.977+0000] {logging_mixin.py:190} INFO - [2025-06-20T21:55:42.976+0000] {override.py:1911} INFO - Created Permission View: can read on DAG Run:example_xcom
[2025-06-20T21:55:42.978+0000] {logging_mixin.py:190} INFO - [2025-06-20T21:55:42.978+0000] {dag.py:3239} INFO - Sync 1 DAGs
[2025-06-20T21:55:42.993+0000] {logging_mixin.py:190} INFO - [2025-06-20T21:55:42.993+0000] {dag.py:3262} INFO - Creating ORM DAG for example_xcom
[2025-06-20T21:55:43.007+0000] {logging_mixin.py:190} INFO - [2025-06-20T21:55:43.006+0000] {dag.py:4180} INFO - Setting next_dagrun for example_xcom to 2021-01-01 00:00:00+00:00, run_after=2021-01-01 00:00:00+00:00
[2025-06-20T21:55:43.040+0000] {processor.py:208} INFO - Processing /home/airflow/.local/lib/python3.12/site-packages/airflow/example_dags/example_xcom.py took 0.420 seconds
[2025-06-20T21:56:13.334+0000] {processor.py:186} INFO - Started process (PID=136) to work on /home/airflow/.local/lib/python3.12/site-packages/airflow/example_dags/example_xcom.py
[2025-06-20T21:56:13.335+0000] {processor.py:914} INFO - Processing file /home/airflow/.local/lib/python3.12/site-packages/airflow/example_dags/example_xcom.py for tasks to queue
[2025-06-20T21:56:13.338+0000] {logging_mixin.py:190} INFO - [2025-06-20T21:56:13.337+0000] {dagbag.py:588} INFO - Filling up the DagBag from /home/airflow/.local/lib/python3.12/site-packages/airflow/example_dags/example_xcom.py
[2025-06-20T21:56:13.346+0000] {processor.py:925} INFO - DAG(s) 'example_xcom' retrieved from /home/airflow/.local/lib/python3.12/site-packages/airflow/example_dags/example_xcom.py
[2025-06-20T21:56:13.366+0000] {logging_mixin.py:190} INFO - [2025-06-20T21:56:13.366+0000] {dag.py:3239} INFO - Sync 1 DAGs
[2025-06-20T21:56:13.387+0000] {logging_mixin.py:190} INFO - [2025-06-20T21:56:13.387+0000] {dag.py:4180} INFO - Setting next_dagrun for example_xcom to 2021-01-01 00:00:00+00:00, run_after=2021-01-01 00:00:00+00:00
[2025-06-20T21:56:13.587+0000] {processor.py:208} INFO - Processing /home/airflow/.local/lib/python3.12/site-packages/airflow/example_dags/example_xcom.py took 0.257 seconds
[2025-06-20T21:56:44.410+0000] {processor.py:186} INFO - Started process (PID=200) to work on /home/airflow/.local/lib/python3.12/site-packages/airflow/example_dags/example_xcom.py
[2025-06-20T21:56:44.411+0000] {processor.py:914} INFO - Processing file /home/airflow/.local/lib/python3.12/site-packages/airflow/example_dags/example_xcom.py for tasks to queue
[2025-06-20T21:56:44.413+0000] {logging_mixin.py:190} INFO - [2025-06-20T21:56:44.413+0000] {dagbag.py:588} INFO - Filling up the DagBag from /home/airflow/.local/lib/python3.12/site-packages/airflow/example_dags/example_xcom.py
[2025-06-20T21:56:44.421+0000] {processor.py:925} INFO - DAG(s) 'example_xcom' retrieved from /home/airflow/.local/lib/python3.12/site-packages/airflow/example_dags/example_xcom.py
[2025-06-20T21:56:44.444+0000] {logging_mixin.py:190} INFO - [2025-06-20T21:56:44.443+0000] {dag.py:3239} INFO - Sync 1 DAGs
[2025-06-20T21:56:44.468+0000] {logging_mixin.py:190} INFO - [2025-06-20T21:56:44.467+0000] {dag.py:4180} INFO - Setting next_dagrun for example_xcom to 2021-01-01 00:00:00+00:00, run_after=2021-01-01 00:00:00+00:00
[2025-06-20T21:56:44.497+0000] {processor.py:208} INFO - Processing /home/airflow/.local/lib/python3.12/site-packages/airflow/example_dags/example_xcom.py took 0.091 seconds
[2025-06-20T21:57:14.879+0000] {processor.py:186} INFO - Started process (PID=264) to work on /home/airflow/.local/lib/python3.12/site-packages/airflow/example_dags/example_xcom.py
[2025-06-20T21:57:14.880+0000] {processor.py:914} INFO - Processing file /home/airflow/.local/lib/python3.12/site-packages/airflow/example_dags/example_xcom.py for tasks to queue
[2025-06-20T21:57:14.882+0000] {logging_mixin.py:190} INFO - [2025-06-20T21:57:14.881+0000] {dagbag.py:588} INFO - Filling up the DagBag from /home/airflow/.local/lib/python3.12/site-packages/airflow/example_dags/example_xcom.py
[2025-06-20T21:57:14.889+0000] {processor.py:925} INFO - DAG(s) 'example_xcom' retrieved from /home/airflow/.local/lib/python3.12/site-packages/airflow/example_dags/example_xcom.py
[2025-06-20T21:57:14.910+0000] {logging_mixin.py:190} INFO - [2025-06-20T21:57:14.910+0000] {dag.py:3239} INFO - Sync 1 DAGs
[2025-06-20T21:57:14.931+0000] {logging_mixin.py:190} INFO - [2025-06-20T21:57:14.930+0000] {dag.py:4180} INFO - Setting next_dagrun for example_xcom to 2021-01-01 00:00:00+00:00, run_after=2021-01-01 00:00:00+00:00
[2025-06-20T21:57:14.954+0000] {processor.py:208} INFO - Processing /home/airflow/.local/lib/python3.12/site-packages/airflow/example_dags/example_xcom.py took 0.081 seconds
[2025-06-20T21:57:45.087+0000] {processor.py:186} INFO - Started process (PID=328) to work on /home/airflow/.local/lib/python3.12/site-packages/airflow/example_dags/example_xcom.py
[2025-06-20T21:57:45.088+0000] {processor.py:914} INFO - Processing file /home/airflow/.local/lib/python3.12/site-packages/airflow/example_dags/example_xcom.py for tasks to queue
[2025-06-20T21:57:45.090+0000] {logging_mixin.py:190} INFO - [2025-06-20T21:57:45.090+0000] {dagbag.py:588} INFO - Filling up the DagBag from /home/airflow/.local/lib/python3.12/site-packages/airflow/example_dags/example_xcom.py
[2025-06-20T21:57:45.098+0000] {processor.py:925} INFO - DAG(s) 'example_xcom' retrieved from /home/airflow/.local/lib/python3.12/site-packages/airflow/example_dags/example_xcom.py
[2025-06-20T21:57:45.119+0000] {logging_mixin.py:190} INFO - [2025-06-20T21:57:45.118+0000] {dag.py:3239} INFO - Sync 1 DAGs
[2025-06-20T21:57:45.141+0000] {logging_mixin.py:190} INFO - [2025-06-20T21:57:45.141+0000] {dag.py:4180} INFO - Setting next_dagrun for example_xcom to 2021-01-01 00:00:00+00:00, run_after=2021-01-01 00:00:00+00:00
[2025-06-20T21:57:45.165+0000] {processor.py:208} INFO - Processing /home/airflow/.local/lib/python3.12/site-packages/airflow/example_dags/example_xcom.py took 0.084 seconds
[2025-06-20T21:58:15.810+0000] {processor.py:186} INFO - Started process (PID=399) to work on /home/airflow/.local/lib/python3.12/site-packages/airflow/example_dags/example_xcom.py
[2025-06-20T21:58:15.811+0000] {processor.py:914} INFO - Processing file /home/airflow/.local/lib/python3.12/site-packages/airflow/example_dags/example_xcom.py for tasks to queue
[2025-06-20T21:58:15.813+0000] {logging_mixin.py:190} INFO - [2025-06-20T21:58:15.813+0000] {dagbag.py:588} INFO - Filling up the DagBag from /home/airflow/.local/lib/python3.12/site-packages/airflow/example_dags/example_xcom.py
[2025-06-20T21:58:15.821+0000] {processor.py:925} INFO - DAG(s) 'example_xcom' retrieved from /home/airflow/.local/lib/python3.12/site-packages/airflow/example_dags/example_xcom.py
[2025-06-20T21:58:15.841+0000] {logging_mixin.py:190} INFO - [2025-06-20T21:58:15.840+0000] {dag.py:3239} INFO - Sync 1 DAGs
[2025-06-20T21:58:15.862+0000] {logging_mixin.py:190} INFO - [2025-06-20T21:58:15.861+0000] {dag.py:4180} INFO - Setting next_dagrun for example_xcom to 2021-01-01 00:00:00+00:00, run_after=2021-01-01 00:00:00+00:00
[2025-06-20T21:58:15.885+0000] {processor.py:208} INFO - Processing /home/airflow/.local/lib/python3.12/site-packages/airflow/example_dags/example_xcom.py took 0.080 seconds
[2025-06-20T21:58:46.035+0000] {processor.py:186} INFO - Started process (PID=464) to work on /home/airflow/.local/lib/python3.12/site-packages/airflow/example_dags/example_xcom.py
[2025-06-20T21:58:46.036+0000] {processor.py:914} INFO - Processing file /home/airflow/.local/lib/python3.12/site-packages/airflow/example_dags/example_xcom.py for tasks to queue
[2025-06-20T21:58:46.039+0000] {logging_mixin.py:190} INFO - [2025-06-20T21:58:46.038+0000] {dagbag.py:588} INFO - Filling up the DagBag from /home/airflow/.local/lib/python3.12/site-packages/airflow/example_dags/example_xcom.py
[2025-06-20T21:58:46.047+0000] {processor.py:925} INFO - DAG(s) 'example_xcom' retrieved from /home/airflow/.local/lib/python3.12/site-packages/airflow/example_dags/example_xcom.py
[2025-06-20T21:58:46.066+0000] {logging_mixin.py:190} INFO - [2025-06-20T21:58:46.066+0000] {dag.py:3239} INFO - Sync 1 DAGs
[2025-06-20T21:58:46.088+0000] {logging_mixin.py:190} INFO - [2025-06-20T21:58:46.087+0000] {dag.py:4180} INFO - Setting next_dagrun for example_xcom to 2021-01-01 00:00:00+00:00, run_after=2021-01-01 00:00:00+00:00
[2025-06-20T21:58:46.110+0000] {processor.py:208} INFO - Processing /home/airflow/.local/lib/python3.12/site-packages/airflow/example_dags/example_xcom.py took 0.079 seconds
[2025-06-20T21:59:16.705+0000] {processor.py:186} INFO - Started process (PID=528) to work on /home/airflow/.local/lib/python3.12/site-packages/airflow/example_dags/example_xcom.py
[2025-06-20T21:59:16.706+0000] {processor.py:914} INFO - Processing file /home/airflow/.local/lib/python3.12/site-packages/airflow/example_dags/example_xcom.py for tasks to queue
[2025-06-20T21:59:16.709+0000] {logging_mixin.py:190} INFO - [2025-06-20T21:59:16.708+0000] {dagbag.py:588} INFO - Filling up the DagBag from /home/airflow/.local/lib/python3.12/site-packages/airflow/example_dags/example_xcom.py
[2025-06-20T21:59:16.717+0000] {processor.py:925} INFO - DAG(s) 'example_xcom' retrieved from /home/airflow/.local/lib/python3.12/site-packages/airflow/example_dags/example_xcom.py
[2025-06-20T21:59:16.741+0000] {logging_mixin.py:190} INFO - [2025-06-20T21:59:16.741+0000] {dag.py:3239} INFO - Sync 1 DAGs
[2025-06-20T21:59:16.763+0000] {logging_mixin.py:190} INFO - [2025-06-20T21:59:16.762+0000] {dag.py:4180} INFO - Setting next_dagrun for example_xcom to 2021-01-01 00:00:00+00:00, run_after=2021-01-01 00:00:00+00:00
[2025-06-20T21:59:16.789+0000] {processor.py:208} INFO - Processing /home/airflow/.local/lib/python3.12/site-packages/airflow/example_dags/example_xcom.py took 0.089 seconds
[2025-06-20T21:59:47.111+0000] {processor.py:186} INFO - Started process (PID=592) to work on /home/airflow/.local/lib/python3.12/site-packages/airflow/example_dags/example_xcom.py
[2025-06-20T21:59:47.112+0000] {processor.py:914} INFO - Processing file /home/airflow/.local/lib/python3.12/site-packages/airflow/example_dags/example_xcom.py for tasks to queue
[2025-06-20T21:59:47.114+0000] {logging_mixin.py:190} INFO - [2025-06-20T21:59:47.113+0000] {dagbag.py:588} INFO - Filling up the DagBag from /home/airflow/.local/lib/python3.12/site-packages/airflow/example_dags/example_xcom.py
[2025-06-20T21:59:47.122+0000] {processor.py:925} INFO - DAG(s) 'example_xcom' retrieved from /home/airflow/.local/lib/python3.12/site-packages/airflow/example_dags/example_xcom.py
[2025-06-20T21:59:47.143+0000] {logging_mixin.py:190} INFO - [2025-06-20T21:59:47.143+0000] {dag.py:3239} INFO - Sync 1 DAGs
[2025-06-20T21:59:47.166+0000] {logging_mixin.py:190} INFO - [2025-06-20T21:59:47.166+0000] {dag.py:4180} INFO - Setting next_dagrun for example_xcom to 2021-01-01 00:00:00+00:00, run_after=2021-01-01 00:00:00+00:00
[2025-06-20T21:59:47.194+0000] {processor.py:208} INFO - Processing /home/airflow/.local/lib/python3.12/site-packages/airflow/example_dags/example_xcom.py took 0.088 seconds
[2025-06-20T22:00:17.616+0000] {processor.py:186} INFO - Started process (PID=656) to work on /home/airflow/.local/lib/python3.12/site-packages/airflow/example_dags/example_xcom.py
[2025-06-20T22:00:17.617+0000] {processor.py:914} INFO - Processing file /home/airflow/.local/lib/python3.12/site-packages/airflow/example_dags/example_xcom.py for tasks to queue
[2025-06-20T22:00:17.621+0000] {logging_mixin.py:190} INFO - [2025-06-20T22:00:17.620+0000] {dagbag.py:588} INFO - Filling up the DagBag from /home/airflow/.local/lib/python3.12/site-packages/airflow/example_dags/example_xcom.py
[2025-06-20T22:00:17.630+0000] {processor.py:925} INFO - DAG(s) 'example_xcom' retrieved from /home/airflow/.local/lib/python3.12/site-packages/airflow/example_dags/example_xcom.py
[2025-06-20T22:00:17.650+0000] {logging_mixin.py:190} INFO - [2025-06-20T22:00:17.649+0000] {dag.py:3239} INFO - Sync 1 DAGs
[2025-06-20T22:00:17.673+0000] {logging_mixin.py:190} INFO - [2025-06-20T22:00:17.672+0000] {dag.py:4180} INFO - Setting next_dagrun for example_xcom to 2021-01-01 00:00:00+00:00, run_after=2021-01-01 00:00:00+00:00
[2025-06-20T22:00:17.698+0000] {processor.py:208} INFO - Processing /home/airflow/.local/lib/python3.12/site-packages/airflow/example_dags/example_xcom.py took 0.087 seconds
[2025-06-20T22:00:47.856+0000] {processor.py:186} INFO - Started process (PID=720) to work on /home/airflow/.local/lib/python3.12/site-packages/airflow/example_dags/example_xcom.py
[2025-06-20T22:00:47.857+0000] {processor.py:914} INFO - Processing file /home/airflow/.local/lib/python3.12/site-packages/airflow/example_dags/example_xcom.py for tasks to queue
[2025-06-20T22:00:47.860+0000] {logging_mixin.py:190} INFO - [2025-06-20T22:00:47.860+0000] {dagbag.py:588} INFO - Filling up the DagBag from /home/airflow/.local/lib/python3.12/site-packages/airflow/example_dags/example_xcom.py
[2025-06-20T22:00:47.868+0000] {processor.py:925} INFO - DAG(s) 'example_xcom' retrieved from /home/airflow/.local/lib/python3.12/site-packages/airflow/example_dags/example_xcom.py
[2025-06-20T22:00:47.888+0000] {logging_mixin.py:190} INFO - [2025-06-20T22:00:47.888+0000] {dag.py:3239} INFO - Sync 1 DAGs
[2025-06-20T22:00:47.910+0000] {logging_mixin.py:190} INFO - [2025-06-20T22:00:47.910+0000] {dag.py:4180} INFO - Setting next_dagrun for example_xcom to 2021-01-01 00:00:00+00:00, run_after=2021-01-01 00:00:00+00:00
[2025-06-20T22:00:47.942+0000] {processor.py:208} INFO - Processing /home/airflow/.local/lib/python3.12/site-packages/airflow/example_dags/example_xcom.py took 0.091 seconds
[2025-06-20T22:01:18.272+0000] {processor.py:186} INFO - Started process (PID=784) to work on /home/airflow/.local/lib/python3.12/site-packages/airflow/example_dags/example_xcom.py
[2025-06-20T22:01:18.273+0000] {processor.py:914} INFO - Processing file /home/airflow/.local/lib/python3.12/site-packages/airflow/example_dags/example_xcom.py for tasks to queue
[2025-06-20T22:01:18.276+0000] {logging_mixin.py:190} INFO - [2025-06-20T22:01:18.276+0000] {dagbag.py:588} INFO - Filling up the DagBag from /home/airflow/.local/lib/python3.12/site-packages/airflow/example_dags/example_xcom.py
[2025-06-20T22:01:18.286+0000] {processor.py:925} INFO - DAG(s) 'example_xcom' retrieved from /home/airflow/.local/lib/python3.12/site-packages/airflow/example_dags/example_xcom.py
[2025-06-20T22:01:18.309+0000] {logging_mixin.py:190} INFO - [2025-06-20T22:01:18.308+0000] {dag.py:3239} INFO - Sync 1 DAGs
[2025-06-20T22:01:18.336+0000] {logging_mixin.py:190} INFO - [2025-06-20T22:01:18.335+0000] {dag.py:4180} INFO - Setting next_dagrun for example_xcom to 2021-01-01 00:00:00+00:00, run_after=2021-01-01 00:00:00+00:00
[2025-06-20T22:01:18.381+0000] {processor.py:208} INFO - Processing /home/airflow/.local/lib/python3.12/site-packages/airflow/example_dags/example_xcom.py took 0.116 seconds
[2025-06-20T22:01:48.693+0000] {processor.py:186} INFO - Started process (PID=848) to work on /home/airflow/.local/lib/python3.12/site-packages/airflow/example_dags/example_xcom.py
[2025-06-20T22:01:48.694+0000] {processor.py:914} INFO - Processing file /home/airflow/.local/lib/python3.12/site-packages/airflow/example_dags/example_xcom.py for tasks to queue
[2025-06-20T22:01:48.696+0000] {logging_mixin.py:190} INFO - [2025-06-20T22:01:48.696+0000] {dagbag.py:588} INFO - Filling up the DagBag from /home/airflow/.local/lib/python3.12/site-packages/airflow/example_dags/example_xcom.py
[2025-06-20T22:01:48.705+0000] {processor.py:925} INFO - DAG(s) 'example_xcom' retrieved from /home/airflow/.local/lib/python3.12/site-packages/airflow/example_dags/example_xcom.py
[2025-06-20T22:01:48.728+0000] {logging_mixin.py:190} INFO - [2025-06-20T22:01:48.728+0000] {dag.py:3239} INFO - Sync 1 DAGs
[2025-06-20T22:01:48.751+0000] {logging_mixin.py:190} INFO - [2025-06-20T22:01:48.751+0000] {dag.py:4180} INFO - Setting next_dagrun for example_xcom to 2021-01-01 00:00:00+00:00, run_after=2021-01-01 00:00:00+00:00
[2025-06-20T22:01:48.778+0000] {processor.py:208} INFO - Processing /home/airflow/.local/lib/python3.12/site-packages/airflow/example_dags/example_xcom.py took 0.090 seconds
[2025-06-20T22:02:19.394+0000] {processor.py:186} INFO - Started process (PID=912) to work on /home/airflow/.local/lib/python3.12/site-packages/airflow/example_dags/example_xcom.py
[2025-06-20T22:02:19.395+0000] {processor.py:914} INFO - Processing file /home/airflow/.local/lib/python3.12/site-packages/airflow/example_dags/example_xcom.py for tasks to queue
[2025-06-20T22:02:19.397+0000] {logging_mixin.py:190} INFO - [2025-06-20T22:02:19.397+0000] {dagbag.py:588} INFO - Filling up the DagBag from /home/airflow/.local/lib/python3.12/site-packages/airflow/example_dags/example_xcom.py
[2025-06-20T22:02:19.405+0000] {processor.py:925} INFO - DAG(s) 'example_xcom' retrieved from /home/airflow/.local/lib/python3.12/site-packages/airflow/example_dags/example_xcom.py
[2025-06-20T22:02:19.426+0000] {logging_mixin.py:190} INFO - [2025-06-20T22:02:19.425+0000] {dag.py:3239} INFO - Sync 1 DAGs
[2025-06-20T22:02:19.449+0000] {logging_mixin.py:190} INFO - [2025-06-20T22:02:19.449+0000] {dag.py:4180} INFO - Setting next_dagrun for example_xcom to 2021-01-01 00:00:00+00:00, run_after=2021-01-01 00:00:00+00:00
[2025-06-20T22:02:19.479+0000] {processor.py:208} INFO - Processing /home/airflow/.local/lib/python3.12/site-packages/airflow/example_dags/example_xcom.py took 0.090 seconds
[2025-06-20T22:02:49.577+0000] {processor.py:186} INFO - Started process (PID=976) to work on /home/airflow/.local/lib/python3.12/site-packages/airflow/example_dags/example_xcom.py
[2025-06-20T22:02:49.579+0000] {processor.py:914} INFO - Processing file /home/airflow/.local/lib/python3.12/site-packages/airflow/example_dags/example_xcom.py for tasks to queue
[2025-06-20T22:02:49.581+0000] {logging_mixin.py:190} INFO - [2025-06-20T22:02:49.581+0000] {dagbag.py:588} INFO - Filling up the DagBag from /home/airflow/.local/lib/python3.12/site-packages/airflow/example_dags/example_xcom.py
[2025-06-20T22:02:49.589+0000] {processor.py:925} INFO - DAG(s) 'example_xcom' retrieved from /home/airflow/.local/lib/python3.12/site-packages/airflow/example_dags/example_xcom.py
[2025-06-20T22:02:49.610+0000] {logging_mixin.py:190} INFO - [2025-06-20T22:02:49.610+0000] {dag.py:3239} INFO - Sync 1 DAGs
[2025-06-20T22:02:49.632+0000] {logging_mixin.py:190} INFO - [2025-06-20T22:02:49.631+0000] {dag.py:4180} INFO - Setting next_dagrun for example_xcom to 2021-01-01 00:00:00+00:00, run_after=2021-01-01 00:00:00+00:00
[2025-06-20T22:02:49.667+0000] {processor.py:208} INFO - Processing /home/airflow/.local/lib/python3.12/site-packages/airflow/example_dags/example_xcom.py took 0.096 seconds
[2025-06-20T22:03:20.175+0000] {processor.py:186} INFO - Started process (PID=1040) to work on /home/airflow/.local/lib/python3.12/site-packages/airflow/example_dags/example_xcom.py
[2025-06-20T22:03:20.176+0000] {processor.py:914} INFO - Processing file /home/airflow/.local/lib/python3.12/site-packages/airflow/example_dags/example_xcom.py for tasks to queue
[2025-06-20T22:03:20.179+0000] {logging_mixin.py:190} INFO - [2025-06-20T22:03:20.178+0000] {dagbag.py:588} INFO - Filling up the DagBag from /home/airflow/.local/lib/python3.12/site-packages/airflow/example_dags/example_xcom.py
[2025-06-20T22:03:20.187+0000] {processor.py:925} INFO - DAG(s) 'example_xcom' retrieved from /home/airflow/.local/lib/python3.12/site-packages/airflow/example_dags/example_xcom.py
[2025-06-20T22:03:20.207+0000] {logging_mixin.py:190} INFO - [2025-06-20T22:03:20.207+0000] {dag.py:3239} INFO - Sync 1 DAGs
[2025-06-20T22:03:20.230+0000] {logging_mixin.py:190} INFO - [2025-06-20T22:03:20.230+0000] {dag.py:4180} INFO - Setting next_dagrun for example_xcom to 2021-01-01 00:00:00+00:00, run_after=2021-01-01 00:00:00+00:00
[2025-06-20T22:03:20.265+0000] {processor.py:208} INFO - Processing /home/airflow/.local/lib/python3.12/site-packages/airflow/example_dags/example_xcom.py took 0.094 seconds
