[2025-06-20T21:26:25.444+0000] {processor.py:186} INFO - Started process (PID=97) to work on /home/airflow/.local/lib/python3.12/site-packages/airflow/example_dags/example_python_decorator.py
[2025-06-20T21:26:25.445+0000] {processor.py:914} INFO - Processing file /home/airflow/.local/lib/python3.12/site-packages/airflow/example_dags/example_python_decorator.py for tasks to queue
[2025-06-20T21:26:25.447+0000] {logging_mixin.py:190} INFO - [2025-06-20T21:26:25.447+0000] {dagbag.py:588} INFO - Filling up the DagBag from /home/airflow/.local/lib/python3.12/site-packages/airflow/example_dags/example_python_decorator.py
[2025-06-20T21:26:25.482+0000] {processor.py:925} INFO - DAG(s) 'example_python_decorator' retrieved from /home/airflow/.local/lib/python3.12/site-packages/airflow/example_dags/example_python_decorator.py
[2025-06-20T21:26:25.821+0000] {logging_mixin.py:190} INFO - [2025-06-20T21:26:25.820+0000] {override.py:1911} INFO - Created Permission View: can delete on DAG:example_python_decorator
[2025-06-20T21:26:25.991+0000] {logging_mixin.py:190} INFO - [2025-06-20T21:26:25.990+0000] {override.py:1911} INFO - Created Permission View: can read on DAG:example_python_decorator
[2025-06-20T21:26:26.097+0000] {logging_mixin.py:190} INFO - [2025-06-20T21:26:26.096+0000] {override.py:1911} INFO - Created Permission View: can edit on DAG:example_python_decorator
[2025-06-20T21:26:26.295+0000] {logging_mixin.py:190} INFO - [2025-06-20T21:26:26.294+0000] {override.py:1911} INFO - Created Permission View: can delete on DAG Run:example_python_decorator
[2025-06-20T21:26:26.433+0000] {logging_mixin.py:190} INFO - [2025-06-20T21:26:26.432+0000] {override.py:1911} INFO - Created Permission View: can create on DAG Run:example_python_decorator
[2025-06-20T21:26:26.571+0000] {logging_mixin.py:190} INFO - [2025-06-20T21:26:26.570+0000] {override.py:1911} INFO - Created Permission View: can read on DAG Run:example_python_decorator
[2025-06-20T21:26:26.683+0000] {logging_mixin.py:190} INFO - [2025-06-20T21:26:26.682+0000] {override.py:1911} INFO - Created Permission View: menu access on DAG Run:example_python_decorator
[2025-06-20T21:26:26.684+0000] {logging_mixin.py:190} INFO - [2025-06-20T21:26:26.684+0000] {dag.py:3239} INFO - Sync 1 DAGs
[2025-06-20T21:26:26.701+0000] {logging_mixin.py:190} INFO - [2025-06-20T21:26:26.701+0000] {dag.py:3262} INFO - Creating ORM DAG for example_python_decorator
[2025-06-20T21:26:26.703+0000] {logging_mixin.py:190} INFO - [2025-06-20T21:26:26.702+0000] {dag.py:4180} INFO - Setting next_dagrun for example_python_decorator to None, run_after=None
[2025-06-20T21:26:26.767+0000] {processor.py:208} INFO - Processing /home/airflow/.local/lib/python3.12/site-packages/airflow/example_dags/example_python_decorator.py took 1.328 seconds
[2025-06-20T21:26:57.131+0000] {processor.py:186} INFO - Started process (PID=160) to work on /home/airflow/.local/lib/python3.12/site-packages/airflow/example_dags/example_python_decorator.py
[2025-06-20T21:26:57.132+0000] {processor.py:914} INFO - Processing file /home/airflow/.local/lib/python3.12/site-packages/airflow/example_dags/example_python_decorator.py for tasks to queue
[2025-06-20T21:26:57.134+0000] {logging_mixin.py:190} INFO - [2025-06-20T21:26:57.134+0000] {dagbag.py:588} INFO - Filling up the DagBag from /home/airflow/.local/lib/python3.12/site-packages/airflow/example_dags/example_python_decorator.py
[2025-06-20T21:26:57.147+0000] {processor.py:925} INFO - DAG(s) 'example_python_decorator' retrieved from /home/airflow/.local/lib/python3.12/site-packages/airflow/example_dags/example_python_decorator.py
[2025-06-20T21:26:57.168+0000] {logging_mixin.py:190} INFO - [2025-06-20T21:26:57.168+0000] {dag.py:3239} INFO - Sync 1 DAGs
[2025-06-20T21:26:57.181+0000] {logging_mixin.py:190} INFO - [2025-06-20T21:26:57.181+0000] {dag.py:4180} INFO - Setting next_dagrun for example_python_decorator to None, run_after=None
[2025-06-20T21:26:57.269+0000] {processor.py:208} INFO - Processing /home/airflow/.local/lib/python3.12/site-packages/airflow/example_dags/example_python_decorator.py took 0.143 seconds
[2025-06-20T21:27:28.068+0000] {processor.py:186} INFO - Started process (PID=224) to work on /home/airflow/.local/lib/python3.12/site-packages/airflow/example_dags/example_python_decorator.py
[2025-06-20T21:27:28.069+0000] {processor.py:914} INFO - Processing file /home/airflow/.local/lib/python3.12/site-packages/airflow/example_dags/example_python_decorator.py for tasks to queue
[2025-06-20T21:27:28.072+0000] {logging_mixin.py:190} INFO - [2025-06-20T21:27:28.071+0000] {dagbag.py:588} INFO - Filling up the DagBag from /home/airflow/.local/lib/python3.12/site-packages/airflow/example_dags/example_python_decorator.py
[2025-06-20T21:27:28.084+0000] {processor.py:925} INFO - DAG(s) 'example_python_decorator' retrieved from /home/airflow/.local/lib/python3.12/site-packages/airflow/example_dags/example_python_decorator.py
[2025-06-20T21:27:28.105+0000] {logging_mixin.py:190} INFO - [2025-06-20T21:27:28.105+0000] {dag.py:3239} INFO - Sync 1 DAGs
[2025-06-20T21:27:28.119+0000] {logging_mixin.py:190} INFO - [2025-06-20T21:27:28.119+0000] {dag.py:4180} INFO - Setting next_dagrun for example_python_decorator to None, run_after=None
[2025-06-20T21:27:28.149+0000] {processor.py:208} INFO - Processing /home/airflow/.local/lib/python3.12/site-packages/airflow/example_dags/example_python_decorator.py took 0.086 seconds
[2025-06-20T21:27:59.016+0000] {processor.py:186} INFO - Started process (PID=288) to work on /home/airflow/.local/lib/python3.12/site-packages/airflow/example_dags/example_python_decorator.py
[2025-06-20T21:27:59.018+0000] {processor.py:914} INFO - Processing file /home/airflow/.local/lib/python3.12/site-packages/airflow/example_dags/example_python_decorator.py for tasks to queue
[2025-06-20T21:27:59.020+0000] {logging_mixin.py:190} INFO - [2025-06-20T21:27:59.020+0000] {dagbag.py:588} INFO - Filling up the DagBag from /home/airflow/.local/lib/python3.12/site-packages/airflow/example_dags/example_python_decorator.py
[2025-06-20T21:27:59.033+0000] {processor.py:925} INFO - DAG(s) 'example_python_decorator' retrieved from /home/airflow/.local/lib/python3.12/site-packages/airflow/example_dags/example_python_decorator.py
[2025-06-20T21:27:59.056+0000] {logging_mixin.py:190} INFO - [2025-06-20T21:27:59.056+0000] {dag.py:3239} INFO - Sync 1 DAGs
[2025-06-20T21:27:59.070+0000] {logging_mixin.py:190} INFO - [2025-06-20T21:27:59.069+0000] {dag.py:4180} INFO - Setting next_dagrun for example_python_decorator to None, run_after=None
[2025-06-20T21:27:59.096+0000] {processor.py:208} INFO - Processing /home/airflow/.local/lib/python3.12/site-packages/airflow/example_dags/example_python_decorator.py took 0.085 seconds
[2025-06-20T21:28:29.869+0000] {processor.py:186} INFO - Started process (PID=352) to work on /home/airflow/.local/lib/python3.12/site-packages/airflow/example_dags/example_python_decorator.py
[2025-06-20T21:28:29.870+0000] {processor.py:914} INFO - Processing file /home/airflow/.local/lib/python3.12/site-packages/airflow/example_dags/example_python_decorator.py for tasks to queue
[2025-06-20T21:28:29.872+0000] {logging_mixin.py:190} INFO - [2025-06-20T21:28:29.872+0000] {dagbag.py:588} INFO - Filling up the DagBag from /home/airflow/.local/lib/python3.12/site-packages/airflow/example_dags/example_python_decorator.py
[2025-06-20T21:28:29.892+0000] {processor.py:925} INFO - DAG(s) 'example_python_decorator' retrieved from /home/airflow/.local/lib/python3.12/site-packages/airflow/example_dags/example_python_decorator.py
[2025-06-20T21:28:29.924+0000] {logging_mixin.py:190} INFO - [2025-06-20T21:28:29.923+0000] {dag.py:3239} INFO - Sync 1 DAGs
[2025-06-20T21:28:29.941+0000] {logging_mixin.py:190} INFO - [2025-06-20T21:28:29.940+0000] {dag.py:4180} INFO - Setting next_dagrun for example_python_decorator to None, run_after=None
[2025-06-20T21:28:29.980+0000] {processor.py:208} INFO - Processing /home/airflow/.local/lib/python3.12/site-packages/airflow/example_dags/example_python_decorator.py took 0.117 seconds
[2025-06-20T21:29:00.595+0000] {processor.py:186} INFO - Started process (PID=416) to work on /home/airflow/.local/lib/python3.12/site-packages/airflow/example_dags/example_python_decorator.py
[2025-06-20T21:29:00.597+0000] {processor.py:914} INFO - Processing file /home/airflow/.local/lib/python3.12/site-packages/airflow/example_dags/example_python_decorator.py for tasks to queue
[2025-06-20T21:29:00.599+0000] {logging_mixin.py:190} INFO - [2025-06-20T21:29:00.599+0000] {dagbag.py:588} INFO - Filling up the DagBag from /home/airflow/.local/lib/python3.12/site-packages/airflow/example_dags/example_python_decorator.py
[2025-06-20T21:29:00.613+0000] {processor.py:925} INFO - DAG(s) 'example_python_decorator' retrieved from /home/airflow/.local/lib/python3.12/site-packages/airflow/example_dags/example_python_decorator.py
[2025-06-20T21:29:00.635+0000] {logging_mixin.py:190} INFO - [2025-06-20T21:29:00.635+0000] {dag.py:3239} INFO - Sync 1 DAGs
[2025-06-20T21:29:00.650+0000] {logging_mixin.py:190} INFO - [2025-06-20T21:29:00.650+0000] {dag.py:4180} INFO - Setting next_dagrun for example_python_decorator to None, run_after=None
[2025-06-20T21:29:00.750+0000] {processor.py:208} INFO - Processing /home/airflow/.local/lib/python3.12/site-packages/airflow/example_dags/example_python_decorator.py took 0.160 seconds
[2025-06-20T21:29:32.372+0000] {processor.py:186} INFO - Started process (PID=480) to work on /home/airflow/.local/lib/python3.12/site-packages/airflow/example_dags/example_python_decorator.py
[2025-06-20T21:29:32.373+0000] {processor.py:914} INFO - Processing file /home/airflow/.local/lib/python3.12/site-packages/airflow/example_dags/example_python_decorator.py for tasks to queue
[2025-06-20T21:29:32.376+0000] {logging_mixin.py:190} INFO - [2025-06-20T21:29:32.375+0000] {dagbag.py:588} INFO - Filling up the DagBag from /home/airflow/.local/lib/python3.12/site-packages/airflow/example_dags/example_python_decorator.py
[2025-06-20T21:29:32.390+0000] {processor.py:925} INFO - DAG(s) 'example_python_decorator' retrieved from /home/airflow/.local/lib/python3.12/site-packages/airflow/example_dags/example_python_decorator.py
[2025-06-20T21:29:32.412+0000] {logging_mixin.py:190} INFO - [2025-06-20T21:29:32.412+0000] {dag.py:3239} INFO - Sync 1 DAGs
[2025-06-20T21:29:32.427+0000] {logging_mixin.py:190} INFO - [2025-06-20T21:29:32.426+0000] {dag.py:4180} INFO - Setting next_dagrun for example_python_decorator to None, run_after=None
[2025-06-20T21:29:32.531+0000] {processor.py:208} INFO - Processing /home/airflow/.local/lib/python3.12/site-packages/airflow/example_dags/example_python_decorator.py took 0.165 seconds
[2025-06-20T21:30:03.487+0000] {processor.py:186} INFO - Started process (PID=544) to work on /home/airflow/.local/lib/python3.12/site-packages/airflow/example_dags/example_python_decorator.py
[2025-06-20T21:30:03.489+0000] {processor.py:914} INFO - Processing file /home/airflow/.local/lib/python3.12/site-packages/airflow/example_dags/example_python_decorator.py for tasks to queue
[2025-06-20T21:30:03.493+0000] {logging_mixin.py:190} INFO - [2025-06-20T21:30:03.492+0000] {dagbag.py:588} INFO - Filling up the DagBag from /home/airflow/.local/lib/python3.12/site-packages/airflow/example_dags/example_python_decorator.py
[2025-06-20T21:30:03.507+0000] {processor.py:925} INFO - DAG(s) 'example_python_decorator' retrieved from /home/airflow/.local/lib/python3.12/site-packages/airflow/example_dags/example_python_decorator.py
[2025-06-20T21:30:03.534+0000] {logging_mixin.py:190} INFO - [2025-06-20T21:30:03.534+0000] {dag.py:3239} INFO - Sync 1 DAGs
[2025-06-20T21:30:03.549+0000] {logging_mixin.py:190} INFO - [2025-06-20T21:30:03.549+0000] {dag.py:4180} INFO - Setting next_dagrun for example_python_decorator to None, run_after=None
[2025-06-20T21:30:03.579+0000] {processor.py:208} INFO - Processing /home/airflow/.local/lib/python3.12/site-packages/airflow/example_dags/example_python_decorator.py took 0.096 seconds
[2025-06-20T21:30:34.003+0000] {processor.py:186} INFO - Started process (PID=606) to work on /home/airflow/.local/lib/python3.12/site-packages/airflow/example_dags/example_python_decorator.py
[2025-06-20T21:30:34.004+0000] {processor.py:914} INFO - Processing file /home/airflow/.local/lib/python3.12/site-packages/airflow/example_dags/example_python_decorator.py for tasks to queue
[2025-06-20T21:30:34.007+0000] {logging_mixin.py:190} INFO - [2025-06-20T21:30:34.007+0000] {dagbag.py:588} INFO - Filling up the DagBag from /home/airflow/.local/lib/python3.12/site-packages/airflow/example_dags/example_python_decorator.py
[2025-06-20T21:30:34.028+0000] {processor.py:925} INFO - DAG(s) 'example_python_decorator' retrieved from /home/airflow/.local/lib/python3.12/site-packages/airflow/example_dags/example_python_decorator.py
[2025-06-20T21:30:34.056+0000] {logging_mixin.py:190} INFO - [2025-06-20T21:30:34.055+0000] {dag.py:3239} INFO - Sync 1 DAGs
[2025-06-20T21:30:34.093+0000] {logging_mixin.py:190} INFO - [2025-06-20T21:30:34.093+0000] {dag.py:4180} INFO - Setting next_dagrun for example_python_decorator to None, run_after=None
[2025-06-20T21:30:34.119+0000] {processor.py:208} INFO - Processing /home/airflow/.local/lib/python3.12/site-packages/airflow/example_dags/example_python_decorator.py took 0.123 seconds
[2025-06-20T21:31:05.148+0000] {processor.py:186} INFO - Started process (PID=670) to work on /home/airflow/.local/lib/python3.12/site-packages/airflow/example_dags/example_python_decorator.py
[2025-06-20T21:31:05.150+0000] {processor.py:914} INFO - Processing file /home/airflow/.local/lib/python3.12/site-packages/airflow/example_dags/example_python_decorator.py for tasks to queue
[2025-06-20T21:31:05.152+0000] {logging_mixin.py:190} INFO - [2025-06-20T21:31:05.152+0000] {dagbag.py:588} INFO - Filling up the DagBag from /home/airflow/.local/lib/python3.12/site-packages/airflow/example_dags/example_python_decorator.py
[2025-06-20T21:31:05.167+0000] {processor.py:925} INFO - DAG(s) 'example_python_decorator' retrieved from /home/airflow/.local/lib/python3.12/site-packages/airflow/example_dags/example_python_decorator.py
[2025-06-20T21:31:05.191+0000] {logging_mixin.py:190} INFO - [2025-06-20T21:31:05.191+0000] {dag.py:3239} INFO - Sync 1 DAGs
[2025-06-20T21:31:05.209+0000] {logging_mixin.py:190} INFO - [2025-06-20T21:31:05.209+0000] {dag.py:4180} INFO - Setting next_dagrun for example_python_decorator to None, run_after=None
[2025-06-20T21:31:05.241+0000] {processor.py:208} INFO - Processing /home/airflow/.local/lib/python3.12/site-packages/airflow/example_dags/example_python_decorator.py took 0.097 seconds
[2025-06-20T21:31:35.911+0000] {processor.py:186} INFO - Started process (PID=726) to work on /home/airflow/.local/lib/python3.12/site-packages/airflow/example_dags/example_python_decorator.py
[2025-06-20T21:31:35.913+0000] {processor.py:914} INFO - Processing file /home/airflow/.local/lib/python3.12/site-packages/airflow/example_dags/example_python_decorator.py for tasks to queue
[2025-06-20T21:31:35.916+0000] {logging_mixin.py:190} INFO - [2025-06-20T21:31:35.915+0000] {dagbag.py:588} INFO - Filling up the DagBag from /home/airflow/.local/lib/python3.12/site-packages/airflow/example_dags/example_python_decorator.py
[2025-06-20T21:31:35.928+0000] {processor.py:925} INFO - DAG(s) 'example_python_decorator' retrieved from /home/airflow/.local/lib/python3.12/site-packages/airflow/example_dags/example_python_decorator.py
[2025-06-20T21:31:35.951+0000] {logging_mixin.py:190} INFO - [2025-06-20T21:31:35.951+0000] {dag.py:3239} INFO - Sync 1 DAGs
[2025-06-20T21:31:35.965+0000] {logging_mixin.py:190} INFO - [2025-06-20T21:31:35.965+0000] {dag.py:4180} INFO - Setting next_dagrun for example_python_decorator to None, run_after=None
[2025-06-20T21:31:36.003+0000] {processor.py:208} INFO - Processing /home/airflow/.local/lib/python3.12/site-packages/airflow/example_dags/example_python_decorator.py took 0.096 seconds
[2025-06-20T21:32:07.536+0000] {processor.py:186} INFO - Started process (PID=782) to work on /home/airflow/.local/lib/python3.12/site-packages/airflow/example_dags/example_python_decorator.py
[2025-06-20T21:32:07.537+0000] {processor.py:914} INFO - Processing file /home/airflow/.local/lib/python3.12/site-packages/airflow/example_dags/example_python_decorator.py for tasks to queue
[2025-06-20T21:32:07.540+0000] {logging_mixin.py:190} INFO - [2025-06-20T21:32:07.540+0000] {dagbag.py:588} INFO - Filling up the DagBag from /home/airflow/.local/lib/python3.12/site-packages/airflow/example_dags/example_python_decorator.py
[2025-06-20T21:32:07.554+0000] {processor.py:925} INFO - DAG(s) 'example_python_decorator' retrieved from /home/airflow/.local/lib/python3.12/site-packages/airflow/example_dags/example_python_decorator.py
[2025-06-20T21:32:07.577+0000] {logging_mixin.py:190} INFO - [2025-06-20T21:32:07.576+0000] {dag.py:3239} INFO - Sync 1 DAGs
[2025-06-20T21:32:07.592+0000] {logging_mixin.py:190} INFO - [2025-06-20T21:32:07.592+0000] {dag.py:4180} INFO - Setting next_dagrun for example_python_decorator to None, run_after=None
[2025-06-20T21:32:07.622+0000] {processor.py:208} INFO - Processing /home/airflow/.local/lib/python3.12/site-packages/airflow/example_dags/example_python_decorator.py took 0.092 seconds
[2025-06-20T21:32:38.367+0000] {processor.py:186} INFO - Started process (PID=846) to work on /home/airflow/.local/lib/python3.12/site-packages/airflow/example_dags/example_python_decorator.py
[2025-06-20T21:32:38.368+0000] {processor.py:914} INFO - Processing file /home/airflow/.local/lib/python3.12/site-packages/airflow/example_dags/example_python_decorator.py for tasks to queue
[2025-06-20T21:32:38.370+0000] {logging_mixin.py:190} INFO - [2025-06-20T21:32:38.370+0000] {dagbag.py:588} INFO - Filling up the DagBag from /home/airflow/.local/lib/python3.12/site-packages/airflow/example_dags/example_python_decorator.py
[2025-06-20T21:32:38.383+0000] {processor.py:925} INFO - DAG(s) 'example_python_decorator' retrieved from /home/airflow/.local/lib/python3.12/site-packages/airflow/example_dags/example_python_decorator.py
[2025-06-20T21:32:38.404+0000] {logging_mixin.py:190} INFO - [2025-06-20T21:32:38.403+0000] {dag.py:3239} INFO - Sync 1 DAGs
[2025-06-20T21:32:38.418+0000] {logging_mixin.py:190} INFO - [2025-06-20T21:32:38.418+0000] {dag.py:4180} INFO - Setting next_dagrun for example_python_decorator to None, run_after=None
[2025-06-20T21:32:38.446+0000] {processor.py:208} INFO - Processing /home/airflow/.local/lib/python3.12/site-packages/airflow/example_dags/example_python_decorator.py took 0.084 seconds
[2025-06-20T21:33:10.294+0000] {processor.py:186} INFO - Started process (PID=910) to work on /home/airflow/.local/lib/python3.12/site-packages/airflow/example_dags/example_python_decorator.py
[2025-06-20T21:33:10.295+0000] {processor.py:914} INFO - Processing file /home/airflow/.local/lib/python3.12/site-packages/airflow/example_dags/example_python_decorator.py for tasks to queue
[2025-06-20T21:33:10.298+0000] {logging_mixin.py:190} INFO - [2025-06-20T21:33:10.297+0000] {dagbag.py:588} INFO - Filling up the DagBag from /home/airflow/.local/lib/python3.12/site-packages/airflow/example_dags/example_python_decorator.py
[2025-06-20T21:33:10.316+0000] {processor.py:925} INFO - DAG(s) 'example_python_decorator' retrieved from /home/airflow/.local/lib/python3.12/site-packages/airflow/example_dags/example_python_decorator.py
[2025-06-20T21:33:10.346+0000] {logging_mixin.py:190} INFO - [2025-06-20T21:33:10.345+0000] {dag.py:3239} INFO - Sync 1 DAGs
[2025-06-20T21:33:10.361+0000] {logging_mixin.py:190} INFO - [2025-06-20T21:33:10.361+0000] {dag.py:4180} INFO - Setting next_dagrun for example_python_decorator to None, run_after=None
[2025-06-20T21:33:10.387+0000] {processor.py:208} INFO - Processing /home/airflow/.local/lib/python3.12/site-packages/airflow/example_dags/example_python_decorator.py took 0.100 seconds
[2025-06-20T21:33:41.718+0000] {processor.py:186} INFO - Started process (PID=974) to work on /home/airflow/.local/lib/python3.12/site-packages/airflow/example_dags/example_python_decorator.py
[2025-06-20T21:33:41.719+0000] {processor.py:914} INFO - Processing file /home/airflow/.local/lib/python3.12/site-packages/airflow/example_dags/example_python_decorator.py for tasks to queue
[2025-06-20T21:33:41.722+0000] {logging_mixin.py:190} INFO - [2025-06-20T21:33:41.721+0000] {dagbag.py:588} INFO - Filling up the DagBag from /home/airflow/.local/lib/python3.12/site-packages/airflow/example_dags/example_python_decorator.py
[2025-06-20T21:33:41.735+0000] {processor.py:925} INFO - DAG(s) 'example_python_decorator' retrieved from /home/airflow/.local/lib/python3.12/site-packages/airflow/example_dags/example_python_decorator.py
[2025-06-20T21:33:41.757+0000] {logging_mixin.py:190} INFO - [2025-06-20T21:33:41.757+0000] {dag.py:3239} INFO - Sync 1 DAGs
[2025-06-20T21:33:41.772+0000] {logging_mixin.py:190} INFO - [2025-06-20T21:33:41.771+0000] {dag.py:4180} INFO - Setting next_dagrun for example_python_decorator to None, run_after=None
[2025-06-20T21:33:41.834+0000] {processor.py:208} INFO - Processing /home/airflow/.local/lib/python3.12/site-packages/airflow/example_dags/example_python_decorator.py took 0.121 seconds
[2025-06-20T21:34:13.065+0000] {processor.py:186} INFO - Started process (PID=1038) to work on /home/airflow/.local/lib/python3.12/site-packages/airflow/example_dags/example_python_decorator.py
[2025-06-20T21:34:13.066+0000] {processor.py:914} INFO - Processing file /home/airflow/.local/lib/python3.12/site-packages/airflow/example_dags/example_python_decorator.py for tasks to queue
[2025-06-20T21:34:13.068+0000] {logging_mixin.py:190} INFO - [2025-06-20T21:34:13.068+0000] {dagbag.py:588} INFO - Filling up the DagBag from /home/airflow/.local/lib/python3.12/site-packages/airflow/example_dags/example_python_decorator.py
[2025-06-20T21:34:13.081+0000] {processor.py:925} INFO - DAG(s) 'example_python_decorator' retrieved from /home/airflow/.local/lib/python3.12/site-packages/airflow/example_dags/example_python_decorator.py
[2025-06-20T21:34:13.104+0000] {logging_mixin.py:190} INFO - [2025-06-20T21:34:13.104+0000] {dag.py:3239} INFO - Sync 1 DAGs
[2025-06-20T21:34:13.119+0000] {logging_mixin.py:190} INFO - [2025-06-20T21:34:13.118+0000] {dag.py:4180} INFO - Setting next_dagrun for example_python_decorator to None, run_after=None
[2025-06-20T21:34:13.232+0000] {processor.py:208} INFO - Processing /home/airflow/.local/lib/python3.12/site-packages/airflow/example_dags/example_python_decorator.py took 0.172 seconds
[2025-06-20T21:34:44.993+0000] {processor.py:186} INFO - Started process (PID=1102) to work on /home/airflow/.local/lib/python3.12/site-packages/airflow/example_dags/example_python_decorator.py
[2025-06-20T21:34:44.994+0000] {processor.py:914} INFO - Processing file /home/airflow/.local/lib/python3.12/site-packages/airflow/example_dags/example_python_decorator.py for tasks to queue
[2025-06-20T21:34:44.996+0000] {logging_mixin.py:190} INFO - [2025-06-20T21:34:44.996+0000] {dagbag.py:588} INFO - Filling up the DagBag from /home/airflow/.local/lib/python3.12/site-packages/airflow/example_dags/example_python_decorator.py
[2025-06-20T21:34:45.010+0000] {processor.py:925} INFO - DAG(s) 'example_python_decorator' retrieved from /home/airflow/.local/lib/python3.12/site-packages/airflow/example_dags/example_python_decorator.py
[2025-06-20T21:34:45.031+0000] {logging_mixin.py:190} INFO - [2025-06-20T21:34:45.031+0000] {dag.py:3239} INFO - Sync 1 DAGs
[2025-06-20T21:34:45.043+0000] {logging_mixin.py:190} INFO - [2025-06-20T21:34:45.043+0000] {dag.py:4180} INFO - Setting next_dagrun for example_python_decorator to None, run_after=None
[2025-06-20T21:34:45.138+0000] {processor.py:208} INFO - Processing /home/airflow/.local/lib/python3.12/site-packages/airflow/example_dags/example_python_decorator.py took 0.151 seconds
[2025-06-20T21:35:16.524+0000] {processor.py:186} INFO - Started process (PID=1166) to work on /home/airflow/.local/lib/python3.12/site-packages/airflow/example_dags/example_python_decorator.py
[2025-06-20T21:35:16.525+0000] {processor.py:914} INFO - Processing file /home/airflow/.local/lib/python3.12/site-packages/airflow/example_dags/example_python_decorator.py for tasks to queue
[2025-06-20T21:35:16.528+0000] {logging_mixin.py:190} INFO - [2025-06-20T21:35:16.527+0000] {dagbag.py:588} INFO - Filling up the DagBag from /home/airflow/.local/lib/python3.12/site-packages/airflow/example_dags/example_python_decorator.py
[2025-06-20T21:35:16.541+0000] {processor.py:925} INFO - DAG(s) 'example_python_decorator' retrieved from /home/airflow/.local/lib/python3.12/site-packages/airflow/example_dags/example_python_decorator.py
[2025-06-20T21:35:16.566+0000] {logging_mixin.py:190} INFO - [2025-06-20T21:35:16.565+0000] {dag.py:3239} INFO - Sync 1 DAGs
[2025-06-20T21:35:16.581+0000] {logging_mixin.py:190} INFO - [2025-06-20T21:35:16.581+0000] {dag.py:4180} INFO - Setting next_dagrun for example_python_decorator to None, run_after=None
[2025-06-20T21:35:16.608+0000] {processor.py:208} INFO - Processing /home/airflow/.local/lib/python3.12/site-packages/airflow/example_dags/example_python_decorator.py took 0.089 seconds
[2025-06-20T21:35:48.623+0000] {processor.py:186} INFO - Started process (PID=1230) to work on /home/airflow/.local/lib/python3.12/site-packages/airflow/example_dags/example_python_decorator.py
[2025-06-20T21:35:48.624+0000] {processor.py:914} INFO - Processing file /home/airflow/.local/lib/python3.12/site-packages/airflow/example_dags/example_python_decorator.py for tasks to queue
[2025-06-20T21:35:48.627+0000] {logging_mixin.py:190} INFO - [2025-06-20T21:35:48.626+0000] {dagbag.py:588} INFO - Filling up the DagBag from /home/airflow/.local/lib/python3.12/site-packages/airflow/example_dags/example_python_decorator.py
[2025-06-20T21:35:48.641+0000] {processor.py:925} INFO - DAG(s) 'example_python_decorator' retrieved from /home/airflow/.local/lib/python3.12/site-packages/airflow/example_dags/example_python_decorator.py
[2025-06-20T21:35:48.662+0000] {logging_mixin.py:190} INFO - [2025-06-20T21:35:48.661+0000] {dag.py:3239} INFO - Sync 1 DAGs
[2025-06-20T21:35:48.676+0000] {logging_mixin.py:190} INFO - [2025-06-20T21:35:48.676+0000] {dag.py:4180} INFO - Setting next_dagrun for example_python_decorator to None, run_after=None
[2025-06-20T21:35:48.700+0000] {processor.py:208} INFO - Processing /home/airflow/.local/lib/python3.12/site-packages/airflow/example_dags/example_python_decorator.py took 0.084 seconds
[2025-06-20T21:36:20.438+0000] {processor.py:186} INFO - Started process (PID=1294) to work on /home/airflow/.local/lib/python3.12/site-packages/airflow/example_dags/example_python_decorator.py
[2025-06-20T21:36:20.439+0000] {processor.py:914} INFO - Processing file /home/airflow/.local/lib/python3.12/site-packages/airflow/example_dags/example_python_decorator.py for tasks to queue
[2025-06-20T21:36:20.441+0000] {logging_mixin.py:190} INFO - [2025-06-20T21:36:20.441+0000] {dagbag.py:588} INFO - Filling up the DagBag from /home/airflow/.local/lib/python3.12/site-packages/airflow/example_dags/example_python_decorator.py
[2025-06-20T21:36:20.454+0000] {processor.py:925} INFO - DAG(s) 'example_python_decorator' retrieved from /home/airflow/.local/lib/python3.12/site-packages/airflow/example_dags/example_python_decorator.py
[2025-06-20T21:36:20.476+0000] {logging_mixin.py:190} INFO - [2025-06-20T21:36:20.476+0000] {dag.py:3239} INFO - Sync 1 DAGs
[2025-06-20T21:36:20.490+0000] {logging_mixin.py:190} INFO - [2025-06-20T21:36:20.489+0000] {dag.py:4180} INFO - Setting next_dagrun for example_python_decorator to None, run_after=None
[2025-06-20T21:36:20.523+0000] {processor.py:208} INFO - Processing /home/airflow/.local/lib/python3.12/site-packages/airflow/example_dags/example_python_decorator.py took 0.091 seconds
[2025-06-20T21:36:51.480+0000] {processor.py:186} INFO - Started process (PID=1358) to work on /home/airflow/.local/lib/python3.12/site-packages/airflow/example_dags/example_python_decorator.py
[2025-06-20T21:36:51.481+0000] {processor.py:914} INFO - Processing file /home/airflow/.local/lib/python3.12/site-packages/airflow/example_dags/example_python_decorator.py for tasks to queue
[2025-06-20T21:36:51.484+0000] {logging_mixin.py:190} INFO - [2025-06-20T21:36:51.484+0000] {dagbag.py:588} INFO - Filling up the DagBag from /home/airflow/.local/lib/python3.12/site-packages/airflow/example_dags/example_python_decorator.py
[2025-06-20T21:36:51.505+0000] {processor.py:925} INFO - DAG(s) 'example_python_decorator' retrieved from /home/airflow/.local/lib/python3.12/site-packages/airflow/example_dags/example_python_decorator.py
[2025-06-20T21:36:51.533+0000] {logging_mixin.py:190} INFO - [2025-06-20T21:36:51.533+0000] {dag.py:3239} INFO - Sync 1 DAGs
[2025-06-20T21:36:51.550+0000] {logging_mixin.py:190} INFO - [2025-06-20T21:36:51.550+0000] {dag.py:4180} INFO - Setting next_dagrun for example_python_decorator to None, run_after=None
[2025-06-20T21:36:51.578+0000] {processor.py:208} INFO - Processing /home/airflow/.local/lib/python3.12/site-packages/airflow/example_dags/example_python_decorator.py took 0.105 seconds
[2025-06-20T21:37:22.565+0000] {processor.py:186} INFO - Started process (PID=1422) to work on /home/airflow/.local/lib/python3.12/site-packages/airflow/example_dags/example_python_decorator.py
[2025-06-20T21:37:22.567+0000] {processor.py:914} INFO - Processing file /home/airflow/.local/lib/python3.12/site-packages/airflow/example_dags/example_python_decorator.py for tasks to queue
[2025-06-20T21:37:22.570+0000] {logging_mixin.py:190} INFO - [2025-06-20T21:37:22.569+0000] {dagbag.py:588} INFO - Filling up the DagBag from /home/airflow/.local/lib/python3.12/site-packages/airflow/example_dags/example_python_decorator.py
[2025-06-20T21:37:22.584+0000] {processor.py:925} INFO - DAG(s) 'example_python_decorator' retrieved from /home/airflow/.local/lib/python3.12/site-packages/airflow/example_dags/example_python_decorator.py
[2025-06-20T21:37:22.605+0000] {logging_mixin.py:190} INFO - [2025-06-20T21:37:22.605+0000] {dag.py:3239} INFO - Sync 1 DAGs
[2025-06-20T21:37:22.619+0000] {logging_mixin.py:190} INFO - [2025-06-20T21:37:22.618+0000] {dag.py:4180} INFO - Setting next_dagrun for example_python_decorator to None, run_after=None
[2025-06-20T21:37:22.709+0000] {processor.py:208} INFO - Processing /home/airflow/.local/lib/python3.12/site-packages/airflow/example_dags/example_python_decorator.py took 0.151 seconds
[2025-06-20T21:37:54.823+0000] {processor.py:186} INFO - Started process (PID=1487) to work on /home/airflow/.local/lib/python3.12/site-packages/airflow/example_dags/example_python_decorator.py
[2025-06-20T21:37:54.824+0000] {processor.py:914} INFO - Processing file /home/airflow/.local/lib/python3.12/site-packages/airflow/example_dags/example_python_decorator.py for tasks to queue
[2025-06-20T21:37:54.827+0000] {logging_mixin.py:190} INFO - [2025-06-20T21:37:54.827+0000] {dagbag.py:588} INFO - Filling up the DagBag from /home/airflow/.local/lib/python3.12/site-packages/airflow/example_dags/example_python_decorator.py
[2025-06-20T21:37:54.841+0000] {processor.py:925} INFO - DAG(s) 'example_python_decorator' retrieved from /home/airflow/.local/lib/python3.12/site-packages/airflow/example_dags/example_python_decorator.py
[2025-06-20T21:37:54.864+0000] {logging_mixin.py:190} INFO - [2025-06-20T21:37:54.864+0000] {dag.py:3239} INFO - Sync 1 DAGs
[2025-06-20T21:37:54.877+0000] {logging_mixin.py:190} INFO - [2025-06-20T21:37:54.877+0000] {dag.py:4180} INFO - Setting next_dagrun for example_python_decorator to None, run_after=None
[2025-06-20T21:37:54.902+0000] {processor.py:208} INFO - Processing /home/airflow/.local/lib/python3.12/site-packages/airflow/example_dags/example_python_decorator.py took 0.085 seconds
[2025-06-20T21:38:26.372+0000] {processor.py:186} INFO - Started process (PID=1551) to work on /home/airflow/.local/lib/python3.12/site-packages/airflow/example_dags/example_python_decorator.py
[2025-06-20T21:38:26.374+0000] {processor.py:914} INFO - Processing file /home/airflow/.local/lib/python3.12/site-packages/airflow/example_dags/example_python_decorator.py for tasks to queue
[2025-06-20T21:38:26.377+0000] {logging_mixin.py:190} INFO - [2025-06-20T21:38:26.376+0000] {dagbag.py:588} INFO - Filling up the DagBag from /home/airflow/.local/lib/python3.12/site-packages/airflow/example_dags/example_python_decorator.py
[2025-06-20T21:38:26.397+0000] {processor.py:925} INFO - DAG(s) 'example_python_decorator' retrieved from /home/airflow/.local/lib/python3.12/site-packages/airflow/example_dags/example_python_decorator.py
[2025-06-20T21:38:26.427+0000] {logging_mixin.py:190} INFO - [2025-06-20T21:38:26.426+0000] {dag.py:3239} INFO - Sync 1 DAGs
[2025-06-20T21:38:26.447+0000] {logging_mixin.py:190} INFO - [2025-06-20T21:38:26.447+0000] {dag.py:4180} INFO - Setting next_dagrun for example_python_decorator to None, run_after=None
[2025-06-20T21:38:26.489+0000] {processor.py:208} INFO - Processing /home/airflow/.local/lib/python3.12/site-packages/airflow/example_dags/example_python_decorator.py took 0.122 seconds
[2025-06-20T21:38:58.065+0000] {processor.py:186} INFO - Started process (PID=1615) to work on /home/airflow/.local/lib/python3.12/site-packages/airflow/example_dags/example_python_decorator.py
[2025-06-20T21:38:58.066+0000] {processor.py:914} INFO - Processing file /home/airflow/.local/lib/python3.12/site-packages/airflow/example_dags/example_python_decorator.py for tasks to queue
[2025-06-20T21:38:58.068+0000] {logging_mixin.py:190} INFO - [2025-06-20T21:38:58.068+0000] {dagbag.py:588} INFO - Filling up the DagBag from /home/airflow/.local/lib/python3.12/site-packages/airflow/example_dags/example_python_decorator.py
[2025-06-20T21:38:58.083+0000] {processor.py:925} INFO - DAG(s) 'example_python_decorator' retrieved from /home/airflow/.local/lib/python3.12/site-packages/airflow/example_dags/example_python_decorator.py
[2025-06-20T21:38:58.104+0000] {logging_mixin.py:190} INFO - [2025-06-20T21:38:58.104+0000] {dag.py:3239} INFO - Sync 1 DAGs
[2025-06-20T21:38:58.117+0000] {logging_mixin.py:190} INFO - [2025-06-20T21:38:58.117+0000] {dag.py:4180} INFO - Setting next_dagrun for example_python_decorator to None, run_after=None
[2025-06-20T21:38:58.150+0000] {processor.py:208} INFO - Processing /home/airflow/.local/lib/python3.12/site-packages/airflow/example_dags/example_python_decorator.py took 0.090 seconds
[2025-06-20T21:39:29.645+0000] {processor.py:186} INFO - Started process (PID=1679) to work on /home/airflow/.local/lib/python3.12/site-packages/airflow/example_dags/example_python_decorator.py
[2025-06-20T21:39:29.646+0000] {processor.py:914} INFO - Processing file /home/airflow/.local/lib/python3.12/site-packages/airflow/example_dags/example_python_decorator.py for tasks to queue
[2025-06-20T21:39:29.648+0000] {logging_mixin.py:190} INFO - [2025-06-20T21:39:29.648+0000] {dagbag.py:588} INFO - Filling up the DagBag from /home/airflow/.local/lib/python3.12/site-packages/airflow/example_dags/example_python_decorator.py
[2025-06-20T21:39:29.660+0000] {processor.py:925} INFO - DAG(s) 'example_python_decorator' retrieved from /home/airflow/.local/lib/python3.12/site-packages/airflow/example_dags/example_python_decorator.py
[2025-06-20T21:39:29.681+0000] {logging_mixin.py:190} INFO - [2025-06-20T21:39:29.681+0000] {dag.py:3239} INFO - Sync 1 DAGs
[2025-06-20T21:39:29.693+0000] {logging_mixin.py:190} INFO - [2025-06-20T21:39:29.693+0000] {dag.py:4180} INFO - Setting next_dagrun for example_python_decorator to None, run_after=None
[2025-06-20T21:39:29.718+0000] {processor.py:208} INFO - Processing /home/airflow/.local/lib/python3.12/site-packages/airflow/example_dags/example_python_decorator.py took 0.079 seconds
[2025-06-20T21:40:01.376+0000] {processor.py:186} INFO - Started process (PID=1743) to work on /home/airflow/.local/lib/python3.12/site-packages/airflow/example_dags/example_python_decorator.py
[2025-06-20T21:40:01.377+0000] {processor.py:914} INFO - Processing file /home/airflow/.local/lib/python3.12/site-packages/airflow/example_dags/example_python_decorator.py for tasks to queue
[2025-06-20T21:40:01.380+0000] {logging_mixin.py:190} INFO - [2025-06-20T21:40:01.379+0000] {dagbag.py:588} INFO - Filling up the DagBag from /home/airflow/.local/lib/python3.12/site-packages/airflow/example_dags/example_python_decorator.py
[2025-06-20T21:40:01.392+0000] {processor.py:925} INFO - DAG(s) 'example_python_decorator' retrieved from /home/airflow/.local/lib/python3.12/site-packages/airflow/example_dags/example_python_decorator.py
[2025-06-20T21:40:01.412+0000] {logging_mixin.py:190} INFO - [2025-06-20T21:40:01.412+0000] {dag.py:3239} INFO - Sync 1 DAGs
[2025-06-20T21:40:01.424+0000] {logging_mixin.py:190} INFO - [2025-06-20T21:40:01.424+0000] {dag.py:4180} INFO - Setting next_dagrun for example_python_decorator to None, run_after=None
[2025-06-20T21:40:01.451+0000] {processor.py:208} INFO - Processing /home/airflow/.local/lib/python3.12/site-packages/airflow/example_dags/example_python_decorator.py took 0.080 seconds
[2025-06-20T21:40:32.684+0000] {processor.py:186} INFO - Started process (PID=1807) to work on /home/airflow/.local/lib/python3.12/site-packages/airflow/example_dags/example_python_decorator.py
[2025-06-20T21:40:32.685+0000] {processor.py:914} INFO - Processing file /home/airflow/.local/lib/python3.12/site-packages/airflow/example_dags/example_python_decorator.py for tasks to queue
[2025-06-20T21:40:32.687+0000] {logging_mixin.py:190} INFO - [2025-06-20T21:40:32.687+0000] {dagbag.py:588} INFO - Filling up the DagBag from /home/airflow/.local/lib/python3.12/site-packages/airflow/example_dags/example_python_decorator.py
[2025-06-20T21:40:32.699+0000] {processor.py:925} INFO - DAG(s) 'example_python_decorator' retrieved from /home/airflow/.local/lib/python3.12/site-packages/airflow/example_dags/example_python_decorator.py
[2025-06-20T21:40:32.721+0000] {logging_mixin.py:190} INFO - [2025-06-20T21:40:32.721+0000] {dag.py:3239} INFO - Sync 1 DAGs
[2025-06-20T21:40:32.734+0000] {logging_mixin.py:190} INFO - [2025-06-20T21:40:32.734+0000] {dag.py:4180} INFO - Setting next_dagrun for example_python_decorator to None, run_after=None
[2025-06-20T21:40:32.783+0000] {processor.py:208} INFO - Processing /home/airflow/.local/lib/python3.12/site-packages/airflow/example_dags/example_python_decorator.py took 0.104 seconds
[2025-06-20T21:41:03.088+0000] {processor.py:186} INFO - Started process (PID=1871) to work on /home/airflow/.local/lib/python3.12/site-packages/airflow/example_dags/example_python_decorator.py
[2025-06-20T21:41:03.089+0000] {processor.py:914} INFO - Processing file /home/airflow/.local/lib/python3.12/site-packages/airflow/example_dags/example_python_decorator.py for tasks to queue
[2025-06-20T21:41:03.091+0000] {logging_mixin.py:190} INFO - [2025-06-20T21:41:03.091+0000] {dagbag.py:588} INFO - Filling up the DagBag from /home/airflow/.local/lib/python3.12/site-packages/airflow/example_dags/example_python_decorator.py
[2025-06-20T21:41:03.103+0000] {processor.py:925} INFO - DAG(s) 'example_python_decorator' retrieved from /home/airflow/.local/lib/python3.12/site-packages/airflow/example_dags/example_python_decorator.py
[2025-06-20T21:41:03.125+0000] {logging_mixin.py:190} INFO - [2025-06-20T21:41:03.125+0000] {dag.py:3239} INFO - Sync 1 DAGs
[2025-06-20T21:41:03.141+0000] {logging_mixin.py:190} INFO - [2025-06-20T21:41:03.140+0000] {dag.py:4180} INFO - Setting next_dagrun for example_python_decorator to None, run_after=None
[2025-06-20T21:41:03.188+0000] {processor.py:208} INFO - Processing /home/airflow/.local/lib/python3.12/site-packages/airflow/example_dags/example_python_decorator.py took 0.106 seconds
[2025-06-20T21:41:33.709+0000] {processor.py:186} INFO - Started process (PID=1935) to work on /home/airflow/.local/lib/python3.12/site-packages/airflow/example_dags/example_python_decorator.py
[2025-06-20T21:41:33.710+0000] {processor.py:914} INFO - Processing file /home/airflow/.local/lib/python3.12/site-packages/airflow/example_dags/example_python_decorator.py for tasks to queue
[2025-06-20T21:41:33.713+0000] {logging_mixin.py:190} INFO - [2025-06-20T21:41:33.712+0000] {dagbag.py:588} INFO - Filling up the DagBag from /home/airflow/.local/lib/python3.12/site-packages/airflow/example_dags/example_python_decorator.py
[2025-06-20T21:41:34.494+0000] {processor.py:925} INFO - DAG(s) 'example_python_decorator' retrieved from /home/airflow/.local/lib/python3.12/site-packages/airflow/example_dags/example_python_decorator.py
[2025-06-20T21:41:34.516+0000] {logging_mixin.py:190} INFO - [2025-06-20T21:41:34.515+0000] {dag.py:3239} INFO - Sync 1 DAGs
[2025-06-20T21:41:34.529+0000] {logging_mixin.py:190} INFO - [2025-06-20T21:41:34.529+0000] {dag.py:4180} INFO - Setting next_dagrun for example_python_decorator to None, run_after=None
[2025-06-20T21:41:34.555+0000] {processor.py:208} INFO - Processing /home/airflow/.local/lib/python3.12/site-packages/airflow/example_dags/example_python_decorator.py took 0.083 seconds
[2025-06-20T21:42:07.462+0000] {processor.py:186} INFO - Started process (PID=2007) to work on /home/airflow/.local/lib/python3.12/site-packages/airflow/example_dags/example_python_decorator.py
[2025-06-20T21:42:07.463+0000] {processor.py:914} INFO - Processing file /home/airflow/.local/lib/python3.12/site-packages/airflow/example_dags/example_python_decorator.py for tasks to queue
[2025-06-20T21:42:07.466+0000] {logging_mixin.py:190} INFO - [2025-06-20T21:42:07.466+0000] {dagbag.py:588} INFO - Filling up the DagBag from /home/airflow/.local/lib/python3.12/site-packages/airflow/example_dags/example_python_decorator.py
[2025-06-20T21:42:07.478+0000] {processor.py:925} INFO - DAG(s) 'example_python_decorator' retrieved from /home/airflow/.local/lib/python3.12/site-packages/airflow/example_dags/example_python_decorator.py
[2025-06-20T21:42:07.499+0000] {logging_mixin.py:190} INFO - [2025-06-20T21:42:07.499+0000] {dag.py:3239} INFO - Sync 1 DAGs
[2025-06-20T21:42:07.514+0000] {logging_mixin.py:190} INFO - [2025-06-20T21:42:07.514+0000] {dag.py:4180} INFO - Setting next_dagrun for example_python_decorator to None, run_after=None
[2025-06-20T21:42:07.547+0000] {processor.py:208} INFO - Processing /home/airflow/.local/lib/python3.12/site-packages/airflow/example_dags/example_python_decorator.py took 0.090 seconds
[2025-06-20T21:42:38.880+0000] {processor.py:186} INFO - Started process (PID=2071) to work on /home/airflow/.local/lib/python3.12/site-packages/airflow/example_dags/example_python_decorator.py
[2025-06-20T21:42:38.882+0000] {processor.py:914} INFO - Processing file /home/airflow/.local/lib/python3.12/site-packages/airflow/example_dags/example_python_decorator.py for tasks to queue
[2025-06-20T21:42:38.885+0000] {logging_mixin.py:190} INFO - [2025-06-20T21:42:38.884+0000] {dagbag.py:588} INFO - Filling up the DagBag from /home/airflow/.local/lib/python3.12/site-packages/airflow/example_dags/example_python_decorator.py
[2025-06-20T21:42:38.899+0000] {processor.py:925} INFO - DAG(s) 'example_python_decorator' retrieved from /home/airflow/.local/lib/python3.12/site-packages/airflow/example_dags/example_python_decorator.py
[2025-06-20T21:42:38.922+0000] {logging_mixin.py:190} INFO - [2025-06-20T21:42:38.922+0000] {dag.py:3239} INFO - Sync 1 DAGs
[2025-06-20T21:42:38.938+0000] {logging_mixin.py:190} INFO - [2025-06-20T21:42:38.937+0000] {dag.py:4180} INFO - Setting next_dagrun for example_python_decorator to None, run_after=None
[2025-06-20T21:42:38.985+0000] {processor.py:208} INFO - Processing /home/airflow/.local/lib/python3.12/site-packages/airflow/example_dags/example_python_decorator.py took 0.110 seconds
[2025-06-20T21:43:10.499+0000] {processor.py:186} INFO - Started process (PID=2135) to work on /home/airflow/.local/lib/python3.12/site-packages/airflow/example_dags/example_python_decorator.py
[2025-06-20T21:43:10.500+0000] {processor.py:914} INFO - Processing file /home/airflow/.local/lib/python3.12/site-packages/airflow/example_dags/example_python_decorator.py for tasks to queue
[2025-06-20T21:43:10.503+0000] {logging_mixin.py:190} INFO - [2025-06-20T21:43:10.502+0000] {dagbag.py:588} INFO - Filling up the DagBag from /home/airflow/.local/lib/python3.12/site-packages/airflow/example_dags/example_python_decorator.py
[2025-06-20T21:43:10.516+0000] {processor.py:925} INFO - DAG(s) 'example_python_decorator' retrieved from /home/airflow/.local/lib/python3.12/site-packages/airflow/example_dags/example_python_decorator.py
[2025-06-20T21:43:10.539+0000] {logging_mixin.py:190} INFO - [2025-06-20T21:43:10.538+0000] {dag.py:3239} INFO - Sync 1 DAGs
[2025-06-20T21:43:10.552+0000] {logging_mixin.py:190} INFO - [2025-06-20T21:43:10.552+0000] {dag.py:4180} INFO - Setting next_dagrun for example_python_decorator to None, run_after=None
[2025-06-20T21:43:10.579+0000] {processor.py:208} INFO - Processing /home/airflow/.local/lib/python3.12/site-packages/airflow/example_dags/example_python_decorator.py took 0.085 seconds
[2025-06-20T21:43:41.593+0000] {processor.py:186} INFO - Started process (PID=2201) to work on /home/airflow/.local/lib/python3.12/site-packages/airflow/example_dags/example_python_decorator.py
[2025-06-20T21:43:41.595+0000] {processor.py:914} INFO - Processing file /home/airflow/.local/lib/python3.12/site-packages/airflow/example_dags/example_python_decorator.py for tasks to queue
[2025-06-20T21:43:41.598+0000] {logging_mixin.py:190} INFO - [2025-06-20T21:43:41.597+0000] {dagbag.py:588} INFO - Filling up the DagBag from /home/airflow/.local/lib/python3.12/site-packages/airflow/example_dags/example_python_decorator.py
[2025-06-20T21:43:41.614+0000] {processor.py:925} INFO - DAG(s) 'example_python_decorator' retrieved from /home/airflow/.local/lib/python3.12/site-packages/airflow/example_dags/example_python_decorator.py
[2025-06-20T21:43:41.640+0000] {logging_mixin.py:190} INFO - [2025-06-20T21:43:41.640+0000] {dag.py:3239} INFO - Sync 1 DAGs
[2025-06-20T21:43:41.657+0000] {logging_mixin.py:190} INFO - [2025-06-20T21:43:41.657+0000] {dag.py:4180} INFO - Setting next_dagrun for example_python_decorator to None, run_after=None
[2025-06-20T21:43:41.693+0000] {processor.py:208} INFO - Processing /home/airflow/.local/lib/python3.12/site-packages/airflow/example_dags/example_python_decorator.py took 0.106 seconds
[2025-06-20T21:44:13.064+0000] {processor.py:186} INFO - Started process (PID=2271) to work on /home/airflow/.local/lib/python3.12/site-packages/airflow/example_dags/example_python_decorator.py
[2025-06-20T21:44:13.065+0000] {processor.py:914} INFO - Processing file /home/airflow/.local/lib/python3.12/site-packages/airflow/example_dags/example_python_decorator.py for tasks to queue
[2025-06-20T21:44:13.067+0000] {logging_mixin.py:190} INFO - [2025-06-20T21:44:13.067+0000] {dagbag.py:588} INFO - Filling up the DagBag from /home/airflow/.local/lib/python3.12/site-packages/airflow/example_dags/example_python_decorator.py
[2025-06-20T21:44:13.080+0000] {processor.py:925} INFO - DAG(s) 'example_python_decorator' retrieved from /home/airflow/.local/lib/python3.12/site-packages/airflow/example_dags/example_python_decorator.py
[2025-06-20T21:44:13.101+0000] {logging_mixin.py:190} INFO - [2025-06-20T21:44:13.101+0000] {dag.py:3239} INFO - Sync 1 DAGs
[2025-06-20T21:44:13.115+0000] {logging_mixin.py:190} INFO - [2025-06-20T21:44:13.115+0000] {dag.py:4180} INFO - Setting next_dagrun for example_python_decorator to None, run_after=None
[2025-06-20T21:44:13.138+0000] {processor.py:208} INFO - Processing /home/airflow/.local/lib/python3.12/site-packages/airflow/example_dags/example_python_decorator.py took 0.080 seconds
[2025-06-20T21:44:44.773+0000] {processor.py:186} INFO - Started process (PID=2335) to work on /home/airflow/.local/lib/python3.12/site-packages/airflow/example_dags/example_python_decorator.py
[2025-06-20T21:44:44.774+0000] {processor.py:914} INFO - Processing file /home/airflow/.local/lib/python3.12/site-packages/airflow/example_dags/example_python_decorator.py for tasks to queue
[2025-06-20T21:44:44.777+0000] {logging_mixin.py:190} INFO - [2025-06-20T21:44:44.776+0000] {dagbag.py:588} INFO - Filling up the DagBag from /home/airflow/.local/lib/python3.12/site-packages/airflow/example_dags/example_python_decorator.py
[2025-06-20T21:44:44.792+0000] {processor.py:925} INFO - DAG(s) 'example_python_decorator' retrieved from /home/airflow/.local/lib/python3.12/site-packages/airflow/example_dags/example_python_decorator.py
[2025-06-20T21:44:44.818+0000] {logging_mixin.py:190} INFO - [2025-06-20T21:44:44.818+0000] {dag.py:3239} INFO - Sync 1 DAGs
[2025-06-20T21:44:44.836+0000] {logging_mixin.py:190} INFO - [2025-06-20T21:44:44.836+0000] {dag.py:4180} INFO - Setting next_dagrun for example_python_decorator to None, run_after=None
[2025-06-20T21:44:44.863+0000] {processor.py:208} INFO - Processing /home/airflow/.local/lib/python3.12/site-packages/airflow/example_dags/example_python_decorator.py took 0.095 seconds
[2025-06-20T21:45:16.510+0000] {processor.py:186} INFO - Started process (PID=2399) to work on /home/airflow/.local/lib/python3.12/site-packages/airflow/example_dags/example_python_decorator.py
[2025-06-20T21:45:16.511+0000] {processor.py:914} INFO - Processing file /home/airflow/.local/lib/python3.12/site-packages/airflow/example_dags/example_python_decorator.py for tasks to queue
[2025-06-20T21:45:16.514+0000] {logging_mixin.py:190} INFO - [2025-06-20T21:45:16.513+0000] {dagbag.py:588} INFO - Filling up the DagBag from /home/airflow/.local/lib/python3.12/site-packages/airflow/example_dags/example_python_decorator.py
[2025-06-20T21:45:16.529+0000] {processor.py:925} INFO - DAG(s) 'example_python_decorator' retrieved from /home/airflow/.local/lib/python3.12/site-packages/airflow/example_dags/example_python_decorator.py
[2025-06-20T21:45:16.555+0000] {logging_mixin.py:190} INFO - [2025-06-20T21:45:16.555+0000] {dag.py:3239} INFO - Sync 1 DAGs
[2025-06-20T21:45:16.570+0000] {logging_mixin.py:190} INFO - [2025-06-20T21:45:16.570+0000] {dag.py:4180} INFO - Setting next_dagrun for example_python_decorator to None, run_after=None
[2025-06-20T21:45:16.597+0000] {processor.py:208} INFO - Processing /home/airflow/.local/lib/python3.12/site-packages/airflow/example_dags/example_python_decorator.py took 0.094 seconds
[2025-06-20T21:45:48.657+0000] {processor.py:186} INFO - Started process (PID=2463) to work on /home/airflow/.local/lib/python3.12/site-packages/airflow/example_dags/example_python_decorator.py
[2025-06-20T21:45:48.658+0000] {processor.py:914} INFO - Processing file /home/airflow/.local/lib/python3.12/site-packages/airflow/example_dags/example_python_decorator.py for tasks to queue
[2025-06-20T21:45:48.661+0000] {logging_mixin.py:190} INFO - [2025-06-20T21:45:48.661+0000] {dagbag.py:588} INFO - Filling up the DagBag from /home/airflow/.local/lib/python3.12/site-packages/airflow/example_dags/example_python_decorator.py
[2025-06-20T21:45:48.675+0000] {processor.py:925} INFO - DAG(s) 'example_python_decorator' retrieved from /home/airflow/.local/lib/python3.12/site-packages/airflow/example_dags/example_python_decorator.py
[2025-06-20T21:45:48.700+0000] {logging_mixin.py:190} INFO - [2025-06-20T21:45:48.699+0000] {dag.py:3239} INFO - Sync 1 DAGs
[2025-06-20T21:45:48.715+0000] {logging_mixin.py:190} INFO - [2025-06-20T21:45:48.714+0000] {dag.py:4180} INFO - Setting next_dagrun for example_python_decorator to None, run_after=None
[2025-06-20T21:45:48.736+0000] {processor.py:208} INFO - Processing /home/airflow/.local/lib/python3.12/site-packages/airflow/example_dags/example_python_decorator.py took 0.085 seconds
[2025-06-20T21:46:20.060+0000] {processor.py:186} INFO - Started process (PID=2527) to work on /home/airflow/.local/lib/python3.12/site-packages/airflow/example_dags/example_python_decorator.py
[2025-06-20T21:46:20.062+0000] {processor.py:914} INFO - Processing file /home/airflow/.local/lib/python3.12/site-packages/airflow/example_dags/example_python_decorator.py for tasks to queue
[2025-06-20T21:46:20.064+0000] {logging_mixin.py:190} INFO - [2025-06-20T21:46:20.064+0000] {dagbag.py:588} INFO - Filling up the DagBag from /home/airflow/.local/lib/python3.12/site-packages/airflow/example_dags/example_python_decorator.py
[2025-06-20T21:46:20.078+0000] {processor.py:925} INFO - DAG(s) 'example_python_decorator' retrieved from /home/airflow/.local/lib/python3.12/site-packages/airflow/example_dags/example_python_decorator.py
[2025-06-20T21:46:20.101+0000] {logging_mixin.py:190} INFO - [2025-06-20T21:46:20.100+0000] {dag.py:3239} INFO - Sync 1 DAGs
[2025-06-20T21:46:20.114+0000] {logging_mixin.py:190} INFO - [2025-06-20T21:46:20.114+0000] {dag.py:4180} INFO - Setting next_dagrun for example_python_decorator to None, run_after=None
[2025-06-20T21:46:20.141+0000] {processor.py:208} INFO - Processing /home/airflow/.local/lib/python3.12/site-packages/airflow/example_dags/example_python_decorator.py took 0.087 seconds
[2025-06-20T21:46:51.099+0000] {processor.py:186} INFO - Started process (PID=2591) to work on /home/airflow/.local/lib/python3.12/site-packages/airflow/example_dags/example_python_decorator.py
[2025-06-20T21:46:51.100+0000] {processor.py:914} INFO - Processing file /home/airflow/.local/lib/python3.12/site-packages/airflow/example_dags/example_python_decorator.py for tasks to queue
[2025-06-20T21:46:51.102+0000] {logging_mixin.py:190} INFO - [2025-06-20T21:46:51.102+0000] {dagbag.py:588} INFO - Filling up the DagBag from /home/airflow/.local/lib/python3.12/site-packages/airflow/example_dags/example_python_decorator.py
[2025-06-20T21:46:51.116+0000] {processor.py:925} INFO - DAG(s) 'example_python_decorator' retrieved from /home/airflow/.local/lib/python3.12/site-packages/airflow/example_dags/example_python_decorator.py
[2025-06-20T21:46:51.140+0000] {logging_mixin.py:190} INFO - [2025-06-20T21:46:51.140+0000] {dag.py:3239} INFO - Sync 1 DAGs
[2025-06-20T21:46:51.155+0000] {logging_mixin.py:190} INFO - [2025-06-20T21:46:51.155+0000] {dag.py:4180} INFO - Setting next_dagrun for example_python_decorator to None, run_after=None
[2025-06-20T21:46:51.197+0000] {processor.py:208} INFO - Processing /home/airflow/.local/lib/python3.12/site-packages/airflow/example_dags/example_python_decorator.py took 0.104 seconds
[2025-06-20T21:47:22.715+0000] {processor.py:186} INFO - Started process (PID=2655) to work on /home/airflow/.local/lib/python3.12/site-packages/airflow/example_dags/example_python_decorator.py
[2025-06-20T21:47:22.717+0000] {processor.py:914} INFO - Processing file /home/airflow/.local/lib/python3.12/site-packages/airflow/example_dags/example_python_decorator.py for tasks to queue
[2025-06-20T21:47:22.719+0000] {logging_mixin.py:190} INFO - [2025-06-20T21:47:22.719+0000] {dagbag.py:588} INFO - Filling up the DagBag from /home/airflow/.local/lib/python3.12/site-packages/airflow/example_dags/example_python_decorator.py
[2025-06-20T21:47:22.734+0000] {processor.py:925} INFO - DAG(s) 'example_python_decorator' retrieved from /home/airflow/.local/lib/python3.12/site-packages/airflow/example_dags/example_python_decorator.py
[2025-06-20T21:47:22.761+0000] {logging_mixin.py:190} INFO - [2025-06-20T21:47:22.761+0000] {dag.py:3239} INFO - Sync 1 DAGs
[2025-06-20T21:47:22.785+0000] {logging_mixin.py:190} INFO - [2025-06-20T21:47:22.785+0000] {dag.py:4180} INFO - Setting next_dagrun for example_python_decorator to None, run_after=None
[2025-06-20T21:47:22.898+0000] {processor.py:208} INFO - Processing /home/airflow/.local/lib/python3.12/site-packages/airflow/example_dags/example_python_decorator.py took 0.189 seconds
[2025-06-20T21:47:54.058+0000] {processor.py:186} INFO - Started process (PID=2719) to work on /home/airflow/.local/lib/python3.12/site-packages/airflow/example_dags/example_python_decorator.py
[2025-06-20T21:47:54.059+0000] {processor.py:914} INFO - Processing file /home/airflow/.local/lib/python3.12/site-packages/airflow/example_dags/example_python_decorator.py for tasks to queue
[2025-06-20T21:47:54.061+0000] {logging_mixin.py:190} INFO - [2025-06-20T21:47:54.061+0000] {dagbag.py:588} INFO - Filling up the DagBag from /home/airflow/.local/lib/python3.12/site-packages/airflow/example_dags/example_python_decorator.py
[2025-06-20T21:47:54.075+0000] {processor.py:925} INFO - DAG(s) 'example_python_decorator' retrieved from /home/airflow/.local/lib/python3.12/site-packages/airflow/example_dags/example_python_decorator.py
[2025-06-20T21:47:54.099+0000] {logging_mixin.py:190} INFO - [2025-06-20T21:47:54.099+0000] {dag.py:3239} INFO - Sync 1 DAGs
[2025-06-20T21:47:54.116+0000] {logging_mixin.py:190} INFO - [2025-06-20T21:47:54.116+0000] {dag.py:4180} INFO - Setting next_dagrun for example_python_decorator to None, run_after=None
[2025-06-20T21:47:54.158+0000] {processor.py:208} INFO - Processing /home/airflow/.local/lib/python3.12/site-packages/airflow/example_dags/example_python_decorator.py took 0.107 seconds
[2025-06-20T21:48:25.583+0000] {processor.py:186} INFO - Started process (PID=2783) to work on /home/airflow/.local/lib/python3.12/site-packages/airflow/example_dags/example_python_decorator.py
[2025-06-20T21:48:25.585+0000] {processor.py:914} INFO - Processing file /home/airflow/.local/lib/python3.12/site-packages/airflow/example_dags/example_python_decorator.py for tasks to queue
[2025-06-20T21:48:25.587+0000] {logging_mixin.py:190} INFO - [2025-06-20T21:48:25.587+0000] {dagbag.py:588} INFO - Filling up the DagBag from /home/airflow/.local/lib/python3.12/site-packages/airflow/example_dags/example_python_decorator.py
[2025-06-20T21:48:25.600+0000] {processor.py:925} INFO - DAG(s) 'example_python_decorator' retrieved from /home/airflow/.local/lib/python3.12/site-packages/airflow/example_dags/example_python_decorator.py
[2025-06-20T21:48:25.621+0000] {logging_mixin.py:190} INFO - [2025-06-20T21:48:25.620+0000] {dag.py:3239} INFO - Sync 1 DAGs
[2025-06-20T21:48:25.634+0000] {logging_mixin.py:190} INFO - [2025-06-20T21:48:25.634+0000] {dag.py:4180} INFO - Setting next_dagrun for example_python_decorator to None, run_after=None
[2025-06-20T21:48:25.659+0000] {processor.py:208} INFO - Processing /home/airflow/.local/lib/python3.12/site-packages/airflow/example_dags/example_python_decorator.py took 0.080 seconds
[2025-06-20T21:48:56.918+0000] {processor.py:186} INFO - Started process (PID=2847) to work on /home/airflow/.local/lib/python3.12/site-packages/airflow/example_dags/example_python_decorator.py
[2025-06-20T21:48:56.919+0000] {processor.py:914} INFO - Processing file /home/airflow/.local/lib/python3.12/site-packages/airflow/example_dags/example_python_decorator.py for tasks to queue
[2025-06-20T21:48:56.922+0000] {logging_mixin.py:190} INFO - [2025-06-20T21:48:56.921+0000] {dagbag.py:588} INFO - Filling up the DagBag from /home/airflow/.local/lib/python3.12/site-packages/airflow/example_dags/example_python_decorator.py
[2025-06-20T21:48:56.934+0000] {processor.py:925} INFO - DAG(s) 'example_python_decorator' retrieved from /home/airflow/.local/lib/python3.12/site-packages/airflow/example_dags/example_python_decorator.py
[2025-06-20T21:48:56.957+0000] {logging_mixin.py:190} INFO - [2025-06-20T21:48:56.956+0000] {dag.py:3239} INFO - Sync 1 DAGs
[2025-06-20T21:48:56.970+0000] {logging_mixin.py:190} INFO - [2025-06-20T21:48:56.970+0000] {dag.py:4180} INFO - Setting next_dagrun for example_python_decorator to None, run_after=None
[2025-06-20T21:48:56.996+0000] {processor.py:208} INFO - Processing /home/airflow/.local/lib/python3.12/site-packages/airflow/example_dags/example_python_decorator.py took 0.083 seconds
[2025-06-20T21:49:28.367+0000] {processor.py:186} INFO - Started process (PID=2911) to work on /home/airflow/.local/lib/python3.12/site-packages/airflow/example_dags/example_python_decorator.py
[2025-06-20T21:49:28.368+0000] {processor.py:914} INFO - Processing file /home/airflow/.local/lib/python3.12/site-packages/airflow/example_dags/example_python_decorator.py for tasks to queue
[2025-06-20T21:49:28.370+0000] {logging_mixin.py:190} INFO - [2025-06-20T21:49:28.370+0000] {dagbag.py:588} INFO - Filling up the DagBag from /home/airflow/.local/lib/python3.12/site-packages/airflow/example_dags/example_python_decorator.py
[2025-06-20T21:49:28.382+0000] {processor.py:925} INFO - DAG(s) 'example_python_decorator' retrieved from /home/airflow/.local/lib/python3.12/site-packages/airflow/example_dags/example_python_decorator.py
[2025-06-20T21:49:28.402+0000] {logging_mixin.py:190} INFO - [2025-06-20T21:49:28.402+0000] {dag.py:3239} INFO - Sync 1 DAGs
[2025-06-20T21:49:28.415+0000] {logging_mixin.py:190} INFO - [2025-06-20T21:49:28.415+0000] {dag.py:4180} INFO - Setting next_dagrun for example_python_decorator to None, run_after=None
[2025-06-20T21:49:28.440+0000] {processor.py:208} INFO - Processing /home/airflow/.local/lib/python3.12/site-packages/airflow/example_dags/example_python_decorator.py took 0.078 seconds
[2025-06-20T21:50:00.255+0000] {processor.py:186} INFO - Started process (PID=2975) to work on /home/airflow/.local/lib/python3.12/site-packages/airflow/example_dags/example_python_decorator.py
[2025-06-20T21:50:00.256+0000] {processor.py:914} INFO - Processing file /home/airflow/.local/lib/python3.12/site-packages/airflow/example_dags/example_python_decorator.py for tasks to queue
[2025-06-20T21:50:00.259+0000] {logging_mixin.py:190} INFO - [2025-06-20T21:50:00.258+0000] {dagbag.py:588} INFO - Filling up the DagBag from /home/airflow/.local/lib/python3.12/site-packages/airflow/example_dags/example_python_decorator.py
[2025-06-20T21:50:00.270+0000] {processor.py:925} INFO - DAG(s) 'example_python_decorator' retrieved from /home/airflow/.local/lib/python3.12/site-packages/airflow/example_dags/example_python_decorator.py
[2025-06-20T21:50:00.291+0000] {logging_mixin.py:190} INFO - [2025-06-20T21:50:00.291+0000] {dag.py:3239} INFO - Sync 1 DAGs
[2025-06-20T21:50:00.305+0000] {logging_mixin.py:190} INFO - [2025-06-20T21:50:00.305+0000] {dag.py:4180} INFO - Setting next_dagrun for example_python_decorator to None, run_after=None
[2025-06-20T21:50:00.330+0000] {processor.py:208} INFO - Processing /home/airflow/.local/lib/python3.12/site-packages/airflow/example_dags/example_python_decorator.py took 0.080 seconds
[2025-06-20T21:50:32.218+0000] {processor.py:186} INFO - Started process (PID=3039) to work on /home/airflow/.local/lib/python3.12/site-packages/airflow/example_dags/example_python_decorator.py
[2025-06-20T21:50:32.220+0000] {processor.py:914} INFO - Processing file /home/airflow/.local/lib/python3.12/site-packages/airflow/example_dags/example_python_decorator.py for tasks to queue
[2025-06-20T21:50:32.223+0000] {logging_mixin.py:190} INFO - [2025-06-20T21:50:32.222+0000] {dagbag.py:588} INFO - Filling up the DagBag from /home/airflow/.local/lib/python3.12/site-packages/airflow/example_dags/example_python_decorator.py
[2025-06-20T21:50:32.237+0000] {processor.py:925} INFO - DAG(s) 'example_python_decorator' retrieved from /home/airflow/.local/lib/python3.12/site-packages/airflow/example_dags/example_python_decorator.py
[2025-06-20T21:50:32.261+0000] {logging_mixin.py:190} INFO - [2025-06-20T21:50:32.260+0000] {dag.py:3239} INFO - Sync 1 DAGs
[2025-06-20T21:50:32.275+0000] {logging_mixin.py:190} INFO - [2025-06-20T21:50:32.275+0000] {dag.py:4180} INFO - Setting next_dagrun for example_python_decorator to None, run_after=None
[2025-06-20T21:50:32.461+0000] {processor.py:208} INFO - Processing /home/airflow/.local/lib/python3.12/site-packages/airflow/example_dags/example_python_decorator.py took 0.248 seconds
[2025-06-20T21:51:03.379+0000] {processor.py:186} INFO - Started process (PID=3103) to work on /home/airflow/.local/lib/python3.12/site-packages/airflow/example_dags/example_python_decorator.py
[2025-06-20T21:51:03.380+0000] {processor.py:914} INFO - Processing file /home/airflow/.local/lib/python3.12/site-packages/airflow/example_dags/example_python_decorator.py for tasks to queue
[2025-06-20T21:51:03.382+0000] {logging_mixin.py:190} INFO - [2025-06-20T21:51:03.382+0000] {dagbag.py:588} INFO - Filling up the DagBag from /home/airflow/.local/lib/python3.12/site-packages/airflow/example_dags/example_python_decorator.py
[2025-06-20T21:51:03.394+0000] {processor.py:925} INFO - DAG(s) 'example_python_decorator' retrieved from /home/airflow/.local/lib/python3.12/site-packages/airflow/example_dags/example_python_decorator.py
[2025-06-20T21:51:03.414+0000] {logging_mixin.py:190} INFO - [2025-06-20T21:51:03.414+0000] {dag.py:3239} INFO - Sync 1 DAGs
[2025-06-20T21:51:03.428+0000] {logging_mixin.py:190} INFO - [2025-06-20T21:51:03.428+0000] {dag.py:4180} INFO - Setting next_dagrun for example_python_decorator to None, run_after=None
[2025-06-20T21:51:03.616+0000] {processor.py:208} INFO - Processing /home/airflow/.local/lib/python3.12/site-packages/airflow/example_dags/example_python_decorator.py took 0.242 seconds
[2025-06-20T21:51:34.908+0000] {processor.py:186} INFO - Started process (PID=3167) to work on /home/airflow/.local/lib/python3.12/site-packages/airflow/example_dags/example_python_decorator.py
[2025-06-20T21:51:34.909+0000] {processor.py:914} INFO - Processing file /home/airflow/.local/lib/python3.12/site-packages/airflow/example_dags/example_python_decorator.py for tasks to queue
[2025-06-20T21:51:34.912+0000] {logging_mixin.py:190} INFO - [2025-06-20T21:51:34.911+0000] {dagbag.py:588} INFO - Filling up the DagBag from /home/airflow/.local/lib/python3.12/site-packages/airflow/example_dags/example_python_decorator.py
[2025-06-20T21:51:34.931+0000] {processor.py:925} INFO - DAG(s) 'example_python_decorator' retrieved from /home/airflow/.local/lib/python3.12/site-packages/airflow/example_dags/example_python_decorator.py
[2025-06-20T21:51:34.975+0000] {logging_mixin.py:190} INFO - [2025-06-20T21:51:34.974+0000] {dag.py:3239} INFO - Sync 1 DAGs
[2025-06-20T21:51:35.003+0000] {logging_mixin.py:190} INFO - [2025-06-20T21:51:35.002+0000] {dag.py:4180} INFO - Setting next_dagrun for example_python_decorator to None, run_after=None
[2025-06-20T21:51:35.098+0000] {processor.py:208} INFO - Processing /home/airflow/.local/lib/python3.12/site-packages/airflow/example_dags/example_python_decorator.py took 0.196 seconds
[2025-06-20T21:52:06.561+0000] {processor.py:186} INFO - Started process (PID=3231) to work on /home/airflow/.local/lib/python3.12/site-packages/airflow/example_dags/example_python_decorator.py
[2025-06-20T21:52:06.562+0000] {processor.py:914} INFO - Processing file /home/airflow/.local/lib/python3.12/site-packages/airflow/example_dags/example_python_decorator.py for tasks to queue
[2025-06-20T21:52:06.564+0000] {logging_mixin.py:190} INFO - [2025-06-20T21:52:06.564+0000] {dagbag.py:588} INFO - Filling up the DagBag from /home/airflow/.local/lib/python3.12/site-packages/airflow/example_dags/example_python_decorator.py
[2025-06-20T21:52:06.581+0000] {processor.py:925} INFO - DAG(s) 'example_python_decorator' retrieved from /home/airflow/.local/lib/python3.12/site-packages/airflow/example_dags/example_python_decorator.py
[2025-06-20T21:52:06.606+0000] {logging_mixin.py:190} INFO - [2025-06-20T21:52:06.606+0000] {dag.py:3239} INFO - Sync 1 DAGs
[2025-06-20T21:52:06.622+0000] {logging_mixin.py:190} INFO - [2025-06-20T21:52:06.622+0000] {dag.py:4180} INFO - Setting next_dagrun for example_python_decorator to None, run_after=None
[2025-06-20T21:52:06.722+0000] {processor.py:208} INFO - Processing /home/airflow/.local/lib/python3.12/site-packages/airflow/example_dags/example_python_decorator.py took 0.168 seconds
[2025-06-20T21:52:37.657+0000] {processor.py:186} INFO - Started process (PID=3296) to work on /home/airflow/.local/lib/python3.12/site-packages/airflow/example_dags/example_python_decorator.py
[2025-06-20T21:52:37.659+0000] {processor.py:914} INFO - Processing file /home/airflow/.local/lib/python3.12/site-packages/airflow/example_dags/example_python_decorator.py for tasks to queue
[2025-06-20T21:52:37.662+0000] {logging_mixin.py:190} INFO - [2025-06-20T21:52:37.661+0000] {dagbag.py:588} INFO - Filling up the DagBag from /home/airflow/.local/lib/python3.12/site-packages/airflow/example_dags/example_python_decorator.py
[2025-06-20T21:52:37.676+0000] {processor.py:925} INFO - DAG(s) 'example_python_decorator' retrieved from /home/airflow/.local/lib/python3.12/site-packages/airflow/example_dags/example_python_decorator.py
[2025-06-20T21:52:37.702+0000] {logging_mixin.py:190} INFO - [2025-06-20T21:52:37.701+0000] {dag.py:3239} INFO - Sync 1 DAGs
[2025-06-20T21:52:37.716+0000] {logging_mixin.py:190} INFO - [2025-06-20T21:52:37.716+0000] {dag.py:4180} INFO - Setting next_dagrun for example_python_decorator to None, run_after=None
[2025-06-20T21:52:37.741+0000] {processor.py:208} INFO - Processing /home/airflow/.local/lib/python3.12/site-packages/airflow/example_dags/example_python_decorator.py took 0.091 seconds
[2025-06-20T21:53:09.338+0000] {processor.py:186} INFO - Started process (PID=3360) to work on /home/airflow/.local/lib/python3.12/site-packages/airflow/example_dags/example_python_decorator.py
[2025-06-20T21:53:09.339+0000] {processor.py:914} INFO - Processing file /home/airflow/.local/lib/python3.12/site-packages/airflow/example_dags/example_python_decorator.py for tasks to queue
[2025-06-20T21:53:09.341+0000] {logging_mixin.py:190} INFO - [2025-06-20T21:53:09.340+0000] {dagbag.py:588} INFO - Filling up the DagBag from /home/airflow/.local/lib/python3.12/site-packages/airflow/example_dags/example_python_decorator.py
[2025-06-20T21:53:09.356+0000] {processor.py:925} INFO - DAG(s) 'example_python_decorator' retrieved from /home/airflow/.local/lib/python3.12/site-packages/airflow/example_dags/example_python_decorator.py
[2025-06-20T21:53:09.376+0000] {logging_mixin.py:190} INFO - [2025-06-20T21:53:09.376+0000] {dag.py:3239} INFO - Sync 1 DAGs
[2025-06-20T21:53:09.388+0000] {logging_mixin.py:190} INFO - [2025-06-20T21:53:09.388+0000] {dag.py:4180} INFO - Setting next_dagrun for example_python_decorator to None, run_after=None
[2025-06-20T21:53:09.412+0000] {processor.py:208} INFO - Processing /home/airflow/.local/lib/python3.12/site-packages/airflow/example_dags/example_python_decorator.py took 0.079 seconds
[2025-06-20T21:53:40.399+0000] {processor.py:186} INFO - Started process (PID=3424) to work on /home/airflow/.local/lib/python3.12/site-packages/airflow/example_dags/example_python_decorator.py
[2025-06-20T21:53:40.400+0000] {processor.py:914} INFO - Processing file /home/airflow/.local/lib/python3.12/site-packages/airflow/example_dags/example_python_decorator.py for tasks to queue
[2025-06-20T21:53:40.402+0000] {logging_mixin.py:190} INFO - [2025-06-20T21:53:40.402+0000] {dagbag.py:588} INFO - Filling up the DagBag from /home/airflow/.local/lib/python3.12/site-packages/airflow/example_dags/example_python_decorator.py
[2025-06-20T21:53:40.415+0000] {processor.py:925} INFO - DAG(s) 'example_python_decorator' retrieved from /home/airflow/.local/lib/python3.12/site-packages/airflow/example_dags/example_python_decorator.py
[2025-06-20T21:53:40.436+0000] {logging_mixin.py:190} INFO - [2025-06-20T21:53:40.436+0000] {dag.py:3239} INFO - Sync 1 DAGs
[2025-06-20T21:53:40.450+0000] {logging_mixin.py:190} INFO - [2025-06-20T21:53:40.450+0000] {dag.py:4180} INFO - Setting next_dagrun for example_python_decorator to None, run_after=None
[2025-06-20T21:53:40.475+0000] {processor.py:208} INFO - Processing /home/airflow/.local/lib/python3.12/site-packages/airflow/example_dags/example_python_decorator.py took 0.082 seconds
[2025-06-20T21:55:48.295+0000] {processor.py:186} INFO - Started process (PID=90) to work on /home/airflow/.local/lib/python3.12/site-packages/airflow/example_dags/example_python_decorator.py
[2025-06-20T21:55:48.296+0000] {processor.py:914} INFO - Processing file /home/airflow/.local/lib/python3.12/site-packages/airflow/example_dags/example_python_decorator.py for tasks to queue
[2025-06-20T21:55:48.299+0000] {logging_mixin.py:190} INFO - [2025-06-20T21:55:48.298+0000] {dagbag.py:588} INFO - Filling up the DagBag from /home/airflow/.local/lib/python3.12/site-packages/airflow/example_dags/example_python_decorator.py
[2025-06-20T21:55:48.312+0000] {processor.py:925} INFO - DAG(s) 'example_python_decorator' retrieved from /home/airflow/.local/lib/python3.12/site-packages/airflow/example_dags/example_python_decorator.py
[2025-06-20T21:55:48.433+0000] {logging_mixin.py:190} INFO - [2025-06-20T21:55:48.432+0000] {override.py:1911} INFO - Created Permission View: can delete on DAG:example_python_decorator
[2025-06-20T21:55:48.455+0000] {logging_mixin.py:190} INFO - [2025-06-20T21:55:48.454+0000] {override.py:1911} INFO - Created Permission View: can edit on DAG:example_python_decorator
[2025-06-20T21:55:48.476+0000] {logging_mixin.py:190} INFO - [2025-06-20T21:55:48.476+0000] {override.py:1911} INFO - Created Permission View: can read on DAG:example_python_decorator
[2025-06-20T21:55:48.520+0000] {logging_mixin.py:190} INFO - [2025-06-20T21:55:48.519+0000] {override.py:1911} INFO - Created Permission View: can delete on DAG Run:example_python_decorator
[2025-06-20T21:55:48.541+0000] {logging_mixin.py:190} INFO - [2025-06-20T21:55:48.541+0000] {override.py:1911} INFO - Created Permission View: menu access on DAG Run:example_python_decorator
[2025-06-20T21:55:48.563+0000] {logging_mixin.py:190} INFO - [2025-06-20T21:55:48.562+0000] {override.py:1911} INFO - Created Permission View: can create on DAG Run:example_python_decorator
[2025-06-20T21:55:48.584+0000] {logging_mixin.py:190} INFO - [2025-06-20T21:55:48.584+0000] {override.py:1911} INFO - Created Permission View: can read on DAG Run:example_python_decorator
[2025-06-20T21:55:48.585+0000] {logging_mixin.py:190} INFO - [2025-06-20T21:55:48.585+0000] {dag.py:3239} INFO - Sync 1 DAGs
[2025-06-20T21:55:48.596+0000] {logging_mixin.py:190} INFO - [2025-06-20T21:55:48.596+0000] {dag.py:3262} INFO - Creating ORM DAG for example_python_decorator
[2025-06-20T21:55:48.597+0000] {logging_mixin.py:190} INFO - [2025-06-20T21:55:48.597+0000] {dag.py:4180} INFO - Setting next_dagrun for example_python_decorator to None, run_after=None
[2025-06-20T21:55:48.637+0000] {processor.py:208} INFO - Processing /home/airflow/.local/lib/python3.12/site-packages/airflow/example_dags/example_python_decorator.py took 0.347 seconds
[2025-06-20T21:56:18.790+0000] {processor.py:186} INFO - Started process (PID=147) to work on /home/airflow/.local/lib/python3.12/site-packages/airflow/example_dags/example_python_decorator.py
[2025-06-20T21:56:18.792+0000] {processor.py:914} INFO - Processing file /home/airflow/.local/lib/python3.12/site-packages/airflow/example_dags/example_python_decorator.py for tasks to queue
[2025-06-20T21:56:18.794+0000] {logging_mixin.py:190} INFO - [2025-06-20T21:56:18.794+0000] {dagbag.py:588} INFO - Filling up the DagBag from /home/airflow/.local/lib/python3.12/site-packages/airflow/example_dags/example_python_decorator.py
[2025-06-20T21:56:18.807+0000] {processor.py:925} INFO - DAG(s) 'example_python_decorator' retrieved from /home/airflow/.local/lib/python3.12/site-packages/airflow/example_dags/example_python_decorator.py
[2025-06-20T21:56:18.830+0000] {logging_mixin.py:190} INFO - [2025-06-20T21:56:18.829+0000] {dag.py:3239} INFO - Sync 1 DAGs
[2025-06-20T21:56:18.843+0000] {logging_mixin.py:190} INFO - [2025-06-20T21:56:18.843+0000] {dag.py:4180} INFO - Setting next_dagrun for example_python_decorator to None, run_after=None
[2025-06-20T21:56:18.974+0000] {processor.py:208} INFO - Processing /home/airflow/.local/lib/python3.12/site-packages/airflow/example_dags/example_python_decorator.py took 0.189 seconds
[2025-06-20T21:56:50.350+0000] {processor.py:186} INFO - Started process (PID=211) to work on /home/airflow/.local/lib/python3.12/site-packages/airflow/example_dags/example_python_decorator.py
[2025-06-20T21:56:50.352+0000] {processor.py:914} INFO - Processing file /home/airflow/.local/lib/python3.12/site-packages/airflow/example_dags/example_python_decorator.py for tasks to queue
[2025-06-20T21:56:50.354+0000] {logging_mixin.py:190} INFO - [2025-06-20T21:56:50.354+0000] {dagbag.py:588} INFO - Filling up the DagBag from /home/airflow/.local/lib/python3.12/site-packages/airflow/example_dags/example_python_decorator.py
[2025-06-20T21:56:50.367+0000] {processor.py:925} INFO - DAG(s) 'example_python_decorator' retrieved from /home/airflow/.local/lib/python3.12/site-packages/airflow/example_dags/example_python_decorator.py
[2025-06-20T21:56:50.389+0000] {logging_mixin.py:190} INFO - [2025-06-20T21:56:50.389+0000] {dag.py:3239} INFO - Sync 1 DAGs
[2025-06-20T21:56:50.402+0000] {logging_mixin.py:190} INFO - [2025-06-20T21:56:50.402+0000] {dag.py:4180} INFO - Setting next_dagrun for example_python_decorator to None, run_after=None
[2025-06-20T21:56:50.432+0000] {processor.py:208} INFO - Processing /home/airflow/.local/lib/python3.12/site-packages/airflow/example_dags/example_python_decorator.py took 0.086 seconds
[2025-06-20T21:57:21.872+0000] {processor.py:186} INFO - Started process (PID=275) to work on /home/airflow/.local/lib/python3.12/site-packages/airflow/example_dags/example_python_decorator.py
[2025-06-20T21:57:21.873+0000] {processor.py:914} INFO - Processing file /home/airflow/.local/lib/python3.12/site-packages/airflow/example_dags/example_python_decorator.py for tasks to queue
[2025-06-20T21:57:21.876+0000] {logging_mixin.py:190} INFO - [2025-06-20T21:57:21.875+0000] {dagbag.py:588} INFO - Filling up the DagBag from /home/airflow/.local/lib/python3.12/site-packages/airflow/example_dags/example_python_decorator.py
[2025-06-20T21:57:21.889+0000] {processor.py:925} INFO - DAG(s) 'example_python_decorator' retrieved from /home/airflow/.local/lib/python3.12/site-packages/airflow/example_dags/example_python_decorator.py
[2025-06-20T21:57:21.908+0000] {logging_mixin.py:190} INFO - [2025-06-20T21:57:21.908+0000] {dag.py:3239} INFO - Sync 1 DAGs
[2025-06-20T21:57:21.922+0000] {logging_mixin.py:190} INFO - [2025-06-20T21:57:21.922+0000] {dag.py:4180} INFO - Setting next_dagrun for example_python_decorator to None, run_after=None
[2025-06-20T21:57:21.947+0000] {processor.py:208} INFO - Processing /home/airflow/.local/lib/python3.12/site-packages/airflow/example_dags/example_python_decorator.py took 0.080 seconds
[2025-06-20T21:57:53.051+0000] {processor.py:186} INFO - Started process (PID=339) to work on /home/airflow/.local/lib/python3.12/site-packages/airflow/example_dags/example_python_decorator.py
[2025-06-20T21:57:53.052+0000] {processor.py:914} INFO - Processing file /home/airflow/.local/lib/python3.12/site-packages/airflow/example_dags/example_python_decorator.py for tasks to queue
[2025-06-20T21:57:53.055+0000] {logging_mixin.py:190} INFO - [2025-06-20T21:57:53.054+0000] {dagbag.py:588} INFO - Filling up the DagBag from /home/airflow/.local/lib/python3.12/site-packages/airflow/example_dags/example_python_decorator.py
[2025-06-20T21:57:53.068+0000] {processor.py:925} INFO - DAG(s) 'example_python_decorator' retrieved from /home/airflow/.local/lib/python3.12/site-packages/airflow/example_dags/example_python_decorator.py
[2025-06-20T21:57:53.090+0000] {logging_mixin.py:190} INFO - [2025-06-20T21:57:53.090+0000] {dag.py:3239} INFO - Sync 1 DAGs
[2025-06-20T21:57:53.103+0000] {logging_mixin.py:190} INFO - [2025-06-20T21:57:53.103+0000] {dag.py:4180} INFO - Setting next_dagrun for example_python_decorator to None, run_after=None
[2025-06-20T21:57:53.140+0000] {processor.py:208} INFO - Processing /home/airflow/.local/lib/python3.12/site-packages/airflow/example_dags/example_python_decorator.py took 0.094 seconds
[2025-06-20T21:58:24.791+0000] {processor.py:186} INFO - Started process (PID=411) to work on /home/airflow/.local/lib/python3.12/site-packages/airflow/example_dags/example_python_decorator.py
[2025-06-20T21:58:24.792+0000] {processor.py:914} INFO - Processing file /home/airflow/.local/lib/python3.12/site-packages/airflow/example_dags/example_python_decorator.py for tasks to queue
[2025-06-20T21:58:24.795+0000] {logging_mixin.py:190} INFO - [2025-06-20T21:58:24.794+0000] {dagbag.py:588} INFO - Filling up the DagBag from /home/airflow/.local/lib/python3.12/site-packages/airflow/example_dags/example_python_decorator.py
[2025-06-20T21:58:24.810+0000] {processor.py:925} INFO - DAG(s) 'example_python_decorator' retrieved from /home/airflow/.local/lib/python3.12/site-packages/airflow/example_dags/example_python_decorator.py
[2025-06-20T21:58:24.834+0000] {logging_mixin.py:190} INFO - [2025-06-20T21:58:24.834+0000] {dag.py:3239} INFO - Sync 1 DAGs
[2025-06-20T21:58:24.848+0000] {logging_mixin.py:190} INFO - [2025-06-20T21:58:24.848+0000] {dag.py:4180} INFO - Setting next_dagrun for example_python_decorator to None, run_after=None
[2025-06-20T21:58:24.882+0000] {processor.py:208} INFO - Processing /home/airflow/.local/lib/python3.12/site-packages/airflow/example_dags/example_python_decorator.py took 0.096 seconds
[2025-06-20T21:58:55.918+0000] {processor.py:186} INFO - Started process (PID=475) to work on /home/airflow/.local/lib/python3.12/site-packages/airflow/example_dags/example_python_decorator.py
[2025-06-20T21:58:55.919+0000] {processor.py:914} INFO - Processing file /home/airflow/.local/lib/python3.12/site-packages/airflow/example_dags/example_python_decorator.py for tasks to queue
[2025-06-20T21:58:55.921+0000] {logging_mixin.py:190} INFO - [2025-06-20T21:58:55.921+0000] {dagbag.py:588} INFO - Filling up the DagBag from /home/airflow/.local/lib/python3.12/site-packages/airflow/example_dags/example_python_decorator.py
[2025-06-20T21:58:55.934+0000] {processor.py:925} INFO - DAG(s) 'example_python_decorator' retrieved from /home/airflow/.local/lib/python3.12/site-packages/airflow/example_dags/example_python_decorator.py
[2025-06-20T21:58:55.954+0000] {logging_mixin.py:190} INFO - [2025-06-20T21:58:55.954+0000] {dag.py:3239} INFO - Sync 1 DAGs
[2025-06-20T21:58:55.969+0000] {logging_mixin.py:190} INFO - [2025-06-20T21:58:55.969+0000] {dag.py:4180} INFO - Setting next_dagrun for example_python_decorator to None, run_after=None
[2025-06-20T21:58:55.997+0000] {processor.py:208} INFO - Processing /home/airflow/.local/lib/python3.12/site-packages/airflow/example_dags/example_python_decorator.py took 0.085 seconds
[2025-06-20T21:59:27.614+0000] {processor.py:186} INFO - Started process (PID=539) to work on /home/airflow/.local/lib/python3.12/site-packages/airflow/example_dags/example_python_decorator.py
[2025-06-20T21:59:27.615+0000] {processor.py:914} INFO - Processing file /home/airflow/.local/lib/python3.12/site-packages/airflow/example_dags/example_python_decorator.py for tasks to queue
[2025-06-20T21:59:27.618+0000] {logging_mixin.py:190} INFO - [2025-06-20T21:59:27.617+0000] {dagbag.py:588} INFO - Filling up the DagBag from /home/airflow/.local/lib/python3.12/site-packages/airflow/example_dags/example_python_decorator.py
[2025-06-20T21:59:27.631+0000] {processor.py:925} INFO - DAG(s) 'example_python_decorator' retrieved from /home/airflow/.local/lib/python3.12/site-packages/airflow/example_dags/example_python_decorator.py
[2025-06-20T21:59:27.653+0000] {logging_mixin.py:190} INFO - [2025-06-20T21:59:27.653+0000] {dag.py:3239} INFO - Sync 1 DAGs
[2025-06-20T21:59:27.667+0000] {logging_mixin.py:190} INFO - [2025-06-20T21:59:27.667+0000] {dag.py:4180} INFO - Setting next_dagrun for example_python_decorator to None, run_after=None
[2025-06-20T21:59:27.694+0000] {processor.py:208} INFO - Processing /home/airflow/.local/lib/python3.12/site-packages/airflow/example_dags/example_python_decorator.py took 0.086 seconds
[2025-06-20T21:59:59.122+0000] {processor.py:186} INFO - Started process (PID=603) to work on /home/airflow/.local/lib/python3.12/site-packages/airflow/example_dags/example_python_decorator.py
[2025-06-20T21:59:59.123+0000] {processor.py:914} INFO - Processing file /home/airflow/.local/lib/python3.12/site-packages/airflow/example_dags/example_python_decorator.py for tasks to queue
[2025-06-20T21:59:59.125+0000] {logging_mixin.py:190} INFO - [2025-06-20T21:59:59.125+0000] {dagbag.py:588} INFO - Filling up the DagBag from /home/airflow/.local/lib/python3.12/site-packages/airflow/example_dags/example_python_decorator.py
[2025-06-20T21:59:59.138+0000] {processor.py:925} INFO - DAG(s) 'example_python_decorator' retrieved from /home/airflow/.local/lib/python3.12/site-packages/airflow/example_dags/example_python_decorator.py
[2025-06-20T21:59:59.157+0000] {logging_mixin.py:190} INFO - [2025-06-20T21:59:59.157+0000] {dag.py:3239} INFO - Sync 1 DAGs
[2025-06-20T21:59:59.170+0000] {logging_mixin.py:190} INFO - [2025-06-20T21:59:59.170+0000] {dag.py:4180} INFO - Setting next_dagrun for example_python_decorator to None, run_after=None
[2025-06-20T21:59:59.193+0000] {processor.py:208} INFO - Processing /home/airflow/.local/lib/python3.12/site-packages/airflow/example_dags/example_python_decorator.py took 0.076 seconds
[2025-06-20T22:00:30.515+0000] {processor.py:186} INFO - Started process (PID=667) to work on /home/airflow/.local/lib/python3.12/site-packages/airflow/example_dags/example_python_decorator.py
[2025-06-20T22:00:30.517+0000] {processor.py:914} INFO - Processing file /home/airflow/.local/lib/python3.12/site-packages/airflow/example_dags/example_python_decorator.py for tasks to queue
[2025-06-20T22:00:30.519+0000] {logging_mixin.py:190} INFO - [2025-06-20T22:00:30.518+0000] {dagbag.py:588} INFO - Filling up the DagBag from /home/airflow/.local/lib/python3.12/site-packages/airflow/example_dags/example_python_decorator.py
[2025-06-20T22:00:30.532+0000] {processor.py:925} INFO - DAG(s) 'example_python_decorator' retrieved from /home/airflow/.local/lib/python3.12/site-packages/airflow/example_dags/example_python_decorator.py
[2025-06-20T22:00:30.555+0000] {logging_mixin.py:190} INFO - [2025-06-20T22:00:30.555+0000] {dag.py:3239} INFO - Sync 1 DAGs
[2025-06-20T22:00:30.570+0000] {logging_mixin.py:190} INFO - [2025-06-20T22:00:30.570+0000] {dag.py:4180} INFO - Setting next_dagrun for example_python_decorator to None, run_after=None
[2025-06-20T22:00:30.605+0000] {processor.py:208} INFO - Processing /home/airflow/.local/lib/python3.12/site-packages/airflow/example_dags/example_python_decorator.py took 0.095 seconds
[2025-06-20T22:01:01.981+0000] {processor.py:186} INFO - Started process (PID=731) to work on /home/airflow/.local/lib/python3.12/site-packages/airflow/example_dags/example_python_decorator.py
[2025-06-20T22:01:01.982+0000] {processor.py:914} INFO - Processing file /home/airflow/.local/lib/python3.12/site-packages/airflow/example_dags/example_python_decorator.py for tasks to queue
[2025-06-20T22:01:01.984+0000] {logging_mixin.py:190} INFO - [2025-06-20T22:01:01.984+0000] {dagbag.py:588} INFO - Filling up the DagBag from /home/airflow/.local/lib/python3.12/site-packages/airflow/example_dags/example_python_decorator.py
[2025-06-20T22:01:01.997+0000] {processor.py:925} INFO - DAG(s) 'example_python_decorator' retrieved from /home/airflow/.local/lib/python3.12/site-packages/airflow/example_dags/example_python_decorator.py
[2025-06-20T22:01:02.019+0000] {logging_mixin.py:190} INFO - [2025-06-20T22:01:02.019+0000] {dag.py:3239} INFO - Sync 1 DAGs
[2025-06-20T22:01:02.034+0000] {logging_mixin.py:190} INFO - [2025-06-20T22:01:02.033+0000] {dag.py:4180} INFO - Setting next_dagrun for example_python_decorator to None, run_after=None
[2025-06-20T22:01:02.063+0000] {processor.py:208} INFO - Processing /home/airflow/.local/lib/python3.12/site-packages/airflow/example_dags/example_python_decorator.py took 0.088 seconds
[2025-06-20T22:01:33.616+0000] {processor.py:186} INFO - Started process (PID=795) to work on /home/airflow/.local/lib/python3.12/site-packages/airflow/example_dags/example_python_decorator.py
[2025-06-20T22:01:33.618+0000] {processor.py:914} INFO - Processing file /home/airflow/.local/lib/python3.12/site-packages/airflow/example_dags/example_python_decorator.py for tasks to queue
[2025-06-20T22:01:33.620+0000] {logging_mixin.py:190} INFO - [2025-06-20T22:01:33.620+0000] {dagbag.py:588} INFO - Filling up the DagBag from /home/airflow/.local/lib/python3.12/site-packages/airflow/example_dags/example_python_decorator.py
[2025-06-20T22:01:33.634+0000] {processor.py:925} INFO - DAG(s) 'example_python_decorator' retrieved from /home/airflow/.local/lib/python3.12/site-packages/airflow/example_dags/example_python_decorator.py
[2025-06-20T22:01:33.657+0000] {logging_mixin.py:190} INFO - [2025-06-20T22:01:33.657+0000] {dag.py:3239} INFO - Sync 1 DAGs
[2025-06-20T22:01:33.674+0000] {logging_mixin.py:190} INFO - [2025-06-20T22:01:33.674+0000] {dag.py:4180} INFO - Setting next_dagrun for example_python_decorator to None, run_after=None
[2025-06-20T22:01:33.705+0000] {processor.py:208} INFO - Processing /home/airflow/.local/lib/python3.12/site-packages/airflow/example_dags/example_python_decorator.py took 0.094 seconds
[2025-06-20T22:02:05.227+0000] {processor.py:186} INFO - Started process (PID=860) to work on /home/airflow/.local/lib/python3.12/site-packages/airflow/example_dags/example_python_decorator.py
[2025-06-20T22:02:05.228+0000] {processor.py:914} INFO - Processing file /home/airflow/.local/lib/python3.12/site-packages/airflow/example_dags/example_python_decorator.py for tasks to queue
[2025-06-20T22:02:05.231+0000] {logging_mixin.py:190} INFO - [2025-06-20T22:02:05.231+0000] {dagbag.py:588} INFO - Filling up the DagBag from /home/airflow/.local/lib/python3.12/site-packages/airflow/example_dags/example_python_decorator.py
[2025-06-20T22:02:05.245+0000] {processor.py:925} INFO - DAG(s) 'example_python_decorator' retrieved from /home/airflow/.local/lib/python3.12/site-packages/airflow/example_dags/example_python_decorator.py
[2025-06-20T22:02:05.268+0000] {logging_mixin.py:190} INFO - [2025-06-20T22:02:05.268+0000] {dag.py:3239} INFO - Sync 1 DAGs
[2025-06-20T22:02:05.283+0000] {logging_mixin.py:190} INFO - [2025-06-20T22:02:05.283+0000] {dag.py:4180} INFO - Setting next_dagrun for example_python_decorator to None, run_after=None
[2025-06-20T22:02:05.318+0000] {processor.py:208} INFO - Processing /home/airflow/.local/lib/python3.12/site-packages/airflow/example_dags/example_python_decorator.py took 0.096 seconds
[2025-06-20T22:02:36.989+0000] {processor.py:186} INFO - Started process (PID=924) to work on /home/airflow/.local/lib/python3.12/site-packages/airflow/example_dags/example_python_decorator.py
[2025-06-20T22:02:36.990+0000] {processor.py:914} INFO - Processing file /home/airflow/.local/lib/python3.12/site-packages/airflow/example_dags/example_python_decorator.py for tasks to queue
[2025-06-20T22:02:36.991+0000] {logging_mixin.py:190} INFO - [2025-06-20T22:02:36.991+0000] {dagbag.py:588} INFO - Filling up the DagBag from /home/airflow/.local/lib/python3.12/site-packages/airflow/example_dags/example_python_decorator.py
[2025-06-20T22:02:37.008+0000] {processor.py:925} INFO - DAG(s) 'example_python_decorator' retrieved from /home/airflow/.local/lib/python3.12/site-packages/airflow/example_dags/example_python_decorator.py
[2025-06-20T22:02:37.032+0000] {logging_mixin.py:190} INFO - [2025-06-20T22:02:37.032+0000] {dag.py:3239} INFO - Sync 1 DAGs
[2025-06-20T22:02:37.048+0000] {logging_mixin.py:190} INFO - [2025-06-20T22:02:37.048+0000] {dag.py:4180} INFO - Setting next_dagrun for example_python_decorator to None, run_after=None
[2025-06-20T22:02:37.086+0000] {processor.py:208} INFO - Processing /home/airflow/.local/lib/python3.12/site-packages/airflow/example_dags/example_python_decorator.py took 0.103 seconds
[2025-06-20T22:03:08.715+0000] {processor.py:186} INFO - Started process (PID=988) to work on /home/airflow/.local/lib/python3.12/site-packages/airflow/example_dags/example_python_decorator.py
[2025-06-20T22:03:08.716+0000] {processor.py:914} INFO - Processing file /home/airflow/.local/lib/python3.12/site-packages/airflow/example_dags/example_python_decorator.py for tasks to queue
[2025-06-20T22:03:08.718+0000] {logging_mixin.py:190} INFO - [2025-06-20T22:03:08.718+0000] {dagbag.py:588} INFO - Filling up the DagBag from /home/airflow/.local/lib/python3.12/site-packages/airflow/example_dags/example_python_decorator.py
[2025-06-20T22:03:08.732+0000] {processor.py:925} INFO - DAG(s) 'example_python_decorator' retrieved from /home/airflow/.local/lib/python3.12/site-packages/airflow/example_dags/example_python_decorator.py
[2025-06-20T22:03:08.754+0000] {logging_mixin.py:190} INFO - [2025-06-20T22:03:08.754+0000] {dag.py:3239} INFO - Sync 1 DAGs
[2025-06-20T22:03:08.767+0000] {logging_mixin.py:190} INFO - [2025-06-20T22:03:08.767+0000] {dag.py:4180} INFO - Setting next_dagrun for example_python_decorator to None, run_after=None
[2025-06-20T22:03:08.793+0000] {processor.py:208} INFO - Processing /home/airflow/.local/lib/python3.12/site-packages/airflow/example_dags/example_python_decorator.py took 0.083 seconds
[2025-06-20T22:03:40.203+0000] {processor.py:186} INFO - Started process (PID=1051) to work on /home/airflow/.local/lib/python3.12/site-packages/airflow/example_dags/example_python_decorator.py
[2025-06-20T22:03:40.205+0000] {processor.py:914} INFO - Processing file /home/airflow/.local/lib/python3.12/site-packages/airflow/example_dags/example_python_decorator.py for tasks to queue
[2025-06-20T22:03:40.207+0000] {logging_mixin.py:190} INFO - [2025-06-20T22:03:40.207+0000] {dagbag.py:588} INFO - Filling up the DagBag from /home/airflow/.local/lib/python3.12/site-packages/airflow/example_dags/example_python_decorator.py
[2025-06-20T22:03:40.222+0000] {processor.py:925} INFO - DAG(s) 'example_python_decorator' retrieved from /home/airflow/.local/lib/python3.12/site-packages/airflow/example_dags/example_python_decorator.py
[2025-06-20T22:03:40.248+0000] {logging_mixin.py:190} INFO - [2025-06-20T22:03:40.248+0000] {dag.py:3239} INFO - Sync 1 DAGs
[2025-06-20T22:03:40.263+0000] {logging_mixin.py:190} INFO - [2025-06-20T22:03:40.263+0000] {dag.py:4180} INFO - Setting next_dagrun for example_python_decorator to None, run_after=None
[2025-06-20T22:03:40.294+0000] {processor.py:208} INFO - Processing /home/airflow/.local/lib/python3.12/site-packages/airflow/example_dags/example_python_decorator.py took 0.097 seconds
