[2025-06-20T21:26:42.974+0000] {processor.py:186} INFO - Started process (PID=122) to work on /home/airflow/.local/lib/python3.12/site-packages/airflow/example_dags/example_latest_only.py
[2025-06-20T21:26:42.975+0000] {processor.py:914} INFO - Processing file /home/airflow/.local/lib/python3.12/site-packages/airflow/example_dags/example_latest_only.py for tasks to queue
[2025-06-20T21:26:42.978+0000] {logging_mixin.py:190} INFO - [2025-06-20T21:26:42.978+0000] {dagbag.py:588} INFO - Filling up the DagBag from /home/airflow/.local/lib/python3.12/site-packages/airflow/example_dags/example_latest_only.py
[2025-06-20T21:26:42.991+0000] {processor.py:925} INFO - DAG(s) 'latest_only' retrieved from /home/airflow/.local/lib/python3.12/site-packages/airflow/example_dags/example_latest_only.py
[2025-06-20T21:26:43.322+0000] {logging_mixin.py:190} INFO - [2025-06-20T21:26:43.321+0000] {override.py:1911} INFO - Created Permission View: can delete on DAG:latest_only
[2025-06-20T21:26:43.406+0000] {logging_mixin.py:190} INFO - [2025-06-20T21:26:43.405+0000] {override.py:1911} INFO - Created Permission View: can read on DAG:latest_only
[2025-06-20T21:26:43.518+0000] {logging_mixin.py:190} INFO - [2025-06-20T21:26:43.517+0000] {override.py:1911} INFO - Created Permission View: can edit on DAG:latest_only
[2025-06-20T21:26:43.655+0000] {logging_mixin.py:190} INFO - [2025-06-20T21:26:43.655+0000] {override.py:1911} INFO - Created Permission View: can delete on DAG Run:latest_only
[2025-06-20T21:26:43.719+0000] {logging_mixin.py:190} INFO - [2025-06-20T21:26:43.718+0000] {override.py:1911} INFO - Created Permission View: can create on DAG Run:latest_only
[2025-06-20T21:26:43.761+0000] {logging_mixin.py:190} INFO - [2025-06-20T21:26:43.761+0000] {override.py:1911} INFO - Created Permission View: can read on DAG Run:latest_only
[2025-06-20T21:26:43.856+0000] {logging_mixin.py:190} INFO - [2025-06-20T21:26:43.856+0000] {override.py:1911} INFO - Created Permission View: menu access on DAG Run:latest_only
[2025-06-20T21:26:43.857+0000] {logging_mixin.py:190} INFO - [2025-06-20T21:26:43.857+0000] {dag.py:3239} INFO - Sync 1 DAGs
[2025-06-20T21:26:43.869+0000] {logging_mixin.py:190} INFO - [2025-06-20T21:26:43.868+0000] {dag.py:3262} INFO - Creating ORM DAG for latest_only
[2025-06-20T21:26:43.879+0000] {logging_mixin.py:190} INFO - [2025-06-20T21:26:43.878+0000] {dag.py:4180} INFO - Setting next_dagrun for latest_only to 2025-06-20 16:00:00+00:00, run_after=2025-06-20 20:00:00+00:00
[2025-06-20T21:26:43.945+0000] {processor.py:208} INFO - Processing /home/airflow/.local/lib/python3.12/site-packages/airflow/example_dags/example_latest_only.py took 0.977 seconds
[2025-06-20T21:27:14.737+0000] {processor.py:186} INFO - Started process (PID=186) to work on /home/airflow/.local/lib/python3.12/site-packages/airflow/example_dags/example_latest_only.py
[2025-06-20T21:27:14.738+0000] {processor.py:914} INFO - Processing file /home/airflow/.local/lib/python3.12/site-packages/airflow/example_dags/example_latest_only.py for tasks to queue
[2025-06-20T21:27:14.740+0000] {logging_mixin.py:190} INFO - [2025-06-20T21:27:14.740+0000] {dagbag.py:588} INFO - Filling up the DagBag from /home/airflow/.local/lib/python3.12/site-packages/airflow/example_dags/example_latest_only.py
[2025-06-20T21:27:14.747+0000] {processor.py:925} INFO - DAG(s) 'latest_only' retrieved from /home/airflow/.local/lib/python3.12/site-packages/airflow/example_dags/example_latest_only.py
[2025-06-20T21:27:14.765+0000] {logging_mixin.py:190} INFO - [2025-06-20T21:27:14.765+0000] {dag.py:3239} INFO - Sync 1 DAGs
[2025-06-20T21:27:14.803+0000] {logging_mixin.py:190} INFO - [2025-06-20T21:27:14.803+0000] {dag.py:4180} INFO - Setting next_dagrun for latest_only to 2025-06-20 16:00:00+00:00, run_after=2025-06-20 20:00:00+00:00
[2025-06-20T21:27:14.851+0000] {processor.py:208} INFO - Processing /home/airflow/.local/lib/python3.12/site-packages/airflow/example_dags/example_latest_only.py took 0.119 seconds
[2025-06-20T21:27:45.017+0000] {processor.py:186} INFO - Started process (PID=250) to work on /home/airflow/.local/lib/python3.12/site-packages/airflow/example_dags/example_latest_only.py
[2025-06-20T21:27:45.019+0000] {processor.py:914} INFO - Processing file /home/airflow/.local/lib/python3.12/site-packages/airflow/example_dags/example_latest_only.py for tasks to queue
[2025-06-20T21:27:45.021+0000] {logging_mixin.py:190} INFO - [2025-06-20T21:27:45.021+0000] {dagbag.py:588} INFO - Filling up the DagBag from /home/airflow/.local/lib/python3.12/site-packages/airflow/example_dags/example_latest_only.py
[2025-06-20T21:27:45.027+0000] {processor.py:925} INFO - DAG(s) 'latest_only' retrieved from /home/airflow/.local/lib/python3.12/site-packages/airflow/example_dags/example_latest_only.py
[2025-06-20T21:27:45.046+0000] {logging_mixin.py:190} INFO - [2025-06-20T21:27:45.046+0000] {dag.py:3239} INFO - Sync 1 DAGs
[2025-06-20T21:27:45.070+0000] {logging_mixin.py:190} INFO - [2025-06-20T21:27:45.069+0000] {dag.py:4180} INFO - Setting next_dagrun for latest_only to 2025-06-20 16:00:00+00:00, run_after=2025-06-20 20:00:00+00:00
[2025-06-20T21:27:45.092+0000] {processor.py:208} INFO - Processing /home/airflow/.local/lib/python3.12/site-packages/airflow/example_dags/example_latest_only.py took 0.079 seconds
[2025-06-20T21:28:15.408+0000] {processor.py:186} INFO - Started process (PID=315) to work on /home/airflow/.local/lib/python3.12/site-packages/airflow/example_dags/example_latest_only.py
[2025-06-20T21:28:15.409+0000] {processor.py:914} INFO - Processing file /home/airflow/.local/lib/python3.12/site-packages/airflow/example_dags/example_latest_only.py for tasks to queue
[2025-06-20T21:28:15.411+0000] {logging_mixin.py:190} INFO - [2025-06-20T21:28:15.411+0000] {dagbag.py:588} INFO - Filling up the DagBag from /home/airflow/.local/lib/python3.12/site-packages/airflow/example_dags/example_latest_only.py
[2025-06-20T21:28:15.418+0000] {processor.py:925} INFO - DAG(s) 'latest_only' retrieved from /home/airflow/.local/lib/python3.12/site-packages/airflow/example_dags/example_latest_only.py
[2025-06-20T21:28:15.437+0000] {logging_mixin.py:190} INFO - [2025-06-20T21:28:15.437+0000] {dag.py:3239} INFO - Sync 1 DAGs
[2025-06-20T21:28:15.459+0000] {logging_mixin.py:190} INFO - [2025-06-20T21:28:15.459+0000] {dag.py:4180} INFO - Setting next_dagrun for latest_only to 2025-06-20 16:00:00+00:00, run_after=2025-06-20 20:00:00+00:00
[2025-06-20T21:28:15.525+0000] {processor.py:208} INFO - Processing /home/airflow/.local/lib/python3.12/site-packages/airflow/example_dags/example_latest_only.py took 0.122 seconds
[2025-06-20T21:28:46.289+0000] {processor.py:186} INFO - Started process (PID=379) to work on /home/airflow/.local/lib/python3.12/site-packages/airflow/example_dags/example_latest_only.py
[2025-06-20T21:28:46.290+0000] {processor.py:914} INFO - Processing file /home/airflow/.local/lib/python3.12/site-packages/airflow/example_dags/example_latest_only.py for tasks to queue
[2025-06-20T21:28:46.293+0000] {logging_mixin.py:190} INFO - [2025-06-20T21:28:46.293+0000] {dagbag.py:588} INFO - Filling up the DagBag from /home/airflow/.local/lib/python3.12/site-packages/airflow/example_dags/example_latest_only.py
[2025-06-20T21:28:46.356+0000] {processor.py:925} INFO - DAG(s) 'latest_only' retrieved from /home/airflow/.local/lib/python3.12/site-packages/airflow/example_dags/example_latest_only.py
[2025-06-20T21:28:46.385+0000] {logging_mixin.py:190} INFO - [2025-06-20T21:28:46.385+0000] {dag.py:3239} INFO - Sync 1 DAGs
[2025-06-20T21:28:46.425+0000] {logging_mixin.py:190} INFO - [2025-06-20T21:28:46.425+0000] {dag.py:4180} INFO - Setting next_dagrun for latest_only to 2025-06-20 16:00:00+00:00, run_after=2025-06-20 20:00:00+00:00
[2025-06-20T21:28:46.655+0000] {processor.py:208} INFO - Processing /home/airflow/.local/lib/python3.12/site-packages/airflow/example_dags/example_latest_only.py took 0.372 seconds
[2025-06-20T21:29:17.005+0000] {processor.py:186} INFO - Started process (PID=443) to work on /home/airflow/.local/lib/python3.12/site-packages/airflow/example_dags/example_latest_only.py
[2025-06-20T21:29:17.006+0000] {processor.py:914} INFO - Processing file /home/airflow/.local/lib/python3.12/site-packages/airflow/example_dags/example_latest_only.py for tasks to queue
[2025-06-20T21:29:17.008+0000] {logging_mixin.py:190} INFO - [2025-06-20T21:29:17.008+0000] {dagbag.py:588} INFO - Filling up the DagBag from /home/airflow/.local/lib/python3.12/site-packages/airflow/example_dags/example_latest_only.py
[2025-06-20T21:29:17.015+0000] {processor.py:925} INFO - DAG(s) 'latest_only' retrieved from /home/airflow/.local/lib/python3.12/site-packages/airflow/example_dags/example_latest_only.py
[2025-06-20T21:29:17.035+0000] {logging_mixin.py:190} INFO - [2025-06-20T21:29:17.035+0000] {dag.py:3239} INFO - Sync 1 DAGs
[2025-06-20T21:29:17.060+0000] {logging_mixin.py:190} INFO - [2025-06-20T21:29:17.060+0000] {dag.py:4180} INFO - Setting next_dagrun for latest_only to 2025-06-20 16:00:00+00:00, run_after=2025-06-20 20:00:00+00:00
[2025-06-20T21:29:17.282+0000] {processor.py:208} INFO - Processing /home/airflow/.local/lib/python3.12/site-packages/airflow/example_dags/example_latest_only.py took 0.282 seconds
[2025-06-20T21:29:47.603+0000] {processor.py:186} INFO - Started process (PID=507) to work on /home/airflow/.local/lib/python3.12/site-packages/airflow/example_dags/example_latest_only.py
[2025-06-20T21:29:47.604+0000] {processor.py:914} INFO - Processing file /home/airflow/.local/lib/python3.12/site-packages/airflow/example_dags/example_latest_only.py for tasks to queue
[2025-06-20T21:29:47.607+0000] {logging_mixin.py:190} INFO - [2025-06-20T21:29:47.607+0000] {dagbag.py:588} INFO - Filling up the DagBag from /home/airflow/.local/lib/python3.12/site-packages/airflow/example_dags/example_latest_only.py
[2025-06-20T21:29:47.614+0000] {processor.py:925} INFO - DAG(s) 'latest_only' retrieved from /home/airflow/.local/lib/python3.12/site-packages/airflow/example_dags/example_latest_only.py
[2025-06-20T21:29:47.634+0000] {logging_mixin.py:190} INFO - [2025-06-20T21:29:47.634+0000] {dag.py:3239} INFO - Sync 1 DAGs
[2025-06-20T21:29:47.659+0000] {logging_mixin.py:190} INFO - [2025-06-20T21:29:47.659+0000] {dag.py:4180} INFO - Setting next_dagrun for latest_only to 2025-06-20 16:00:00+00:00, run_after=2025-06-20 20:00:00+00:00
[2025-06-20T21:29:47.726+0000] {processor.py:208} INFO - Processing /home/airflow/.local/lib/python3.12/site-packages/airflow/example_dags/example_latest_only.py took 0.129 seconds
[2025-06-20T21:30:18.292+0000] {processor.py:186} INFO - Started process (PID=571) to work on /home/airflow/.local/lib/python3.12/site-packages/airflow/example_dags/example_latest_only.py
[2025-06-20T21:30:18.293+0000] {processor.py:914} INFO - Processing file /home/airflow/.local/lib/python3.12/site-packages/airflow/example_dags/example_latest_only.py for tasks to queue
[2025-06-20T21:30:18.295+0000] {logging_mixin.py:190} INFO - [2025-06-20T21:30:18.295+0000] {dagbag.py:588} INFO - Filling up the DagBag from /home/airflow/.local/lib/python3.12/site-packages/airflow/example_dags/example_latest_only.py
[2025-06-20T21:30:18.301+0000] {processor.py:925} INFO - DAG(s) 'latest_only' retrieved from /home/airflow/.local/lib/python3.12/site-packages/airflow/example_dags/example_latest_only.py
[2025-06-20T21:30:18.322+0000] {logging_mixin.py:190} INFO - [2025-06-20T21:30:18.321+0000] {dag.py:3239} INFO - Sync 1 DAGs
[2025-06-20T21:30:18.349+0000] {logging_mixin.py:190} INFO - [2025-06-20T21:30:18.348+0000] {dag.py:4180} INFO - Setting next_dagrun for latest_only to 2025-06-20 16:00:00+00:00, run_after=2025-06-20 20:00:00+00:00
[2025-06-20T21:30:18.383+0000] {processor.py:208} INFO - Processing /home/airflow/.local/lib/python3.12/site-packages/airflow/example_dags/example_latest_only.py took 0.096 seconds
[2025-06-20T21:30:48.651+0000] {processor.py:186} INFO - Started process (PID=634) to work on /home/airflow/.local/lib/python3.12/site-packages/airflow/example_dags/example_latest_only.py
[2025-06-20T21:30:48.653+0000] {processor.py:914} INFO - Processing file /home/airflow/.local/lib/python3.12/site-packages/airflow/example_dags/example_latest_only.py for tasks to queue
[2025-06-20T21:30:48.659+0000] {logging_mixin.py:190} INFO - [2025-06-20T21:30:48.659+0000] {dagbag.py:588} INFO - Filling up the DagBag from /home/airflow/.local/lib/python3.12/site-packages/airflow/example_dags/example_latest_only.py
[2025-06-20T21:30:48.670+0000] {processor.py:925} INFO - DAG(s) 'latest_only' retrieved from /home/airflow/.local/lib/python3.12/site-packages/airflow/example_dags/example_latest_only.py
[2025-06-20T21:30:48.700+0000] {logging_mixin.py:190} INFO - [2025-06-20T21:30:48.700+0000] {dag.py:3239} INFO - Sync 1 DAGs
[2025-06-20T21:30:48.758+0000] {logging_mixin.py:190} INFO - [2025-06-20T21:30:48.758+0000] {dag.py:4180} INFO - Setting next_dagrun for latest_only to 2025-06-20 16:00:00+00:00, run_after=2025-06-20 20:00:00+00:00
[2025-06-20T21:30:48.942+0000] {processor.py:208} INFO - Processing /home/airflow/.local/lib/python3.12/site-packages/airflow/example_dags/example_latest_only.py took 0.300 seconds
[2025-06-20T21:31:19.132+0000] {processor.py:186} INFO - Started process (PID=692) to work on /home/airflow/.local/lib/python3.12/site-packages/airflow/example_dags/example_latest_only.py
[2025-06-20T21:31:19.133+0000] {processor.py:914} INFO - Processing file /home/airflow/.local/lib/python3.12/site-packages/airflow/example_dags/example_latest_only.py for tasks to queue
[2025-06-20T21:31:19.135+0000] {logging_mixin.py:190} INFO - [2025-06-20T21:31:19.135+0000] {dagbag.py:588} INFO - Filling up the DagBag from /home/airflow/.local/lib/python3.12/site-packages/airflow/example_dags/example_latest_only.py
[2025-06-20T21:31:19.141+0000] {processor.py:925} INFO - DAG(s) 'latest_only' retrieved from /home/airflow/.local/lib/python3.12/site-packages/airflow/example_dags/example_latest_only.py
[2025-06-20T21:31:19.159+0000] {logging_mixin.py:190} INFO - [2025-06-20T21:31:19.158+0000] {dag.py:3239} INFO - Sync 1 DAGs
[2025-06-20T21:31:19.182+0000] {logging_mixin.py:190} INFO - [2025-06-20T21:31:19.182+0000] {dag.py:4180} INFO - Setting next_dagrun for latest_only to 2025-06-20 16:00:00+00:00, run_after=2025-06-20 20:00:00+00:00
[2025-06-20T21:31:19.300+0000] {processor.py:208} INFO - Processing /home/airflow/.local/lib/python3.12/site-packages/airflow/example_dags/example_latest_only.py took 0.173 seconds
[2025-06-20T21:31:50.001+0000] {processor.py:186} INFO - Started process (PID=756) to work on /home/airflow/.local/lib/python3.12/site-packages/airflow/example_dags/example_latest_only.py
[2025-06-20T21:31:50.002+0000] {processor.py:914} INFO - Processing file /home/airflow/.local/lib/python3.12/site-packages/airflow/example_dags/example_latest_only.py for tasks to queue
[2025-06-20T21:31:50.005+0000] {logging_mixin.py:190} INFO - [2025-06-20T21:31:50.004+0000] {dagbag.py:588} INFO - Filling up the DagBag from /home/airflow/.local/lib/python3.12/site-packages/airflow/example_dags/example_latest_only.py
[2025-06-20T21:31:50.013+0000] {processor.py:925} INFO - DAG(s) 'latest_only' retrieved from /home/airflow/.local/lib/python3.12/site-packages/airflow/example_dags/example_latest_only.py
[2025-06-20T21:31:50.035+0000] {logging_mixin.py:190} INFO - [2025-06-20T21:31:50.034+0000] {dag.py:3239} INFO - Sync 1 DAGs
[2025-06-20T21:31:50.060+0000] {logging_mixin.py:190} INFO - [2025-06-20T21:31:50.060+0000] {dag.py:4180} INFO - Setting next_dagrun for latest_only to 2025-06-20 16:00:00+00:00, run_after=2025-06-20 20:00:00+00:00
[2025-06-20T21:31:50.091+0000] {processor.py:208} INFO - Processing /home/airflow/.local/lib/python3.12/site-packages/airflow/example_dags/example_latest_only.py took 0.096 seconds
[2025-06-20T21:32:20.597+0000] {processor.py:186} INFO - Started process (PID=820) to work on /home/airflow/.local/lib/python3.12/site-packages/airflow/example_dags/example_latest_only.py
[2025-06-20T21:32:20.598+0000] {processor.py:914} INFO - Processing file /home/airflow/.local/lib/python3.12/site-packages/airflow/example_dags/example_latest_only.py for tasks to queue
[2025-06-20T21:32:20.600+0000] {logging_mixin.py:190} INFO - [2025-06-20T21:32:20.600+0000] {dagbag.py:588} INFO - Filling up the DagBag from /home/airflow/.local/lib/python3.12/site-packages/airflow/example_dags/example_latest_only.py
[2025-06-20T21:32:20.608+0000] {processor.py:925} INFO - DAG(s) 'latest_only' retrieved from /home/airflow/.local/lib/python3.12/site-packages/airflow/example_dags/example_latest_only.py
[2025-06-20T21:32:20.627+0000] {logging_mixin.py:190} INFO - [2025-06-20T21:32:20.626+0000] {dag.py:3239} INFO - Sync 1 DAGs
[2025-06-20T21:32:20.650+0000] {logging_mixin.py:190} INFO - [2025-06-20T21:32:20.649+0000] {dag.py:4180} INFO - Setting next_dagrun for latest_only to 2025-06-20 16:00:00+00:00, run_after=2025-06-20 20:00:00+00:00
[2025-06-20T21:32:20.788+0000] {processor.py:208} INFO - Processing /home/airflow/.local/lib/python3.12/site-packages/airflow/example_dags/example_latest_only.py took 0.198 seconds
[2025-06-20T21:32:51.523+0000] {processor.py:186} INFO - Started process (PID=884) to work on /home/airflow/.local/lib/python3.12/site-packages/airflow/example_dags/example_latest_only.py
[2025-06-20T21:32:51.524+0000] {processor.py:914} INFO - Processing file /home/airflow/.local/lib/python3.12/site-packages/airflow/example_dags/example_latest_only.py for tasks to queue
[2025-06-20T21:32:51.526+0000] {logging_mixin.py:190} INFO - [2025-06-20T21:32:51.526+0000] {dagbag.py:588} INFO - Filling up the DagBag from /home/airflow/.local/lib/python3.12/site-packages/airflow/example_dags/example_latest_only.py
[2025-06-20T21:32:51.533+0000] {processor.py:925} INFO - DAG(s) 'latest_only' retrieved from /home/airflow/.local/lib/python3.12/site-packages/airflow/example_dags/example_latest_only.py
[2025-06-20T21:32:51.553+0000] {logging_mixin.py:190} INFO - [2025-06-20T21:32:51.553+0000] {dag.py:3239} INFO - Sync 1 DAGs
[2025-06-20T21:32:51.581+0000] {logging_mixin.py:190} INFO - [2025-06-20T21:32:51.581+0000] {dag.py:4180} INFO - Setting next_dagrun for latest_only to 2025-06-20 16:00:00+00:00, run_after=2025-06-20 20:00:00+00:00
[2025-06-20T21:32:51.617+0000] {processor.py:208} INFO - Processing /home/airflow/.local/lib/python3.12/site-packages/airflow/example_dags/example_latest_only.py took 0.099 seconds
[2025-06-20T21:33:22.420+0000] {processor.py:186} INFO - Started process (PID=948) to work on /home/airflow/.local/lib/python3.12/site-packages/airflow/example_dags/example_latest_only.py
[2025-06-20T21:33:22.421+0000] {processor.py:914} INFO - Processing file /home/airflow/.local/lib/python3.12/site-packages/airflow/example_dags/example_latest_only.py for tasks to queue
[2025-06-20T21:33:22.424+0000] {logging_mixin.py:190} INFO - [2025-06-20T21:33:22.423+0000] {dagbag.py:588} INFO - Filling up the DagBag from /home/airflow/.local/lib/python3.12/site-packages/airflow/example_dags/example_latest_only.py
[2025-06-20T21:33:22.435+0000] {processor.py:925} INFO - DAG(s) 'latest_only' retrieved from /home/airflow/.local/lib/python3.12/site-packages/airflow/example_dags/example_latest_only.py
[2025-06-20T21:33:22.458+0000] {logging_mixin.py:190} INFO - [2025-06-20T21:33:22.458+0000] {dag.py:3239} INFO - Sync 1 DAGs
[2025-06-20T21:33:22.483+0000] {logging_mixin.py:190} INFO - [2025-06-20T21:33:22.483+0000] {dag.py:4180} INFO - Setting next_dagrun for latest_only to 2025-06-20 16:00:00+00:00, run_after=2025-06-20 20:00:00+00:00
[2025-06-20T21:33:22.513+0000] {processor.py:208} INFO - Processing /home/airflow/.local/lib/python3.12/site-packages/airflow/example_dags/example_latest_only.py took 0.098 seconds
[2025-06-20T21:33:53.160+0000] {processor.py:186} INFO - Started process (PID=1012) to work on /home/airflow/.local/lib/python3.12/site-packages/airflow/example_dags/example_latest_only.py
[2025-06-20T21:33:53.160+0000] {processor.py:914} INFO - Processing file /home/airflow/.local/lib/python3.12/site-packages/airflow/example_dags/example_latest_only.py for tasks to queue
[2025-06-20T21:33:53.163+0000] {logging_mixin.py:190} INFO - [2025-06-20T21:33:53.163+0000] {dagbag.py:588} INFO - Filling up the DagBag from /home/airflow/.local/lib/python3.12/site-packages/airflow/example_dags/example_latest_only.py
[2025-06-20T21:33:53.170+0000] {processor.py:925} INFO - DAG(s) 'latest_only' retrieved from /home/airflow/.local/lib/python3.12/site-packages/airflow/example_dags/example_latest_only.py
[2025-06-20T21:33:53.188+0000] {logging_mixin.py:190} INFO - [2025-06-20T21:33:53.188+0000] {dag.py:3239} INFO - Sync 1 DAGs
[2025-06-20T21:33:53.212+0000] {logging_mixin.py:190} INFO - [2025-06-20T21:33:53.212+0000] {dag.py:4180} INFO - Setting next_dagrun for latest_only to 2025-06-20 16:00:00+00:00, run_after=2025-06-20 20:00:00+00:00
[2025-06-20T21:33:53.237+0000] {processor.py:208} INFO - Processing /home/airflow/.local/lib/python3.12/site-packages/airflow/example_dags/example_latest_only.py took 0.082 seconds
[2025-06-20T21:34:24.131+0000] {processor.py:186} INFO - Started process (PID=1076) to work on /home/airflow/.local/lib/python3.12/site-packages/airflow/example_dags/example_latest_only.py
[2025-06-20T21:34:24.132+0000] {processor.py:914} INFO - Processing file /home/airflow/.local/lib/python3.12/site-packages/airflow/example_dags/example_latest_only.py for tasks to queue
[2025-06-20T21:34:24.134+0000] {logging_mixin.py:190} INFO - [2025-06-20T21:34:24.134+0000] {dagbag.py:588} INFO - Filling up the DagBag from /home/airflow/.local/lib/python3.12/site-packages/airflow/example_dags/example_latest_only.py
[2025-06-20T21:34:24.141+0000] {processor.py:925} INFO - DAG(s) 'latest_only' retrieved from /home/airflow/.local/lib/python3.12/site-packages/airflow/example_dags/example_latest_only.py
[2025-06-20T21:34:24.161+0000] {logging_mixin.py:190} INFO - [2025-06-20T21:34:24.161+0000] {dag.py:3239} INFO - Sync 1 DAGs
[2025-06-20T21:34:24.184+0000] {logging_mixin.py:190} INFO - [2025-06-20T21:34:24.184+0000] {dag.py:4180} INFO - Setting next_dagrun for latest_only to 2025-06-20 16:00:00+00:00, run_after=2025-06-20 20:00:00+00:00
[2025-06-20T21:34:24.215+0000] {processor.py:208} INFO - Processing /home/airflow/.local/lib/python3.12/site-packages/airflow/example_dags/example_latest_only.py took 0.090 seconds
[2025-06-20T21:34:54.343+0000] {processor.py:186} INFO - Started process (PID=1140) to work on /home/airflow/.local/lib/python3.12/site-packages/airflow/example_dags/example_latest_only.py
[2025-06-20T21:34:54.344+0000] {processor.py:914} INFO - Processing file /home/airflow/.local/lib/python3.12/site-packages/airflow/example_dags/example_latest_only.py for tasks to queue
[2025-06-20T21:34:54.346+0000] {logging_mixin.py:190} INFO - [2025-06-20T21:34:54.346+0000] {dagbag.py:588} INFO - Filling up the DagBag from /home/airflow/.local/lib/python3.12/site-packages/airflow/example_dags/example_latest_only.py
[2025-06-20T21:34:54.354+0000] {processor.py:925} INFO - DAG(s) 'latest_only' retrieved from /home/airflow/.local/lib/python3.12/site-packages/airflow/example_dags/example_latest_only.py
[2025-06-20T21:34:54.373+0000] {logging_mixin.py:190} INFO - [2025-06-20T21:34:54.372+0000] {dag.py:3239} INFO - Sync 1 DAGs
[2025-06-20T21:34:54.395+0000] {logging_mixin.py:190} INFO - [2025-06-20T21:34:54.395+0000] {dag.py:4180} INFO - Setting next_dagrun for latest_only to 2025-06-20 16:00:00+00:00, run_after=2025-06-20 20:00:00+00:00
[2025-06-20T21:34:54.425+0000] {processor.py:208} INFO - Processing /home/airflow/.local/lib/python3.12/site-packages/airflow/example_dags/example_latest_only.py took 0.087 seconds
[2025-06-20T21:35:24.498+0000] {processor.py:186} INFO - Started process (PID=1204) to work on /home/airflow/.local/lib/python3.12/site-packages/airflow/example_dags/example_latest_only.py
[2025-06-20T21:35:24.499+0000] {processor.py:914} INFO - Processing file /home/airflow/.local/lib/python3.12/site-packages/airflow/example_dags/example_latest_only.py for tasks to queue
[2025-06-20T21:35:24.501+0000] {logging_mixin.py:190} INFO - [2025-06-20T21:35:24.501+0000] {dagbag.py:588} INFO - Filling up the DagBag from /home/airflow/.local/lib/python3.12/site-packages/airflow/example_dags/example_latest_only.py
[2025-06-20T21:35:24.507+0000] {processor.py:925} INFO - DAG(s) 'latest_only' retrieved from /home/airflow/.local/lib/python3.12/site-packages/airflow/example_dags/example_latest_only.py
[2025-06-20T21:35:24.530+0000] {logging_mixin.py:190} INFO - [2025-06-20T21:35:24.529+0000] {dag.py:3239} INFO - Sync 1 DAGs
[2025-06-20T21:35:24.553+0000] {logging_mixin.py:190} INFO - [2025-06-20T21:35:24.552+0000] {dag.py:4180} INFO - Setting next_dagrun for latest_only to 2025-06-20 16:00:00+00:00, run_after=2025-06-20 20:00:00+00:00
[2025-06-20T21:35:24.587+0000] {processor.py:208} INFO - Processing /home/airflow/.local/lib/python3.12/site-packages/airflow/example_dags/example_latest_only.py took 0.094 seconds
[2025-06-20T21:35:55.419+0000] {processor.py:186} INFO - Started process (PID=1268) to work on /home/airflow/.local/lib/python3.12/site-packages/airflow/example_dags/example_latest_only.py
[2025-06-20T21:35:55.420+0000] {processor.py:914} INFO - Processing file /home/airflow/.local/lib/python3.12/site-packages/airflow/example_dags/example_latest_only.py for tasks to queue
[2025-06-20T21:35:55.423+0000] {logging_mixin.py:190} INFO - [2025-06-20T21:35:55.423+0000] {dagbag.py:588} INFO - Filling up the DagBag from /home/airflow/.local/lib/python3.12/site-packages/airflow/example_dags/example_latest_only.py
[2025-06-20T21:35:55.431+0000] {processor.py:925} INFO - DAG(s) 'latest_only' retrieved from /home/airflow/.local/lib/python3.12/site-packages/airflow/example_dags/example_latest_only.py
[2025-06-20T21:35:55.450+0000] {logging_mixin.py:190} INFO - [2025-06-20T21:35:55.450+0000] {dag.py:3239} INFO - Sync 1 DAGs
[2025-06-20T21:35:55.474+0000] {logging_mixin.py:190} INFO - [2025-06-20T21:35:55.473+0000] {dag.py:4180} INFO - Setting next_dagrun for latest_only to 2025-06-20 16:00:00+00:00, run_after=2025-06-20 20:00:00+00:00
[2025-06-20T21:35:55.497+0000] {processor.py:208} INFO - Processing /home/airflow/.local/lib/python3.12/site-packages/airflow/example_dags/example_latest_only.py took 0.083 seconds
[2025-06-20T21:36:25.729+0000] {processor.py:186} INFO - Started process (PID=1332) to work on /home/airflow/.local/lib/python3.12/site-packages/airflow/example_dags/example_latest_only.py
[2025-06-20T21:36:25.730+0000] {processor.py:914} INFO - Processing file /home/airflow/.local/lib/python3.12/site-packages/airflow/example_dags/example_latest_only.py for tasks to queue
[2025-06-20T21:36:25.732+0000] {logging_mixin.py:190} INFO - [2025-06-20T21:36:25.732+0000] {dagbag.py:588} INFO - Filling up the DagBag from /home/airflow/.local/lib/python3.12/site-packages/airflow/example_dags/example_latest_only.py
[2025-06-20T21:36:25.738+0000] {processor.py:925} INFO - DAG(s) 'latest_only' retrieved from /home/airflow/.local/lib/python3.12/site-packages/airflow/example_dags/example_latest_only.py
[2025-06-20T21:36:25.755+0000] {logging_mixin.py:190} INFO - [2025-06-20T21:36:25.755+0000] {dag.py:3239} INFO - Sync 1 DAGs
[2025-06-20T21:36:25.779+0000] {logging_mixin.py:190} INFO - [2025-06-20T21:36:25.779+0000] {dag.py:4180} INFO - Setting next_dagrun for latest_only to 2025-06-20 16:00:00+00:00, run_after=2025-06-20 20:00:00+00:00
[2025-06-20T21:36:25.806+0000] {processor.py:208} INFO - Processing /home/airflow/.local/lib/python3.12/site-packages/airflow/example_dags/example_latest_only.py took 0.082 seconds
[2025-06-20T21:36:56.408+0000] {processor.py:186} INFO - Started process (PID=1396) to work on /home/airflow/.local/lib/python3.12/site-packages/airflow/example_dags/example_latest_only.py
[2025-06-20T21:36:56.409+0000] {processor.py:914} INFO - Processing file /home/airflow/.local/lib/python3.12/site-packages/airflow/example_dags/example_latest_only.py for tasks to queue
[2025-06-20T21:36:56.411+0000] {logging_mixin.py:190} INFO - [2025-06-20T21:36:56.411+0000] {dagbag.py:588} INFO - Filling up the DagBag from /home/airflow/.local/lib/python3.12/site-packages/airflow/example_dags/example_latest_only.py
[2025-06-20T21:36:56.417+0000] {processor.py:925} INFO - DAG(s) 'latest_only' retrieved from /home/airflow/.local/lib/python3.12/site-packages/airflow/example_dags/example_latest_only.py
[2025-06-20T21:36:56.435+0000] {logging_mixin.py:190} INFO - [2025-06-20T21:36:56.434+0000] {dag.py:3239} INFO - Sync 1 DAGs
[2025-06-20T21:36:56.458+0000] {logging_mixin.py:190} INFO - [2025-06-20T21:36:56.457+0000] {dag.py:4180} INFO - Setting next_dagrun for latest_only to 2025-06-20 16:00:00+00:00, run_after=2025-06-20 20:00:00+00:00
[2025-06-20T21:36:56.485+0000] {processor.py:208} INFO - Processing /home/airflow/.local/lib/python3.12/site-packages/airflow/example_dags/example_latest_only.py took 0.082 seconds
[2025-06-20T21:37:27.038+0000] {processor.py:186} INFO - Started process (PID=1460) to work on /home/airflow/.local/lib/python3.12/site-packages/airflow/example_dags/example_latest_only.py
[2025-06-20T21:37:27.040+0000] {processor.py:914} INFO - Processing file /home/airflow/.local/lib/python3.12/site-packages/airflow/example_dags/example_latest_only.py for tasks to queue
[2025-06-20T21:37:27.042+0000] {logging_mixin.py:190} INFO - [2025-06-20T21:37:27.042+0000] {dagbag.py:588} INFO - Filling up the DagBag from /home/airflow/.local/lib/python3.12/site-packages/airflow/example_dags/example_latest_only.py
[2025-06-20T21:37:27.050+0000] {processor.py:925} INFO - DAG(s) 'latest_only' retrieved from /home/airflow/.local/lib/python3.12/site-packages/airflow/example_dags/example_latest_only.py
[2025-06-20T21:37:27.072+0000] {logging_mixin.py:190} INFO - [2025-06-20T21:37:27.072+0000] {dag.py:3239} INFO - Sync 1 DAGs
[2025-06-20T21:37:27.098+0000] {logging_mixin.py:190} INFO - [2025-06-20T21:37:27.098+0000] {dag.py:4180} INFO - Setting next_dagrun for latest_only to 2025-06-20 16:00:00+00:00, run_after=2025-06-20 20:00:00+00:00
[2025-06-20T21:37:27.193+0000] {processor.py:208} INFO - Processing /home/airflow/.local/lib/python3.12/site-packages/airflow/example_dags/example_latest_only.py took 0.160 seconds
[2025-06-20T21:37:58.288+0000] {processor.py:186} INFO - Started process (PID=1518) to work on /home/airflow/.local/lib/python3.12/site-packages/airflow/example_dags/example_latest_only.py
[2025-06-20T21:37:58.289+0000] {processor.py:914} INFO - Processing file /home/airflow/.local/lib/python3.12/site-packages/airflow/example_dags/example_latest_only.py for tasks to queue
[2025-06-20T21:37:58.292+0000] {logging_mixin.py:190} INFO - [2025-06-20T21:37:58.292+0000] {dagbag.py:588} INFO - Filling up the DagBag from /home/airflow/.local/lib/python3.12/site-packages/airflow/example_dags/example_latest_only.py
[2025-06-20T21:37:58.302+0000] {processor.py:925} INFO - DAG(s) 'latest_only' retrieved from /home/airflow/.local/lib/python3.12/site-packages/airflow/example_dags/example_latest_only.py
[2025-06-20T21:37:58.327+0000] {logging_mixin.py:190} INFO - [2025-06-20T21:37:58.327+0000] {dag.py:3239} INFO - Sync 1 DAGs
[2025-06-20T21:37:58.356+0000] {logging_mixin.py:190} INFO - [2025-06-20T21:37:58.356+0000] {dag.py:4180} INFO - Setting next_dagrun for latest_only to 2025-06-20 16:00:00+00:00, run_after=2025-06-20 20:00:00+00:00
[2025-06-20T21:37:58.392+0000] {processor.py:208} INFO - Processing /home/airflow/.local/lib/python3.12/site-packages/airflow/example_dags/example_latest_only.py took 0.111 seconds
[2025-06-20T21:38:30.247+0000] {processor.py:186} INFO - Started process (PID=1582) to work on /home/airflow/.local/lib/python3.12/site-packages/airflow/example_dags/example_latest_only.py
[2025-06-20T21:38:30.249+0000] {processor.py:914} INFO - Processing file /home/airflow/.local/lib/python3.12/site-packages/airflow/example_dags/example_latest_only.py for tasks to queue
[2025-06-20T21:38:30.251+0000] {logging_mixin.py:190} INFO - [2025-06-20T21:38:30.251+0000] {dagbag.py:588} INFO - Filling up the DagBag from /home/airflow/.local/lib/python3.12/site-packages/airflow/example_dags/example_latest_only.py
[2025-06-20T21:38:30.258+0000] {processor.py:925} INFO - DAG(s) 'latest_only' retrieved from /home/airflow/.local/lib/python3.12/site-packages/airflow/example_dags/example_latest_only.py
[2025-06-20T21:38:30.287+0000] {logging_mixin.py:190} INFO - [2025-06-20T21:38:30.287+0000] {dag.py:3239} INFO - Sync 1 DAGs
[2025-06-20T21:38:30.312+0000] {logging_mixin.py:190} INFO - [2025-06-20T21:38:30.311+0000] {dag.py:4180} INFO - Setting next_dagrun for latest_only to 2025-06-20 16:00:00+00:00, run_after=2025-06-20 20:00:00+00:00
[2025-06-20T21:38:30.494+0000] {processor.py:208} INFO - Processing /home/airflow/.local/lib/python3.12/site-packages/airflow/example_dags/example_latest_only.py took 0.252 seconds
[2025-06-20T21:39:01.201+0000] {processor.py:186} INFO - Started process (PID=1646) to work on /home/airflow/.local/lib/python3.12/site-packages/airflow/example_dags/example_latest_only.py
[2025-06-20T21:39:01.203+0000] {processor.py:914} INFO - Processing file /home/airflow/.local/lib/python3.12/site-packages/airflow/example_dags/example_latest_only.py for tasks to queue
[2025-06-20T21:39:01.205+0000] {logging_mixin.py:190} INFO - [2025-06-20T21:39:01.205+0000] {dagbag.py:588} INFO - Filling up the DagBag from /home/airflow/.local/lib/python3.12/site-packages/airflow/example_dags/example_latest_only.py
[2025-06-20T21:39:01.216+0000] {processor.py:925} INFO - DAG(s) 'latest_only' retrieved from /home/airflow/.local/lib/python3.12/site-packages/airflow/example_dags/example_latest_only.py
[2025-06-20T21:39:01.242+0000] {logging_mixin.py:190} INFO - [2025-06-20T21:39:01.242+0000] {dag.py:3239} INFO - Sync 1 DAGs
[2025-06-20T21:39:01.271+0000] {logging_mixin.py:190} INFO - [2025-06-20T21:39:01.270+0000] {dag.py:4180} INFO - Setting next_dagrun for latest_only to 2025-06-20 16:00:00+00:00, run_after=2025-06-20 20:00:00+00:00
[2025-06-20T21:39:01.300+0000] {processor.py:208} INFO - Processing /home/airflow/.local/lib/python3.12/site-packages/airflow/example_dags/example_latest_only.py took 0.106 seconds
[2025-06-20T21:39:32.380+0000] {processor.py:186} INFO - Started process (PID=1710) to work on /home/airflow/.local/lib/python3.12/site-packages/airflow/example_dags/example_latest_only.py
[2025-06-20T21:39:32.382+0000] {processor.py:914} INFO - Processing file /home/airflow/.local/lib/python3.12/site-packages/airflow/example_dags/example_latest_only.py for tasks to queue
[2025-06-20T21:39:32.384+0000] {logging_mixin.py:190} INFO - [2025-06-20T21:39:32.383+0000] {dagbag.py:588} INFO - Filling up the DagBag from /home/airflow/.local/lib/python3.12/site-packages/airflow/example_dags/example_latest_only.py
[2025-06-20T21:39:32.391+0000] {processor.py:925} INFO - DAG(s) 'latest_only' retrieved from /home/airflow/.local/lib/python3.12/site-packages/airflow/example_dags/example_latest_only.py
[2025-06-20T21:39:32.409+0000] {logging_mixin.py:190} INFO - [2025-06-20T21:39:32.409+0000] {dag.py:3239} INFO - Sync 1 DAGs
[2025-06-20T21:39:32.433+0000] {logging_mixin.py:190} INFO - [2025-06-20T21:39:32.433+0000] {dag.py:4180} INFO - Setting next_dagrun for latest_only to 2025-06-20 16:00:00+00:00, run_after=2025-06-20 20:00:00+00:00
[2025-06-20T21:39:32.463+0000] {processor.py:208} INFO - Processing /home/airflow/.local/lib/python3.12/site-packages/airflow/example_dags/example_latest_only.py took 0.088 seconds
[2025-06-20T21:40:04.418+0000] {processor.py:186} INFO - Started process (PID=1774) to work on /home/airflow/.local/lib/python3.12/site-packages/airflow/example_dags/example_latest_only.py
[2025-06-20T21:40:04.420+0000] {processor.py:914} INFO - Processing file /home/airflow/.local/lib/python3.12/site-packages/airflow/example_dags/example_latest_only.py for tasks to queue
[2025-06-20T21:40:04.422+0000] {logging_mixin.py:190} INFO - [2025-06-20T21:40:04.422+0000] {dagbag.py:588} INFO - Filling up the DagBag from /home/airflow/.local/lib/python3.12/site-packages/airflow/example_dags/example_latest_only.py
[2025-06-20T21:40:04.431+0000] {processor.py:925} INFO - DAG(s) 'latest_only' retrieved from /home/airflow/.local/lib/python3.12/site-packages/airflow/example_dags/example_latest_only.py
[2025-06-20T21:40:04.451+0000] {logging_mixin.py:190} INFO - [2025-06-20T21:40:04.451+0000] {dag.py:3239} INFO - Sync 1 DAGs
[2025-06-20T21:40:04.475+0000] {logging_mixin.py:190} INFO - [2025-06-20T21:40:04.474+0000] {dag.py:4180} INFO - Setting next_dagrun for latest_only to 2025-06-20 16:00:00+00:00, run_after=2025-06-20 20:00:00+00:00
[2025-06-20T21:40:04.528+0000] {processor.py:208} INFO - Processing /home/airflow/.local/lib/python3.12/site-packages/airflow/example_dags/example_latest_only.py took 0.115 seconds
[2025-06-20T21:40:34.948+0000] {processor.py:186} INFO - Started process (PID=1832) to work on /home/airflow/.local/lib/python3.12/site-packages/airflow/example_dags/example_latest_only.py
[2025-06-20T21:40:34.949+0000] {processor.py:914} INFO - Processing file /home/airflow/.local/lib/python3.12/site-packages/airflow/example_dags/example_latest_only.py for tasks to queue
[2025-06-20T21:40:34.951+0000] {logging_mixin.py:190} INFO - [2025-06-20T21:40:34.951+0000] {dagbag.py:588} INFO - Filling up the DagBag from /home/airflow/.local/lib/python3.12/site-packages/airflow/example_dags/example_latest_only.py
[2025-06-20T21:40:34.958+0000] {processor.py:925} INFO - DAG(s) 'latest_only' retrieved from /home/airflow/.local/lib/python3.12/site-packages/airflow/example_dags/example_latest_only.py
[2025-06-20T21:40:34.976+0000] {logging_mixin.py:190} INFO - [2025-06-20T21:40:34.976+0000] {dag.py:3239} INFO - Sync 1 DAGs
[2025-06-20T21:40:35.000+0000] {logging_mixin.py:190} INFO - [2025-06-20T21:40:35.000+0000] {dag.py:4180} INFO - Setting next_dagrun for latest_only to 2025-06-20 16:00:00+00:00, run_after=2025-06-20 20:00:00+00:00
[2025-06-20T21:40:35.070+0000] {processor.py:208} INFO - Processing /home/airflow/.local/lib/python3.12/site-packages/airflow/example_dags/example_latest_only.py took 0.127 seconds
[2025-06-20T21:41:05.564+0000] {processor.py:186} INFO - Started process (PID=1896) to work on /home/airflow/.local/lib/python3.12/site-packages/airflow/example_dags/example_latest_only.py
[2025-06-20T21:41:05.565+0000] {processor.py:914} INFO - Processing file /home/airflow/.local/lib/python3.12/site-packages/airflow/example_dags/example_latest_only.py for tasks to queue
[2025-06-20T21:41:05.568+0000] {logging_mixin.py:190} INFO - [2025-06-20T21:41:05.567+0000] {dagbag.py:588} INFO - Filling up the DagBag from /home/airflow/.local/lib/python3.12/site-packages/airflow/example_dags/example_latest_only.py
[2025-06-20T21:41:05.575+0000] {processor.py:925} INFO - DAG(s) 'latest_only' retrieved from /home/airflow/.local/lib/python3.12/site-packages/airflow/example_dags/example_latest_only.py
[2025-06-20T21:41:05.596+0000] {logging_mixin.py:190} INFO - [2025-06-20T21:41:05.595+0000] {dag.py:3239} INFO - Sync 1 DAGs
[2025-06-20T21:41:05.620+0000] {logging_mixin.py:190} INFO - [2025-06-20T21:41:05.620+0000] {dag.py:4180} INFO - Setting next_dagrun for latest_only to 2025-06-20 16:00:00+00:00, run_after=2025-06-20 20:00:00+00:00
[2025-06-20T21:41:05.654+0000] {processor.py:208} INFO - Processing /home/airflow/.local/lib/python3.12/site-packages/airflow/example_dags/example_latest_only.py took 0.095 seconds
[2025-06-20T21:41:36.645+0000] {processor.py:186} INFO - Started process (PID=1960) to work on /home/airflow/.local/lib/python3.12/site-packages/airflow/example_dags/example_latest_only.py
[2025-06-20T21:41:36.646+0000] {processor.py:914} INFO - Processing file /home/airflow/.local/lib/python3.12/site-packages/airflow/example_dags/example_latest_only.py for tasks to queue
[2025-06-20T21:41:36.649+0000] {logging_mixin.py:190} INFO - [2025-06-20T21:41:36.649+0000] {dagbag.py:588} INFO - Filling up the DagBag from /home/airflow/.local/lib/python3.12/site-packages/airflow/example_dags/example_latest_only.py
[2025-06-20T21:41:36.656+0000] {processor.py:925} INFO - DAG(s) 'latest_only' retrieved from /home/airflow/.local/lib/python3.12/site-packages/airflow/example_dags/example_latest_only.py
[2025-06-20T21:41:36.678+0000] {logging_mixin.py:190} INFO - [2025-06-20T21:41:36.678+0000] {dag.py:3239} INFO - Sync 1 DAGs
[2025-06-20T21:41:36.707+0000] {logging_mixin.py:190} INFO - [2025-06-20T21:41:36.706+0000] {dag.py:4180} INFO - Setting next_dagrun for latest_only to 2025-06-20 16:00:00+00:00, run_after=2025-06-20 20:00:00+00:00
[2025-06-20T21:41:36.735+0000] {processor.py:208} INFO - Processing /home/airflow/.local/lib/python3.12/site-packages/airflow/example_dags/example_latest_only.py took 0.095 seconds
[2025-06-20T21:42:09.201+0000] {processor.py:186} INFO - Started process (PID=2030) to work on /home/airflow/.local/lib/python3.12/site-packages/airflow/example_dags/example_latest_only.py
[2025-06-20T21:42:09.203+0000] {processor.py:914} INFO - Processing file /home/airflow/.local/lib/python3.12/site-packages/airflow/example_dags/example_latest_only.py for tasks to queue
[2025-06-20T21:42:09.205+0000] {logging_mixin.py:190} INFO - [2025-06-20T21:42:09.205+0000] {dagbag.py:588} INFO - Filling up the DagBag from /home/airflow/.local/lib/python3.12/site-packages/airflow/example_dags/example_latest_only.py
[2025-06-20T21:42:09.212+0000] {processor.py:925} INFO - DAG(s) 'latest_only' retrieved from /home/airflow/.local/lib/python3.12/site-packages/airflow/example_dags/example_latest_only.py
[2025-06-20T21:42:09.238+0000] {logging_mixin.py:190} INFO - [2025-06-20T21:42:09.238+0000] {dag.py:3239} INFO - Sync 1 DAGs
[2025-06-20T21:42:09.268+0000] {logging_mixin.py:190} INFO - [2025-06-20T21:42:09.268+0000] {dag.py:4180} INFO - Setting next_dagrun for latest_only to 2025-06-20 16:00:00+00:00, run_after=2025-06-20 20:00:00+00:00
[2025-06-20T21:42:09.307+0000] {processor.py:208} INFO - Processing /home/airflow/.local/lib/python3.12/site-packages/airflow/example_dags/example_latest_only.py took 0.110 seconds
[2025-06-20T21:42:40.346+0000] {processor.py:186} INFO - Started process (PID=2094) to work on /home/airflow/.local/lib/python3.12/site-packages/airflow/example_dags/example_latest_only.py
[2025-06-20T21:42:40.347+0000] {processor.py:914} INFO - Processing file /home/airflow/.local/lib/python3.12/site-packages/airflow/example_dags/example_latest_only.py for tasks to queue
[2025-06-20T21:42:40.349+0000] {logging_mixin.py:190} INFO - [2025-06-20T21:42:40.349+0000] {dagbag.py:588} INFO - Filling up the DagBag from /home/airflow/.local/lib/python3.12/site-packages/airflow/example_dags/example_latest_only.py
[2025-06-20T21:42:40.356+0000] {processor.py:925} INFO - DAG(s) 'latest_only' retrieved from /home/airflow/.local/lib/python3.12/site-packages/airflow/example_dags/example_latest_only.py
[2025-06-20T21:42:40.374+0000] {logging_mixin.py:190} INFO - [2025-06-20T21:42:40.374+0000] {dag.py:3239} INFO - Sync 1 DAGs
[2025-06-20T21:42:40.398+0000] {logging_mixin.py:190} INFO - [2025-06-20T21:42:40.398+0000] {dag.py:4180} INFO - Setting next_dagrun for latest_only to 2025-06-20 16:00:00+00:00, run_after=2025-06-20 20:00:00+00:00
[2025-06-20T21:42:40.424+0000] {processor.py:208} INFO - Processing /home/airflow/.local/lib/python3.12/site-packages/airflow/example_dags/example_latest_only.py took 0.084 seconds
[2025-06-20T21:43:11.800+0000] {processor.py:186} INFO - Started process (PID=2154) to work on /home/airflow/.local/lib/python3.12/site-packages/airflow/example_dags/example_latest_only.py
[2025-06-20T21:43:11.802+0000] {processor.py:914} INFO - Processing file /home/airflow/.local/lib/python3.12/site-packages/airflow/example_dags/example_latest_only.py for tasks to queue
[2025-06-20T21:43:11.804+0000] {logging_mixin.py:190} INFO - [2025-06-20T21:43:11.804+0000] {dagbag.py:588} INFO - Filling up the DagBag from /home/airflow/.local/lib/python3.12/site-packages/airflow/example_dags/example_latest_only.py
[2025-06-20T21:43:11.811+0000] {processor.py:925} INFO - DAG(s) 'latest_only' retrieved from /home/airflow/.local/lib/python3.12/site-packages/airflow/example_dags/example_latest_only.py
[2025-06-20T21:43:11.831+0000] {logging_mixin.py:190} INFO - [2025-06-20T21:43:11.830+0000] {dag.py:3239} INFO - Sync 1 DAGs
[2025-06-20T21:43:11.855+0000] {logging_mixin.py:190} INFO - [2025-06-20T21:43:11.854+0000] {dag.py:4180} INFO - Setting next_dagrun for latest_only to 2025-06-20 16:00:00+00:00, run_after=2025-06-20 20:00:00+00:00
[2025-06-20T21:43:11.881+0000] {processor.py:208} INFO - Processing /home/airflow/.local/lib/python3.12/site-packages/airflow/example_dags/example_latest_only.py took 0.086 seconds
[2025-06-20T21:43:43.329+0000] {processor.py:186} INFO - Started process (PID=2220) to work on /home/airflow/.local/lib/python3.12/site-packages/airflow/example_dags/example_latest_only.py
[2025-06-20T21:43:43.332+0000] {processor.py:914} INFO - Processing file /home/airflow/.local/lib/python3.12/site-packages/airflow/example_dags/example_latest_only.py for tasks to queue
[2025-06-20T21:43:43.334+0000] {logging_mixin.py:190} INFO - [2025-06-20T21:43:43.334+0000] {dagbag.py:588} INFO - Filling up the DagBag from /home/airflow/.local/lib/python3.12/site-packages/airflow/example_dags/example_latest_only.py
[2025-06-20T21:43:43.341+0000] {processor.py:925} INFO - DAG(s) 'latest_only' retrieved from /home/airflow/.local/lib/python3.12/site-packages/airflow/example_dags/example_latest_only.py
[2025-06-20T21:43:43.363+0000] {logging_mixin.py:190} INFO - [2025-06-20T21:43:43.362+0000] {dag.py:3239} INFO - Sync 1 DAGs
[2025-06-20T21:43:43.389+0000] {logging_mixin.py:190} INFO - [2025-06-20T21:43:43.389+0000] {dag.py:4180} INFO - Setting next_dagrun for latest_only to 2025-06-20 16:00:00+00:00, run_after=2025-06-20 20:00:00+00:00
[2025-06-20T21:43:43.430+0000] {processor.py:208} INFO - Processing /home/airflow/.local/lib/python3.12/site-packages/airflow/example_dags/example_latest_only.py took 0.106 seconds
[2025-06-20T21:44:14.653+0000] {processor.py:186} INFO - Started process (PID=2290) to work on /home/airflow/.local/lib/python3.12/site-packages/airflow/example_dags/example_latest_only.py
[2025-06-20T21:44:14.654+0000] {processor.py:914} INFO - Processing file /home/airflow/.local/lib/python3.12/site-packages/airflow/example_dags/example_latest_only.py for tasks to queue
[2025-06-20T21:44:14.656+0000] {logging_mixin.py:190} INFO - [2025-06-20T21:44:14.656+0000] {dagbag.py:588} INFO - Filling up the DagBag from /home/airflow/.local/lib/python3.12/site-packages/airflow/example_dags/example_latest_only.py
[2025-06-20T21:44:14.663+0000] {processor.py:925} INFO - DAG(s) 'latest_only' retrieved from /home/airflow/.local/lib/python3.12/site-packages/airflow/example_dags/example_latest_only.py
[2025-06-20T21:44:14.683+0000] {logging_mixin.py:190} INFO - [2025-06-20T21:44:14.683+0000] {dag.py:3239} INFO - Sync 1 DAGs
[2025-06-20T21:44:14.706+0000] {logging_mixin.py:190} INFO - [2025-06-20T21:44:14.706+0000] {dag.py:4180} INFO - Setting next_dagrun for latest_only to 2025-06-20 16:00:00+00:00, run_after=2025-06-20 20:00:00+00:00
[2025-06-20T21:44:14.734+0000] {processor.py:208} INFO - Processing /home/airflow/.local/lib/python3.12/site-packages/airflow/example_dags/example_latest_only.py took 0.087 seconds
[2025-06-20T21:44:46.224+0000] {processor.py:186} INFO - Started process (PID=2354) to work on /home/airflow/.local/lib/python3.12/site-packages/airflow/example_dags/example_latest_only.py
[2025-06-20T21:44:46.225+0000] {processor.py:914} INFO - Processing file /home/airflow/.local/lib/python3.12/site-packages/airflow/example_dags/example_latest_only.py for tasks to queue
[2025-06-20T21:44:46.228+0000] {logging_mixin.py:190} INFO - [2025-06-20T21:44:46.227+0000] {dagbag.py:588} INFO - Filling up the DagBag from /home/airflow/.local/lib/python3.12/site-packages/airflow/example_dags/example_latest_only.py
[2025-06-20T21:44:46.235+0000] {processor.py:925} INFO - DAG(s) 'latest_only' retrieved from /home/airflow/.local/lib/python3.12/site-packages/airflow/example_dags/example_latest_only.py
[2025-06-20T21:44:46.257+0000] {logging_mixin.py:190} INFO - [2025-06-20T21:44:46.257+0000] {dag.py:3239} INFO - Sync 1 DAGs
[2025-06-20T21:44:46.282+0000] {logging_mixin.py:190} INFO - [2025-06-20T21:44:46.282+0000] {dag.py:4180} INFO - Setting next_dagrun for latest_only to 2025-06-20 16:00:00+00:00, run_after=2025-06-20 20:00:00+00:00
[2025-06-20T21:44:46.310+0000] {processor.py:208} INFO - Processing /home/airflow/.local/lib/python3.12/site-packages/airflow/example_dags/example_latest_only.py took 0.092 seconds
[2025-06-20T21:45:18.170+0000] {processor.py:186} INFO - Started process (PID=2418) to work on /home/airflow/.local/lib/python3.12/site-packages/airflow/example_dags/example_latest_only.py
[2025-06-20T21:45:18.171+0000] {processor.py:914} INFO - Processing file /home/airflow/.local/lib/python3.12/site-packages/airflow/example_dags/example_latest_only.py for tasks to queue
[2025-06-20T21:45:18.173+0000] {logging_mixin.py:190} INFO - [2025-06-20T21:45:18.173+0000] {dagbag.py:588} INFO - Filling up the DagBag from /home/airflow/.local/lib/python3.12/site-packages/airflow/example_dags/example_latest_only.py
[2025-06-20T21:45:18.179+0000] {processor.py:925} INFO - DAG(s) 'latest_only' retrieved from /home/airflow/.local/lib/python3.12/site-packages/airflow/example_dags/example_latest_only.py
[2025-06-20T21:45:18.199+0000] {logging_mixin.py:190} INFO - [2025-06-20T21:45:18.199+0000] {dag.py:3239} INFO - Sync 1 DAGs
[2025-06-20T21:45:18.223+0000] {logging_mixin.py:190} INFO - [2025-06-20T21:45:18.222+0000] {dag.py:4180} INFO - Setting next_dagrun for latest_only to 2025-06-20 16:00:00+00:00, run_after=2025-06-20 20:00:00+00:00
[2025-06-20T21:45:18.264+0000] {processor.py:208} INFO - Processing /home/airflow/.local/lib/python3.12/site-packages/airflow/example_dags/example_latest_only.py took 0.099 seconds
[2025-06-20T21:45:50.218+0000] {processor.py:186} INFO - Started process (PID=2482) to work on /home/airflow/.local/lib/python3.12/site-packages/airflow/example_dags/example_latest_only.py
[2025-06-20T21:45:50.220+0000] {processor.py:914} INFO - Processing file /home/airflow/.local/lib/python3.12/site-packages/airflow/example_dags/example_latest_only.py for tasks to queue
[2025-06-20T21:45:50.222+0000] {logging_mixin.py:190} INFO - [2025-06-20T21:45:50.222+0000] {dagbag.py:588} INFO - Filling up the DagBag from /home/airflow/.local/lib/python3.12/site-packages/airflow/example_dags/example_latest_only.py
[2025-06-20T21:45:50.230+0000] {processor.py:925} INFO - DAG(s) 'latest_only' retrieved from /home/airflow/.local/lib/python3.12/site-packages/airflow/example_dags/example_latest_only.py
[2025-06-20T21:45:50.254+0000] {logging_mixin.py:190} INFO - [2025-06-20T21:45:50.254+0000] {dag.py:3239} INFO - Sync 1 DAGs
[2025-06-20T21:45:50.280+0000] {logging_mixin.py:190} INFO - [2025-06-20T21:45:50.279+0000] {dag.py:4180} INFO - Setting next_dagrun for latest_only to 2025-06-20 16:00:00+00:00, run_after=2025-06-20 20:00:00+00:00
[2025-06-20T21:45:50.329+0000] {processor.py:208} INFO - Processing /home/airflow/.local/lib/python3.12/site-packages/airflow/example_dags/example_latest_only.py took 0.117 seconds
[2025-06-20T21:46:21.712+0000] {processor.py:186} INFO - Started process (PID=2546) to work on /home/airflow/.local/lib/python3.12/site-packages/airflow/example_dags/example_latest_only.py
[2025-06-20T21:46:21.713+0000] {processor.py:914} INFO - Processing file /home/airflow/.local/lib/python3.12/site-packages/airflow/example_dags/example_latest_only.py for tasks to queue
[2025-06-20T21:46:21.717+0000] {logging_mixin.py:190} INFO - [2025-06-20T21:46:21.716+0000] {dagbag.py:588} INFO - Filling up the DagBag from /home/airflow/.local/lib/python3.12/site-packages/airflow/example_dags/example_latest_only.py
[2025-06-20T21:46:21.724+0000] {processor.py:925} INFO - DAG(s) 'latest_only' retrieved from /home/airflow/.local/lib/python3.12/site-packages/airflow/example_dags/example_latest_only.py
[2025-06-20T21:46:21.744+0000] {logging_mixin.py:190} INFO - [2025-06-20T21:46:21.744+0000] {dag.py:3239} INFO - Sync 1 DAGs
[2025-06-20T21:46:21.767+0000] {logging_mixin.py:190} INFO - [2025-06-20T21:46:21.767+0000] {dag.py:4180} INFO - Setting next_dagrun for latest_only to 2025-06-20 16:00:00+00:00, run_after=2025-06-20 20:00:00+00:00
[2025-06-20T21:46:21.794+0000] {processor.py:208} INFO - Processing /home/airflow/.local/lib/python3.12/site-packages/airflow/example_dags/example_latest_only.py took 0.088 seconds
[2025-06-20T21:46:52.743+0000] {processor.py:186} INFO - Started process (PID=2610) to work on /home/airflow/.local/lib/python3.12/site-packages/airflow/example_dags/example_latest_only.py
[2025-06-20T21:46:52.744+0000] {processor.py:914} INFO - Processing file /home/airflow/.local/lib/python3.12/site-packages/airflow/example_dags/example_latest_only.py for tasks to queue
[2025-06-20T21:46:52.747+0000] {logging_mixin.py:190} INFO - [2025-06-20T21:46:52.746+0000] {dagbag.py:588} INFO - Filling up the DagBag from /home/airflow/.local/lib/python3.12/site-packages/airflow/example_dags/example_latest_only.py
[2025-06-20T21:46:52.754+0000] {processor.py:925} INFO - DAG(s) 'latest_only' retrieved from /home/airflow/.local/lib/python3.12/site-packages/airflow/example_dags/example_latest_only.py
[2025-06-20T21:46:52.779+0000] {logging_mixin.py:190} INFO - [2025-06-20T21:46:52.779+0000] {dag.py:3239} INFO - Sync 1 DAGs
[2025-06-20T21:46:52.804+0000] {logging_mixin.py:190} INFO - [2025-06-20T21:46:52.804+0000] {dag.py:4180} INFO - Setting next_dagrun for latest_only to 2025-06-20 16:00:00+00:00, run_after=2025-06-20 20:00:00+00:00
[2025-06-20T21:46:52.874+0000] {processor.py:208} INFO - Processing /home/airflow/.local/lib/python3.12/site-packages/airflow/example_dags/example_latest_only.py took 0.136 seconds
[2025-06-20T21:47:24.036+0000] {processor.py:186} INFO - Started process (PID=2674) to work on /home/airflow/.local/lib/python3.12/site-packages/airflow/example_dags/example_latest_only.py
[2025-06-20T21:47:24.037+0000] {processor.py:914} INFO - Processing file /home/airflow/.local/lib/python3.12/site-packages/airflow/example_dags/example_latest_only.py for tasks to queue
[2025-06-20T21:47:24.040+0000] {logging_mixin.py:190} INFO - [2025-06-20T21:47:24.040+0000] {dagbag.py:588} INFO - Filling up the DagBag from /home/airflow/.local/lib/python3.12/site-packages/airflow/example_dags/example_latest_only.py
[2025-06-20T21:47:24.047+0000] {processor.py:925} INFO - DAG(s) 'latest_only' retrieved from /home/airflow/.local/lib/python3.12/site-packages/airflow/example_dags/example_latest_only.py
[2025-06-20T21:47:24.068+0000] {logging_mixin.py:190} INFO - [2025-06-20T21:47:24.068+0000] {dag.py:3239} INFO - Sync 1 DAGs
[2025-06-20T21:47:24.094+0000] {logging_mixin.py:190} INFO - [2025-06-20T21:47:24.094+0000] {dag.py:4180} INFO - Setting next_dagrun for latest_only to 2025-06-20 16:00:00+00:00, run_after=2025-06-20 20:00:00+00:00
[2025-06-20T21:47:24.128+0000] {processor.py:208} INFO - Processing /home/airflow/.local/lib/python3.12/site-packages/airflow/example_dags/example_latest_only.py took 0.098 seconds
[2025-06-20T21:47:55.859+0000] {processor.py:186} INFO - Started process (PID=2738) to work on /home/airflow/.local/lib/python3.12/site-packages/airflow/example_dags/example_latest_only.py
[2025-06-20T21:47:55.860+0000] {processor.py:914} INFO - Processing file /home/airflow/.local/lib/python3.12/site-packages/airflow/example_dags/example_latest_only.py for tasks to queue
[2025-06-20T21:47:55.864+0000] {logging_mixin.py:190} INFO - [2025-06-20T21:47:55.864+0000] {dagbag.py:588} INFO - Filling up the DagBag from /home/airflow/.local/lib/python3.12/site-packages/airflow/example_dags/example_latest_only.py
[2025-06-20T21:47:55.871+0000] {processor.py:925} INFO - DAG(s) 'latest_only' retrieved from /home/airflow/.local/lib/python3.12/site-packages/airflow/example_dags/example_latest_only.py
[2025-06-20T21:47:55.892+0000] {logging_mixin.py:190} INFO - [2025-06-20T21:47:55.891+0000] {dag.py:3239} INFO - Sync 1 DAGs
[2025-06-20T21:47:55.915+0000] {logging_mixin.py:190} INFO - [2025-06-20T21:47:55.915+0000] {dag.py:4180} INFO - Setting next_dagrun for latest_only to 2025-06-20 16:00:00+00:00, run_after=2025-06-20 20:00:00+00:00
[2025-06-20T21:47:55.943+0000] {processor.py:208} INFO - Processing /home/airflow/.local/lib/python3.12/site-packages/airflow/example_dags/example_latest_only.py took 0.089 seconds
[2025-06-20T21:48:27.178+0000] {processor.py:186} INFO - Started process (PID=2802) to work on /home/airflow/.local/lib/python3.12/site-packages/airflow/example_dags/example_latest_only.py
[2025-06-20T21:48:27.179+0000] {processor.py:914} INFO - Processing file /home/airflow/.local/lib/python3.12/site-packages/airflow/example_dags/example_latest_only.py for tasks to queue
[2025-06-20T21:48:27.182+0000] {logging_mixin.py:190} INFO - [2025-06-20T21:48:27.181+0000] {dagbag.py:588} INFO - Filling up the DagBag from /home/airflow/.local/lib/python3.12/site-packages/airflow/example_dags/example_latest_only.py
[2025-06-20T21:48:27.189+0000] {processor.py:925} INFO - DAG(s) 'latest_only' retrieved from /home/airflow/.local/lib/python3.12/site-packages/airflow/example_dags/example_latest_only.py
[2025-06-20T21:48:27.208+0000] {logging_mixin.py:190} INFO - [2025-06-20T21:48:27.208+0000] {dag.py:3239} INFO - Sync 1 DAGs
[2025-06-20T21:48:27.230+0000] {logging_mixin.py:190} INFO - [2025-06-20T21:48:27.230+0000] {dag.py:4180} INFO - Setting next_dagrun for latest_only to 2025-06-20 16:00:00+00:00, run_after=2025-06-20 20:00:00+00:00
[2025-06-20T21:48:27.261+0000] {processor.py:208} INFO - Processing /home/airflow/.local/lib/python3.12/site-packages/airflow/example_dags/example_latest_only.py took 0.088 seconds
[2025-06-20T21:48:58.324+0000] {processor.py:186} INFO - Started process (PID=2866) to work on /home/airflow/.local/lib/python3.12/site-packages/airflow/example_dags/example_latest_only.py
[2025-06-20T21:48:58.326+0000] {processor.py:914} INFO - Processing file /home/airflow/.local/lib/python3.12/site-packages/airflow/example_dags/example_latest_only.py for tasks to queue
[2025-06-20T21:48:58.328+0000] {logging_mixin.py:190} INFO - [2025-06-20T21:48:58.328+0000] {dagbag.py:588} INFO - Filling up the DagBag from /home/airflow/.local/lib/python3.12/site-packages/airflow/example_dags/example_latest_only.py
[2025-06-20T21:48:58.336+0000] {processor.py:925} INFO - DAG(s) 'latest_only' retrieved from /home/airflow/.local/lib/python3.12/site-packages/airflow/example_dags/example_latest_only.py
[2025-06-20T21:48:58.356+0000] {logging_mixin.py:190} INFO - [2025-06-20T21:48:58.356+0000] {dag.py:3239} INFO - Sync 1 DAGs
[2025-06-20T21:48:58.381+0000] {logging_mixin.py:190} INFO - [2025-06-20T21:48:58.381+0000] {dag.py:4180} INFO - Setting next_dagrun for latest_only to 2025-06-20 16:00:00+00:00, run_after=2025-06-20 20:00:00+00:00
[2025-06-20T21:48:58.435+0000] {processor.py:208} INFO - Processing /home/airflow/.local/lib/python3.12/site-packages/airflow/example_dags/example_latest_only.py took 0.115 seconds
[2025-06-20T21:49:29.809+0000] {processor.py:186} INFO - Started process (PID=2930) to work on /home/airflow/.local/lib/python3.12/site-packages/airflow/example_dags/example_latest_only.py
[2025-06-20T21:49:29.810+0000] {processor.py:914} INFO - Processing file /home/airflow/.local/lib/python3.12/site-packages/airflow/example_dags/example_latest_only.py for tasks to queue
[2025-06-20T21:49:29.813+0000] {logging_mixin.py:190} INFO - [2025-06-20T21:49:29.812+0000] {dagbag.py:588} INFO - Filling up the DagBag from /home/airflow/.local/lib/python3.12/site-packages/airflow/example_dags/example_latest_only.py
[2025-06-20T21:49:29.820+0000] {processor.py:925} INFO - DAG(s) 'latest_only' retrieved from /home/airflow/.local/lib/python3.12/site-packages/airflow/example_dags/example_latest_only.py
[2025-06-20T21:49:29.839+0000] {logging_mixin.py:190} INFO - [2025-06-20T21:49:29.839+0000] {dag.py:3239} INFO - Sync 1 DAGs
[2025-06-20T21:49:29.863+0000] {logging_mixin.py:190} INFO - [2025-06-20T21:49:29.863+0000] {dag.py:4180} INFO - Setting next_dagrun for latest_only to 2025-06-20 16:00:00+00:00, run_after=2025-06-20 20:00:00+00:00
[2025-06-20T21:49:29.888+0000] {processor.py:208} INFO - Processing /home/airflow/.local/lib/python3.12/site-packages/airflow/example_dags/example_latest_only.py took 0.084 seconds
[2025-06-20T21:50:01.358+0000] {processor.py:186} INFO - Started process (PID=2994) to work on /home/airflow/.local/lib/python3.12/site-packages/airflow/example_dags/example_latest_only.py
[2025-06-20T21:50:01.359+0000] {processor.py:914} INFO - Processing file /home/airflow/.local/lib/python3.12/site-packages/airflow/example_dags/example_latest_only.py for tasks to queue
[2025-06-20T21:50:01.362+0000] {logging_mixin.py:190} INFO - [2025-06-20T21:50:01.361+0000] {dagbag.py:588} INFO - Filling up the DagBag from /home/airflow/.local/lib/python3.12/site-packages/airflow/example_dags/example_latest_only.py
[2025-06-20T21:50:01.368+0000] {processor.py:925} INFO - DAG(s) 'latest_only' retrieved from /home/airflow/.local/lib/python3.12/site-packages/airflow/example_dags/example_latest_only.py
[2025-06-20T21:50:01.387+0000] {logging_mixin.py:190} INFO - [2025-06-20T21:50:01.386+0000] {dag.py:3239} INFO - Sync 1 DAGs
[2025-06-20T21:50:01.409+0000] {logging_mixin.py:190} INFO - [2025-06-20T21:50:01.409+0000] {dag.py:4180} INFO - Setting next_dagrun for latest_only to 2025-06-20 16:00:00+00:00, run_after=2025-06-20 20:00:00+00:00
[2025-06-20T21:50:01.439+0000] {processor.py:208} INFO - Processing /home/airflow/.local/lib/python3.12/site-packages/airflow/example_dags/example_latest_only.py took 0.086 seconds
[2025-06-20T21:50:34.074+0000] {processor.py:186} INFO - Started process (PID=3058) to work on /home/airflow/.local/lib/python3.12/site-packages/airflow/example_dags/example_latest_only.py
[2025-06-20T21:50:34.075+0000] {processor.py:914} INFO - Processing file /home/airflow/.local/lib/python3.12/site-packages/airflow/example_dags/example_latest_only.py for tasks to queue
[2025-06-20T21:50:34.077+0000] {logging_mixin.py:190} INFO - [2025-06-20T21:50:34.076+0000] {dagbag.py:588} INFO - Filling up the DagBag from /home/airflow/.local/lib/python3.12/site-packages/airflow/example_dags/example_latest_only.py
[2025-06-20T21:50:34.084+0000] {processor.py:925} INFO - DAG(s) 'latest_only' retrieved from /home/airflow/.local/lib/python3.12/site-packages/airflow/example_dags/example_latest_only.py
[2025-06-20T21:50:34.102+0000] {logging_mixin.py:190} INFO - [2025-06-20T21:50:34.102+0000] {dag.py:3239} INFO - Sync 1 DAGs
[2025-06-20T21:50:34.124+0000] {logging_mixin.py:190} INFO - [2025-06-20T21:50:34.123+0000] {dag.py:4180} INFO - Setting next_dagrun for latest_only to 2025-06-20 16:00:00+00:00, run_after=2025-06-20 20:00:00+00:00
[2025-06-20T21:50:34.153+0000] {processor.py:208} INFO - Processing /home/airflow/.local/lib/python3.12/site-packages/airflow/example_dags/example_latest_only.py took 0.085 seconds
[2025-06-20T21:51:07.095+0000] {processor.py:186} INFO - Started process (PID=3124) to work on /home/airflow/.local/lib/python3.12/site-packages/airflow/example_dags/example_latest_only.py
[2025-06-20T21:51:07.096+0000] {processor.py:914} INFO - Processing file /home/airflow/.local/lib/python3.12/site-packages/airflow/example_dags/example_latest_only.py for tasks to queue
[2025-06-20T21:51:07.098+0000] {logging_mixin.py:190} INFO - [2025-06-20T21:51:07.098+0000] {dagbag.py:588} INFO - Filling up the DagBag from /home/airflow/.local/lib/python3.12/site-packages/airflow/example_dags/example_latest_only.py
[2025-06-20T21:51:07.105+0000] {processor.py:925} INFO - DAG(s) 'latest_only' retrieved from /home/airflow/.local/lib/python3.12/site-packages/airflow/example_dags/example_latest_only.py
[2025-06-20T21:51:07.129+0000] {logging_mixin.py:190} INFO - [2025-06-20T21:51:07.128+0000] {dag.py:3239} INFO - Sync 1 DAGs
[2025-06-20T21:51:07.153+0000] {logging_mixin.py:190} INFO - [2025-06-20T21:51:07.153+0000] {dag.py:4180} INFO - Setting next_dagrun for latest_only to 2025-06-20 16:00:00+00:00, run_after=2025-06-20 20:00:00+00:00
[2025-06-20T21:51:07.186+0000] {processor.py:208} INFO - Processing /home/airflow/.local/lib/python3.12/site-packages/airflow/example_dags/example_latest_only.py took 0.095 seconds
[2025-06-20T21:51:37.865+0000] {processor.py:186} INFO - Started process (PID=3188) to work on /home/airflow/.local/lib/python3.12/site-packages/airflow/example_dags/example_latest_only.py
[2025-06-20T21:51:37.866+0000] {processor.py:914} INFO - Processing file /home/airflow/.local/lib/python3.12/site-packages/airflow/example_dags/example_latest_only.py for tasks to queue
[2025-06-20T21:51:37.868+0000] {logging_mixin.py:190} INFO - [2025-06-20T21:51:37.868+0000] {dagbag.py:588} INFO - Filling up the DagBag from /home/airflow/.local/lib/python3.12/site-packages/airflow/example_dags/example_latest_only.py
[2025-06-20T21:51:37.875+0000] {processor.py:925} INFO - DAG(s) 'latest_only' retrieved from /home/airflow/.local/lib/python3.12/site-packages/airflow/example_dags/example_latest_only.py
[2025-06-20T21:51:37.896+0000] {logging_mixin.py:190} INFO - [2025-06-20T21:51:37.896+0000] {dag.py:3239} INFO - Sync 1 DAGs
[2025-06-20T21:51:38.049+0000] {logging_mixin.py:190} INFO - [2025-06-20T21:51:38.049+0000] {dag.py:4180} INFO - Setting next_dagrun for latest_only to 2025-06-20 16:00:00+00:00, run_after=2025-06-20 20:00:00+00:00
[2025-06-20T21:51:38.072+0000] {processor.py:208} INFO - Processing /home/airflow/.local/lib/python3.12/site-packages/airflow/example_dags/example_latest_only.py took 0.212 seconds
[2025-06-20T21:52:08.791+0000] {processor.py:186} INFO - Started process (PID=3252) to work on /home/airflow/.local/lib/python3.12/site-packages/airflow/example_dags/example_latest_only.py
[2025-06-20T21:52:08.792+0000] {processor.py:914} INFO - Processing file /home/airflow/.local/lib/python3.12/site-packages/airflow/example_dags/example_latest_only.py for tasks to queue
[2025-06-20T21:52:08.795+0000] {logging_mixin.py:190} INFO - [2025-06-20T21:52:08.795+0000] {dagbag.py:588} INFO - Filling up the DagBag from /home/airflow/.local/lib/python3.12/site-packages/airflow/example_dags/example_latest_only.py
[2025-06-20T21:52:08.802+0000] {processor.py:925} INFO - DAG(s) 'latest_only' retrieved from /home/airflow/.local/lib/python3.12/site-packages/airflow/example_dags/example_latest_only.py
[2025-06-20T21:52:08.823+0000] {logging_mixin.py:190} INFO - [2025-06-20T21:52:08.822+0000] {dag.py:3239} INFO - Sync 1 DAGs
[2025-06-20T21:52:08.852+0000] {logging_mixin.py:190} INFO - [2025-06-20T21:52:08.852+0000] {dag.py:4180} INFO - Setting next_dagrun for latest_only to 2025-06-20 16:00:00+00:00, run_after=2025-06-20 20:00:00+00:00
[2025-06-20T21:52:09.040+0000] {processor.py:208} INFO - Processing /home/airflow/.local/lib/python3.12/site-packages/airflow/example_dags/example_latest_only.py took 0.253 seconds
[2025-06-20T21:52:39.785+0000] {processor.py:186} INFO - Started process (PID=3316) to work on /home/airflow/.local/lib/python3.12/site-packages/airflow/example_dags/example_latest_only.py
[2025-06-20T21:52:39.786+0000] {processor.py:914} INFO - Processing file /home/airflow/.local/lib/python3.12/site-packages/airflow/example_dags/example_latest_only.py for tasks to queue
[2025-06-20T21:52:39.788+0000] {logging_mixin.py:190} INFO - [2025-06-20T21:52:39.788+0000] {dagbag.py:588} INFO - Filling up the DagBag from /home/airflow/.local/lib/python3.12/site-packages/airflow/example_dags/example_latest_only.py
[2025-06-20T21:52:39.795+0000] {processor.py:925} INFO - DAG(s) 'latest_only' retrieved from /home/airflow/.local/lib/python3.12/site-packages/airflow/example_dags/example_latest_only.py
[2025-06-20T21:52:39.814+0000] {logging_mixin.py:190} INFO - [2025-06-20T21:52:39.814+0000] {dag.py:3239} INFO - Sync 1 DAGs
[2025-06-20T21:52:39.835+0000] {logging_mixin.py:190} INFO - [2025-06-20T21:52:39.835+0000] {dag.py:4180} INFO - Setting next_dagrun for latest_only to 2025-06-20 16:00:00+00:00, run_after=2025-06-20 20:00:00+00:00
[2025-06-20T21:52:39.857+0000] {processor.py:208} INFO - Processing /home/airflow/.local/lib/python3.12/site-packages/airflow/example_dags/example_latest_only.py took 0.077 seconds
[2025-06-20T21:53:10.893+0000] {processor.py:186} INFO - Started process (PID=3380) to work on /home/airflow/.local/lib/python3.12/site-packages/airflow/example_dags/example_latest_only.py
[2025-06-20T21:53:10.894+0000] {processor.py:914} INFO - Processing file /home/airflow/.local/lib/python3.12/site-packages/airflow/example_dags/example_latest_only.py for tasks to queue
[2025-06-20T21:53:10.896+0000] {logging_mixin.py:190} INFO - [2025-06-20T21:53:10.896+0000] {dagbag.py:588} INFO - Filling up the DagBag from /home/airflow/.local/lib/python3.12/site-packages/airflow/example_dags/example_latest_only.py
[2025-06-20T21:53:10.902+0000] {processor.py:925} INFO - DAG(s) 'latest_only' retrieved from /home/airflow/.local/lib/python3.12/site-packages/airflow/example_dags/example_latest_only.py
[2025-06-20T21:53:10.922+0000] {logging_mixin.py:190} INFO - [2025-06-20T21:53:10.922+0000] {dag.py:3239} INFO - Sync 1 DAGs
[2025-06-20T21:53:10.944+0000] {logging_mixin.py:190} INFO - [2025-06-20T21:53:10.943+0000] {dag.py:4180} INFO - Setting next_dagrun for latest_only to 2025-06-20 16:00:00+00:00, run_after=2025-06-20 20:00:00+00:00
[2025-06-20T21:53:10.964+0000] {processor.py:208} INFO - Processing /home/airflow/.local/lib/python3.12/site-packages/airflow/example_dags/example_latest_only.py took 0.077 seconds
[2025-06-20T21:53:41.604+0000] {processor.py:186} INFO - Started process (PID=3444) to work on /home/airflow/.local/lib/python3.12/site-packages/airflow/example_dags/example_latest_only.py
[2025-06-20T21:53:41.606+0000] {processor.py:914} INFO - Processing file /home/airflow/.local/lib/python3.12/site-packages/airflow/example_dags/example_latest_only.py for tasks to queue
[2025-06-20T21:53:41.608+0000] {logging_mixin.py:190} INFO - [2025-06-20T21:53:41.608+0000] {dagbag.py:588} INFO - Filling up the DagBag from /home/airflow/.local/lib/python3.12/site-packages/airflow/example_dags/example_latest_only.py
[2025-06-20T21:53:41.614+0000] {processor.py:925} INFO - DAG(s) 'latest_only' retrieved from /home/airflow/.local/lib/python3.12/site-packages/airflow/example_dags/example_latest_only.py
[2025-06-20T21:53:41.632+0000] {logging_mixin.py:190} INFO - [2025-06-20T21:53:41.632+0000] {dag.py:3239} INFO - Sync 1 DAGs
[2025-06-20T21:53:41.655+0000] {logging_mixin.py:190} INFO - [2025-06-20T21:53:41.655+0000] {dag.py:4180} INFO - Setting next_dagrun for latest_only to 2025-06-20 16:00:00+00:00, run_after=2025-06-20 20:00:00+00:00
[2025-06-20T21:53:41.707+0000] {processor.py:208} INFO - Processing /home/airflow/.local/lib/python3.12/site-packages/airflow/example_dags/example_latest_only.py took 0.108 seconds
[2025-06-20T21:55:52.954+0000] {processor.py:186} INFO - Started process (PID=109) to work on /home/airflow/.local/lib/python3.12/site-packages/airflow/example_dags/example_latest_only.py
[2025-06-20T21:55:52.955+0000] {processor.py:914} INFO - Processing file /home/airflow/.local/lib/python3.12/site-packages/airflow/example_dags/example_latest_only.py for tasks to queue
[2025-06-20T21:55:52.957+0000] {logging_mixin.py:190} INFO - [2025-06-20T21:55:52.957+0000] {dagbag.py:588} INFO - Filling up the DagBag from /home/airflow/.local/lib/python3.12/site-packages/airflow/example_dags/example_latest_only.py
[2025-06-20T21:55:52.964+0000] {processor.py:925} INFO - DAG(s) 'latest_only' retrieved from /home/airflow/.local/lib/python3.12/site-packages/airflow/example_dags/example_latest_only.py
[2025-06-20T21:55:53.090+0000] {logging_mixin.py:190} INFO - [2025-06-20T21:55:53.089+0000] {override.py:1911} INFO - Created Permission View: can delete on DAG:latest_only
[2025-06-20T21:55:53.113+0000] {logging_mixin.py:190} INFO - [2025-06-20T21:55:53.112+0000] {override.py:1911} INFO - Created Permission View: can edit on DAG:latest_only
[2025-06-20T21:55:53.123+0000] {logging_mixin.py:190} INFO - [2025-06-20T21:55:53.122+0000] {override.py:1911} INFO - Created Permission View: can read on DAG:latest_only
[2025-06-20T21:55:53.166+0000] {logging_mixin.py:190} INFO - [2025-06-20T21:55:53.166+0000] {override.py:1911} INFO - Created Permission View: can delete on DAG Run:latest_only
[2025-06-20T21:55:53.188+0000] {logging_mixin.py:190} INFO - [2025-06-20T21:55:53.188+0000] {override.py:1911} INFO - Created Permission View: menu access on DAG Run:latest_only
[2025-06-20T21:55:53.209+0000] {logging_mixin.py:190} INFO - [2025-06-20T21:55:53.209+0000] {override.py:1911} INFO - Created Permission View: can create on DAG Run:latest_only
[2025-06-20T21:55:53.231+0000] {logging_mixin.py:190} INFO - [2025-06-20T21:55:53.230+0000] {override.py:1911} INFO - Created Permission View: can read on DAG Run:latest_only
[2025-06-20T21:55:53.232+0000] {logging_mixin.py:190} INFO - [2025-06-20T21:55:53.232+0000] {dag.py:3239} INFO - Sync 1 DAGs
[2025-06-20T21:55:53.243+0000] {logging_mixin.py:190} INFO - [2025-06-20T21:55:53.243+0000] {dag.py:3262} INFO - Creating ORM DAG for latest_only
[2025-06-20T21:55:53.253+0000] {logging_mixin.py:190} INFO - [2025-06-20T21:55:53.252+0000] {dag.py:4180} INFO - Setting next_dagrun for latest_only to 2025-06-20 16:00:00+00:00, run_after=2025-06-20 20:00:00+00:00
[2025-06-20T21:55:53.282+0000] {processor.py:208} INFO - Processing /home/airflow/.local/lib/python3.12/site-packages/airflow/example_dags/example_latest_only.py took 0.333 seconds
[2025-06-20T21:56:23.914+0000] {processor.py:186} INFO - Started process (PID=173) to work on /home/airflow/.local/lib/python3.12/site-packages/airflow/example_dags/example_latest_only.py
[2025-06-20T21:56:23.915+0000] {processor.py:914} INFO - Processing file /home/airflow/.local/lib/python3.12/site-packages/airflow/example_dags/example_latest_only.py for tasks to queue
[2025-06-20T21:56:23.918+0000] {logging_mixin.py:190} INFO - [2025-06-20T21:56:23.917+0000] {dagbag.py:588} INFO - Filling up the DagBag from /home/airflow/.local/lib/python3.12/site-packages/airflow/example_dags/example_latest_only.py
[2025-06-20T21:56:23.924+0000] {processor.py:925} INFO - DAG(s) 'latest_only' retrieved from /home/airflow/.local/lib/python3.12/site-packages/airflow/example_dags/example_latest_only.py
[2025-06-20T21:56:23.943+0000] {logging_mixin.py:190} INFO - [2025-06-20T21:56:23.943+0000] {dag.py:3239} INFO - Sync 1 DAGs
[2025-06-20T21:56:23.967+0000] {logging_mixin.py:190} INFO - [2025-06-20T21:56:23.967+0000] {dag.py:4180} INFO - Setting next_dagrun for latest_only to 2025-06-20 16:00:00+00:00, run_after=2025-06-20 20:00:00+00:00
[2025-06-20T21:56:24.055+0000] {processor.py:208} INFO - Processing /home/airflow/.local/lib/python3.12/site-packages/airflow/example_dags/example_latest_only.py took 0.146 seconds
[2025-06-20T21:56:54.216+0000] {processor.py:186} INFO - Started process (PID=237) to work on /home/airflow/.local/lib/python3.12/site-packages/airflow/example_dags/example_latest_only.py
[2025-06-20T21:56:54.217+0000] {processor.py:914} INFO - Processing file /home/airflow/.local/lib/python3.12/site-packages/airflow/example_dags/example_latest_only.py for tasks to queue
[2025-06-20T21:56:54.219+0000] {logging_mixin.py:190} INFO - [2025-06-20T21:56:54.219+0000] {dagbag.py:588} INFO - Filling up the DagBag from /home/airflow/.local/lib/python3.12/site-packages/airflow/example_dags/example_latest_only.py
[2025-06-20T21:56:54.226+0000] {processor.py:925} INFO - DAG(s) 'latest_only' retrieved from /home/airflow/.local/lib/python3.12/site-packages/airflow/example_dags/example_latest_only.py
[2025-06-20T21:56:54.247+0000] {logging_mixin.py:190} INFO - [2025-06-20T21:56:54.247+0000] {dag.py:3239} INFO - Sync 1 DAGs
[2025-06-20T21:56:54.271+0000] {logging_mixin.py:190} INFO - [2025-06-20T21:56:54.271+0000] {dag.py:4180} INFO - Setting next_dagrun for latest_only to 2025-06-20 16:00:00+00:00, run_after=2025-06-20 20:00:00+00:00
[2025-06-20T21:56:54.294+0000] {processor.py:208} INFO - Processing /home/airflow/.local/lib/python3.12/site-packages/airflow/example_dags/example_latest_only.py took 0.083 seconds
[2025-06-20T21:57:24.582+0000] {processor.py:186} INFO - Started process (PID=301) to work on /home/airflow/.local/lib/python3.12/site-packages/airflow/example_dags/example_latest_only.py
[2025-06-20T21:57:24.584+0000] {processor.py:914} INFO - Processing file /home/airflow/.local/lib/python3.12/site-packages/airflow/example_dags/example_latest_only.py for tasks to queue
[2025-06-20T21:57:24.586+0000] {logging_mixin.py:190} INFO - [2025-06-20T21:57:24.586+0000] {dagbag.py:588} INFO - Filling up the DagBag from /home/airflow/.local/lib/python3.12/site-packages/airflow/example_dags/example_latest_only.py
[2025-06-20T21:57:24.592+0000] {processor.py:925} INFO - DAG(s) 'latest_only' retrieved from /home/airflow/.local/lib/python3.12/site-packages/airflow/example_dags/example_latest_only.py
[2025-06-20T21:57:24.611+0000] {logging_mixin.py:190} INFO - [2025-06-20T21:57:24.611+0000] {dag.py:3239} INFO - Sync 1 DAGs
[2025-06-20T21:57:24.633+0000] {logging_mixin.py:190} INFO - [2025-06-20T21:57:24.632+0000] {dag.py:4180} INFO - Setting next_dagrun for latest_only to 2025-06-20 16:00:00+00:00, run_after=2025-06-20 20:00:00+00:00
[2025-06-20T21:57:24.662+0000] {processor.py:208} INFO - Processing /home/airflow/.local/lib/python3.12/site-packages/airflow/example_dags/example_latest_only.py took 0.084 seconds
[2025-06-20T21:57:55.031+0000] {processor.py:186} INFO - Started process (PID=365) to work on /home/airflow/.local/lib/python3.12/site-packages/airflow/example_dags/example_latest_only.py
[2025-06-20T21:57:55.032+0000] {processor.py:914} INFO - Processing file /home/airflow/.local/lib/python3.12/site-packages/airflow/example_dags/example_latest_only.py for tasks to queue
[2025-06-20T21:57:55.034+0000] {logging_mixin.py:190} INFO - [2025-06-20T21:57:55.034+0000] {dagbag.py:588} INFO - Filling up the DagBag from /home/airflow/.local/lib/python3.12/site-packages/airflow/example_dags/example_latest_only.py
[2025-06-20T21:57:55.040+0000] {processor.py:925} INFO - DAG(s) 'latest_only' retrieved from /home/airflow/.local/lib/python3.12/site-packages/airflow/example_dags/example_latest_only.py
[2025-06-20T21:57:55.061+0000] {logging_mixin.py:190} INFO - [2025-06-20T21:57:55.060+0000] {dag.py:3239} INFO - Sync 1 DAGs
[2025-06-20T21:57:55.085+0000] {logging_mixin.py:190} INFO - [2025-06-20T21:57:55.085+0000] {dag.py:4180} INFO - Setting next_dagrun for latest_only to 2025-06-20 16:00:00+00:00, run_after=2025-06-20 20:00:00+00:00
[2025-06-20T21:57:55.109+0000] {processor.py:208} INFO - Processing /home/airflow/.local/lib/python3.12/site-packages/airflow/example_dags/example_latest_only.py took 0.083 seconds
[2025-06-20T21:58:26.890+0000] {processor.py:186} INFO - Started process (PID=437) to work on /home/airflow/.local/lib/python3.12/site-packages/airflow/example_dags/example_latest_only.py
[2025-06-20T21:58:26.892+0000] {processor.py:914} INFO - Processing file /home/airflow/.local/lib/python3.12/site-packages/airflow/example_dags/example_latest_only.py for tasks to queue
[2025-06-20T21:58:26.894+0000] {logging_mixin.py:190} INFO - [2025-06-20T21:58:26.894+0000] {dagbag.py:588} INFO - Filling up the DagBag from /home/airflow/.local/lib/python3.12/site-packages/airflow/example_dags/example_latest_only.py
[2025-06-20T21:58:26.902+0000] {processor.py:925} INFO - DAG(s) 'latest_only' retrieved from /home/airflow/.local/lib/python3.12/site-packages/airflow/example_dags/example_latest_only.py
[2025-06-20T21:58:26.923+0000] {logging_mixin.py:190} INFO - [2025-06-20T21:58:26.922+0000] {dag.py:3239} INFO - Sync 1 DAGs
[2025-06-20T21:58:26.945+0000] {logging_mixin.py:190} INFO - [2025-06-20T21:58:26.945+0000] {dag.py:4180} INFO - Setting next_dagrun for latest_only to 2025-06-20 16:00:00+00:00, run_after=2025-06-20 20:00:00+00:00
[2025-06-20T21:58:26.982+0000] {processor.py:208} INFO - Processing /home/airflow/.local/lib/python3.12/site-packages/airflow/example_dags/example_latest_only.py took 0.097 seconds
[2025-06-20T21:58:58.037+0000] {processor.py:186} INFO - Started process (PID=501) to work on /home/airflow/.local/lib/python3.12/site-packages/airflow/example_dags/example_latest_only.py
[2025-06-20T21:58:58.038+0000] {processor.py:914} INFO - Processing file /home/airflow/.local/lib/python3.12/site-packages/airflow/example_dags/example_latest_only.py for tasks to queue
[2025-06-20T21:58:58.040+0000] {logging_mixin.py:190} INFO - [2025-06-20T21:58:58.040+0000] {dagbag.py:588} INFO - Filling up the DagBag from /home/airflow/.local/lib/python3.12/site-packages/airflow/example_dags/example_latest_only.py
[2025-06-20T21:58:58.046+0000] {processor.py:925} INFO - DAG(s) 'latest_only' retrieved from /home/airflow/.local/lib/python3.12/site-packages/airflow/example_dags/example_latest_only.py
[2025-06-20T21:58:58.066+0000] {logging_mixin.py:190} INFO - [2025-06-20T21:58:58.066+0000] {dag.py:3239} INFO - Sync 1 DAGs
[2025-06-20T21:58:58.091+0000] {logging_mixin.py:190} INFO - [2025-06-20T21:58:58.091+0000] {dag.py:4180} INFO - Setting next_dagrun for latest_only to 2025-06-20 16:00:00+00:00, run_after=2025-06-20 20:00:00+00:00
[2025-06-20T21:58:58.121+0000] {processor.py:208} INFO - Processing /home/airflow/.local/lib/python3.12/site-packages/airflow/example_dags/example_latest_only.py took 0.089 seconds
[2025-06-20T21:59:29.351+0000] {processor.py:186} INFO - Started process (PID=565) to work on /home/airflow/.local/lib/python3.12/site-packages/airflow/example_dags/example_latest_only.py
[2025-06-20T21:59:29.353+0000] {processor.py:914} INFO - Processing file /home/airflow/.local/lib/python3.12/site-packages/airflow/example_dags/example_latest_only.py for tasks to queue
[2025-06-20T21:59:29.355+0000] {logging_mixin.py:190} INFO - [2025-06-20T21:59:29.355+0000] {dagbag.py:588} INFO - Filling up the DagBag from /home/airflow/.local/lib/python3.12/site-packages/airflow/example_dags/example_latest_only.py
[2025-06-20T21:59:29.362+0000] {processor.py:925} INFO - DAG(s) 'latest_only' retrieved from /home/airflow/.local/lib/python3.12/site-packages/airflow/example_dags/example_latest_only.py
[2025-06-20T21:59:29.381+0000] {logging_mixin.py:190} INFO - [2025-06-20T21:59:29.381+0000] {dag.py:3239} INFO - Sync 1 DAGs
[2025-06-20T21:59:29.405+0000] {logging_mixin.py:190} INFO - [2025-06-20T21:59:29.405+0000] {dag.py:4180} INFO - Setting next_dagrun for latest_only to 2025-06-20 16:00:00+00:00, run_after=2025-06-20 20:00:00+00:00
[2025-06-20T21:59:29.432+0000] {processor.py:208} INFO - Processing /home/airflow/.local/lib/python3.12/site-packages/airflow/example_dags/example_latest_only.py took 0.086 seconds
[2025-06-20T22:00:00.606+0000] {processor.py:186} INFO - Started process (PID=629) to work on /home/airflow/.local/lib/python3.12/site-packages/airflow/example_dags/example_latest_only.py
[2025-06-20T22:00:00.607+0000] {processor.py:914} INFO - Processing file /home/airflow/.local/lib/python3.12/site-packages/airflow/example_dags/example_latest_only.py for tasks to queue
[2025-06-20T22:00:00.610+0000] {logging_mixin.py:190} INFO - [2025-06-20T22:00:00.609+0000] {dagbag.py:588} INFO - Filling up the DagBag from /home/airflow/.local/lib/python3.12/site-packages/airflow/example_dags/example_latest_only.py
[2025-06-20T22:00:00.617+0000] {processor.py:925} INFO - DAG(s) 'latest_only' retrieved from /home/airflow/.local/lib/python3.12/site-packages/airflow/example_dags/example_latest_only.py
[2025-06-20T22:00:00.635+0000] {logging_mixin.py:190} INFO - [2025-06-20T22:00:00.634+0000] {dag.py:3239} INFO - Sync 1 DAGs
[2025-06-20T22:00:00.657+0000] {logging_mixin.py:190} INFO - [2025-06-20T22:00:00.657+0000] {dag.py:4180} INFO - Setting next_dagrun for latest_only to 2025-06-20 16:00:00+00:00, run_after=2025-06-20 20:00:00+00:00
[2025-06-20T22:00:00.682+0000] {processor.py:208} INFO - Processing /home/airflow/.local/lib/python3.12/site-packages/airflow/example_dags/example_latest_only.py took 0.081 seconds
[2025-06-20T22:00:32.333+0000] {processor.py:186} INFO - Started process (PID=693) to work on /home/airflow/.local/lib/python3.12/site-packages/airflow/example_dags/example_latest_only.py
[2025-06-20T22:00:32.334+0000] {processor.py:914} INFO - Processing file /home/airflow/.local/lib/python3.12/site-packages/airflow/example_dags/example_latest_only.py for tasks to queue
[2025-06-20T22:00:32.338+0000] {logging_mixin.py:190} INFO - [2025-06-20T22:00:32.337+0000] {dagbag.py:588} INFO - Filling up the DagBag from /home/airflow/.local/lib/python3.12/site-packages/airflow/example_dags/example_latest_only.py
[2025-06-20T22:00:32.345+0000] {processor.py:925} INFO - DAG(s) 'latest_only' retrieved from /home/airflow/.local/lib/python3.12/site-packages/airflow/example_dags/example_latest_only.py
[2025-06-20T22:00:32.363+0000] {logging_mixin.py:190} INFO - [2025-06-20T22:00:32.363+0000] {dag.py:3239} INFO - Sync 1 DAGs
[2025-06-20T22:00:32.387+0000] {logging_mixin.py:190} INFO - [2025-06-20T22:00:32.386+0000] {dag.py:4180} INFO - Setting next_dagrun for latest_only to 2025-06-20 16:00:00+00:00, run_after=2025-06-20 20:00:00+00:00
[2025-06-20T22:00:32.411+0000] {processor.py:208} INFO - Processing /home/airflow/.local/lib/python3.12/site-packages/airflow/example_dags/example_latest_only.py took 0.084 seconds
[2025-06-20T22:01:03.638+0000] {processor.py:186} INFO - Started process (PID=757) to work on /home/airflow/.local/lib/python3.12/site-packages/airflow/example_dags/example_latest_only.py
[2025-06-20T22:01:03.639+0000] {processor.py:914} INFO - Processing file /home/airflow/.local/lib/python3.12/site-packages/airflow/example_dags/example_latest_only.py for tasks to queue
[2025-06-20T22:01:03.642+0000] {logging_mixin.py:190} INFO - [2025-06-20T22:01:03.641+0000] {dagbag.py:588} INFO - Filling up the DagBag from /home/airflow/.local/lib/python3.12/site-packages/airflow/example_dags/example_latest_only.py
[2025-06-20T22:01:03.649+0000] {processor.py:925} INFO - DAG(s) 'latest_only' retrieved from /home/airflow/.local/lib/python3.12/site-packages/airflow/example_dags/example_latest_only.py
[2025-06-20T22:01:03.669+0000] {logging_mixin.py:190} INFO - [2025-06-20T22:01:03.668+0000] {dag.py:3239} INFO - Sync 1 DAGs
[2025-06-20T22:01:03.696+0000] {logging_mixin.py:190} INFO - [2025-06-20T22:01:03.695+0000] {dag.py:4180} INFO - Setting next_dagrun for latest_only to 2025-06-20 16:00:00+00:00, run_after=2025-06-20 20:00:00+00:00
[2025-06-20T22:01:03.730+0000] {processor.py:208} INFO - Processing /home/airflow/.local/lib/python3.12/site-packages/airflow/example_dags/example_latest_only.py took 0.097 seconds
[2025-06-20T22:01:35.201+0000] {processor.py:186} INFO - Started process (PID=821) to work on /home/airflow/.local/lib/python3.12/site-packages/airflow/example_dags/example_latest_only.py
[2025-06-20T22:01:35.202+0000] {processor.py:914} INFO - Processing file /home/airflow/.local/lib/python3.12/site-packages/airflow/example_dags/example_latest_only.py for tasks to queue
[2025-06-20T22:01:35.204+0000] {logging_mixin.py:190} INFO - [2025-06-20T22:01:35.204+0000] {dagbag.py:588} INFO - Filling up the DagBag from /home/airflow/.local/lib/python3.12/site-packages/airflow/example_dags/example_latest_only.py
[2025-06-20T22:01:35.211+0000] {processor.py:925} INFO - DAG(s) 'latest_only' retrieved from /home/airflow/.local/lib/python3.12/site-packages/airflow/example_dags/example_latest_only.py
[2025-06-20T22:01:35.232+0000] {logging_mixin.py:190} INFO - [2025-06-20T22:01:35.231+0000] {dag.py:3239} INFO - Sync 1 DAGs
[2025-06-20T22:01:35.255+0000] {logging_mixin.py:190} INFO - [2025-06-20T22:01:35.255+0000] {dag.py:4180} INFO - Setting next_dagrun for latest_only to 2025-06-20 16:00:00+00:00, run_after=2025-06-20 20:00:00+00:00
[2025-06-20T22:01:35.283+0000] {processor.py:208} INFO - Processing /home/airflow/.local/lib/python3.12/site-packages/airflow/example_dags/example_latest_only.py took 0.087 seconds
[2025-06-20T22:02:06.833+0000] {processor.py:186} INFO - Started process (PID=885) to work on /home/airflow/.local/lib/python3.12/site-packages/airflow/example_dags/example_latest_only.py
[2025-06-20T22:02:06.834+0000] {processor.py:914} INFO - Processing file /home/airflow/.local/lib/python3.12/site-packages/airflow/example_dags/example_latest_only.py for tasks to queue
[2025-06-20T22:02:06.836+0000] {logging_mixin.py:190} INFO - [2025-06-20T22:02:06.836+0000] {dagbag.py:588} INFO - Filling up the DagBag from /home/airflow/.local/lib/python3.12/site-packages/airflow/example_dags/example_latest_only.py
[2025-06-20T22:02:06.844+0000] {processor.py:925} INFO - DAG(s) 'latest_only' retrieved from /home/airflow/.local/lib/python3.12/site-packages/airflow/example_dags/example_latest_only.py
[2025-06-20T22:02:06.863+0000] {logging_mixin.py:190} INFO - [2025-06-20T22:02:06.863+0000] {dag.py:3239} INFO - Sync 1 DAGs
[2025-06-20T22:02:06.888+0000] {logging_mixin.py:190} INFO - [2025-06-20T22:02:06.888+0000] {dag.py:4180} INFO - Setting next_dagrun for latest_only to 2025-06-20 16:00:00+00:00, run_after=2025-06-20 20:00:00+00:00
[2025-06-20T22:02:06.914+0000] {processor.py:208} INFO - Processing /home/airflow/.local/lib/python3.12/site-packages/airflow/example_dags/example_latest_only.py took 0.086 seconds
[2025-06-20T22:02:38.367+0000] {processor.py:186} INFO - Started process (PID=949) to work on /home/airflow/.local/lib/python3.12/site-packages/airflow/example_dags/example_latest_only.py
[2025-06-20T22:02:38.368+0000] {processor.py:914} INFO - Processing file /home/airflow/.local/lib/python3.12/site-packages/airflow/example_dags/example_latest_only.py for tasks to queue
[2025-06-20T22:02:38.371+0000] {logging_mixin.py:190} INFO - [2025-06-20T22:02:38.370+0000] {dagbag.py:588} INFO - Filling up the DagBag from /home/airflow/.local/lib/python3.12/site-packages/airflow/example_dags/example_latest_only.py
[2025-06-20T22:02:38.378+0000] {processor.py:925} INFO - DAG(s) 'latest_only' retrieved from /home/airflow/.local/lib/python3.12/site-packages/airflow/example_dags/example_latest_only.py
[2025-06-20T22:02:38.401+0000] {logging_mixin.py:190} INFO - [2025-06-20T22:02:38.400+0000] {dag.py:3239} INFO - Sync 1 DAGs
[2025-06-20T22:02:38.425+0000] {logging_mixin.py:190} INFO - [2025-06-20T22:02:38.425+0000] {dag.py:4180} INFO - Setting next_dagrun for latest_only to 2025-06-20 16:00:00+00:00, run_after=2025-06-20 20:00:00+00:00
[2025-06-20T22:02:38.456+0000] {processor.py:208} INFO - Processing /home/airflow/.local/lib/python3.12/site-packages/airflow/example_dags/example_latest_only.py took 0.095 seconds
[2025-06-20T22:03:10.194+0000] {processor.py:186} INFO - Started process (PID=1013) to work on /home/airflow/.local/lib/python3.12/site-packages/airflow/example_dags/example_latest_only.py
[2025-06-20T22:03:10.195+0000] {processor.py:914} INFO - Processing file /home/airflow/.local/lib/python3.12/site-packages/airflow/example_dags/example_latest_only.py for tasks to queue
[2025-06-20T22:03:10.197+0000] {logging_mixin.py:190} INFO - [2025-06-20T22:03:10.197+0000] {dagbag.py:588} INFO - Filling up the DagBag from /home/airflow/.local/lib/python3.12/site-packages/airflow/example_dags/example_latest_only.py
[2025-06-20T22:03:10.204+0000] {processor.py:925} INFO - DAG(s) 'latest_only' retrieved from /home/airflow/.local/lib/python3.12/site-packages/airflow/example_dags/example_latest_only.py
[2025-06-20T22:03:10.223+0000] {logging_mixin.py:190} INFO - [2025-06-20T22:03:10.223+0000] {dag.py:3239} INFO - Sync 1 DAGs
[2025-06-20T22:03:10.245+0000] {logging_mixin.py:190} INFO - [2025-06-20T22:03:10.245+0000] {dag.py:4180} INFO - Setting next_dagrun for latest_only to 2025-06-20 16:00:00+00:00, run_after=2025-06-20 20:00:00+00:00
[2025-06-20T22:03:10.272+0000] {processor.py:208} INFO - Processing /home/airflow/.local/lib/python3.12/site-packages/airflow/example_dags/example_latest_only.py took 0.084 seconds
[2025-06-20T22:03:42.122+0000] {processor.py:186} INFO - Started process (PID=1077) to work on /home/airflow/.local/lib/python3.12/site-packages/airflow/example_dags/example_latest_only.py
[2025-06-20T22:03:42.124+0000] {processor.py:914} INFO - Processing file /home/airflow/.local/lib/python3.12/site-packages/airflow/example_dags/example_latest_only.py for tasks to queue
[2025-06-20T22:03:42.126+0000] {logging_mixin.py:190} INFO - [2025-06-20T22:03:42.126+0000] {dagbag.py:588} INFO - Filling up the DagBag from /home/airflow/.local/lib/python3.12/site-packages/airflow/example_dags/example_latest_only.py
[2025-06-20T22:03:42.133+0000] {processor.py:925} INFO - DAG(s) 'latest_only' retrieved from /home/airflow/.local/lib/python3.12/site-packages/airflow/example_dags/example_latest_only.py
[2025-06-20T22:03:42.155+0000] {logging_mixin.py:190} INFO - [2025-06-20T22:03:42.155+0000] {dag.py:3239} INFO - Sync 1 DAGs
[2025-06-20T22:03:42.178+0000] {logging_mixin.py:190} INFO - [2025-06-20T22:03:42.178+0000] {dag.py:4180} INFO - Setting next_dagrun for latest_only to 2025-06-20 16:00:00+00:00, run_after=2025-06-20 20:00:00+00:00
[2025-06-20T22:03:42.214+0000] {processor.py:208} INFO - Processing /home/airflow/.local/lib/python3.12/site-packages/airflow/example_dags/example_latest_only.py took 0.097 seconds
