[2025-06-20T21:26:47.617+0000] {processor.py:186} INFO - Started process (PID=130) to work on /home/airflow/.local/lib/python3.12/site-packages/airflow/example_dags/example_display_name.py
[2025-06-20T21:26:47.618+0000] {processor.py:914} INFO - Processing file /home/airflow/.local/lib/python3.12/site-packages/airflow/example_dags/example_display_name.py for tasks to queue
[2025-06-20T21:26:47.620+0000] {logging_mixin.py:190} INFO - [2025-06-20T21:26:47.620+0000] {dagbag.py:588} INFO - Filling up the DagBag from /home/airflow/.local/lib/python3.12/site-packages/airflow/example_dags/example_display_name.py
[2025-06-20T21:26:47.629+0000] {processor.py:925} INFO - DAG(s) 'example_display_name' retrieved from /home/airflow/.local/lib/python3.12/site-packages/airflow/example_dags/example_display_name.py
[2025-06-20T21:26:47.874+0000] {logging_mixin.py:190} INFO - [2025-06-20T21:26:47.873+0000] {override.py:1911} INFO - Created Permission View: can delete on DAG:example_display_name
[2025-06-20T21:26:47.980+0000] {logging_mixin.py:190} INFO - [2025-06-20T21:26:47.980+0000] {override.py:1911} INFO - Created Permission View: can read on DAG:example_display_name
[2025-06-20T21:26:48.076+0000] {logging_mixin.py:190} INFO - [2025-06-20T21:26:48.076+0000] {override.py:1911} INFO - Created Permission View: can edit on DAG:example_display_name
[2025-06-20T21:26:49.883+0000] {logging_mixin.py:190} INFO - [2025-06-20T21:26:49.883+0000] {override.py:1911} INFO - Created Permission View: can delete on DAG Run:example_display_name
[2025-06-20T21:26:50.064+0000] {logging_mixin.py:190} INFO - [2025-06-20T21:26:50.063+0000] {override.py:1911} INFO - Created Permission View: can create on DAG Run:example_display_name
[2025-06-20T21:26:50.128+0000] {logging_mixin.py:190} INFO - [2025-06-20T21:26:50.128+0000] {override.py:1911} INFO - Created Permission View: can read on DAG Run:example_display_name
[2025-06-20T21:26:50.181+0000] {logging_mixin.py:190} INFO - [2025-06-20T21:26:50.181+0000] {override.py:1911} INFO - Created Permission View: menu access on DAG Run:example_display_name
[2025-06-20T21:26:50.182+0000] {logging_mixin.py:190} INFO - [2025-06-20T21:26:50.182+0000] {dag.py:3239} INFO - Sync 1 DAGs
[2025-06-20T21:26:50.195+0000] {logging_mixin.py:190} INFO - [2025-06-20T21:26:50.195+0000] {dag.py:3262} INFO - Creating ORM DAG for example_display_name
[2025-06-20T21:26:50.196+0000] {logging_mixin.py:190} INFO - [2025-06-20T21:26:50.196+0000] {dag.py:4180} INFO - Setting next_dagrun for example_display_name to None, run_after=None
[2025-06-20T21:26:50.252+0000] {processor.py:208} INFO - Processing /home/airflow/.local/lib/python3.12/site-packages/airflow/example_dags/example_display_name.py took 1.026 seconds
[2025-06-20T21:27:20.670+0000] {processor.py:186} INFO - Started process (PID=194) to work on /home/airflow/.local/lib/python3.12/site-packages/airflow/example_dags/example_display_name.py
[2025-06-20T21:27:20.671+0000] {processor.py:914} INFO - Processing file /home/airflow/.local/lib/python3.12/site-packages/airflow/example_dags/example_display_name.py for tasks to queue
[2025-06-20T21:27:20.674+0000] {logging_mixin.py:190} INFO - [2025-06-20T21:27:20.673+0000] {dagbag.py:588} INFO - Filling up the DagBag from /home/airflow/.local/lib/python3.12/site-packages/airflow/example_dags/example_display_name.py
[2025-06-20T21:27:20.683+0000] {processor.py:925} INFO - DAG(s) 'example_display_name' retrieved from /home/airflow/.local/lib/python3.12/site-packages/airflow/example_dags/example_display_name.py
[2025-06-20T21:27:20.703+0000] {logging_mixin.py:190} INFO - [2025-06-20T21:27:20.703+0000] {dag.py:3239} INFO - Sync 1 DAGs
[2025-06-20T21:27:21.518+0000] {logging_mixin.py:190} INFO - [2025-06-20T21:27:21.518+0000] {dag.py:4180} INFO - Setting next_dagrun for example_display_name to None, run_after=None
[2025-06-20T21:27:21.585+0000] {processor.py:208} INFO - Processing /home/airflow/.local/lib/python3.12/site-packages/airflow/example_dags/example_display_name.py took 0.119 seconds
[2025-06-20T21:27:53.212+0000] {processor.py:186} INFO - Started process (PID=258) to work on /home/airflow/.local/lib/python3.12/site-packages/airflow/example_dags/example_display_name.py
[2025-06-20T21:27:53.213+0000] {processor.py:914} INFO - Processing file /home/airflow/.local/lib/python3.12/site-packages/airflow/example_dags/example_display_name.py for tasks to queue
[2025-06-20T21:27:53.216+0000] {logging_mixin.py:190} INFO - [2025-06-20T21:27:53.216+0000] {dagbag.py:588} INFO - Filling up the DagBag from /home/airflow/.local/lib/python3.12/site-packages/airflow/example_dags/example_display_name.py
[2025-06-20T21:27:53.224+0000] {processor.py:925} INFO - DAG(s) 'example_display_name' retrieved from /home/airflow/.local/lib/python3.12/site-packages/airflow/example_dags/example_display_name.py
[2025-06-20T21:27:53.244+0000] {logging_mixin.py:190} INFO - [2025-06-20T21:27:53.243+0000] {dag.py:3239} INFO - Sync 1 DAGs
[2025-06-20T21:27:53.258+0000] {logging_mixin.py:190} INFO - [2025-06-20T21:27:53.257+0000] {dag.py:4180} INFO - Setting next_dagrun for example_display_name to None, run_after=None
[2025-06-20T21:27:53.328+0000] {processor.py:208} INFO - Processing /home/airflow/.local/lib/python3.12/site-packages/airflow/example_dags/example_display_name.py took 0.121 seconds
[2025-06-20T21:28:23.776+0000] {processor.py:186} INFO - Started process (PID=323) to work on /home/airflow/.local/lib/python3.12/site-packages/airflow/example_dags/example_display_name.py
[2025-06-20T21:28:23.777+0000] {processor.py:914} INFO - Processing file /home/airflow/.local/lib/python3.12/site-packages/airflow/example_dags/example_display_name.py for tasks to queue
[2025-06-20T21:28:23.779+0000] {logging_mixin.py:190} INFO - [2025-06-20T21:28:23.779+0000] {dagbag.py:588} INFO - Filling up the DagBag from /home/airflow/.local/lib/python3.12/site-packages/airflow/example_dags/example_display_name.py
[2025-06-20T21:28:23.787+0000] {processor.py:925} INFO - DAG(s) 'example_display_name' retrieved from /home/airflow/.local/lib/python3.12/site-packages/airflow/example_dags/example_display_name.py
[2025-06-20T21:28:23.809+0000] {logging_mixin.py:190} INFO - [2025-06-20T21:28:23.808+0000] {dag.py:3239} INFO - Sync 1 DAGs
[2025-06-20T21:28:23.825+0000] {logging_mixin.py:190} INFO - [2025-06-20T21:28:23.825+0000] {dag.py:4180} INFO - Setting next_dagrun for example_display_name to None, run_after=None
[2025-06-20T21:28:23.874+0000] {processor.py:208} INFO - Processing /home/airflow/.local/lib/python3.12/site-packages/airflow/example_dags/example_display_name.py took 0.104 seconds
[2025-06-20T21:28:54.085+0000] {processor.py:186} INFO - Started process (PID=387) to work on /home/airflow/.local/lib/python3.12/site-packages/airflow/example_dags/example_display_name.py
[2025-06-20T21:28:54.087+0000] {processor.py:914} INFO - Processing file /home/airflow/.local/lib/python3.12/site-packages/airflow/example_dags/example_display_name.py for tasks to queue
[2025-06-20T21:28:54.090+0000] {logging_mixin.py:190} INFO - [2025-06-20T21:28:54.090+0000] {dagbag.py:588} INFO - Filling up the DagBag from /home/airflow/.local/lib/python3.12/site-packages/airflow/example_dags/example_display_name.py
[2025-06-20T21:28:54.101+0000] {processor.py:925} INFO - DAG(s) 'example_display_name' retrieved from /home/airflow/.local/lib/python3.12/site-packages/airflow/example_dags/example_display_name.py
[2025-06-20T21:28:54.127+0000] {logging_mixin.py:190} INFO - [2025-06-20T21:28:54.127+0000] {dag.py:3239} INFO - Sync 1 DAGs
[2025-06-20T21:28:54.145+0000] {logging_mixin.py:190} INFO - [2025-06-20T21:28:54.145+0000] {dag.py:4180} INFO - Setting next_dagrun for example_display_name to None, run_after=None
[2025-06-20T21:28:54.229+0000] {processor.py:208} INFO - Processing /home/airflow/.local/lib/python3.12/site-packages/airflow/example_dags/example_display_name.py took 0.153 seconds
[2025-06-20T21:29:24.735+0000] {processor.py:186} INFO - Started process (PID=451) to work on /home/airflow/.local/lib/python3.12/site-packages/airflow/example_dags/example_display_name.py
[2025-06-20T21:29:24.736+0000] {processor.py:914} INFO - Processing file /home/airflow/.local/lib/python3.12/site-packages/airflow/example_dags/example_display_name.py for tasks to queue
[2025-06-20T21:29:24.738+0000] {logging_mixin.py:190} INFO - [2025-06-20T21:29:24.738+0000] {dagbag.py:588} INFO - Filling up the DagBag from /home/airflow/.local/lib/python3.12/site-packages/airflow/example_dags/example_display_name.py
[2025-06-20T21:29:24.745+0000] {processor.py:925} INFO - DAG(s) 'example_display_name' retrieved from /home/airflow/.local/lib/python3.12/site-packages/airflow/example_dags/example_display_name.py
[2025-06-20T21:29:24.764+0000] {logging_mixin.py:190} INFO - [2025-06-20T21:29:24.764+0000] {dag.py:3239} INFO - Sync 1 DAGs
[2025-06-20T21:29:24.778+0000] {logging_mixin.py:190} INFO - [2025-06-20T21:29:24.778+0000] {dag.py:4180} INFO - Setting next_dagrun for example_display_name to None, run_after=None
[2025-06-20T21:29:24.936+0000] {processor.py:208} INFO - Processing /home/airflow/.local/lib/python3.12/site-packages/airflow/example_dags/example_display_name.py took 0.206 seconds
[2025-06-20T21:29:55.298+0000] {processor.py:186} INFO - Started process (PID=515) to work on /home/airflow/.local/lib/python3.12/site-packages/airflow/example_dags/example_display_name.py
[2025-06-20T21:29:55.299+0000] {processor.py:914} INFO - Processing file /home/airflow/.local/lib/python3.12/site-packages/airflow/example_dags/example_display_name.py for tasks to queue
[2025-06-20T21:29:55.301+0000] {logging_mixin.py:190} INFO - [2025-06-20T21:29:55.301+0000] {dagbag.py:588} INFO - Filling up the DagBag from /home/airflow/.local/lib/python3.12/site-packages/airflow/example_dags/example_display_name.py
[2025-06-20T21:29:55.310+0000] {processor.py:925} INFO - DAG(s) 'example_display_name' retrieved from /home/airflow/.local/lib/python3.12/site-packages/airflow/example_dags/example_display_name.py
[2025-06-20T21:29:55.332+0000] {logging_mixin.py:190} INFO - [2025-06-20T21:29:55.332+0000] {dag.py:3239} INFO - Sync 1 DAGs
[2025-06-20T21:29:55.359+0000] {logging_mixin.py:190} INFO - [2025-06-20T21:29:55.359+0000] {dag.py:4180} INFO - Setting next_dagrun for example_display_name to None, run_after=None
[2025-06-20T21:29:55.399+0000] {processor.py:208} INFO - Processing /home/airflow/.local/lib/python3.12/site-packages/airflow/example_dags/example_display_name.py took 0.108 seconds
[2025-06-20T21:30:25.462+0000] {processor.py:186} INFO - Started process (PID=578) to work on /home/airflow/.local/lib/python3.12/site-packages/airflow/example_dags/example_display_name.py
[2025-06-20T21:30:25.463+0000] {processor.py:914} INFO - Processing file /home/airflow/.local/lib/python3.12/site-packages/airflow/example_dags/example_display_name.py for tasks to queue
[2025-06-20T21:30:25.465+0000] {logging_mixin.py:190} INFO - [2025-06-20T21:30:25.465+0000] {dagbag.py:588} INFO - Filling up the DagBag from /home/airflow/.local/lib/python3.12/site-packages/airflow/example_dags/example_display_name.py
[2025-06-20T21:30:25.473+0000] {processor.py:925} INFO - DAG(s) 'example_display_name' retrieved from /home/airflow/.local/lib/python3.12/site-packages/airflow/example_dags/example_display_name.py
[2025-06-20T21:30:25.494+0000] {logging_mixin.py:190} INFO - [2025-06-20T21:30:25.494+0000] {dag.py:3239} INFO - Sync 1 DAGs
[2025-06-20T21:30:25.512+0000] {logging_mixin.py:190} INFO - [2025-06-20T21:30:25.512+0000] {dag.py:4180} INFO - Setting next_dagrun for example_display_name to None, run_after=None
[2025-06-20T21:30:25.553+0000] {processor.py:208} INFO - Processing /home/airflow/.local/lib/python3.12/site-packages/airflow/example_dags/example_display_name.py took 0.098 seconds
[2025-06-20T21:30:55.656+0000] {processor.py:186} INFO - Started process (PID=642) to work on /home/airflow/.local/lib/python3.12/site-packages/airflow/example_dags/example_display_name.py
[2025-06-20T21:30:55.657+0000] {processor.py:914} INFO - Processing file /home/airflow/.local/lib/python3.12/site-packages/airflow/example_dags/example_display_name.py for tasks to queue
[2025-06-20T21:30:55.661+0000] {logging_mixin.py:190} INFO - [2025-06-20T21:30:55.660+0000] {dagbag.py:588} INFO - Filling up the DagBag from /home/airflow/.local/lib/python3.12/site-packages/airflow/example_dags/example_display_name.py
[2025-06-20T21:30:55.668+0000] {processor.py:925} INFO - DAG(s) 'example_display_name' retrieved from /home/airflow/.local/lib/python3.12/site-packages/airflow/example_dags/example_display_name.py
[2025-06-20T21:30:55.685+0000] {logging_mixin.py:190} INFO - [2025-06-20T21:30:55.685+0000] {dag.py:3239} INFO - Sync 1 DAGs
[2025-06-20T21:30:55.698+0000] {logging_mixin.py:190} INFO - [2025-06-20T21:30:55.698+0000] {dag.py:4180} INFO - Setting next_dagrun for example_display_name to None, run_after=None
[2025-06-20T21:30:55.733+0000] {processor.py:208} INFO - Processing /home/airflow/.local/lib/python3.12/site-packages/airflow/example_dags/example_display_name.py took 0.083 seconds
[2025-06-20T21:31:25.910+0000] {processor.py:186} INFO - Started process (PID=706) to work on /home/airflow/.local/lib/python3.12/site-packages/airflow/example_dags/example_display_name.py
[2025-06-20T21:31:25.911+0000] {processor.py:914} INFO - Processing file /home/airflow/.local/lib/python3.12/site-packages/airflow/example_dags/example_display_name.py for tasks to queue
[2025-06-20T21:31:25.914+0000] {logging_mixin.py:190} INFO - [2025-06-20T21:31:25.913+0000] {dagbag.py:588} INFO - Filling up the DagBag from /home/airflow/.local/lib/python3.12/site-packages/airflow/example_dags/example_display_name.py
[2025-06-20T21:31:25.920+0000] {processor.py:925} INFO - DAG(s) 'example_display_name' retrieved from /home/airflow/.local/lib/python3.12/site-packages/airflow/example_dags/example_display_name.py
[2025-06-20T21:31:25.944+0000] {logging_mixin.py:190} INFO - [2025-06-20T21:31:25.944+0000] {dag.py:3239} INFO - Sync 1 DAGs
[2025-06-20T21:31:25.962+0000] {logging_mixin.py:190} INFO - [2025-06-20T21:31:25.961+0000] {dag.py:4180} INFO - Setting next_dagrun for example_display_name to None, run_after=None
[2025-06-20T21:31:26.002+0000] {processor.py:208} INFO - Processing /home/airflow/.local/lib/python3.12/site-packages/airflow/example_dags/example_display_name.py took 0.098 seconds
[2025-06-20T21:31:56.750+0000] {processor.py:186} INFO - Started process (PID=770) to work on /home/airflow/.local/lib/python3.12/site-packages/airflow/example_dags/example_display_name.py
[2025-06-20T21:31:56.751+0000] {processor.py:914} INFO - Processing file /home/airflow/.local/lib/python3.12/site-packages/airflow/example_dags/example_display_name.py for tasks to queue
[2025-06-20T21:31:56.754+0000] {logging_mixin.py:190} INFO - [2025-06-20T21:31:56.754+0000] {dagbag.py:588} INFO - Filling up the DagBag from /home/airflow/.local/lib/python3.12/site-packages/airflow/example_dags/example_display_name.py
[2025-06-20T21:31:56.762+0000] {processor.py:925} INFO - DAG(s) 'example_display_name' retrieved from /home/airflow/.local/lib/python3.12/site-packages/airflow/example_dags/example_display_name.py
[2025-06-20T21:31:56.785+0000] {logging_mixin.py:190} INFO - [2025-06-20T21:31:56.785+0000] {dag.py:3239} INFO - Sync 1 DAGs
[2025-06-20T21:31:56.799+0000] {logging_mixin.py:190} INFO - [2025-06-20T21:31:56.799+0000] {dag.py:4180} INFO - Setting next_dagrun for example_display_name to None, run_after=None
[2025-06-20T21:31:56.833+0000] {processor.py:208} INFO - Processing /home/airflow/.local/lib/python3.12/site-packages/airflow/example_dags/example_display_name.py took 0.088 seconds
[2025-06-20T21:32:27.078+0000] {processor.py:186} INFO - Started process (PID=834) to work on /home/airflow/.local/lib/python3.12/site-packages/airflow/example_dags/example_display_name.py
[2025-06-20T21:32:27.080+0000] {processor.py:914} INFO - Processing file /home/airflow/.local/lib/python3.12/site-packages/airflow/example_dags/example_display_name.py for tasks to queue
[2025-06-20T21:32:27.082+0000] {logging_mixin.py:190} INFO - [2025-06-20T21:32:27.082+0000] {dagbag.py:588} INFO - Filling up the DagBag from /home/airflow/.local/lib/python3.12/site-packages/airflow/example_dags/example_display_name.py
[2025-06-20T21:32:27.089+0000] {processor.py:925} INFO - DAG(s) 'example_display_name' retrieved from /home/airflow/.local/lib/python3.12/site-packages/airflow/example_dags/example_display_name.py
[2025-06-20T21:32:27.110+0000] {logging_mixin.py:190} INFO - [2025-06-20T21:32:27.110+0000] {dag.py:3239} INFO - Sync 1 DAGs
[2025-06-20T21:32:27.126+0000] {logging_mixin.py:190} INFO - [2025-06-20T21:32:27.126+0000] {dag.py:4180} INFO - Setting next_dagrun for example_display_name to None, run_after=None
[2025-06-20T21:32:27.226+0000] {processor.py:208} INFO - Processing /home/airflow/.local/lib/python3.12/site-packages/airflow/example_dags/example_display_name.py took 0.152 seconds
[2025-06-20T21:32:57.802+0000] {processor.py:186} INFO - Started process (PID=898) to work on /home/airflow/.local/lib/python3.12/site-packages/airflow/example_dags/example_display_name.py
[2025-06-20T21:32:57.803+0000] {processor.py:914} INFO - Processing file /home/airflow/.local/lib/python3.12/site-packages/airflow/example_dags/example_display_name.py for tasks to queue
[2025-06-20T21:32:57.805+0000] {logging_mixin.py:190} INFO - [2025-06-20T21:32:57.805+0000] {dagbag.py:588} INFO - Filling up the DagBag from /home/airflow/.local/lib/python3.12/site-packages/airflow/example_dags/example_display_name.py
[2025-06-20T21:32:57.812+0000] {processor.py:925} INFO - DAG(s) 'example_display_name' retrieved from /home/airflow/.local/lib/python3.12/site-packages/airflow/example_dags/example_display_name.py
[2025-06-20T21:32:57.832+0000] {logging_mixin.py:190} INFO - [2025-06-20T21:32:57.832+0000] {dag.py:3239} INFO - Sync 1 DAGs
[2025-06-20T21:32:57.846+0000] {logging_mixin.py:190} INFO - [2025-06-20T21:32:57.846+0000] {dag.py:4180} INFO - Setting next_dagrun for example_display_name to None, run_after=None
[2025-06-20T21:32:57.889+0000] {processor.py:208} INFO - Processing /home/airflow/.local/lib/python3.12/site-packages/airflow/example_dags/example_display_name.py took 0.092 seconds
[2025-06-20T21:33:28.033+0000] {processor.py:186} INFO - Started process (PID=962) to work on /home/airflow/.local/lib/python3.12/site-packages/airflow/example_dags/example_display_name.py
[2025-06-20T21:33:28.034+0000] {processor.py:914} INFO - Processing file /home/airflow/.local/lib/python3.12/site-packages/airflow/example_dags/example_display_name.py for tasks to queue
[2025-06-20T21:33:28.037+0000] {logging_mixin.py:190} INFO - [2025-06-20T21:33:28.036+0000] {dagbag.py:588} INFO - Filling up the DagBag from /home/airflow/.local/lib/python3.12/site-packages/airflow/example_dags/example_display_name.py
[2025-06-20T21:33:28.044+0000] {processor.py:925} INFO - DAG(s) 'example_display_name' retrieved from /home/airflow/.local/lib/python3.12/site-packages/airflow/example_dags/example_display_name.py
[2025-06-20T21:33:28.064+0000] {logging_mixin.py:190} INFO - [2025-06-20T21:33:28.064+0000] {dag.py:3239} INFO - Sync 1 DAGs
[2025-06-20T21:33:28.080+0000] {logging_mixin.py:190} INFO - [2025-06-20T21:33:28.080+0000] {dag.py:4180} INFO - Setting next_dagrun for example_display_name to None, run_after=None
[2025-06-20T21:33:28.128+0000] {processor.py:208} INFO - Processing /home/airflow/.local/lib/python3.12/site-packages/airflow/example_dags/example_display_name.py took 0.100 seconds
[2025-06-20T21:33:58.466+0000] {processor.py:186} INFO - Started process (PID=1026) to work on /home/airflow/.local/lib/python3.12/site-packages/airflow/example_dags/example_display_name.py
[2025-06-20T21:33:58.468+0000] {processor.py:914} INFO - Processing file /home/airflow/.local/lib/python3.12/site-packages/airflow/example_dags/example_display_name.py for tasks to queue
[2025-06-20T21:33:58.471+0000] {logging_mixin.py:190} INFO - [2025-06-20T21:33:58.471+0000] {dagbag.py:588} INFO - Filling up the DagBag from /home/airflow/.local/lib/python3.12/site-packages/airflow/example_dags/example_display_name.py
[2025-06-20T21:33:58.478+0000] {processor.py:925} INFO - DAG(s) 'example_display_name' retrieved from /home/airflow/.local/lib/python3.12/site-packages/airflow/example_dags/example_display_name.py
[2025-06-20T21:33:58.498+0000] {logging_mixin.py:190} INFO - [2025-06-20T21:33:58.498+0000] {dag.py:3239} INFO - Sync 1 DAGs
[2025-06-20T21:33:58.514+0000] {logging_mixin.py:190} INFO - [2025-06-20T21:33:58.513+0000] {dag.py:4180} INFO - Setting next_dagrun for example_display_name to None, run_after=None
[2025-06-20T21:33:58.549+0000] {processor.py:208} INFO - Processing /home/airflow/.local/lib/python3.12/site-packages/airflow/example_dags/example_display_name.py took 0.087 seconds
[2025-06-20T21:34:28.797+0000] {processor.py:186} INFO - Started process (PID=1084) to work on /home/airflow/.local/lib/python3.12/site-packages/airflow/example_dags/example_display_name.py
[2025-06-20T21:34:28.798+0000] {processor.py:914} INFO - Processing file /home/airflow/.local/lib/python3.12/site-packages/airflow/example_dags/example_display_name.py for tasks to queue
[2025-06-20T21:34:28.801+0000] {logging_mixin.py:190} INFO - [2025-06-20T21:34:28.801+0000] {dagbag.py:588} INFO - Filling up the DagBag from /home/airflow/.local/lib/python3.12/site-packages/airflow/example_dags/example_display_name.py
[2025-06-20T21:34:28.809+0000] {processor.py:925} INFO - DAG(s) 'example_display_name' retrieved from /home/airflow/.local/lib/python3.12/site-packages/airflow/example_dags/example_display_name.py
[2025-06-20T21:34:28.828+0000] {logging_mixin.py:190} INFO - [2025-06-20T21:34:28.827+0000] {dag.py:3239} INFO - Sync 1 DAGs
[2025-06-20T21:34:28.842+0000] {logging_mixin.py:190} INFO - [2025-06-20T21:34:28.842+0000] {dag.py:4180} INFO - Setting next_dagrun for example_display_name to None, run_after=None
[2025-06-20T21:34:28.934+0000] {processor.py:208} INFO - Processing /home/airflow/.local/lib/python3.12/site-packages/airflow/example_dags/example_display_name.py took 0.142 seconds
[2025-06-20T21:34:59.538+0000] {processor.py:186} INFO - Started process (PID=1148) to work on /home/airflow/.local/lib/python3.12/site-packages/airflow/example_dags/example_display_name.py
[2025-06-20T21:34:59.540+0000] {processor.py:914} INFO - Processing file /home/airflow/.local/lib/python3.12/site-packages/airflow/example_dags/example_display_name.py for tasks to queue
[2025-06-20T21:34:59.543+0000] {logging_mixin.py:190} INFO - [2025-06-20T21:34:59.543+0000] {dagbag.py:588} INFO - Filling up the DagBag from /home/airflow/.local/lib/python3.12/site-packages/airflow/example_dags/example_display_name.py
[2025-06-20T21:34:59.551+0000] {processor.py:925} INFO - DAG(s) 'example_display_name' retrieved from /home/airflow/.local/lib/python3.12/site-packages/airflow/example_dags/example_display_name.py
[2025-06-20T21:34:59.577+0000] {logging_mixin.py:190} INFO - [2025-06-20T21:34:59.577+0000] {dag.py:3239} INFO - Sync 1 DAGs
[2025-06-20T21:34:59.595+0000] {logging_mixin.py:190} INFO - [2025-06-20T21:34:59.594+0000] {dag.py:4180} INFO - Setting next_dagrun for example_display_name to None, run_after=None
[2025-06-20T21:34:59.646+0000] {processor.py:208} INFO - Processing /home/airflow/.local/lib/python3.12/site-packages/airflow/example_dags/example_display_name.py took 0.114 seconds
[2025-06-20T21:35:30.195+0000] {processor.py:186} INFO - Started process (PID=1212) to work on /home/airflow/.local/lib/python3.12/site-packages/airflow/example_dags/example_display_name.py
[2025-06-20T21:35:30.196+0000] {processor.py:914} INFO - Processing file /home/airflow/.local/lib/python3.12/site-packages/airflow/example_dags/example_display_name.py for tasks to queue
[2025-06-20T21:35:30.199+0000] {logging_mixin.py:190} INFO - [2025-06-20T21:35:30.199+0000] {dagbag.py:588} INFO - Filling up the DagBag from /home/airflow/.local/lib/python3.12/site-packages/airflow/example_dags/example_display_name.py
[2025-06-20T21:35:30.208+0000] {processor.py:925} INFO - DAG(s) 'example_display_name' retrieved from /home/airflow/.local/lib/python3.12/site-packages/airflow/example_dags/example_display_name.py
[2025-06-20T21:35:30.237+0000] {logging_mixin.py:190} INFO - [2025-06-20T21:35:30.237+0000] {dag.py:3239} INFO - Sync 1 DAGs
[2025-06-20T21:35:30.264+0000] {logging_mixin.py:190} INFO - [2025-06-20T21:35:30.264+0000] {dag.py:4180} INFO - Setting next_dagrun for example_display_name to None, run_after=None
[2025-06-20T21:35:30.383+0000] {processor.py:208} INFO - Processing /home/airflow/.local/lib/python3.12/site-packages/airflow/example_dags/example_display_name.py took 0.195 seconds
[2025-06-20T21:36:00.925+0000] {processor.py:186} INFO - Started process (PID=1275) to work on /home/airflow/.local/lib/python3.12/site-packages/airflow/example_dags/example_display_name.py
[2025-06-20T21:36:00.926+0000] {processor.py:914} INFO - Processing file /home/airflow/.local/lib/python3.12/site-packages/airflow/example_dags/example_display_name.py for tasks to queue
[2025-06-20T21:36:00.929+0000] {logging_mixin.py:190} INFO - [2025-06-20T21:36:00.929+0000] {dagbag.py:588} INFO - Filling up the DagBag from /home/airflow/.local/lib/python3.12/site-packages/airflow/example_dags/example_display_name.py
[2025-06-20T21:36:00.937+0000] {processor.py:925} INFO - DAG(s) 'example_display_name' retrieved from /home/airflow/.local/lib/python3.12/site-packages/airflow/example_dags/example_display_name.py
[2025-06-20T21:36:00.959+0000] {logging_mixin.py:190} INFO - [2025-06-20T21:36:00.959+0000] {dag.py:3239} INFO - Sync 1 DAGs
[2025-06-20T21:36:00.975+0000] {logging_mixin.py:190} INFO - [2025-06-20T21:36:00.975+0000] {dag.py:4180} INFO - Setting next_dagrun for example_display_name to None, run_after=None
[2025-06-20T21:36:01.074+0000] {processor.py:208} INFO - Processing /home/airflow/.local/lib/python3.12/site-packages/airflow/example_dags/example_display_name.py took 0.154 seconds
[2025-06-20T21:36:31.143+0000] {processor.py:186} INFO - Started process (PID=1339) to work on /home/airflow/.local/lib/python3.12/site-packages/airflow/example_dags/example_display_name.py
[2025-06-20T21:36:31.144+0000] {processor.py:914} INFO - Processing file /home/airflow/.local/lib/python3.12/site-packages/airflow/example_dags/example_display_name.py for tasks to queue
[2025-06-20T21:36:31.146+0000] {logging_mixin.py:190} INFO - [2025-06-20T21:36:31.146+0000] {dagbag.py:588} INFO - Filling up the DagBag from /home/airflow/.local/lib/python3.12/site-packages/airflow/example_dags/example_display_name.py
[2025-06-20T21:36:31.153+0000] {processor.py:925} INFO - DAG(s) 'example_display_name' retrieved from /home/airflow/.local/lib/python3.12/site-packages/airflow/example_dags/example_display_name.py
[2025-06-20T21:36:31.173+0000] {logging_mixin.py:190} INFO - [2025-06-20T21:36:31.173+0000] {dag.py:3239} INFO - Sync 1 DAGs
[2025-06-20T21:36:31.188+0000] {logging_mixin.py:190} INFO - [2025-06-20T21:36:31.188+0000] {dag.py:4180} INFO - Setting next_dagrun for example_display_name to None, run_after=None
[2025-06-20T21:36:31.215+0000] {processor.py:208} INFO - Processing /home/airflow/.local/lib/python3.12/site-packages/airflow/example_dags/example_display_name.py took 0.077 seconds
[2025-06-20T21:37:01.822+0000] {processor.py:186} INFO - Started process (PID=1403) to work on /home/airflow/.local/lib/python3.12/site-packages/airflow/example_dags/example_display_name.py
[2025-06-20T21:37:01.823+0000] {processor.py:914} INFO - Processing file /home/airflow/.local/lib/python3.12/site-packages/airflow/example_dags/example_display_name.py for tasks to queue
[2025-06-20T21:37:01.825+0000] {logging_mixin.py:190} INFO - [2025-06-20T21:37:01.825+0000] {dagbag.py:588} INFO - Filling up the DagBag from /home/airflow/.local/lib/python3.12/site-packages/airflow/example_dags/example_display_name.py
[2025-06-20T21:37:01.831+0000] {processor.py:925} INFO - DAG(s) 'example_display_name' retrieved from /home/airflow/.local/lib/python3.12/site-packages/airflow/example_dags/example_display_name.py
[2025-06-20T21:37:01.852+0000] {logging_mixin.py:190} INFO - [2025-06-20T21:37:01.852+0000] {dag.py:3239} INFO - Sync 1 DAGs
[2025-06-20T21:37:01.866+0000] {logging_mixin.py:190} INFO - [2025-06-20T21:37:01.865+0000] {dag.py:4180} INFO - Setting next_dagrun for example_display_name to None, run_after=None
[2025-06-20T21:37:01.960+0000] {processor.py:208} INFO - Processing /home/airflow/.local/lib/python3.12/site-packages/airflow/example_dags/example_display_name.py took 0.143 seconds
[2025-06-20T21:37:32.630+0000] {processor.py:186} INFO - Started process (PID=1467) to work on /home/airflow/.local/lib/python3.12/site-packages/airflow/example_dags/example_display_name.py
[2025-06-20T21:37:32.631+0000] {processor.py:914} INFO - Processing file /home/airflow/.local/lib/python3.12/site-packages/airflow/example_dags/example_display_name.py for tasks to queue
[2025-06-20T21:37:32.633+0000] {logging_mixin.py:190} INFO - [2025-06-20T21:37:32.633+0000] {dagbag.py:588} INFO - Filling up the DagBag from /home/airflow/.local/lib/python3.12/site-packages/airflow/example_dags/example_display_name.py
[2025-06-20T21:37:32.640+0000] {processor.py:925} INFO - DAG(s) 'example_display_name' retrieved from /home/airflow/.local/lib/python3.12/site-packages/airflow/example_dags/example_display_name.py
[2025-06-20T21:37:32.658+0000] {logging_mixin.py:190} INFO - [2025-06-20T21:37:32.658+0000] {dag.py:3239} INFO - Sync 1 DAGs
[2025-06-20T21:37:32.672+0000] {logging_mixin.py:190} INFO - [2025-06-20T21:37:32.671+0000] {dag.py:4180} INFO - Setting next_dagrun for example_display_name to None, run_after=None
[2025-06-20T21:37:32.699+0000] {processor.py:208} INFO - Processing /home/airflow/.local/lib/python3.12/site-packages/airflow/example_dags/example_display_name.py took 0.075 seconds
[2025-06-20T21:38:02.904+0000] {processor.py:186} INFO - Started process (PID=1531) to work on /home/airflow/.local/lib/python3.12/site-packages/airflow/example_dags/example_display_name.py
[2025-06-20T21:38:02.905+0000] {processor.py:914} INFO - Processing file /home/airflow/.local/lib/python3.12/site-packages/airflow/example_dags/example_display_name.py for tasks to queue
[2025-06-20T21:38:02.907+0000] {logging_mixin.py:190} INFO - [2025-06-20T21:38:02.907+0000] {dagbag.py:588} INFO - Filling up the DagBag from /home/airflow/.local/lib/python3.12/site-packages/airflow/example_dags/example_display_name.py
[2025-06-20T21:38:02.915+0000] {processor.py:925} INFO - DAG(s) 'example_display_name' retrieved from /home/airflow/.local/lib/python3.12/site-packages/airflow/example_dags/example_display_name.py
[2025-06-20T21:38:02.935+0000] {logging_mixin.py:190} INFO - [2025-06-20T21:38:02.935+0000] {dag.py:3239} INFO - Sync 1 DAGs
[2025-06-20T21:38:02.949+0000] {logging_mixin.py:190} INFO - [2025-06-20T21:38:02.949+0000] {dag.py:4180} INFO - Setting next_dagrun for example_display_name to None, run_after=None
[2025-06-20T21:38:03.018+0000] {processor.py:208} INFO - Processing /home/airflow/.local/lib/python3.12/site-packages/airflow/example_dags/example_display_name.py took 0.119 seconds
[2025-06-20T21:38:33.356+0000] {processor.py:186} INFO - Started process (PID=1595) to work on /home/airflow/.local/lib/python3.12/site-packages/airflow/example_dags/example_display_name.py
[2025-06-20T21:38:33.357+0000] {processor.py:914} INFO - Processing file /home/airflow/.local/lib/python3.12/site-packages/airflow/example_dags/example_display_name.py for tasks to queue
[2025-06-20T21:38:33.360+0000] {logging_mixin.py:190} INFO - [2025-06-20T21:38:33.359+0000] {dagbag.py:588} INFO - Filling up the DagBag from /home/airflow/.local/lib/python3.12/site-packages/airflow/example_dags/example_display_name.py
[2025-06-20T21:38:33.367+0000] {processor.py:925} INFO - DAG(s) 'example_display_name' retrieved from /home/airflow/.local/lib/python3.12/site-packages/airflow/example_dags/example_display_name.py
[2025-06-20T21:38:33.392+0000] {logging_mixin.py:190} INFO - [2025-06-20T21:38:33.391+0000] {dag.py:3239} INFO - Sync 1 DAGs
[2025-06-20T21:38:33.409+0000] {logging_mixin.py:190} INFO - [2025-06-20T21:38:33.409+0000] {dag.py:4180} INFO - Setting next_dagrun for example_display_name to None, run_after=None
[2025-06-20T21:38:33.511+0000] {processor.py:208} INFO - Processing /home/airflow/.local/lib/python3.12/site-packages/airflow/example_dags/example_display_name.py took 0.160 seconds
[2025-06-20T21:39:04.062+0000] {processor.py:186} INFO - Started process (PID=1659) to work on /home/airflow/.local/lib/python3.12/site-packages/airflow/example_dags/example_display_name.py
[2025-06-20T21:39:04.064+0000] {processor.py:914} INFO - Processing file /home/airflow/.local/lib/python3.12/site-packages/airflow/example_dags/example_display_name.py for tasks to queue
[2025-06-20T21:39:04.069+0000] {logging_mixin.py:190} INFO - [2025-06-20T21:39:04.068+0000] {dagbag.py:588} INFO - Filling up the DagBag from /home/airflow/.local/lib/python3.12/site-packages/airflow/example_dags/example_display_name.py
[2025-06-20T21:39:04.088+0000] {processor.py:925} INFO - DAG(s) 'example_display_name' retrieved from /home/airflow/.local/lib/python3.12/site-packages/airflow/example_dags/example_display_name.py
[2025-06-20T21:39:04.125+0000] {logging_mixin.py:190} INFO - [2025-06-20T21:39:04.125+0000] {dag.py:3239} INFO - Sync 1 DAGs
[2025-06-20T21:39:04.154+0000] {logging_mixin.py:190} INFO - [2025-06-20T21:39:04.153+0000] {dag.py:4180} INFO - Setting next_dagrun for example_display_name to None, run_after=None
[2025-06-20T21:39:04.199+0000] {processor.py:208} INFO - Processing /home/airflow/.local/lib/python3.12/site-packages/airflow/example_dags/example_display_name.py took 0.146 seconds
[2025-06-20T21:39:34.684+0000] {processor.py:186} INFO - Started process (PID=1723) to work on /home/airflow/.local/lib/python3.12/site-packages/airflow/example_dags/example_display_name.py
[2025-06-20T21:39:34.685+0000] {processor.py:914} INFO - Processing file /home/airflow/.local/lib/python3.12/site-packages/airflow/example_dags/example_display_name.py for tasks to queue
[2025-06-20T21:39:34.687+0000] {logging_mixin.py:190} INFO - [2025-06-20T21:39:34.686+0000] {dagbag.py:588} INFO - Filling up the DagBag from /home/airflow/.local/lib/python3.12/site-packages/airflow/example_dags/example_display_name.py
[2025-06-20T21:39:34.696+0000] {processor.py:925} INFO - DAG(s) 'example_display_name' retrieved from /home/airflow/.local/lib/python3.12/site-packages/airflow/example_dags/example_display_name.py
[2025-06-20T21:39:34.715+0000] {logging_mixin.py:190} INFO - [2025-06-20T21:39:34.714+0000] {dag.py:3239} INFO - Sync 1 DAGs
[2025-06-20T21:39:34.729+0000] {logging_mixin.py:190} INFO - [2025-06-20T21:39:34.728+0000] {dag.py:4180} INFO - Setting next_dagrun for example_display_name to None, run_after=None
[2025-06-20T21:39:34.798+0000] {processor.py:208} INFO - Processing /home/airflow/.local/lib/python3.12/site-packages/airflow/example_dags/example_display_name.py took 0.119 seconds
[2025-06-20T21:40:05.451+0000] {processor.py:186} INFO - Started process (PID=1787) to work on /home/airflow/.local/lib/python3.12/site-packages/airflow/example_dags/example_display_name.py
[2025-06-20T21:40:05.452+0000] {processor.py:914} INFO - Processing file /home/airflow/.local/lib/python3.12/site-packages/airflow/example_dags/example_display_name.py for tasks to queue
[2025-06-20T21:40:05.454+0000] {logging_mixin.py:190} INFO - [2025-06-20T21:40:05.453+0000] {dagbag.py:588} INFO - Filling up the DagBag from /home/airflow/.local/lib/python3.12/site-packages/airflow/example_dags/example_display_name.py
[2025-06-20T21:40:05.460+0000] {processor.py:925} INFO - DAG(s) 'example_display_name' retrieved from /home/airflow/.local/lib/python3.12/site-packages/airflow/example_dags/example_display_name.py
[2025-06-20T21:40:05.479+0000] {logging_mixin.py:190} INFO - [2025-06-20T21:40:05.478+0000] {dag.py:3239} INFO - Sync 1 DAGs
[2025-06-20T21:40:05.492+0000] {logging_mixin.py:190} INFO - [2025-06-20T21:40:05.492+0000] {dag.py:4180} INFO - Setting next_dagrun for example_display_name to None, run_after=None
[2025-06-20T21:40:05.523+0000] {processor.py:208} INFO - Processing /home/airflow/.local/lib/python3.12/site-packages/airflow/example_dags/example_display_name.py took 0.077 seconds
[2025-06-20T21:40:36.077+0000] {processor.py:186} INFO - Started process (PID=1850) to work on /home/airflow/.local/lib/python3.12/site-packages/airflow/example_dags/example_display_name.py
[2025-06-20T21:40:36.078+0000] {processor.py:914} INFO - Processing file /home/airflow/.local/lib/python3.12/site-packages/airflow/example_dags/example_display_name.py for tasks to queue
[2025-06-20T21:40:36.080+0000] {logging_mixin.py:190} INFO - [2025-06-20T21:40:36.080+0000] {dagbag.py:588} INFO - Filling up the DagBag from /home/airflow/.local/lib/python3.12/site-packages/airflow/example_dags/example_display_name.py
[2025-06-20T21:40:36.087+0000] {processor.py:925} INFO - DAG(s) 'example_display_name' retrieved from /home/airflow/.local/lib/python3.12/site-packages/airflow/example_dags/example_display_name.py
[2025-06-20T21:40:36.108+0000] {logging_mixin.py:190} INFO - [2025-06-20T21:40:36.107+0000] {dag.py:3239} INFO - Sync 1 DAGs
[2025-06-20T21:40:36.122+0000] {logging_mixin.py:190} INFO - [2025-06-20T21:40:36.122+0000] {dag.py:4180} INFO - Setting next_dagrun for example_display_name to None, run_after=None
[2025-06-20T21:40:36.289+0000] {processor.py:208} INFO - Processing /home/airflow/.local/lib/python3.12/site-packages/airflow/example_dags/example_display_name.py took 0.217 seconds
[2025-06-20T21:41:06.441+0000] {processor.py:186} INFO - Started process (PID=1910) to work on /home/airflow/.local/lib/python3.12/site-packages/airflow/example_dags/example_display_name.py
[2025-06-20T21:41:06.442+0000] {processor.py:914} INFO - Processing file /home/airflow/.local/lib/python3.12/site-packages/airflow/example_dags/example_display_name.py for tasks to queue
[2025-06-20T21:41:06.444+0000] {logging_mixin.py:190} INFO - [2025-06-20T21:41:06.444+0000] {dagbag.py:588} INFO - Filling up the DagBag from /home/airflow/.local/lib/python3.12/site-packages/airflow/example_dags/example_display_name.py
[2025-06-20T21:41:06.451+0000] {processor.py:925} INFO - DAG(s) 'example_display_name' retrieved from /home/airflow/.local/lib/python3.12/site-packages/airflow/example_dags/example_display_name.py
[2025-06-20T21:41:06.468+0000] {logging_mixin.py:190} INFO - [2025-06-20T21:41:06.468+0000] {dag.py:3239} INFO - Sync 1 DAGs
[2025-06-20T21:41:06.484+0000] {logging_mixin.py:190} INFO - [2025-06-20T21:41:06.484+0000] {dag.py:4180} INFO - Setting next_dagrun for example_display_name to None, run_after=None
[2025-06-20T21:41:06.545+0000] {processor.py:208} INFO - Processing /home/airflow/.local/lib/python3.12/site-packages/airflow/example_dags/example_display_name.py took 0.110 seconds
[2025-06-20T21:41:37.027+0000] {processor.py:186} INFO - Started process (PID=1967) to work on /home/airflow/.local/lib/python3.12/site-packages/airflow/example_dags/example_display_name.py
[2025-06-20T21:41:37.028+0000] {processor.py:914} INFO - Processing file /home/airflow/.local/lib/python3.12/site-packages/airflow/example_dags/example_display_name.py for tasks to queue
[2025-06-20T21:41:37.031+0000] {logging_mixin.py:190} INFO - [2025-06-20T21:41:37.030+0000] {dagbag.py:588} INFO - Filling up the DagBag from /home/airflow/.local/lib/python3.12/site-packages/airflow/example_dags/example_display_name.py
[2025-06-20T21:41:37.037+0000] {processor.py:925} INFO - DAG(s) 'example_display_name' retrieved from /home/airflow/.local/lib/python3.12/site-packages/airflow/example_dags/example_display_name.py
[2025-06-20T21:41:37.056+0000] {logging_mixin.py:190} INFO - [2025-06-20T21:41:37.056+0000] {dag.py:3239} INFO - Sync 1 DAGs
[2025-06-20T21:41:37.069+0000] {logging_mixin.py:190} INFO - [2025-06-20T21:41:37.069+0000] {dag.py:4180} INFO - Setting next_dagrun for example_display_name to None, run_after=None
[2025-06-20T21:41:37.095+0000] {processor.py:208} INFO - Processing /home/airflow/.local/lib/python3.12/site-packages/airflow/example_dags/example_display_name.py took 0.073 seconds
[2025-06-20T21:42:09.717+0000] {processor.py:186} INFO - Started process (PID=2037) to work on /home/airflow/.local/lib/python3.12/site-packages/airflow/example_dags/example_display_name.py
[2025-06-20T21:42:09.719+0000] {processor.py:914} INFO - Processing file /home/airflow/.local/lib/python3.12/site-packages/airflow/example_dags/example_display_name.py for tasks to queue
[2025-06-20T21:42:09.724+0000] {logging_mixin.py:190} INFO - [2025-06-20T21:42:09.723+0000] {dagbag.py:588} INFO - Filling up the DagBag from /home/airflow/.local/lib/python3.12/site-packages/airflow/example_dags/example_display_name.py
[2025-06-20T21:42:09.735+0000] {processor.py:925} INFO - DAG(s) 'example_display_name' retrieved from /home/airflow/.local/lib/python3.12/site-packages/airflow/example_dags/example_display_name.py
[2025-06-20T21:42:09.768+0000] {logging_mixin.py:190} INFO - [2025-06-20T21:42:09.768+0000] {dag.py:3239} INFO - Sync 1 DAGs
[2025-06-20T21:42:09.793+0000] {logging_mixin.py:190} INFO - [2025-06-20T21:42:09.792+0000] {dag.py:4180} INFO - Setting next_dagrun for example_display_name to None, run_after=None
[2025-06-20T21:42:09.827+0000] {processor.py:208} INFO - Processing /home/airflow/.local/lib/python3.12/site-packages/airflow/example_dags/example_display_name.py took 0.118 seconds
[2025-06-20T21:42:40.824+0000] {processor.py:186} INFO - Started process (PID=2101) to work on /home/airflow/.local/lib/python3.12/site-packages/airflow/example_dags/example_display_name.py
[2025-06-20T21:42:40.825+0000] {processor.py:914} INFO - Processing file /home/airflow/.local/lib/python3.12/site-packages/airflow/example_dags/example_display_name.py for tasks to queue
[2025-06-20T21:42:40.828+0000] {logging_mixin.py:190} INFO - [2025-06-20T21:42:40.828+0000] {dagbag.py:588} INFO - Filling up the DagBag from /home/airflow/.local/lib/python3.12/site-packages/airflow/example_dags/example_display_name.py
[2025-06-20T21:42:40.835+0000] {processor.py:925} INFO - DAG(s) 'example_display_name' retrieved from /home/airflow/.local/lib/python3.12/site-packages/airflow/example_dags/example_display_name.py
[2025-06-20T21:42:40.857+0000] {logging_mixin.py:190} INFO - [2025-06-20T21:42:40.856+0000] {dag.py:3239} INFO - Sync 1 DAGs
[2025-06-20T21:42:40.871+0000] {logging_mixin.py:190} INFO - [2025-06-20T21:42:40.871+0000] {dag.py:4180} INFO - Setting next_dagrun for example_display_name to None, run_after=None
[2025-06-20T21:42:40.893+0000] {processor.py:208} INFO - Processing /home/airflow/.local/lib/python3.12/site-packages/airflow/example_dags/example_display_name.py took 0.075 seconds
[2025-06-20T21:43:12.426+0000] {processor.py:186} INFO - Started process (PID=2161) to work on /home/airflow/.local/lib/python3.12/site-packages/airflow/example_dags/example_display_name.py
[2025-06-20T21:43:12.427+0000] {processor.py:914} INFO - Processing file /home/airflow/.local/lib/python3.12/site-packages/airflow/example_dags/example_display_name.py for tasks to queue
[2025-06-20T21:43:12.429+0000] {logging_mixin.py:190} INFO - [2025-06-20T21:43:12.428+0000] {dagbag.py:588} INFO - Filling up the DagBag from /home/airflow/.local/lib/python3.12/site-packages/airflow/example_dags/example_display_name.py
[2025-06-20T21:43:12.436+0000] {processor.py:925} INFO - DAG(s) 'example_display_name' retrieved from /home/airflow/.local/lib/python3.12/site-packages/airflow/example_dags/example_display_name.py
[2025-06-20T21:43:12.456+0000] {logging_mixin.py:190} INFO - [2025-06-20T21:43:12.456+0000] {dag.py:3239} INFO - Sync 1 DAGs
[2025-06-20T21:43:12.469+0000] {logging_mixin.py:190} INFO - [2025-06-20T21:43:12.468+0000] {dag.py:4180} INFO - Setting next_dagrun for example_display_name to None, run_after=None
[2025-06-20T21:43:12.494+0000] {processor.py:208} INFO - Processing /home/airflow/.local/lib/python3.12/site-packages/airflow/example_dags/example_display_name.py took 0.074 seconds
[2025-06-20T21:43:43.874+0000] {processor.py:186} INFO - Started process (PID=2227) to work on /home/airflow/.local/lib/python3.12/site-packages/airflow/example_dags/example_display_name.py
[2025-06-20T21:43:43.876+0000] {processor.py:914} INFO - Processing file /home/airflow/.local/lib/python3.12/site-packages/airflow/example_dags/example_display_name.py for tasks to queue
[2025-06-20T21:43:43.878+0000] {logging_mixin.py:190} INFO - [2025-06-20T21:43:43.878+0000] {dagbag.py:588} INFO - Filling up the DagBag from /home/airflow/.local/lib/python3.12/site-packages/airflow/example_dags/example_display_name.py
[2025-06-20T21:43:43.888+0000] {processor.py:925} INFO - DAG(s) 'example_display_name' retrieved from /home/airflow/.local/lib/python3.12/site-packages/airflow/example_dags/example_display_name.py
[2025-06-20T21:43:43.909+0000] {logging_mixin.py:190} INFO - [2025-06-20T21:43:43.908+0000] {dag.py:3239} INFO - Sync 1 DAGs
[2025-06-20T21:43:43.923+0000] {logging_mixin.py:190} INFO - [2025-06-20T21:43:43.923+0000] {dag.py:4180} INFO - Setting next_dagrun for example_display_name to None, run_after=None
[2025-06-20T21:43:43.955+0000] {processor.py:208} INFO - Processing /home/airflow/.local/lib/python3.12/site-packages/airflow/example_dags/example_display_name.py took 0.088 seconds
[2025-06-20T21:44:15.190+0000] {processor.py:186} INFO - Started process (PID=2297) to work on /home/airflow/.local/lib/python3.12/site-packages/airflow/example_dags/example_display_name.py
[2025-06-20T21:44:15.191+0000] {processor.py:914} INFO - Processing file /home/airflow/.local/lib/python3.12/site-packages/airflow/example_dags/example_display_name.py for tasks to queue
[2025-06-20T21:44:15.194+0000] {logging_mixin.py:190} INFO - [2025-06-20T21:44:15.193+0000] {dagbag.py:588} INFO - Filling up the DagBag from /home/airflow/.local/lib/python3.12/site-packages/airflow/example_dags/example_display_name.py
[2025-06-20T21:44:15.201+0000] {processor.py:925} INFO - DAG(s) 'example_display_name' retrieved from /home/airflow/.local/lib/python3.12/site-packages/airflow/example_dags/example_display_name.py
[2025-06-20T21:44:15.220+0000] {logging_mixin.py:190} INFO - [2025-06-20T21:44:15.220+0000] {dag.py:3239} INFO - Sync 1 DAGs
[2025-06-20T21:44:15.235+0000] {logging_mixin.py:190} INFO - [2025-06-20T21:44:15.235+0000] {dag.py:4180} INFO - Setting next_dagrun for example_display_name to None, run_after=None
[2025-06-20T21:44:15.262+0000] {processor.py:208} INFO - Processing /home/airflow/.local/lib/python3.12/site-packages/airflow/example_dags/example_display_name.py took 0.078 seconds
[2025-06-20T21:44:46.605+0000] {processor.py:186} INFO - Started process (PID=2360) to work on /home/airflow/.local/lib/python3.12/site-packages/airflow/example_dags/example_display_name.py
[2025-06-20T21:44:46.606+0000] {processor.py:914} INFO - Processing file /home/airflow/.local/lib/python3.12/site-packages/airflow/example_dags/example_display_name.py for tasks to queue
[2025-06-20T21:44:46.609+0000] {logging_mixin.py:190} INFO - [2025-06-20T21:44:46.608+0000] {dagbag.py:588} INFO - Filling up the DagBag from /home/airflow/.local/lib/python3.12/site-packages/airflow/example_dags/example_display_name.py
[2025-06-20T21:44:46.617+0000] {processor.py:925} INFO - DAG(s) 'example_display_name' retrieved from /home/airflow/.local/lib/python3.12/site-packages/airflow/example_dags/example_display_name.py
[2025-06-20T21:44:46.640+0000] {logging_mixin.py:190} INFO - [2025-06-20T21:44:46.639+0000] {dag.py:3239} INFO - Sync 1 DAGs
[2025-06-20T21:44:46.655+0000] {logging_mixin.py:190} INFO - [2025-06-20T21:44:46.655+0000] {dag.py:4180} INFO - Setting next_dagrun for example_display_name to None, run_after=None
[2025-06-20T21:44:46.682+0000] {processor.py:208} INFO - Processing /home/airflow/.local/lib/python3.12/site-packages/airflow/example_dags/example_display_name.py took 0.082 seconds
[2025-06-20T21:45:18.794+0000] {processor.py:186} INFO - Started process (PID=2425) to work on /home/airflow/.local/lib/python3.12/site-packages/airflow/example_dags/example_display_name.py
[2025-06-20T21:45:18.795+0000] {processor.py:914} INFO - Processing file /home/airflow/.local/lib/python3.12/site-packages/airflow/example_dags/example_display_name.py for tasks to queue
[2025-06-20T21:45:18.797+0000] {logging_mixin.py:190} INFO - [2025-06-20T21:45:18.797+0000] {dagbag.py:588} INFO - Filling up the DagBag from /home/airflow/.local/lib/python3.12/site-packages/airflow/example_dags/example_display_name.py
[2025-06-20T21:45:18.804+0000] {processor.py:925} INFO - DAG(s) 'example_display_name' retrieved from /home/airflow/.local/lib/python3.12/site-packages/airflow/example_dags/example_display_name.py
[2025-06-20T21:45:18.822+0000] {logging_mixin.py:190} INFO - [2025-06-20T21:45:18.822+0000] {dag.py:3239} INFO - Sync 1 DAGs
[2025-06-20T21:45:18.836+0000] {logging_mixin.py:190} INFO - [2025-06-20T21:45:18.836+0000] {dag.py:4180} INFO - Setting next_dagrun for example_display_name to None, run_after=None
[2025-06-20T21:45:18.861+0000] {processor.py:208} INFO - Processing /home/airflow/.local/lib/python3.12/site-packages/airflow/example_dags/example_display_name.py took 0.072 seconds
[2025-06-20T21:45:50.860+0000] {processor.py:186} INFO - Started process (PID=2489) to work on /home/airflow/.local/lib/python3.12/site-packages/airflow/example_dags/example_display_name.py
[2025-06-20T21:45:50.861+0000] {processor.py:914} INFO - Processing file /home/airflow/.local/lib/python3.12/site-packages/airflow/example_dags/example_display_name.py for tasks to queue
[2025-06-20T21:45:50.863+0000] {logging_mixin.py:190} INFO - [2025-06-20T21:45:50.863+0000] {dagbag.py:588} INFO - Filling up the DagBag from /home/airflow/.local/lib/python3.12/site-packages/airflow/example_dags/example_display_name.py
[2025-06-20T21:45:50.870+0000] {processor.py:925} INFO - DAG(s) 'example_display_name' retrieved from /home/airflow/.local/lib/python3.12/site-packages/airflow/example_dags/example_display_name.py
[2025-06-20T21:45:50.892+0000] {logging_mixin.py:190} INFO - [2025-06-20T21:45:50.892+0000] {dag.py:3239} INFO - Sync 1 DAGs
[2025-06-20T21:45:50.909+0000] {logging_mixin.py:190} INFO - [2025-06-20T21:45:50.908+0000] {dag.py:4180} INFO - Setting next_dagrun for example_display_name to None, run_after=None
[2025-06-20T21:45:51.062+0000] {processor.py:208} INFO - Processing /home/airflow/.local/lib/python3.12/site-packages/airflow/example_dags/example_display_name.py took 0.208 seconds
[2025-06-20T21:46:22.390+0000] {processor.py:186} INFO - Started process (PID=2553) to work on /home/airflow/.local/lib/python3.12/site-packages/airflow/example_dags/example_display_name.py
[2025-06-20T21:46:22.391+0000] {processor.py:914} INFO - Processing file /home/airflow/.local/lib/python3.12/site-packages/airflow/example_dags/example_display_name.py for tasks to queue
[2025-06-20T21:46:22.393+0000] {logging_mixin.py:190} INFO - [2025-06-20T21:46:22.392+0000] {dagbag.py:588} INFO - Filling up the DagBag from /home/airflow/.local/lib/python3.12/site-packages/airflow/example_dags/example_display_name.py
[2025-06-20T21:46:22.400+0000] {processor.py:925} INFO - DAG(s) 'example_display_name' retrieved from /home/airflow/.local/lib/python3.12/site-packages/airflow/example_dags/example_display_name.py
[2025-06-20T21:46:22.420+0000] {logging_mixin.py:190} INFO - [2025-06-20T21:46:22.420+0000] {dag.py:3239} INFO - Sync 1 DAGs
[2025-06-20T21:46:22.436+0000] {logging_mixin.py:190} INFO - [2025-06-20T21:46:22.435+0000] {dag.py:4180} INFO - Setting next_dagrun for example_display_name to None, run_after=None
[2025-06-20T21:46:22.460+0000] {processor.py:208} INFO - Processing /home/airflow/.local/lib/python3.12/site-packages/airflow/example_dags/example_display_name.py took 0.076 seconds
[2025-06-20T21:46:53.212+0000] {processor.py:186} INFO - Started process (PID=2617) to work on /home/airflow/.local/lib/python3.12/site-packages/airflow/example_dags/example_display_name.py
[2025-06-20T21:46:53.213+0000] {processor.py:914} INFO - Processing file /home/airflow/.local/lib/python3.12/site-packages/airflow/example_dags/example_display_name.py for tasks to queue
[2025-06-20T21:46:53.215+0000] {logging_mixin.py:190} INFO - [2025-06-20T21:46:53.215+0000] {dagbag.py:588} INFO - Filling up the DagBag from /home/airflow/.local/lib/python3.12/site-packages/airflow/example_dags/example_display_name.py
[2025-06-20T21:46:53.222+0000] {processor.py:925} INFO - DAG(s) 'example_display_name' retrieved from /home/airflow/.local/lib/python3.12/site-packages/airflow/example_dags/example_display_name.py
[2025-06-20T21:46:53.243+0000] {logging_mixin.py:190} INFO - [2025-06-20T21:46:53.243+0000] {dag.py:3239} INFO - Sync 1 DAGs
[2025-06-20T21:46:53.260+0000] {logging_mixin.py:190} INFO - [2025-06-20T21:46:53.259+0000] {dag.py:4180} INFO - Setting next_dagrun for example_display_name to None, run_after=None
[2025-06-20T21:46:53.311+0000] {processor.py:208} INFO - Processing /home/airflow/.local/lib/python3.12/site-packages/airflow/example_dags/example_display_name.py took 0.104 seconds
[2025-06-20T21:47:24.483+0000] {processor.py:186} INFO - Started process (PID=2681) to work on /home/airflow/.local/lib/python3.12/site-packages/airflow/example_dags/example_display_name.py
[2025-06-20T21:47:24.485+0000] {processor.py:914} INFO - Processing file /home/airflow/.local/lib/python3.12/site-packages/airflow/example_dags/example_display_name.py for tasks to queue
[2025-06-20T21:47:24.487+0000] {logging_mixin.py:190} INFO - [2025-06-20T21:47:24.487+0000] {dagbag.py:588} INFO - Filling up the DagBag from /home/airflow/.local/lib/python3.12/site-packages/airflow/example_dags/example_display_name.py
[2025-06-20T21:47:24.495+0000] {processor.py:925} INFO - DAG(s) 'example_display_name' retrieved from /home/airflow/.local/lib/python3.12/site-packages/airflow/example_dags/example_display_name.py
[2025-06-20T21:47:24.516+0000] {logging_mixin.py:190} INFO - [2025-06-20T21:47:24.516+0000] {dag.py:3239} INFO - Sync 1 DAGs
[2025-06-20T21:47:24.533+0000] {logging_mixin.py:190} INFO - [2025-06-20T21:47:24.533+0000] {dag.py:4180} INFO - Setting next_dagrun for example_display_name to None, run_after=None
[2025-06-20T21:47:24.561+0000] {processor.py:208} INFO - Processing /home/airflow/.local/lib/python3.12/site-packages/airflow/example_dags/example_display_name.py took 0.084 seconds
[2025-06-20T21:47:56.533+0000] {processor.py:186} INFO - Started process (PID=2745) to work on /home/airflow/.local/lib/python3.12/site-packages/airflow/example_dags/example_display_name.py
[2025-06-20T21:47:56.534+0000] {processor.py:914} INFO - Processing file /home/airflow/.local/lib/python3.12/site-packages/airflow/example_dags/example_display_name.py for tasks to queue
[2025-06-20T21:47:56.537+0000] {logging_mixin.py:190} INFO - [2025-06-20T21:47:56.536+0000] {dagbag.py:588} INFO - Filling up the DagBag from /home/airflow/.local/lib/python3.12/site-packages/airflow/example_dags/example_display_name.py
[2025-06-20T21:47:56.547+0000] {processor.py:925} INFO - DAG(s) 'example_display_name' retrieved from /home/airflow/.local/lib/python3.12/site-packages/airflow/example_dags/example_display_name.py
[2025-06-20T21:47:56.573+0000] {logging_mixin.py:190} INFO - [2025-06-20T21:47:56.572+0000] {dag.py:3239} INFO - Sync 1 DAGs
[2025-06-20T21:47:56.589+0000] {logging_mixin.py:190} INFO - [2025-06-20T21:47:56.589+0000] {dag.py:4180} INFO - Setting next_dagrun for example_display_name to None, run_after=None
[2025-06-20T21:47:56.622+0000] {processor.py:208} INFO - Processing /home/airflow/.local/lib/python3.12/site-packages/airflow/example_dags/example_display_name.py took 0.095 seconds
[2025-06-20T21:48:27.804+0000] {processor.py:186} INFO - Started process (PID=2809) to work on /home/airflow/.local/lib/python3.12/site-packages/airflow/example_dags/example_display_name.py
[2025-06-20T21:48:27.805+0000] {processor.py:914} INFO - Processing file /home/airflow/.local/lib/python3.12/site-packages/airflow/example_dags/example_display_name.py for tasks to queue
[2025-06-20T21:48:27.808+0000] {logging_mixin.py:190} INFO - [2025-06-20T21:48:27.808+0000] {dagbag.py:588} INFO - Filling up the DagBag from /home/airflow/.local/lib/python3.12/site-packages/airflow/example_dags/example_display_name.py
[2025-06-20T21:48:27.815+0000] {processor.py:925} INFO - DAG(s) 'example_display_name' retrieved from /home/airflow/.local/lib/python3.12/site-packages/airflow/example_dags/example_display_name.py
[2025-06-20T21:48:27.833+0000] {logging_mixin.py:190} INFO - [2025-06-20T21:48:27.833+0000] {dag.py:3239} INFO - Sync 1 DAGs
[2025-06-20T21:48:27.848+0000] {logging_mixin.py:190} INFO - [2025-06-20T21:48:27.848+0000] {dag.py:4180} INFO - Setting next_dagrun for example_display_name to None, run_after=None
[2025-06-20T21:48:27.877+0000] {processor.py:208} INFO - Processing /home/airflow/.local/lib/python3.12/site-packages/airflow/example_dags/example_display_name.py took 0.078 seconds
[2025-06-20T21:48:58.754+0000] {processor.py:186} INFO - Started process (PID=2873) to work on /home/airflow/.local/lib/python3.12/site-packages/airflow/example_dags/example_display_name.py
[2025-06-20T21:48:58.755+0000] {processor.py:914} INFO - Processing file /home/airflow/.local/lib/python3.12/site-packages/airflow/example_dags/example_display_name.py for tasks to queue
[2025-06-20T21:48:58.757+0000] {logging_mixin.py:190} INFO - [2025-06-20T21:48:58.757+0000] {dagbag.py:588} INFO - Filling up the DagBag from /home/airflow/.local/lib/python3.12/site-packages/airflow/example_dags/example_display_name.py
[2025-06-20T21:48:58.765+0000] {processor.py:925} INFO - DAG(s) 'example_display_name' retrieved from /home/airflow/.local/lib/python3.12/site-packages/airflow/example_dags/example_display_name.py
[2025-06-20T21:48:58.785+0000] {logging_mixin.py:190} INFO - [2025-06-20T21:48:58.784+0000] {dag.py:3239} INFO - Sync 1 DAGs
[2025-06-20T21:48:58.799+0000] {logging_mixin.py:190} INFO - [2025-06-20T21:48:58.798+0000] {dag.py:4180} INFO - Setting next_dagrun for example_display_name to None, run_after=None
[2025-06-20T21:48:58.830+0000] {processor.py:208} INFO - Processing /home/airflow/.local/lib/python3.12/site-packages/airflow/example_dags/example_display_name.py took 0.082 seconds
[2025-06-20T21:49:30.163+0000] {processor.py:186} INFO - Started process (PID=2936) to work on /home/airflow/.local/lib/python3.12/site-packages/airflow/example_dags/example_display_name.py
[2025-06-20T21:49:30.164+0000] {processor.py:914} INFO - Processing file /home/airflow/.local/lib/python3.12/site-packages/airflow/example_dags/example_display_name.py for tasks to queue
[2025-06-20T21:49:30.167+0000] {logging_mixin.py:190} INFO - [2025-06-20T21:49:30.166+0000] {dagbag.py:588} INFO - Filling up the DagBag from /home/airflow/.local/lib/python3.12/site-packages/airflow/example_dags/example_display_name.py
[2025-06-20T21:49:30.174+0000] {processor.py:925} INFO - DAG(s) 'example_display_name' retrieved from /home/airflow/.local/lib/python3.12/site-packages/airflow/example_dags/example_display_name.py
[2025-06-20T21:49:30.192+0000] {logging_mixin.py:190} INFO - [2025-06-20T21:49:30.192+0000] {dag.py:3239} INFO - Sync 1 DAGs
[2025-06-20T21:49:30.204+0000] {logging_mixin.py:190} INFO - [2025-06-20T21:49:30.204+0000] {dag.py:4180} INFO - Setting next_dagrun for example_display_name to None, run_after=None
[2025-06-20T21:49:30.227+0000] {processor.py:208} INFO - Processing /home/airflow/.local/lib/python3.12/site-packages/airflow/example_dags/example_display_name.py took 0.070 seconds
[2025-06-20T21:50:01.757+0000] {processor.py:186} INFO - Started process (PID=3001) to work on /home/airflow/.local/lib/python3.12/site-packages/airflow/example_dags/example_display_name.py
[2025-06-20T21:50:01.758+0000] {processor.py:914} INFO - Processing file /home/airflow/.local/lib/python3.12/site-packages/airflow/example_dags/example_display_name.py for tasks to queue
[2025-06-20T21:50:01.761+0000] {logging_mixin.py:190} INFO - [2025-06-20T21:50:01.760+0000] {dagbag.py:588} INFO - Filling up the DagBag from /home/airflow/.local/lib/python3.12/site-packages/airflow/example_dags/example_display_name.py
[2025-06-20T21:50:01.767+0000] {processor.py:925} INFO - DAG(s) 'example_display_name' retrieved from /home/airflow/.local/lib/python3.12/site-packages/airflow/example_dags/example_display_name.py
[2025-06-20T21:50:01.785+0000] {logging_mixin.py:190} INFO - [2025-06-20T21:50:01.785+0000] {dag.py:3239} INFO - Sync 1 DAGs
[2025-06-20T21:50:01.800+0000] {logging_mixin.py:190} INFO - [2025-06-20T21:50:01.800+0000] {dag.py:4180} INFO - Setting next_dagrun for example_display_name to None, run_after=None
[2025-06-20T21:50:01.828+0000] {processor.py:208} INFO - Processing /home/airflow/.local/lib/python3.12/site-packages/airflow/example_dags/example_display_name.py took 0.076 seconds
[2025-06-20T21:50:34.504+0000] {processor.py:186} INFO - Started process (PID=3065) to work on /home/airflow/.local/lib/python3.12/site-packages/airflow/example_dags/example_display_name.py
[2025-06-20T21:50:34.505+0000] {processor.py:914} INFO - Processing file /home/airflow/.local/lib/python3.12/site-packages/airflow/example_dags/example_display_name.py for tasks to queue
[2025-06-20T21:50:34.508+0000] {logging_mixin.py:190} INFO - [2025-06-20T21:50:34.507+0000] {dagbag.py:588} INFO - Filling up the DagBag from /home/airflow/.local/lib/python3.12/site-packages/airflow/example_dags/example_display_name.py
[2025-06-20T21:50:34.516+0000] {processor.py:925} INFO - DAG(s) 'example_display_name' retrieved from /home/airflow/.local/lib/python3.12/site-packages/airflow/example_dags/example_display_name.py
[2025-06-20T21:50:34.536+0000] {logging_mixin.py:190} INFO - [2025-06-20T21:50:34.535+0000] {dag.py:3239} INFO - Sync 1 DAGs
[2025-06-20T21:50:34.550+0000] {logging_mixin.py:190} INFO - [2025-06-20T21:50:34.549+0000] {dag.py:4180} INFO - Setting next_dagrun for example_display_name to None, run_after=None
[2025-06-20T21:50:34.579+0000] {processor.py:208} INFO - Processing /home/airflow/.local/lib/python3.12/site-packages/airflow/example_dags/example_display_name.py took 0.082 seconds
[2025-06-20T21:51:07.633+0000] {processor.py:186} INFO - Started process (PID=3131) to work on /home/airflow/.local/lib/python3.12/site-packages/airflow/example_dags/example_display_name.py
[2025-06-20T21:51:07.634+0000] {processor.py:914} INFO - Processing file /home/airflow/.local/lib/python3.12/site-packages/airflow/example_dags/example_display_name.py for tasks to queue
[2025-06-20T21:51:07.636+0000] {logging_mixin.py:190} INFO - [2025-06-20T21:51:07.635+0000] {dagbag.py:588} INFO - Filling up the DagBag from /home/airflow/.local/lib/python3.12/site-packages/airflow/example_dags/example_display_name.py
[2025-06-20T21:51:07.643+0000] {processor.py:925} INFO - DAG(s) 'example_display_name' retrieved from /home/airflow/.local/lib/python3.12/site-packages/airflow/example_dags/example_display_name.py
[2025-06-20T21:51:07.663+0000] {logging_mixin.py:190} INFO - [2025-06-20T21:51:07.663+0000] {dag.py:3239} INFO - Sync 1 DAGs
[2025-06-20T21:51:07.678+0000] {logging_mixin.py:190} INFO - [2025-06-20T21:51:07.678+0000] {dag.py:4180} INFO - Setting next_dagrun for example_display_name to None, run_after=None
[2025-06-20T21:51:07.706+0000] {processor.py:208} INFO - Processing /home/airflow/.local/lib/python3.12/site-packages/airflow/example_dags/example_display_name.py took 0.078 seconds
[2025-06-20T21:51:39.089+0000] {processor.py:186} INFO - Started process (PID=3195) to work on /home/airflow/.local/lib/python3.12/site-packages/airflow/example_dags/example_display_name.py
[2025-06-20T21:51:39.091+0000] {processor.py:914} INFO - Processing file /home/airflow/.local/lib/python3.12/site-packages/airflow/example_dags/example_display_name.py for tasks to queue
[2025-06-20T21:51:39.094+0000] {logging_mixin.py:190} INFO - [2025-06-20T21:51:39.093+0000] {dagbag.py:588} INFO - Filling up the DagBag from /home/airflow/.local/lib/python3.12/site-packages/airflow/example_dags/example_display_name.py
[2025-06-20T21:51:39.107+0000] {processor.py:925} INFO - DAG(s) 'example_display_name' retrieved from /home/airflow/.local/lib/python3.12/site-packages/airflow/example_dags/example_display_name.py
[2025-06-20T21:51:39.138+0000] {logging_mixin.py:190} INFO - [2025-06-20T21:51:39.138+0000] {dag.py:3239} INFO - Sync 1 DAGs
[2025-06-20T21:51:39.361+0000] {logging_mixin.py:190} INFO - [2025-06-20T21:51:39.361+0000] {dag.py:4180} INFO - Setting next_dagrun for example_display_name to None, run_after=None
[2025-06-20T21:51:39.452+0000] {processor.py:208} INFO - Processing /home/airflow/.local/lib/python3.12/site-packages/airflow/example_dags/example_display_name.py took 0.373 seconds
[2025-06-20T21:52:09.606+0000] {processor.py:186} INFO - Started process (PID=3259) to work on /home/airflow/.local/lib/python3.12/site-packages/airflow/example_dags/example_display_name.py
[2025-06-20T21:52:09.606+0000] {processor.py:914} INFO - Processing file /home/airflow/.local/lib/python3.12/site-packages/airflow/example_dags/example_display_name.py for tasks to queue
[2025-06-20T21:52:09.609+0000] {logging_mixin.py:190} INFO - [2025-06-20T21:52:09.608+0000] {dagbag.py:588} INFO - Filling up the DagBag from /home/airflow/.local/lib/python3.12/site-packages/airflow/example_dags/example_display_name.py
[2025-06-20T21:52:09.616+0000] {processor.py:925} INFO - DAG(s) 'example_display_name' retrieved from /home/airflow/.local/lib/python3.12/site-packages/airflow/example_dags/example_display_name.py
[2025-06-20T21:52:09.637+0000] {logging_mixin.py:190} INFO - [2025-06-20T21:52:09.636+0000] {dag.py:3239} INFO - Sync 1 DAGs
[2025-06-20T21:52:09.651+0000] {logging_mixin.py:190} INFO - [2025-06-20T21:52:09.651+0000] {dag.py:4180} INFO - Setting next_dagrun for example_display_name to None, run_after=None
[2025-06-20T21:52:09.701+0000] {processor.py:208} INFO - Processing /home/airflow/.local/lib/python3.12/site-packages/airflow/example_dags/example_display_name.py took 0.101 seconds
[2025-06-20T21:52:40.280+0000] {processor.py:186} INFO - Started process (PID=3322) to work on /home/airflow/.local/lib/python3.12/site-packages/airflow/example_dags/example_display_name.py
[2025-06-20T21:52:40.281+0000] {processor.py:914} INFO - Processing file /home/airflow/.local/lib/python3.12/site-packages/airflow/example_dags/example_display_name.py for tasks to queue
[2025-06-20T21:52:40.284+0000] {logging_mixin.py:190} INFO - [2025-06-20T21:52:40.284+0000] {dagbag.py:588} INFO - Filling up the DagBag from /home/airflow/.local/lib/python3.12/site-packages/airflow/example_dags/example_display_name.py
[2025-06-20T21:52:40.291+0000] {processor.py:925} INFO - DAG(s) 'example_display_name' retrieved from /home/airflow/.local/lib/python3.12/site-packages/airflow/example_dags/example_display_name.py
[2025-06-20T21:52:40.309+0000] {logging_mixin.py:190} INFO - [2025-06-20T21:52:40.309+0000] {dag.py:3239} INFO - Sync 1 DAGs
[2025-06-20T21:52:40.322+0000] {logging_mixin.py:190} INFO - [2025-06-20T21:52:40.322+0000] {dag.py:4180} INFO - Setting next_dagrun for example_display_name to None, run_after=None
[2025-06-20T21:52:40.345+0000] {processor.py:208} INFO - Processing /home/airflow/.local/lib/python3.12/site-packages/airflow/example_dags/example_display_name.py took 0.069 seconds
[2025-06-20T21:53:11.612+0000] {processor.py:186} INFO - Started process (PID=3387) to work on /home/airflow/.local/lib/python3.12/site-packages/airflow/example_dags/example_display_name.py
[2025-06-20T21:53:11.613+0000] {processor.py:914} INFO - Processing file /home/airflow/.local/lib/python3.12/site-packages/airflow/example_dags/example_display_name.py for tasks to queue
[2025-06-20T21:53:11.615+0000] {logging_mixin.py:190} INFO - [2025-06-20T21:53:11.614+0000] {dagbag.py:588} INFO - Filling up the DagBag from /home/airflow/.local/lib/python3.12/site-packages/airflow/example_dags/example_display_name.py
[2025-06-20T21:53:11.622+0000] {processor.py:925} INFO - DAG(s) 'example_display_name' retrieved from /home/airflow/.local/lib/python3.12/site-packages/airflow/example_dags/example_display_name.py
[2025-06-20T21:53:11.640+0000] {logging_mixin.py:190} INFO - [2025-06-20T21:53:11.639+0000] {dag.py:3239} INFO - Sync 1 DAGs
[2025-06-20T21:53:11.653+0000] {logging_mixin.py:190} INFO - [2025-06-20T21:53:11.653+0000] {dag.py:4180} INFO - Setting next_dagrun for example_display_name to None, run_after=None
[2025-06-20T21:53:11.676+0000] {processor.py:208} INFO - Processing /home/airflow/.local/lib/python3.12/site-packages/airflow/example_dags/example_display_name.py took 0.070 seconds
[2025-06-20T21:53:42.103+0000] {processor.py:186} INFO - Started process (PID=3451) to work on /home/airflow/.local/lib/python3.12/site-packages/airflow/example_dags/example_display_name.py
[2025-06-20T21:53:42.105+0000] {processor.py:914} INFO - Processing file /home/airflow/.local/lib/python3.12/site-packages/airflow/example_dags/example_display_name.py for tasks to queue
[2025-06-20T21:53:42.107+0000] {logging_mixin.py:190} INFO - [2025-06-20T21:53:42.107+0000] {dagbag.py:588} INFO - Filling up the DagBag from /home/airflow/.local/lib/python3.12/site-packages/airflow/example_dags/example_display_name.py
[2025-06-20T21:53:42.114+0000] {processor.py:925} INFO - DAG(s) 'example_display_name' retrieved from /home/airflow/.local/lib/python3.12/site-packages/airflow/example_dags/example_display_name.py
[2025-06-20T21:53:42.134+0000] {logging_mixin.py:190} INFO - [2025-06-20T21:53:42.133+0000] {dag.py:3239} INFO - Sync 1 DAGs
[2025-06-20T21:53:42.146+0000] {logging_mixin.py:190} INFO - [2025-06-20T21:53:42.146+0000] {dag.py:4180} INFO - Setting next_dagrun for example_display_name to None, run_after=None
[2025-06-20T21:53:42.177+0000] {processor.py:208} INFO - Processing /home/airflow/.local/lib/python3.12/site-packages/airflow/example_dags/example_display_name.py took 0.080 seconds
[2025-06-20T21:55:54.948+0000] {processor.py:186} INFO - Started process (PID=117) to work on /home/airflow/.local/lib/python3.12/site-packages/airflow/example_dags/example_display_name.py
[2025-06-20T21:55:54.949+0000] {processor.py:914} INFO - Processing file /home/airflow/.local/lib/python3.12/site-packages/airflow/example_dags/example_display_name.py for tasks to queue
[2025-06-20T21:55:54.952+0000] {logging_mixin.py:190} INFO - [2025-06-20T21:55:54.951+0000] {dagbag.py:588} INFO - Filling up the DagBag from /home/airflow/.local/lib/python3.12/site-packages/airflow/example_dags/example_display_name.py
[2025-06-20T21:55:54.959+0000] {processor.py:925} INFO - DAG(s) 'example_display_name' retrieved from /home/airflow/.local/lib/python3.12/site-packages/airflow/example_dags/example_display_name.py
[2025-06-20T21:55:55.142+0000] {logging_mixin.py:190} INFO - [2025-06-20T21:55:55.141+0000] {override.py:1911} INFO - Created Permission View: can delete on DAG:example_display_name
[2025-06-20T21:55:55.164+0000] {logging_mixin.py:190} INFO - [2025-06-20T21:55:55.163+0000] {override.py:1911} INFO - Created Permission View: can edit on DAG:example_display_name
[2025-06-20T21:55:55.185+0000] {logging_mixin.py:190} INFO - [2025-06-20T21:55:55.184+0000] {override.py:1911} INFO - Created Permission View: can read on DAG:example_display_name
[2025-06-20T21:55:55.229+0000] {logging_mixin.py:190} INFO - [2025-06-20T21:55:55.229+0000] {override.py:1911} INFO - Created Permission View: can delete on DAG Run:example_display_name
[2025-06-20T21:55:55.251+0000] {logging_mixin.py:190} INFO - [2025-06-20T21:55:55.251+0000] {override.py:1911} INFO - Created Permission View: menu access on DAG Run:example_display_name
[2025-06-20T21:55:55.273+0000] {logging_mixin.py:190} INFO - [2025-06-20T21:55:55.272+0000] {override.py:1911} INFO - Created Permission View: can create on DAG Run:example_display_name
[2025-06-20T21:55:55.294+0000] {logging_mixin.py:190} INFO - [2025-06-20T21:55:55.294+0000] {override.py:1911} INFO - Created Permission View: can read on DAG Run:example_display_name
[2025-06-20T21:55:55.295+0000] {logging_mixin.py:190} INFO - [2025-06-20T21:55:55.295+0000] {dag.py:3239} INFO - Sync 1 DAGs
[2025-06-20T21:55:55.306+0000] {logging_mixin.py:190} INFO - [2025-06-20T21:55:55.305+0000] {dag.py:3262} INFO - Creating ORM DAG for example_display_name
[2025-06-20T21:55:55.307+0000] {logging_mixin.py:190} INFO - [2025-06-20T21:55:55.306+0000] {dag.py:4180} INFO - Setting next_dagrun for example_display_name to None, run_after=None
[2025-06-20T21:55:55.335+0000] {processor.py:208} INFO - Processing /home/airflow/.local/lib/python3.12/site-packages/airflow/example_dags/example_display_name.py took 0.392 seconds
[2025-06-20T21:56:25.619+0000] {processor.py:186} INFO - Started process (PID=181) to work on /home/airflow/.local/lib/python3.12/site-packages/airflow/example_dags/example_display_name.py
[2025-06-20T21:56:25.620+0000] {processor.py:914} INFO - Processing file /home/airflow/.local/lib/python3.12/site-packages/airflow/example_dags/example_display_name.py for tasks to queue
[2025-06-20T21:56:25.623+0000] {logging_mixin.py:190} INFO - [2025-06-20T21:56:25.622+0000] {dagbag.py:588} INFO - Filling up the DagBag from /home/airflow/.local/lib/python3.12/site-packages/airflow/example_dags/example_display_name.py
[2025-06-20T21:56:25.629+0000] {processor.py:925} INFO - DAG(s) 'example_display_name' retrieved from /home/airflow/.local/lib/python3.12/site-packages/airflow/example_dags/example_display_name.py
[2025-06-20T21:56:25.648+0000] {logging_mixin.py:190} INFO - [2025-06-20T21:56:25.648+0000] {dag.py:3239} INFO - Sync 1 DAGs
[2025-06-20T21:56:25.664+0000] {logging_mixin.py:190} INFO - [2025-06-20T21:56:25.664+0000] {dag.py:4180} INFO - Setting next_dagrun for example_display_name to None, run_after=None
[2025-06-20T21:56:25.699+0000] {processor.py:208} INFO - Processing /home/airflow/.local/lib/python3.12/site-packages/airflow/example_dags/example_display_name.py took 0.084 seconds
[2025-06-20T21:56:55.766+0000] {processor.py:186} INFO - Started process (PID=244) to work on /home/airflow/.local/lib/python3.12/site-packages/airflow/example_dags/example_display_name.py
[2025-06-20T21:56:55.767+0000] {processor.py:914} INFO - Processing file /home/airflow/.local/lib/python3.12/site-packages/airflow/example_dags/example_display_name.py for tasks to queue
[2025-06-20T21:56:55.770+0000] {logging_mixin.py:190} INFO - [2025-06-20T21:56:55.770+0000] {dagbag.py:588} INFO - Filling up the DagBag from /home/airflow/.local/lib/python3.12/site-packages/airflow/example_dags/example_display_name.py
[2025-06-20T21:56:55.776+0000] {processor.py:925} INFO - DAG(s) 'example_display_name' retrieved from /home/airflow/.local/lib/python3.12/site-packages/airflow/example_dags/example_display_name.py
[2025-06-20T21:56:55.795+0000] {logging_mixin.py:190} INFO - [2025-06-20T21:56:55.795+0000] {dag.py:3239} INFO - Sync 1 DAGs
[2025-06-20T21:56:55.809+0000] {logging_mixin.py:190} INFO - [2025-06-20T21:56:55.809+0000] {dag.py:4180} INFO - Setting next_dagrun for example_display_name to None, run_after=None
[2025-06-20T21:56:55.836+0000] {processor.py:208} INFO - Processing /home/airflow/.local/lib/python3.12/site-packages/airflow/example_dags/example_display_name.py took 0.075 seconds
[2025-06-20T21:57:25.947+0000] {processor.py:186} INFO - Started process (PID=308) to work on /home/airflow/.local/lib/python3.12/site-packages/airflow/example_dags/example_display_name.py
[2025-06-20T21:57:25.948+0000] {processor.py:914} INFO - Processing file /home/airflow/.local/lib/python3.12/site-packages/airflow/example_dags/example_display_name.py for tasks to queue
[2025-06-20T21:57:25.952+0000] {logging_mixin.py:190} INFO - [2025-06-20T21:57:25.951+0000] {dagbag.py:588} INFO - Filling up the DagBag from /home/airflow/.local/lib/python3.12/site-packages/airflow/example_dags/example_display_name.py
[2025-06-20T21:57:25.958+0000] {processor.py:925} INFO - DAG(s) 'example_display_name' retrieved from /home/airflow/.local/lib/python3.12/site-packages/airflow/example_dags/example_display_name.py
[2025-06-20T21:57:25.977+0000] {logging_mixin.py:190} INFO - [2025-06-20T21:57:25.976+0000] {dag.py:3239} INFO - Sync 1 DAGs
[2025-06-20T21:57:25.992+0000] {logging_mixin.py:190} INFO - [2025-06-20T21:57:25.992+0000] {dag.py:4180} INFO - Setting next_dagrun for example_display_name to None, run_after=None
[2025-06-20T21:57:26.034+0000] {processor.py:208} INFO - Processing /home/airflow/.local/lib/python3.12/site-packages/airflow/example_dags/example_display_name.py took 0.092 seconds
[2025-06-20T21:57:56.735+0000] {processor.py:186} INFO - Started process (PID=372) to work on /home/airflow/.local/lib/python3.12/site-packages/airflow/example_dags/example_display_name.py
[2025-06-20T21:57:56.736+0000] {processor.py:914} INFO - Processing file /home/airflow/.local/lib/python3.12/site-packages/airflow/example_dags/example_display_name.py for tasks to queue
[2025-06-20T21:57:56.738+0000] {logging_mixin.py:190} INFO - [2025-06-20T21:57:56.738+0000] {dagbag.py:588} INFO - Filling up the DagBag from /home/airflow/.local/lib/python3.12/site-packages/airflow/example_dags/example_display_name.py
[2025-06-20T21:57:56.745+0000] {processor.py:925} INFO - DAG(s) 'example_display_name' retrieved from /home/airflow/.local/lib/python3.12/site-packages/airflow/example_dags/example_display_name.py
[2025-06-20T21:57:56.765+0000] {logging_mixin.py:190} INFO - [2025-06-20T21:57:56.765+0000] {dag.py:3239} INFO - Sync 1 DAGs
[2025-06-20T21:57:56.779+0000] {logging_mixin.py:190} INFO - [2025-06-20T21:57:56.779+0000] {dag.py:4180} INFO - Setting next_dagrun for example_display_name to None, run_after=None
[2025-06-20T21:57:56.809+0000] {processor.py:208} INFO - Processing /home/airflow/.local/lib/python3.12/site-packages/airflow/example_dags/example_display_name.py took 0.079 seconds
[2025-06-20T21:58:27.521+0000] {processor.py:186} INFO - Started process (PID=444) to work on /home/airflow/.local/lib/python3.12/site-packages/airflow/example_dags/example_display_name.py
[2025-06-20T21:58:27.523+0000] {processor.py:914} INFO - Processing file /home/airflow/.local/lib/python3.12/site-packages/airflow/example_dags/example_display_name.py for tasks to queue
[2025-06-20T21:58:27.525+0000] {logging_mixin.py:190} INFO - [2025-06-20T21:58:27.525+0000] {dagbag.py:588} INFO - Filling up the DagBag from /home/airflow/.local/lib/python3.12/site-packages/airflow/example_dags/example_display_name.py
[2025-06-20T21:58:27.534+0000] {processor.py:925} INFO - DAG(s) 'example_display_name' retrieved from /home/airflow/.local/lib/python3.12/site-packages/airflow/example_dags/example_display_name.py
[2025-06-20T21:58:27.551+0000] {logging_mixin.py:190} INFO - [2025-06-20T21:58:27.551+0000] {dag.py:3239} INFO - Sync 1 DAGs
[2025-06-20T21:58:27.565+0000] {logging_mixin.py:190} INFO - [2025-06-20T21:58:27.565+0000] {dag.py:4180} INFO - Setting next_dagrun for example_display_name to None, run_after=None
[2025-06-20T21:58:27.600+0000] {processor.py:208} INFO - Processing /home/airflow/.local/lib/python3.12/site-packages/airflow/example_dags/example_display_name.py took 0.084 seconds
[2025-06-20T21:58:58.437+0000] {processor.py:186} INFO - Started process (PID=508) to work on /home/airflow/.local/lib/python3.12/site-packages/airflow/example_dags/example_display_name.py
[2025-06-20T21:58:58.438+0000] {processor.py:914} INFO - Processing file /home/airflow/.local/lib/python3.12/site-packages/airflow/example_dags/example_display_name.py for tasks to queue
[2025-06-20T21:58:58.440+0000] {logging_mixin.py:190} INFO - [2025-06-20T21:58:58.440+0000] {dagbag.py:588} INFO - Filling up the DagBag from /home/airflow/.local/lib/python3.12/site-packages/airflow/example_dags/example_display_name.py
[2025-06-20T21:58:58.447+0000] {processor.py:925} INFO - DAG(s) 'example_display_name' retrieved from /home/airflow/.local/lib/python3.12/site-packages/airflow/example_dags/example_display_name.py
[2025-06-20T21:58:58.465+0000] {logging_mixin.py:190} INFO - [2025-06-20T21:58:58.465+0000] {dag.py:3239} INFO - Sync 1 DAGs
[2025-06-20T21:58:58.479+0000] {logging_mixin.py:190} INFO - [2025-06-20T21:58:58.479+0000] {dag.py:4180} INFO - Setting next_dagrun for example_display_name to None, run_after=None
[2025-06-20T21:58:58.502+0000] {processor.py:208} INFO - Processing /home/airflow/.local/lib/python3.12/site-packages/airflow/example_dags/example_display_name.py took 0.071 seconds
[2025-06-20T21:59:29.728+0000] {processor.py:186} INFO - Started process (PID=572) to work on /home/airflow/.local/lib/python3.12/site-packages/airflow/example_dags/example_display_name.py
[2025-06-20T21:59:29.729+0000] {processor.py:914} INFO - Processing file /home/airflow/.local/lib/python3.12/site-packages/airflow/example_dags/example_display_name.py for tasks to queue
[2025-06-20T21:59:29.731+0000] {logging_mixin.py:190} INFO - [2025-06-20T21:59:29.731+0000] {dagbag.py:588} INFO - Filling up the DagBag from /home/airflow/.local/lib/python3.12/site-packages/airflow/example_dags/example_display_name.py
[2025-06-20T21:59:29.738+0000] {processor.py:925} INFO - DAG(s) 'example_display_name' retrieved from /home/airflow/.local/lib/python3.12/site-packages/airflow/example_dags/example_display_name.py
[2025-06-20T21:59:29.763+0000] {logging_mixin.py:190} INFO - [2025-06-20T21:59:29.763+0000] {dag.py:3239} INFO - Sync 1 DAGs
[2025-06-20T21:59:29.781+0000] {logging_mixin.py:190} INFO - [2025-06-20T21:59:29.780+0000] {dag.py:4180} INFO - Setting next_dagrun for example_display_name to None, run_after=None
[2025-06-20T21:59:29.808+0000] {processor.py:208} INFO - Processing /home/airflow/.local/lib/python3.12/site-packages/airflow/example_dags/example_display_name.py took 0.085 seconds
[2025-06-20T22:00:01.097+0000] {processor.py:186} INFO - Started process (PID=636) to work on /home/airflow/.local/lib/python3.12/site-packages/airflow/example_dags/example_display_name.py
[2025-06-20T22:00:01.099+0000] {processor.py:914} INFO - Processing file /home/airflow/.local/lib/python3.12/site-packages/airflow/example_dags/example_display_name.py for tasks to queue
[2025-06-20T22:00:01.102+0000] {logging_mixin.py:190} INFO - [2025-06-20T22:00:01.101+0000] {dagbag.py:588} INFO - Filling up the DagBag from /home/airflow/.local/lib/python3.12/site-packages/airflow/example_dags/example_display_name.py
[2025-06-20T22:00:01.108+0000] {processor.py:925} INFO - DAG(s) 'example_display_name' retrieved from /home/airflow/.local/lib/python3.12/site-packages/airflow/example_dags/example_display_name.py
[2025-06-20T22:00:01.128+0000] {logging_mixin.py:190} INFO - [2025-06-20T22:00:01.128+0000] {dag.py:3239} INFO - Sync 1 DAGs
[2025-06-20T22:00:01.142+0000] {logging_mixin.py:190} INFO - [2025-06-20T22:00:01.142+0000] {dag.py:4180} INFO - Setting next_dagrun for example_display_name to None, run_after=None
[2025-06-20T22:00:01.169+0000] {processor.py:208} INFO - Processing /home/airflow/.local/lib/python3.12/site-packages/airflow/example_dags/example_display_name.py took 0.077 seconds
[2025-06-20T22:00:32.810+0000] {processor.py:186} INFO - Started process (PID=700) to work on /home/airflow/.local/lib/python3.12/site-packages/airflow/example_dags/example_display_name.py
[2025-06-20T22:00:32.811+0000] {processor.py:914} INFO - Processing file /home/airflow/.local/lib/python3.12/site-packages/airflow/example_dags/example_display_name.py for tasks to queue
[2025-06-20T22:00:32.816+0000] {logging_mixin.py:190} INFO - [2025-06-20T22:00:32.815+0000] {dagbag.py:588} INFO - Filling up the DagBag from /home/airflow/.local/lib/python3.12/site-packages/airflow/example_dags/example_display_name.py
[2025-06-20T22:00:32.823+0000] {processor.py:925} INFO - DAG(s) 'example_display_name' retrieved from /home/airflow/.local/lib/python3.12/site-packages/airflow/example_dags/example_display_name.py
[2025-06-20T22:00:32.843+0000] {logging_mixin.py:190} INFO - [2025-06-20T22:00:32.842+0000] {dag.py:3239} INFO - Sync 1 DAGs
[2025-06-20T22:00:32.858+0000] {logging_mixin.py:190} INFO - [2025-06-20T22:00:32.858+0000] {dag.py:4180} INFO - Setting next_dagrun for example_display_name to None, run_after=None
[2025-06-20T22:00:32.888+0000] {processor.py:208} INFO - Processing /home/airflow/.local/lib/python3.12/site-packages/airflow/example_dags/example_display_name.py took 0.085 seconds
[2025-06-20T22:01:04.063+0000] {processor.py:186} INFO - Started process (PID=764) to work on /home/airflow/.local/lib/python3.12/site-packages/airflow/example_dags/example_display_name.py
[2025-06-20T22:01:04.064+0000] {processor.py:914} INFO - Processing file /home/airflow/.local/lib/python3.12/site-packages/airflow/example_dags/example_display_name.py for tasks to queue
[2025-06-20T22:01:04.067+0000] {logging_mixin.py:190} INFO - [2025-06-20T22:01:04.067+0000] {dagbag.py:588} INFO - Filling up the DagBag from /home/airflow/.local/lib/python3.12/site-packages/airflow/example_dags/example_display_name.py
[2025-06-20T22:01:04.074+0000] {processor.py:925} INFO - DAG(s) 'example_display_name' retrieved from /home/airflow/.local/lib/python3.12/site-packages/airflow/example_dags/example_display_name.py
[2025-06-20T22:01:04.095+0000] {logging_mixin.py:190} INFO - [2025-06-20T22:01:04.094+0000] {dag.py:3239} INFO - Sync 1 DAGs
[2025-06-20T22:01:04.108+0000] {logging_mixin.py:190} INFO - [2025-06-20T22:01:04.108+0000] {dag.py:4180} INFO - Setting next_dagrun for example_display_name to None, run_after=None
[2025-06-20T22:01:04.133+0000] {processor.py:208} INFO - Processing /home/airflow/.local/lib/python3.12/site-packages/airflow/example_dags/example_display_name.py took 0.075 seconds
[2025-06-20T22:01:35.941+0000] {processor.py:186} INFO - Started process (PID=829) to work on /home/airflow/.local/lib/python3.12/site-packages/airflow/example_dags/example_display_name.py
[2025-06-20T22:01:35.942+0000] {processor.py:914} INFO - Processing file /home/airflow/.local/lib/python3.12/site-packages/airflow/example_dags/example_display_name.py for tasks to queue
[2025-06-20T22:01:35.944+0000] {logging_mixin.py:190} INFO - [2025-06-20T22:01:35.944+0000] {dagbag.py:588} INFO - Filling up the DagBag from /home/airflow/.local/lib/python3.12/site-packages/airflow/example_dags/example_display_name.py
[2025-06-20T22:01:35.951+0000] {processor.py:925} INFO - DAG(s) 'example_display_name' retrieved from /home/airflow/.local/lib/python3.12/site-packages/airflow/example_dags/example_display_name.py
[2025-06-20T22:01:35.971+0000] {logging_mixin.py:190} INFO - [2025-06-20T22:01:35.971+0000] {dag.py:3239} INFO - Sync 1 DAGs
[2025-06-20T22:01:35.985+0000] {logging_mixin.py:190} INFO - [2025-06-20T22:01:35.984+0000] {dag.py:4180} INFO - Setting next_dagrun for example_display_name to None, run_after=None
[2025-06-20T22:01:36.010+0000] {processor.py:208} INFO - Processing /home/airflow/.local/lib/python3.12/site-packages/airflow/example_dags/example_display_name.py took 0.075 seconds
[2025-06-20T22:02:07.304+0000] {processor.py:186} INFO - Started process (PID=893) to work on /home/airflow/.local/lib/python3.12/site-packages/airflow/example_dags/example_display_name.py
[2025-06-20T22:02:07.306+0000] {processor.py:914} INFO - Processing file /home/airflow/.local/lib/python3.12/site-packages/airflow/example_dags/example_display_name.py for tasks to queue
[2025-06-20T22:02:07.308+0000] {logging_mixin.py:190} INFO - [2025-06-20T22:02:07.308+0000] {dagbag.py:588} INFO - Filling up the DagBag from /home/airflow/.local/lib/python3.12/site-packages/airflow/example_dags/example_display_name.py
[2025-06-20T22:02:07.315+0000] {processor.py:925} INFO - DAG(s) 'example_display_name' retrieved from /home/airflow/.local/lib/python3.12/site-packages/airflow/example_dags/example_display_name.py
[2025-06-20T22:02:07.335+0000] {logging_mixin.py:190} INFO - [2025-06-20T22:02:07.334+0000] {dag.py:3239} INFO - Sync 1 DAGs
[2025-06-20T22:02:07.348+0000] {logging_mixin.py:190} INFO - [2025-06-20T22:02:07.348+0000] {dag.py:4180} INFO - Setting next_dagrun for example_display_name to None, run_after=None
[2025-06-20T22:02:07.374+0000] {processor.py:208} INFO - Processing /home/airflow/.local/lib/python3.12/site-packages/airflow/example_dags/example_display_name.py took 0.074 seconds
[2025-06-20T22:02:38.780+0000] {processor.py:186} INFO - Started process (PID=956) to work on /home/airflow/.local/lib/python3.12/site-packages/airflow/example_dags/example_display_name.py
[2025-06-20T22:02:38.781+0000] {processor.py:914} INFO - Processing file /home/airflow/.local/lib/python3.12/site-packages/airflow/example_dags/example_display_name.py for tasks to queue
[2025-06-20T22:02:38.784+0000] {logging_mixin.py:190} INFO - [2025-06-20T22:02:38.783+0000] {dagbag.py:588} INFO - Filling up the DagBag from /home/airflow/.local/lib/python3.12/site-packages/airflow/example_dags/example_display_name.py
[2025-06-20T22:02:38.790+0000] {processor.py:925} INFO - DAG(s) 'example_display_name' retrieved from /home/airflow/.local/lib/python3.12/site-packages/airflow/example_dags/example_display_name.py
[2025-06-20T22:02:38.810+0000] {logging_mixin.py:190} INFO - [2025-06-20T22:02:38.810+0000] {dag.py:3239} INFO - Sync 1 DAGs
[2025-06-20T22:02:38.824+0000] {logging_mixin.py:190} INFO - [2025-06-20T22:02:38.824+0000] {dag.py:4180} INFO - Setting next_dagrun for example_display_name to None, run_after=None
[2025-06-20T22:02:38.854+0000] {processor.py:208} INFO - Processing /home/airflow/.local/lib/python3.12/site-packages/airflow/example_dags/example_display_name.py took 0.079 seconds
[2025-06-20T22:03:10.698+0000] {processor.py:186} INFO - Started process (PID=1020) to work on /home/airflow/.local/lib/python3.12/site-packages/airflow/example_dags/example_display_name.py
[2025-06-20T22:03:10.700+0000] {processor.py:914} INFO - Processing file /home/airflow/.local/lib/python3.12/site-packages/airflow/example_dags/example_display_name.py for tasks to queue
[2025-06-20T22:03:10.703+0000] {logging_mixin.py:190} INFO - [2025-06-20T22:03:10.703+0000] {dagbag.py:588} INFO - Filling up the DagBag from /home/airflow/.local/lib/python3.12/site-packages/airflow/example_dags/example_display_name.py
[2025-06-20T22:03:10.715+0000] {processor.py:925} INFO - DAG(s) 'example_display_name' retrieved from /home/airflow/.local/lib/python3.12/site-packages/airflow/example_dags/example_display_name.py
[2025-06-20T22:03:10.738+0000] {logging_mixin.py:190} INFO - [2025-06-20T22:03:10.738+0000] {dag.py:3239} INFO - Sync 1 DAGs
[2025-06-20T22:03:10.753+0000] {logging_mixin.py:190} INFO - [2025-06-20T22:03:10.753+0000] {dag.py:4180} INFO - Setting next_dagrun for example_display_name to None, run_after=None
[2025-06-20T22:03:10.787+0000] {processor.py:208} INFO - Processing /home/airflow/.local/lib/python3.12/site-packages/airflow/example_dags/example_display_name.py took 0.095 seconds
[2025-06-20T22:03:43.021+0000] {processor.py:186} INFO - Started process (PID=1085) to work on /home/airflow/.local/lib/python3.12/site-packages/airflow/example_dags/example_display_name.py
[2025-06-20T22:03:43.022+0000] {processor.py:914} INFO - Processing file /home/airflow/.local/lib/python3.12/site-packages/airflow/example_dags/example_display_name.py for tasks to queue
[2025-06-20T22:03:43.025+0000] {logging_mixin.py:190} INFO - [2025-06-20T22:03:43.024+0000] {dagbag.py:588} INFO - Filling up the DagBag from /home/airflow/.local/lib/python3.12/site-packages/airflow/example_dags/example_display_name.py
[2025-06-20T22:03:43.032+0000] {processor.py:925} INFO - DAG(s) 'example_display_name' retrieved from /home/airflow/.local/lib/python3.12/site-packages/airflow/example_dags/example_display_name.py
[2025-06-20T22:03:43.050+0000] {logging_mixin.py:190} INFO - [2025-06-20T22:03:43.050+0000] {dag.py:3239} INFO - Sync 1 DAGs
[2025-06-20T22:03:43.064+0000] {logging_mixin.py:190} INFO - [2025-06-20T22:03:43.064+0000] {dag.py:4180} INFO - Setting next_dagrun for example_display_name to None, run_after=None
[2025-06-20T22:03:43.086+0000] {processor.py:208} INFO - Processing /home/airflow/.local/lib/python3.12/site-packages/airflow/example_dags/example_display_name.py took 0.069 seconds
