[2025-06-20T21:26:21.356+0000] {processor.py:186} INFO - Started process (PID=94) to work on /home/airflow/.local/lib/python3.12/site-packages/airflow/example_dags/example_skip_dag.py
[2025-06-20T21:26:21.357+0000] {processor.py:914} INFO - Processing file /home/airflow/.local/lib/python3.12/site-packages/airflow/example_dags/example_skip_dag.py for tasks to queue
[2025-06-20T21:26:21.360+0000] {logging_mixin.py:190} INFO - [2025-06-20T21:26:21.359+0000] {dagbag.py:588} INFO - Filling up the DagBag from /home/airflow/.local/lib/python3.12/site-packages/airflow/example_dags/example_skip_dag.py
[2025-06-20T21:26:21.369+0000] {processor.py:925} INFO - DAG(s) 'example_skip_dag' retrieved from /home/airflow/.local/lib/python3.12/site-packages/airflow/example_dags/example_skip_dag.py
[2025-06-20T21:26:21.757+0000] {logging_mixin.py:190} INFO - [2025-06-20T21:26:21.756+0000] {override.py:1911} INFO - Created Permission View: can delete on DAG:example_skip_dag
[2025-06-20T21:26:21.858+0000] {logging_mixin.py:190} INFO - [2025-06-20T21:26:21.857+0000] {override.py:1911} INFO - Created Permission View: can read on DAG:example_skip_dag
[2025-06-20T21:26:21.910+0000] {logging_mixin.py:190} INFO - [2025-06-20T21:26:21.910+0000] {override.py:1911} INFO - Created Permission View: can edit on DAG:example_skip_dag
[2025-06-20T21:26:22.090+0000] {logging_mixin.py:190} INFO - [2025-06-20T21:26:22.090+0000] {override.py:1911} INFO - Created Permission View: can delete on DAG Run:example_skip_dag
[2025-06-20T21:26:22.186+0000] {logging_mixin.py:190} INFO - [2025-06-20T21:26:22.185+0000] {override.py:1911} INFO - Created Permission View: can create on DAG Run:example_skip_dag
[2025-06-20T21:26:22.228+0000] {logging_mixin.py:190} INFO - [2025-06-20T21:26:22.228+0000] {override.py:1911} INFO - Created Permission View: can read on DAG Run:example_skip_dag
[2025-06-20T21:26:22.374+0000] {logging_mixin.py:190} INFO - [2025-06-20T21:26:22.373+0000] {override.py:1911} INFO - Created Permission View: menu access on DAG Run:example_skip_dag
[2025-06-20T21:26:22.375+0000] {logging_mixin.py:190} INFO - [2025-06-20T21:26:22.375+0000] {dag.py:3239} INFO - Sync 1 DAGs
[2025-06-20T21:26:22.388+0000] {logging_mixin.py:190} INFO - [2025-06-20T21:26:22.387+0000] {dag.py:3262} INFO - Creating ORM DAG for example_skip_dag
[2025-06-20T21:26:22.485+0000] {logging_mixin.py:190} INFO - [2025-06-20T21:26:22.485+0000] {dag.py:4180} INFO - Setting next_dagrun for example_skip_dag to 2025-06-19 00:00:00+00:00, run_after=2025-06-20 00:00:00+00:00
[2025-06-20T21:26:22.625+0000] {processor.py:208} INFO - Processing /home/airflow/.local/lib/python3.12/site-packages/airflow/example_dags/example_skip_dag.py took 1.273 seconds
[2025-06-20T21:26:57.003+0000] {processor.py:186} INFO - Started process (PID=158) to work on /home/airflow/.local/lib/python3.12/site-packages/airflow/example_dags/example_skip_dag.py
[2025-06-20T21:26:57.004+0000] {processor.py:914} INFO - Processing file /home/airflow/.local/lib/python3.12/site-packages/airflow/example_dags/example_skip_dag.py for tasks to queue
[2025-06-20T21:26:57.007+0000] {logging_mixin.py:190} INFO - [2025-06-20T21:26:57.006+0000] {dagbag.py:588} INFO - Filling up the DagBag from /home/airflow/.local/lib/python3.12/site-packages/airflow/example_dags/example_skip_dag.py
[2025-06-20T21:26:57.013+0000] {processor.py:925} INFO - DAG(s) 'example_skip_dag' retrieved from /home/airflow/.local/lib/python3.12/site-packages/airflow/example_dags/example_skip_dag.py
[2025-06-20T21:26:57.035+0000] {logging_mixin.py:190} INFO - [2025-06-20T21:26:57.034+0000] {dag.py:3239} INFO - Sync 1 DAGs
[2025-06-20T21:26:57.056+0000] {logging_mixin.py:190} INFO - [2025-06-20T21:26:57.056+0000] {dag.py:4180} INFO - Setting next_dagrun for example_skip_dag to 2025-06-19 00:00:00+00:00, run_after=2025-06-20 00:00:00+00:00
[2025-06-20T21:26:57.093+0000] {processor.py:208} INFO - Processing /home/airflow/.local/lib/python3.12/site-packages/airflow/example_dags/example_skip_dag.py took 0.095 seconds
[2025-06-20T21:27:27.914+0000] {processor.py:186} INFO - Started process (PID=222) to work on /home/airflow/.local/lib/python3.12/site-packages/airflow/example_dags/example_skip_dag.py
[2025-06-20T21:27:27.915+0000] {processor.py:914} INFO - Processing file /home/airflow/.local/lib/python3.12/site-packages/airflow/example_dags/example_skip_dag.py for tasks to queue
[2025-06-20T21:27:27.918+0000] {logging_mixin.py:190} INFO - [2025-06-20T21:27:27.917+0000] {dagbag.py:588} INFO - Filling up the DagBag from /home/airflow/.local/lib/python3.12/site-packages/airflow/example_dags/example_skip_dag.py
[2025-06-20T21:27:27.925+0000] {processor.py:925} INFO - DAG(s) 'example_skip_dag' retrieved from /home/airflow/.local/lib/python3.12/site-packages/airflow/example_dags/example_skip_dag.py
[2025-06-20T21:27:27.944+0000] {logging_mixin.py:190} INFO - [2025-06-20T21:27:27.944+0000] {dag.py:3239} INFO - Sync 1 DAGs
[2025-06-20T21:27:27.968+0000] {logging_mixin.py:190} INFO - [2025-06-20T21:27:27.968+0000] {dag.py:4180} INFO - Setting next_dagrun for example_skip_dag to 2025-06-19 00:00:00+00:00, run_after=2025-06-20 00:00:00+00:00
[2025-06-20T21:27:27.997+0000] {processor.py:208} INFO - Processing /home/airflow/.local/lib/python3.12/site-packages/airflow/example_dags/example_skip_dag.py took 0.088 seconds
[2025-06-20T21:27:58.742+0000] {processor.py:186} INFO - Started process (PID=286) to work on /home/airflow/.local/lib/python3.12/site-packages/airflow/example_dags/example_skip_dag.py
[2025-06-20T21:27:58.743+0000] {processor.py:914} INFO - Processing file /home/airflow/.local/lib/python3.12/site-packages/airflow/example_dags/example_skip_dag.py for tasks to queue
[2025-06-20T21:27:58.746+0000] {logging_mixin.py:190} INFO - [2025-06-20T21:27:58.745+0000] {dagbag.py:588} INFO - Filling up the DagBag from /home/airflow/.local/lib/python3.12/site-packages/airflow/example_dags/example_skip_dag.py
[2025-06-20T21:27:58.753+0000] {processor.py:925} INFO - DAG(s) 'example_skip_dag' retrieved from /home/airflow/.local/lib/python3.12/site-packages/airflow/example_dags/example_skip_dag.py
[2025-06-20T21:27:58.776+0000] {logging_mixin.py:190} INFO - [2025-06-20T21:27:58.776+0000] {dag.py:3239} INFO - Sync 1 DAGs
[2025-06-20T21:27:58.805+0000] {logging_mixin.py:190} INFO - [2025-06-20T21:27:58.804+0000] {dag.py:4180} INFO - Setting next_dagrun for example_skip_dag to 2025-06-19 00:00:00+00:00, run_after=2025-06-20 00:00:00+00:00
[2025-06-20T21:27:58.831+0000] {processor.py:208} INFO - Processing /home/airflow/.local/lib/python3.12/site-packages/airflow/example_dags/example_skip_dag.py took 0.094 seconds
[2025-06-20T21:28:29.572+0000] {processor.py:186} INFO - Started process (PID=350) to work on /home/airflow/.local/lib/python3.12/site-packages/airflow/example_dags/example_skip_dag.py
[2025-06-20T21:28:29.573+0000] {processor.py:914} INFO - Processing file /home/airflow/.local/lib/python3.12/site-packages/airflow/example_dags/example_skip_dag.py for tasks to queue
[2025-06-20T21:28:29.575+0000] {logging_mixin.py:190} INFO - [2025-06-20T21:28:29.575+0000] {dagbag.py:588} INFO - Filling up the DagBag from /home/airflow/.local/lib/python3.12/site-packages/airflow/example_dags/example_skip_dag.py
[2025-06-20T21:28:29.585+0000] {processor.py:925} INFO - DAG(s) 'example_skip_dag' retrieved from /home/airflow/.local/lib/python3.12/site-packages/airflow/example_dags/example_skip_dag.py
[2025-06-20T21:28:29.607+0000] {logging_mixin.py:190} INFO - [2025-06-20T21:28:29.606+0000] {dag.py:3239} INFO - Sync 1 DAGs
[2025-06-20T21:28:29.630+0000] {logging_mixin.py:190} INFO - [2025-06-20T21:28:29.630+0000] {dag.py:4180} INFO - Setting next_dagrun for example_skip_dag to 2025-06-19 00:00:00+00:00, run_after=2025-06-20 00:00:00+00:00
[2025-06-20T21:28:29.658+0000] {processor.py:208} INFO - Processing /home/airflow/.local/lib/python3.12/site-packages/airflow/example_dags/example_skip_dag.py took 0.093 seconds
[2025-06-20T21:29:00.048+0000] {processor.py:186} INFO - Started process (PID=413) to work on /home/airflow/.local/lib/python3.12/site-packages/airflow/example_dags/example_skip_dag.py
[2025-06-20T21:29:00.049+0000] {processor.py:914} INFO - Processing file /home/airflow/.local/lib/python3.12/site-packages/airflow/example_dags/example_skip_dag.py for tasks to queue
[2025-06-20T21:29:00.052+0000] {logging_mixin.py:190} INFO - [2025-06-20T21:29:00.051+0000] {dagbag.py:588} INFO - Filling up the DagBag from /home/airflow/.local/lib/python3.12/site-packages/airflow/example_dags/example_skip_dag.py
[2025-06-20T21:29:00.063+0000] {processor.py:925} INFO - DAG(s) 'example_skip_dag' retrieved from /home/airflow/.local/lib/python3.12/site-packages/airflow/example_dags/example_skip_dag.py
[2025-06-20T21:29:00.091+0000] {logging_mixin.py:190} INFO - [2025-06-20T21:29:00.091+0000] {dag.py:3239} INFO - Sync 1 DAGs
[2025-06-20T21:29:00.120+0000] {logging_mixin.py:190} INFO - [2025-06-20T21:29:00.120+0000] {dag.py:4180} INFO - Setting next_dagrun for example_skip_dag to 2025-06-19 00:00:00+00:00, run_after=2025-06-20 00:00:00+00:00
[2025-06-20T21:29:00.239+0000] {processor.py:208} INFO - Processing /home/airflow/.local/lib/python3.12/site-packages/airflow/example_dags/example_skip_dag.py took 0.197 seconds
[2025-06-20T21:29:31.949+0000] {processor.py:186} INFO - Started process (PID=478) to work on /home/airflow/.local/lib/python3.12/site-packages/airflow/example_dags/example_skip_dag.py
[2025-06-20T21:29:31.951+0000] {processor.py:914} INFO - Processing file /home/airflow/.local/lib/python3.12/site-packages/airflow/example_dags/example_skip_dag.py for tasks to queue
[2025-06-20T21:29:31.953+0000] {logging_mixin.py:190} INFO - [2025-06-20T21:29:31.953+0000] {dagbag.py:588} INFO - Filling up the DagBag from /home/airflow/.local/lib/python3.12/site-packages/airflow/example_dags/example_skip_dag.py
[2025-06-20T21:29:31.961+0000] {processor.py:925} INFO - DAG(s) 'example_skip_dag' retrieved from /home/airflow/.local/lib/python3.12/site-packages/airflow/example_dags/example_skip_dag.py
[2025-06-20T21:29:31.982+0000] {logging_mixin.py:190} INFO - [2025-06-20T21:29:31.982+0000] {dag.py:3239} INFO - Sync 1 DAGs
[2025-06-20T21:29:32.006+0000] {logging_mixin.py:190} INFO - [2025-06-20T21:29:32.006+0000] {dag.py:4180} INFO - Setting next_dagrun for example_skip_dag to 2025-06-19 00:00:00+00:00, run_after=2025-06-20 00:00:00+00:00
[2025-06-20T21:29:32.124+0000] {processor.py:208} INFO - Processing /home/airflow/.local/lib/python3.12/site-packages/airflow/example_dags/example_skip_dag.py took 0.180 seconds
[2025-06-20T21:30:02.264+0000] {processor.py:186} INFO - Started process (PID=540) to work on /home/airflow/.local/lib/python3.12/site-packages/airflow/example_dags/example_skip_dag.py
[2025-06-20T21:30:02.265+0000] {processor.py:914} INFO - Processing file /home/airflow/.local/lib/python3.12/site-packages/airflow/example_dags/example_skip_dag.py for tasks to queue
[2025-06-20T21:30:02.268+0000] {logging_mixin.py:190} INFO - [2025-06-20T21:30:02.267+0000] {dagbag.py:588} INFO - Filling up the DagBag from /home/airflow/.local/lib/python3.12/site-packages/airflow/example_dags/example_skip_dag.py
[2025-06-20T21:30:02.275+0000] {processor.py:925} INFO - DAG(s) 'example_skip_dag' retrieved from /home/airflow/.local/lib/python3.12/site-packages/airflow/example_dags/example_skip_dag.py
[2025-06-20T21:30:02.295+0000] {logging_mixin.py:190} INFO - [2025-06-20T21:30:02.295+0000] {dag.py:3239} INFO - Sync 1 DAGs
[2025-06-20T21:30:02.318+0000] {logging_mixin.py:190} INFO - [2025-06-20T21:30:02.318+0000] {dag.py:4180} INFO - Setting next_dagrun for example_skip_dag to 2025-06-19 00:00:00+00:00, run_after=2025-06-20 00:00:00+00:00
[2025-06-20T21:30:02.375+0000] {processor.py:208} INFO - Processing /home/airflow/.local/lib/python3.12/site-packages/airflow/example_dags/example_skip_dag.py took 0.118 seconds
[2025-06-20T21:30:32.691+0000] {processor.py:186} INFO - Started process (PID=603) to work on /home/airflow/.local/lib/python3.12/site-packages/airflow/example_dags/example_skip_dag.py
[2025-06-20T21:30:32.693+0000] {processor.py:914} INFO - Processing file /home/airflow/.local/lib/python3.12/site-packages/airflow/example_dags/example_skip_dag.py for tasks to queue
[2025-06-20T21:30:32.695+0000] {logging_mixin.py:190} INFO - [2025-06-20T21:30:32.695+0000] {dagbag.py:588} INFO - Filling up the DagBag from /home/airflow/.local/lib/python3.12/site-packages/airflow/example_dags/example_skip_dag.py
[2025-06-20T21:30:32.702+0000] {processor.py:925} INFO - DAG(s) 'example_skip_dag' retrieved from /home/airflow/.local/lib/python3.12/site-packages/airflow/example_dags/example_skip_dag.py
[2025-06-20T21:30:32.723+0000] {logging_mixin.py:190} INFO - [2025-06-20T21:30:32.722+0000] {dag.py:3239} INFO - Sync 1 DAGs
[2025-06-20T21:30:32.746+0000] {logging_mixin.py:190} INFO - [2025-06-20T21:30:32.746+0000] {dag.py:4180} INFO - Setting next_dagrun for example_skip_dag to 2025-06-19 00:00:00+00:00, run_after=2025-06-20 00:00:00+00:00
[2025-06-20T21:30:32.774+0000] {processor.py:208} INFO - Processing /home/airflow/.local/lib/python3.12/site-packages/airflow/example_dags/example_skip_dag.py took 0.088 seconds
[2025-06-20T21:31:03.990+0000] {processor.py:186} INFO - Started process (PID=652) to work on /home/airflow/.local/lib/python3.12/site-packages/airflow/example_dags/example_skip_dag.py
[2025-06-20T21:31:03.991+0000] {processor.py:914} INFO - Processing file /home/airflow/.local/lib/python3.12/site-packages/airflow/example_dags/example_skip_dag.py for tasks to queue
[2025-06-20T21:31:03.993+0000] {logging_mixin.py:190} INFO - [2025-06-20T21:31:03.993+0000] {dagbag.py:588} INFO - Filling up the DagBag from /home/airflow/.local/lib/python3.12/site-packages/airflow/example_dags/example_skip_dag.py
[2025-06-20T21:31:04.000+0000] {processor.py:925} INFO - DAG(s) 'example_skip_dag' retrieved from /home/airflow/.local/lib/python3.12/site-packages/airflow/example_dags/example_skip_dag.py
[2025-06-20T21:31:04.023+0000] {logging_mixin.py:190} INFO - [2025-06-20T21:31:04.023+0000] {dag.py:3239} INFO - Sync 1 DAGs
[2025-06-20T21:31:04.047+0000] {logging_mixin.py:190} INFO - [2025-06-20T21:31:04.047+0000] {dag.py:4180} INFO - Setting next_dagrun for example_skip_dag to 2025-06-19 00:00:00+00:00, run_after=2025-06-20 00:00:00+00:00
[2025-06-20T21:31:04.084+0000] {processor.py:208} INFO - Processing /home/airflow/.local/lib/python3.12/site-packages/airflow/example_dags/example_skip_dag.py took 0.099 seconds
[2025-06-20T21:31:35.276+0000] {processor.py:186} INFO - Started process (PID=716) to work on /home/airflow/.local/lib/python3.12/site-packages/airflow/example_dags/example_skip_dag.py
[2025-06-20T21:31:35.277+0000] {processor.py:914} INFO - Processing file /home/airflow/.local/lib/python3.12/site-packages/airflow/example_dags/example_skip_dag.py for tasks to queue
[2025-06-20T21:31:35.279+0000] {logging_mixin.py:190} INFO - [2025-06-20T21:31:35.279+0000] {dagbag.py:588} INFO - Filling up the DagBag from /home/airflow/.local/lib/python3.12/site-packages/airflow/example_dags/example_skip_dag.py
[2025-06-20T21:31:35.286+0000] {processor.py:925} INFO - DAG(s) 'example_skip_dag' retrieved from /home/airflow/.local/lib/python3.12/site-packages/airflow/example_dags/example_skip_dag.py
[2025-06-20T21:31:35.310+0000] {logging_mixin.py:190} INFO - [2025-06-20T21:31:35.310+0000] {dag.py:3239} INFO - Sync 1 DAGs
[2025-06-20T21:31:35.333+0000] {logging_mixin.py:190} INFO - [2025-06-20T21:31:35.333+0000] {dag.py:4180} INFO - Setting next_dagrun for example_skip_dag to 2025-06-19 00:00:00+00:00, run_after=2025-06-20 00:00:00+00:00
[2025-06-20T21:31:35.366+0000] {processor.py:208} INFO - Processing /home/airflow/.local/lib/python3.12/site-packages/airflow/example_dags/example_skip_dag.py took 0.096 seconds
[2025-06-20T21:32:07.381+0000] {processor.py:186} INFO - Started process (PID=780) to work on /home/airflow/.local/lib/python3.12/site-packages/airflow/example_dags/example_skip_dag.py
[2025-06-20T21:32:07.382+0000] {processor.py:914} INFO - Processing file /home/airflow/.local/lib/python3.12/site-packages/airflow/example_dags/example_skip_dag.py for tasks to queue
[2025-06-20T21:32:07.385+0000] {logging_mixin.py:190} INFO - [2025-06-20T21:32:07.384+0000] {dagbag.py:588} INFO - Filling up the DagBag from /home/airflow/.local/lib/python3.12/site-packages/airflow/example_dags/example_skip_dag.py
[2025-06-20T21:32:07.396+0000] {processor.py:925} INFO - DAG(s) 'example_skip_dag' retrieved from /home/airflow/.local/lib/python3.12/site-packages/airflow/example_dags/example_skip_dag.py
[2025-06-20T21:32:07.433+0000] {logging_mixin.py:190} INFO - [2025-06-20T21:32:07.432+0000] {dag.py:3239} INFO - Sync 1 DAGs
[2025-06-20T21:32:07.469+0000] {logging_mixin.py:190} INFO - [2025-06-20T21:32:07.469+0000] {dag.py:4180} INFO - Setting next_dagrun for example_skip_dag to 2025-06-19 00:00:00+00:00, run_after=2025-06-20 00:00:00+00:00
[2025-06-20T21:32:07.496+0000] {processor.py:208} INFO - Processing /home/airflow/.local/lib/python3.12/site-packages/airflow/example_dags/example_skip_dag.py took 0.121 seconds
[2025-06-20T21:32:38.248+0000] {processor.py:186} INFO - Started process (PID=844) to work on /home/airflow/.local/lib/python3.12/site-packages/airflow/example_dags/example_skip_dag.py
[2025-06-20T21:32:38.249+0000] {processor.py:914} INFO - Processing file /home/airflow/.local/lib/python3.12/site-packages/airflow/example_dags/example_skip_dag.py for tasks to queue
[2025-06-20T21:32:38.252+0000] {logging_mixin.py:190} INFO - [2025-06-20T21:32:38.252+0000] {dagbag.py:588} INFO - Filling up the DagBag from /home/airflow/.local/lib/python3.12/site-packages/airflow/example_dags/example_skip_dag.py
[2025-06-20T21:32:38.260+0000] {processor.py:925} INFO - DAG(s) 'example_skip_dag' retrieved from /home/airflow/.local/lib/python3.12/site-packages/airflow/example_dags/example_skip_dag.py
[2025-06-20T21:32:38.279+0000] {logging_mixin.py:190} INFO - [2025-06-20T21:32:38.279+0000] {dag.py:3239} INFO - Sync 1 DAGs
[2025-06-20T21:32:38.303+0000] {logging_mixin.py:190} INFO - [2025-06-20T21:32:38.302+0000] {dag.py:4180} INFO - Setting next_dagrun for example_skip_dag to 2025-06-19 00:00:00+00:00, run_after=2025-06-20 00:00:00+00:00
[2025-06-20T21:32:38.329+0000] {processor.py:208} INFO - Processing /home/airflow/.local/lib/python3.12/site-packages/airflow/example_dags/example_skip_dag.py took 0.085 seconds
[2025-06-20T21:33:10.096+0000] {processor.py:186} INFO - Started process (PID=908) to work on /home/airflow/.local/lib/python3.12/site-packages/airflow/example_dags/example_skip_dag.py
[2025-06-20T21:33:10.097+0000] {processor.py:914} INFO - Processing file /home/airflow/.local/lib/python3.12/site-packages/airflow/example_dags/example_skip_dag.py for tasks to queue
[2025-06-20T21:33:10.100+0000] {logging_mixin.py:190} INFO - [2025-06-20T21:33:10.100+0000] {dagbag.py:588} INFO - Filling up the DagBag from /home/airflow/.local/lib/python3.12/site-packages/airflow/example_dags/example_skip_dag.py
[2025-06-20T21:33:10.117+0000] {processor.py:925} INFO - DAG(s) 'example_skip_dag' retrieved from /home/airflow/.local/lib/python3.12/site-packages/airflow/example_dags/example_skip_dag.py
[2025-06-20T21:33:10.153+0000] {logging_mixin.py:190} INFO - [2025-06-20T21:33:10.152+0000] {dag.py:3239} INFO - Sync 1 DAGs
[2025-06-20T21:33:10.201+0000] {logging_mixin.py:190} INFO - [2025-06-20T21:33:10.201+0000] {dag.py:4180} INFO - Setting next_dagrun for example_skip_dag to 2025-06-19 00:00:00+00:00, run_after=2025-06-20 00:00:00+00:00
[2025-06-20T21:33:10.239+0000] {processor.py:208} INFO - Processing /home/airflow/.local/lib/python3.12/site-packages/airflow/example_dags/example_skip_dag.py took 0.152 seconds
[2025-06-20T21:33:41.592+0000] {processor.py:186} INFO - Started process (PID=972) to work on /home/airflow/.local/lib/python3.12/site-packages/airflow/example_dags/example_skip_dag.py
[2025-06-20T21:33:41.593+0000] {processor.py:914} INFO - Processing file /home/airflow/.local/lib/python3.12/site-packages/airflow/example_dags/example_skip_dag.py for tasks to queue
[2025-06-20T21:33:41.596+0000] {logging_mixin.py:190} INFO - [2025-06-20T21:33:41.596+0000] {dagbag.py:588} INFO - Filling up the DagBag from /home/airflow/.local/lib/python3.12/site-packages/airflow/example_dags/example_skip_dag.py
[2025-06-20T21:33:41.604+0000] {processor.py:925} INFO - DAG(s) 'example_skip_dag' retrieved from /home/airflow/.local/lib/python3.12/site-packages/airflow/example_dags/example_skip_dag.py
[2025-06-20T21:33:41.627+0000] {logging_mixin.py:190} INFO - [2025-06-20T21:33:41.627+0000] {dag.py:3239} INFO - Sync 1 DAGs
[2025-06-20T21:33:41.652+0000] {logging_mixin.py:190} INFO - [2025-06-20T21:33:41.652+0000] {dag.py:4180} INFO - Setting next_dagrun for example_skip_dag to 2025-06-19 00:00:00+00:00, run_after=2025-06-20 00:00:00+00:00
[2025-06-20T21:33:41.682+0000] {processor.py:208} INFO - Processing /home/airflow/.local/lib/python3.12/site-packages/airflow/example_dags/example_skip_dag.py took 0.096 seconds
[2025-06-20T21:34:12.927+0000] {processor.py:186} INFO - Started process (PID=1036) to work on /home/airflow/.local/lib/python3.12/site-packages/airflow/example_dags/example_skip_dag.py
[2025-06-20T21:34:12.928+0000] {processor.py:914} INFO - Processing file /home/airflow/.local/lib/python3.12/site-packages/airflow/example_dags/example_skip_dag.py for tasks to queue
[2025-06-20T21:34:12.930+0000] {logging_mixin.py:190} INFO - [2025-06-20T21:34:12.930+0000] {dagbag.py:588} INFO - Filling up the DagBag from /home/airflow/.local/lib/python3.12/site-packages/airflow/example_dags/example_skip_dag.py
[2025-06-20T21:34:12.938+0000] {processor.py:925} INFO - DAG(s) 'example_skip_dag' retrieved from /home/airflow/.local/lib/python3.12/site-packages/airflow/example_dags/example_skip_dag.py
[2025-06-20T21:34:12.960+0000] {logging_mixin.py:190} INFO - [2025-06-20T21:34:12.960+0000] {dag.py:3239} INFO - Sync 1 DAGs
[2025-06-20T21:34:12.987+0000] {logging_mixin.py:190} INFO - [2025-06-20T21:34:12.986+0000] {dag.py:4180} INFO - Setting next_dagrun for example_skip_dag to 2025-06-19 00:00:00+00:00, run_after=2025-06-20 00:00:00+00:00
[2025-06-20T21:34:13.019+0000] {processor.py:208} INFO - Processing /home/airflow/.local/lib/python3.12/site-packages/airflow/example_dags/example_skip_dag.py took 0.098 seconds
[2025-06-20T21:34:44.878+0000] {processor.py:186} INFO - Started process (PID=1100) to work on /home/airflow/.local/lib/python3.12/site-packages/airflow/example_dags/example_skip_dag.py
[2025-06-20T21:34:44.879+0000] {processor.py:914} INFO - Processing file /home/airflow/.local/lib/python3.12/site-packages/airflow/example_dags/example_skip_dag.py for tasks to queue
[2025-06-20T21:34:44.882+0000] {logging_mixin.py:190} INFO - [2025-06-20T21:34:44.882+0000] {dagbag.py:588} INFO - Filling up the DagBag from /home/airflow/.local/lib/python3.12/site-packages/airflow/example_dags/example_skip_dag.py
[2025-06-20T21:34:44.888+0000] {processor.py:925} INFO - DAG(s) 'example_skip_dag' retrieved from /home/airflow/.local/lib/python3.12/site-packages/airflow/example_dags/example_skip_dag.py
[2025-06-20T21:34:44.908+0000] {logging_mixin.py:190} INFO - [2025-06-20T21:34:44.907+0000] {dag.py:3239} INFO - Sync 1 DAGs
[2025-06-20T21:34:44.931+0000] {logging_mixin.py:190} INFO - [2025-06-20T21:34:44.931+0000] {dag.py:4180} INFO - Setting next_dagrun for example_skip_dag to 2025-06-19 00:00:00+00:00, run_after=2025-06-20 00:00:00+00:00
[2025-06-20T21:34:44.957+0000] {processor.py:208} INFO - Processing /home/airflow/.local/lib/python3.12/site-packages/airflow/example_dags/example_skip_dag.py took 0.083 seconds
[2025-06-20T21:35:16.306+0000] {processor.py:186} INFO - Started process (PID=1164) to work on /home/airflow/.local/lib/python3.12/site-packages/airflow/example_dags/example_skip_dag.py
[2025-06-20T21:35:16.308+0000] {processor.py:914} INFO - Processing file /home/airflow/.local/lib/python3.12/site-packages/airflow/example_dags/example_skip_dag.py for tasks to queue
[2025-06-20T21:35:16.310+0000] {logging_mixin.py:190} INFO - [2025-06-20T21:35:16.310+0000] {dagbag.py:588} INFO - Filling up the DagBag from /home/airflow/.local/lib/python3.12/site-packages/airflow/example_dags/example_skip_dag.py
[2025-06-20T21:35:16.320+0000] {processor.py:925} INFO - DAG(s) 'example_skip_dag' retrieved from /home/airflow/.local/lib/python3.12/site-packages/airflow/example_dags/example_skip_dag.py
[2025-06-20T21:35:16.345+0000] {logging_mixin.py:190} INFO - [2025-06-20T21:35:16.344+0000] {dag.py:3239} INFO - Sync 1 DAGs
[2025-06-20T21:35:16.373+0000] {logging_mixin.py:190} INFO - [2025-06-20T21:35:16.373+0000] {dag.py:4180} INFO - Setting next_dagrun for example_skip_dag to 2025-06-19 00:00:00+00:00, run_after=2025-06-20 00:00:00+00:00
[2025-06-20T21:35:16.469+0000] {processor.py:208} INFO - Processing /home/airflow/.local/lib/python3.12/site-packages/airflow/example_dags/example_skip_dag.py took 0.169 seconds
[2025-06-20T21:35:48.464+0000] {processor.py:186} INFO - Started process (PID=1228) to work on /home/airflow/.local/lib/python3.12/site-packages/airflow/example_dags/example_skip_dag.py
[2025-06-20T21:35:48.465+0000] {processor.py:914} INFO - Processing file /home/airflow/.local/lib/python3.12/site-packages/airflow/example_dags/example_skip_dag.py for tasks to queue
[2025-06-20T21:35:48.467+0000] {logging_mixin.py:190} INFO - [2025-06-20T21:35:48.466+0000] {dagbag.py:588} INFO - Filling up the DagBag from /home/airflow/.local/lib/python3.12/site-packages/airflow/example_dags/example_skip_dag.py
[2025-06-20T21:35:48.474+0000] {processor.py:925} INFO - DAG(s) 'example_skip_dag' retrieved from /home/airflow/.local/lib/python3.12/site-packages/airflow/example_dags/example_skip_dag.py
[2025-06-20T21:35:48.494+0000] {logging_mixin.py:190} INFO - [2025-06-20T21:35:48.494+0000] {dag.py:3239} INFO - Sync 1 DAGs
[2025-06-20T21:35:48.522+0000] {logging_mixin.py:190} INFO - [2025-06-20T21:35:48.522+0000] {dag.py:4180} INFO - Setting next_dagrun for example_skip_dag to 2025-06-19 00:00:00+00:00, run_after=2025-06-20 00:00:00+00:00
[2025-06-20T21:35:48.566+0000] {processor.py:208} INFO - Processing /home/airflow/.local/lib/python3.12/site-packages/airflow/example_dags/example_skip_dag.py took 0.108 seconds
[2025-06-20T21:36:20.228+0000] {processor.py:186} INFO - Started process (PID=1292) to work on /home/airflow/.local/lib/python3.12/site-packages/airflow/example_dags/example_skip_dag.py
[2025-06-20T21:36:20.229+0000] {processor.py:914} INFO - Processing file /home/airflow/.local/lib/python3.12/site-packages/airflow/example_dags/example_skip_dag.py for tasks to queue
[2025-06-20T21:36:20.232+0000] {logging_mixin.py:190} INFO - [2025-06-20T21:36:20.231+0000] {dagbag.py:588} INFO - Filling up the DagBag from /home/airflow/.local/lib/python3.12/site-packages/airflow/example_dags/example_skip_dag.py
[2025-06-20T21:36:20.241+0000] {processor.py:925} INFO - DAG(s) 'example_skip_dag' retrieved from /home/airflow/.local/lib/python3.12/site-packages/airflow/example_dags/example_skip_dag.py
[2025-06-20T21:36:20.265+0000] {logging_mixin.py:190} INFO - [2025-06-20T21:36:20.265+0000] {dag.py:3239} INFO - Sync 1 DAGs
[2025-06-20T21:36:20.300+0000] {logging_mixin.py:190} INFO - [2025-06-20T21:36:20.299+0000] {dag.py:4180} INFO - Setting next_dagrun for example_skip_dag to 2025-06-19 00:00:00+00:00, run_after=2025-06-20 00:00:00+00:00
[2025-06-20T21:36:20.392+0000] {processor.py:208} INFO - Processing /home/airflow/.local/lib/python3.12/site-packages/airflow/example_dags/example_skip_dag.py took 0.171 seconds
[2025-06-20T21:36:51.342+0000] {processor.py:186} INFO - Started process (PID=1356) to work on /home/airflow/.local/lib/python3.12/site-packages/airflow/example_dags/example_skip_dag.py
[2025-06-20T21:36:51.343+0000] {processor.py:914} INFO - Processing file /home/airflow/.local/lib/python3.12/site-packages/airflow/example_dags/example_skip_dag.py for tasks to queue
[2025-06-20T21:36:51.345+0000] {logging_mixin.py:190} INFO - [2025-06-20T21:36:51.345+0000] {dagbag.py:588} INFO - Filling up the DagBag from /home/airflow/.local/lib/python3.12/site-packages/airflow/example_dags/example_skip_dag.py
[2025-06-20T21:36:51.353+0000] {processor.py:925} INFO - DAG(s) 'example_skip_dag' retrieved from /home/airflow/.local/lib/python3.12/site-packages/airflow/example_dags/example_skip_dag.py
[2025-06-20T21:36:51.374+0000] {logging_mixin.py:190} INFO - [2025-06-20T21:36:51.374+0000] {dag.py:3239} INFO - Sync 1 DAGs
[2025-06-20T21:36:51.400+0000] {logging_mixin.py:190} INFO - [2025-06-20T21:36:51.399+0000] {dag.py:4180} INFO - Setting next_dagrun for example_skip_dag to 2025-06-19 00:00:00+00:00, run_after=2025-06-20 00:00:00+00:00
[2025-06-20T21:36:51.429+0000] {processor.py:208} INFO - Processing /home/airflow/.local/lib/python3.12/site-packages/airflow/example_dags/example_skip_dag.py took 0.093 seconds
[2025-06-20T21:37:22.419+0000] {processor.py:186} INFO - Started process (PID=1420) to work on /home/airflow/.local/lib/python3.12/site-packages/airflow/example_dags/example_skip_dag.py
[2025-06-20T21:37:22.420+0000] {processor.py:914} INFO - Processing file /home/airflow/.local/lib/python3.12/site-packages/airflow/example_dags/example_skip_dag.py for tasks to queue
[2025-06-20T21:37:22.424+0000] {logging_mixin.py:190} INFO - [2025-06-20T21:37:22.423+0000] {dagbag.py:588} INFO - Filling up the DagBag from /home/airflow/.local/lib/python3.12/site-packages/airflow/example_dags/example_skip_dag.py
[2025-06-20T21:37:22.433+0000] {processor.py:925} INFO - DAG(s) 'example_skip_dag' retrieved from /home/airflow/.local/lib/python3.12/site-packages/airflow/example_dags/example_skip_dag.py
[2025-06-20T21:37:22.459+0000] {logging_mixin.py:190} INFO - [2025-06-20T21:37:22.459+0000] {dag.py:3239} INFO - Sync 1 DAGs
[2025-06-20T21:37:22.488+0000] {logging_mixin.py:190} INFO - [2025-06-20T21:37:22.488+0000] {dag.py:4180} INFO - Setting next_dagrun for example_skip_dag to 2025-06-19 00:00:00+00:00, run_after=2025-06-20 00:00:00+00:00
[2025-06-20T21:37:22.519+0000] {processor.py:208} INFO - Processing /home/airflow/.local/lib/python3.12/site-packages/airflow/example_dags/example_skip_dag.py took 0.107 seconds
[2025-06-20T21:37:54.694+0000] {processor.py:186} INFO - Started process (PID=1485) to work on /home/airflow/.local/lib/python3.12/site-packages/airflow/example_dags/example_skip_dag.py
[2025-06-20T21:37:54.695+0000] {processor.py:914} INFO - Processing file /home/airflow/.local/lib/python3.12/site-packages/airflow/example_dags/example_skip_dag.py for tasks to queue
[2025-06-20T21:37:54.697+0000] {logging_mixin.py:190} INFO - [2025-06-20T21:37:54.697+0000] {dagbag.py:588} INFO - Filling up the DagBag from /home/airflow/.local/lib/python3.12/site-packages/airflow/example_dags/example_skip_dag.py
[2025-06-20T21:37:54.706+0000] {processor.py:925} INFO - DAG(s) 'example_skip_dag' retrieved from /home/airflow/.local/lib/python3.12/site-packages/airflow/example_dags/example_skip_dag.py
[2025-06-20T21:37:54.728+0000] {logging_mixin.py:190} INFO - [2025-06-20T21:37:54.728+0000] {dag.py:3239} INFO - Sync 1 DAGs
[2025-06-20T21:37:54.752+0000] {logging_mixin.py:190} INFO - [2025-06-20T21:37:54.752+0000] {dag.py:4180} INFO - Setting next_dagrun for example_skip_dag to 2025-06-19 00:00:00+00:00, run_after=2025-06-20 00:00:00+00:00
[2025-06-20T21:37:54.777+0000] {processor.py:208} INFO - Processing /home/airflow/.local/lib/python3.12/site-packages/airflow/example_dags/example_skip_dag.py took 0.088 seconds
[2025-06-20T21:38:26.189+0000] {processor.py:186} INFO - Started process (PID=1549) to work on /home/airflow/.local/lib/python3.12/site-packages/airflow/example_dags/example_skip_dag.py
[2025-06-20T21:38:26.190+0000] {processor.py:914} INFO - Processing file /home/airflow/.local/lib/python3.12/site-packages/airflow/example_dags/example_skip_dag.py for tasks to queue
[2025-06-20T21:38:26.193+0000] {logging_mixin.py:190} INFO - [2025-06-20T21:38:26.193+0000] {dagbag.py:588} INFO - Filling up the DagBag from /home/airflow/.local/lib/python3.12/site-packages/airflow/example_dags/example_skip_dag.py
[2025-06-20T21:38:26.204+0000] {processor.py:925} INFO - DAG(s) 'example_skip_dag' retrieved from /home/airflow/.local/lib/python3.12/site-packages/airflow/example_dags/example_skip_dag.py
[2025-06-20T21:38:26.239+0000] {logging_mixin.py:190} INFO - [2025-06-20T21:38:26.238+0000] {dag.py:3239} INFO - Sync 1 DAGs
[2025-06-20T21:38:26.272+0000] {logging_mixin.py:190} INFO - [2025-06-20T21:38:26.272+0000] {dag.py:4180} INFO - Setting next_dagrun for example_skip_dag to 2025-06-19 00:00:00+00:00, run_after=2025-06-20 00:00:00+00:00
[2025-06-20T21:38:26.312+0000] {processor.py:208} INFO - Processing /home/airflow/.local/lib/python3.12/site-packages/airflow/example_dags/example_skip_dag.py took 0.131 seconds
[2025-06-20T21:38:57.924+0000] {processor.py:186} INFO - Started process (PID=1613) to work on /home/airflow/.local/lib/python3.12/site-packages/airflow/example_dags/example_skip_dag.py
[2025-06-20T21:38:57.926+0000] {processor.py:914} INFO - Processing file /home/airflow/.local/lib/python3.12/site-packages/airflow/example_dags/example_skip_dag.py for tasks to queue
[2025-06-20T21:38:57.928+0000] {logging_mixin.py:190} INFO - [2025-06-20T21:38:57.928+0000] {dagbag.py:588} INFO - Filling up the DagBag from /home/airflow/.local/lib/python3.12/site-packages/airflow/example_dags/example_skip_dag.py
[2025-06-20T21:38:57.938+0000] {processor.py:925} INFO - DAG(s) 'example_skip_dag' retrieved from /home/airflow/.local/lib/python3.12/site-packages/airflow/example_dags/example_skip_dag.py
[2025-06-20T21:38:57.962+0000] {logging_mixin.py:190} INFO - [2025-06-20T21:38:57.962+0000] {dag.py:3239} INFO - Sync 1 DAGs
[2025-06-20T21:38:57.990+0000] {logging_mixin.py:190} INFO - [2025-06-20T21:38:57.990+0000] {dag.py:4180} INFO - Setting next_dagrun for example_skip_dag to 2025-06-19 00:00:00+00:00, run_after=2025-06-20 00:00:00+00:00
[2025-06-20T21:38:58.026+0000] {processor.py:208} INFO - Processing /home/airflow/.local/lib/python3.12/site-packages/airflow/example_dags/example_skip_dag.py took 0.108 seconds
[2025-06-20T21:39:29.386+0000] {processor.py:186} INFO - Started process (PID=1677) to work on /home/airflow/.local/lib/python3.12/site-packages/airflow/example_dags/example_skip_dag.py
[2025-06-20T21:39:29.387+0000] {processor.py:914} INFO - Processing file /home/airflow/.local/lib/python3.12/site-packages/airflow/example_dags/example_skip_dag.py for tasks to queue
[2025-06-20T21:39:29.389+0000] {logging_mixin.py:190} INFO - [2025-06-20T21:39:29.389+0000] {dagbag.py:588} INFO - Filling up the DagBag from /home/airflow/.local/lib/python3.12/site-packages/airflow/example_dags/example_skip_dag.py
[2025-06-20T21:39:29.396+0000] {processor.py:925} INFO - DAG(s) 'example_skip_dag' retrieved from /home/airflow/.local/lib/python3.12/site-packages/airflow/example_dags/example_skip_dag.py
[2025-06-20T21:39:29.416+0000] {logging_mixin.py:190} INFO - [2025-06-20T21:39:29.416+0000] {dag.py:3239} INFO - Sync 1 DAGs
[2025-06-20T21:39:29.437+0000] {logging_mixin.py:190} INFO - [2025-06-20T21:39:29.437+0000] {dag.py:4180} INFO - Setting next_dagrun for example_skip_dag to 2025-06-19 00:00:00+00:00, run_after=2025-06-20 00:00:00+00:00
[2025-06-20T21:39:29.473+0000] {processor.py:208} INFO - Processing /home/airflow/.local/lib/python3.12/site-packages/airflow/example_dags/example_skip_dag.py took 0.091 seconds
[2025-06-20T21:40:01.125+0000] {processor.py:186} INFO - Started process (PID=1741) to work on /home/airflow/.local/lib/python3.12/site-packages/airflow/example_dags/example_skip_dag.py
[2025-06-20T21:40:01.127+0000] {processor.py:914} INFO - Processing file /home/airflow/.local/lib/python3.12/site-packages/airflow/example_dags/example_skip_dag.py for tasks to queue
[2025-06-20T21:40:01.129+0000] {logging_mixin.py:190} INFO - [2025-06-20T21:40:01.128+0000] {dagbag.py:588} INFO - Filling up the DagBag from /home/airflow/.local/lib/python3.12/site-packages/airflow/example_dags/example_skip_dag.py
[2025-06-20T21:40:01.136+0000] {processor.py:925} INFO - DAG(s) 'example_skip_dag' retrieved from /home/airflow/.local/lib/python3.12/site-packages/airflow/example_dags/example_skip_dag.py
[2025-06-20T21:40:01.157+0000] {logging_mixin.py:190} INFO - [2025-06-20T21:40:01.156+0000] {dag.py:3239} INFO - Sync 1 DAGs
[2025-06-20T21:40:01.179+0000] {logging_mixin.py:190} INFO - [2025-06-20T21:40:01.178+0000] {dag.py:4180} INFO - Setting next_dagrun for example_skip_dag to 2025-06-19 00:00:00+00:00, run_after=2025-06-20 00:00:00+00:00
[2025-06-20T21:40:01.207+0000] {processor.py:208} INFO - Processing /home/airflow/.local/lib/python3.12/site-packages/airflow/example_dags/example_skip_dag.py took 0.086 seconds
[2025-06-20T21:40:32.557+0000] {processor.py:186} INFO - Started process (PID=1805) to work on /home/airflow/.local/lib/python3.12/site-packages/airflow/example_dags/example_skip_dag.py
[2025-06-20T21:40:32.558+0000] {processor.py:914} INFO - Processing file /home/airflow/.local/lib/python3.12/site-packages/airflow/example_dags/example_skip_dag.py for tasks to queue
[2025-06-20T21:40:32.560+0000] {logging_mixin.py:190} INFO - [2025-06-20T21:40:32.560+0000] {dagbag.py:588} INFO - Filling up the DagBag from /home/airflow/.local/lib/python3.12/site-packages/airflow/example_dags/example_skip_dag.py
[2025-06-20T21:40:32.568+0000] {processor.py:925} INFO - DAG(s) 'example_skip_dag' retrieved from /home/airflow/.local/lib/python3.12/site-packages/airflow/example_dags/example_skip_dag.py
[2025-06-20T21:40:32.589+0000] {logging_mixin.py:190} INFO - [2025-06-20T21:40:32.588+0000] {dag.py:3239} INFO - Sync 1 DAGs
[2025-06-20T21:40:32.615+0000] {logging_mixin.py:190} INFO - [2025-06-20T21:40:32.614+0000] {dag.py:4180} INFO - Setting next_dagrun for example_skip_dag to 2025-06-19 00:00:00+00:00, run_after=2025-06-20 00:00:00+00:00
[2025-06-20T21:40:32.643+0000] {processor.py:208} INFO - Processing /home/airflow/.local/lib/python3.12/site-packages/airflow/example_dags/example_skip_dag.py took 0.091 seconds
[2025-06-20T21:41:02.949+0000] {processor.py:186} INFO - Started process (PID=1869) to work on /home/airflow/.local/lib/python3.12/site-packages/airflow/example_dags/example_skip_dag.py
[2025-06-20T21:41:02.952+0000] {processor.py:914} INFO - Processing file /home/airflow/.local/lib/python3.12/site-packages/airflow/example_dags/example_skip_dag.py for tasks to queue
[2025-06-20T21:41:02.955+0000] {logging_mixin.py:190} INFO - [2025-06-20T21:41:02.955+0000] {dagbag.py:588} INFO - Filling up the DagBag from /home/airflow/.local/lib/python3.12/site-packages/airflow/example_dags/example_skip_dag.py
[2025-06-20T21:41:02.966+0000] {processor.py:925} INFO - DAG(s) 'example_skip_dag' retrieved from /home/airflow/.local/lib/python3.12/site-packages/airflow/example_dags/example_skip_dag.py
[2025-06-20T21:41:02.992+0000] {logging_mixin.py:190} INFO - [2025-06-20T21:41:02.992+0000] {dag.py:3239} INFO - Sync 1 DAGs
[2025-06-20T21:41:03.018+0000] {logging_mixin.py:190} INFO - [2025-06-20T21:41:03.018+0000] {dag.py:4180} INFO - Setting next_dagrun for example_skip_dag to 2025-06-19 00:00:00+00:00, run_after=2025-06-20 00:00:00+00:00
[2025-06-20T21:41:03.049+0000] {processor.py:208} INFO - Processing /home/airflow/.local/lib/python3.12/site-packages/airflow/example_dags/example_skip_dag.py took 0.107 seconds
[2025-06-20T21:41:33.512+0000] {processor.py:186} INFO - Started process (PID=1933) to work on /home/airflow/.local/lib/python3.12/site-packages/airflow/example_dags/example_skip_dag.py
[2025-06-20T21:41:33.513+0000] {processor.py:914} INFO - Processing file /home/airflow/.local/lib/python3.12/site-packages/airflow/example_dags/example_skip_dag.py for tasks to queue
[2025-06-20T21:41:33.516+0000] {logging_mixin.py:190} INFO - [2025-06-20T21:41:33.515+0000] {dagbag.py:588} INFO - Filling up the DagBag from /home/airflow/.local/lib/python3.12/site-packages/airflow/example_dags/example_skip_dag.py
[2025-06-20T21:41:33.523+0000] {processor.py:925} INFO - DAG(s) 'example_skip_dag' retrieved from /home/airflow/.local/lib/python3.12/site-packages/airflow/example_dags/example_skip_dag.py
[2025-06-20T21:41:33.544+0000] {logging_mixin.py:190} INFO - [2025-06-20T21:41:33.544+0000] {dag.py:3239} INFO - Sync 1 DAGs
[2025-06-20T21:41:33.571+0000] {logging_mixin.py:190} INFO - [2025-06-20T21:41:33.571+0000] {dag.py:4180} INFO - Setting next_dagrun for example_skip_dag to 2025-06-19 00:00:00+00:00, run_after=2025-06-20 00:00:00+00:00
[2025-06-20T21:41:33.606+0000] {processor.py:208} INFO - Processing /home/airflow/.local/lib/python3.12/site-packages/airflow/example_dags/example_skip_dag.py took 0.105 seconds
[2025-06-20T21:42:03.769+0000] {processor.py:186} INFO - Started process (PID=2003) to work on /home/airflow/.local/lib/python3.12/site-packages/airflow/example_dags/example_skip_dag.py
[2025-06-20T21:42:03.770+0000] {processor.py:914} INFO - Processing file /home/airflow/.local/lib/python3.12/site-packages/airflow/example_dags/example_skip_dag.py for tasks to queue
[2025-06-20T21:42:03.774+0000] {logging_mixin.py:190} INFO - [2025-06-20T21:42:03.774+0000] {dagbag.py:588} INFO - Filling up the DagBag from /home/airflow/.local/lib/python3.12/site-packages/airflow/example_dags/example_skip_dag.py
[2025-06-20T21:42:03.785+0000] {processor.py:925} INFO - DAG(s) 'example_skip_dag' retrieved from /home/airflow/.local/lib/python3.12/site-packages/airflow/example_dags/example_skip_dag.py
[2025-06-20T21:42:03.808+0000] {logging_mixin.py:190} INFO - [2025-06-20T21:42:03.808+0000] {dag.py:3239} INFO - Sync 1 DAGs
[2025-06-20T21:42:03.834+0000] {logging_mixin.py:190} INFO - [2025-06-20T21:42:03.834+0000] {dag.py:4180} INFO - Setting next_dagrun for example_skip_dag to 2025-06-19 00:00:00+00:00, run_after=2025-06-20 00:00:00+00:00
[2025-06-20T21:42:03.864+0000] {processor.py:208} INFO - Processing /home/airflow/.local/lib/python3.12/site-packages/airflow/example_dags/example_skip_dag.py took 0.100 seconds
[2025-06-20T21:42:34.298+0000] {processor.py:186} INFO - Started process (PID=2067) to work on /home/airflow/.local/lib/python3.12/site-packages/airflow/example_dags/example_skip_dag.py
[2025-06-20T21:42:34.300+0000] {processor.py:914} INFO - Processing file /home/airflow/.local/lib/python3.12/site-packages/airflow/example_dags/example_skip_dag.py for tasks to queue
[2025-06-20T21:42:34.303+0000] {logging_mixin.py:190} INFO - [2025-06-20T21:42:34.302+0000] {dagbag.py:588} INFO - Filling up the DagBag from /home/airflow/.local/lib/python3.12/site-packages/airflow/example_dags/example_skip_dag.py
[2025-06-20T21:42:34.310+0000] {processor.py:925} INFO - DAG(s) 'example_skip_dag' retrieved from /home/airflow/.local/lib/python3.12/site-packages/airflow/example_dags/example_skip_dag.py
[2025-06-20T21:42:34.331+0000] {logging_mixin.py:190} INFO - [2025-06-20T21:42:34.330+0000] {dag.py:3239} INFO - Sync 1 DAGs
[2025-06-20T21:42:34.353+0000] {logging_mixin.py:190} INFO - [2025-06-20T21:42:34.353+0000] {dag.py:4180} INFO - Setting next_dagrun for example_skip_dag to 2025-06-19 00:00:00+00:00, run_after=2025-06-20 00:00:00+00:00
[2025-06-20T21:42:34.384+0000] {processor.py:208} INFO - Processing /home/airflow/.local/lib/python3.12/site-packages/airflow/example_dags/example_skip_dag.py took 0.091 seconds
[2025-06-20T21:43:04.671+0000] {processor.py:186} INFO - Started process (PID=2131) to work on /home/airflow/.local/lib/python3.12/site-packages/airflow/example_dags/example_skip_dag.py
[2025-06-20T21:43:04.672+0000] {processor.py:914} INFO - Processing file /home/airflow/.local/lib/python3.12/site-packages/airflow/example_dags/example_skip_dag.py for tasks to queue
[2025-06-20T21:43:04.676+0000] {logging_mixin.py:190} INFO - [2025-06-20T21:43:04.675+0000] {dagbag.py:588} INFO - Filling up the DagBag from /home/airflow/.local/lib/python3.12/site-packages/airflow/example_dags/example_skip_dag.py
[2025-06-20T21:43:04.685+0000] {processor.py:925} INFO - DAG(s) 'example_skip_dag' retrieved from /home/airflow/.local/lib/python3.12/site-packages/airflow/example_dags/example_skip_dag.py
[2025-06-20T21:43:04.709+0000] {logging_mixin.py:190} INFO - [2025-06-20T21:43:04.709+0000] {dag.py:3239} INFO - Sync 1 DAGs
[2025-06-20T21:43:04.736+0000] {logging_mixin.py:190} INFO - [2025-06-20T21:43:04.736+0000] {dag.py:4180} INFO - Setting next_dagrun for example_skip_dag to 2025-06-19 00:00:00+00:00, run_after=2025-06-20 00:00:00+00:00
[2025-06-20T21:43:04.761+0000] {processor.py:208} INFO - Processing /home/airflow/.local/lib/python3.12/site-packages/airflow/example_dags/example_skip_dag.py took 0.096 seconds
[2025-06-20T21:43:34.920+0000] {processor.py:186} INFO - Started process (PID=2195) to work on /home/airflow/.local/lib/python3.12/site-packages/airflow/example_dags/example_skip_dag.py
[2025-06-20T21:43:34.921+0000] {processor.py:914} INFO - Processing file /home/airflow/.local/lib/python3.12/site-packages/airflow/example_dags/example_skip_dag.py for tasks to queue
[2025-06-20T21:43:34.924+0000] {logging_mixin.py:190} INFO - [2025-06-20T21:43:34.923+0000] {dagbag.py:588} INFO - Filling up the DagBag from /home/airflow/.local/lib/python3.12/site-packages/airflow/example_dags/example_skip_dag.py
[2025-06-20T21:43:34.931+0000] {processor.py:925} INFO - DAG(s) 'example_skip_dag' retrieved from /home/airflow/.local/lib/python3.12/site-packages/airflow/example_dags/example_skip_dag.py
[2025-06-20T21:43:34.958+0000] {logging_mixin.py:190} INFO - [2025-06-20T21:43:34.958+0000] {dag.py:3239} INFO - Sync 1 DAGs
[2025-06-20T21:43:34.987+0000] {logging_mixin.py:190} INFO - [2025-06-20T21:43:34.987+0000] {dag.py:4180} INFO - Setting next_dagrun for example_skip_dag to 2025-06-19 00:00:00+00:00, run_after=2025-06-20 00:00:00+00:00
[2025-06-20T21:43:35.074+0000] {processor.py:208} INFO - Processing /home/airflow/.local/lib/python3.12/site-packages/airflow/example_dags/example_skip_dag.py took 0.159 seconds
[2025-06-20T21:44:05.245+0000] {processor.py:186} INFO - Started process (PID=2266) to work on /home/airflow/.local/lib/python3.12/site-packages/airflow/example_dags/example_skip_dag.py
[2025-06-20T21:44:05.246+0000] {processor.py:914} INFO - Processing file /home/airflow/.local/lib/python3.12/site-packages/airflow/example_dags/example_skip_dag.py for tasks to queue
[2025-06-20T21:44:05.248+0000] {logging_mixin.py:190} INFO - [2025-06-20T21:44:05.247+0000] {dagbag.py:588} INFO - Filling up the DagBag from /home/airflow/.local/lib/python3.12/site-packages/airflow/example_dags/example_skip_dag.py
[2025-06-20T21:44:05.255+0000] {processor.py:925} INFO - DAG(s) 'example_skip_dag' retrieved from /home/airflow/.local/lib/python3.12/site-packages/airflow/example_dags/example_skip_dag.py
[2025-06-20T21:44:05.276+0000] {logging_mixin.py:190} INFO - [2025-06-20T21:44:05.276+0000] {dag.py:3239} INFO - Sync 1 DAGs
[2025-06-20T21:44:05.300+0000] {logging_mixin.py:190} INFO - [2025-06-20T21:44:05.300+0000] {dag.py:4180} INFO - Setting next_dagrun for example_skip_dag to 2025-06-19 00:00:00+00:00, run_after=2025-06-20 00:00:00+00:00
[2025-06-20T21:44:05.322+0000] {processor.py:208} INFO - Processing /home/airflow/.local/lib/python3.12/site-packages/airflow/example_dags/example_skip_dag.py took 0.083 seconds
[2025-06-20T21:44:35.559+0000] {processor.py:186} INFO - Started process (PID=2330) to work on /home/airflow/.local/lib/python3.12/site-packages/airflow/example_dags/example_skip_dag.py
[2025-06-20T21:44:35.560+0000] {processor.py:914} INFO - Processing file /home/airflow/.local/lib/python3.12/site-packages/airflow/example_dags/example_skip_dag.py for tasks to queue
[2025-06-20T21:44:35.563+0000] {logging_mixin.py:190} INFO - [2025-06-20T21:44:35.562+0000] {dagbag.py:588} INFO - Filling up the DagBag from /home/airflow/.local/lib/python3.12/site-packages/airflow/example_dags/example_skip_dag.py
[2025-06-20T21:44:35.571+0000] {processor.py:925} INFO - DAG(s) 'example_skip_dag' retrieved from /home/airflow/.local/lib/python3.12/site-packages/airflow/example_dags/example_skip_dag.py
[2025-06-20T21:44:35.594+0000] {logging_mixin.py:190} INFO - [2025-06-20T21:44:35.593+0000] {dag.py:3239} INFO - Sync 1 DAGs
[2025-06-20T21:44:35.619+0000] {logging_mixin.py:190} INFO - [2025-06-20T21:44:35.618+0000] {dag.py:4180} INFO - Setting next_dagrun for example_skip_dag to 2025-06-19 00:00:00+00:00, run_after=2025-06-20 00:00:00+00:00
[2025-06-20T21:44:35.728+0000] {processor.py:208} INFO - Processing /home/airflow/.local/lib/python3.12/site-packages/airflow/example_dags/example_skip_dag.py took 0.174 seconds
[2025-06-20T21:45:06.617+0000] {processor.py:186} INFO - Started process (PID=2394) to work on /home/airflow/.local/lib/python3.12/site-packages/airflow/example_dags/example_skip_dag.py
[2025-06-20T21:45:06.618+0000] {processor.py:914} INFO - Processing file /home/airflow/.local/lib/python3.12/site-packages/airflow/example_dags/example_skip_dag.py for tasks to queue
[2025-06-20T21:45:06.620+0000] {logging_mixin.py:190} INFO - [2025-06-20T21:45:06.620+0000] {dagbag.py:588} INFO - Filling up the DagBag from /home/airflow/.local/lib/python3.12/site-packages/airflow/example_dags/example_skip_dag.py
[2025-06-20T21:45:06.627+0000] {processor.py:925} INFO - DAG(s) 'example_skip_dag' retrieved from /home/airflow/.local/lib/python3.12/site-packages/airflow/example_dags/example_skip_dag.py
[2025-06-20T21:45:06.649+0000] {logging_mixin.py:190} INFO - [2025-06-20T21:45:06.648+0000] {dag.py:3239} INFO - Sync 1 DAGs
[2025-06-20T21:45:06.671+0000] {logging_mixin.py:190} INFO - [2025-06-20T21:45:06.671+0000] {dag.py:4180} INFO - Setting next_dagrun for example_skip_dag to 2025-06-19 00:00:00+00:00, run_after=2025-06-20 00:00:00+00:00
[2025-06-20T21:45:06.698+0000] {processor.py:208} INFO - Processing /home/airflow/.local/lib/python3.12/site-packages/airflow/example_dags/example_skip_dag.py took 0.086 seconds
[2025-06-20T21:45:36.888+0000] {processor.py:186} INFO - Started process (PID=2458) to work on /home/airflow/.local/lib/python3.12/site-packages/airflow/example_dags/example_skip_dag.py
[2025-06-20T21:45:36.890+0000] {processor.py:914} INFO - Processing file /home/airflow/.local/lib/python3.12/site-packages/airflow/example_dags/example_skip_dag.py for tasks to queue
[2025-06-20T21:45:36.893+0000] {logging_mixin.py:190} INFO - [2025-06-20T21:45:36.892+0000] {dagbag.py:588} INFO - Filling up the DagBag from /home/airflow/.local/lib/python3.12/site-packages/airflow/example_dags/example_skip_dag.py
[2025-06-20T21:45:36.902+0000] {processor.py:925} INFO - DAG(s) 'example_skip_dag' retrieved from /home/airflow/.local/lib/python3.12/site-packages/airflow/example_dags/example_skip_dag.py
[2025-06-20T21:45:36.929+0000] {logging_mixin.py:190} INFO - [2025-06-20T21:45:36.929+0000] {dag.py:3239} INFO - Sync 1 DAGs
[2025-06-20T21:45:36.957+0000] {logging_mixin.py:190} INFO - [2025-06-20T21:45:36.957+0000] {dag.py:4180} INFO - Setting next_dagrun for example_skip_dag to 2025-06-19 00:00:00+00:00, run_after=2025-06-20 00:00:00+00:00
[2025-06-20T21:45:37.031+0000] {processor.py:208} INFO - Processing /home/airflow/.local/lib/python3.12/site-packages/airflow/example_dags/example_skip_dag.py took 0.149 seconds
[2025-06-20T21:46:07.201+0000] {processor.py:186} INFO - Started process (PID=2522) to work on /home/airflow/.local/lib/python3.12/site-packages/airflow/example_dags/example_skip_dag.py
[2025-06-20T21:46:07.202+0000] {processor.py:914} INFO - Processing file /home/airflow/.local/lib/python3.12/site-packages/airflow/example_dags/example_skip_dag.py for tasks to queue
[2025-06-20T21:46:07.205+0000] {logging_mixin.py:190} INFO - [2025-06-20T21:46:07.204+0000] {dagbag.py:588} INFO - Filling up the DagBag from /home/airflow/.local/lib/python3.12/site-packages/airflow/example_dags/example_skip_dag.py
[2025-06-20T21:46:07.212+0000] {processor.py:925} INFO - DAG(s) 'example_skip_dag' retrieved from /home/airflow/.local/lib/python3.12/site-packages/airflow/example_dags/example_skip_dag.py
[2025-06-20T21:46:07.235+0000] {logging_mixin.py:190} INFO - [2025-06-20T21:46:07.235+0000] {dag.py:3239} INFO - Sync 1 DAGs
[2025-06-20T21:46:07.261+0000] {logging_mixin.py:190} INFO - [2025-06-20T21:46:07.261+0000] {dag.py:4180} INFO - Setting next_dagrun for example_skip_dag to 2025-06-19 00:00:00+00:00, run_after=2025-06-20 00:00:00+00:00
[2025-06-20T21:46:07.298+0000] {processor.py:208} INFO - Processing /home/airflow/.local/lib/python3.12/site-packages/airflow/example_dags/example_skip_dag.py took 0.102 seconds
[2025-06-20T21:46:37.448+0000] {processor.py:186} INFO - Started process (PID=2586) to work on /home/airflow/.local/lib/python3.12/site-packages/airflow/example_dags/example_skip_dag.py
[2025-06-20T21:46:37.449+0000] {processor.py:914} INFO - Processing file /home/airflow/.local/lib/python3.12/site-packages/airflow/example_dags/example_skip_dag.py for tasks to queue
[2025-06-20T21:46:37.451+0000] {logging_mixin.py:190} INFO - [2025-06-20T21:46:37.451+0000] {dagbag.py:588} INFO - Filling up the DagBag from /home/airflow/.local/lib/python3.12/site-packages/airflow/example_dags/example_skip_dag.py
[2025-06-20T21:46:37.462+0000] {processor.py:925} INFO - DAG(s) 'example_skip_dag' retrieved from /home/airflow/.local/lib/python3.12/site-packages/airflow/example_dags/example_skip_dag.py
[2025-06-20T21:46:37.493+0000] {logging_mixin.py:190} INFO - [2025-06-20T21:46:37.493+0000] {dag.py:3239} INFO - Sync 1 DAGs
[2025-06-20T21:46:37.529+0000] {logging_mixin.py:190} INFO - [2025-06-20T21:46:37.529+0000] {dag.py:4180} INFO - Setting next_dagrun for example_skip_dag to 2025-06-19 00:00:00+00:00, run_after=2025-06-20 00:00:00+00:00
[2025-06-20T21:46:37.579+0000] {processor.py:208} INFO - Processing /home/airflow/.local/lib/python3.12/site-packages/airflow/example_dags/example_skip_dag.py took 0.137 seconds
[2025-06-20T21:47:07.890+0000] {processor.py:186} INFO - Started process (PID=2650) to work on /home/airflow/.local/lib/python3.12/site-packages/airflow/example_dags/example_skip_dag.py
[2025-06-20T21:47:07.891+0000] {processor.py:914} INFO - Processing file /home/airflow/.local/lib/python3.12/site-packages/airflow/example_dags/example_skip_dag.py for tasks to queue
[2025-06-20T21:47:07.893+0000] {logging_mixin.py:190} INFO - [2025-06-20T21:47:07.892+0000] {dagbag.py:588} INFO - Filling up the DagBag from /home/airflow/.local/lib/python3.12/site-packages/airflow/example_dags/example_skip_dag.py
[2025-06-20T21:47:07.899+0000] {processor.py:925} INFO - DAG(s) 'example_skip_dag' retrieved from /home/airflow/.local/lib/python3.12/site-packages/airflow/example_dags/example_skip_dag.py
[2025-06-20T21:47:07.920+0000] {logging_mixin.py:190} INFO - [2025-06-20T21:47:07.920+0000] {dag.py:3239} INFO - Sync 1 DAGs
[2025-06-20T21:47:07.944+0000] {logging_mixin.py:190} INFO - [2025-06-20T21:47:07.943+0000] {dag.py:4180} INFO - Setting next_dagrun for example_skip_dag to 2025-06-19 00:00:00+00:00, run_after=2025-06-20 00:00:00+00:00
[2025-06-20T21:47:07.973+0000] {processor.py:208} INFO - Processing /home/airflow/.local/lib/python3.12/site-packages/airflow/example_dags/example_skip_dag.py took 0.089 seconds
[2025-06-20T21:47:38.361+0000] {processor.py:186} INFO - Started process (PID=2708) to work on /home/airflow/.local/lib/python3.12/site-packages/airflow/example_dags/example_skip_dag.py
[2025-06-20T21:47:38.362+0000] {processor.py:914} INFO - Processing file /home/airflow/.local/lib/python3.12/site-packages/airflow/example_dags/example_skip_dag.py for tasks to queue
[2025-06-20T21:47:38.364+0000] {logging_mixin.py:190} INFO - [2025-06-20T21:47:38.364+0000] {dagbag.py:588} INFO - Filling up the DagBag from /home/airflow/.local/lib/python3.12/site-packages/airflow/example_dags/example_skip_dag.py
[2025-06-20T21:47:38.372+0000] {processor.py:925} INFO - DAG(s) 'example_skip_dag' retrieved from /home/airflow/.local/lib/python3.12/site-packages/airflow/example_dags/example_skip_dag.py
[2025-06-20T21:47:38.399+0000] {logging_mixin.py:190} INFO - [2025-06-20T21:47:38.398+0000] {dag.py:3239} INFO - Sync 1 DAGs
[2025-06-20T21:47:38.425+0000] {logging_mixin.py:190} INFO - [2025-06-20T21:47:38.425+0000] {dag.py:4180} INFO - Setting next_dagrun for example_skip_dag to 2025-06-19 00:00:00+00:00, run_after=2025-06-20 00:00:00+00:00
[2025-06-20T21:47:38.454+0000] {processor.py:208} INFO - Processing /home/airflow/.local/lib/python3.12/site-packages/airflow/example_dags/example_skip_dag.py took 0.098 seconds
[2025-06-20T21:48:08.816+0000] {processor.py:186} INFO - Started process (PID=2772) to work on /home/airflow/.local/lib/python3.12/site-packages/airflow/example_dags/example_skip_dag.py
[2025-06-20T21:48:08.817+0000] {processor.py:914} INFO - Processing file /home/airflow/.local/lib/python3.12/site-packages/airflow/example_dags/example_skip_dag.py for tasks to queue
[2025-06-20T21:48:08.819+0000] {logging_mixin.py:190} INFO - [2025-06-20T21:48:08.818+0000] {dagbag.py:588} INFO - Filling up the DagBag from /home/airflow/.local/lib/python3.12/site-packages/airflow/example_dags/example_skip_dag.py
[2025-06-20T21:48:08.825+0000] {processor.py:925} INFO - DAG(s) 'example_skip_dag' retrieved from /home/airflow/.local/lib/python3.12/site-packages/airflow/example_dags/example_skip_dag.py
[2025-06-20T21:48:08.846+0000] {logging_mixin.py:190} INFO - [2025-06-20T21:48:08.846+0000] {dag.py:3239} INFO - Sync 1 DAGs
[2025-06-20T21:48:08.869+0000] {logging_mixin.py:190} INFO - [2025-06-20T21:48:08.869+0000] {dag.py:4180} INFO - Setting next_dagrun for example_skip_dag to 2025-06-19 00:00:00+00:00, run_after=2025-06-20 00:00:00+00:00
[2025-06-20T21:48:08.896+0000] {processor.py:208} INFO - Processing /home/airflow/.local/lib/python3.12/site-packages/airflow/example_dags/example_skip_dag.py took 0.085 seconds
[2025-06-20T21:48:39.133+0000] {processor.py:186} INFO - Started process (PID=2836) to work on /home/airflow/.local/lib/python3.12/site-packages/airflow/example_dags/example_skip_dag.py
[2025-06-20T21:48:39.134+0000] {processor.py:914} INFO - Processing file /home/airflow/.local/lib/python3.12/site-packages/airflow/example_dags/example_skip_dag.py for tasks to queue
[2025-06-20T21:48:39.137+0000] {logging_mixin.py:190} INFO - [2025-06-20T21:48:39.137+0000] {dagbag.py:588} INFO - Filling up the DagBag from /home/airflow/.local/lib/python3.12/site-packages/airflow/example_dags/example_skip_dag.py
[2025-06-20T21:48:39.145+0000] {processor.py:925} INFO - DAG(s) 'example_skip_dag' retrieved from /home/airflow/.local/lib/python3.12/site-packages/airflow/example_dags/example_skip_dag.py
[2025-06-20T21:48:39.168+0000] {logging_mixin.py:190} INFO - [2025-06-20T21:48:39.167+0000] {dag.py:3239} INFO - Sync 1 DAGs
[2025-06-20T21:48:39.192+0000] {logging_mixin.py:190} INFO - [2025-06-20T21:48:39.191+0000] {dag.py:4180} INFO - Setting next_dagrun for example_skip_dag to 2025-06-19 00:00:00+00:00, run_after=2025-06-20 00:00:00+00:00
[2025-06-20T21:48:39.215+0000] {processor.py:208} INFO - Processing /home/airflow/.local/lib/python3.12/site-packages/airflow/example_dags/example_skip_dag.py took 0.087 seconds
[2025-06-20T21:49:09.936+0000] {processor.py:186} INFO - Started process (PID=2899) to work on /home/airflow/.local/lib/python3.12/site-packages/airflow/example_dags/example_skip_dag.py
[2025-06-20T21:49:09.937+0000] {processor.py:914} INFO - Processing file /home/airflow/.local/lib/python3.12/site-packages/airflow/example_dags/example_skip_dag.py for tasks to queue
[2025-06-20T21:49:09.939+0000] {logging_mixin.py:190} INFO - [2025-06-20T21:49:09.939+0000] {dagbag.py:588} INFO - Filling up the DagBag from /home/airflow/.local/lib/python3.12/site-packages/airflow/example_dags/example_skip_dag.py
[2025-06-20T21:49:09.946+0000] {processor.py:925} INFO - DAG(s) 'example_skip_dag' retrieved from /home/airflow/.local/lib/python3.12/site-packages/airflow/example_dags/example_skip_dag.py
[2025-06-20T21:49:09.967+0000] {logging_mixin.py:190} INFO - [2025-06-20T21:49:09.966+0000] {dag.py:3239} INFO - Sync 1 DAGs
[2025-06-20T21:49:09.989+0000] {logging_mixin.py:190} INFO - [2025-06-20T21:49:09.988+0000] {dag.py:4180} INFO - Setting next_dagrun for example_skip_dag to 2025-06-19 00:00:00+00:00, run_after=2025-06-20 00:00:00+00:00
[2025-06-20T21:49:10.059+0000] {processor.py:208} INFO - Processing /home/airflow/.local/lib/python3.12/site-packages/airflow/example_dags/example_skip_dag.py took 0.128 seconds
[2025-06-20T21:49:40.825+0000] {processor.py:186} INFO - Started process (PID=2963) to work on /home/airflow/.local/lib/python3.12/site-packages/airflow/example_dags/example_skip_dag.py
[2025-06-20T21:49:40.826+0000] {processor.py:914} INFO - Processing file /home/airflow/.local/lib/python3.12/site-packages/airflow/example_dags/example_skip_dag.py for tasks to queue
[2025-06-20T21:49:40.828+0000] {logging_mixin.py:190} INFO - [2025-06-20T21:49:40.827+0000] {dagbag.py:588} INFO - Filling up the DagBag from /home/airflow/.local/lib/python3.12/site-packages/airflow/example_dags/example_skip_dag.py
[2025-06-20T21:49:40.835+0000] {processor.py:925} INFO - DAG(s) 'example_skip_dag' retrieved from /home/airflow/.local/lib/python3.12/site-packages/airflow/example_dags/example_skip_dag.py
[2025-06-20T21:49:40.855+0000] {logging_mixin.py:190} INFO - [2025-06-20T21:49:40.855+0000] {dag.py:3239} INFO - Sync 1 DAGs
[2025-06-20T21:49:40.880+0000] {logging_mixin.py:190} INFO - [2025-06-20T21:49:40.879+0000] {dag.py:4180} INFO - Setting next_dagrun for example_skip_dag to 2025-06-19 00:00:00+00:00, run_after=2025-06-20 00:00:00+00:00
[2025-06-20T21:49:41.075+0000] {processor.py:208} INFO - Processing /home/airflow/.local/lib/python3.12/site-packages/airflow/example_dags/example_skip_dag.py took 0.255 seconds
[2025-06-20T21:50:11.217+0000] {processor.py:186} INFO - Started process (PID=3026) to work on /home/airflow/.local/lib/python3.12/site-packages/airflow/example_dags/example_skip_dag.py
[2025-06-20T21:50:11.219+0000] {processor.py:914} INFO - Processing file /home/airflow/.local/lib/python3.12/site-packages/airflow/example_dags/example_skip_dag.py for tasks to queue
[2025-06-20T21:50:11.222+0000] {logging_mixin.py:190} INFO - [2025-06-20T21:50:11.222+0000] {dagbag.py:588} INFO - Filling up the DagBag from /home/airflow/.local/lib/python3.12/site-packages/airflow/example_dags/example_skip_dag.py
[2025-06-20T21:50:11.230+0000] {processor.py:925} INFO - DAG(s) 'example_skip_dag' retrieved from /home/airflow/.local/lib/python3.12/site-packages/airflow/example_dags/example_skip_dag.py
[2025-06-20T21:50:11.253+0000] {logging_mixin.py:190} INFO - [2025-06-20T21:50:11.253+0000] {dag.py:3239} INFO - Sync 1 DAGs
[2025-06-20T21:50:11.289+0000] {logging_mixin.py:190} INFO - [2025-06-20T21:50:11.289+0000] {dag.py:4180} INFO - Setting next_dagrun for example_skip_dag to 2025-06-19 00:00:00+00:00, run_after=2025-06-20 00:00:00+00:00
[2025-06-20T21:50:11.367+0000] {processor.py:208} INFO - Processing /home/airflow/.local/lib/python3.12/site-packages/airflow/example_dags/example_skip_dag.py took 0.156 seconds
[2025-06-20T21:50:41.478+0000] {processor.py:186} INFO - Started process (PID=3090) to work on /home/airflow/.local/lib/python3.12/site-packages/airflow/example_dags/example_skip_dag.py
[2025-06-20T21:50:41.479+0000] {processor.py:914} INFO - Processing file /home/airflow/.local/lib/python3.12/site-packages/airflow/example_dags/example_skip_dag.py for tasks to queue
[2025-06-20T21:50:41.481+0000] {logging_mixin.py:190} INFO - [2025-06-20T21:50:41.481+0000] {dagbag.py:588} INFO - Filling up the DagBag from /home/airflow/.local/lib/python3.12/site-packages/airflow/example_dags/example_skip_dag.py
[2025-06-20T21:50:41.488+0000] {processor.py:925} INFO - DAG(s) 'example_skip_dag' retrieved from /home/airflow/.local/lib/python3.12/site-packages/airflow/example_dags/example_skip_dag.py
[2025-06-20T21:50:41.509+0000] {logging_mixin.py:190} INFO - [2025-06-20T21:50:41.509+0000] {dag.py:3239} INFO - Sync 1 DAGs
[2025-06-20T21:50:41.531+0000] {logging_mixin.py:190} INFO - [2025-06-20T21:50:41.531+0000] {dag.py:4180} INFO - Setting next_dagrun for example_skip_dag to 2025-06-19 00:00:00+00:00, run_after=2025-06-20 00:00:00+00:00
[2025-06-20T21:50:41.598+0000] {processor.py:208} INFO - Processing /home/airflow/.local/lib/python3.12/site-packages/airflow/example_dags/example_skip_dag.py took 0.125 seconds
[2025-06-20T21:51:12.576+0000] {processor.py:186} INFO - Started process (PID=3154) to work on /home/airflow/.local/lib/python3.12/site-packages/airflow/example_dags/example_skip_dag.py
[2025-06-20T21:51:12.577+0000] {processor.py:914} INFO - Processing file /home/airflow/.local/lib/python3.12/site-packages/airflow/example_dags/example_skip_dag.py for tasks to queue
[2025-06-20T21:51:12.580+0000] {logging_mixin.py:190} INFO - [2025-06-20T21:51:12.580+0000] {dagbag.py:588} INFO - Filling up the DagBag from /home/airflow/.local/lib/python3.12/site-packages/airflow/example_dags/example_skip_dag.py
[2025-06-20T21:51:12.587+0000] {processor.py:925} INFO - DAG(s) 'example_skip_dag' retrieved from /home/airflow/.local/lib/python3.12/site-packages/airflow/example_dags/example_skip_dag.py
[2025-06-20T21:51:12.607+0000] {logging_mixin.py:190} INFO - [2025-06-20T21:51:12.607+0000] {dag.py:3239} INFO - Sync 1 DAGs
[2025-06-20T21:51:12.629+0000] {logging_mixin.py:190} INFO - [2025-06-20T21:51:12.629+0000] {dag.py:4180} INFO - Setting next_dagrun for example_skip_dag to 2025-06-19 00:00:00+00:00, run_after=2025-06-20 00:00:00+00:00
[2025-06-20T21:51:12.724+0000] {processor.py:208} INFO - Processing /home/airflow/.local/lib/python3.12/site-packages/airflow/example_dags/example_skip_dag.py took 0.153 seconds
[2025-06-20T21:51:42.796+0000] {processor.py:186} INFO - Started process (PID=3218) to work on /home/airflow/.local/lib/python3.12/site-packages/airflow/example_dags/example_skip_dag.py
[2025-06-20T21:51:42.797+0000] {processor.py:914} INFO - Processing file /home/airflow/.local/lib/python3.12/site-packages/airflow/example_dags/example_skip_dag.py for tasks to queue
[2025-06-20T21:51:42.799+0000] {logging_mixin.py:190} INFO - [2025-06-20T21:51:42.799+0000] {dagbag.py:588} INFO - Filling up the DagBag from /home/airflow/.local/lib/python3.12/site-packages/airflow/example_dags/example_skip_dag.py
[2025-06-20T21:51:42.806+0000] {processor.py:925} INFO - DAG(s) 'example_skip_dag' retrieved from /home/airflow/.local/lib/python3.12/site-packages/airflow/example_dags/example_skip_dag.py
[2025-06-20T21:51:42.825+0000] {logging_mixin.py:190} INFO - [2025-06-20T21:51:42.825+0000] {dag.py:3239} INFO - Sync 1 DAGs
[2025-06-20T21:51:42.847+0000] {logging_mixin.py:190} INFO - [2025-06-20T21:51:42.847+0000] {dag.py:4180} INFO - Setting next_dagrun for example_skip_dag to 2025-06-19 00:00:00+00:00, run_after=2025-06-20 00:00:00+00:00
[2025-06-20T21:51:42.876+0000] {processor.py:208} INFO - Processing /home/airflow/.local/lib/python3.12/site-packages/airflow/example_dags/example_skip_dag.py took 0.085 seconds
[2025-06-20T21:52:14.334+0000] {processor.py:186} INFO - Started process (PID=3275) to work on /home/airflow/.local/lib/python3.12/site-packages/airflow/example_dags/example_skip_dag.py
[2025-06-20T21:52:14.335+0000] {processor.py:914} INFO - Processing file /home/airflow/.local/lib/python3.12/site-packages/airflow/example_dags/example_skip_dag.py for tasks to queue
[2025-06-20T21:52:14.338+0000] {logging_mixin.py:190} INFO - [2025-06-20T21:52:14.337+0000] {dagbag.py:588} INFO - Filling up the DagBag from /home/airflow/.local/lib/python3.12/site-packages/airflow/example_dags/example_skip_dag.py
[2025-06-20T21:52:14.346+0000] {processor.py:925} INFO - DAG(s) 'example_skip_dag' retrieved from /home/airflow/.local/lib/python3.12/site-packages/airflow/example_dags/example_skip_dag.py
[2025-06-20T21:52:14.370+0000] {logging_mixin.py:190} INFO - [2025-06-20T21:52:14.370+0000] {dag.py:3239} INFO - Sync 1 DAGs
[2025-06-20T21:52:14.540+0000] {logging_mixin.py:190} INFO - [2025-06-20T21:52:14.539+0000] {dag.py:4180} INFO - Setting next_dagrun for example_skip_dag to 2025-06-19 00:00:00+00:00, run_after=2025-06-20 00:00:00+00:00
[2025-06-20T21:52:14.614+0000] {processor.py:208} INFO - Processing /home/airflow/.local/lib/python3.12/site-packages/airflow/example_dags/example_skip_dag.py took 0.285 seconds
[2025-06-20T21:52:45.154+0000] {processor.py:186} INFO - Started process (PID=3339) to work on /home/airflow/.local/lib/python3.12/site-packages/airflow/example_dags/example_skip_dag.py
[2025-06-20T21:52:45.155+0000] {processor.py:914} INFO - Processing file /home/airflow/.local/lib/python3.12/site-packages/airflow/example_dags/example_skip_dag.py for tasks to queue
[2025-06-20T21:52:45.157+0000] {logging_mixin.py:190} INFO - [2025-06-20T21:52:45.157+0000] {dagbag.py:588} INFO - Filling up the DagBag from /home/airflow/.local/lib/python3.12/site-packages/airflow/example_dags/example_skip_dag.py
[2025-06-20T21:52:45.166+0000] {processor.py:925} INFO - DAG(s) 'example_skip_dag' retrieved from /home/airflow/.local/lib/python3.12/site-packages/airflow/example_dags/example_skip_dag.py
[2025-06-20T21:52:45.189+0000] {logging_mixin.py:190} INFO - [2025-06-20T21:52:45.189+0000] {dag.py:3239} INFO - Sync 1 DAGs
[2025-06-20T21:52:45.215+0000] {logging_mixin.py:190} INFO - [2025-06-20T21:52:45.215+0000] {dag.py:4180} INFO - Setting next_dagrun for example_skip_dag to 2025-06-19 00:00:00+00:00, run_after=2025-06-20 00:00:00+00:00
[2025-06-20T21:52:45.250+0000] {processor.py:208} INFO - Processing /home/airflow/.local/lib/python3.12/site-packages/airflow/example_dags/example_skip_dag.py took 0.102 seconds
[2025-06-20T21:53:16.147+0000] {processor.py:186} INFO - Started process (PID=3403) to work on /home/airflow/.local/lib/python3.12/site-packages/airflow/example_dags/example_skip_dag.py
[2025-06-20T21:53:16.148+0000] {processor.py:914} INFO - Processing file /home/airflow/.local/lib/python3.12/site-packages/airflow/example_dags/example_skip_dag.py for tasks to queue
[2025-06-20T21:53:16.150+0000] {logging_mixin.py:190} INFO - [2025-06-20T21:53:16.150+0000] {dagbag.py:588} INFO - Filling up the DagBag from /home/airflow/.local/lib/python3.12/site-packages/airflow/example_dags/example_skip_dag.py
[2025-06-20T21:53:16.157+0000] {processor.py:925} INFO - DAG(s) 'example_skip_dag' retrieved from /home/airflow/.local/lib/python3.12/site-packages/airflow/example_dags/example_skip_dag.py
[2025-06-20T21:53:16.178+0000] {logging_mixin.py:190} INFO - [2025-06-20T21:53:16.178+0000] {dag.py:3239} INFO - Sync 1 DAGs
[2025-06-20T21:53:16.200+0000] {logging_mixin.py:190} INFO - [2025-06-20T21:53:16.200+0000] {dag.py:4180} INFO - Setting next_dagrun for example_skip_dag to 2025-06-19 00:00:00+00:00, run_after=2025-06-20 00:00:00+00:00
[2025-06-20T21:53:16.237+0000] {processor.py:208} INFO - Processing /home/airflow/.local/lib/python3.12/site-packages/airflow/example_dags/example_skip_dag.py took 0.094 seconds
[2025-06-20T21:53:46.819+0000] {processor.py:186} INFO - Started process (PID=3467) to work on /home/airflow/.local/lib/python3.12/site-packages/airflow/example_dags/example_skip_dag.py
[2025-06-20T21:53:46.820+0000] {processor.py:914} INFO - Processing file /home/airflow/.local/lib/python3.12/site-packages/airflow/example_dags/example_skip_dag.py for tasks to queue
[2025-06-20T21:53:46.823+0000] {logging_mixin.py:190} INFO - [2025-06-20T21:53:46.822+0000] {dagbag.py:588} INFO - Filling up the DagBag from /home/airflow/.local/lib/python3.12/site-packages/airflow/example_dags/example_skip_dag.py
[2025-06-20T21:53:46.830+0000] {processor.py:925} INFO - DAG(s) 'example_skip_dag' retrieved from /home/airflow/.local/lib/python3.12/site-packages/airflow/example_dags/example_skip_dag.py
[2025-06-20T21:53:46.851+0000] {logging_mixin.py:190} INFO - [2025-06-20T21:53:46.851+0000] {dag.py:3239} INFO - Sync 1 DAGs
[2025-06-20T21:53:46.880+0000] {logging_mixin.py:190} INFO - [2025-06-20T21:53:46.879+0000] {dag.py:4180} INFO - Setting next_dagrun for example_skip_dag to 2025-06-19 00:00:00+00:00, run_after=2025-06-20 00:00:00+00:00
[2025-06-20T21:53:46.903+0000] {processor.py:208} INFO - Processing /home/airflow/.local/lib/python3.12/site-packages/airflow/example_dags/example_skip_dag.py took 0.090 seconds
[2025-06-20T21:55:47.349+0000] {processor.py:186} INFO - Started process (PID=81) to work on /home/airflow/.local/lib/python3.12/site-packages/airflow/example_dags/example_skip_dag.py
[2025-06-20T21:55:47.351+0000] {processor.py:914} INFO - Processing file /home/airflow/.local/lib/python3.12/site-packages/airflow/example_dags/example_skip_dag.py for tasks to queue
[2025-06-20T21:55:47.354+0000] {logging_mixin.py:190} INFO - [2025-06-20T21:55:47.354+0000] {dagbag.py:588} INFO - Filling up the DagBag from /home/airflow/.local/lib/python3.12/site-packages/airflow/example_dags/example_skip_dag.py
[2025-06-20T21:55:47.362+0000] {processor.py:925} INFO - DAG(s) 'example_skip_dag' retrieved from /home/airflow/.local/lib/python3.12/site-packages/airflow/example_dags/example_skip_dag.py
[2025-06-20T21:55:47.479+0000] {logging_mixin.py:190} INFO - [2025-06-20T21:55:47.478+0000] {override.py:1911} INFO - Created Permission View: can delete on DAG:example_skip_dag
[2025-06-20T21:55:47.501+0000] {logging_mixin.py:190} INFO - [2025-06-20T21:55:47.500+0000] {override.py:1911} INFO - Created Permission View: can edit on DAG:example_skip_dag
[2025-06-20T21:55:47.522+0000] {logging_mixin.py:190} INFO - [2025-06-20T21:55:47.521+0000] {override.py:1911} INFO - Created Permission View: can read on DAG:example_skip_dag
[2025-06-20T21:55:47.543+0000] {logging_mixin.py:190} INFO - [2025-06-20T21:55:47.543+0000] {override.py:1911} INFO - Created Permission View: can delete on DAG Run:example_skip_dag
[2025-06-20T21:55:47.554+0000] {logging_mixin.py:190} INFO - [2025-06-20T21:55:47.553+0000] {override.py:1911} INFO - Created Permission View: menu access on DAG Run:example_skip_dag
[2025-06-20T21:55:47.575+0000] {logging_mixin.py:190} INFO - [2025-06-20T21:55:47.575+0000] {override.py:1911} INFO - Created Permission View: can create on DAG Run:example_skip_dag
[2025-06-20T21:55:47.586+0000] {logging_mixin.py:190} INFO - [2025-06-20T21:55:47.586+0000] {override.py:1911} INFO - Created Permission View: can read on DAG Run:example_skip_dag
[2025-06-20T21:55:47.587+0000] {logging_mixin.py:190} INFO - [2025-06-20T21:55:47.587+0000] {dag.py:3239} INFO - Sync 1 DAGs
[2025-06-20T21:55:47.598+0000] {logging_mixin.py:190} INFO - [2025-06-20T21:55:47.598+0000] {dag.py:3262} INFO - Creating ORM DAG for example_skip_dag
[2025-06-20T21:55:47.608+0000] {logging_mixin.py:190} INFO - [2025-06-20T21:55:47.608+0000] {dag.py:4180} INFO - Setting next_dagrun for example_skip_dag to 2025-06-19 00:00:00+00:00, run_after=2025-06-20 00:00:00+00:00
[2025-06-20T21:55:47.638+0000] {processor.py:208} INFO - Processing /home/airflow/.local/lib/python3.12/site-packages/airflow/example_dags/example_skip_dag.py took 0.294 seconds
[2025-06-20T21:56:18.318+0000] {processor.py:186} INFO - Started process (PID=145) to work on /home/airflow/.local/lib/python3.12/site-packages/airflow/example_dags/example_skip_dag.py
[2025-06-20T21:56:18.319+0000] {processor.py:914} INFO - Processing file /home/airflow/.local/lib/python3.12/site-packages/airflow/example_dags/example_skip_dag.py for tasks to queue
[2025-06-20T21:56:18.321+0000] {logging_mixin.py:190} INFO - [2025-06-20T21:56:18.321+0000] {dagbag.py:588} INFO - Filling up the DagBag from /home/airflow/.local/lib/python3.12/site-packages/airflow/example_dags/example_skip_dag.py
[2025-06-20T21:56:18.329+0000] {processor.py:925} INFO - DAG(s) 'example_skip_dag' retrieved from /home/airflow/.local/lib/python3.12/site-packages/airflow/example_dags/example_skip_dag.py
[2025-06-20T21:56:18.348+0000] {logging_mixin.py:190} INFO - [2025-06-20T21:56:18.348+0000] {dag.py:3239} INFO - Sync 1 DAGs
[2025-06-20T21:56:18.372+0000] {logging_mixin.py:190} INFO - [2025-06-20T21:56:18.371+0000] {dag.py:4180} INFO - Setting next_dagrun for example_skip_dag to 2025-06-19 00:00:00+00:00, run_after=2025-06-20 00:00:00+00:00
[2025-06-20T21:56:18.541+0000] {processor.py:208} INFO - Processing /home/airflow/.local/lib/python3.12/site-packages/airflow/example_dags/example_skip_dag.py took 0.228 seconds
[2025-06-20T21:56:50.225+0000] {processor.py:186} INFO - Started process (PID=209) to work on /home/airflow/.local/lib/python3.12/site-packages/airflow/example_dags/example_skip_dag.py
[2025-06-20T21:56:50.226+0000] {processor.py:914} INFO - Processing file /home/airflow/.local/lib/python3.12/site-packages/airflow/example_dags/example_skip_dag.py for tasks to queue
[2025-06-20T21:56:50.228+0000] {logging_mixin.py:190} INFO - [2025-06-20T21:56:50.228+0000] {dagbag.py:588} INFO - Filling up the DagBag from /home/airflow/.local/lib/python3.12/site-packages/airflow/example_dags/example_skip_dag.py
[2025-06-20T21:56:50.235+0000] {processor.py:925} INFO - DAG(s) 'example_skip_dag' retrieved from /home/airflow/.local/lib/python3.12/site-packages/airflow/example_dags/example_skip_dag.py
[2025-06-20T21:56:50.257+0000] {logging_mixin.py:190} INFO - [2025-06-20T21:56:50.256+0000] {dag.py:3239} INFO - Sync 1 DAGs
[2025-06-20T21:56:50.279+0000] {logging_mixin.py:190} INFO - [2025-06-20T21:56:50.279+0000] {dag.py:4180} INFO - Setting next_dagrun for example_skip_dag to 2025-06-19 00:00:00+00:00, run_after=2025-06-20 00:00:00+00:00
[2025-06-20T21:56:50.305+0000] {processor.py:208} INFO - Processing /home/airflow/.local/lib/python3.12/site-packages/airflow/example_dags/example_skip_dag.py took 0.086 seconds
[2025-06-20T21:57:21.760+0000] {processor.py:186} INFO - Started process (PID=273) to work on /home/airflow/.local/lib/python3.12/site-packages/airflow/example_dags/example_skip_dag.py
[2025-06-20T21:57:21.761+0000] {processor.py:914} INFO - Processing file /home/airflow/.local/lib/python3.12/site-packages/airflow/example_dags/example_skip_dag.py for tasks to queue
[2025-06-20T21:57:21.763+0000] {logging_mixin.py:190} INFO - [2025-06-20T21:57:21.763+0000] {dagbag.py:588} INFO - Filling up the DagBag from /home/airflow/.local/lib/python3.12/site-packages/airflow/example_dags/example_skip_dag.py
[2025-06-20T21:57:21.771+0000] {processor.py:925} INFO - DAG(s) 'example_skip_dag' retrieved from /home/airflow/.local/lib/python3.12/site-packages/airflow/example_dags/example_skip_dag.py
[2025-06-20T21:57:21.792+0000] {logging_mixin.py:190} INFO - [2025-06-20T21:57:21.792+0000] {dag.py:3239} INFO - Sync 1 DAGs
[2025-06-20T21:57:21.816+0000] {logging_mixin.py:190} INFO - [2025-06-20T21:57:21.816+0000] {dag.py:4180} INFO - Setting next_dagrun for example_skip_dag to 2025-06-19 00:00:00+00:00, run_after=2025-06-20 00:00:00+00:00
[2025-06-20T21:57:21.838+0000] {processor.py:208} INFO - Processing /home/airflow/.local/lib/python3.12/site-packages/airflow/example_dags/example_skip_dag.py took 0.084 seconds
[2025-06-20T21:57:52.933+0000] {processor.py:186} INFO - Started process (PID=337) to work on /home/airflow/.local/lib/python3.12/site-packages/airflow/example_dags/example_skip_dag.py
[2025-06-20T21:57:52.934+0000] {processor.py:914} INFO - Processing file /home/airflow/.local/lib/python3.12/site-packages/airflow/example_dags/example_skip_dag.py for tasks to queue
[2025-06-20T21:57:52.936+0000] {logging_mixin.py:190} INFO - [2025-06-20T21:57:52.936+0000] {dagbag.py:588} INFO - Filling up the DagBag from /home/airflow/.local/lib/python3.12/site-packages/airflow/example_dags/example_skip_dag.py
[2025-06-20T21:57:52.944+0000] {processor.py:925} INFO - DAG(s) 'example_skip_dag' retrieved from /home/airflow/.local/lib/python3.12/site-packages/airflow/example_dags/example_skip_dag.py
[2025-06-20T21:57:52.966+0000] {logging_mixin.py:190} INFO - [2025-06-20T21:57:52.966+0000] {dag.py:3239} INFO - Sync 1 DAGs
[2025-06-20T21:57:52.987+0000] {logging_mixin.py:190} INFO - [2025-06-20T21:57:52.987+0000] {dag.py:4180} INFO - Setting next_dagrun for example_skip_dag to 2025-06-19 00:00:00+00:00, run_after=2025-06-20 00:00:00+00:00
[2025-06-20T21:57:53.012+0000] {processor.py:208} INFO - Processing /home/airflow/.local/lib/python3.12/site-packages/airflow/example_dags/example_skip_dag.py took 0.085 seconds
[2025-06-20T21:58:24.668+0000] {processor.py:186} INFO - Started process (PID=409) to work on /home/airflow/.local/lib/python3.12/site-packages/airflow/example_dags/example_skip_dag.py
[2025-06-20T21:58:24.669+0000] {processor.py:914} INFO - Processing file /home/airflow/.local/lib/python3.12/site-packages/airflow/example_dags/example_skip_dag.py for tasks to queue
[2025-06-20T21:58:24.672+0000] {logging_mixin.py:190} INFO - [2025-06-20T21:58:24.671+0000] {dagbag.py:588} INFO - Filling up the DagBag from /home/airflow/.local/lib/python3.12/site-packages/airflow/example_dags/example_skip_dag.py
[2025-06-20T21:58:24.680+0000] {processor.py:925} INFO - DAG(s) 'example_skip_dag' retrieved from /home/airflow/.local/lib/python3.12/site-packages/airflow/example_dags/example_skip_dag.py
[2025-06-20T21:58:24.702+0000] {logging_mixin.py:190} INFO - [2025-06-20T21:58:24.702+0000] {dag.py:3239} INFO - Sync 1 DAGs
[2025-06-20T21:58:24.726+0000] {logging_mixin.py:190} INFO - [2025-06-20T21:58:24.725+0000] {dag.py:4180} INFO - Setting next_dagrun for example_skip_dag to 2025-06-19 00:00:00+00:00, run_after=2025-06-20 00:00:00+00:00
[2025-06-20T21:58:24.753+0000] {processor.py:208} INFO - Processing /home/airflow/.local/lib/python3.12/site-packages/airflow/example_dags/example_skip_dag.py took 0.091 seconds
[2025-06-20T21:58:55.803+0000] {processor.py:186} INFO - Started process (PID=473) to work on /home/airflow/.local/lib/python3.12/site-packages/airflow/example_dags/example_skip_dag.py
[2025-06-20T21:58:55.804+0000] {processor.py:914} INFO - Processing file /home/airflow/.local/lib/python3.12/site-packages/airflow/example_dags/example_skip_dag.py for tasks to queue
[2025-06-20T21:58:55.806+0000] {logging_mixin.py:190} INFO - [2025-06-20T21:58:55.806+0000] {dagbag.py:588} INFO - Filling up the DagBag from /home/airflow/.local/lib/python3.12/site-packages/airflow/example_dags/example_skip_dag.py
[2025-06-20T21:58:55.812+0000] {processor.py:925} INFO - DAG(s) 'example_skip_dag' retrieved from /home/airflow/.local/lib/python3.12/site-packages/airflow/example_dags/example_skip_dag.py
[2025-06-20T21:58:55.834+0000] {logging_mixin.py:190} INFO - [2025-06-20T21:58:55.834+0000] {dag.py:3239} INFO - Sync 1 DAGs
[2025-06-20T21:58:55.856+0000] {logging_mixin.py:190} INFO - [2025-06-20T21:58:55.856+0000] {dag.py:4180} INFO - Setting next_dagrun for example_skip_dag to 2025-06-19 00:00:00+00:00, run_after=2025-06-20 00:00:00+00:00
[2025-06-20T21:58:55.880+0000] {processor.py:208} INFO - Processing /home/airflow/.local/lib/python3.12/site-packages/airflow/example_dags/example_skip_dag.py took 0.082 seconds
[2025-06-20T21:59:27.496+0000] {processor.py:186} INFO - Started process (PID=537) to work on /home/airflow/.local/lib/python3.12/site-packages/airflow/example_dags/example_skip_dag.py
[2025-06-20T21:59:27.497+0000] {processor.py:914} INFO - Processing file /home/airflow/.local/lib/python3.12/site-packages/airflow/example_dags/example_skip_dag.py for tasks to queue
[2025-06-20T21:59:27.500+0000] {logging_mixin.py:190} INFO - [2025-06-20T21:59:27.499+0000] {dagbag.py:588} INFO - Filling up the DagBag from /home/airflow/.local/lib/python3.12/site-packages/airflow/example_dags/example_skip_dag.py
[2025-06-20T21:59:27.507+0000] {processor.py:925} INFO - DAG(s) 'example_skip_dag' retrieved from /home/airflow/.local/lib/python3.12/site-packages/airflow/example_dags/example_skip_dag.py
[2025-06-20T21:59:27.528+0000] {logging_mixin.py:190} INFO - [2025-06-20T21:59:27.527+0000] {dag.py:3239} INFO - Sync 1 DAGs
[2025-06-20T21:59:27.549+0000] {logging_mixin.py:190} INFO - [2025-06-20T21:59:27.549+0000] {dag.py:4180} INFO - Setting next_dagrun for example_skip_dag to 2025-06-19 00:00:00+00:00, run_after=2025-06-20 00:00:00+00:00
[2025-06-20T21:59:27.578+0000] {processor.py:208} INFO - Processing /home/airflow/.local/lib/python3.12/site-packages/airflow/example_dags/example_skip_dag.py took 0.087 seconds
[2025-06-20T21:59:59.007+0000] {processor.py:186} INFO - Started process (PID=601) to work on /home/airflow/.local/lib/python3.12/site-packages/airflow/example_dags/example_skip_dag.py
[2025-06-20T21:59:59.008+0000] {processor.py:914} INFO - Processing file /home/airflow/.local/lib/python3.12/site-packages/airflow/example_dags/example_skip_dag.py for tasks to queue
[2025-06-20T21:59:59.011+0000] {logging_mixin.py:190} INFO - [2025-06-20T21:59:59.010+0000] {dagbag.py:588} INFO - Filling up the DagBag from /home/airflow/.local/lib/python3.12/site-packages/airflow/example_dags/example_skip_dag.py
[2025-06-20T21:59:59.018+0000] {processor.py:925} INFO - DAG(s) 'example_skip_dag' retrieved from /home/airflow/.local/lib/python3.12/site-packages/airflow/example_dags/example_skip_dag.py
[2025-06-20T21:59:59.039+0000] {logging_mixin.py:190} INFO - [2025-06-20T21:59:59.039+0000] {dag.py:3239} INFO - Sync 1 DAGs
[2025-06-20T21:59:59.061+0000] {logging_mixin.py:190} INFO - [2025-06-20T21:59:59.061+0000] {dag.py:4180} INFO - Setting next_dagrun for example_skip_dag to 2025-06-19 00:00:00+00:00, run_after=2025-06-20 00:00:00+00:00
[2025-06-20T21:59:59.087+0000] {processor.py:208} INFO - Processing /home/airflow/.local/lib/python3.12/site-packages/airflow/example_dags/example_skip_dag.py took 0.085 seconds
[2025-06-20T22:00:30.393+0000] {processor.py:186} INFO - Started process (PID=665) to work on /home/airflow/.local/lib/python3.12/site-packages/airflow/example_dags/example_skip_dag.py
[2025-06-20T22:00:30.394+0000] {processor.py:914} INFO - Processing file /home/airflow/.local/lib/python3.12/site-packages/airflow/example_dags/example_skip_dag.py for tasks to queue
[2025-06-20T22:00:30.397+0000] {logging_mixin.py:190} INFO - [2025-06-20T22:00:30.396+0000] {dagbag.py:588} INFO - Filling up the DagBag from /home/airflow/.local/lib/python3.12/site-packages/airflow/example_dags/example_skip_dag.py
[2025-06-20T22:00:30.404+0000] {processor.py:925} INFO - DAG(s) 'example_skip_dag' retrieved from /home/airflow/.local/lib/python3.12/site-packages/airflow/example_dags/example_skip_dag.py
[2025-06-20T22:00:30.427+0000] {logging_mixin.py:190} INFO - [2025-06-20T22:00:30.426+0000] {dag.py:3239} INFO - Sync 1 DAGs
[2025-06-20T22:00:30.449+0000] {logging_mixin.py:190} INFO - [2025-06-20T22:00:30.449+0000] {dag.py:4180} INFO - Setting next_dagrun for example_skip_dag to 2025-06-19 00:00:00+00:00, run_after=2025-06-20 00:00:00+00:00
[2025-06-20T22:00:30.477+0000] {processor.py:208} INFO - Processing /home/airflow/.local/lib/python3.12/site-packages/airflow/example_dags/example_skip_dag.py took 0.090 seconds
[2025-06-20T22:01:01.847+0000] {processor.py:186} INFO - Started process (PID=729) to work on /home/airflow/.local/lib/python3.12/site-packages/airflow/example_dags/example_skip_dag.py
[2025-06-20T22:01:01.848+0000] {processor.py:914} INFO - Processing file /home/airflow/.local/lib/python3.12/site-packages/airflow/example_dags/example_skip_dag.py for tasks to queue
[2025-06-20T22:01:01.851+0000] {logging_mixin.py:190} INFO - [2025-06-20T22:01:01.850+0000] {dagbag.py:588} INFO - Filling up the DagBag from /home/airflow/.local/lib/python3.12/site-packages/airflow/example_dags/example_skip_dag.py
[2025-06-20T22:01:01.858+0000] {processor.py:925} INFO - DAG(s) 'example_skip_dag' retrieved from /home/airflow/.local/lib/python3.12/site-packages/airflow/example_dags/example_skip_dag.py
[2025-06-20T22:01:01.879+0000] {logging_mixin.py:190} INFO - [2025-06-20T22:01:01.879+0000] {dag.py:3239} INFO - Sync 1 DAGs
[2025-06-20T22:01:01.904+0000] {logging_mixin.py:190} INFO - [2025-06-20T22:01:01.904+0000] {dag.py:4180} INFO - Setting next_dagrun for example_skip_dag to 2025-06-19 00:00:00+00:00, run_after=2025-06-20 00:00:00+00:00
[2025-06-20T22:01:01.936+0000] {processor.py:208} INFO - Processing /home/airflow/.local/lib/python3.12/site-packages/airflow/example_dags/example_skip_dag.py took 0.094 seconds
[2025-06-20T22:01:33.347+0000] {processor.py:186} INFO - Started process (PID=793) to work on /home/airflow/.local/lib/python3.12/site-packages/airflow/example_dags/example_skip_dag.py
[2025-06-20T22:01:33.348+0000] {processor.py:914} INFO - Processing file /home/airflow/.local/lib/python3.12/site-packages/airflow/example_dags/example_skip_dag.py for tasks to queue
[2025-06-20T22:01:33.350+0000] {logging_mixin.py:190} INFO - [2025-06-20T22:01:33.350+0000] {dagbag.py:588} INFO - Filling up the DagBag from /home/airflow/.local/lib/python3.12/site-packages/airflow/example_dags/example_skip_dag.py
[2025-06-20T22:01:33.357+0000] {processor.py:925} INFO - DAG(s) 'example_skip_dag' retrieved from /home/airflow/.local/lib/python3.12/site-packages/airflow/example_dags/example_skip_dag.py
[2025-06-20T22:01:33.377+0000] {logging_mixin.py:190} INFO - [2025-06-20T22:01:33.377+0000] {dag.py:3239} INFO - Sync 1 DAGs
[2025-06-20T22:01:33.403+0000] {logging_mixin.py:190} INFO - [2025-06-20T22:01:33.402+0000] {dag.py:4180} INFO - Setting next_dagrun for example_skip_dag to 2025-06-19 00:00:00+00:00, run_after=2025-06-20 00:00:00+00:00
[2025-06-20T22:01:33.429+0000] {processor.py:208} INFO - Processing /home/airflow/.local/lib/python3.12/site-packages/airflow/example_dags/example_skip_dag.py took 0.087 seconds
[2025-06-20T22:02:04.096+0000] {processor.py:186} INFO - Started process (PID=856) to work on /home/airflow/.local/lib/python3.12/site-packages/airflow/example_dags/example_skip_dag.py
[2025-06-20T22:02:04.098+0000] {processor.py:914} INFO - Processing file /home/airflow/.local/lib/python3.12/site-packages/airflow/example_dags/example_skip_dag.py for tasks to queue
[2025-06-20T22:02:04.100+0000] {logging_mixin.py:190} INFO - [2025-06-20T22:02:04.100+0000] {dagbag.py:588} INFO - Filling up the DagBag from /home/airflow/.local/lib/python3.12/site-packages/airflow/example_dags/example_skip_dag.py
[2025-06-20T22:02:04.108+0000] {processor.py:925} INFO - DAG(s) 'example_skip_dag' retrieved from /home/airflow/.local/lib/python3.12/site-packages/airflow/example_dags/example_skip_dag.py
[2025-06-20T22:02:04.129+0000] {logging_mixin.py:190} INFO - [2025-06-20T22:02:04.129+0000] {dag.py:3239} INFO - Sync 1 DAGs
[2025-06-20T22:02:04.157+0000] {logging_mixin.py:190} INFO - [2025-06-20T22:02:04.157+0000] {dag.py:4180} INFO - Setting next_dagrun for example_skip_dag to 2025-06-19 00:00:00+00:00, run_after=2025-06-20 00:00:00+00:00
[2025-06-20T22:02:04.188+0000] {processor.py:208} INFO - Processing /home/airflow/.local/lib/python3.12/site-packages/airflow/example_dags/example_skip_dag.py took 0.097 seconds
[2025-06-20T22:02:35.900+0000] {processor.py:186} INFO - Started process (PID=920) to work on /home/airflow/.local/lib/python3.12/site-packages/airflow/example_dags/example_skip_dag.py
[2025-06-20T22:02:35.901+0000] {processor.py:914} INFO - Processing file /home/airflow/.local/lib/python3.12/site-packages/airflow/example_dags/example_skip_dag.py for tasks to queue
[2025-06-20T22:02:35.904+0000] {logging_mixin.py:190} INFO - [2025-06-20T22:02:35.903+0000] {dagbag.py:588} INFO - Filling up the DagBag from /home/airflow/.local/lib/python3.12/site-packages/airflow/example_dags/example_skip_dag.py
[2025-06-20T22:02:35.911+0000] {processor.py:925} INFO - DAG(s) 'example_skip_dag' retrieved from /home/airflow/.local/lib/python3.12/site-packages/airflow/example_dags/example_skip_dag.py
[2025-06-20T22:02:35.933+0000] {logging_mixin.py:190} INFO - [2025-06-20T22:02:35.933+0000] {dag.py:3239} INFO - Sync 1 DAGs
[2025-06-20T22:02:35.956+0000] {logging_mixin.py:190} INFO - [2025-06-20T22:02:35.955+0000] {dag.py:4180} INFO - Setting next_dagrun for example_skip_dag to 2025-06-19 00:00:00+00:00, run_after=2025-06-20 00:00:00+00:00
[2025-06-20T22:02:35.983+0000] {processor.py:208} INFO - Processing /home/airflow/.local/lib/python3.12/site-packages/airflow/example_dags/example_skip_dag.py took 0.089 seconds
[2025-06-20T22:03:08.434+0000] {processor.py:186} INFO - Started process (PID=985) to work on /home/airflow/.local/lib/python3.12/site-packages/airflow/example_dags/example_skip_dag.py
[2025-06-20T22:03:08.435+0000] {processor.py:914} INFO - Processing file /home/airflow/.local/lib/python3.12/site-packages/airflow/example_dags/example_skip_dag.py for tasks to queue
[2025-06-20T22:03:08.437+0000] {logging_mixin.py:190} INFO - [2025-06-20T22:03:08.437+0000] {dagbag.py:588} INFO - Filling up the DagBag from /home/airflow/.local/lib/python3.12/site-packages/airflow/example_dags/example_skip_dag.py
[2025-06-20T22:03:08.444+0000] {processor.py:925} INFO - DAG(s) 'example_skip_dag' retrieved from /home/airflow/.local/lib/python3.12/site-packages/airflow/example_dags/example_skip_dag.py
[2025-06-20T22:03:08.466+0000] {logging_mixin.py:190} INFO - [2025-06-20T22:03:08.466+0000] {dag.py:3239} INFO - Sync 1 DAGs
[2025-06-20T22:03:08.489+0000] {logging_mixin.py:190} INFO - [2025-06-20T22:03:08.489+0000] {dag.py:4180} INFO - Setting next_dagrun for example_skip_dag to 2025-06-19 00:00:00+00:00, run_after=2025-06-20 00:00:00+00:00
[2025-06-20T22:03:08.519+0000] {processor.py:208} INFO - Processing /home/airflow/.local/lib/python3.12/site-packages/airflow/example_dags/example_skip_dag.py took 0.091 seconds
[2025-06-20T22:03:40.060+0000] {processor.py:186} INFO - Started process (PID=1049) to work on /home/airflow/.local/lib/python3.12/site-packages/airflow/example_dags/example_skip_dag.py
[2025-06-20T22:03:40.061+0000] {processor.py:914} INFO - Processing file /home/airflow/.local/lib/python3.12/site-packages/airflow/example_dags/example_skip_dag.py for tasks to queue
[2025-06-20T22:03:40.064+0000] {logging_mixin.py:190} INFO - [2025-06-20T22:03:40.064+0000] {dagbag.py:588} INFO - Filling up the DagBag from /home/airflow/.local/lib/python3.12/site-packages/airflow/example_dags/example_skip_dag.py
[2025-06-20T22:03:40.072+0000] {processor.py:925} INFO - DAG(s) 'example_skip_dag' retrieved from /home/airflow/.local/lib/python3.12/site-packages/airflow/example_dags/example_skip_dag.py
[2025-06-20T22:03:40.096+0000] {logging_mixin.py:190} INFO - [2025-06-20T22:03:40.096+0000] {dag.py:3239} INFO - Sync 1 DAGs
[2025-06-20T22:03:40.121+0000] {logging_mixin.py:190} INFO - [2025-06-20T22:03:40.121+0000] {dag.py:4180} INFO - Setting next_dagrun for example_skip_dag to 2025-06-19 00:00:00+00:00, run_after=2025-06-20 00:00:00+00:00
[2025-06-20T22:03:40.155+0000] {processor.py:208} INFO - Processing /home/airflow/.local/lib/python3.12/site-packages/airflow/example_dags/example_skip_dag.py took 0.102 seconds
