[2025-06-20T21:26:39.208+0000] {processor.py:186} INFO - Started process (PID=116) to work on /home/airflow/.local/lib/python3.12/site-packages/airflow/example_dags/example_params_ui_tutorial.py
[2025-06-20T21:26:39.209+0000] {processor.py:914} INFO - Processing file /home/airflow/.local/lib/python3.12/site-packages/airflow/example_dags/example_params_ui_tutorial.py for tasks to queue
[2025-06-20T21:26:39.212+0000] {logging_mixin.py:190} INFO - [2025-06-20T21:26:39.211+0000] {dagbag.py:588} INFO - Filling up the DagBag from /home/airflow/.local/lib/python3.12/site-packages/airflow/example_dags/example_params_ui_tutorial.py
[2025-06-20T21:26:39.221+0000] {processor.py:925} INFO - DAG(s) 'example_params_ui_tutorial' retrieved from /home/airflow/.local/lib/python3.12/site-packages/airflow/example_dags/example_params_ui_tutorial.py
[2025-06-20T21:26:39.565+0000] {logging_mixin.py:190} INFO - [2025-06-20T21:26:39.564+0000] {override.py:1911} INFO - Created Permission View: can delete on DAG:example_params_ui_tutorial
[2025-06-20T21:26:39.615+0000] {logging_mixin.py:190} INFO - [2025-06-20T21:26:39.614+0000] {override.py:1911} INFO - Created Permission View: can read on DAG:example_params_ui_tutorial
[2025-06-20T21:26:39.677+0000] {logging_mixin.py:190} INFO - [2025-06-20T21:26:39.677+0000] {override.py:1911} INFO - Created Permission View: can edit on DAG:example_params_ui_tutorial
[2025-06-20T21:26:39.826+0000] {logging_mixin.py:190} INFO - [2025-06-20T21:26:39.825+0000] {override.py:1911} INFO - Created Permission View: can delete on DAG Run:example_params_ui_tutorial
[2025-06-20T21:26:39.988+0000] {logging_mixin.py:190} INFO - [2025-06-20T21:26:39.988+0000] {override.py:1911} INFO - Created Permission View: can create on DAG Run:example_params_ui_tutorial
[2025-06-20T21:26:40.228+0000] {logging_mixin.py:190} INFO - [2025-06-20T21:26:40.228+0000] {override.py:1911} INFO - Created Permission View: can read on DAG Run:example_params_ui_tutorial
[2025-06-20T21:26:40.703+0000] {logging_mixin.py:190} INFO - [2025-06-20T21:26:40.703+0000] {override.py:1911} INFO - Created Permission View: menu access on DAG Run:example_params_ui_tutorial
[2025-06-20T21:26:40.704+0000] {logging_mixin.py:190} INFO - [2025-06-20T21:26:40.704+0000] {dag.py:3239} INFO - Sync 1 DAGs
[2025-06-20T21:26:40.727+0000] {logging_mixin.py:190} INFO - [2025-06-20T21:26:40.726+0000] {dag.py:3262} INFO - Creating ORM DAG for example_params_ui_tutorial
[2025-06-20T21:26:40.728+0000] {logging_mixin.py:190} INFO - [2025-06-20T21:26:40.728+0000] {dag.py:4180} INFO - Setting next_dagrun for example_params_ui_tutorial to None, run_after=None
[2025-06-20T21:26:40.796+0000] {processor.py:208} INFO - Processing /home/airflow/.local/lib/python3.12/site-packages/airflow/example_dags/example_params_ui_tutorial.py took 1.592 seconds
[2025-06-20T21:27:11.284+0000] {processor.py:186} INFO - Started process (PID=180) to work on /home/airflow/.local/lib/python3.12/site-packages/airflow/example_dags/example_params_ui_tutorial.py
[2025-06-20T21:27:11.285+0000] {processor.py:914} INFO - Processing file /home/airflow/.local/lib/python3.12/site-packages/airflow/example_dags/example_params_ui_tutorial.py for tasks to queue
[2025-06-20T21:27:11.287+0000] {logging_mixin.py:190} INFO - [2025-06-20T21:27:11.287+0000] {dagbag.py:588} INFO - Filling up the DagBag from /home/airflow/.local/lib/python3.12/site-packages/airflow/example_dags/example_params_ui_tutorial.py
[2025-06-20T21:27:11.295+0000] {processor.py:925} INFO - DAG(s) 'example_params_ui_tutorial' retrieved from /home/airflow/.local/lib/python3.12/site-packages/airflow/example_dags/example_params_ui_tutorial.py
[2025-06-20T21:27:11.333+0000] {logging_mixin.py:190} INFO - [2025-06-20T21:27:11.333+0000] {dag.py:3239} INFO - Sync 1 DAGs
[2025-06-20T21:27:11.348+0000] {logging_mixin.py:190} INFO - [2025-06-20T21:27:11.348+0000] {dag.py:4180} INFO - Setting next_dagrun for example_params_ui_tutorial to None, run_after=None
[2025-06-20T21:27:11.379+0000] {processor.py:208} INFO - Processing /home/airflow/.local/lib/python3.12/site-packages/airflow/example_dags/example_params_ui_tutorial.py took 0.100 seconds
[2025-06-20T21:27:41.718+0000] {processor.py:186} INFO - Started process (PID=244) to work on /home/airflow/.local/lib/python3.12/site-packages/airflow/example_dags/example_params_ui_tutorial.py
[2025-06-20T21:27:41.719+0000] {processor.py:914} INFO - Processing file /home/airflow/.local/lib/python3.12/site-packages/airflow/example_dags/example_params_ui_tutorial.py for tasks to queue
[2025-06-20T21:27:41.722+0000] {logging_mixin.py:190} INFO - [2025-06-20T21:27:41.721+0000] {dagbag.py:588} INFO - Filling up the DagBag from /home/airflow/.local/lib/python3.12/site-packages/airflow/example_dags/example_params_ui_tutorial.py
[2025-06-20T21:27:41.731+0000] {processor.py:925} INFO - DAG(s) 'example_params_ui_tutorial' retrieved from /home/airflow/.local/lib/python3.12/site-packages/airflow/example_dags/example_params_ui_tutorial.py
[2025-06-20T21:27:41.780+0000] {logging_mixin.py:190} INFO - [2025-06-20T21:27:41.780+0000] {dag.py:3239} INFO - Sync 1 DAGs
[2025-06-20T21:27:41.802+0000] {logging_mixin.py:190} INFO - [2025-06-20T21:27:41.802+0000] {dag.py:4180} INFO - Setting next_dagrun for example_params_ui_tutorial to None, run_after=None
[2025-06-20T21:27:41.834+0000] {processor.py:208} INFO - Processing /home/airflow/.local/lib/python3.12/site-packages/airflow/example_dags/example_params_ui_tutorial.py took 0.121 seconds
[2025-06-20T21:28:11.938+0000] {processor.py:186} INFO - Started process (PID=308) to work on /home/airflow/.local/lib/python3.12/site-packages/airflow/example_dags/example_params_ui_tutorial.py
[2025-06-20T21:28:11.939+0000] {processor.py:914} INFO - Processing file /home/airflow/.local/lib/python3.12/site-packages/airflow/example_dags/example_params_ui_tutorial.py for tasks to queue
[2025-06-20T21:28:11.942+0000] {logging_mixin.py:190} INFO - [2025-06-20T21:28:11.941+0000] {dagbag.py:588} INFO - Filling up the DagBag from /home/airflow/.local/lib/python3.12/site-packages/airflow/example_dags/example_params_ui_tutorial.py
[2025-06-20T21:28:11.950+0000] {processor.py:925} INFO - DAG(s) 'example_params_ui_tutorial' retrieved from /home/airflow/.local/lib/python3.12/site-packages/airflow/example_dags/example_params_ui_tutorial.py
[2025-06-20T21:28:11.990+0000] {logging_mixin.py:190} INFO - [2025-06-20T21:28:11.990+0000] {dag.py:3239} INFO - Sync 1 DAGs
[2025-06-20T21:28:12.004+0000] {logging_mixin.py:190} INFO - [2025-06-20T21:28:12.004+0000] {dag.py:4180} INFO - Setting next_dagrun for example_params_ui_tutorial to None, run_after=None
[2025-06-20T21:28:12.029+0000] {processor.py:208} INFO - Processing /home/airflow/.local/lib/python3.12/site-packages/airflow/example_dags/example_params_ui_tutorial.py took 0.096 seconds
[2025-06-20T21:28:44.251+0000] {processor.py:186} INFO - Started process (PID=373) to work on /home/airflow/.local/lib/python3.12/site-packages/airflow/example_dags/example_params_ui_tutorial.py
[2025-06-20T21:28:44.252+0000] {processor.py:914} INFO - Processing file /home/airflow/.local/lib/python3.12/site-packages/airflow/example_dags/example_params_ui_tutorial.py for tasks to queue
[2025-06-20T21:28:44.255+0000] {logging_mixin.py:190} INFO - [2025-06-20T21:28:44.254+0000] {dagbag.py:588} INFO - Filling up the DagBag from /home/airflow/.local/lib/python3.12/site-packages/airflow/example_dags/example_params_ui_tutorial.py
[2025-06-20T21:28:44.263+0000] {processor.py:925} INFO - DAG(s) 'example_params_ui_tutorial' retrieved from /home/airflow/.local/lib/python3.12/site-packages/airflow/example_dags/example_params_ui_tutorial.py
[2025-06-20T21:28:44.303+0000] {logging_mixin.py:190} INFO - [2025-06-20T21:28:44.303+0000] {dag.py:3239} INFO - Sync 1 DAGs
[2025-06-20T21:28:44.318+0000] {logging_mixin.py:190} INFO - [2025-06-20T21:28:44.318+0000] {dag.py:4180} INFO - Setting next_dagrun for example_params_ui_tutorial to None, run_after=None
[2025-06-20T21:28:44.611+0000] {processor.py:208} INFO - Processing /home/airflow/.local/lib/python3.12/site-packages/airflow/example_dags/example_params_ui_tutorial.py took 0.365 seconds
[2025-06-20T21:29:15.122+0000] {processor.py:186} INFO - Started process (PID=437) to work on /home/airflow/.local/lib/python3.12/site-packages/airflow/example_dags/example_params_ui_tutorial.py
[2025-06-20T21:29:15.123+0000] {processor.py:914} INFO - Processing file /home/airflow/.local/lib/python3.12/site-packages/airflow/example_dags/example_params_ui_tutorial.py for tasks to queue
[2025-06-20T21:29:15.125+0000] {logging_mixin.py:190} INFO - [2025-06-20T21:29:15.125+0000] {dagbag.py:588} INFO - Filling up the DagBag from /home/airflow/.local/lib/python3.12/site-packages/airflow/example_dags/example_params_ui_tutorial.py
[2025-06-20T21:29:15.134+0000] {processor.py:925} INFO - DAG(s) 'example_params_ui_tutorial' retrieved from /home/airflow/.local/lib/python3.12/site-packages/airflow/example_dags/example_params_ui_tutorial.py
[2025-06-20T21:29:15.174+0000] {logging_mixin.py:190} INFO - [2025-06-20T21:29:15.173+0000] {dag.py:3239} INFO - Sync 1 DAGs
[2025-06-20T21:29:15.187+0000] {logging_mixin.py:190} INFO - [2025-06-20T21:29:15.186+0000] {dag.py:4180} INFO - Setting next_dagrun for example_params_ui_tutorial to None, run_after=None
[2025-06-20T21:29:15.261+0000] {processor.py:208} INFO - Processing /home/airflow/.local/lib/python3.12/site-packages/airflow/example_dags/example_params_ui_tutorial.py took 0.144 seconds
[2025-06-20T21:29:45.493+0000] {processor.py:186} INFO - Started process (PID=500) to work on /home/airflow/.local/lib/python3.12/site-packages/airflow/example_dags/example_params_ui_tutorial.py
[2025-06-20T21:29:45.494+0000] {processor.py:914} INFO - Processing file /home/airflow/.local/lib/python3.12/site-packages/airflow/example_dags/example_params_ui_tutorial.py for tasks to queue
[2025-06-20T21:29:45.497+0000] {logging_mixin.py:190} INFO - [2025-06-20T21:29:45.497+0000] {dagbag.py:588} INFO - Filling up the DagBag from /home/airflow/.local/lib/python3.12/site-packages/airflow/example_dags/example_params_ui_tutorial.py
[2025-06-20T21:29:45.506+0000] {processor.py:925} INFO - DAG(s) 'example_params_ui_tutorial' retrieved from /home/airflow/.local/lib/python3.12/site-packages/airflow/example_dags/example_params_ui_tutorial.py
[2025-06-20T21:29:45.551+0000] {logging_mixin.py:190} INFO - [2025-06-20T21:29:45.551+0000] {dag.py:3239} INFO - Sync 1 DAGs
[2025-06-20T21:29:45.568+0000] {logging_mixin.py:190} INFO - [2025-06-20T21:29:45.568+0000] {dag.py:4180} INFO - Setting next_dagrun for example_params_ui_tutorial to None, run_after=None
[2025-06-20T21:29:45.602+0000] {processor.py:208} INFO - Processing /home/airflow/.local/lib/python3.12/site-packages/airflow/example_dags/example_params_ui_tutorial.py took 0.114 seconds
[2025-06-20T21:30:15.800+0000] {processor.py:186} INFO - Started process (PID=558) to work on /home/airflow/.local/lib/python3.12/site-packages/airflow/example_dags/example_params_ui_tutorial.py
[2025-06-20T21:30:15.801+0000] {processor.py:914} INFO - Processing file /home/airflow/.local/lib/python3.12/site-packages/airflow/example_dags/example_params_ui_tutorial.py for tasks to queue
[2025-06-20T21:30:15.803+0000] {logging_mixin.py:190} INFO - [2025-06-20T21:30:15.803+0000] {dagbag.py:588} INFO - Filling up the DagBag from /home/airflow/.local/lib/python3.12/site-packages/airflow/example_dags/example_params_ui_tutorial.py
[2025-06-20T21:30:15.812+0000] {processor.py:925} INFO - DAG(s) 'example_params_ui_tutorial' retrieved from /home/airflow/.local/lib/python3.12/site-packages/airflow/example_dags/example_params_ui_tutorial.py
[2025-06-20T21:30:15.855+0000] {logging_mixin.py:190} INFO - [2025-06-20T21:30:15.854+0000] {dag.py:3239} INFO - Sync 1 DAGs
[2025-06-20T21:30:15.871+0000] {logging_mixin.py:190} INFO - [2025-06-20T21:30:15.871+0000] {dag.py:4180} INFO - Setting next_dagrun for example_params_ui_tutorial to None, run_after=None
[2025-06-20T21:30:15.898+0000] {processor.py:208} INFO - Processing /home/airflow/.local/lib/python3.12/site-packages/airflow/example_dags/example_params_ui_tutorial.py took 0.103 seconds
[2025-06-20T21:30:46.333+0000] {processor.py:186} INFO - Started process (PID=622) to work on /home/airflow/.local/lib/python3.12/site-packages/airflow/example_dags/example_params_ui_tutorial.py
[2025-06-20T21:30:46.334+0000] {processor.py:914} INFO - Processing file /home/airflow/.local/lib/python3.12/site-packages/airflow/example_dags/example_params_ui_tutorial.py for tasks to queue
[2025-06-20T21:30:46.336+0000] {logging_mixin.py:190} INFO - [2025-06-20T21:30:46.336+0000] {dagbag.py:588} INFO - Filling up the DagBag from /home/airflow/.local/lib/python3.12/site-packages/airflow/example_dags/example_params_ui_tutorial.py
[2025-06-20T21:30:46.344+0000] {processor.py:925} INFO - DAG(s) 'example_params_ui_tutorial' retrieved from /home/airflow/.local/lib/python3.12/site-packages/airflow/example_dags/example_params_ui_tutorial.py
[2025-06-20T21:30:46.385+0000] {logging_mixin.py:190} INFO - [2025-06-20T21:30:46.385+0000] {dag.py:3239} INFO - Sync 1 DAGs
[2025-06-20T21:30:46.402+0000] {logging_mixin.py:190} INFO - [2025-06-20T21:30:46.401+0000] {dag.py:4180} INFO - Setting next_dagrun for example_params_ui_tutorial to None, run_after=None
[2025-06-20T21:30:46.450+0000] {processor.py:208} INFO - Processing /home/airflow/.local/lib/python3.12/site-packages/airflow/example_dags/example_params_ui_tutorial.py took 0.122 seconds
[2025-06-20T21:31:17.103+0000] {processor.py:186} INFO - Started process (PID=686) to work on /home/airflow/.local/lib/python3.12/site-packages/airflow/example_dags/example_params_ui_tutorial.py
[2025-06-20T21:31:17.104+0000] {processor.py:914} INFO - Processing file /home/airflow/.local/lib/python3.12/site-packages/airflow/example_dags/example_params_ui_tutorial.py for tasks to queue
[2025-06-20T21:31:17.107+0000] {logging_mixin.py:190} INFO - [2025-06-20T21:31:17.106+0000] {dagbag.py:588} INFO - Filling up the DagBag from /home/airflow/.local/lib/python3.12/site-packages/airflow/example_dags/example_params_ui_tutorial.py
[2025-06-20T21:31:17.115+0000] {processor.py:925} INFO - DAG(s) 'example_params_ui_tutorial' retrieved from /home/airflow/.local/lib/python3.12/site-packages/airflow/example_dags/example_params_ui_tutorial.py
[2025-06-20T21:31:17.158+0000] {logging_mixin.py:190} INFO - [2025-06-20T21:31:17.157+0000] {dag.py:3239} INFO - Sync 1 DAGs
[2025-06-20T21:31:17.176+0000] {logging_mixin.py:190} INFO - [2025-06-20T21:31:17.176+0000] {dag.py:4180} INFO - Setting next_dagrun for example_params_ui_tutorial to None, run_after=None
[2025-06-20T21:31:17.360+0000] {processor.py:208} INFO - Processing /home/airflow/.local/lib/python3.12/site-packages/airflow/example_dags/example_params_ui_tutorial.py took 0.262 seconds
[2025-06-20T21:31:47.557+0000] {processor.py:186} INFO - Started process (PID=750) to work on /home/airflow/.local/lib/python3.12/site-packages/airflow/example_dags/example_params_ui_tutorial.py
[2025-06-20T21:31:47.558+0000] {processor.py:914} INFO - Processing file /home/airflow/.local/lib/python3.12/site-packages/airflow/example_dags/example_params_ui_tutorial.py for tasks to queue
[2025-06-20T21:31:47.560+0000] {logging_mixin.py:190} INFO - [2025-06-20T21:31:47.560+0000] {dagbag.py:588} INFO - Filling up the DagBag from /home/airflow/.local/lib/python3.12/site-packages/airflow/example_dags/example_params_ui_tutorial.py
[2025-06-20T21:31:47.568+0000] {processor.py:925} INFO - DAG(s) 'example_params_ui_tutorial' retrieved from /home/airflow/.local/lib/python3.12/site-packages/airflow/example_dags/example_params_ui_tutorial.py
[2025-06-20T21:31:47.608+0000] {logging_mixin.py:190} INFO - [2025-06-20T21:31:47.607+0000] {dag.py:3239} INFO - Sync 1 DAGs
[2025-06-20T21:31:47.621+0000] {logging_mixin.py:190} INFO - [2025-06-20T21:31:47.621+0000] {dag.py:4180} INFO - Setting next_dagrun for example_params_ui_tutorial to None, run_after=None
[2025-06-20T21:31:47.649+0000] {processor.py:208} INFO - Processing /home/airflow/.local/lib/python3.12/site-packages/airflow/example_dags/example_params_ui_tutorial.py took 0.097 seconds
[2025-06-20T21:32:17.852+0000] {processor.py:186} INFO - Started process (PID=814) to work on /home/airflow/.local/lib/python3.12/site-packages/airflow/example_dags/example_params_ui_tutorial.py
[2025-06-20T21:32:17.853+0000] {processor.py:914} INFO - Processing file /home/airflow/.local/lib/python3.12/site-packages/airflow/example_dags/example_params_ui_tutorial.py for tasks to queue
[2025-06-20T21:32:17.857+0000] {logging_mixin.py:190} INFO - [2025-06-20T21:32:17.856+0000] {dagbag.py:588} INFO - Filling up the DagBag from /home/airflow/.local/lib/python3.12/site-packages/airflow/example_dags/example_params_ui_tutorial.py
[2025-06-20T21:32:17.868+0000] {processor.py:925} INFO - DAG(s) 'example_params_ui_tutorial' retrieved from /home/airflow/.local/lib/python3.12/site-packages/airflow/example_dags/example_params_ui_tutorial.py
[2025-06-20T21:32:17.937+0000] {logging_mixin.py:190} INFO - [2025-06-20T21:32:17.937+0000] {dag.py:3239} INFO - Sync 1 DAGs
[2025-06-20T21:32:17.963+0000] {logging_mixin.py:190} INFO - [2025-06-20T21:32:17.963+0000] {dag.py:4180} INFO - Setting next_dagrun for example_params_ui_tutorial to None, run_after=None
[2025-06-20T21:32:18.002+0000] {processor.py:208} INFO - Processing /home/airflow/.local/lib/python3.12/site-packages/airflow/example_dags/example_params_ui_tutorial.py took 0.157 seconds
[2025-06-20T21:32:48.052+0000] {processor.py:186} INFO - Started process (PID=878) to work on /home/airflow/.local/lib/python3.12/site-packages/airflow/example_dags/example_params_ui_tutorial.py
[2025-06-20T21:32:48.053+0000] {processor.py:914} INFO - Processing file /home/airflow/.local/lib/python3.12/site-packages/airflow/example_dags/example_params_ui_tutorial.py for tasks to queue
[2025-06-20T21:32:48.055+0000] {logging_mixin.py:190} INFO - [2025-06-20T21:32:48.055+0000] {dagbag.py:588} INFO - Filling up the DagBag from /home/airflow/.local/lib/python3.12/site-packages/airflow/example_dags/example_params_ui_tutorial.py
[2025-06-20T21:32:48.063+0000] {processor.py:925} INFO - DAG(s) 'example_params_ui_tutorial' retrieved from /home/airflow/.local/lib/python3.12/site-packages/airflow/example_dags/example_params_ui_tutorial.py
[2025-06-20T21:32:48.110+0000] {logging_mixin.py:190} INFO - [2025-06-20T21:32:48.110+0000] {dag.py:3239} INFO - Sync 1 DAGs
[2025-06-20T21:32:48.126+0000] {logging_mixin.py:190} INFO - [2025-06-20T21:32:48.126+0000] {dag.py:4180} INFO - Setting next_dagrun for example_params_ui_tutorial to None, run_after=None
[2025-06-20T21:32:48.161+0000] {processor.py:208} INFO - Processing /home/airflow/.local/lib/python3.12/site-packages/airflow/example_dags/example_params_ui_tutorial.py took 0.114 seconds
[2025-06-20T21:33:18.720+0000] {processor.py:186} INFO - Started process (PID=942) to work on /home/airflow/.local/lib/python3.12/site-packages/airflow/example_dags/example_params_ui_tutorial.py
[2025-06-20T21:33:18.721+0000] {processor.py:914} INFO - Processing file /home/airflow/.local/lib/python3.12/site-packages/airflow/example_dags/example_params_ui_tutorial.py for tasks to queue
[2025-06-20T21:33:18.724+0000] {logging_mixin.py:190} INFO - [2025-06-20T21:33:18.723+0000] {dagbag.py:588} INFO - Filling up the DagBag from /home/airflow/.local/lib/python3.12/site-packages/airflow/example_dags/example_params_ui_tutorial.py
[2025-06-20T21:33:18.733+0000] {processor.py:925} INFO - DAG(s) 'example_params_ui_tutorial' retrieved from /home/airflow/.local/lib/python3.12/site-packages/airflow/example_dags/example_params_ui_tutorial.py
[2025-06-20T21:33:18.773+0000] {logging_mixin.py:190} INFO - [2025-06-20T21:33:18.773+0000] {dag.py:3239} INFO - Sync 1 DAGs
[2025-06-20T21:33:18.786+0000] {logging_mixin.py:190} INFO - [2025-06-20T21:33:18.786+0000] {dag.py:4180} INFO - Setting next_dagrun for example_params_ui_tutorial to None, run_after=None
[2025-06-20T21:33:18.990+0000] {processor.py:208} INFO - Processing /home/airflow/.local/lib/python3.12/site-packages/airflow/example_dags/example_params_ui_tutorial.py took 0.276 seconds
[2025-06-20T21:33:49.712+0000] {processor.py:186} INFO - Started process (PID=1006) to work on /home/airflow/.local/lib/python3.12/site-packages/airflow/example_dags/example_params_ui_tutorial.py
[2025-06-20T21:33:49.713+0000] {processor.py:914} INFO - Processing file /home/airflow/.local/lib/python3.12/site-packages/airflow/example_dags/example_params_ui_tutorial.py for tasks to queue
[2025-06-20T21:33:49.716+0000] {logging_mixin.py:190} INFO - [2025-06-20T21:33:49.715+0000] {dagbag.py:588} INFO - Filling up the DagBag from /home/airflow/.local/lib/python3.12/site-packages/airflow/example_dags/example_params_ui_tutorial.py
[2025-06-20T21:33:49.725+0000] {processor.py:925} INFO - DAG(s) 'example_params_ui_tutorial' retrieved from /home/airflow/.local/lib/python3.12/site-packages/airflow/example_dags/example_params_ui_tutorial.py
[2025-06-20T21:33:49.766+0000] {logging_mixin.py:190} INFO - [2025-06-20T21:33:49.766+0000] {dag.py:3239} INFO - Sync 1 DAGs
[2025-06-20T21:33:49.785+0000] {logging_mixin.py:190} INFO - [2025-06-20T21:33:49.785+0000] {dag.py:4180} INFO - Setting next_dagrun for example_params_ui_tutorial to None, run_after=None
[2025-06-20T21:33:49.822+0000] {processor.py:208} INFO - Processing /home/airflow/.local/lib/python3.12/site-packages/airflow/example_dags/example_params_ui_tutorial.py took 0.115 seconds
[2025-06-20T21:34:20.679+0000] {processor.py:186} INFO - Started process (PID=1070) to work on /home/airflow/.local/lib/python3.12/site-packages/airflow/example_dags/example_params_ui_tutorial.py
[2025-06-20T21:34:20.680+0000] {processor.py:914} INFO - Processing file /home/airflow/.local/lib/python3.12/site-packages/airflow/example_dags/example_params_ui_tutorial.py for tasks to queue
[2025-06-20T21:34:20.683+0000] {logging_mixin.py:190} INFO - [2025-06-20T21:34:20.683+0000] {dagbag.py:588} INFO - Filling up the DagBag from /home/airflow/.local/lib/python3.12/site-packages/airflow/example_dags/example_params_ui_tutorial.py
[2025-06-20T21:34:20.692+0000] {processor.py:925} INFO - DAG(s) 'example_params_ui_tutorial' retrieved from /home/airflow/.local/lib/python3.12/site-packages/airflow/example_dags/example_params_ui_tutorial.py
[2025-06-20T21:34:20.735+0000] {logging_mixin.py:190} INFO - [2025-06-20T21:34:20.735+0000] {dag.py:3239} INFO - Sync 1 DAGs
[2025-06-20T21:34:20.751+0000] {logging_mixin.py:190} INFO - [2025-06-20T21:34:20.751+0000] {dag.py:4180} INFO - Setting next_dagrun for example_params_ui_tutorial to None, run_after=None
[2025-06-20T21:34:20.785+0000] {processor.py:208} INFO - Processing /home/airflow/.local/lib/python3.12/site-packages/airflow/example_dags/example_params_ui_tutorial.py took 0.112 seconds
[2025-06-20T21:34:51.793+0000] {processor.py:186} INFO - Started process (PID=1134) to work on /home/airflow/.local/lib/python3.12/site-packages/airflow/example_dags/example_params_ui_tutorial.py
[2025-06-20T21:34:51.794+0000] {processor.py:914} INFO - Processing file /home/airflow/.local/lib/python3.12/site-packages/airflow/example_dags/example_params_ui_tutorial.py for tasks to queue
[2025-06-20T21:34:51.797+0000] {logging_mixin.py:190} INFO - [2025-06-20T21:34:51.796+0000] {dagbag.py:588} INFO - Filling up the DagBag from /home/airflow/.local/lib/python3.12/site-packages/airflow/example_dags/example_params_ui_tutorial.py
[2025-06-20T21:34:51.806+0000] {processor.py:925} INFO - DAG(s) 'example_params_ui_tutorial' retrieved from /home/airflow/.local/lib/python3.12/site-packages/airflow/example_dags/example_params_ui_tutorial.py
[2025-06-20T21:34:51.846+0000] {logging_mixin.py:190} INFO - [2025-06-20T21:34:51.846+0000] {dag.py:3239} INFO - Sync 1 DAGs
[2025-06-20T21:34:51.859+0000] {logging_mixin.py:190} INFO - [2025-06-20T21:34:51.859+0000] {dag.py:4180} INFO - Setting next_dagrun for example_params_ui_tutorial to None, run_after=None
[2025-06-20T21:34:51.889+0000] {processor.py:208} INFO - Processing /home/airflow/.local/lib/python3.12/site-packages/airflow/example_dags/example_params_ui_tutorial.py took 0.101 seconds
[2025-06-20T21:35:22.004+0000] {processor.py:186} INFO - Started process (PID=1198) to work on /home/airflow/.local/lib/python3.12/site-packages/airflow/example_dags/example_params_ui_tutorial.py
[2025-06-20T21:35:22.005+0000] {processor.py:914} INFO - Processing file /home/airflow/.local/lib/python3.12/site-packages/airflow/example_dags/example_params_ui_tutorial.py for tasks to queue
[2025-06-20T21:35:22.008+0000] {logging_mixin.py:190} INFO - [2025-06-20T21:35:22.007+0000] {dagbag.py:588} INFO - Filling up the DagBag from /home/airflow/.local/lib/python3.12/site-packages/airflow/example_dags/example_params_ui_tutorial.py
[2025-06-20T21:35:22.018+0000] {processor.py:925} INFO - DAG(s) 'example_params_ui_tutorial' retrieved from /home/airflow/.local/lib/python3.12/site-packages/airflow/example_dags/example_params_ui_tutorial.py
[2025-06-20T21:35:22.060+0000] {logging_mixin.py:190} INFO - [2025-06-20T21:35:22.060+0000] {dag.py:3239} INFO - Sync 1 DAGs
[2025-06-20T21:35:22.074+0000] {logging_mixin.py:190} INFO - [2025-06-20T21:35:22.074+0000] {dag.py:4180} INFO - Setting next_dagrun for example_params_ui_tutorial to None, run_after=None
[2025-06-20T21:35:22.113+0000] {processor.py:208} INFO - Processing /home/airflow/.local/lib/python3.12/site-packages/airflow/example_dags/example_params_ui_tutorial.py took 0.116 seconds
[2025-06-20T21:35:52.920+0000] {processor.py:186} INFO - Started process (PID=1262) to work on /home/airflow/.local/lib/python3.12/site-packages/airflow/example_dags/example_params_ui_tutorial.py
[2025-06-20T21:35:52.921+0000] {processor.py:914} INFO - Processing file /home/airflow/.local/lib/python3.12/site-packages/airflow/example_dags/example_params_ui_tutorial.py for tasks to queue
[2025-06-20T21:35:52.923+0000] {logging_mixin.py:190} INFO - [2025-06-20T21:35:52.923+0000] {dagbag.py:588} INFO - Filling up the DagBag from /home/airflow/.local/lib/python3.12/site-packages/airflow/example_dags/example_params_ui_tutorial.py
[2025-06-20T21:35:52.931+0000] {processor.py:925} INFO - DAG(s) 'example_params_ui_tutorial' retrieved from /home/airflow/.local/lib/python3.12/site-packages/airflow/example_dags/example_params_ui_tutorial.py
[2025-06-20T21:35:52.974+0000] {logging_mixin.py:190} INFO - [2025-06-20T21:35:52.973+0000] {dag.py:3239} INFO - Sync 1 DAGs
[2025-06-20T21:35:52.989+0000] {logging_mixin.py:190} INFO - [2025-06-20T21:35:52.989+0000] {dag.py:4180} INFO - Setting next_dagrun for example_params_ui_tutorial to None, run_after=None
[2025-06-20T21:35:53.023+0000] {processor.py:208} INFO - Processing /home/airflow/.local/lib/python3.12/site-packages/airflow/example_dags/example_params_ui_tutorial.py took 0.109 seconds
[2025-06-20T21:36:23.662+0000] {processor.py:186} INFO - Started process (PID=1325) to work on /home/airflow/.local/lib/python3.12/site-packages/airflow/example_dags/example_params_ui_tutorial.py
[2025-06-20T21:36:23.664+0000] {processor.py:914} INFO - Processing file /home/airflow/.local/lib/python3.12/site-packages/airflow/example_dags/example_params_ui_tutorial.py for tasks to queue
[2025-06-20T21:36:23.666+0000] {logging_mixin.py:190} INFO - [2025-06-20T21:36:23.665+0000] {dagbag.py:588} INFO - Filling up the DagBag from /home/airflow/.local/lib/python3.12/site-packages/airflow/example_dags/example_params_ui_tutorial.py
[2025-06-20T21:36:23.673+0000] {processor.py:925} INFO - DAG(s) 'example_params_ui_tutorial' retrieved from /home/airflow/.local/lib/python3.12/site-packages/airflow/example_dags/example_params_ui_tutorial.py
[2025-06-20T21:36:23.712+0000] {logging_mixin.py:190} INFO - [2025-06-20T21:36:23.712+0000] {dag.py:3239} INFO - Sync 1 DAGs
[2025-06-20T21:36:23.726+0000] {logging_mixin.py:190} INFO - [2025-06-20T21:36:23.726+0000] {dag.py:4180} INFO - Setting next_dagrun for example_params_ui_tutorial to None, run_after=None
[2025-06-20T21:36:23.750+0000] {processor.py:208} INFO - Processing /home/airflow/.local/lib/python3.12/site-packages/airflow/example_dags/example_params_ui_tutorial.py took 0.092 seconds
[2025-06-20T21:36:55.233+0000] {processor.py:186} INFO - Started process (PID=1389) to work on /home/airflow/.local/lib/python3.12/site-packages/airflow/example_dags/example_params_ui_tutorial.py
[2025-06-20T21:36:55.234+0000] {processor.py:914} INFO - Processing file /home/airflow/.local/lib/python3.12/site-packages/airflow/example_dags/example_params_ui_tutorial.py for tasks to queue
[2025-06-20T21:36:55.237+0000] {logging_mixin.py:190} INFO - [2025-06-20T21:36:55.237+0000] {dagbag.py:588} INFO - Filling up the DagBag from /home/airflow/.local/lib/python3.12/site-packages/airflow/example_dags/example_params_ui_tutorial.py
[2025-06-20T21:36:55.247+0000] {processor.py:925} INFO - DAG(s) 'example_params_ui_tutorial' retrieved from /home/airflow/.local/lib/python3.12/site-packages/airflow/example_dags/example_params_ui_tutorial.py
[2025-06-20T21:36:55.301+0000] {logging_mixin.py:190} INFO - [2025-06-20T21:36:55.300+0000] {dag.py:3239} INFO - Sync 1 DAGs
[2025-06-20T21:36:55.322+0000] {logging_mixin.py:190} INFO - [2025-06-20T21:36:55.322+0000] {dag.py:4180} INFO - Setting next_dagrun for example_params_ui_tutorial to None, run_after=None
[2025-06-20T21:36:55.353+0000] {processor.py:208} INFO - Processing /home/airflow/.local/lib/python3.12/site-packages/airflow/example_dags/example_params_ui_tutorial.py took 0.126 seconds
[2025-06-20T21:37:26.492+0000] {processor.py:186} INFO - Started process (PID=1453) to work on /home/airflow/.local/lib/python3.12/site-packages/airflow/example_dags/example_params_ui_tutorial.py
[2025-06-20T21:37:26.493+0000] {processor.py:914} INFO - Processing file /home/airflow/.local/lib/python3.12/site-packages/airflow/example_dags/example_params_ui_tutorial.py for tasks to queue
[2025-06-20T21:37:26.496+0000] {logging_mixin.py:190} INFO - [2025-06-20T21:37:26.495+0000] {dagbag.py:588} INFO - Filling up the DagBag from /home/airflow/.local/lib/python3.12/site-packages/airflow/example_dags/example_params_ui_tutorial.py
[2025-06-20T21:37:26.504+0000] {processor.py:925} INFO - DAG(s) 'example_params_ui_tutorial' retrieved from /home/airflow/.local/lib/python3.12/site-packages/airflow/example_dags/example_params_ui_tutorial.py
[2025-06-20T21:37:26.543+0000] {logging_mixin.py:190} INFO - [2025-06-20T21:37:26.543+0000] {dag.py:3239} INFO - Sync 1 DAGs
[2025-06-20T21:37:26.557+0000] {logging_mixin.py:190} INFO - [2025-06-20T21:37:26.557+0000] {dag.py:4180} INFO - Setting next_dagrun for example_params_ui_tutorial to None, run_after=None
[2025-06-20T21:37:26.623+0000] {processor.py:208} INFO - Processing /home/airflow/.local/lib/python3.12/site-packages/airflow/example_dags/example_params_ui_tutorial.py took 0.136 seconds
[2025-06-20T21:37:57.885+0000] {processor.py:186} INFO - Started process (PID=1512) to work on /home/airflow/.local/lib/python3.12/site-packages/airflow/example_dags/example_params_ui_tutorial.py
[2025-06-20T21:37:57.886+0000] {processor.py:914} INFO - Processing file /home/airflow/.local/lib/python3.12/site-packages/airflow/example_dags/example_params_ui_tutorial.py for tasks to queue
[2025-06-20T21:37:57.889+0000] {logging_mixin.py:190} INFO - [2025-06-20T21:37:57.889+0000] {dagbag.py:588} INFO - Filling up the DagBag from /home/airflow/.local/lib/python3.12/site-packages/airflow/example_dags/example_params_ui_tutorial.py
[2025-06-20T21:37:57.897+0000] {processor.py:925} INFO - DAG(s) 'example_params_ui_tutorial' retrieved from /home/airflow/.local/lib/python3.12/site-packages/airflow/example_dags/example_params_ui_tutorial.py
[2025-06-20T21:37:57.943+0000] {logging_mixin.py:190} INFO - [2025-06-20T21:37:57.943+0000] {dag.py:3239} INFO - Sync 1 DAGs
[2025-06-20T21:37:57.958+0000] {logging_mixin.py:190} INFO - [2025-06-20T21:37:57.958+0000] {dag.py:4180} INFO - Setting next_dagrun for example_params_ui_tutorial to None, run_after=None
[2025-06-20T21:37:57.995+0000] {processor.py:208} INFO - Processing /home/airflow/.local/lib/python3.12/site-packages/airflow/example_dags/example_params_ui_tutorial.py took 0.115 seconds
[2025-06-20T21:38:29.674+0000] {processor.py:186} INFO - Started process (PID=1576) to work on /home/airflow/.local/lib/python3.12/site-packages/airflow/example_dags/example_params_ui_tutorial.py
[2025-06-20T21:38:29.681+0000] {processor.py:914} INFO - Processing file /home/airflow/.local/lib/python3.12/site-packages/airflow/example_dags/example_params_ui_tutorial.py for tasks to queue
[2025-06-20T21:38:29.683+0000] {logging_mixin.py:190} INFO - [2025-06-20T21:38:29.683+0000] {dagbag.py:588} INFO - Filling up the DagBag from /home/airflow/.local/lib/python3.12/site-packages/airflow/example_dags/example_params_ui_tutorial.py
[2025-06-20T21:38:29.692+0000] {processor.py:925} INFO - DAG(s) 'example_params_ui_tutorial' retrieved from /home/airflow/.local/lib/python3.12/site-packages/airflow/example_dags/example_params_ui_tutorial.py
[2025-06-20T21:38:29.736+0000] {logging_mixin.py:190} INFO - [2025-06-20T21:38:29.736+0000] {dag.py:3239} INFO - Sync 1 DAGs
[2025-06-20T21:38:29.751+0000] {logging_mixin.py:190} INFO - [2025-06-20T21:38:29.751+0000] {dag.py:4180} INFO - Setting next_dagrun for example_params_ui_tutorial to None, run_after=None
[2025-06-20T21:38:29.799+0000] {processor.py:208} INFO - Processing /home/airflow/.local/lib/python3.12/site-packages/airflow/example_dags/example_params_ui_tutorial.py took 0.130 seconds
[2025-06-20T21:39:00.829+0000] {processor.py:186} INFO - Started process (PID=1640) to work on /home/airflow/.local/lib/python3.12/site-packages/airflow/example_dags/example_params_ui_tutorial.py
[2025-06-20T21:39:00.831+0000] {processor.py:914} INFO - Processing file /home/airflow/.local/lib/python3.12/site-packages/airflow/example_dags/example_params_ui_tutorial.py for tasks to queue
[2025-06-20T21:39:00.833+0000] {logging_mixin.py:190} INFO - [2025-06-20T21:39:00.833+0000] {dagbag.py:588} INFO - Filling up the DagBag from /home/airflow/.local/lib/python3.12/site-packages/airflow/example_dags/example_params_ui_tutorial.py
[2025-06-20T21:39:00.841+0000] {processor.py:925} INFO - DAG(s) 'example_params_ui_tutorial' retrieved from /home/airflow/.local/lib/python3.12/site-packages/airflow/example_dags/example_params_ui_tutorial.py
[2025-06-20T21:39:00.884+0000] {logging_mixin.py:190} INFO - [2025-06-20T21:39:00.884+0000] {dag.py:3239} INFO - Sync 1 DAGs
[2025-06-20T21:39:00.902+0000] {logging_mixin.py:190} INFO - [2025-06-20T21:39:00.902+0000] {dag.py:4180} INFO - Setting next_dagrun for example_params_ui_tutorial to None, run_after=None
[2025-06-20T21:39:00.927+0000] {processor.py:208} INFO - Processing /home/airflow/.local/lib/python3.12/site-packages/airflow/example_dags/example_params_ui_tutorial.py took 0.103 seconds
[2025-06-20T21:39:31.890+0000] {processor.py:186} INFO - Started process (PID=1704) to work on /home/airflow/.local/lib/python3.12/site-packages/airflow/example_dags/example_params_ui_tutorial.py
[2025-06-20T21:39:31.891+0000] {processor.py:914} INFO - Processing file /home/airflow/.local/lib/python3.12/site-packages/airflow/example_dags/example_params_ui_tutorial.py for tasks to queue
[2025-06-20T21:39:31.893+0000] {logging_mixin.py:190} INFO - [2025-06-20T21:39:31.893+0000] {dagbag.py:588} INFO - Filling up the DagBag from /home/airflow/.local/lib/python3.12/site-packages/airflow/example_dags/example_params_ui_tutorial.py
[2025-06-20T21:39:31.902+0000] {processor.py:925} INFO - DAG(s) 'example_params_ui_tutorial' retrieved from /home/airflow/.local/lib/python3.12/site-packages/airflow/example_dags/example_params_ui_tutorial.py
[2025-06-20T21:39:31.943+0000] {logging_mixin.py:190} INFO - [2025-06-20T21:39:31.942+0000] {dag.py:3239} INFO - Sync 1 DAGs
[2025-06-20T21:39:31.956+0000] {logging_mixin.py:190} INFO - [2025-06-20T21:39:31.955+0000] {dag.py:4180} INFO - Setting next_dagrun for example_params_ui_tutorial to None, run_after=None
[2025-06-20T21:39:31.994+0000] {processor.py:208} INFO - Processing /home/airflow/.local/lib/python3.12/site-packages/airflow/example_dags/example_params_ui_tutorial.py took 0.109 seconds
[2025-06-20T21:40:03.660+0000] {processor.py:186} INFO - Started process (PID=1762) to work on /home/airflow/.local/lib/python3.12/site-packages/airflow/example_dags/example_params_ui_tutorial.py
[2025-06-20T21:40:03.661+0000] {processor.py:914} INFO - Processing file /home/airflow/.local/lib/python3.12/site-packages/airflow/example_dags/example_params_ui_tutorial.py for tasks to queue
[2025-06-20T21:40:03.664+0000] {logging_mixin.py:190} INFO - [2025-06-20T21:40:03.663+0000] {dagbag.py:588} INFO - Filling up the DagBag from /home/airflow/.local/lib/python3.12/site-packages/airflow/example_dags/example_params_ui_tutorial.py
[2025-06-20T21:40:03.672+0000] {processor.py:925} INFO - DAG(s) 'example_params_ui_tutorial' retrieved from /home/airflow/.local/lib/python3.12/site-packages/airflow/example_dags/example_params_ui_tutorial.py
[2025-06-20T21:40:03.710+0000] {logging_mixin.py:190} INFO - [2025-06-20T21:40:03.709+0000] {dag.py:3239} INFO - Sync 1 DAGs
[2025-06-20T21:40:03.723+0000] {logging_mixin.py:190} INFO - [2025-06-20T21:40:03.723+0000] {dag.py:4180} INFO - Setting next_dagrun for example_params_ui_tutorial to None, run_after=None
[2025-06-20T21:40:03.761+0000] {processor.py:208} INFO - Processing /home/airflow/.local/lib/python3.12/site-packages/airflow/example_dags/example_params_ui_tutorial.py took 0.106 seconds
[2025-06-20T21:40:34.601+0000] {processor.py:186} INFO - Started process (PID=1826) to work on /home/airflow/.local/lib/python3.12/site-packages/airflow/example_dags/example_params_ui_tutorial.py
[2025-06-20T21:40:34.602+0000] {processor.py:914} INFO - Processing file /home/airflow/.local/lib/python3.12/site-packages/airflow/example_dags/example_params_ui_tutorial.py for tasks to queue
[2025-06-20T21:40:34.604+0000] {logging_mixin.py:190} INFO - [2025-06-20T21:40:34.604+0000] {dagbag.py:588} INFO - Filling up the DagBag from /home/airflow/.local/lib/python3.12/site-packages/airflow/example_dags/example_params_ui_tutorial.py
[2025-06-20T21:40:34.612+0000] {processor.py:925} INFO - DAG(s) 'example_params_ui_tutorial' retrieved from /home/airflow/.local/lib/python3.12/site-packages/airflow/example_dags/example_params_ui_tutorial.py
[2025-06-20T21:40:34.651+0000] {logging_mixin.py:190} INFO - [2025-06-20T21:40:34.651+0000] {dag.py:3239} INFO - Sync 1 DAGs
[2025-06-20T21:40:34.665+0000] {logging_mixin.py:190} INFO - [2025-06-20T21:40:34.665+0000] {dag.py:4180} INFO - Setting next_dagrun for example_params_ui_tutorial to None, run_after=None
[2025-06-20T21:40:34.688+0000] {processor.py:208} INFO - Processing /home/airflow/.local/lib/python3.12/site-packages/airflow/example_dags/example_params_ui_tutorial.py took 0.093 seconds
[2025-06-20T21:41:05.110+0000] {processor.py:186} INFO - Started process (PID=1890) to work on /home/airflow/.local/lib/python3.12/site-packages/airflow/example_dags/example_params_ui_tutorial.py
[2025-06-20T21:41:05.111+0000] {processor.py:914} INFO - Processing file /home/airflow/.local/lib/python3.12/site-packages/airflow/example_dags/example_params_ui_tutorial.py for tasks to queue
[2025-06-20T21:41:05.113+0000] {logging_mixin.py:190} INFO - [2025-06-20T21:41:05.113+0000] {dagbag.py:588} INFO - Filling up the DagBag from /home/airflow/.local/lib/python3.12/site-packages/airflow/example_dags/example_params_ui_tutorial.py
[2025-06-20T21:41:05.121+0000] {processor.py:925} INFO - DAG(s) 'example_params_ui_tutorial' retrieved from /home/airflow/.local/lib/python3.12/site-packages/airflow/example_dags/example_params_ui_tutorial.py
[2025-06-20T21:41:05.168+0000] {logging_mixin.py:190} INFO - [2025-06-20T21:41:05.168+0000] {dag.py:3239} INFO - Sync 1 DAGs
[2025-06-20T21:41:05.186+0000] {logging_mixin.py:190} INFO - [2025-06-20T21:41:05.186+0000] {dag.py:4180} INFO - Setting next_dagrun for example_params_ui_tutorial to None, run_after=None
[2025-06-20T21:41:05.216+0000] {processor.py:208} INFO - Processing /home/airflow/.local/lib/python3.12/site-packages/airflow/example_dags/example_params_ui_tutorial.py took 0.112 seconds
[2025-06-20T21:41:36.176+0000] {processor.py:186} INFO - Started process (PID=1954) to work on /home/airflow/.local/lib/python3.12/site-packages/airflow/example_dags/example_params_ui_tutorial.py
[2025-06-20T21:41:36.178+0000] {processor.py:914} INFO - Processing file /home/airflow/.local/lib/python3.12/site-packages/airflow/example_dags/example_params_ui_tutorial.py for tasks to queue
[2025-06-20T21:41:36.180+0000] {logging_mixin.py:190} INFO - [2025-06-20T21:41:36.180+0000] {dagbag.py:588} INFO - Filling up the DagBag from /home/airflow/.local/lib/python3.12/site-packages/airflow/example_dags/example_params_ui_tutorial.py
[2025-06-20T21:41:36.188+0000] {processor.py:925} INFO - DAG(s) 'example_params_ui_tutorial' retrieved from /home/airflow/.local/lib/python3.12/site-packages/airflow/example_dags/example_params_ui_tutorial.py
[2025-06-20T21:41:36.227+0000] {logging_mixin.py:190} INFO - [2025-06-20T21:41:36.227+0000] {dag.py:3239} INFO - Sync 1 DAGs
[2025-06-20T21:41:36.242+0000] {logging_mixin.py:190} INFO - [2025-06-20T21:41:36.242+0000] {dag.py:4180} INFO - Setting next_dagrun for example_params_ui_tutorial to None, run_after=None
[2025-06-20T21:41:36.273+0000] {processor.py:208} INFO - Processing /home/airflow/.local/lib/python3.12/site-packages/airflow/example_dags/example_params_ui_tutorial.py took 0.102 seconds
[2025-06-20T21:42:08.435+0000] {processor.py:186} INFO - Started process (PID=2020) to work on /home/airflow/.local/lib/python3.12/site-packages/airflow/example_dags/example_params_ui_tutorial.py
[2025-06-20T21:42:08.437+0000] {processor.py:914} INFO - Processing file /home/airflow/.local/lib/python3.12/site-packages/airflow/example_dags/example_params_ui_tutorial.py for tasks to queue
[2025-06-20T21:42:08.439+0000] {logging_mixin.py:190} INFO - [2025-06-20T21:42:08.439+0000] {dagbag.py:588} INFO - Filling up the DagBag from /home/airflow/.local/lib/python3.12/site-packages/airflow/example_dags/example_params_ui_tutorial.py
[2025-06-20T21:42:08.448+0000] {processor.py:925} INFO - DAG(s) 'example_params_ui_tutorial' retrieved from /home/airflow/.local/lib/python3.12/site-packages/airflow/example_dags/example_params_ui_tutorial.py
[2025-06-20T21:42:08.492+0000] {logging_mixin.py:190} INFO - [2025-06-20T21:42:08.492+0000] {dag.py:3239} INFO - Sync 1 DAGs
[2025-06-20T21:42:08.509+0000] {logging_mixin.py:190} INFO - [2025-06-20T21:42:08.509+0000] {dag.py:4180} INFO - Setting next_dagrun for example_params_ui_tutorial to None, run_after=None
[2025-06-20T21:42:08.538+0000] {processor.py:208} INFO - Processing /home/airflow/.local/lib/python3.12/site-packages/airflow/example_dags/example_params_ui_tutorial.py took 0.108 seconds
[2025-06-20T21:42:39.734+0000] {processor.py:186} INFO - Started process (PID=2084) to work on /home/airflow/.local/lib/python3.12/site-packages/airflow/example_dags/example_params_ui_tutorial.py
[2025-06-20T21:42:39.735+0000] {processor.py:914} INFO - Processing file /home/airflow/.local/lib/python3.12/site-packages/airflow/example_dags/example_params_ui_tutorial.py for tasks to queue
[2025-06-20T21:42:39.738+0000] {logging_mixin.py:190} INFO - [2025-06-20T21:42:39.737+0000] {dagbag.py:588} INFO - Filling up the DagBag from /home/airflow/.local/lib/python3.12/site-packages/airflow/example_dags/example_params_ui_tutorial.py
[2025-06-20T21:42:39.747+0000] {processor.py:925} INFO - DAG(s) 'example_params_ui_tutorial' retrieved from /home/airflow/.local/lib/python3.12/site-packages/airflow/example_dags/example_params_ui_tutorial.py
[2025-06-20T21:42:39.786+0000] {logging_mixin.py:190} INFO - [2025-06-20T21:42:39.786+0000] {dag.py:3239} INFO - Sync 1 DAGs
[2025-06-20T21:42:39.801+0000] {logging_mixin.py:190} INFO - [2025-06-20T21:42:39.801+0000] {dag.py:4180} INFO - Setting next_dagrun for example_params_ui_tutorial to None, run_after=None
[2025-06-20T21:42:39.832+0000] {processor.py:208} INFO - Processing /home/airflow/.local/lib/python3.12/site-packages/airflow/example_dags/example_params_ui_tutorial.py took 0.103 seconds
[2025-06-20T21:43:11.401+0000] {processor.py:186} INFO - Started process (PID=2148) to work on /home/airflow/.local/lib/python3.12/site-packages/airflow/example_dags/example_params_ui_tutorial.py
[2025-06-20T21:43:11.402+0000] {processor.py:914} INFO - Processing file /home/airflow/.local/lib/python3.12/site-packages/airflow/example_dags/example_params_ui_tutorial.py for tasks to queue
[2025-06-20T21:43:11.405+0000] {logging_mixin.py:190} INFO - [2025-06-20T21:43:11.405+0000] {dagbag.py:588} INFO - Filling up the DagBag from /home/airflow/.local/lib/python3.12/site-packages/airflow/example_dags/example_params_ui_tutorial.py
[2025-06-20T21:43:11.413+0000] {processor.py:925} INFO - DAG(s) 'example_params_ui_tutorial' retrieved from /home/airflow/.local/lib/python3.12/site-packages/airflow/example_dags/example_params_ui_tutorial.py
[2025-06-20T21:43:11.467+0000] {logging_mixin.py:190} INFO - [2025-06-20T21:43:11.467+0000] {dag.py:3239} INFO - Sync 1 DAGs
[2025-06-20T21:43:11.483+0000] {logging_mixin.py:190} INFO - [2025-06-20T21:43:11.483+0000] {dag.py:4180} INFO - Setting next_dagrun for example_params_ui_tutorial to None, run_after=None
[2025-06-20T21:43:11.517+0000] {processor.py:208} INFO - Processing /home/airflow/.local/lib/python3.12/site-packages/airflow/example_dags/example_params_ui_tutorial.py took 0.121 seconds
[2025-06-20T21:43:42.767+0000] {processor.py:186} INFO - Started process (PID=2214) to work on /home/airflow/.local/lib/python3.12/site-packages/airflow/example_dags/example_params_ui_tutorial.py
[2025-06-20T21:43:42.768+0000] {processor.py:914} INFO - Processing file /home/airflow/.local/lib/python3.12/site-packages/airflow/example_dags/example_params_ui_tutorial.py for tasks to queue
[2025-06-20T21:43:42.771+0000] {logging_mixin.py:190} INFO - [2025-06-20T21:43:42.771+0000] {dagbag.py:588} INFO - Filling up the DagBag from /home/airflow/.local/lib/python3.12/site-packages/airflow/example_dags/example_params_ui_tutorial.py
[2025-06-20T21:43:42.781+0000] {processor.py:925} INFO - DAG(s) 'example_params_ui_tutorial' retrieved from /home/airflow/.local/lib/python3.12/site-packages/airflow/example_dags/example_params_ui_tutorial.py
[2025-06-20T21:43:42.824+0000] {logging_mixin.py:190} INFO - [2025-06-20T21:43:42.823+0000] {dag.py:3239} INFO - Sync 1 DAGs
[2025-06-20T21:43:42.837+0000] {logging_mixin.py:190} INFO - [2025-06-20T21:43:42.836+0000] {dag.py:4180} INFO - Setting next_dagrun for example_params_ui_tutorial to None, run_after=None
[2025-06-20T21:43:42.867+0000] {processor.py:208} INFO - Processing /home/airflow/.local/lib/python3.12/site-packages/airflow/example_dags/example_params_ui_tutorial.py took 0.106 seconds
[2025-06-20T21:44:14.043+0000] {processor.py:186} INFO - Started process (PID=2284) to work on /home/airflow/.local/lib/python3.12/site-packages/airflow/example_dags/example_params_ui_tutorial.py
[2025-06-20T21:44:14.045+0000] {processor.py:914} INFO - Processing file /home/airflow/.local/lib/python3.12/site-packages/airflow/example_dags/example_params_ui_tutorial.py for tasks to queue
[2025-06-20T21:44:14.047+0000] {logging_mixin.py:190} INFO - [2025-06-20T21:44:14.047+0000] {dagbag.py:588} INFO - Filling up the DagBag from /home/airflow/.local/lib/python3.12/site-packages/airflow/example_dags/example_params_ui_tutorial.py
[2025-06-20T21:44:14.055+0000] {processor.py:925} INFO - DAG(s) 'example_params_ui_tutorial' retrieved from /home/airflow/.local/lib/python3.12/site-packages/airflow/example_dags/example_params_ui_tutorial.py
[2025-06-20T21:44:14.098+0000] {logging_mixin.py:190} INFO - [2025-06-20T21:44:14.098+0000] {dag.py:3239} INFO - Sync 1 DAGs
[2025-06-20T21:44:14.113+0000] {logging_mixin.py:190} INFO - [2025-06-20T21:44:14.113+0000] {dag.py:4180} INFO - Setting next_dagrun for example_params_ui_tutorial to None, run_after=None
[2025-06-20T21:44:14.156+0000] {processor.py:208} INFO - Processing /home/airflow/.local/lib/python3.12/site-packages/airflow/example_dags/example_params_ui_tutorial.py took 0.118 seconds
[2025-06-20T21:44:45.820+0000] {processor.py:186} INFO - Started process (PID=2348) to work on /home/airflow/.local/lib/python3.12/site-packages/airflow/example_dags/example_params_ui_tutorial.py
[2025-06-20T21:44:45.820+0000] {processor.py:914} INFO - Processing file /home/airflow/.local/lib/python3.12/site-packages/airflow/example_dags/example_params_ui_tutorial.py for tasks to queue
[2025-06-20T21:44:45.823+0000] {logging_mixin.py:190} INFO - [2025-06-20T21:44:45.822+0000] {dagbag.py:588} INFO - Filling up the DagBag from /home/airflow/.local/lib/python3.12/site-packages/airflow/example_dags/example_params_ui_tutorial.py
[2025-06-20T21:44:45.832+0000] {processor.py:925} INFO - DAG(s) 'example_params_ui_tutorial' retrieved from /home/airflow/.local/lib/python3.12/site-packages/airflow/example_dags/example_params_ui_tutorial.py
[2025-06-20T21:44:45.873+0000] {logging_mixin.py:190} INFO - [2025-06-20T21:44:45.873+0000] {dag.py:3239} INFO - Sync 1 DAGs
[2025-06-20T21:44:45.891+0000] {logging_mixin.py:190} INFO - [2025-06-20T21:44:45.890+0000] {dag.py:4180} INFO - Setting next_dagrun for example_params_ui_tutorial to None, run_after=None
[2025-06-20T21:44:45.929+0000] {processor.py:208} INFO - Processing /home/airflow/.local/lib/python3.12/site-packages/airflow/example_dags/example_params_ui_tutorial.py took 0.114 seconds
[2025-06-20T21:45:17.656+0000] {processor.py:186} INFO - Started process (PID=2412) to work on /home/airflow/.local/lib/python3.12/site-packages/airflow/example_dags/example_params_ui_tutorial.py
[2025-06-20T21:45:17.657+0000] {processor.py:914} INFO - Processing file /home/airflow/.local/lib/python3.12/site-packages/airflow/example_dags/example_params_ui_tutorial.py for tasks to queue
[2025-06-20T21:45:17.660+0000] {logging_mixin.py:190} INFO - [2025-06-20T21:45:17.660+0000] {dagbag.py:588} INFO - Filling up the DagBag from /home/airflow/.local/lib/python3.12/site-packages/airflow/example_dags/example_params_ui_tutorial.py
[2025-06-20T21:45:17.669+0000] {processor.py:925} INFO - DAG(s) 'example_params_ui_tutorial' retrieved from /home/airflow/.local/lib/python3.12/site-packages/airflow/example_dags/example_params_ui_tutorial.py
[2025-06-20T21:45:17.712+0000] {logging_mixin.py:190} INFO - [2025-06-20T21:45:17.711+0000] {dag.py:3239} INFO - Sync 1 DAGs
[2025-06-20T21:45:17.726+0000] {logging_mixin.py:190} INFO - [2025-06-20T21:45:17.725+0000] {dag.py:4180} INFO - Setting next_dagrun for example_params_ui_tutorial to None, run_after=None
[2025-06-20T21:45:17.765+0000] {processor.py:208} INFO - Processing /home/airflow/.local/lib/python3.12/site-packages/airflow/example_dags/example_params_ui_tutorial.py took 0.115 seconds
[2025-06-20T21:45:49.697+0000] {processor.py:186} INFO - Started process (PID=2476) to work on /home/airflow/.local/lib/python3.12/site-packages/airflow/example_dags/example_params_ui_tutorial.py
[2025-06-20T21:45:49.698+0000] {processor.py:914} INFO - Processing file /home/airflow/.local/lib/python3.12/site-packages/airflow/example_dags/example_params_ui_tutorial.py for tasks to queue
[2025-06-20T21:45:49.700+0000] {logging_mixin.py:190} INFO - [2025-06-20T21:45:49.700+0000] {dagbag.py:588} INFO - Filling up the DagBag from /home/airflow/.local/lib/python3.12/site-packages/airflow/example_dags/example_params_ui_tutorial.py
[2025-06-20T21:45:49.709+0000] {processor.py:925} INFO - DAG(s) 'example_params_ui_tutorial' retrieved from /home/airflow/.local/lib/python3.12/site-packages/airflow/example_dags/example_params_ui_tutorial.py
[2025-06-20T21:45:49.761+0000] {logging_mixin.py:190} INFO - [2025-06-20T21:45:49.761+0000] {dag.py:3239} INFO - Sync 1 DAGs
[2025-06-20T21:45:49.781+0000] {logging_mixin.py:190} INFO - [2025-06-20T21:45:49.781+0000] {dag.py:4180} INFO - Setting next_dagrun for example_params_ui_tutorial to None, run_after=None
[2025-06-20T21:45:49.859+0000] {processor.py:208} INFO - Processing /home/airflow/.local/lib/python3.12/site-packages/airflow/example_dags/example_params_ui_tutorial.py took 0.168 seconds
[2025-06-20T21:46:21.161+0000] {processor.py:186} INFO - Started process (PID=2540) to work on /home/airflow/.local/lib/python3.12/site-packages/airflow/example_dags/example_params_ui_tutorial.py
[2025-06-20T21:46:21.163+0000] {processor.py:914} INFO - Processing file /home/airflow/.local/lib/python3.12/site-packages/airflow/example_dags/example_params_ui_tutorial.py for tasks to queue
[2025-06-20T21:46:21.166+0000] {logging_mixin.py:190} INFO - [2025-06-20T21:46:21.166+0000] {dagbag.py:588} INFO - Filling up the DagBag from /home/airflow/.local/lib/python3.12/site-packages/airflow/example_dags/example_params_ui_tutorial.py
[2025-06-20T21:46:21.176+0000] {processor.py:925} INFO - DAG(s) 'example_params_ui_tutorial' retrieved from /home/airflow/.local/lib/python3.12/site-packages/airflow/example_dags/example_params_ui_tutorial.py
[2025-06-20T21:46:21.226+0000] {logging_mixin.py:190} INFO - [2025-06-20T21:46:21.225+0000] {dag.py:3239} INFO - Sync 1 DAGs
[2025-06-20T21:46:21.243+0000] {logging_mixin.py:190} INFO - [2025-06-20T21:46:21.243+0000] {dag.py:4180} INFO - Setting next_dagrun for example_params_ui_tutorial to None, run_after=None
[2025-06-20T21:46:21.272+0000] {processor.py:208} INFO - Processing /home/airflow/.local/lib/python3.12/site-packages/airflow/example_dags/example_params_ui_tutorial.py took 0.118 seconds
[2025-06-20T21:46:52.318+0000] {processor.py:186} INFO - Started process (PID=2604) to work on /home/airflow/.local/lib/python3.12/site-packages/airflow/example_dags/example_params_ui_tutorial.py
[2025-06-20T21:46:52.319+0000] {processor.py:914} INFO - Processing file /home/airflow/.local/lib/python3.12/site-packages/airflow/example_dags/example_params_ui_tutorial.py for tasks to queue
[2025-06-20T21:46:52.321+0000] {logging_mixin.py:190} INFO - [2025-06-20T21:46:52.321+0000] {dagbag.py:588} INFO - Filling up the DagBag from /home/airflow/.local/lib/python3.12/site-packages/airflow/example_dags/example_params_ui_tutorial.py
[2025-06-20T21:46:52.331+0000] {processor.py:925} INFO - DAG(s) 'example_params_ui_tutorial' retrieved from /home/airflow/.local/lib/python3.12/site-packages/airflow/example_dags/example_params_ui_tutorial.py
[2025-06-20T21:46:52.375+0000] {logging_mixin.py:190} INFO - [2025-06-20T21:46:52.375+0000] {dag.py:3239} INFO - Sync 1 DAGs
[2025-06-20T21:46:52.390+0000] {logging_mixin.py:190} INFO - [2025-06-20T21:46:52.390+0000] {dag.py:4180} INFO - Setting next_dagrun for example_params_ui_tutorial to None, run_after=None
[2025-06-20T21:46:52.450+0000] {processor.py:208} INFO - Processing /home/airflow/.local/lib/python3.12/site-packages/airflow/example_dags/example_params_ui_tutorial.py took 0.137 seconds
[2025-06-20T21:47:23.640+0000] {processor.py:186} INFO - Started process (PID=2668) to work on /home/airflow/.local/lib/python3.12/site-packages/airflow/example_dags/example_params_ui_tutorial.py
[2025-06-20T21:47:23.641+0000] {processor.py:914} INFO - Processing file /home/airflow/.local/lib/python3.12/site-packages/airflow/example_dags/example_params_ui_tutorial.py for tasks to queue
[2025-06-20T21:47:23.643+0000] {logging_mixin.py:190} INFO - [2025-06-20T21:47:23.643+0000] {dagbag.py:588} INFO - Filling up the DagBag from /home/airflow/.local/lib/python3.12/site-packages/airflow/example_dags/example_params_ui_tutorial.py
[2025-06-20T21:47:23.653+0000] {processor.py:925} INFO - DAG(s) 'example_params_ui_tutorial' retrieved from /home/airflow/.local/lib/python3.12/site-packages/airflow/example_dags/example_params_ui_tutorial.py
[2025-06-20T21:47:23.699+0000] {logging_mixin.py:190} INFO - [2025-06-20T21:47:23.698+0000] {dag.py:3239} INFO - Sync 1 DAGs
[2025-06-20T21:47:23.714+0000] {logging_mixin.py:190} INFO - [2025-06-20T21:47:23.713+0000] {dag.py:4180} INFO - Setting next_dagrun for example_params_ui_tutorial to None, run_after=None
[2025-06-20T21:47:23.745+0000] {processor.py:208} INFO - Processing /home/airflow/.local/lib/python3.12/site-packages/airflow/example_dags/example_params_ui_tutorial.py took 0.110 seconds
[2025-06-20T21:47:55.258+0000] {processor.py:186} INFO - Started process (PID=2732) to work on /home/airflow/.local/lib/python3.12/site-packages/airflow/example_dags/example_params_ui_tutorial.py
[2025-06-20T21:47:55.259+0000] {processor.py:914} INFO - Processing file /home/airflow/.local/lib/python3.12/site-packages/airflow/example_dags/example_params_ui_tutorial.py for tasks to queue
[2025-06-20T21:47:55.261+0000] {logging_mixin.py:190} INFO - [2025-06-20T21:47:55.261+0000] {dagbag.py:588} INFO - Filling up the DagBag from /home/airflow/.local/lib/python3.12/site-packages/airflow/example_dags/example_params_ui_tutorial.py
[2025-06-20T21:47:55.270+0000] {processor.py:925} INFO - DAG(s) 'example_params_ui_tutorial' retrieved from /home/airflow/.local/lib/python3.12/site-packages/airflow/example_dags/example_params_ui_tutorial.py
[2025-06-20T21:47:55.314+0000] {logging_mixin.py:190} INFO - [2025-06-20T21:47:55.313+0000] {dag.py:3239} INFO - Sync 1 DAGs
[2025-06-20T21:47:55.328+0000] {logging_mixin.py:190} INFO - [2025-06-20T21:47:55.328+0000] {dag.py:4180} INFO - Setting next_dagrun for example_params_ui_tutorial to None, run_after=None
[2025-06-20T21:47:55.422+0000] {processor.py:208} INFO - Processing /home/airflow/.local/lib/python3.12/site-packages/airflow/example_dags/example_params_ui_tutorial.py took 0.170 seconds
[2025-06-20T21:48:26.672+0000] {processor.py:186} INFO - Started process (PID=2796) to work on /home/airflow/.local/lib/python3.12/site-packages/airflow/example_dags/example_params_ui_tutorial.py
[2025-06-20T21:48:26.673+0000] {processor.py:914} INFO - Processing file /home/airflow/.local/lib/python3.12/site-packages/airflow/example_dags/example_params_ui_tutorial.py for tasks to queue
[2025-06-20T21:48:26.676+0000] {logging_mixin.py:190} INFO - [2025-06-20T21:48:26.675+0000] {dagbag.py:588} INFO - Filling up the DagBag from /home/airflow/.local/lib/python3.12/site-packages/airflow/example_dags/example_params_ui_tutorial.py
[2025-06-20T21:48:26.686+0000] {processor.py:925} INFO - DAG(s) 'example_params_ui_tutorial' retrieved from /home/airflow/.local/lib/python3.12/site-packages/airflow/example_dags/example_params_ui_tutorial.py
[2025-06-20T21:48:26.730+0000] {logging_mixin.py:190} INFO - [2025-06-20T21:48:26.730+0000] {dag.py:3239} INFO - Sync 1 DAGs
[2025-06-20T21:48:26.744+0000] {logging_mixin.py:190} INFO - [2025-06-20T21:48:26.744+0000] {dag.py:4180} INFO - Setting next_dagrun for example_params_ui_tutorial to None, run_after=None
[2025-06-20T21:48:26.775+0000] {processor.py:208} INFO - Processing /home/airflow/.local/lib/python3.12/site-packages/airflow/example_dags/example_params_ui_tutorial.py took 0.109 seconds
[2025-06-20T21:48:57.921+0000] {processor.py:186} INFO - Started process (PID=2860) to work on /home/airflow/.local/lib/python3.12/site-packages/airflow/example_dags/example_params_ui_tutorial.py
[2025-06-20T21:48:57.922+0000] {processor.py:914} INFO - Processing file /home/airflow/.local/lib/python3.12/site-packages/airflow/example_dags/example_params_ui_tutorial.py for tasks to queue
[2025-06-20T21:48:57.925+0000] {logging_mixin.py:190} INFO - [2025-06-20T21:48:57.924+0000] {dagbag.py:588} INFO - Filling up the DagBag from /home/airflow/.local/lib/python3.12/site-packages/airflow/example_dags/example_params_ui_tutorial.py
[2025-06-20T21:48:57.933+0000] {processor.py:925} INFO - DAG(s) 'example_params_ui_tutorial' retrieved from /home/airflow/.local/lib/python3.12/site-packages/airflow/example_dags/example_params_ui_tutorial.py
[2025-06-20T21:48:57.977+0000] {logging_mixin.py:190} INFO - [2025-06-20T21:48:57.976+0000] {dag.py:3239} INFO - Sync 1 DAGs
[2025-06-20T21:48:57.992+0000] {logging_mixin.py:190} INFO - [2025-06-20T21:48:57.992+0000] {dag.py:4180} INFO - Setting next_dagrun for example_params_ui_tutorial to None, run_after=None
[2025-06-20T21:48:58.019+0000] {processor.py:208} INFO - Processing /home/airflow/.local/lib/python3.12/site-packages/airflow/example_dags/example_params_ui_tutorial.py took 0.103 seconds
[2025-06-20T21:49:29.447+0000] {processor.py:186} INFO - Started process (PID=2924) to work on /home/airflow/.local/lib/python3.12/site-packages/airflow/example_dags/example_params_ui_tutorial.py
[2025-06-20T21:49:29.448+0000] {processor.py:914} INFO - Processing file /home/airflow/.local/lib/python3.12/site-packages/airflow/example_dags/example_params_ui_tutorial.py for tasks to queue
[2025-06-20T21:49:29.451+0000] {logging_mixin.py:190} INFO - [2025-06-20T21:49:29.450+0000] {dagbag.py:588} INFO - Filling up the DagBag from /home/airflow/.local/lib/python3.12/site-packages/airflow/example_dags/example_params_ui_tutorial.py
[2025-06-20T21:49:29.459+0000] {processor.py:925} INFO - DAG(s) 'example_params_ui_tutorial' retrieved from /home/airflow/.local/lib/python3.12/site-packages/airflow/example_dags/example_params_ui_tutorial.py
[2025-06-20T21:49:29.500+0000] {logging_mixin.py:190} INFO - [2025-06-20T21:49:29.500+0000] {dag.py:3239} INFO - Sync 1 DAGs
[2025-06-20T21:49:29.515+0000] {logging_mixin.py:190} INFO - [2025-06-20T21:49:29.514+0000] {dag.py:4180} INFO - Setting next_dagrun for example_params_ui_tutorial to None, run_after=None
[2025-06-20T21:49:29.549+0000] {processor.py:208} INFO - Processing /home/airflow/.local/lib/python3.12/site-packages/airflow/example_dags/example_params_ui_tutorial.py took 0.107 seconds
[2025-06-20T21:50:01.020+0000] {processor.py:186} INFO - Started process (PID=2988) to work on /home/airflow/.local/lib/python3.12/site-packages/airflow/example_dags/example_params_ui_tutorial.py
[2025-06-20T21:50:01.021+0000] {processor.py:914} INFO - Processing file /home/airflow/.local/lib/python3.12/site-packages/airflow/example_dags/example_params_ui_tutorial.py for tasks to queue
[2025-06-20T21:50:01.023+0000] {logging_mixin.py:190} INFO - [2025-06-20T21:50:01.023+0000] {dagbag.py:588} INFO - Filling up the DagBag from /home/airflow/.local/lib/python3.12/site-packages/airflow/example_dags/example_params_ui_tutorial.py
[2025-06-20T21:50:01.031+0000] {processor.py:925} INFO - DAG(s) 'example_params_ui_tutorial' retrieved from /home/airflow/.local/lib/python3.12/site-packages/airflow/example_dags/example_params_ui_tutorial.py
[2025-06-20T21:50:01.071+0000] {logging_mixin.py:190} INFO - [2025-06-20T21:50:01.071+0000] {dag.py:3239} INFO - Sync 1 DAGs
[2025-06-20T21:50:01.086+0000] {logging_mixin.py:190} INFO - [2025-06-20T21:50:01.086+0000] {dag.py:4180} INFO - Setting next_dagrun for example_params_ui_tutorial to None, run_after=None
[2025-06-20T21:50:01.110+0000] {processor.py:208} INFO - Processing /home/airflow/.local/lib/python3.12/site-packages/airflow/example_dags/example_params_ui_tutorial.py took 0.095 seconds
[2025-06-20T21:50:33.732+0000] {processor.py:186} INFO - Started process (PID=3052) to work on /home/airflow/.local/lib/python3.12/site-packages/airflow/example_dags/example_params_ui_tutorial.py
[2025-06-20T21:50:33.733+0000] {processor.py:914} INFO - Processing file /home/airflow/.local/lib/python3.12/site-packages/airflow/example_dags/example_params_ui_tutorial.py for tasks to queue
[2025-06-20T21:50:33.735+0000] {logging_mixin.py:190} INFO - [2025-06-20T21:50:33.735+0000] {dagbag.py:588} INFO - Filling up the DagBag from /home/airflow/.local/lib/python3.12/site-packages/airflow/example_dags/example_params_ui_tutorial.py
[2025-06-20T21:50:33.743+0000] {processor.py:925} INFO - DAG(s) 'example_params_ui_tutorial' retrieved from /home/airflow/.local/lib/python3.12/site-packages/airflow/example_dags/example_params_ui_tutorial.py
[2025-06-20T21:50:33.784+0000] {logging_mixin.py:190} INFO - [2025-06-20T21:50:33.784+0000] {dag.py:3239} INFO - Sync 1 DAGs
[2025-06-20T21:50:33.798+0000] {logging_mixin.py:190} INFO - [2025-06-20T21:50:33.797+0000] {dag.py:4180} INFO - Setting next_dagrun for example_params_ui_tutorial to None, run_after=None
[2025-06-20T21:50:33.824+0000] {processor.py:208} INFO - Processing /home/airflow/.local/lib/python3.12/site-packages/airflow/example_dags/example_params_ui_tutorial.py took 0.097 seconds
[2025-06-20T21:51:06.051+0000] {processor.py:186} INFO - Started process (PID=3116) to work on /home/airflow/.local/lib/python3.12/site-packages/airflow/example_dags/example_params_ui_tutorial.py
[2025-06-20T21:51:06.052+0000] {processor.py:914} INFO - Processing file /home/airflow/.local/lib/python3.12/site-packages/airflow/example_dags/example_params_ui_tutorial.py for tasks to queue
[2025-06-20T21:51:06.055+0000] {logging_mixin.py:190} INFO - [2025-06-20T21:51:06.055+0000] {dagbag.py:588} INFO - Filling up the DagBag from /home/airflow/.local/lib/python3.12/site-packages/airflow/example_dags/example_params_ui_tutorial.py
[2025-06-20T21:51:06.071+0000] {processor.py:925} INFO - DAG(s) 'example_params_ui_tutorial' retrieved from /home/airflow/.local/lib/python3.12/site-packages/airflow/example_dags/example_params_ui_tutorial.py
[2025-06-20T21:51:06.142+0000] {logging_mixin.py:190} INFO - [2025-06-20T21:51:06.142+0000] {dag.py:3239} INFO - Sync 1 DAGs
[2025-06-20T21:51:06.162+0000] {logging_mixin.py:190} INFO - [2025-06-20T21:51:06.162+0000] {dag.py:4180} INFO - Setting next_dagrun for example_params_ui_tutorial to None, run_after=None
[2025-06-20T21:51:06.213+0000] {processor.py:208} INFO - Processing /home/airflow/.local/lib/python3.12/site-packages/airflow/example_dags/example_params_ui_tutorial.py took 0.169 seconds
[2025-06-20T21:51:36.545+0000] {processor.py:186} INFO - Started process (PID=3180) to work on /home/airflow/.local/lib/python3.12/site-packages/airflow/example_dags/example_params_ui_tutorial.py
[2025-06-20T21:51:36.547+0000] {processor.py:914} INFO - Processing file /home/airflow/.local/lib/python3.12/site-packages/airflow/example_dags/example_params_ui_tutorial.py for tasks to queue
[2025-06-20T21:51:36.549+0000] {logging_mixin.py:190} INFO - [2025-06-20T21:51:36.549+0000] {dagbag.py:588} INFO - Filling up the DagBag from /home/airflow/.local/lib/python3.12/site-packages/airflow/example_dags/example_params_ui_tutorial.py
[2025-06-20T21:51:36.556+0000] {processor.py:925} INFO - DAG(s) 'example_params_ui_tutorial' retrieved from /home/airflow/.local/lib/python3.12/site-packages/airflow/example_dags/example_params_ui_tutorial.py
[2025-06-20T21:51:36.594+0000] {logging_mixin.py:190} INFO - [2025-06-20T21:51:36.594+0000] {dag.py:3239} INFO - Sync 1 DAGs
[2025-06-20T21:51:36.742+0000] {logging_mixin.py:190} INFO - [2025-06-20T21:51:36.741+0000] {dag.py:4180} INFO - Setting next_dagrun for example_params_ui_tutorial to None, run_after=None
[2025-06-20T21:51:36.770+0000] {processor.py:208} INFO - Processing /home/airflow/.local/lib/python3.12/site-packages/airflow/example_dags/example_params_ui_tutorial.py took 0.230 seconds
[2025-06-20T21:52:07.915+0000] {processor.py:186} INFO - Started process (PID=3245) to work on /home/airflow/.local/lib/python3.12/site-packages/airflow/example_dags/example_params_ui_tutorial.py
[2025-06-20T21:52:07.916+0000] {processor.py:914} INFO - Processing file /home/airflow/.local/lib/python3.12/site-packages/airflow/example_dags/example_params_ui_tutorial.py for tasks to queue
[2025-06-20T21:52:07.920+0000] {logging_mixin.py:190} INFO - [2025-06-20T21:52:07.919+0000] {dagbag.py:588} INFO - Filling up the DagBag from /home/airflow/.local/lib/python3.12/site-packages/airflow/example_dags/example_params_ui_tutorial.py
[2025-06-20T21:52:07.929+0000] {processor.py:925} INFO - DAG(s) 'example_params_ui_tutorial' retrieved from /home/airflow/.local/lib/python3.12/site-packages/airflow/example_dags/example_params_ui_tutorial.py
[2025-06-20T21:52:07.974+0000] {logging_mixin.py:190} INFO - [2025-06-20T21:52:07.974+0000] {dag.py:3239} INFO - Sync 1 DAGs
[2025-06-20T21:52:07.989+0000] {logging_mixin.py:190} INFO - [2025-06-20T21:52:07.989+0000] {dag.py:4180} INFO - Setting next_dagrun for example_params_ui_tutorial to None, run_after=None
[2025-06-20T21:52:08.016+0000] {processor.py:208} INFO - Processing /home/airflow/.local/lib/python3.12/site-packages/airflow/example_dags/example_params_ui_tutorial.py took 0.107 seconds
[2025-06-20T21:52:39.211+0000] {processor.py:186} INFO - Started process (PID=3310) to work on /home/airflow/.local/lib/python3.12/site-packages/airflow/example_dags/example_params_ui_tutorial.py
[2025-06-20T21:52:39.213+0000] {processor.py:914} INFO - Processing file /home/airflow/.local/lib/python3.12/site-packages/airflow/example_dags/example_params_ui_tutorial.py for tasks to queue
[2025-06-20T21:52:39.216+0000] {logging_mixin.py:190} INFO - [2025-06-20T21:52:39.215+0000] {dagbag.py:588} INFO - Filling up the DagBag from /home/airflow/.local/lib/python3.12/site-packages/airflow/example_dags/example_params_ui_tutorial.py
[2025-06-20T21:52:39.226+0000] {processor.py:925} INFO - DAG(s) 'example_params_ui_tutorial' retrieved from /home/airflow/.local/lib/python3.12/site-packages/airflow/example_dags/example_params_ui_tutorial.py
[2025-06-20T21:52:39.271+0000] {logging_mixin.py:190} INFO - [2025-06-20T21:52:39.270+0000] {dag.py:3239} INFO - Sync 1 DAGs
[2025-06-20T21:52:39.285+0000] {logging_mixin.py:190} INFO - [2025-06-20T21:52:39.285+0000] {dag.py:4180} INFO - Setting next_dagrun for example_params_ui_tutorial to None, run_after=None
[2025-06-20T21:52:39.390+0000] {processor.py:208} INFO - Processing /home/airflow/.local/lib/python3.12/site-packages/airflow/example_dags/example_params_ui_tutorial.py took 0.183 seconds
[2025-06-20T21:53:10.338+0000] {processor.py:186} INFO - Started process (PID=3374) to work on /home/airflow/.local/lib/python3.12/site-packages/airflow/example_dags/example_params_ui_tutorial.py
[2025-06-20T21:53:10.339+0000] {processor.py:914} INFO - Processing file /home/airflow/.local/lib/python3.12/site-packages/airflow/example_dags/example_params_ui_tutorial.py for tasks to queue
[2025-06-20T21:53:10.342+0000] {logging_mixin.py:190} INFO - [2025-06-20T21:53:10.341+0000] {dagbag.py:588} INFO - Filling up the DagBag from /home/airflow/.local/lib/python3.12/site-packages/airflow/example_dags/example_params_ui_tutorial.py
[2025-06-20T21:53:10.350+0000] {processor.py:925} INFO - DAG(s) 'example_params_ui_tutorial' retrieved from /home/airflow/.local/lib/python3.12/site-packages/airflow/example_dags/example_params_ui_tutorial.py
[2025-06-20T21:53:10.389+0000] {logging_mixin.py:190} INFO - [2025-06-20T21:53:10.389+0000] {dag.py:3239} INFO - Sync 1 DAGs
[2025-06-20T21:53:10.403+0000] {logging_mixin.py:190} INFO - [2025-06-20T21:53:10.402+0000] {dag.py:4180} INFO - Setting next_dagrun for example_params_ui_tutorial to None, run_after=None
[2025-06-20T21:53:10.433+0000] {processor.py:208} INFO - Processing /home/airflow/.local/lib/python3.12/site-packages/airflow/example_dags/example_params_ui_tutorial.py took 0.100 seconds
[2025-06-20T21:53:41.255+0000] {processor.py:186} INFO - Started process (PID=3438) to work on /home/airflow/.local/lib/python3.12/site-packages/airflow/example_dags/example_params_ui_tutorial.py
[2025-06-20T21:53:41.256+0000] {processor.py:914} INFO - Processing file /home/airflow/.local/lib/python3.12/site-packages/airflow/example_dags/example_params_ui_tutorial.py for tasks to queue
[2025-06-20T21:53:41.259+0000] {logging_mixin.py:190} INFO - [2025-06-20T21:53:41.258+0000] {dagbag.py:588} INFO - Filling up the DagBag from /home/airflow/.local/lib/python3.12/site-packages/airflow/example_dags/example_params_ui_tutorial.py
[2025-06-20T21:53:41.266+0000] {processor.py:925} INFO - DAG(s) 'example_params_ui_tutorial' retrieved from /home/airflow/.local/lib/python3.12/site-packages/airflow/example_dags/example_params_ui_tutorial.py
[2025-06-20T21:53:41.306+0000] {logging_mixin.py:190} INFO - [2025-06-20T21:53:41.306+0000] {dag.py:3239} INFO - Sync 1 DAGs
[2025-06-20T21:53:41.321+0000] {logging_mixin.py:190} INFO - [2025-06-20T21:53:41.321+0000] {dag.py:4180} INFO - Setting next_dagrun for example_params_ui_tutorial to None, run_after=None
[2025-06-20T21:53:41.346+0000] {processor.py:208} INFO - Processing /home/airflow/.local/lib/python3.12/site-packages/airflow/example_dags/example_params_ui_tutorial.py took 0.095 seconds
[2025-06-20T21:55:51.837+0000] {processor.py:186} INFO - Started process (PID=103) to work on /home/airflow/.local/lib/python3.12/site-packages/airflow/example_dags/example_params_ui_tutorial.py
[2025-06-20T21:55:51.838+0000] {processor.py:914} INFO - Processing file /home/airflow/.local/lib/python3.12/site-packages/airflow/example_dags/example_params_ui_tutorial.py for tasks to queue
[2025-06-20T21:55:51.840+0000] {logging_mixin.py:190} INFO - [2025-06-20T21:55:51.840+0000] {dagbag.py:588} INFO - Filling up the DagBag from /home/airflow/.local/lib/python3.12/site-packages/airflow/example_dags/example_params_ui_tutorial.py
[2025-06-20T21:55:51.852+0000] {processor.py:925} INFO - DAG(s) 'example_params_ui_tutorial' retrieved from /home/airflow/.local/lib/python3.12/site-packages/airflow/example_dags/example_params_ui_tutorial.py
[2025-06-20T21:55:52.005+0000] {logging_mixin.py:190} INFO - [2025-06-20T21:55:52.004+0000] {override.py:1911} INFO - Created Permission View: can delete on DAG:example_params_ui_tutorial
[2025-06-20T21:55:52.026+0000] {logging_mixin.py:190} INFO - [2025-06-20T21:55:52.025+0000] {override.py:1911} INFO - Created Permission View: can edit on DAG:example_params_ui_tutorial
[2025-06-20T21:55:52.048+0000] {logging_mixin.py:190} INFO - [2025-06-20T21:55:52.047+0000] {override.py:1911} INFO - Created Permission View: can read on DAG:example_params_ui_tutorial
[2025-06-20T21:55:52.091+0000] {logging_mixin.py:190} INFO - [2025-06-20T21:55:52.091+0000] {override.py:1911} INFO - Created Permission View: can delete on DAG Run:example_params_ui_tutorial
[2025-06-20T21:55:52.113+0000] {logging_mixin.py:190} INFO - [2025-06-20T21:55:52.112+0000] {override.py:1911} INFO - Created Permission View: menu access on DAG Run:example_params_ui_tutorial
[2025-06-20T21:55:52.134+0000] {logging_mixin.py:190} INFO - [2025-06-20T21:55:52.134+0000] {override.py:1911} INFO - Created Permission View: can create on DAG Run:example_params_ui_tutorial
[2025-06-20T21:55:52.157+0000] {logging_mixin.py:190} INFO - [2025-06-20T21:55:52.157+0000] {override.py:1911} INFO - Created Permission View: can read on DAG Run:example_params_ui_tutorial
[2025-06-20T21:55:52.158+0000] {logging_mixin.py:190} INFO - [2025-06-20T21:55:52.158+0000] {dag.py:3239} INFO - Sync 1 DAGs
[2025-06-20T21:55:52.171+0000] {logging_mixin.py:190} INFO - [2025-06-20T21:55:52.170+0000] {dag.py:3262} INFO - Creating ORM DAG for example_params_ui_tutorial
[2025-06-20T21:55:52.172+0000] {logging_mixin.py:190} INFO - [2025-06-20T21:55:52.171+0000] {dag.py:4180} INFO - Setting next_dagrun for example_params_ui_tutorial to None, run_after=None
[2025-06-20T21:55:52.198+0000] {processor.py:208} INFO - Processing /home/airflow/.local/lib/python3.12/site-packages/airflow/example_dags/example_params_ui_tutorial.py took 0.367 seconds
[2025-06-20T21:56:23.175+0000] {processor.py:186} INFO - Started process (PID=167) to work on /home/airflow/.local/lib/python3.12/site-packages/airflow/example_dags/example_params_ui_tutorial.py
[2025-06-20T21:56:23.176+0000] {processor.py:914} INFO - Processing file /home/airflow/.local/lib/python3.12/site-packages/airflow/example_dags/example_params_ui_tutorial.py for tasks to queue
[2025-06-20T21:56:23.178+0000] {logging_mixin.py:190} INFO - [2025-06-20T21:56:23.178+0000] {dagbag.py:588} INFO - Filling up the DagBag from /home/airflow/.local/lib/python3.12/site-packages/airflow/example_dags/example_params_ui_tutorial.py
[2025-06-20T21:56:23.185+0000] {processor.py:925} INFO - DAG(s) 'example_params_ui_tutorial' retrieved from /home/airflow/.local/lib/python3.12/site-packages/airflow/example_dags/example_params_ui_tutorial.py
[2025-06-20T21:56:23.226+0000] {logging_mixin.py:190} INFO - [2025-06-20T21:56:23.226+0000] {dag.py:3239} INFO - Sync 1 DAGs
[2025-06-20T21:56:23.241+0000] {logging_mixin.py:190} INFO - [2025-06-20T21:56:23.241+0000] {dag.py:4180} INFO - Setting next_dagrun for example_params_ui_tutorial to None, run_after=None
[2025-06-20T21:56:23.360+0000] {processor.py:208} INFO - Processing /home/airflow/.local/lib/python3.12/site-packages/airflow/example_dags/example_params_ui_tutorial.py took 0.191 seconds
[2025-06-20T21:56:53.814+0000] {processor.py:186} INFO - Started process (PID=231) to work on /home/airflow/.local/lib/python3.12/site-packages/airflow/example_dags/example_params_ui_tutorial.py
[2025-06-20T21:56:53.815+0000] {processor.py:914} INFO - Processing file /home/airflow/.local/lib/python3.12/site-packages/airflow/example_dags/example_params_ui_tutorial.py for tasks to queue
[2025-06-20T21:56:53.817+0000] {logging_mixin.py:190} INFO - [2025-06-20T21:56:53.817+0000] {dagbag.py:588} INFO - Filling up the DagBag from /home/airflow/.local/lib/python3.12/site-packages/airflow/example_dags/example_params_ui_tutorial.py
[2025-06-20T21:56:53.825+0000] {processor.py:925} INFO - DAG(s) 'example_params_ui_tutorial' retrieved from /home/airflow/.local/lib/python3.12/site-packages/airflow/example_dags/example_params_ui_tutorial.py
[2025-06-20T21:56:53.867+0000] {logging_mixin.py:190} INFO - [2025-06-20T21:56:53.866+0000] {dag.py:3239} INFO - Sync 1 DAGs
[2025-06-20T21:56:53.880+0000] {logging_mixin.py:190} INFO - [2025-06-20T21:56:53.879+0000] {dag.py:4180} INFO - Setting next_dagrun for example_params_ui_tutorial to None, run_after=None
[2025-06-20T21:56:53.912+0000] {processor.py:208} INFO - Processing /home/airflow/.local/lib/python3.12/site-packages/airflow/example_dags/example_params_ui_tutorial.py took 0.104 seconds
[2025-06-20T21:57:24.012+0000] {processor.py:186} INFO - Started process (PID=295) to work on /home/airflow/.local/lib/python3.12/site-packages/airflow/example_dags/example_params_ui_tutorial.py
[2025-06-20T21:57:24.013+0000] {processor.py:914} INFO - Processing file /home/airflow/.local/lib/python3.12/site-packages/airflow/example_dags/example_params_ui_tutorial.py for tasks to queue
[2025-06-20T21:57:24.015+0000] {logging_mixin.py:190} INFO - [2025-06-20T21:57:24.015+0000] {dagbag.py:588} INFO - Filling up the DagBag from /home/airflow/.local/lib/python3.12/site-packages/airflow/example_dags/example_params_ui_tutorial.py
[2025-06-20T21:57:24.025+0000] {processor.py:925} INFO - DAG(s) 'example_params_ui_tutorial' retrieved from /home/airflow/.local/lib/python3.12/site-packages/airflow/example_dags/example_params_ui_tutorial.py
[2025-06-20T21:57:24.073+0000] {logging_mixin.py:190} INFO - [2025-06-20T21:57:24.073+0000] {dag.py:3239} INFO - Sync 1 DAGs
[2025-06-20T21:57:24.089+0000] {logging_mixin.py:190} INFO - [2025-06-20T21:57:24.089+0000] {dag.py:4180} INFO - Setting next_dagrun for example_params_ui_tutorial to None, run_after=None
[2025-06-20T21:57:24.189+0000] {processor.py:208} INFO - Processing /home/airflow/.local/lib/python3.12/site-packages/airflow/example_dags/example_params_ui_tutorial.py took 0.182 seconds
[2025-06-20T21:57:54.273+0000] {processor.py:186} INFO - Started process (PID=358) to work on /home/airflow/.local/lib/python3.12/site-packages/airflow/example_dags/example_params_ui_tutorial.py
[2025-06-20T21:57:54.274+0000] {processor.py:914} INFO - Processing file /home/airflow/.local/lib/python3.12/site-packages/airflow/example_dags/example_params_ui_tutorial.py for tasks to queue
[2025-06-20T21:57:54.276+0000] {logging_mixin.py:190} INFO - [2025-06-20T21:57:54.276+0000] {dagbag.py:588} INFO - Filling up the DagBag from /home/airflow/.local/lib/python3.12/site-packages/airflow/example_dags/example_params_ui_tutorial.py
[2025-06-20T21:57:54.285+0000] {processor.py:925} INFO - DAG(s) 'example_params_ui_tutorial' retrieved from /home/airflow/.local/lib/python3.12/site-packages/airflow/example_dags/example_params_ui_tutorial.py
[2025-06-20T21:57:54.327+0000] {logging_mixin.py:190} INFO - [2025-06-20T21:57:54.326+0000] {dag.py:3239} INFO - Sync 1 DAGs
[2025-06-20T21:57:54.340+0000] {logging_mixin.py:190} INFO - [2025-06-20T21:57:54.340+0000] {dag.py:4180} INFO - Setting next_dagrun for example_params_ui_tutorial to None, run_after=None
[2025-06-20T21:57:54.364+0000] {processor.py:208} INFO - Processing /home/airflow/.local/lib/python3.12/site-packages/airflow/example_dags/example_params_ui_tutorial.py took 0.096 seconds
[2025-06-20T21:58:26.345+0000] {processor.py:186} INFO - Started process (PID=431) to work on /home/airflow/.local/lib/python3.12/site-packages/airflow/example_dags/example_params_ui_tutorial.py
[2025-06-20T21:58:26.346+0000] {processor.py:914} INFO - Processing file /home/airflow/.local/lib/python3.12/site-packages/airflow/example_dags/example_params_ui_tutorial.py for tasks to queue
[2025-06-20T21:58:26.348+0000] {logging_mixin.py:190} INFO - [2025-06-20T21:58:26.348+0000] {dagbag.py:588} INFO - Filling up the DagBag from /home/airflow/.local/lib/python3.12/site-packages/airflow/example_dags/example_params_ui_tutorial.py
[2025-06-20T21:58:26.358+0000] {processor.py:925} INFO - DAG(s) 'example_params_ui_tutorial' retrieved from /home/airflow/.local/lib/python3.12/site-packages/airflow/example_dags/example_params_ui_tutorial.py
[2025-06-20T21:58:26.403+0000] {logging_mixin.py:190} INFO - [2025-06-20T21:58:26.403+0000] {dag.py:3239} INFO - Sync 1 DAGs
[2025-06-20T21:58:26.417+0000] {logging_mixin.py:190} INFO - [2025-06-20T21:58:26.417+0000] {dag.py:4180} INFO - Setting next_dagrun for example_params_ui_tutorial to None, run_after=None
[2025-06-20T21:58:26.483+0000] {processor.py:208} INFO - Processing /home/airflow/.local/lib/python3.12/site-packages/airflow/example_dags/example_params_ui_tutorial.py took 0.144 seconds
[2025-06-20T21:58:57.678+0000] {processor.py:186} INFO - Started process (PID=495) to work on /home/airflow/.local/lib/python3.12/site-packages/airflow/example_dags/example_params_ui_tutorial.py
[2025-06-20T21:58:57.679+0000] {processor.py:914} INFO - Processing file /home/airflow/.local/lib/python3.12/site-packages/airflow/example_dags/example_params_ui_tutorial.py for tasks to queue
[2025-06-20T21:58:57.681+0000] {logging_mixin.py:190} INFO - [2025-06-20T21:58:57.681+0000] {dagbag.py:588} INFO - Filling up the DagBag from /home/airflow/.local/lib/python3.12/site-packages/airflow/example_dags/example_params_ui_tutorial.py
[2025-06-20T21:58:57.689+0000] {processor.py:925} INFO - DAG(s) 'example_params_ui_tutorial' retrieved from /home/airflow/.local/lib/python3.12/site-packages/airflow/example_dags/example_params_ui_tutorial.py
[2025-06-20T21:58:57.733+0000] {logging_mixin.py:190} INFO - [2025-06-20T21:58:57.732+0000] {dag.py:3239} INFO - Sync 1 DAGs
[2025-06-20T21:58:57.747+0000] {logging_mixin.py:190} INFO - [2025-06-20T21:58:57.746+0000] {dag.py:4180} INFO - Setting next_dagrun for example_params_ui_tutorial to None, run_after=None
[2025-06-20T21:58:57.780+0000] {processor.py:208} INFO - Processing /home/airflow/.local/lib/python3.12/site-packages/airflow/example_dags/example_params_ui_tutorial.py took 0.108 seconds
[2025-06-20T21:59:28.849+0000] {processor.py:186} INFO - Started process (PID=559) to work on /home/airflow/.local/lib/python3.12/site-packages/airflow/example_dags/example_params_ui_tutorial.py
[2025-06-20T21:59:28.851+0000] {processor.py:914} INFO - Processing file /home/airflow/.local/lib/python3.12/site-packages/airflow/example_dags/example_params_ui_tutorial.py for tasks to queue
[2025-06-20T21:59:28.854+0000] {logging_mixin.py:190} INFO - [2025-06-20T21:59:28.853+0000] {dagbag.py:588} INFO - Filling up the DagBag from /home/airflow/.local/lib/python3.12/site-packages/airflow/example_dags/example_params_ui_tutorial.py
[2025-06-20T21:59:28.863+0000] {processor.py:925} INFO - DAG(s) 'example_params_ui_tutorial' retrieved from /home/airflow/.local/lib/python3.12/site-packages/airflow/example_dags/example_params_ui_tutorial.py
[2025-06-20T21:59:28.904+0000] {logging_mixin.py:190} INFO - [2025-06-20T21:59:28.903+0000] {dag.py:3239} INFO - Sync 1 DAGs
[2025-06-20T21:59:28.920+0000] {logging_mixin.py:190} INFO - [2025-06-20T21:59:28.920+0000] {dag.py:4180} INFO - Setting next_dagrun for example_params_ui_tutorial to None, run_after=None
[2025-06-20T21:59:28.953+0000] {processor.py:208} INFO - Processing /home/airflow/.local/lib/python3.12/site-packages/airflow/example_dags/example_params_ui_tutorial.py took 0.110 seconds
[2025-06-20T22:00:00.251+0000] {processor.py:186} INFO - Started process (PID=623) to work on /home/airflow/.local/lib/python3.12/site-packages/airflow/example_dags/example_params_ui_tutorial.py
[2025-06-20T22:00:00.252+0000] {processor.py:914} INFO - Processing file /home/airflow/.local/lib/python3.12/site-packages/airflow/example_dags/example_params_ui_tutorial.py for tasks to queue
[2025-06-20T22:00:00.254+0000] {logging_mixin.py:190} INFO - [2025-06-20T22:00:00.254+0000] {dagbag.py:588} INFO - Filling up the DagBag from /home/airflow/.local/lib/python3.12/site-packages/airflow/example_dags/example_params_ui_tutorial.py
[2025-06-20T22:00:00.262+0000] {processor.py:925} INFO - DAG(s) 'example_params_ui_tutorial' retrieved from /home/airflow/.local/lib/python3.12/site-packages/airflow/example_dags/example_params_ui_tutorial.py
[2025-06-20T22:00:00.302+0000] {logging_mixin.py:190} INFO - [2025-06-20T22:00:00.301+0000] {dag.py:3239} INFO - Sync 1 DAGs
[2025-06-20T22:00:00.314+0000] {logging_mixin.py:190} INFO - [2025-06-20T22:00:00.313+0000] {dag.py:4180} INFO - Setting next_dagrun for example_params_ui_tutorial to None, run_after=None
[2025-06-20T22:00:00.335+0000] {processor.py:208} INFO - Processing /home/airflow/.local/lib/python3.12/site-packages/airflow/example_dags/example_params_ui_tutorial.py took 0.089 seconds
[2025-06-20T22:00:31.935+0000] {processor.py:186} INFO - Started process (PID=687) to work on /home/airflow/.local/lib/python3.12/site-packages/airflow/example_dags/example_params_ui_tutorial.py
[2025-06-20T22:00:31.936+0000] {processor.py:914} INFO - Processing file /home/airflow/.local/lib/python3.12/site-packages/airflow/example_dags/example_params_ui_tutorial.py for tasks to queue
[2025-06-20T22:00:31.939+0000] {logging_mixin.py:190} INFO - [2025-06-20T22:00:31.938+0000] {dagbag.py:588} INFO - Filling up the DagBag from /home/airflow/.local/lib/python3.12/site-packages/airflow/example_dags/example_params_ui_tutorial.py
[2025-06-20T22:00:31.948+0000] {processor.py:925} INFO - DAG(s) 'example_params_ui_tutorial' retrieved from /home/airflow/.local/lib/python3.12/site-packages/airflow/example_dags/example_params_ui_tutorial.py
[2025-06-20T22:00:31.990+0000] {logging_mixin.py:190} INFO - [2025-06-20T22:00:31.990+0000] {dag.py:3239} INFO - Sync 1 DAGs
[2025-06-20T22:00:32.008+0000] {logging_mixin.py:190} INFO - [2025-06-20T22:00:32.008+0000] {dag.py:4180} INFO - Setting next_dagrun for example_params_ui_tutorial to None, run_after=None
[2025-06-20T22:00:32.040+0000] {processor.py:208} INFO - Processing /home/airflow/.local/lib/python3.12/site-packages/airflow/example_dags/example_params_ui_tutorial.py took 0.111 seconds
[2025-06-20T22:01:03.202+0000] {processor.py:186} INFO - Started process (PID=745) to work on /home/airflow/.local/lib/python3.12/site-packages/airflow/example_dags/example_params_ui_tutorial.py
[2025-06-20T22:01:03.204+0000] {processor.py:914} INFO - Processing file /home/airflow/.local/lib/python3.12/site-packages/airflow/example_dags/example_params_ui_tutorial.py for tasks to queue
[2025-06-20T22:01:03.206+0000] {logging_mixin.py:190} INFO - [2025-06-20T22:01:03.205+0000] {dagbag.py:588} INFO - Filling up the DagBag from /home/airflow/.local/lib/python3.12/site-packages/airflow/example_dags/example_params_ui_tutorial.py
[2025-06-20T22:01:03.213+0000] {processor.py:925} INFO - DAG(s) 'example_params_ui_tutorial' retrieved from /home/airflow/.local/lib/python3.12/site-packages/airflow/example_dags/example_params_ui_tutorial.py
[2025-06-20T22:01:03.258+0000] {logging_mixin.py:190} INFO - [2025-06-20T22:01:03.258+0000] {dag.py:3239} INFO - Sync 1 DAGs
[2025-06-20T22:01:03.270+0000] {logging_mixin.py:190} INFO - [2025-06-20T22:01:03.270+0000] {dag.py:4180} INFO - Setting next_dagrun for example_params_ui_tutorial to None, run_after=None
[2025-06-20T22:01:03.305+0000] {processor.py:208} INFO - Processing /home/airflow/.local/lib/python3.12/site-packages/airflow/example_dags/example_params_ui_tutorial.py took 0.108 seconds
[2025-06-20T22:01:34.841+0000] {processor.py:186} INFO - Started process (PID=815) to work on /home/airflow/.local/lib/python3.12/site-packages/airflow/example_dags/example_params_ui_tutorial.py
[2025-06-20T22:01:34.842+0000] {processor.py:914} INFO - Processing file /home/airflow/.local/lib/python3.12/site-packages/airflow/example_dags/example_params_ui_tutorial.py for tasks to queue
[2025-06-20T22:01:34.844+0000] {logging_mixin.py:190} INFO - [2025-06-20T22:01:34.844+0000] {dagbag.py:588} INFO - Filling up the DagBag from /home/airflow/.local/lib/python3.12/site-packages/airflow/example_dags/example_params_ui_tutorial.py
[2025-06-20T22:01:34.852+0000] {processor.py:925} INFO - DAG(s) 'example_params_ui_tutorial' retrieved from /home/airflow/.local/lib/python3.12/site-packages/airflow/example_dags/example_params_ui_tutorial.py
[2025-06-20T22:01:34.892+0000] {logging_mixin.py:190} INFO - [2025-06-20T22:01:34.892+0000] {dag.py:3239} INFO - Sync 1 DAGs
[2025-06-20T22:01:34.906+0000] {logging_mixin.py:190} INFO - [2025-06-20T22:01:34.906+0000] {dag.py:4180} INFO - Setting next_dagrun for example_params_ui_tutorial to None, run_after=None
[2025-06-20T22:01:34.931+0000] {processor.py:208} INFO - Processing /home/airflow/.local/lib/python3.12/site-packages/airflow/example_dags/example_params_ui_tutorial.py took 0.096 seconds
[2025-06-20T22:02:06.474+0000] {processor.py:186} INFO - Started process (PID=879) to work on /home/airflow/.local/lib/python3.12/site-packages/airflow/example_dags/example_params_ui_tutorial.py
[2025-06-20T22:02:06.475+0000] {processor.py:914} INFO - Processing file /home/airflow/.local/lib/python3.12/site-packages/airflow/example_dags/example_params_ui_tutorial.py for tasks to queue
[2025-06-20T22:02:06.477+0000] {logging_mixin.py:190} INFO - [2025-06-20T22:02:06.477+0000] {dagbag.py:588} INFO - Filling up the DagBag from /home/airflow/.local/lib/python3.12/site-packages/airflow/example_dags/example_params_ui_tutorial.py
[2025-06-20T22:02:06.486+0000] {processor.py:925} INFO - DAG(s) 'example_params_ui_tutorial' retrieved from /home/airflow/.local/lib/python3.12/site-packages/airflow/example_dags/example_params_ui_tutorial.py
[2025-06-20T22:02:06.529+0000] {logging_mixin.py:190} INFO - [2025-06-20T22:02:06.529+0000] {dag.py:3239} INFO - Sync 1 DAGs
[2025-06-20T22:02:06.543+0000] {logging_mixin.py:190} INFO - [2025-06-20T22:02:06.543+0000] {dag.py:4180} INFO - Setting next_dagrun for example_params_ui_tutorial to None, run_after=None
[2025-06-20T22:02:06.573+0000] {processor.py:208} INFO - Processing /home/airflow/.local/lib/python3.12/site-packages/airflow/example_dags/example_params_ui_tutorial.py took 0.105 seconds
[2025-06-20T22:02:37.974+0000] {processor.py:186} INFO - Started process (PID=943) to work on /home/airflow/.local/lib/python3.12/site-packages/airflow/example_dags/example_params_ui_tutorial.py
[2025-06-20T22:02:37.975+0000] {processor.py:914} INFO - Processing file /home/airflow/.local/lib/python3.12/site-packages/airflow/example_dags/example_params_ui_tutorial.py for tasks to queue
[2025-06-20T22:02:37.978+0000] {logging_mixin.py:190} INFO - [2025-06-20T22:02:37.977+0000] {dagbag.py:588} INFO - Filling up the DagBag from /home/airflow/.local/lib/python3.12/site-packages/airflow/example_dags/example_params_ui_tutorial.py
[2025-06-20T22:02:37.992+0000] {processor.py:925} INFO - DAG(s) 'example_params_ui_tutorial' retrieved from /home/airflow/.local/lib/python3.12/site-packages/airflow/example_dags/example_params_ui_tutorial.py
[2025-06-20T22:02:38.048+0000] {logging_mixin.py:190} INFO - [2025-06-20T22:02:38.048+0000] {dag.py:3239} INFO - Sync 1 DAGs
[2025-06-20T22:02:38.067+0000] {logging_mixin.py:190} INFO - [2025-06-20T22:02:38.066+0000] {dag.py:4180} INFO - Setting next_dagrun for example_params_ui_tutorial to None, run_after=None
[2025-06-20T22:02:38.096+0000] {processor.py:208} INFO - Processing /home/airflow/.local/lib/python3.12/site-packages/airflow/example_dags/example_params_ui_tutorial.py took 0.128 seconds
[2025-06-20T22:03:09.820+0000] {processor.py:186} INFO - Started process (PID=1007) to work on /home/airflow/.local/lib/python3.12/site-packages/airflow/example_dags/example_params_ui_tutorial.py
[2025-06-20T22:03:09.821+0000] {processor.py:914} INFO - Processing file /home/airflow/.local/lib/python3.12/site-packages/airflow/example_dags/example_params_ui_tutorial.py for tasks to queue
[2025-06-20T22:03:09.823+0000] {logging_mixin.py:190} INFO - [2025-06-20T22:03:09.823+0000] {dagbag.py:588} INFO - Filling up the DagBag from /home/airflow/.local/lib/python3.12/site-packages/airflow/example_dags/example_params_ui_tutorial.py
[2025-06-20T22:03:09.832+0000] {processor.py:925} INFO - DAG(s) 'example_params_ui_tutorial' retrieved from /home/airflow/.local/lib/python3.12/site-packages/airflow/example_dags/example_params_ui_tutorial.py
[2025-06-20T22:03:09.877+0000] {logging_mixin.py:190} INFO - [2025-06-20T22:03:09.877+0000] {dag.py:3239} INFO - Sync 1 DAGs
[2025-06-20T22:03:09.893+0000] {logging_mixin.py:190} INFO - [2025-06-20T22:03:09.893+0000] {dag.py:4180} INFO - Setting next_dagrun for example_params_ui_tutorial to None, run_after=None
[2025-06-20T22:03:09.921+0000] {processor.py:208} INFO - Processing /home/airflow/.local/lib/python3.12/site-packages/airflow/example_dags/example_params_ui_tutorial.py took 0.106 seconds
[2025-06-20T22:03:41.719+0000] {processor.py:186} INFO - Started process (PID=1071) to work on /home/airflow/.local/lib/python3.12/site-packages/airflow/example_dags/example_params_ui_tutorial.py
[2025-06-20T22:03:41.720+0000] {processor.py:914} INFO - Processing file /home/airflow/.local/lib/python3.12/site-packages/airflow/example_dags/example_params_ui_tutorial.py for tasks to queue
[2025-06-20T22:03:41.723+0000] {logging_mixin.py:190} INFO - [2025-06-20T22:03:41.723+0000] {dagbag.py:588} INFO - Filling up the DagBag from /home/airflow/.local/lib/python3.12/site-packages/airflow/example_dags/example_params_ui_tutorial.py
[2025-06-20T22:03:41.732+0000] {processor.py:925} INFO - DAG(s) 'example_params_ui_tutorial' retrieved from /home/airflow/.local/lib/python3.12/site-packages/airflow/example_dags/example_params_ui_tutorial.py
[2025-06-20T22:03:41.779+0000] {logging_mixin.py:190} INFO - [2025-06-20T22:03:41.778+0000] {dag.py:3239} INFO - Sync 1 DAGs
[2025-06-20T22:03:41.794+0000] {logging_mixin.py:190} INFO - [2025-06-20T22:03:41.794+0000] {dag.py:4180} INFO - Setting next_dagrun for example_params_ui_tutorial to None, run_after=None
[2025-06-20T22:03:41.829+0000] {processor.py:208} INFO - Processing /home/airflow/.local/lib/python3.12/site-packages/airflow/example_dags/example_params_ui_tutorial.py took 0.116 seconds
