[2025-06-20T21:26:39.764+0000] {processor.py:186} INFO - Started process (PID=117) to work on /home/airflow/.local/lib/python3.12/site-packages/airflow/example_dags/example_setup_teardown.py
[2025-06-20T21:26:39.766+0000] {processor.py:914} INFO - Processing file /home/airflow/.local/lib/python3.12/site-packages/airflow/example_dags/example_setup_teardown.py for tasks to queue
[2025-06-20T21:26:39.770+0000] {logging_mixin.py:190} INFO - [2025-06-20T21:26:39.769+0000] {dagbag.py:588} INFO - Filling up the DagBag from /home/airflow/.local/lib/python3.12/site-packages/airflow/example_dags/example_setup_teardown.py
[2025-06-20T21:26:39.781+0000] {processor.py:925} INFO - DAG(s) 'example_setup_teardown' retrieved from /home/airflow/.local/lib/python3.12/site-packages/airflow/example_dags/example_setup_teardown.py
[2025-06-20T21:26:40.629+0000] {logging_mixin.py:190} INFO - [2025-06-20T21:26:40.629+0000] {override.py:1911} INFO - Created Permission View: can delete on DAG:example_setup_teardown
[2025-06-20T21:26:40.756+0000] {logging_mixin.py:190} INFO - [2025-06-20T21:26:40.756+0000] {override.py:1911} INFO - Created Permission View: can read on DAG:example_setup_teardown
[2025-06-20T21:26:40.809+0000] {logging_mixin.py:190} INFO - [2025-06-20T21:26:40.808+0000] {override.py:1911} INFO - Created Permission View: can edit on DAG:example_setup_teardown
[2025-06-20T21:26:40.904+0000] {logging_mixin.py:190} INFO - [2025-06-20T21:26:40.904+0000] {override.py:1911} INFO - Created Permission View: can delete on DAG Run:example_setup_teardown
[2025-06-20T21:26:40.968+0000] {logging_mixin.py:190} INFO - [2025-06-20T21:26:40.967+0000] {override.py:1911} INFO - Created Permission View: can create on DAG Run:example_setup_teardown
[2025-06-20T21:26:41.063+0000] {logging_mixin.py:190} INFO - [2025-06-20T21:26:41.062+0000] {override.py:1911} INFO - Created Permission View: can read on DAG Run:example_setup_teardown
[2025-06-20T21:26:41.185+0000] {logging_mixin.py:190} INFO - [2025-06-20T21:26:41.185+0000] {override.py:1911} INFO - Created Permission View: menu access on DAG Run:example_setup_teardown
[2025-06-20T21:26:41.186+0000] {logging_mixin.py:190} INFO - [2025-06-20T21:26:41.186+0000] {dag.py:3239} INFO - Sync 1 DAGs
[2025-06-20T21:26:41.199+0000] {logging_mixin.py:190} INFO - [2025-06-20T21:26:41.199+0000] {dag.py:3262} INFO - Creating ORM DAG for example_setup_teardown
[2025-06-20T21:26:41.201+0000] {logging_mixin.py:190} INFO - [2025-06-20T21:26:41.200+0000] {dag.py:4180} INFO - Setting next_dagrun for example_setup_teardown to None, run_after=None
[2025-06-20T21:26:41.259+0000] {processor.py:208} INFO - Processing /home/airflow/.local/lib/python3.12/site-packages/airflow/example_dags/example_setup_teardown.py took 1.501 seconds
[2025-06-20T21:27:11.420+0000] {processor.py:186} INFO - Started process (PID=181) to work on /home/airflow/.local/lib/python3.12/site-packages/airflow/example_dags/example_setup_teardown.py
[2025-06-20T21:27:11.422+0000] {processor.py:914} INFO - Processing file /home/airflow/.local/lib/python3.12/site-packages/airflow/example_dags/example_setup_teardown.py for tasks to queue
[2025-06-20T21:27:11.424+0000] {logging_mixin.py:190} INFO - [2025-06-20T21:27:11.424+0000] {dagbag.py:588} INFO - Filling up the DagBag from /home/airflow/.local/lib/python3.12/site-packages/airflow/example_dags/example_setup_teardown.py
[2025-06-20T21:27:11.431+0000] {processor.py:925} INFO - DAG(s) 'example_setup_teardown' retrieved from /home/airflow/.local/lib/python3.12/site-packages/airflow/example_dags/example_setup_teardown.py
[2025-06-20T21:27:11.451+0000] {logging_mixin.py:190} INFO - [2025-06-20T21:27:11.450+0000] {dag.py:3239} INFO - Sync 1 DAGs
[2025-06-20T21:27:11.465+0000] {logging_mixin.py:190} INFO - [2025-06-20T21:27:11.464+0000] {dag.py:4180} INFO - Setting next_dagrun for example_setup_teardown to None, run_after=None
[2025-06-20T21:27:11.495+0000] {processor.py:208} INFO - Processing /home/airflow/.local/lib/python3.12/site-packages/airflow/example_dags/example_setup_teardown.py took 0.080 seconds
[2025-06-20T21:27:41.718+0000] {processor.py:186} INFO - Started process (PID=245) to work on /home/airflow/.local/lib/python3.12/site-packages/airflow/example_dags/example_setup_teardown.py
[2025-06-20T21:27:41.719+0000] {processor.py:914} INFO - Processing file /home/airflow/.local/lib/python3.12/site-packages/airflow/example_dags/example_setup_teardown.py for tasks to queue
[2025-06-20T21:27:41.722+0000] {logging_mixin.py:190} INFO - [2025-06-20T21:27:41.721+0000] {dagbag.py:588} INFO - Filling up the DagBag from /home/airflow/.local/lib/python3.12/site-packages/airflow/example_dags/example_setup_teardown.py
[2025-06-20T21:27:41.731+0000] {processor.py:925} INFO - DAG(s) 'example_setup_teardown' retrieved from /home/airflow/.local/lib/python3.12/site-packages/airflow/example_dags/example_setup_teardown.py
[2025-06-20T21:27:41.753+0000] {logging_mixin.py:190} INFO - [2025-06-20T21:27:41.753+0000] {dag.py:3239} INFO - Sync 1 DAGs
[2025-06-20T21:27:41.769+0000] {logging_mixin.py:190} INFO - [2025-06-20T21:27:41.769+0000] {dag.py:4180} INFO - Setting next_dagrun for example_setup_teardown to None, run_after=None
[2025-06-20T21:27:41.802+0000] {processor.py:208} INFO - Processing /home/airflow/.local/lib/python3.12/site-packages/airflow/example_dags/example_setup_teardown.py took 0.089 seconds
[2025-06-20T21:28:11.939+0000] {processor.py:186} INFO - Started process (PID=309) to work on /home/airflow/.local/lib/python3.12/site-packages/airflow/example_dags/example_setup_teardown.py
[2025-06-20T21:28:11.940+0000] {processor.py:914} INFO - Processing file /home/airflow/.local/lib/python3.12/site-packages/airflow/example_dags/example_setup_teardown.py for tasks to queue
[2025-06-20T21:28:11.942+0000] {logging_mixin.py:190} INFO - [2025-06-20T21:28:11.941+0000] {dagbag.py:588} INFO - Filling up the DagBag from /home/airflow/.local/lib/python3.12/site-packages/airflow/example_dags/example_setup_teardown.py
[2025-06-20T21:28:11.950+0000] {processor.py:925} INFO - DAG(s) 'example_setup_teardown' retrieved from /home/airflow/.local/lib/python3.12/site-packages/airflow/example_dags/example_setup_teardown.py
[2025-06-20T21:28:11.969+0000] {logging_mixin.py:190} INFO - [2025-06-20T21:28:11.969+0000] {dag.py:3239} INFO - Sync 1 DAGs
[2025-06-20T21:28:11.984+0000] {logging_mixin.py:190} INFO - [2025-06-20T21:28:11.983+0000] {dag.py:4180} INFO - Setting next_dagrun for example_setup_teardown to None, run_after=None
[2025-06-20T21:28:12.016+0000] {processor.py:208} INFO - Processing /home/airflow/.local/lib/python3.12/site-packages/airflow/example_dags/example_setup_teardown.py took 0.082 seconds
[2025-06-20T21:28:44.322+0000] {processor.py:186} INFO - Started process (PID=374) to work on /home/airflow/.local/lib/python3.12/site-packages/airflow/example_dags/example_setup_teardown.py
[2025-06-20T21:28:44.323+0000] {processor.py:914} INFO - Processing file /home/airflow/.local/lib/python3.12/site-packages/airflow/example_dags/example_setup_teardown.py for tasks to queue
[2025-06-20T21:28:44.325+0000] {logging_mixin.py:190} INFO - [2025-06-20T21:28:44.325+0000] {dagbag.py:588} INFO - Filling up the DagBag from /home/airflow/.local/lib/python3.12/site-packages/airflow/example_dags/example_setup_teardown.py
[2025-06-20T21:28:44.332+0000] {processor.py:925} INFO - DAG(s) 'example_setup_teardown' retrieved from /home/airflow/.local/lib/python3.12/site-packages/airflow/example_dags/example_setup_teardown.py
[2025-06-20T21:28:44.352+0000] {logging_mixin.py:190} INFO - [2025-06-20T21:28:44.351+0000] {dag.py:3239} INFO - Sync 1 DAGs
[2025-06-20T21:28:44.366+0000] {logging_mixin.py:190} INFO - [2025-06-20T21:28:44.365+0000] {dag.py:4180} INFO - Setting next_dagrun for example_setup_teardown to None, run_after=None
[2025-06-20T21:28:44.611+0000] {processor.py:208} INFO - Processing /home/airflow/.local/lib/python3.12/site-packages/airflow/example_dags/example_setup_teardown.py took 0.294 seconds
[2025-06-20T21:29:15.299+0000] {processor.py:186} INFO - Started process (PID=438) to work on /home/airflow/.local/lib/python3.12/site-packages/airflow/example_dags/example_setup_teardown.py
[2025-06-20T21:29:15.301+0000] {processor.py:914} INFO - Processing file /home/airflow/.local/lib/python3.12/site-packages/airflow/example_dags/example_setup_teardown.py for tasks to queue
[2025-06-20T21:29:15.303+0000] {logging_mixin.py:190} INFO - [2025-06-20T21:29:15.302+0000] {dagbag.py:588} INFO - Filling up the DagBag from /home/airflow/.local/lib/python3.12/site-packages/airflow/example_dags/example_setup_teardown.py
[2025-06-20T21:29:15.310+0000] {processor.py:925} INFO - DAG(s) 'example_setup_teardown' retrieved from /home/airflow/.local/lib/python3.12/site-packages/airflow/example_dags/example_setup_teardown.py
[2025-06-20T21:29:15.329+0000] {logging_mixin.py:190} INFO - [2025-06-20T21:29:15.329+0000] {dag.py:3239} INFO - Sync 1 DAGs
[2025-06-20T21:29:15.343+0000] {logging_mixin.py:190} INFO - [2025-06-20T21:29:15.342+0000] {dag.py:4180} INFO - Setting next_dagrun for example_setup_teardown to None, run_after=None
[2025-06-20T21:29:15.483+0000] {processor.py:208} INFO - Processing /home/airflow/.local/lib/python3.12/site-packages/airflow/example_dags/example_setup_teardown.py took 0.189 seconds
[2025-06-20T21:29:45.530+0000] {processor.py:186} INFO - Started process (PID=501) to work on /home/airflow/.local/lib/python3.12/site-packages/airflow/example_dags/example_setup_teardown.py
[2025-06-20T21:29:45.531+0000] {processor.py:914} INFO - Processing file /home/airflow/.local/lib/python3.12/site-packages/airflow/example_dags/example_setup_teardown.py for tasks to queue
[2025-06-20T21:29:45.534+0000] {logging_mixin.py:190} INFO - [2025-06-20T21:29:45.534+0000] {dagbag.py:588} INFO - Filling up the DagBag from /home/airflow/.local/lib/python3.12/site-packages/airflow/example_dags/example_setup_teardown.py
[2025-06-20T21:29:45.543+0000] {processor.py:925} INFO - DAG(s) 'example_setup_teardown' retrieved from /home/airflow/.local/lib/python3.12/site-packages/airflow/example_dags/example_setup_teardown.py
[2025-06-20T21:29:45.567+0000] {logging_mixin.py:190} INFO - [2025-06-20T21:29:45.567+0000] {dag.py:3239} INFO - Sync 1 DAGs
[2025-06-20T21:29:45.581+0000] {logging_mixin.py:190} INFO - [2025-06-20T21:29:45.580+0000] {dag.py:4180} INFO - Setting next_dagrun for example_setup_teardown to None, run_after=None
[2025-06-20T21:29:45.616+0000] {processor.py:208} INFO - Processing /home/airflow/.local/lib/python3.12/site-packages/airflow/example_dags/example_setup_teardown.py took 0.093 seconds
[2025-06-20T21:30:15.824+0000] {processor.py:186} INFO - Started process (PID=559) to work on /home/airflow/.local/lib/python3.12/site-packages/airflow/example_dags/example_setup_teardown.py
[2025-06-20T21:30:15.825+0000] {processor.py:914} INFO - Processing file /home/airflow/.local/lib/python3.12/site-packages/airflow/example_dags/example_setup_teardown.py for tasks to queue
[2025-06-20T21:30:15.828+0000] {logging_mixin.py:190} INFO - [2025-06-20T21:30:15.827+0000] {dagbag.py:588} INFO - Filling up the DagBag from /home/airflow/.local/lib/python3.12/site-packages/airflow/example_dags/example_setup_teardown.py
[2025-06-20T21:30:15.835+0000] {processor.py:925} INFO - DAG(s) 'example_setup_teardown' retrieved from /home/airflow/.local/lib/python3.12/site-packages/airflow/example_dags/example_setup_teardown.py
[2025-06-20T21:30:15.860+0000] {logging_mixin.py:190} INFO - [2025-06-20T21:30:15.859+0000] {dag.py:3239} INFO - Sync 1 DAGs
[2025-06-20T21:30:15.875+0000] {logging_mixin.py:190} INFO - [2025-06-20T21:30:15.874+0000] {dag.py:4180} INFO - Setting next_dagrun for example_setup_teardown to None, run_after=None
[2025-06-20T21:30:15.920+0000] {processor.py:208} INFO - Processing /home/airflow/.local/lib/python3.12/site-packages/airflow/example_dags/example_setup_teardown.py took 0.101 seconds
[2025-06-20T21:30:46.493+0000] {processor.py:186} INFO - Started process (PID=623) to work on /home/airflow/.local/lib/python3.12/site-packages/airflow/example_dags/example_setup_teardown.py
[2025-06-20T21:30:46.494+0000] {processor.py:914} INFO - Processing file /home/airflow/.local/lib/python3.12/site-packages/airflow/example_dags/example_setup_teardown.py for tasks to queue
[2025-06-20T21:30:46.496+0000] {logging_mixin.py:190} INFO - [2025-06-20T21:30:46.496+0000] {dagbag.py:588} INFO - Filling up the DagBag from /home/airflow/.local/lib/python3.12/site-packages/airflow/example_dags/example_setup_teardown.py
[2025-06-20T21:30:46.503+0000] {processor.py:925} INFO - DAG(s) 'example_setup_teardown' retrieved from /home/airflow/.local/lib/python3.12/site-packages/airflow/example_dags/example_setup_teardown.py
[2025-06-20T21:30:46.524+0000] {logging_mixin.py:190} INFO - [2025-06-20T21:30:46.524+0000] {dag.py:3239} INFO - Sync 1 DAGs
[2025-06-20T21:30:46.539+0000] {logging_mixin.py:190} INFO - [2025-06-20T21:30:46.539+0000] {dag.py:4180} INFO - Setting next_dagrun for example_setup_teardown to None, run_after=None
[2025-06-20T21:30:46.566+0000] {processor.py:208} INFO - Processing /home/airflow/.local/lib/python3.12/site-packages/airflow/example_dags/example_setup_teardown.py took 0.078 seconds
[2025-06-20T21:31:17.221+0000] {processor.py:186} INFO - Started process (PID=687) to work on /home/airflow/.local/lib/python3.12/site-packages/airflow/example_dags/example_setup_teardown.py
[2025-06-20T21:31:17.222+0000] {processor.py:914} INFO - Processing file /home/airflow/.local/lib/python3.12/site-packages/airflow/example_dags/example_setup_teardown.py for tasks to queue
[2025-06-20T21:31:17.224+0000] {logging_mixin.py:190} INFO - [2025-06-20T21:31:17.224+0000] {dagbag.py:588} INFO - Filling up the DagBag from /home/airflow/.local/lib/python3.12/site-packages/airflow/example_dags/example_setup_teardown.py
[2025-06-20T21:31:17.233+0000] {processor.py:925} INFO - DAG(s) 'example_setup_teardown' retrieved from /home/airflow/.local/lib/python3.12/site-packages/airflow/example_dags/example_setup_teardown.py
[2025-06-20T21:31:17.256+0000] {logging_mixin.py:190} INFO - [2025-06-20T21:31:17.256+0000] {dag.py:3239} INFO - Sync 1 DAGs
[2025-06-20T21:31:17.275+0000] {logging_mixin.py:190} INFO - [2025-06-20T21:31:17.275+0000] {dag.py:4180} INFO - Setting next_dagrun for example_setup_teardown to None, run_after=None
[2025-06-20T21:31:17.399+0000] {processor.py:208} INFO - Processing /home/airflow/.local/lib/python3.12/site-packages/airflow/example_dags/example_setup_teardown.py took 0.184 seconds
[2025-06-20T21:31:47.558+0000] {processor.py:186} INFO - Started process (PID=751) to work on /home/airflow/.local/lib/python3.12/site-packages/airflow/example_dags/example_setup_teardown.py
[2025-06-20T21:31:47.559+0000] {processor.py:914} INFO - Processing file /home/airflow/.local/lib/python3.12/site-packages/airflow/example_dags/example_setup_teardown.py for tasks to queue
[2025-06-20T21:31:47.561+0000] {logging_mixin.py:190} INFO - [2025-06-20T21:31:47.561+0000] {dagbag.py:588} INFO - Filling up the DagBag from /home/airflow/.local/lib/python3.12/site-packages/airflow/example_dags/example_setup_teardown.py
[2025-06-20T21:31:47.568+0000] {processor.py:925} INFO - DAG(s) 'example_setup_teardown' retrieved from /home/airflow/.local/lib/python3.12/site-packages/airflow/example_dags/example_setup_teardown.py
[2025-06-20T21:31:47.588+0000] {logging_mixin.py:190} INFO - [2025-06-20T21:31:47.588+0000] {dag.py:3239} INFO - Sync 1 DAGs
[2025-06-20T21:31:47.602+0000] {logging_mixin.py:190} INFO - [2025-06-20T21:31:47.602+0000] {dag.py:4180} INFO - Setting next_dagrun for example_setup_teardown to None, run_after=None
[2025-06-20T21:31:47.629+0000] {processor.py:208} INFO - Processing /home/airflow/.local/lib/python3.12/site-packages/airflow/example_dags/example_setup_teardown.py took 0.076 seconds
[2025-06-20T21:32:17.855+0000] {processor.py:186} INFO - Started process (PID=815) to work on /home/airflow/.local/lib/python3.12/site-packages/airflow/example_dags/example_setup_teardown.py
[2025-06-20T21:32:17.856+0000] {processor.py:914} INFO - Processing file /home/airflow/.local/lib/python3.12/site-packages/airflow/example_dags/example_setup_teardown.py for tasks to queue
[2025-06-20T21:32:17.859+0000] {logging_mixin.py:190} INFO - [2025-06-20T21:32:17.859+0000] {dagbag.py:588} INFO - Filling up the DagBag from /home/airflow/.local/lib/python3.12/site-packages/airflow/example_dags/example_setup_teardown.py
[2025-06-20T21:32:17.869+0000] {processor.py:925} INFO - DAG(s) 'example_setup_teardown' retrieved from /home/airflow/.local/lib/python3.12/site-packages/airflow/example_dags/example_setup_teardown.py
[2025-06-20T21:32:17.900+0000] {logging_mixin.py:190} INFO - [2025-06-20T21:32:17.900+0000] {dag.py:3239} INFO - Sync 1 DAGs
[2025-06-20T21:32:17.930+0000] {logging_mixin.py:190} INFO - [2025-06-20T21:32:17.929+0000] {dag.py:4180} INFO - Setting next_dagrun for example_setup_teardown to None, run_after=None
[2025-06-20T21:32:17.981+0000] {processor.py:208} INFO - Processing /home/airflow/.local/lib/python3.12/site-packages/airflow/example_dags/example_setup_teardown.py took 0.133 seconds
[2025-06-20T21:32:48.054+0000] {processor.py:186} INFO - Started process (PID=879) to work on /home/airflow/.local/lib/python3.12/site-packages/airflow/example_dags/example_setup_teardown.py
[2025-06-20T21:32:48.056+0000] {processor.py:914} INFO - Processing file /home/airflow/.local/lib/python3.12/site-packages/airflow/example_dags/example_setup_teardown.py for tasks to queue
[2025-06-20T21:32:48.059+0000] {logging_mixin.py:190} INFO - [2025-06-20T21:32:48.058+0000] {dagbag.py:588} INFO - Filling up the DagBag from /home/airflow/.local/lib/python3.12/site-packages/airflow/example_dags/example_setup_teardown.py
[2025-06-20T21:32:48.066+0000] {processor.py:925} INFO - DAG(s) 'example_setup_teardown' retrieved from /home/airflow/.local/lib/python3.12/site-packages/airflow/example_dags/example_setup_teardown.py
[2025-06-20T21:32:48.088+0000] {logging_mixin.py:190} INFO - [2025-06-20T21:32:48.087+0000] {dag.py:3239} INFO - Sync 1 DAGs
[2025-06-20T21:32:48.104+0000] {logging_mixin.py:190} INFO - [2025-06-20T21:32:48.104+0000] {dag.py:4180} INFO - Setting next_dagrun for example_setup_teardown to None, run_after=None
[2025-06-20T21:32:48.139+0000] {processor.py:208} INFO - Processing /home/airflow/.local/lib/python3.12/site-packages/airflow/example_dags/example_setup_teardown.py took 0.090 seconds
[2025-06-20T21:33:19.035+0000] {processor.py:186} INFO - Started process (PID=943) to work on /home/airflow/.local/lib/python3.12/site-packages/airflow/example_dags/example_setup_teardown.py
[2025-06-20T21:33:19.036+0000] {processor.py:914} INFO - Processing file /home/airflow/.local/lib/python3.12/site-packages/airflow/example_dags/example_setup_teardown.py for tasks to queue
[2025-06-20T21:33:19.038+0000] {logging_mixin.py:190} INFO - [2025-06-20T21:33:19.038+0000] {dagbag.py:588} INFO - Filling up the DagBag from /home/airflow/.local/lib/python3.12/site-packages/airflow/example_dags/example_setup_teardown.py
[2025-06-20T21:33:19.046+0000] {processor.py:925} INFO - DAG(s) 'example_setup_teardown' retrieved from /home/airflow/.local/lib/python3.12/site-packages/airflow/example_dags/example_setup_teardown.py
[2025-06-20T21:33:19.067+0000] {logging_mixin.py:190} INFO - [2025-06-20T21:33:19.067+0000] {dag.py:3239} INFO - Sync 1 DAGs
[2025-06-20T21:33:19.081+0000] {logging_mixin.py:190} INFO - [2025-06-20T21:33:19.081+0000] {dag.py:4180} INFO - Setting next_dagrun for example_setup_teardown to None, run_after=None
[2025-06-20T21:33:19.126+0000] {processor.py:208} INFO - Processing /home/airflow/.local/lib/python3.12/site-packages/airflow/example_dags/example_setup_teardown.py took 0.096 seconds
[2025-06-20T21:33:49.732+0000] {processor.py:186} INFO - Started process (PID=1007) to work on /home/airflow/.local/lib/python3.12/site-packages/airflow/example_dags/example_setup_teardown.py
[2025-06-20T21:33:49.733+0000] {processor.py:914} INFO - Processing file /home/airflow/.local/lib/python3.12/site-packages/airflow/example_dags/example_setup_teardown.py for tasks to queue
[2025-06-20T21:33:49.736+0000] {logging_mixin.py:190} INFO - [2025-06-20T21:33:49.736+0000] {dagbag.py:588} INFO - Filling up the DagBag from /home/airflow/.local/lib/python3.12/site-packages/airflow/example_dags/example_setup_teardown.py
[2025-06-20T21:33:49.744+0000] {processor.py:925} INFO - DAG(s) 'example_setup_teardown' retrieved from /home/airflow/.local/lib/python3.12/site-packages/airflow/example_dags/example_setup_teardown.py
[2025-06-20T21:33:49.766+0000] {logging_mixin.py:190} INFO - [2025-06-20T21:33:49.765+0000] {dag.py:3239} INFO - Sync 1 DAGs
[2025-06-20T21:33:49.785+0000] {logging_mixin.py:190} INFO - [2025-06-20T21:33:49.784+0000] {dag.py:4180} INFO - Setting next_dagrun for example_setup_teardown to None, run_after=None
[2025-06-20T21:33:49.832+0000] {processor.py:208} INFO - Processing /home/airflow/.local/lib/python3.12/site-packages/airflow/example_dags/example_setup_teardown.py took 0.105 seconds
[2025-06-20T21:34:20.827+0000] {processor.py:186} INFO - Started process (PID=1071) to work on /home/airflow/.local/lib/python3.12/site-packages/airflow/example_dags/example_setup_teardown.py
[2025-06-20T21:34:20.828+0000] {processor.py:914} INFO - Processing file /home/airflow/.local/lib/python3.12/site-packages/airflow/example_dags/example_setup_teardown.py for tasks to queue
[2025-06-20T21:34:20.830+0000] {logging_mixin.py:190} INFO - [2025-06-20T21:34:20.830+0000] {dagbag.py:588} INFO - Filling up the DagBag from /home/airflow/.local/lib/python3.12/site-packages/airflow/example_dags/example_setup_teardown.py
[2025-06-20T21:34:20.838+0000] {processor.py:925} INFO - DAG(s) 'example_setup_teardown' retrieved from /home/airflow/.local/lib/python3.12/site-packages/airflow/example_dags/example_setup_teardown.py
[2025-06-20T21:34:20.865+0000] {logging_mixin.py:190} INFO - [2025-06-20T21:34:20.864+0000] {dag.py:3239} INFO - Sync 1 DAGs
[2025-06-20T21:34:20.888+0000] {logging_mixin.py:190} INFO - [2025-06-20T21:34:20.888+0000] {dag.py:4180} INFO - Setting next_dagrun for example_setup_teardown to None, run_after=None
[2025-06-20T21:34:20.940+0000] {processor.py:208} INFO - Processing /home/airflow/.local/lib/python3.12/site-packages/airflow/example_dags/example_setup_teardown.py took 0.119 seconds
[2025-06-20T21:34:51.930+0000] {processor.py:186} INFO - Started process (PID=1135) to work on /home/airflow/.local/lib/python3.12/site-packages/airflow/example_dags/example_setup_teardown.py
[2025-06-20T21:34:51.931+0000] {processor.py:914} INFO - Processing file /home/airflow/.local/lib/python3.12/site-packages/airflow/example_dags/example_setup_teardown.py for tasks to queue
[2025-06-20T21:34:51.933+0000] {logging_mixin.py:190} INFO - [2025-06-20T21:34:51.933+0000] {dagbag.py:588} INFO - Filling up the DagBag from /home/airflow/.local/lib/python3.12/site-packages/airflow/example_dags/example_setup_teardown.py
[2025-06-20T21:34:51.940+0000] {processor.py:925} INFO - DAG(s) 'example_setup_teardown' retrieved from /home/airflow/.local/lib/python3.12/site-packages/airflow/example_dags/example_setup_teardown.py
[2025-06-20T21:34:51.959+0000] {logging_mixin.py:190} INFO - [2025-06-20T21:34:51.959+0000] {dag.py:3239} INFO - Sync 1 DAGs
[2025-06-20T21:34:51.973+0000] {logging_mixin.py:190} INFO - [2025-06-20T21:34:51.973+0000] {dag.py:4180} INFO - Setting next_dagrun for example_setup_teardown to None, run_after=None
[2025-06-20T21:34:51.997+0000] {processor.py:208} INFO - Processing /home/airflow/.local/lib/python3.12/site-packages/airflow/example_dags/example_setup_teardown.py took 0.071 seconds
[2025-06-20T21:35:22.176+0000] {processor.py:186} INFO - Started process (PID=1199) to work on /home/airflow/.local/lib/python3.12/site-packages/airflow/example_dags/example_setup_teardown.py
[2025-06-20T21:35:22.177+0000] {processor.py:914} INFO - Processing file /home/airflow/.local/lib/python3.12/site-packages/airflow/example_dags/example_setup_teardown.py for tasks to queue
[2025-06-20T21:35:22.182+0000] {logging_mixin.py:190} INFO - [2025-06-20T21:35:22.181+0000] {dagbag.py:588} INFO - Filling up the DagBag from /home/airflow/.local/lib/python3.12/site-packages/airflow/example_dags/example_setup_teardown.py
[2025-06-20T21:35:22.203+0000] {processor.py:925} INFO - DAG(s) 'example_setup_teardown' retrieved from /home/airflow/.local/lib/python3.12/site-packages/airflow/example_dags/example_setup_teardown.py
[2025-06-20T21:35:22.239+0000] {logging_mixin.py:190} INFO - [2025-06-20T21:35:22.238+0000] {dag.py:3239} INFO - Sync 1 DAGs
[2025-06-20T21:35:22.268+0000] {logging_mixin.py:190} INFO - [2025-06-20T21:35:22.268+0000] {dag.py:4180} INFO - Setting next_dagrun for example_setup_teardown to None, run_after=None
[2025-06-20T21:35:22.294+0000] {processor.py:208} INFO - Processing /home/airflow/.local/lib/python3.12/site-packages/airflow/example_dags/example_setup_teardown.py took 0.125 seconds
[2025-06-20T21:35:53.077+0000] {processor.py:186} INFO - Started process (PID=1263) to work on /home/airflow/.local/lib/python3.12/site-packages/airflow/example_dags/example_setup_teardown.py
[2025-06-20T21:35:53.078+0000] {processor.py:914} INFO - Processing file /home/airflow/.local/lib/python3.12/site-packages/airflow/example_dags/example_setup_teardown.py for tasks to queue
[2025-06-20T21:35:53.081+0000] {logging_mixin.py:190} INFO - [2025-06-20T21:35:53.081+0000] {dagbag.py:588} INFO - Filling up the DagBag from /home/airflow/.local/lib/python3.12/site-packages/airflow/example_dags/example_setup_teardown.py
[2025-06-20T21:35:53.091+0000] {processor.py:925} INFO - DAG(s) 'example_setup_teardown' retrieved from /home/airflow/.local/lib/python3.12/site-packages/airflow/example_dags/example_setup_teardown.py
[2025-06-20T21:35:53.114+0000] {logging_mixin.py:190} INFO - [2025-06-20T21:35:53.114+0000] {dag.py:3239} INFO - Sync 1 DAGs
[2025-06-20T21:35:53.131+0000] {logging_mixin.py:190} INFO - [2025-06-20T21:35:53.130+0000] {dag.py:4180} INFO - Setting next_dagrun for example_setup_teardown to None, run_after=None
[2025-06-20T21:35:53.176+0000] {processor.py:208} INFO - Processing /home/airflow/.local/lib/python3.12/site-packages/airflow/example_dags/example_setup_teardown.py took 0.105 seconds
[2025-06-20T21:36:23.790+0000] {processor.py:186} INFO - Started process (PID=1326) to work on /home/airflow/.local/lib/python3.12/site-packages/airflow/example_dags/example_setup_teardown.py
[2025-06-20T21:36:23.791+0000] {processor.py:914} INFO - Processing file /home/airflow/.local/lib/python3.12/site-packages/airflow/example_dags/example_setup_teardown.py for tasks to queue
[2025-06-20T21:36:23.793+0000] {logging_mixin.py:190} INFO - [2025-06-20T21:36:23.793+0000] {dagbag.py:588} INFO - Filling up the DagBag from /home/airflow/.local/lib/python3.12/site-packages/airflow/example_dags/example_setup_teardown.py
[2025-06-20T21:36:23.801+0000] {processor.py:925} INFO - DAG(s) 'example_setup_teardown' retrieved from /home/airflow/.local/lib/python3.12/site-packages/airflow/example_dags/example_setup_teardown.py
[2025-06-20T21:36:23.821+0000] {logging_mixin.py:190} INFO - [2025-06-20T21:36:23.820+0000] {dag.py:3239} INFO - Sync 1 DAGs
[2025-06-20T21:36:23.835+0000] {logging_mixin.py:190} INFO - [2025-06-20T21:36:23.835+0000] {dag.py:4180} INFO - Setting next_dagrun for example_setup_teardown to None, run_after=None
[2025-06-20T21:36:23.877+0000] {processor.py:208} INFO - Processing /home/airflow/.local/lib/python3.12/site-packages/airflow/example_dags/example_setup_teardown.py took 0.092 seconds
[2025-06-20T21:36:55.336+0000] {processor.py:186} INFO - Started process (PID=1390) to work on /home/airflow/.local/lib/python3.12/site-packages/airflow/example_dags/example_setup_teardown.py
[2025-06-20T21:36:55.337+0000] {processor.py:914} INFO - Processing file /home/airflow/.local/lib/python3.12/site-packages/airflow/example_dags/example_setup_teardown.py for tasks to queue
[2025-06-20T21:36:55.339+0000] {logging_mixin.py:190} INFO - [2025-06-20T21:36:55.339+0000] {dagbag.py:588} INFO - Filling up the DagBag from /home/airflow/.local/lib/python3.12/site-packages/airflow/example_dags/example_setup_teardown.py
[2025-06-20T21:36:55.346+0000] {processor.py:925} INFO - DAG(s) 'example_setup_teardown' retrieved from /home/airflow/.local/lib/python3.12/site-packages/airflow/example_dags/example_setup_teardown.py
[2025-06-20T21:36:55.366+0000] {logging_mixin.py:190} INFO - [2025-06-20T21:36:55.365+0000] {dag.py:3239} INFO - Sync 1 DAGs
[2025-06-20T21:36:55.381+0000] {logging_mixin.py:190} INFO - [2025-06-20T21:36:55.380+0000] {dag.py:4180} INFO - Setting next_dagrun for example_setup_teardown to None, run_after=None
[2025-06-20T21:36:55.406+0000] {processor.py:208} INFO - Processing /home/airflow/.local/lib/python3.12/site-packages/airflow/example_dags/example_setup_teardown.py took 0.075 seconds
[2025-06-20T21:37:26.507+0000] {processor.py:186} INFO - Started process (PID=1454) to work on /home/airflow/.local/lib/python3.12/site-packages/airflow/example_dags/example_setup_teardown.py
[2025-06-20T21:37:26.508+0000] {processor.py:914} INFO - Processing file /home/airflow/.local/lib/python3.12/site-packages/airflow/example_dags/example_setup_teardown.py for tasks to queue
[2025-06-20T21:37:26.510+0000] {logging_mixin.py:190} INFO - [2025-06-20T21:37:26.510+0000] {dagbag.py:588} INFO - Filling up the DagBag from /home/airflow/.local/lib/python3.12/site-packages/airflow/example_dags/example_setup_teardown.py
[2025-06-20T21:37:26.518+0000] {processor.py:925} INFO - DAG(s) 'example_setup_teardown' retrieved from /home/airflow/.local/lib/python3.12/site-packages/airflow/example_dags/example_setup_teardown.py
[2025-06-20T21:37:26.537+0000] {logging_mixin.py:190} INFO - [2025-06-20T21:37:26.537+0000] {dag.py:3239} INFO - Sync 1 DAGs
[2025-06-20T21:37:26.551+0000] {logging_mixin.py:190} INFO - [2025-06-20T21:37:26.551+0000] {dag.py:4180} INFO - Setting next_dagrun for example_setup_teardown to None, run_after=None
[2025-06-20T21:37:26.612+0000] {processor.py:208} INFO - Processing /home/airflow/.local/lib/python3.12/site-packages/airflow/example_dags/example_setup_teardown.py took 0.110 seconds
[2025-06-20T21:37:57.910+0000] {processor.py:186} INFO - Started process (PID=1513) to work on /home/airflow/.local/lib/python3.12/site-packages/airflow/example_dags/example_setup_teardown.py
[2025-06-20T21:37:57.911+0000] {processor.py:914} INFO - Processing file /home/airflow/.local/lib/python3.12/site-packages/airflow/example_dags/example_setup_teardown.py for tasks to queue
[2025-06-20T21:37:57.913+0000] {logging_mixin.py:190} INFO - [2025-06-20T21:37:57.913+0000] {dagbag.py:588} INFO - Filling up the DagBag from /home/airflow/.local/lib/python3.12/site-packages/airflow/example_dags/example_setup_teardown.py
[2025-06-20T21:37:57.921+0000] {processor.py:925} INFO - DAG(s) 'example_setup_teardown' retrieved from /home/airflow/.local/lib/python3.12/site-packages/airflow/example_dags/example_setup_teardown.py
[2025-06-20T21:37:57.943+0000] {logging_mixin.py:190} INFO - [2025-06-20T21:37:57.943+0000] {dag.py:3239} INFO - Sync 1 DAGs
[2025-06-20T21:37:57.957+0000] {logging_mixin.py:190} INFO - [2025-06-20T21:37:57.957+0000] {dag.py:4180} INFO - Setting next_dagrun for example_setup_teardown to None, run_after=None
[2025-06-20T21:37:57.983+0000] {processor.py:208} INFO - Processing /home/airflow/.local/lib/python3.12/site-packages/airflow/example_dags/example_setup_teardown.py took 0.079 seconds
[2025-06-20T21:38:29.743+0000] {processor.py:186} INFO - Started process (PID=1577) to work on /home/airflow/.local/lib/python3.12/site-packages/airflow/example_dags/example_setup_teardown.py
[2025-06-20T21:38:29.744+0000] {processor.py:914} INFO - Processing file /home/airflow/.local/lib/python3.12/site-packages/airflow/example_dags/example_setup_teardown.py for tasks to queue
[2025-06-20T21:38:29.746+0000] {logging_mixin.py:190} INFO - [2025-06-20T21:38:29.746+0000] {dagbag.py:588} INFO - Filling up the DagBag from /home/airflow/.local/lib/python3.12/site-packages/airflow/example_dags/example_setup_teardown.py
[2025-06-20T21:38:29.753+0000] {processor.py:925} INFO - DAG(s) 'example_setup_teardown' retrieved from /home/airflow/.local/lib/python3.12/site-packages/airflow/example_dags/example_setup_teardown.py
[2025-06-20T21:38:29.773+0000] {logging_mixin.py:190} INFO - [2025-06-20T21:38:29.773+0000] {dag.py:3239} INFO - Sync 1 DAGs
[2025-06-20T21:38:29.788+0000] {logging_mixin.py:190} INFO - [2025-06-20T21:38:29.788+0000] {dag.py:4180} INFO - Setting next_dagrun for example_setup_teardown to None, run_after=None
[2025-06-20T21:38:29.833+0000] {processor.py:208} INFO - Processing /home/airflow/.local/lib/python3.12/site-packages/airflow/example_dags/example_setup_teardown.py took 0.096 seconds
[2025-06-20T21:39:00.898+0000] {processor.py:186} INFO - Started process (PID=1641) to work on /home/airflow/.local/lib/python3.12/site-packages/airflow/example_dags/example_setup_teardown.py
[2025-06-20T21:39:00.899+0000] {processor.py:914} INFO - Processing file /home/airflow/.local/lib/python3.12/site-packages/airflow/example_dags/example_setup_teardown.py for tasks to queue
[2025-06-20T21:39:00.901+0000] {logging_mixin.py:190} INFO - [2025-06-20T21:39:00.901+0000] {dagbag.py:588} INFO - Filling up the DagBag from /home/airflow/.local/lib/python3.12/site-packages/airflow/example_dags/example_setup_teardown.py
[2025-06-20T21:39:00.909+0000] {processor.py:925} INFO - DAG(s) 'example_setup_teardown' retrieved from /home/airflow/.local/lib/python3.12/site-packages/airflow/example_dags/example_setup_teardown.py
[2025-06-20T21:39:00.929+0000] {logging_mixin.py:190} INFO - [2025-06-20T21:39:00.928+0000] {dag.py:3239} INFO - Sync 1 DAGs
[2025-06-20T21:39:00.944+0000] {logging_mixin.py:190} INFO - [2025-06-20T21:39:00.944+0000] {dag.py:4180} INFO - Setting next_dagrun for example_setup_teardown to None, run_after=None
[2025-06-20T21:39:00.970+0000] {processor.py:208} INFO - Processing /home/airflow/.local/lib/python3.12/site-packages/airflow/example_dags/example_setup_teardown.py took 0.077 seconds
[2025-06-20T21:39:31.925+0000] {processor.py:186} INFO - Started process (PID=1705) to work on /home/airflow/.local/lib/python3.12/site-packages/airflow/example_dags/example_setup_teardown.py
[2025-06-20T21:39:31.926+0000] {processor.py:914} INFO - Processing file /home/airflow/.local/lib/python3.12/site-packages/airflow/example_dags/example_setup_teardown.py for tasks to queue
[2025-06-20T21:39:31.928+0000] {logging_mixin.py:190} INFO - [2025-06-20T21:39:31.928+0000] {dagbag.py:588} INFO - Filling up the DagBag from /home/airflow/.local/lib/python3.12/site-packages/airflow/example_dags/example_setup_teardown.py
[2025-06-20T21:39:31.935+0000] {processor.py:925} INFO - DAG(s) 'example_setup_teardown' retrieved from /home/airflow/.local/lib/python3.12/site-packages/airflow/example_dags/example_setup_teardown.py
[2025-06-20T21:39:31.954+0000] {logging_mixin.py:190} INFO - [2025-06-20T21:39:31.954+0000] {dag.py:3239} INFO - Sync 1 DAGs
[2025-06-20T21:39:31.969+0000] {logging_mixin.py:190} INFO - [2025-06-20T21:39:31.968+0000] {dag.py:4180} INFO - Setting next_dagrun for example_setup_teardown to None, run_after=None
[2025-06-20T21:39:32.005+0000] {processor.py:208} INFO - Processing /home/airflow/.local/lib/python3.12/site-packages/airflow/example_dags/example_setup_teardown.py took 0.086 seconds
[2025-06-20T21:40:03.692+0000] {processor.py:186} INFO - Started process (PID=1763) to work on /home/airflow/.local/lib/python3.12/site-packages/airflow/example_dags/example_setup_teardown.py
[2025-06-20T21:40:03.693+0000] {processor.py:914} INFO - Processing file /home/airflow/.local/lib/python3.12/site-packages/airflow/example_dags/example_setup_teardown.py for tasks to queue
[2025-06-20T21:40:03.696+0000] {logging_mixin.py:190} INFO - [2025-06-20T21:40:03.695+0000] {dagbag.py:588} INFO - Filling up the DagBag from /home/airflow/.local/lib/python3.12/site-packages/airflow/example_dags/example_setup_teardown.py
[2025-06-20T21:40:03.703+0000] {processor.py:925} INFO - DAG(s) 'example_setup_teardown' retrieved from /home/airflow/.local/lib/python3.12/site-packages/airflow/example_dags/example_setup_teardown.py
[2025-06-20T21:40:03.722+0000] {logging_mixin.py:190} INFO - [2025-06-20T21:40:03.722+0000] {dag.py:3239} INFO - Sync 1 DAGs
[2025-06-20T21:40:03.737+0000] {logging_mixin.py:190} INFO - [2025-06-20T21:40:03.736+0000] {dag.py:4180} INFO - Setting next_dagrun for example_setup_teardown to None, run_after=None
[2025-06-20T21:40:03.773+0000] {processor.py:208} INFO - Processing /home/airflow/.local/lib/python3.12/site-packages/airflow/example_dags/example_setup_teardown.py took 0.086 seconds
[2025-06-20T21:40:34.682+0000] {processor.py:186} INFO - Started process (PID=1827) to work on /home/airflow/.local/lib/python3.12/site-packages/airflow/example_dags/example_setup_teardown.py
[2025-06-20T21:40:34.683+0000] {processor.py:914} INFO - Processing file /home/airflow/.local/lib/python3.12/site-packages/airflow/example_dags/example_setup_teardown.py for tasks to queue
[2025-06-20T21:40:34.685+0000] {logging_mixin.py:190} INFO - [2025-06-20T21:40:34.685+0000] {dagbag.py:588} INFO - Filling up the DagBag from /home/airflow/.local/lib/python3.12/site-packages/airflow/example_dags/example_setup_teardown.py
[2025-06-20T21:40:34.693+0000] {processor.py:925} INFO - DAG(s) 'example_setup_teardown' retrieved from /home/airflow/.local/lib/python3.12/site-packages/airflow/example_dags/example_setup_teardown.py
[2025-06-20T21:40:34.714+0000] {logging_mixin.py:190} INFO - [2025-06-20T21:40:34.714+0000] {dag.py:3239} INFO - Sync 1 DAGs
[2025-06-20T21:40:34.729+0000] {logging_mixin.py:190} INFO - [2025-06-20T21:40:34.729+0000] {dag.py:4180} INFO - Setting next_dagrun for example_setup_teardown to None, run_after=None
[2025-06-20T21:40:34.752+0000] {processor.py:208} INFO - Processing /home/airflow/.local/lib/python3.12/site-packages/airflow/example_dags/example_setup_teardown.py took 0.076 seconds
[2025-06-20T21:41:05.233+0000] {processor.py:186} INFO - Started process (PID=1891) to work on /home/airflow/.local/lib/python3.12/site-packages/airflow/example_dags/example_setup_teardown.py
[2025-06-20T21:41:05.234+0000] {processor.py:914} INFO - Processing file /home/airflow/.local/lib/python3.12/site-packages/airflow/example_dags/example_setup_teardown.py for tasks to queue
[2025-06-20T21:41:05.237+0000] {logging_mixin.py:190} INFO - [2025-06-20T21:41:05.237+0000] {dagbag.py:588} INFO - Filling up the DagBag from /home/airflow/.local/lib/python3.12/site-packages/airflow/example_dags/example_setup_teardown.py
[2025-06-20T21:41:05.246+0000] {processor.py:925} INFO - DAG(s) 'example_setup_teardown' retrieved from /home/airflow/.local/lib/python3.12/site-packages/airflow/example_dags/example_setup_teardown.py
[2025-06-20T21:41:05.267+0000] {logging_mixin.py:190} INFO - [2025-06-20T21:41:05.266+0000] {dag.py:3239} INFO - Sync 1 DAGs
[2025-06-20T21:41:05.283+0000] {logging_mixin.py:190} INFO - [2025-06-20T21:41:05.282+0000] {dag.py:4180} INFO - Setting next_dagrun for example_setup_teardown to None, run_after=None
[2025-06-20T21:41:05.319+0000] {processor.py:208} INFO - Processing /home/airflow/.local/lib/python3.12/site-packages/airflow/example_dags/example_setup_teardown.py took 0.092 seconds
[2025-06-20T21:41:36.331+0000] {processor.py:186} INFO - Started process (PID=1955) to work on /home/airflow/.local/lib/python3.12/site-packages/airflow/example_dags/example_setup_teardown.py
[2025-06-20T21:41:36.333+0000] {processor.py:914} INFO - Processing file /home/airflow/.local/lib/python3.12/site-packages/airflow/example_dags/example_setup_teardown.py for tasks to queue
[2025-06-20T21:41:36.336+0000] {logging_mixin.py:190} INFO - [2025-06-20T21:41:36.335+0000] {dagbag.py:588} INFO - Filling up the DagBag from /home/airflow/.local/lib/python3.12/site-packages/airflow/example_dags/example_setup_teardown.py
[2025-06-20T21:41:36.345+0000] {processor.py:925} INFO - DAG(s) 'example_setup_teardown' retrieved from /home/airflow/.local/lib/python3.12/site-packages/airflow/example_dags/example_setup_teardown.py
[2025-06-20T21:41:36.365+0000] {logging_mixin.py:190} INFO - [2025-06-20T21:41:36.365+0000] {dag.py:3239} INFO - Sync 1 DAGs
[2025-06-20T21:41:36.381+0000] {logging_mixin.py:190} INFO - [2025-06-20T21:41:36.380+0000] {dag.py:4180} INFO - Setting next_dagrun for example_setup_teardown to None, run_after=None
[2025-06-20T21:41:36.405+0000] {processor.py:208} INFO - Processing /home/airflow/.local/lib/python3.12/site-packages/airflow/example_dags/example_setup_teardown.py took 0.079 seconds
[2025-06-20T21:42:08.600+0000] {processor.py:186} INFO - Started process (PID=2021) to work on /home/airflow/.local/lib/python3.12/site-packages/airflow/example_dags/example_setup_teardown.py
[2025-06-20T21:42:08.601+0000] {processor.py:914} INFO - Processing file /home/airflow/.local/lib/python3.12/site-packages/airflow/example_dags/example_setup_teardown.py for tasks to queue
[2025-06-20T21:42:08.605+0000] {logging_mixin.py:190} INFO - [2025-06-20T21:42:08.604+0000] {dagbag.py:588} INFO - Filling up the DagBag from /home/airflow/.local/lib/python3.12/site-packages/airflow/example_dags/example_setup_teardown.py
[2025-06-20T21:42:08.615+0000] {processor.py:925} INFO - DAG(s) 'example_setup_teardown' retrieved from /home/airflow/.local/lib/python3.12/site-packages/airflow/example_dags/example_setup_teardown.py
[2025-06-20T21:42:08.643+0000] {logging_mixin.py:190} INFO - [2025-06-20T21:42:08.642+0000] {dag.py:3239} INFO - Sync 1 DAGs
[2025-06-20T21:42:08.660+0000] {logging_mixin.py:190} INFO - [2025-06-20T21:42:08.660+0000] {dag.py:4180} INFO - Setting next_dagrun for example_setup_teardown to None, run_after=None
[2025-06-20T21:42:08.684+0000] {processor.py:208} INFO - Processing /home/airflow/.local/lib/python3.12/site-packages/airflow/example_dags/example_setup_teardown.py took 0.091 seconds
[2025-06-20T21:42:39.818+0000] {processor.py:186} INFO - Started process (PID=2085) to work on /home/airflow/.local/lib/python3.12/site-packages/airflow/example_dags/example_setup_teardown.py
[2025-06-20T21:42:39.819+0000] {processor.py:914} INFO - Processing file /home/airflow/.local/lib/python3.12/site-packages/airflow/example_dags/example_setup_teardown.py for tasks to queue
[2025-06-20T21:42:39.822+0000] {logging_mixin.py:190} INFO - [2025-06-20T21:42:39.822+0000] {dagbag.py:588} INFO - Filling up the DagBag from /home/airflow/.local/lib/python3.12/site-packages/airflow/example_dags/example_setup_teardown.py
[2025-06-20T21:42:39.830+0000] {processor.py:925} INFO - DAG(s) 'example_setup_teardown' retrieved from /home/airflow/.local/lib/python3.12/site-packages/airflow/example_dags/example_setup_teardown.py
[2025-06-20T21:42:39.851+0000] {logging_mixin.py:190} INFO - [2025-06-20T21:42:39.851+0000] {dag.py:3239} INFO - Sync 1 DAGs
[2025-06-20T21:42:39.867+0000] {logging_mixin.py:190} INFO - [2025-06-20T21:42:39.866+0000] {dag.py:4180} INFO - Setting next_dagrun for example_setup_teardown to None, run_after=None
[2025-06-20T21:42:39.895+0000] {processor.py:208} INFO - Processing /home/airflow/.local/lib/python3.12/site-packages/airflow/example_dags/example_setup_teardown.py took 0.082 seconds
[2025-06-20T21:43:11.425+0000] {processor.py:186} INFO - Started process (PID=2149) to work on /home/airflow/.local/lib/python3.12/site-packages/airflow/example_dags/example_setup_teardown.py
[2025-06-20T21:43:11.427+0000] {processor.py:914} INFO - Processing file /home/airflow/.local/lib/python3.12/site-packages/airflow/example_dags/example_setup_teardown.py for tasks to queue
[2025-06-20T21:43:11.430+0000] {logging_mixin.py:190} INFO - [2025-06-20T21:43:11.429+0000] {dagbag.py:588} INFO - Filling up the DagBag from /home/airflow/.local/lib/python3.12/site-packages/airflow/example_dags/example_setup_teardown.py
[2025-06-20T21:43:11.442+0000] {processor.py:925} INFO - DAG(s) 'example_setup_teardown' retrieved from /home/airflow/.local/lib/python3.12/site-packages/airflow/example_dags/example_setup_teardown.py
[2025-06-20T21:43:11.467+0000] {logging_mixin.py:190} INFO - [2025-06-20T21:43:11.467+0000] {dag.py:3239} INFO - Sync 1 DAGs
[2025-06-20T21:43:11.482+0000] {logging_mixin.py:190} INFO - [2025-06-20T21:43:11.482+0000] {dag.py:4180} INFO - Setting next_dagrun for example_setup_teardown to None, run_after=None
[2025-06-20T21:43:11.506+0000] {processor.py:208} INFO - Processing /home/airflow/.local/lib/python3.12/site-packages/airflow/example_dags/example_setup_teardown.py took 0.086 seconds
[2025-06-20T21:43:42.911+0000] {processor.py:186} INFO - Started process (PID=2215) to work on /home/airflow/.local/lib/python3.12/site-packages/airflow/example_dags/example_setup_teardown.py
[2025-06-20T21:43:42.912+0000] {processor.py:914} INFO - Processing file /home/airflow/.local/lib/python3.12/site-packages/airflow/example_dags/example_setup_teardown.py for tasks to queue
[2025-06-20T21:43:42.915+0000] {logging_mixin.py:190} INFO - [2025-06-20T21:43:42.914+0000] {dagbag.py:588} INFO - Filling up the DagBag from /home/airflow/.local/lib/python3.12/site-packages/airflow/example_dags/example_setup_teardown.py
[2025-06-20T21:43:42.922+0000] {processor.py:925} INFO - DAG(s) 'example_setup_teardown' retrieved from /home/airflow/.local/lib/python3.12/site-packages/airflow/example_dags/example_setup_teardown.py
[2025-06-20T21:43:42.946+0000] {logging_mixin.py:190} INFO - [2025-06-20T21:43:42.945+0000] {dag.py:3239} INFO - Sync 1 DAGs
[2025-06-20T21:43:42.963+0000] {logging_mixin.py:190} INFO - [2025-06-20T21:43:42.963+0000] {dag.py:4180} INFO - Setting next_dagrun for example_setup_teardown to None, run_after=None
[2025-06-20T21:43:43.003+0000] {processor.py:208} INFO - Processing /home/airflow/.local/lib/python3.12/site-packages/airflow/example_dags/example_setup_teardown.py took 0.097 seconds
[2025-06-20T21:44:14.068+0000] {processor.py:186} INFO - Started process (PID=2285) to work on /home/airflow/.local/lib/python3.12/site-packages/airflow/example_dags/example_setup_teardown.py
[2025-06-20T21:44:14.069+0000] {processor.py:914} INFO - Processing file /home/airflow/.local/lib/python3.12/site-packages/airflow/example_dags/example_setup_teardown.py for tasks to queue
[2025-06-20T21:44:14.071+0000] {logging_mixin.py:190} INFO - [2025-06-20T21:44:14.071+0000] {dagbag.py:588} INFO - Filling up the DagBag from /home/airflow/.local/lib/python3.12/site-packages/airflow/example_dags/example_setup_teardown.py
[2025-06-20T21:44:14.078+0000] {processor.py:925} INFO - DAG(s) 'example_setup_teardown' retrieved from /home/airflow/.local/lib/python3.12/site-packages/airflow/example_dags/example_setup_teardown.py
[2025-06-20T21:44:14.098+0000] {logging_mixin.py:190} INFO - [2025-06-20T21:44:14.098+0000] {dag.py:3239} INFO - Sync 1 DAGs
[2025-06-20T21:44:14.112+0000] {logging_mixin.py:190} INFO - [2025-06-20T21:44:14.112+0000] {dag.py:4180} INFO - Setting next_dagrun for example_setup_teardown to None, run_after=None
[2025-06-20T21:44:14.145+0000] {processor.py:208} INFO - Processing /home/airflow/.local/lib/python3.12/site-packages/airflow/example_dags/example_setup_teardown.py took 0.083 seconds
[2025-06-20T21:44:45.920+0000] {processor.py:186} INFO - Started process (PID=2349) to work on /home/airflow/.local/lib/python3.12/site-packages/airflow/example_dags/example_setup_teardown.py
[2025-06-20T21:44:45.922+0000] {processor.py:914} INFO - Processing file /home/airflow/.local/lib/python3.12/site-packages/airflow/example_dags/example_setup_teardown.py for tasks to queue
[2025-06-20T21:44:45.924+0000] {logging_mixin.py:190} INFO - [2025-06-20T21:44:45.924+0000] {dagbag.py:588} INFO - Filling up the DagBag from /home/airflow/.local/lib/python3.12/site-packages/airflow/example_dags/example_setup_teardown.py
[2025-06-20T21:44:45.934+0000] {processor.py:925} INFO - DAG(s) 'example_setup_teardown' retrieved from /home/airflow/.local/lib/python3.12/site-packages/airflow/example_dags/example_setup_teardown.py
[2025-06-20T21:44:45.959+0000] {logging_mixin.py:190} INFO - [2025-06-20T21:44:45.958+0000] {dag.py:3239} INFO - Sync 1 DAGs
[2025-06-20T21:44:45.974+0000] {logging_mixin.py:190} INFO - [2025-06-20T21:44:45.974+0000] {dag.py:4180} INFO - Setting next_dagrun for example_setup_teardown to None, run_after=None
[2025-06-20T21:44:46.001+0000] {processor.py:208} INFO - Processing /home/airflow/.local/lib/python3.12/site-packages/airflow/example_dags/example_setup_teardown.py took 0.086 seconds
[2025-06-20T21:45:17.807+0000] {processor.py:186} INFO - Started process (PID=2413) to work on /home/airflow/.local/lib/python3.12/site-packages/airflow/example_dags/example_setup_teardown.py
[2025-06-20T21:45:17.808+0000] {processor.py:914} INFO - Processing file /home/airflow/.local/lib/python3.12/site-packages/airflow/example_dags/example_setup_teardown.py for tasks to queue
[2025-06-20T21:45:17.811+0000] {logging_mixin.py:190} INFO - [2025-06-20T21:45:17.811+0000] {dagbag.py:588} INFO - Filling up the DagBag from /home/airflow/.local/lib/python3.12/site-packages/airflow/example_dags/example_setup_teardown.py
[2025-06-20T21:45:17.819+0000] {processor.py:925} INFO - DAG(s) 'example_setup_teardown' retrieved from /home/airflow/.local/lib/python3.12/site-packages/airflow/example_dags/example_setup_teardown.py
[2025-06-20T21:45:17.840+0000] {logging_mixin.py:190} INFO - [2025-06-20T21:45:17.840+0000] {dag.py:3239} INFO - Sync 1 DAGs
[2025-06-20T21:45:17.856+0000] {logging_mixin.py:190} INFO - [2025-06-20T21:45:17.855+0000] {dag.py:4180} INFO - Setting next_dagrun for example_setup_teardown to None, run_after=None
[2025-06-20T21:45:17.880+0000] {processor.py:208} INFO - Processing /home/airflow/.local/lib/python3.12/site-packages/airflow/example_dags/example_setup_teardown.py took 0.078 seconds
[2025-06-20T21:45:49.777+0000] {processor.py:186} INFO - Started process (PID=2477) to work on /home/airflow/.local/lib/python3.12/site-packages/airflow/example_dags/example_setup_teardown.py
[2025-06-20T21:45:49.778+0000] {processor.py:914} INFO - Processing file /home/airflow/.local/lib/python3.12/site-packages/airflow/example_dags/example_setup_teardown.py for tasks to queue
[2025-06-20T21:45:49.781+0000] {logging_mixin.py:190} INFO - [2025-06-20T21:45:49.781+0000] {dagbag.py:588} INFO - Filling up the DagBag from /home/airflow/.local/lib/python3.12/site-packages/airflow/example_dags/example_setup_teardown.py
[2025-06-20T21:45:49.794+0000] {processor.py:925} INFO - DAG(s) 'example_setup_teardown' retrieved from /home/airflow/.local/lib/python3.12/site-packages/airflow/example_dags/example_setup_teardown.py
[2025-06-20T21:45:49.828+0000] {logging_mixin.py:190} INFO - [2025-06-20T21:45:49.828+0000] {dag.py:3239} INFO - Sync 1 DAGs
[2025-06-20T21:45:49.846+0000] {logging_mixin.py:190} INFO - [2025-06-20T21:45:49.845+0000] {dag.py:4180} INFO - Setting next_dagrun for example_setup_teardown to None, run_after=None
[2025-06-20T21:45:49.913+0000] {processor.py:208} INFO - Processing /home/airflow/.local/lib/python3.12/site-packages/airflow/example_dags/example_setup_teardown.py took 0.143 seconds
[2025-06-20T21:46:21.321+0000] {processor.py:186} INFO - Started process (PID=2541) to work on /home/airflow/.local/lib/python3.12/site-packages/airflow/example_dags/example_setup_teardown.py
[2025-06-20T21:46:21.322+0000] {processor.py:914} INFO - Processing file /home/airflow/.local/lib/python3.12/site-packages/airflow/example_dags/example_setup_teardown.py for tasks to queue
[2025-06-20T21:46:21.325+0000] {logging_mixin.py:190} INFO - [2025-06-20T21:46:21.324+0000] {dagbag.py:588} INFO - Filling up the DagBag from /home/airflow/.local/lib/python3.12/site-packages/airflow/example_dags/example_setup_teardown.py
[2025-06-20T21:46:21.333+0000] {processor.py:925} INFO - DAG(s) 'example_setup_teardown' retrieved from /home/airflow/.local/lib/python3.12/site-packages/airflow/example_dags/example_setup_teardown.py
[2025-06-20T21:46:21.355+0000] {logging_mixin.py:190} INFO - [2025-06-20T21:46:21.355+0000] {dag.py:3239} INFO - Sync 1 DAGs
[2025-06-20T21:46:21.370+0000] {logging_mixin.py:190} INFO - [2025-06-20T21:46:21.370+0000] {dag.py:4180} INFO - Setting next_dagrun for example_setup_teardown to None, run_after=None
[2025-06-20T21:46:21.411+0000] {processor.py:208} INFO - Processing /home/airflow/.local/lib/python3.12/site-packages/airflow/example_dags/example_setup_teardown.py took 0.095 seconds
[2025-06-20T21:46:52.356+0000] {processor.py:186} INFO - Started process (PID=2605) to work on /home/airflow/.local/lib/python3.12/site-packages/airflow/example_dags/example_setup_teardown.py
[2025-06-20T21:46:52.358+0000] {processor.py:914} INFO - Processing file /home/airflow/.local/lib/python3.12/site-packages/airflow/example_dags/example_setup_teardown.py for tasks to queue
[2025-06-20T21:46:52.360+0000] {logging_mixin.py:190} INFO - [2025-06-20T21:46:52.360+0000] {dagbag.py:588} INFO - Filling up the DagBag from /home/airflow/.local/lib/python3.12/site-packages/airflow/example_dags/example_setup_teardown.py
[2025-06-20T21:46:52.368+0000] {processor.py:925} INFO - DAG(s) 'example_setup_teardown' retrieved from /home/airflow/.local/lib/python3.12/site-packages/airflow/example_dags/example_setup_teardown.py
[2025-06-20T21:46:52.389+0000] {logging_mixin.py:190} INFO - [2025-06-20T21:46:52.389+0000] {dag.py:3239} INFO - Sync 1 DAGs
[2025-06-20T21:46:52.404+0000] {logging_mixin.py:190} INFO - [2025-06-20T21:46:52.403+0000] {dag.py:4180} INFO - Setting next_dagrun for example_setup_teardown to None, run_after=None
[2025-06-20T21:46:52.472+0000] {processor.py:208} INFO - Processing /home/airflow/.local/lib/python3.12/site-packages/airflow/example_dags/example_setup_teardown.py took 0.121 seconds
[2025-06-20T21:47:23.718+0000] {processor.py:186} INFO - Started process (PID=2669) to work on /home/airflow/.local/lib/python3.12/site-packages/airflow/example_dags/example_setup_teardown.py
[2025-06-20T21:47:23.720+0000] {processor.py:914} INFO - Processing file /home/airflow/.local/lib/python3.12/site-packages/airflow/example_dags/example_setup_teardown.py for tasks to queue
[2025-06-20T21:47:23.722+0000] {logging_mixin.py:190} INFO - [2025-06-20T21:47:23.722+0000] {dagbag.py:588} INFO - Filling up the DagBag from /home/airflow/.local/lib/python3.12/site-packages/airflow/example_dags/example_setup_teardown.py
[2025-06-20T21:47:23.730+0000] {processor.py:925} INFO - DAG(s) 'example_setup_teardown' retrieved from /home/airflow/.local/lib/python3.12/site-packages/airflow/example_dags/example_setup_teardown.py
[2025-06-20T21:47:23.753+0000] {logging_mixin.py:190} INFO - [2025-06-20T21:47:23.752+0000] {dag.py:3239} INFO - Sync 1 DAGs
[2025-06-20T21:47:23.768+0000] {logging_mixin.py:190} INFO - [2025-06-20T21:47:23.767+0000] {dag.py:4180} INFO - Setting next_dagrun for example_setup_teardown to None, run_after=None
[2025-06-20T21:47:23.797+0000] {processor.py:208} INFO - Processing /home/airflow/.local/lib/python3.12/site-packages/airflow/example_dags/example_setup_teardown.py took 0.083 seconds
[2025-06-20T21:47:55.456+0000] {processor.py:186} INFO - Started process (PID=2733) to work on /home/airflow/.local/lib/python3.12/site-packages/airflow/example_dags/example_setup_teardown.py
[2025-06-20T21:47:55.481+0000] {processor.py:914} INFO - Processing file /home/airflow/.local/lib/python3.12/site-packages/airflow/example_dags/example_setup_teardown.py for tasks to queue
[2025-06-20T21:47:55.483+0000] {logging_mixin.py:190} INFO - [2025-06-20T21:47:55.483+0000] {dagbag.py:588} INFO - Filling up the DagBag from /home/airflow/.local/lib/python3.12/site-packages/airflow/example_dags/example_setup_teardown.py
[2025-06-20T21:47:55.491+0000] {processor.py:925} INFO - DAG(s) 'example_setup_teardown' retrieved from /home/airflow/.local/lib/python3.12/site-packages/airflow/example_dags/example_setup_teardown.py
[2025-06-20T21:47:55.513+0000] {logging_mixin.py:190} INFO - [2025-06-20T21:47:55.513+0000] {dag.py:3239} INFO - Sync 1 DAGs
[2025-06-20T21:47:55.528+0000] {logging_mixin.py:190} INFO - [2025-06-20T21:47:55.527+0000] {dag.py:4180} INFO - Setting next_dagrun for example_setup_teardown to None, run_after=None
[2025-06-20T21:47:55.560+0000] {processor.py:208} INFO - Processing /home/airflow/.local/lib/python3.12/site-packages/airflow/example_dags/example_setup_teardown.py took 0.109 seconds
[2025-06-20T21:48:26.818+0000] {processor.py:186} INFO - Started process (PID=2797) to work on /home/airflow/.local/lib/python3.12/site-packages/airflow/example_dags/example_setup_teardown.py
[2025-06-20T21:48:26.819+0000] {processor.py:914} INFO - Processing file /home/airflow/.local/lib/python3.12/site-packages/airflow/example_dags/example_setup_teardown.py for tasks to queue
[2025-06-20T21:48:26.821+0000] {logging_mixin.py:190} INFO - [2025-06-20T21:48:26.821+0000] {dagbag.py:588} INFO - Filling up the DagBag from /home/airflow/.local/lib/python3.12/site-packages/airflow/example_dags/example_setup_teardown.py
[2025-06-20T21:48:26.828+0000] {processor.py:925} INFO - DAG(s) 'example_setup_teardown' retrieved from /home/airflow/.local/lib/python3.12/site-packages/airflow/example_dags/example_setup_teardown.py
[2025-06-20T21:48:26.849+0000] {logging_mixin.py:190} INFO - [2025-06-20T21:48:26.849+0000] {dag.py:3239} INFO - Sync 1 DAGs
[2025-06-20T21:48:26.863+0000] {logging_mixin.py:190} INFO - [2025-06-20T21:48:26.863+0000] {dag.py:4180} INFO - Setting next_dagrun for example_setup_teardown to None, run_after=None
[2025-06-20T21:48:26.890+0000] {processor.py:208} INFO - Processing /home/airflow/.local/lib/python3.12/site-packages/airflow/example_dags/example_setup_teardown.py took 0.077 seconds
[2025-06-20T21:48:58.007+0000] {processor.py:186} INFO - Started process (PID=2861) to work on /home/airflow/.local/lib/python3.12/site-packages/airflow/example_dags/example_setup_teardown.py
[2025-06-20T21:48:58.008+0000] {processor.py:914} INFO - Processing file /home/airflow/.local/lib/python3.12/site-packages/airflow/example_dags/example_setup_teardown.py for tasks to queue
[2025-06-20T21:48:58.011+0000] {logging_mixin.py:190} INFO - [2025-06-20T21:48:58.011+0000] {dagbag.py:588} INFO - Filling up the DagBag from /home/airflow/.local/lib/python3.12/site-packages/airflow/example_dags/example_setup_teardown.py
[2025-06-20T21:48:58.020+0000] {processor.py:925} INFO - DAG(s) 'example_setup_teardown' retrieved from /home/airflow/.local/lib/python3.12/site-packages/airflow/example_dags/example_setup_teardown.py
[2025-06-20T21:48:58.041+0000] {logging_mixin.py:190} INFO - [2025-06-20T21:48:58.040+0000] {dag.py:3239} INFO - Sync 1 DAGs
[2025-06-20T21:48:58.055+0000] {logging_mixin.py:190} INFO - [2025-06-20T21:48:58.054+0000] {dag.py:4180} INFO - Setting next_dagrun for example_setup_teardown to None, run_after=None
[2025-06-20T21:48:58.082+0000] {processor.py:208} INFO - Processing /home/airflow/.local/lib/python3.12/site-packages/airflow/example_dags/example_setup_teardown.py took 0.082 seconds
[2025-06-20T21:49:29.539+0000] {processor.py:186} INFO - Started process (PID=2925) to work on /home/airflow/.local/lib/python3.12/site-packages/airflow/example_dags/example_setup_teardown.py
[2025-06-20T21:49:29.540+0000] {processor.py:914} INFO - Processing file /home/airflow/.local/lib/python3.12/site-packages/airflow/example_dags/example_setup_teardown.py for tasks to queue
[2025-06-20T21:49:29.543+0000] {logging_mixin.py:190} INFO - [2025-06-20T21:49:29.542+0000] {dagbag.py:588} INFO - Filling up the DagBag from /home/airflow/.local/lib/python3.12/site-packages/airflow/example_dags/example_setup_teardown.py
[2025-06-20T21:49:29.550+0000] {processor.py:925} INFO - DAG(s) 'example_setup_teardown' retrieved from /home/airflow/.local/lib/python3.12/site-packages/airflow/example_dags/example_setup_teardown.py
[2025-06-20T21:49:29.570+0000] {logging_mixin.py:190} INFO - [2025-06-20T21:49:29.570+0000] {dag.py:3239} INFO - Sync 1 DAGs
[2025-06-20T21:49:29.584+0000] {logging_mixin.py:190} INFO - [2025-06-20T21:49:29.583+0000] {dag.py:4180} INFO - Setting next_dagrun for example_setup_teardown to None, run_after=None
[2025-06-20T21:49:29.610+0000] {processor.py:208} INFO - Processing /home/airflow/.local/lib/python3.12/site-packages/airflow/example_dags/example_setup_teardown.py took 0.076 seconds
[2025-06-20T21:50:01.071+0000] {processor.py:186} INFO - Started process (PID=2989) to work on /home/airflow/.local/lib/python3.12/site-packages/airflow/example_dags/example_setup_teardown.py
[2025-06-20T21:50:01.072+0000] {processor.py:914} INFO - Processing file /home/airflow/.local/lib/python3.12/site-packages/airflow/example_dags/example_setup_teardown.py for tasks to queue
[2025-06-20T21:50:01.075+0000] {logging_mixin.py:190} INFO - [2025-06-20T21:50:01.074+0000] {dagbag.py:588} INFO - Filling up the DagBag from /home/airflow/.local/lib/python3.12/site-packages/airflow/example_dags/example_setup_teardown.py
[2025-06-20T21:50:01.082+0000] {processor.py:925} INFO - DAG(s) 'example_setup_teardown' retrieved from /home/airflow/.local/lib/python3.12/site-packages/airflow/example_dags/example_setup_teardown.py
[2025-06-20T21:50:01.101+0000] {logging_mixin.py:190} INFO - [2025-06-20T21:50:01.101+0000] {dag.py:3239} INFO - Sync 1 DAGs
[2025-06-20T21:50:01.117+0000] {logging_mixin.py:190} INFO - [2025-06-20T21:50:01.117+0000] {dag.py:4180} INFO - Setting next_dagrun for example_setup_teardown to None, run_after=None
[2025-06-20T21:50:01.142+0000] {processor.py:208} INFO - Processing /home/airflow/.local/lib/python3.12/site-packages/airflow/example_dags/example_setup_teardown.py took 0.076 seconds
[2025-06-20T21:50:33.808+0000] {processor.py:186} INFO - Started process (PID=3053) to work on /home/airflow/.local/lib/python3.12/site-packages/airflow/example_dags/example_setup_teardown.py
[2025-06-20T21:50:33.809+0000] {processor.py:914} INFO - Processing file /home/airflow/.local/lib/python3.12/site-packages/airflow/example_dags/example_setup_teardown.py for tasks to queue
[2025-06-20T21:50:33.811+0000] {logging_mixin.py:190} INFO - [2025-06-20T21:50:33.811+0000] {dagbag.py:588} INFO - Filling up the DagBag from /home/airflow/.local/lib/python3.12/site-packages/airflow/example_dags/example_setup_teardown.py
[2025-06-20T21:50:33.818+0000] {processor.py:925} INFO - DAG(s) 'example_setup_teardown' retrieved from /home/airflow/.local/lib/python3.12/site-packages/airflow/example_dags/example_setup_teardown.py
[2025-06-20T21:50:33.837+0000] {logging_mixin.py:190} INFO - [2025-06-20T21:50:33.837+0000] {dag.py:3239} INFO - Sync 1 DAGs
[2025-06-20T21:50:33.851+0000] {logging_mixin.py:190} INFO - [2025-06-20T21:50:33.851+0000] {dag.py:4180} INFO - Setting next_dagrun for example_setup_teardown to None, run_after=None
[2025-06-20T21:50:33.888+0000] {processor.py:208} INFO - Processing /home/airflow/.local/lib/python3.12/site-packages/airflow/example_dags/example_setup_teardown.py took 0.085 seconds
[2025-06-20T21:51:06.272+0000] {processor.py:186} INFO - Started process (PID=3117) to work on /home/airflow/.local/lib/python3.12/site-packages/airflow/example_dags/example_setup_teardown.py
[2025-06-20T21:51:06.274+0000] {processor.py:914} INFO - Processing file /home/airflow/.local/lib/python3.12/site-packages/airflow/example_dags/example_setup_teardown.py for tasks to queue
[2025-06-20T21:51:06.277+0000] {logging_mixin.py:190} INFO - [2025-06-20T21:51:06.276+0000] {dagbag.py:588} INFO - Filling up the DagBag from /home/airflow/.local/lib/python3.12/site-packages/airflow/example_dags/example_setup_teardown.py
[2025-06-20T21:51:06.286+0000] {processor.py:925} INFO - DAG(s) 'example_setup_teardown' retrieved from /home/airflow/.local/lib/python3.12/site-packages/airflow/example_dags/example_setup_teardown.py
[2025-06-20T21:51:06.311+0000] {logging_mixin.py:190} INFO - [2025-06-20T21:51:06.311+0000] {dag.py:3239} INFO - Sync 1 DAGs
[2025-06-20T21:51:06.332+0000] {logging_mixin.py:190} INFO - [2025-06-20T21:51:06.332+0000] {dag.py:4180} INFO - Setting next_dagrun for example_setup_teardown to None, run_after=None
[2025-06-20T21:51:06.362+0000] {processor.py:208} INFO - Processing /home/airflow/.local/lib/python3.12/site-packages/airflow/example_dags/example_setup_teardown.py took 0.098 seconds
[2025-06-20T21:51:36.693+0000] {processor.py:186} INFO - Started process (PID=3181) to work on /home/airflow/.local/lib/python3.12/site-packages/airflow/example_dags/example_setup_teardown.py
[2025-06-20T21:51:36.694+0000] {processor.py:914} INFO - Processing file /home/airflow/.local/lib/python3.12/site-packages/airflow/example_dags/example_setup_teardown.py for tasks to queue
[2025-06-20T21:51:36.696+0000] {logging_mixin.py:190} INFO - [2025-06-20T21:51:36.696+0000] {dagbag.py:588} INFO - Filling up the DagBag from /home/airflow/.local/lib/python3.12/site-packages/airflow/example_dags/example_setup_teardown.py
[2025-06-20T21:51:36.704+0000] {processor.py:925} INFO - DAG(s) 'example_setup_teardown' retrieved from /home/airflow/.local/lib/python3.12/site-packages/airflow/example_dags/example_setup_teardown.py
[2025-06-20T21:51:36.726+0000] {logging_mixin.py:190} INFO - [2025-06-20T21:51:36.725+0000] {dag.py:3239} INFO - Sync 1 DAGs
[2025-06-20T21:51:36.879+0000] {logging_mixin.py:190} INFO - [2025-06-20T21:51:36.878+0000] {dag.py:4180} INFO - Setting next_dagrun for example_setup_teardown to None, run_after=None
[2025-06-20T21:51:36.905+0000] {processor.py:208} INFO - Processing /home/airflow/.local/lib/python3.12/site-packages/airflow/example_dags/example_setup_teardown.py took 0.218 seconds
[2025-06-20T21:52:07.997+0000] {processor.py:186} INFO - Started process (PID=3246) to work on /home/airflow/.local/lib/python3.12/site-packages/airflow/example_dags/example_setup_teardown.py
[2025-06-20T21:52:07.999+0000] {processor.py:914} INFO - Processing file /home/airflow/.local/lib/python3.12/site-packages/airflow/example_dags/example_setup_teardown.py for tasks to queue
[2025-06-20T21:52:08.001+0000] {logging_mixin.py:190} INFO - [2025-06-20T21:52:08.001+0000] {dagbag.py:588} INFO - Filling up the DagBag from /home/airflow/.local/lib/python3.12/site-packages/airflow/example_dags/example_setup_teardown.py
[2025-06-20T21:52:08.008+0000] {processor.py:925} INFO - DAG(s) 'example_setup_teardown' retrieved from /home/airflow/.local/lib/python3.12/site-packages/airflow/example_dags/example_setup_teardown.py
[2025-06-20T21:52:08.030+0000] {logging_mixin.py:190} INFO - [2025-06-20T21:52:08.030+0000] {dag.py:3239} INFO - Sync 1 DAGs
[2025-06-20T21:52:08.044+0000] {logging_mixin.py:190} INFO - [2025-06-20T21:52:08.044+0000] {dag.py:4180} INFO - Setting next_dagrun for example_setup_teardown to None, run_after=None
[2025-06-20T21:52:08.073+0000] {processor.py:208} INFO - Processing /home/airflow/.local/lib/python3.12/site-packages/airflow/example_dags/example_setup_teardown.py took 0.080 seconds
[2025-06-20T21:52:39.427+0000] {processor.py:186} INFO - Started process (PID=3311) to work on /home/airflow/.local/lib/python3.12/site-packages/airflow/example_dags/example_setup_teardown.py
[2025-06-20T21:52:39.428+0000] {processor.py:914} INFO - Processing file /home/airflow/.local/lib/python3.12/site-packages/airflow/example_dags/example_setup_teardown.py for tasks to queue
[2025-06-20T21:52:39.430+0000] {logging_mixin.py:190} INFO - [2025-06-20T21:52:39.430+0000] {dagbag.py:588} INFO - Filling up the DagBag from /home/airflow/.local/lib/python3.12/site-packages/airflow/example_dags/example_setup_teardown.py
[2025-06-20T21:52:39.438+0000] {processor.py:925} INFO - DAG(s) 'example_setup_teardown' retrieved from /home/airflow/.local/lib/python3.12/site-packages/airflow/example_dags/example_setup_teardown.py
[2025-06-20T21:52:39.459+0000] {logging_mixin.py:190} INFO - [2025-06-20T21:52:39.459+0000] {dag.py:3239} INFO - Sync 1 DAGs
[2025-06-20T21:52:39.474+0000] {logging_mixin.py:190} INFO - [2025-06-20T21:52:39.473+0000] {dag.py:4180} INFO - Setting next_dagrun for example_setup_teardown to None, run_after=None
[2025-06-20T21:52:39.507+0000] {processor.py:208} INFO - Processing /home/airflow/.local/lib/python3.12/site-packages/airflow/example_dags/example_setup_teardown.py took 0.086 seconds
[2025-06-20T21:53:10.477+0000] {processor.py:186} INFO - Started process (PID=3375) to work on /home/airflow/.local/lib/python3.12/site-packages/airflow/example_dags/example_setup_teardown.py
[2025-06-20T21:53:10.478+0000] {processor.py:914} INFO - Processing file /home/airflow/.local/lib/python3.12/site-packages/airflow/example_dags/example_setup_teardown.py for tasks to queue
[2025-06-20T21:53:10.481+0000] {logging_mixin.py:190} INFO - [2025-06-20T21:53:10.481+0000] {dagbag.py:588} INFO - Filling up the DagBag from /home/airflow/.local/lib/python3.12/site-packages/airflow/example_dags/example_setup_teardown.py
[2025-06-20T21:53:10.489+0000] {processor.py:925} INFO - DAG(s) 'example_setup_teardown' retrieved from /home/airflow/.local/lib/python3.12/site-packages/airflow/example_dags/example_setup_teardown.py
[2025-06-20T21:53:10.510+0000] {logging_mixin.py:190} INFO - [2025-06-20T21:53:10.510+0000] {dag.py:3239} INFO - Sync 1 DAGs
[2025-06-20T21:53:10.524+0000] {logging_mixin.py:190} INFO - [2025-06-20T21:53:10.524+0000] {dag.py:4180} INFO - Setting next_dagrun for example_setup_teardown to None, run_after=None
[2025-06-20T21:53:10.560+0000] {processor.py:208} INFO - Processing /home/airflow/.local/lib/python3.12/site-packages/airflow/example_dags/example_setup_teardown.py took 0.088 seconds
[2025-06-20T21:53:41.330+0000] {processor.py:186} INFO - Started process (PID=3439) to work on /home/airflow/.local/lib/python3.12/site-packages/airflow/example_dags/example_setup_teardown.py
[2025-06-20T21:53:41.331+0000] {processor.py:914} INFO - Processing file /home/airflow/.local/lib/python3.12/site-packages/airflow/example_dags/example_setup_teardown.py for tasks to queue
[2025-06-20T21:53:41.333+0000] {logging_mixin.py:190} INFO - [2025-06-20T21:53:41.333+0000] {dagbag.py:588} INFO - Filling up the DagBag from /home/airflow/.local/lib/python3.12/site-packages/airflow/example_dags/example_setup_teardown.py
[2025-06-20T21:53:41.341+0000] {processor.py:925} INFO - DAG(s) 'example_setup_teardown' retrieved from /home/airflow/.local/lib/python3.12/site-packages/airflow/example_dags/example_setup_teardown.py
[2025-06-20T21:53:41.361+0000] {logging_mixin.py:190} INFO - [2025-06-20T21:53:41.361+0000] {dag.py:3239} INFO - Sync 1 DAGs
[2025-06-20T21:53:41.374+0000] {logging_mixin.py:190} INFO - [2025-06-20T21:53:41.374+0000] {dag.py:4180} INFO - Setting next_dagrun for example_setup_teardown to None, run_after=None
[2025-06-20T21:53:41.398+0000] {processor.py:208} INFO - Processing /home/airflow/.local/lib/python3.12/site-packages/airflow/example_dags/example_setup_teardown.py took 0.073 seconds
[2025-06-20T21:55:51.908+0000] {processor.py:186} INFO - Started process (PID=104) to work on /home/airflow/.local/lib/python3.12/site-packages/airflow/example_dags/example_setup_teardown.py
[2025-06-20T21:55:51.909+0000] {processor.py:914} INFO - Processing file /home/airflow/.local/lib/python3.12/site-packages/airflow/example_dags/example_setup_teardown.py for tasks to queue
[2025-06-20T21:55:51.912+0000] {logging_mixin.py:190} INFO - [2025-06-20T21:55:51.911+0000] {dagbag.py:588} INFO - Filling up the DagBag from /home/airflow/.local/lib/python3.12/site-packages/airflow/example_dags/example_setup_teardown.py
[2025-06-20T21:55:51.920+0000] {processor.py:925} INFO - DAG(s) 'example_setup_teardown' retrieved from /home/airflow/.local/lib/python3.12/site-packages/airflow/example_dags/example_setup_teardown.py
[2025-06-20T21:55:52.059+0000] {logging_mixin.py:190} INFO - [2025-06-20T21:55:52.058+0000] {override.py:1911} INFO - Created Permission View: can delete on DAG:example_setup_teardown
[2025-06-20T21:55:52.080+0000] {logging_mixin.py:190} INFO - [2025-06-20T21:55:52.080+0000] {override.py:1911} INFO - Created Permission View: can edit on DAG:example_setup_teardown
[2025-06-20T21:55:52.102+0000] {logging_mixin.py:190} INFO - [2025-06-20T21:55:52.101+0000] {override.py:1911} INFO - Created Permission View: can read on DAG:example_setup_teardown
[2025-06-20T21:55:52.145+0000] {logging_mixin.py:190} INFO - [2025-06-20T21:55:52.144+0000] {override.py:1911} INFO - Created Permission View: can delete on DAG Run:example_setup_teardown
[2025-06-20T21:55:52.168+0000] {logging_mixin.py:190} INFO - [2025-06-20T21:55:52.167+0000] {override.py:1911} INFO - Created Permission View: menu access on DAG Run:example_setup_teardown
[2025-06-20T21:55:52.179+0000] {logging_mixin.py:190} INFO - [2025-06-20T21:55:52.178+0000] {override.py:1911} INFO - Created Permission View: can create on DAG Run:example_setup_teardown
[2025-06-20T21:55:52.200+0000] {logging_mixin.py:190} INFO - [2025-06-20T21:55:52.200+0000] {override.py:1911} INFO - Created Permission View: can read on DAG Run:example_setup_teardown
[2025-06-20T21:55:52.201+0000] {logging_mixin.py:190} INFO - [2025-06-20T21:55:52.200+0000] {dag.py:3239} INFO - Sync 1 DAGs
[2025-06-20T21:55:52.213+0000] {logging_mixin.py:190} INFO - [2025-06-20T21:55:52.213+0000] {dag.py:3262} INFO - Creating ORM DAG for example_setup_teardown
[2025-06-20T21:55:52.215+0000] {logging_mixin.py:190} INFO - [2025-06-20T21:55:52.214+0000] {dag.py:4180} INFO - Setting next_dagrun for example_setup_teardown to None, run_after=None
[2025-06-20T21:55:52.241+0000] {processor.py:208} INFO - Processing /home/airflow/.local/lib/python3.12/site-packages/airflow/example_dags/example_setup_teardown.py took 0.338 seconds
[2025-06-20T21:56:23.174+0000] {processor.py:186} INFO - Started process (PID=168) to work on /home/airflow/.local/lib/python3.12/site-packages/airflow/example_dags/example_setup_teardown.py
[2025-06-20T21:56:23.176+0000] {processor.py:914} INFO - Processing file /home/airflow/.local/lib/python3.12/site-packages/airflow/example_dags/example_setup_teardown.py for tasks to queue
[2025-06-20T21:56:23.178+0000] {logging_mixin.py:190} INFO - [2025-06-20T21:56:23.178+0000] {dagbag.py:588} INFO - Filling up the DagBag from /home/airflow/.local/lib/python3.12/site-packages/airflow/example_dags/example_setup_teardown.py
[2025-06-20T21:56:23.185+0000] {processor.py:925} INFO - DAG(s) 'example_setup_teardown' retrieved from /home/airflow/.local/lib/python3.12/site-packages/airflow/example_dags/example_setup_teardown.py
[2025-06-20T21:56:23.204+0000] {logging_mixin.py:190} INFO - [2025-06-20T21:56:23.204+0000] {dag.py:3239} INFO - Sync 1 DAGs
[2025-06-20T21:56:23.217+0000] {logging_mixin.py:190} INFO - [2025-06-20T21:56:23.217+0000] {dag.py:4180} INFO - Setting next_dagrun for example_setup_teardown to None, run_after=None
[2025-06-20T21:56:23.347+0000] {processor.py:208} INFO - Processing /home/airflow/.local/lib/python3.12/site-packages/airflow/example_dags/example_setup_teardown.py took 0.177 seconds
[2025-06-20T21:56:53.813+0000] {processor.py:186} INFO - Started process (PID=232) to work on /home/airflow/.local/lib/python3.12/site-packages/airflow/example_dags/example_setup_teardown.py
[2025-06-20T21:56:53.815+0000] {processor.py:914} INFO - Processing file /home/airflow/.local/lib/python3.12/site-packages/airflow/example_dags/example_setup_teardown.py for tasks to queue
[2025-06-20T21:56:53.817+0000] {logging_mixin.py:190} INFO - [2025-06-20T21:56:53.817+0000] {dagbag.py:588} INFO - Filling up the DagBag from /home/airflow/.local/lib/python3.12/site-packages/airflow/example_dags/example_setup_teardown.py
[2025-06-20T21:56:53.824+0000] {processor.py:925} INFO - DAG(s) 'example_setup_teardown' retrieved from /home/airflow/.local/lib/python3.12/site-packages/airflow/example_dags/example_setup_teardown.py
[2025-06-20T21:56:53.845+0000] {logging_mixin.py:190} INFO - [2025-06-20T21:56:53.845+0000] {dag.py:3239} INFO - Sync 1 DAGs
[2025-06-20T21:56:53.858+0000] {logging_mixin.py:190} INFO - [2025-06-20T21:56:53.858+0000] {dag.py:4180} INFO - Setting next_dagrun for example_setup_teardown to None, run_after=None
[2025-06-20T21:56:53.901+0000] {processor.py:208} INFO - Processing /home/airflow/.local/lib/python3.12/site-packages/airflow/example_dags/example_setup_teardown.py took 0.093 seconds
[2025-06-20T21:57:24.227+0000] {processor.py:186} INFO - Started process (PID=296) to work on /home/airflow/.local/lib/python3.12/site-packages/airflow/example_dags/example_setup_teardown.py
[2025-06-20T21:57:24.229+0000] {processor.py:914} INFO - Processing file /home/airflow/.local/lib/python3.12/site-packages/airflow/example_dags/example_setup_teardown.py for tasks to queue
[2025-06-20T21:57:24.231+0000] {logging_mixin.py:190} INFO - [2025-06-20T21:57:24.231+0000] {dagbag.py:588} INFO - Filling up the DagBag from /home/airflow/.local/lib/python3.12/site-packages/airflow/example_dags/example_setup_teardown.py
[2025-06-20T21:57:24.243+0000] {processor.py:925} INFO - DAG(s) 'example_setup_teardown' retrieved from /home/airflow/.local/lib/python3.12/site-packages/airflow/example_dags/example_setup_teardown.py
[2025-06-20T21:57:24.265+0000] {logging_mixin.py:190} INFO - [2025-06-20T21:57:24.264+0000] {dag.py:3239} INFO - Sync 1 DAGs
[2025-06-20T21:57:24.284+0000] {logging_mixin.py:190} INFO - [2025-06-20T21:57:24.284+0000] {dag.py:4180} INFO - Setting next_dagrun for example_setup_teardown to None, run_after=None
[2025-06-20T21:57:24.313+0000] {processor.py:208} INFO - Processing /home/airflow/.local/lib/python3.12/site-packages/airflow/example_dags/example_setup_teardown.py took 0.092 seconds
[2025-06-20T21:57:54.404+0000] {processor.py:186} INFO - Started process (PID=359) to work on /home/airflow/.local/lib/python3.12/site-packages/airflow/example_dags/example_setup_teardown.py
[2025-06-20T21:57:54.405+0000] {processor.py:914} INFO - Processing file /home/airflow/.local/lib/python3.12/site-packages/airflow/example_dags/example_setup_teardown.py for tasks to queue
[2025-06-20T21:57:54.407+0000] {logging_mixin.py:190} INFO - [2025-06-20T21:57:54.407+0000] {dagbag.py:588} INFO - Filling up the DagBag from /home/airflow/.local/lib/python3.12/site-packages/airflow/example_dags/example_setup_teardown.py
[2025-06-20T21:57:54.415+0000] {processor.py:925} INFO - DAG(s) 'example_setup_teardown' retrieved from /home/airflow/.local/lib/python3.12/site-packages/airflow/example_dags/example_setup_teardown.py
[2025-06-20T21:57:54.436+0000] {logging_mixin.py:190} INFO - [2025-06-20T21:57:54.436+0000] {dag.py:3239} INFO - Sync 1 DAGs
[2025-06-20T21:57:54.450+0000] {logging_mixin.py:190} INFO - [2025-06-20T21:57:54.450+0000] {dag.py:4180} INFO - Setting next_dagrun for example_setup_teardown to None, run_after=None
[2025-06-20T21:57:54.483+0000] {processor.py:208} INFO - Processing /home/airflow/.local/lib/python3.12/site-packages/airflow/example_dags/example_setup_teardown.py took 0.084 seconds
[2025-06-20T21:58:26.518+0000] {processor.py:186} INFO - Started process (PID=432) to work on /home/airflow/.local/lib/python3.12/site-packages/airflow/example_dags/example_setup_teardown.py
[2025-06-20T21:58:26.520+0000] {processor.py:914} INFO - Processing file /home/airflow/.local/lib/python3.12/site-packages/airflow/example_dags/example_setup_teardown.py for tasks to queue
[2025-06-20T21:58:26.522+0000] {logging_mixin.py:190} INFO - [2025-06-20T21:58:26.522+0000] {dagbag.py:588} INFO - Filling up the DagBag from /home/airflow/.local/lib/python3.12/site-packages/airflow/example_dags/example_setup_teardown.py
[2025-06-20T21:58:26.532+0000] {processor.py:925} INFO - DAG(s) 'example_setup_teardown' retrieved from /home/airflow/.local/lib/python3.12/site-packages/airflow/example_dags/example_setup_teardown.py
[2025-06-20T21:58:26.553+0000] {logging_mixin.py:190} INFO - [2025-06-20T21:58:26.553+0000] {dag.py:3239} INFO - Sync 1 DAGs
[2025-06-20T21:58:26.568+0000] {logging_mixin.py:190} INFO - [2025-06-20T21:58:26.568+0000] {dag.py:4180} INFO - Setting next_dagrun for example_setup_teardown to None, run_after=None
[2025-06-20T21:58:26.601+0000] {processor.py:208} INFO - Processing /home/airflow/.local/lib/python3.12/site-packages/airflow/example_dags/example_setup_teardown.py took 0.089 seconds
[2025-06-20T21:58:57.755+0000] {processor.py:186} INFO - Started process (PID=496) to work on /home/airflow/.local/lib/python3.12/site-packages/airflow/example_dags/example_setup_teardown.py
[2025-06-20T21:58:57.756+0000] {processor.py:914} INFO - Processing file /home/airflow/.local/lib/python3.12/site-packages/airflow/example_dags/example_setup_teardown.py for tasks to queue
[2025-06-20T21:58:57.759+0000] {logging_mixin.py:190} INFO - [2025-06-20T21:58:57.759+0000] {dagbag.py:588} INFO - Filling up the DagBag from /home/airflow/.local/lib/python3.12/site-packages/airflow/example_dags/example_setup_teardown.py
[2025-06-20T21:58:57.767+0000] {processor.py:925} INFO - DAG(s) 'example_setup_teardown' retrieved from /home/airflow/.local/lib/python3.12/site-packages/airflow/example_dags/example_setup_teardown.py
[2025-06-20T21:58:57.786+0000] {logging_mixin.py:190} INFO - [2025-06-20T21:58:57.786+0000] {dag.py:3239} INFO - Sync 1 DAGs
[2025-06-20T21:58:57.800+0000] {logging_mixin.py:190} INFO - [2025-06-20T21:58:57.800+0000] {dag.py:4180} INFO - Setting next_dagrun for example_setup_teardown to None, run_after=None
[2025-06-20T21:58:57.822+0000] {processor.py:208} INFO - Processing /home/airflow/.local/lib/python3.12/site-packages/airflow/example_dags/example_setup_teardown.py took 0.073 seconds
[2025-06-20T21:59:28.985+0000] {processor.py:186} INFO - Started process (PID=560) to work on /home/airflow/.local/lib/python3.12/site-packages/airflow/example_dags/example_setup_teardown.py
[2025-06-20T21:59:28.986+0000] {processor.py:914} INFO - Processing file /home/airflow/.local/lib/python3.12/site-packages/airflow/example_dags/example_setup_teardown.py for tasks to queue
[2025-06-20T21:59:28.989+0000] {logging_mixin.py:190} INFO - [2025-06-20T21:59:28.988+0000] {dagbag.py:588} INFO - Filling up the DagBag from /home/airflow/.local/lib/python3.12/site-packages/airflow/example_dags/example_setup_teardown.py
[2025-06-20T21:59:28.996+0000] {processor.py:925} INFO - DAG(s) 'example_setup_teardown' retrieved from /home/airflow/.local/lib/python3.12/site-packages/airflow/example_dags/example_setup_teardown.py
[2025-06-20T21:59:29.016+0000] {logging_mixin.py:190} INFO - [2025-06-20T21:59:29.016+0000] {dag.py:3239} INFO - Sync 1 DAGs
[2025-06-20T21:59:29.030+0000] {logging_mixin.py:190} INFO - [2025-06-20T21:59:29.030+0000] {dag.py:4180} INFO - Setting next_dagrun for example_setup_teardown to None, run_after=None
[2025-06-20T21:59:29.059+0000] {processor.py:208} INFO - Processing /home/airflow/.local/lib/python3.12/site-packages/airflow/example_dags/example_setup_teardown.py took 0.078 seconds
[2025-06-20T22:00:00.307+0000] {processor.py:186} INFO - Started process (PID=624) to work on /home/airflow/.local/lib/python3.12/site-packages/airflow/example_dags/example_setup_teardown.py
[2025-06-20T22:00:00.309+0000] {processor.py:914} INFO - Processing file /home/airflow/.local/lib/python3.12/site-packages/airflow/example_dags/example_setup_teardown.py for tasks to queue
[2025-06-20T22:00:00.311+0000] {logging_mixin.py:190} INFO - [2025-06-20T22:00:00.311+0000] {dagbag.py:588} INFO - Filling up the DagBag from /home/airflow/.local/lib/python3.12/site-packages/airflow/example_dags/example_setup_teardown.py
[2025-06-20T22:00:00.318+0000] {processor.py:925} INFO - DAG(s) 'example_setup_teardown' retrieved from /home/airflow/.local/lib/python3.12/site-packages/airflow/example_dags/example_setup_teardown.py
[2025-06-20T22:00:00.338+0000] {logging_mixin.py:190} INFO - [2025-06-20T22:00:00.338+0000] {dag.py:3239} INFO - Sync 1 DAGs
[2025-06-20T22:00:00.351+0000] {logging_mixin.py:190} INFO - [2025-06-20T22:00:00.351+0000] {dag.py:4180} INFO - Setting next_dagrun for example_setup_teardown to None, run_after=None
[2025-06-20T22:00:00.378+0000] {processor.py:208} INFO - Processing /home/airflow/.local/lib/python3.12/site-packages/airflow/example_dags/example_setup_teardown.py took 0.076 seconds
[2025-06-20T22:00:31.970+0000] {processor.py:186} INFO - Started process (PID=688) to work on /home/airflow/.local/lib/python3.12/site-packages/airflow/example_dags/example_setup_teardown.py
[2025-06-20T22:00:31.986+0000] {processor.py:914} INFO - Processing file /home/airflow/.local/lib/python3.12/site-packages/airflow/example_dags/example_setup_teardown.py for tasks to queue
[2025-06-20T22:00:31.989+0000] {logging_mixin.py:190} INFO - [2025-06-20T22:00:31.988+0000] {dagbag.py:588} INFO - Filling up the DagBag from /home/airflow/.local/lib/python3.12/site-packages/airflow/example_dags/example_setup_teardown.py
[2025-06-20T22:00:32.000+0000] {processor.py:925} INFO - DAG(s) 'example_setup_teardown' retrieved from /home/airflow/.local/lib/python3.12/site-packages/airflow/example_dags/example_setup_teardown.py
[2025-06-20T22:00:32.026+0000] {logging_mixin.py:190} INFO - [2025-06-20T22:00:32.026+0000] {dag.py:3239} INFO - Sync 1 DAGs
[2025-06-20T22:00:32.041+0000] {logging_mixin.py:190} INFO - [2025-06-20T22:00:32.040+0000] {dag.py:4180} INFO - Setting next_dagrun for example_setup_teardown to None, run_after=None
[2025-06-20T22:00:32.072+0000] {processor.py:208} INFO - Processing /home/airflow/.local/lib/python3.12/site-packages/airflow/example_dags/example_setup_teardown.py took 0.109 seconds
[2025-06-20T22:01:03.211+0000] {processor.py:186} INFO - Started process (PID=746) to work on /home/airflow/.local/lib/python3.12/site-packages/airflow/example_dags/example_setup_teardown.py
[2025-06-20T22:01:03.212+0000] {processor.py:914} INFO - Processing file /home/airflow/.local/lib/python3.12/site-packages/airflow/example_dags/example_setup_teardown.py for tasks to queue
[2025-06-20T22:01:03.215+0000] {logging_mixin.py:190} INFO - [2025-06-20T22:01:03.215+0000] {dagbag.py:588} INFO - Filling up the DagBag from /home/airflow/.local/lib/python3.12/site-packages/airflow/example_dags/example_setup_teardown.py
[2025-06-20T22:01:03.223+0000] {processor.py:925} INFO - DAG(s) 'example_setup_teardown' retrieved from /home/airflow/.local/lib/python3.12/site-packages/airflow/example_dags/example_setup_teardown.py
[2025-06-20T22:01:03.245+0000] {logging_mixin.py:190} INFO - [2025-06-20T22:01:03.245+0000] {dag.py:3239} INFO - Sync 1 DAGs
[2025-06-20T22:01:03.259+0000] {logging_mixin.py:190} INFO - [2025-06-20T22:01:03.259+0000] {dag.py:4180} INFO - Setting next_dagrun for example_setup_teardown to None, run_after=None
[2025-06-20T22:01:03.296+0000] {processor.py:208} INFO - Processing /home/airflow/.local/lib/python3.12/site-packages/airflow/example_dags/example_setup_teardown.py took 0.090 seconds
[2025-06-20T22:01:34.913+0000] {processor.py:186} INFO - Started process (PID=816) to work on /home/airflow/.local/lib/python3.12/site-packages/airflow/example_dags/example_setup_teardown.py
[2025-06-20T22:01:34.914+0000] {processor.py:914} INFO - Processing file /home/airflow/.local/lib/python3.12/site-packages/airflow/example_dags/example_setup_teardown.py for tasks to queue
[2025-06-20T22:01:34.917+0000] {logging_mixin.py:190} INFO - [2025-06-20T22:01:34.916+0000] {dagbag.py:588} INFO - Filling up the DagBag from /home/airflow/.local/lib/python3.12/site-packages/airflow/example_dags/example_setup_teardown.py
[2025-06-20T22:01:34.924+0000] {processor.py:925} INFO - DAG(s) 'example_setup_teardown' retrieved from /home/airflow/.local/lib/python3.12/site-packages/airflow/example_dags/example_setup_teardown.py
[2025-06-20T22:01:34.944+0000] {logging_mixin.py:190} INFO - [2025-06-20T22:01:34.944+0000] {dag.py:3239} INFO - Sync 1 DAGs
[2025-06-20T22:01:34.958+0000] {logging_mixin.py:190} INFO - [2025-06-20T22:01:34.957+0000] {dag.py:4180} INFO - Setting next_dagrun for example_setup_teardown to None, run_after=None
[2025-06-20T22:01:34.986+0000] {processor.py:208} INFO - Processing /home/airflow/.local/lib/python3.12/site-packages/airflow/example_dags/example_setup_teardown.py took 0.079 seconds
[2025-06-20T22:02:06.580+0000] {processor.py:186} INFO - Started process (PID=880) to work on /home/airflow/.local/lib/python3.12/site-packages/airflow/example_dags/example_setup_teardown.py
[2025-06-20T22:02:06.581+0000] {processor.py:914} INFO - Processing file /home/airflow/.local/lib/python3.12/site-packages/airflow/example_dags/example_setup_teardown.py for tasks to queue
[2025-06-20T22:02:06.584+0000] {logging_mixin.py:190} INFO - [2025-06-20T22:02:06.584+0000] {dagbag.py:588} INFO - Filling up the DagBag from /home/airflow/.local/lib/python3.12/site-packages/airflow/example_dags/example_setup_teardown.py
[2025-06-20T22:02:06.593+0000] {processor.py:925} INFO - DAG(s) 'example_setup_teardown' retrieved from /home/airflow/.local/lib/python3.12/site-packages/airflow/example_dags/example_setup_teardown.py
[2025-06-20T22:02:06.613+0000] {logging_mixin.py:190} INFO - [2025-06-20T22:02:06.613+0000] {dag.py:3239} INFO - Sync 1 DAGs
[2025-06-20T22:02:06.631+0000] {logging_mixin.py:190} INFO - [2025-06-20T22:02:06.630+0000] {dag.py:4180} INFO - Setting next_dagrun for example_setup_teardown to None, run_after=None
[2025-06-20T22:02:06.659+0000] {processor.py:208} INFO - Processing /home/airflow/.local/lib/python3.12/site-packages/airflow/example_dags/example_setup_teardown.py took 0.084 seconds
[2025-06-20T22:02:38.057+0000] {processor.py:186} INFO - Started process (PID=944) to work on /home/airflow/.local/lib/python3.12/site-packages/airflow/example_dags/example_setup_teardown.py
[2025-06-20T22:02:38.058+0000] {processor.py:914} INFO - Processing file /home/airflow/.local/lib/python3.12/site-packages/airflow/example_dags/example_setup_teardown.py for tasks to queue
[2025-06-20T22:02:38.062+0000] {logging_mixin.py:190} INFO - [2025-06-20T22:02:38.060+0000] {dagbag.py:588} INFO - Filling up the DagBag from /home/airflow/.local/lib/python3.12/site-packages/airflow/example_dags/example_setup_teardown.py
[2025-06-20T22:02:38.070+0000] {processor.py:925} INFO - DAG(s) 'example_setup_teardown' retrieved from /home/airflow/.local/lib/python3.12/site-packages/airflow/example_dags/example_setup_teardown.py
[2025-06-20T22:02:38.091+0000] {logging_mixin.py:190} INFO - [2025-06-20T22:02:38.091+0000] {dag.py:3239} INFO - Sync 1 DAGs
[2025-06-20T22:02:38.104+0000] {logging_mixin.py:190} INFO - [2025-06-20T22:02:38.104+0000] {dag.py:4180} INFO - Setting next_dagrun for example_setup_teardown to None, run_after=None
[2025-06-20T22:02:38.129+0000] {processor.py:208} INFO - Processing /home/airflow/.local/lib/python3.12/site-packages/airflow/example_dags/example_setup_teardown.py took 0.079 seconds
[2025-06-20T22:03:09.873+0000] {processor.py:186} INFO - Started process (PID=1008) to work on /home/airflow/.local/lib/python3.12/site-packages/airflow/example_dags/example_setup_teardown.py
[2025-06-20T22:03:09.874+0000] {processor.py:914} INFO - Processing file /home/airflow/.local/lib/python3.12/site-packages/airflow/example_dags/example_setup_teardown.py for tasks to queue
[2025-06-20T22:03:09.877+0000] {logging_mixin.py:190} INFO - [2025-06-20T22:03:09.877+0000] {dagbag.py:588} INFO - Filling up the DagBag from /home/airflow/.local/lib/python3.12/site-packages/airflow/example_dags/example_setup_teardown.py
[2025-06-20T22:03:09.886+0000] {processor.py:925} INFO - DAG(s) 'example_setup_teardown' retrieved from /home/airflow/.local/lib/python3.12/site-packages/airflow/example_dags/example_setup_teardown.py
[2025-06-20T22:03:09.909+0000] {logging_mixin.py:190} INFO - [2025-06-20T22:03:09.908+0000] {dag.py:3239} INFO - Sync 1 DAGs
[2025-06-20T22:03:09.922+0000] {logging_mixin.py:190} INFO - [2025-06-20T22:03:09.921+0000] {dag.py:4180} INFO - Setting next_dagrun for example_setup_teardown to None, run_after=None
[2025-06-20T22:03:09.954+0000] {processor.py:208} INFO - Processing /home/airflow/.local/lib/python3.12/site-packages/airflow/example_dags/example_setup_teardown.py took 0.086 seconds
[2025-06-20T22:03:41.742+0000] {processor.py:186} INFO - Started process (PID=1072) to work on /home/airflow/.local/lib/python3.12/site-packages/airflow/example_dags/example_setup_teardown.py
[2025-06-20T22:03:41.743+0000] {processor.py:914} INFO - Processing file /home/airflow/.local/lib/python3.12/site-packages/airflow/example_dags/example_setup_teardown.py for tasks to queue
[2025-06-20T22:03:41.745+0000] {logging_mixin.py:190} INFO - [2025-06-20T22:03:41.745+0000] {dagbag.py:588} INFO - Filling up the DagBag from /home/airflow/.local/lib/python3.12/site-packages/airflow/example_dags/example_setup_teardown.py
[2025-06-20T22:03:41.754+0000] {processor.py:925} INFO - DAG(s) 'example_setup_teardown' retrieved from /home/airflow/.local/lib/python3.12/site-packages/airflow/example_dags/example_setup_teardown.py
[2025-06-20T22:03:41.776+0000] {logging_mixin.py:190} INFO - [2025-06-20T22:03:41.776+0000] {dag.py:3239} INFO - Sync 1 DAGs
[2025-06-20T22:03:41.791+0000] {logging_mixin.py:190} INFO - [2025-06-20T22:03:41.791+0000] {dag.py:4180} INFO - Setting next_dagrun for example_setup_teardown to None, run_after=None
[2025-06-20T22:03:41.817+0000] {processor.py:208} INFO - Processing /home/airflow/.local/lib/python3.12/site-packages/airflow/example_dags/example_setup_teardown.py took 0.082 seconds
