[2025-06-20T21:26:38.949+0000] {processor.py:186} INFO - Started process (PID=115) to work on /home/airflow/.local/lib/python3.12/site-packages/airflow/example_dags/example_branch_operator.py
[2025-06-20T21:26:38.950+0000] {processor.py:914} INFO - Processing file /home/airflow/.local/lib/python3.12/site-packages/airflow/example_dags/example_branch_operator.py for tasks to queue
[2025-06-20T21:26:38.953+0000] {logging_mixin.py:190} INFO - [2025-06-20T21:26:38.953+0000] {dagbag.py:588} INFO - Filling up the DagBag from /home/airflow/.local/lib/python3.12/site-packages/airflow/example_dags/example_branch_operator.py
[2025-06-20T21:26:38.972+0000] {processor.py:925} INFO - DAG(s) 'example_branch_operator' retrieved from /home/airflow/.local/lib/python3.12/site-packages/airflow/example_dags/example_branch_operator.py
[2025-06-20T21:26:39.204+0000] {logging_mixin.py:190} INFO - [2025-06-20T21:26:39.203+0000] {override.py:1911} INFO - Created Permission View: can delete on DAG:example_branch_operator
[2025-06-20T21:26:39.246+0000] {logging_mixin.py:190} INFO - [2025-06-20T21:26:39.246+0000] {override.py:1911} INFO - Created Permission View: can read on DAG:example_branch_operator
[2025-06-20T21:26:39.299+0000] {logging_mixin.py:190} INFO - [2025-06-20T21:26:39.299+0000] {override.py:1911} INFO - Created Permission View: can edit on DAG:example_branch_operator
[2025-06-20T21:26:39.427+0000] {logging_mixin.py:190} INFO - [2025-06-20T21:26:39.426+0000] {override.py:1911} INFO - Created Permission View: can delete on DAG Run:example_branch_operator
[2025-06-20T21:26:39.533+0000] {logging_mixin.py:190} INFO - [2025-06-20T21:26:39.532+0000] {override.py:1911} INFO - Created Permission View: can create on DAG Run:example_branch_operator
[2025-06-20T21:26:39.586+0000] {logging_mixin.py:190} INFO - [2025-06-20T21:26:39.585+0000] {override.py:1911} INFO - Created Permission View: can read on DAG Run:example_branch_operator
[2025-06-20T21:26:39.635+0000] {logging_mixin.py:190} INFO - [2025-06-20T21:26:39.635+0000] {override.py:1911} INFO - Created Permission View: menu access on DAG Run:example_branch_operator
[2025-06-20T21:26:39.637+0000] {logging_mixin.py:190} INFO - [2025-06-20T21:26:39.636+0000] {dag.py:3239} INFO - Sync 1 DAGs
[2025-06-20T21:26:39.649+0000] {logging_mixin.py:190} INFO - [2025-06-20T21:26:39.648+0000] {dag.py:3262} INFO - Creating ORM DAG for example_branch_operator
[2025-06-20T21:26:39.661+0000] {logging_mixin.py:190} INFO - [2025-06-20T21:26:39.660+0000] {dag.py:4180} INFO - Setting next_dagrun for example_branch_operator to 2025-06-19 00:00:00+00:00, run_after=2025-06-20 00:00:00+00:00
[2025-06-20T21:26:39.718+0000] {processor.py:208} INFO - Processing /home/airflow/.local/lib/python3.12/site-packages/airflow/example_dags/example_branch_operator.py took 0.776 seconds
[2025-06-20T21:27:10.132+0000] {processor.py:186} INFO - Started process (PID=179) to work on /home/airflow/.local/lib/python3.12/site-packages/airflow/example_dags/example_branch_operator.py
[2025-06-20T21:27:10.133+0000] {processor.py:914} INFO - Processing file /home/airflow/.local/lib/python3.12/site-packages/airflow/example_dags/example_branch_operator.py for tasks to queue
[2025-06-20T21:27:10.135+0000] {logging_mixin.py:190} INFO - [2025-06-20T21:27:10.135+0000] {dagbag.py:588} INFO - Filling up the DagBag from /home/airflow/.local/lib/python3.12/site-packages/airflow/example_dags/example_branch_operator.py
[2025-06-20T21:27:10.151+0000] {processor.py:925} INFO - DAG(s) 'example_branch_operator' retrieved from /home/airflow/.local/lib/python3.12/site-packages/airflow/example_dags/example_branch_operator.py
[2025-06-20T21:27:10.178+0000] {logging_mixin.py:190} INFO - [2025-06-20T21:27:10.178+0000] {dag.py:3239} INFO - Sync 1 DAGs
[2025-06-20T21:27:10.203+0000] {logging_mixin.py:190} INFO - [2025-06-20T21:27:10.203+0000] {dag.py:4180} INFO - Setting next_dagrun for example_branch_operator to 2025-06-19 00:00:00+00:00, run_after=2025-06-20 00:00:00+00:00
[2025-06-20T21:27:10.234+0000] {processor.py:208} INFO - Processing /home/airflow/.local/lib/python3.12/site-packages/airflow/example_dags/example_branch_operator.py took 0.107 seconds
[2025-06-20T21:27:40.503+0000] {processor.py:186} INFO - Started process (PID=243) to work on /home/airflow/.local/lib/python3.12/site-packages/airflow/example_dags/example_branch_operator.py
[2025-06-20T21:27:40.504+0000] {processor.py:914} INFO - Processing file /home/airflow/.local/lib/python3.12/site-packages/airflow/example_dags/example_branch_operator.py for tasks to queue
[2025-06-20T21:27:40.506+0000] {logging_mixin.py:190} INFO - [2025-06-20T21:27:40.506+0000] {dagbag.py:588} INFO - Filling up the DagBag from /home/airflow/.local/lib/python3.12/site-packages/airflow/example_dags/example_branch_operator.py
[2025-06-20T21:27:40.521+0000] {processor.py:925} INFO - DAG(s) 'example_branch_operator' retrieved from /home/airflow/.local/lib/python3.12/site-packages/airflow/example_dags/example_branch_operator.py
[2025-06-20T21:27:40.549+0000] {logging_mixin.py:190} INFO - [2025-06-20T21:27:40.548+0000] {dag.py:3239} INFO - Sync 1 DAGs
[2025-06-20T21:27:40.577+0000] {logging_mixin.py:190} INFO - [2025-06-20T21:27:40.576+0000] {dag.py:4180} INFO - Setting next_dagrun for example_branch_operator to 2025-06-19 00:00:00+00:00, run_after=2025-06-20 00:00:00+00:00
[2025-06-20T21:27:40.655+0000] {processor.py:208} INFO - Processing /home/airflow/.local/lib/python3.12/site-packages/airflow/example_dags/example_branch_operator.py took 0.157 seconds
[2025-06-20T21:28:10.713+0000] {processor.py:186} INFO - Started process (PID=307) to work on /home/airflow/.local/lib/python3.12/site-packages/airflow/example_dags/example_branch_operator.py
[2025-06-20T21:28:10.714+0000] {processor.py:914} INFO - Processing file /home/airflow/.local/lib/python3.12/site-packages/airflow/example_dags/example_branch_operator.py for tasks to queue
[2025-06-20T21:28:10.717+0000] {logging_mixin.py:190} INFO - [2025-06-20T21:28:10.717+0000] {dagbag.py:588} INFO - Filling up the DagBag from /home/airflow/.local/lib/python3.12/site-packages/airflow/example_dags/example_branch_operator.py
[2025-06-20T21:28:10.733+0000] {processor.py:925} INFO - DAG(s) 'example_branch_operator' retrieved from /home/airflow/.local/lib/python3.12/site-packages/airflow/example_dags/example_branch_operator.py
[2025-06-20T21:28:10.760+0000] {logging_mixin.py:190} INFO - [2025-06-20T21:28:10.760+0000] {dag.py:3239} INFO - Sync 1 DAGs
[2025-06-20T21:28:10.786+0000] {logging_mixin.py:190} INFO - [2025-06-20T21:28:10.786+0000] {dag.py:4180} INFO - Setting next_dagrun for example_branch_operator to 2025-06-19 00:00:00+00:00, run_after=2025-06-20 00:00:00+00:00
[2025-06-20T21:28:10.886+0000] {processor.py:208} INFO - Processing /home/airflow/.local/lib/python3.12/site-packages/airflow/example_dags/example_branch_operator.py took 0.179 seconds
[2025-06-20T21:28:43.555+0000] {processor.py:186} INFO - Started process (PID=371) to work on /home/airflow/.local/lib/python3.12/site-packages/airflow/example_dags/example_branch_operator.py
[2025-06-20T21:28:43.556+0000] {processor.py:914} INFO - Processing file /home/airflow/.local/lib/python3.12/site-packages/airflow/example_dags/example_branch_operator.py for tasks to queue
[2025-06-20T21:28:43.558+0000] {logging_mixin.py:190} INFO - [2025-06-20T21:28:43.558+0000] {dagbag.py:588} INFO - Filling up the DagBag from /home/airflow/.local/lib/python3.12/site-packages/airflow/example_dags/example_branch_operator.py
[2025-06-20T21:28:43.629+0000] {processor.py:925} INFO - DAG(s) 'example_branch_operator' retrieved from /home/airflow/.local/lib/python3.12/site-packages/airflow/example_dags/example_branch_operator.py
[2025-06-20T21:28:43.933+0000] {logging_mixin.py:190} INFO - [2025-06-20T21:28:43.933+0000] {dag.py:3239} INFO - Sync 1 DAGs
[2025-06-20T21:28:43.957+0000] {logging_mixin.py:190} INFO - [2025-06-20T21:28:43.957+0000] {dag.py:4180} INFO - Setting next_dagrun for example_branch_operator to 2025-06-19 00:00:00+00:00, run_after=2025-06-20 00:00:00+00:00
[2025-06-20T21:28:44.212+0000] {processor.py:208} INFO - Processing /home/airflow/.local/lib/python3.12/site-packages/airflow/example_dags/example_branch_operator.py took 0.662 seconds
[2025-06-20T21:29:14.913+0000] {processor.py:186} INFO - Started process (PID=436) to work on /home/airflow/.local/lib/python3.12/site-packages/airflow/example_dags/example_branch_operator.py
[2025-06-20T21:29:14.914+0000] {processor.py:914} INFO - Processing file /home/airflow/.local/lib/python3.12/site-packages/airflow/example_dags/example_branch_operator.py for tasks to queue
[2025-06-20T21:29:14.917+0000] {logging_mixin.py:190} INFO - [2025-06-20T21:29:14.917+0000] {dagbag.py:588} INFO - Filling up the DagBag from /home/airflow/.local/lib/python3.12/site-packages/airflow/example_dags/example_branch_operator.py
[2025-06-20T21:29:14.933+0000] {processor.py:925} INFO - DAG(s) 'example_branch_operator' retrieved from /home/airflow/.local/lib/python3.12/site-packages/airflow/example_dags/example_branch_operator.py
[2025-06-20T21:29:14.961+0000] {logging_mixin.py:190} INFO - [2025-06-20T21:29:14.960+0000] {dag.py:3239} INFO - Sync 1 DAGs
[2025-06-20T21:29:14.985+0000] {logging_mixin.py:190} INFO - [2025-06-20T21:29:14.985+0000] {dag.py:4180} INFO - Setting next_dagrun for example_branch_operator to 2025-06-19 00:00:00+00:00, run_after=2025-06-20 00:00:00+00:00
[2025-06-20T21:29:15.081+0000] {processor.py:208} INFO - Processing /home/airflow/.local/lib/python3.12/site-packages/airflow/example_dags/example_branch_operator.py took 0.174 seconds
[2025-06-20T21:29:45.332+0000] {processor.py:186} INFO - Started process (PID=499) to work on /home/airflow/.local/lib/python3.12/site-packages/airflow/example_dags/example_branch_operator.py
[2025-06-20T21:29:45.333+0000] {processor.py:914} INFO - Processing file /home/airflow/.local/lib/python3.12/site-packages/airflow/example_dags/example_branch_operator.py for tasks to queue
[2025-06-20T21:29:45.335+0000] {logging_mixin.py:190} INFO - [2025-06-20T21:29:45.335+0000] {dagbag.py:588} INFO - Filling up the DagBag from /home/airflow/.local/lib/python3.12/site-packages/airflow/example_dags/example_branch_operator.py
[2025-06-20T21:29:45.354+0000] {processor.py:925} INFO - DAG(s) 'example_branch_operator' retrieved from /home/airflow/.local/lib/python3.12/site-packages/airflow/example_dags/example_branch_operator.py
[2025-06-20T21:29:45.394+0000] {logging_mixin.py:190} INFO - [2025-06-20T21:29:45.394+0000] {dag.py:3239} INFO - Sync 1 DAGs
[2025-06-20T21:29:45.420+0000] {logging_mixin.py:190} INFO - [2025-06-20T21:29:45.420+0000] {dag.py:4180} INFO - Setting next_dagrun for example_branch_operator to 2025-06-19 00:00:00+00:00, run_after=2025-06-20 00:00:00+00:00
[2025-06-20T21:29:45.487+0000] {processor.py:208} INFO - Processing /home/airflow/.local/lib/python3.12/site-packages/airflow/example_dags/example_branch_operator.py took 0.161 seconds
[2025-06-20T21:30:15.677+0000] {processor.py:186} INFO - Started process (PID=557) to work on /home/airflow/.local/lib/python3.12/site-packages/airflow/example_dags/example_branch_operator.py
[2025-06-20T21:30:15.678+0000] {processor.py:914} INFO - Processing file /home/airflow/.local/lib/python3.12/site-packages/airflow/example_dags/example_branch_operator.py for tasks to queue
[2025-06-20T21:30:15.680+0000] {logging_mixin.py:190} INFO - [2025-06-20T21:30:15.680+0000] {dagbag.py:588} INFO - Filling up the DagBag from /home/airflow/.local/lib/python3.12/site-packages/airflow/example_dags/example_branch_operator.py
[2025-06-20T21:30:15.697+0000] {processor.py:925} INFO - DAG(s) 'example_branch_operator' retrieved from /home/airflow/.local/lib/python3.12/site-packages/airflow/example_dags/example_branch_operator.py
[2025-06-20T21:30:15.727+0000] {logging_mixin.py:190} INFO - [2025-06-20T21:30:15.726+0000] {dag.py:3239} INFO - Sync 1 DAGs
[2025-06-20T21:30:15.755+0000] {logging_mixin.py:190} INFO - [2025-06-20T21:30:15.755+0000] {dag.py:4180} INFO - Setting next_dagrun for example_branch_operator to 2025-06-19 00:00:00+00:00, run_after=2025-06-20 00:00:00+00:00
[2025-06-20T21:30:15.780+0000] {processor.py:208} INFO - Processing /home/airflow/.local/lib/python3.12/site-packages/airflow/example_dags/example_branch_operator.py took 0.109 seconds
[2025-06-20T21:30:46.199+0000] {processor.py:186} INFO - Started process (PID=621) to work on /home/airflow/.local/lib/python3.12/site-packages/airflow/example_dags/example_branch_operator.py
[2025-06-20T21:30:46.200+0000] {processor.py:914} INFO - Processing file /home/airflow/.local/lib/python3.12/site-packages/airflow/example_dags/example_branch_operator.py for tasks to queue
[2025-06-20T21:30:46.202+0000] {logging_mixin.py:190} INFO - [2025-06-20T21:30:46.202+0000] {dagbag.py:588} INFO - Filling up the DagBag from /home/airflow/.local/lib/python3.12/site-packages/airflow/example_dags/example_branch_operator.py
[2025-06-20T21:30:46.217+0000] {processor.py:925} INFO - DAG(s) 'example_branch_operator' retrieved from /home/airflow/.local/lib/python3.12/site-packages/airflow/example_dags/example_branch_operator.py
[2025-06-20T21:30:46.243+0000] {logging_mixin.py:190} INFO - [2025-06-20T21:30:46.242+0000] {dag.py:3239} INFO - Sync 1 DAGs
[2025-06-20T21:30:46.265+0000] {logging_mixin.py:190} INFO - [2025-06-20T21:30:46.264+0000] {dag.py:4180} INFO - Setting next_dagrun for example_branch_operator to 2025-06-19 00:00:00+00:00, run_after=2025-06-20 00:00:00+00:00
[2025-06-20T21:30:46.301+0000] {processor.py:208} INFO - Processing /home/airflow/.local/lib/python3.12/site-packages/airflow/example_dags/example_branch_operator.py took 0.108 seconds
[2025-06-20T21:31:17.026+0000] {processor.py:186} INFO - Started process (PID=685) to work on /home/airflow/.local/lib/python3.12/site-packages/airflow/example_dags/example_branch_operator.py
[2025-06-20T21:31:17.027+0000] {processor.py:914} INFO - Processing file /home/airflow/.local/lib/python3.12/site-packages/airflow/example_dags/example_branch_operator.py for tasks to queue
[2025-06-20T21:31:17.029+0000] {logging_mixin.py:190} INFO - [2025-06-20T21:31:17.029+0000] {dagbag.py:588} INFO - Filling up the DagBag from /home/airflow/.local/lib/python3.12/site-packages/airflow/example_dags/example_branch_operator.py
[2025-06-20T21:31:17.044+0000] {processor.py:925} INFO - DAG(s) 'example_branch_operator' retrieved from /home/airflow/.local/lib/python3.12/site-packages/airflow/example_dags/example_branch_operator.py
[2025-06-20T21:31:17.075+0000] {logging_mixin.py:190} INFO - [2025-06-20T21:31:17.075+0000] {dag.py:3239} INFO - Sync 1 DAGs
[2025-06-20T21:31:17.100+0000] {logging_mixin.py:190} INFO - [2025-06-20T21:31:17.100+0000] {dag.py:4180} INFO - Setting next_dagrun for example_branch_operator to 2025-06-19 00:00:00+00:00, run_after=2025-06-20 00:00:00+00:00
[2025-06-20T21:31:17.179+0000] {processor.py:208} INFO - Processing /home/airflow/.local/lib/python3.12/site-packages/airflow/example_dags/example_branch_operator.py took 0.158 seconds
[2025-06-20T21:31:47.355+0000] {processor.py:186} INFO - Started process (PID=749) to work on /home/airflow/.local/lib/python3.12/site-packages/airflow/example_dags/example_branch_operator.py
[2025-06-20T21:31:47.357+0000] {processor.py:914} INFO - Processing file /home/airflow/.local/lib/python3.12/site-packages/airflow/example_dags/example_branch_operator.py for tasks to queue
[2025-06-20T21:31:47.359+0000] {logging_mixin.py:190} INFO - [2025-06-20T21:31:47.359+0000] {dagbag.py:588} INFO - Filling up the DagBag from /home/airflow/.local/lib/python3.12/site-packages/airflow/example_dags/example_branch_operator.py
[2025-06-20T21:31:47.375+0000] {processor.py:925} INFO - DAG(s) 'example_branch_operator' retrieved from /home/airflow/.local/lib/python3.12/site-packages/airflow/example_dags/example_branch_operator.py
[2025-06-20T21:31:47.400+0000] {logging_mixin.py:190} INFO - [2025-06-20T21:31:47.400+0000] {dag.py:3239} INFO - Sync 1 DAGs
[2025-06-20T21:31:47.427+0000] {logging_mixin.py:190} INFO - [2025-06-20T21:31:47.427+0000] {dag.py:4180} INFO - Setting next_dagrun for example_branch_operator to 2025-06-19 00:00:00+00:00, run_after=2025-06-20 00:00:00+00:00
[2025-06-20T21:31:47.482+0000] {processor.py:208} INFO - Processing /home/airflow/.local/lib/python3.12/site-packages/airflow/example_dags/example_branch_operator.py took 0.132 seconds
[2025-06-20T21:32:17.629+0000] {processor.py:186} INFO - Started process (PID=813) to work on /home/airflow/.local/lib/python3.12/site-packages/airflow/example_dags/example_branch_operator.py
[2025-06-20T21:32:17.630+0000] {processor.py:914} INFO - Processing file /home/airflow/.local/lib/python3.12/site-packages/airflow/example_dags/example_branch_operator.py for tasks to queue
[2025-06-20T21:32:17.633+0000] {logging_mixin.py:190} INFO - [2025-06-20T21:32:17.633+0000] {dagbag.py:588} INFO - Filling up the DagBag from /home/airflow/.local/lib/python3.12/site-packages/airflow/example_dags/example_branch_operator.py
[2025-06-20T21:32:17.664+0000] {processor.py:925} INFO - DAG(s) 'example_branch_operator' retrieved from /home/airflow/.local/lib/python3.12/site-packages/airflow/example_dags/example_branch_operator.py
[2025-06-20T21:32:17.710+0000] {logging_mixin.py:190} INFO - [2025-06-20T21:32:17.709+0000] {dag.py:3239} INFO - Sync 1 DAGs
[2025-06-20T21:32:17.746+0000] {logging_mixin.py:190} INFO - [2025-06-20T21:32:17.746+0000] {dag.py:4180} INFO - Setting next_dagrun for example_branch_operator to 2025-06-19 00:00:00+00:00, run_after=2025-06-20 00:00:00+00:00
[2025-06-20T21:32:17.790+0000] {processor.py:208} INFO - Processing /home/airflow/.local/lib/python3.12/site-packages/airflow/example_dags/example_branch_operator.py took 0.171 seconds
[2025-06-20T21:32:47.885+0000] {processor.py:186} INFO - Started process (PID=877) to work on /home/airflow/.local/lib/python3.12/site-packages/airflow/example_dags/example_branch_operator.py
[2025-06-20T21:32:47.886+0000] {processor.py:914} INFO - Processing file /home/airflow/.local/lib/python3.12/site-packages/airflow/example_dags/example_branch_operator.py for tasks to queue
[2025-06-20T21:32:47.888+0000] {logging_mixin.py:190} INFO - [2025-06-20T21:32:47.887+0000] {dagbag.py:588} INFO - Filling up the DagBag from /home/airflow/.local/lib/python3.12/site-packages/airflow/example_dags/example_branch_operator.py
[2025-06-20T21:32:47.907+0000] {processor.py:925} INFO - DAG(s) 'example_branch_operator' retrieved from /home/airflow/.local/lib/python3.12/site-packages/airflow/example_dags/example_branch_operator.py
[2025-06-20T21:32:47.937+0000] {logging_mixin.py:190} INFO - [2025-06-20T21:32:47.936+0000] {dag.py:3239} INFO - Sync 1 DAGs
[2025-06-20T21:32:47.961+0000] {logging_mixin.py:190} INFO - [2025-06-20T21:32:47.961+0000] {dag.py:4180} INFO - Setting next_dagrun for example_branch_operator to 2025-06-19 00:00:00+00:00, run_after=2025-06-20 00:00:00+00:00
[2025-06-20T21:32:48.005+0000] {processor.py:208} INFO - Processing /home/airflow/.local/lib/python3.12/site-packages/airflow/example_dags/example_branch_operator.py took 0.126 seconds
[2025-06-20T21:33:18.559+0000] {processor.py:186} INFO - Started process (PID=941) to work on /home/airflow/.local/lib/python3.12/site-packages/airflow/example_dags/example_branch_operator.py
[2025-06-20T21:33:18.560+0000] {processor.py:914} INFO - Processing file /home/airflow/.local/lib/python3.12/site-packages/airflow/example_dags/example_branch_operator.py for tasks to queue
[2025-06-20T21:33:18.563+0000] {logging_mixin.py:190} INFO - [2025-06-20T21:33:18.563+0000] {dagbag.py:588} INFO - Filling up the DagBag from /home/airflow/.local/lib/python3.12/site-packages/airflow/example_dags/example_branch_operator.py
[2025-06-20T21:33:18.579+0000] {processor.py:925} INFO - DAG(s) 'example_branch_operator' retrieved from /home/airflow/.local/lib/python3.12/site-packages/airflow/example_dags/example_branch_operator.py
[2025-06-20T21:33:18.612+0000] {logging_mixin.py:190} INFO - [2025-06-20T21:33:18.612+0000] {dag.py:3239} INFO - Sync 1 DAGs
[2025-06-20T21:33:18.640+0000] {logging_mixin.py:190} INFO - [2025-06-20T21:33:18.639+0000] {dag.py:4180} INFO - Setting next_dagrun for example_branch_operator to 2025-06-19 00:00:00+00:00, run_after=2025-06-20 00:00:00+00:00
[2025-06-20T21:33:18.674+0000] {processor.py:208} INFO - Processing /home/airflow/.local/lib/python3.12/site-packages/airflow/example_dags/example_branch_operator.py took 0.119 seconds
[2025-06-20T21:33:49.442+0000] {processor.py:186} INFO - Started process (PID=1005) to work on /home/airflow/.local/lib/python3.12/site-packages/airflow/example_dags/example_branch_operator.py
[2025-06-20T21:33:49.443+0000] {processor.py:914} INFO - Processing file /home/airflow/.local/lib/python3.12/site-packages/airflow/example_dags/example_branch_operator.py for tasks to queue
[2025-06-20T21:33:49.446+0000] {logging_mixin.py:190} INFO - [2025-06-20T21:33:49.445+0000] {dagbag.py:588} INFO - Filling up the DagBag from /home/airflow/.local/lib/python3.12/site-packages/airflow/example_dags/example_branch_operator.py
[2025-06-20T21:33:49.463+0000] {processor.py:925} INFO - DAG(s) 'example_branch_operator' retrieved from /home/airflow/.local/lib/python3.12/site-packages/airflow/example_dags/example_branch_operator.py
[2025-06-20T21:33:49.491+0000] {logging_mixin.py:190} INFO - [2025-06-20T21:33:49.491+0000] {dag.py:3239} INFO - Sync 1 DAGs
[2025-06-20T21:33:49.516+0000] {logging_mixin.py:190} INFO - [2025-06-20T21:33:49.516+0000] {dag.py:4180} INFO - Setting next_dagrun for example_branch_operator to 2025-06-19 00:00:00+00:00, run_after=2025-06-20 00:00:00+00:00
[2025-06-20T21:33:49.672+0000] {processor.py:208} INFO - Processing /home/airflow/.local/lib/python3.12/site-packages/airflow/example_dags/example_branch_operator.py took 0.234 seconds
[2025-06-20T21:34:20.441+0000] {processor.py:186} INFO - Started process (PID=1069) to work on /home/airflow/.local/lib/python3.12/site-packages/airflow/example_dags/example_branch_operator.py
[2025-06-20T21:34:20.442+0000] {processor.py:914} INFO - Processing file /home/airflow/.local/lib/python3.12/site-packages/airflow/example_dags/example_branch_operator.py for tasks to queue
[2025-06-20T21:34:20.444+0000] {logging_mixin.py:190} INFO - [2025-06-20T21:34:20.444+0000] {dagbag.py:588} INFO - Filling up the DagBag from /home/airflow/.local/lib/python3.12/site-packages/airflow/example_dags/example_branch_operator.py
[2025-06-20T21:34:20.475+0000] {processor.py:925} INFO - DAG(s) 'example_branch_operator' retrieved from /home/airflow/.local/lib/python3.12/site-packages/airflow/example_dags/example_branch_operator.py
[2025-06-20T21:34:20.523+0000] {logging_mixin.py:190} INFO - [2025-06-20T21:34:20.522+0000] {dag.py:3239} INFO - Sync 1 DAGs
[2025-06-20T21:34:20.575+0000] {logging_mixin.py:190} INFO - [2025-06-20T21:34:20.575+0000] {dag.py:4180} INFO - Setting next_dagrun for example_branch_operator to 2025-06-19 00:00:00+00:00, run_after=2025-06-20 00:00:00+00:00
[2025-06-20T21:34:20.626+0000] {processor.py:208} INFO - Processing /home/airflow/.local/lib/python3.12/site-packages/airflow/example_dags/example_branch_operator.py took 0.191 seconds
[2025-06-20T21:34:51.653+0000] {processor.py:186} INFO - Started process (PID=1133) to work on /home/airflow/.local/lib/python3.12/site-packages/airflow/example_dags/example_branch_operator.py
[2025-06-20T21:34:51.654+0000] {processor.py:914} INFO - Processing file /home/airflow/.local/lib/python3.12/site-packages/airflow/example_dags/example_branch_operator.py for tasks to queue
[2025-06-20T21:34:51.656+0000] {logging_mixin.py:190} INFO - [2025-06-20T21:34:51.656+0000] {dagbag.py:588} INFO - Filling up the DagBag from /home/airflow/.local/lib/python3.12/site-packages/airflow/example_dags/example_branch_operator.py
[2025-06-20T21:34:51.671+0000] {processor.py:925} INFO - DAG(s) 'example_branch_operator' retrieved from /home/airflow/.local/lib/python3.12/site-packages/airflow/example_dags/example_branch_operator.py
[2025-06-20T21:34:51.697+0000] {logging_mixin.py:190} INFO - [2025-06-20T21:34:51.697+0000] {dag.py:3239} INFO - Sync 1 DAGs
[2025-06-20T21:34:51.721+0000] {logging_mixin.py:190} INFO - [2025-06-20T21:34:51.721+0000] {dag.py:4180} INFO - Setting next_dagrun for example_branch_operator to 2025-06-19 00:00:00+00:00, run_after=2025-06-20 00:00:00+00:00
[2025-06-20T21:34:51.752+0000] {processor.py:208} INFO - Processing /home/airflow/.local/lib/python3.12/site-packages/airflow/example_dags/example_branch_operator.py took 0.103 seconds
[2025-06-20T21:35:21.823+0000] {processor.py:186} INFO - Started process (PID=1197) to work on /home/airflow/.local/lib/python3.12/site-packages/airflow/example_dags/example_branch_operator.py
[2025-06-20T21:35:21.824+0000] {processor.py:914} INFO - Processing file /home/airflow/.local/lib/python3.12/site-packages/airflow/example_dags/example_branch_operator.py for tasks to queue
[2025-06-20T21:35:21.826+0000] {logging_mixin.py:190} INFO - [2025-06-20T21:35:21.826+0000] {dagbag.py:588} INFO - Filling up the DagBag from /home/airflow/.local/lib/python3.12/site-packages/airflow/example_dags/example_branch_operator.py
[2025-06-20T21:35:21.847+0000] {processor.py:925} INFO - DAG(s) 'example_branch_operator' retrieved from /home/airflow/.local/lib/python3.12/site-packages/airflow/example_dags/example_branch_operator.py
[2025-06-20T21:35:21.879+0000] {logging_mixin.py:190} INFO - [2025-06-20T21:35:21.879+0000] {dag.py:3239} INFO - Sync 1 DAGs
[2025-06-20T21:35:21.903+0000] {logging_mixin.py:190} INFO - [2025-06-20T21:35:21.903+0000] {dag.py:4180} INFO - Setting next_dagrun for example_branch_operator to 2025-06-19 00:00:00+00:00, run_after=2025-06-20 00:00:00+00:00
[2025-06-20T21:35:21.943+0000] {processor.py:208} INFO - Processing /home/airflow/.local/lib/python3.12/site-packages/airflow/example_dags/example_branch_operator.py took 0.126 seconds
[2025-06-20T21:35:52.727+0000] {processor.py:186} INFO - Started process (PID=1261) to work on /home/airflow/.local/lib/python3.12/site-packages/airflow/example_dags/example_branch_operator.py
[2025-06-20T21:35:52.728+0000] {processor.py:914} INFO - Processing file /home/airflow/.local/lib/python3.12/site-packages/airflow/example_dags/example_branch_operator.py for tasks to queue
[2025-06-20T21:35:52.730+0000] {logging_mixin.py:190} INFO - [2025-06-20T21:35:52.730+0000] {dagbag.py:588} INFO - Filling up the DagBag from /home/airflow/.local/lib/python3.12/site-packages/airflow/example_dags/example_branch_operator.py
[2025-06-20T21:35:52.747+0000] {processor.py:925} INFO - DAG(s) 'example_branch_operator' retrieved from /home/airflow/.local/lib/python3.12/site-packages/airflow/example_dags/example_branch_operator.py
[2025-06-20T21:35:52.777+0000] {logging_mixin.py:190} INFO - [2025-06-20T21:35:52.776+0000] {dag.py:3239} INFO - Sync 1 DAGs
[2025-06-20T21:35:52.800+0000] {logging_mixin.py:190} INFO - [2025-06-20T21:35:52.799+0000] {dag.py:4180} INFO - Setting next_dagrun for example_branch_operator to 2025-06-19 00:00:00+00:00, run_after=2025-06-20 00:00:00+00:00
[2025-06-20T21:35:52.873+0000] {processor.py:208} INFO - Processing /home/airflow/.local/lib/python3.12/site-packages/airflow/example_dags/example_branch_operator.py took 0.151 seconds
[2025-06-20T21:36:23.515+0000] {processor.py:186} INFO - Started process (PID=1324) to work on /home/airflow/.local/lib/python3.12/site-packages/airflow/example_dags/example_branch_operator.py
[2025-06-20T21:36:23.516+0000] {processor.py:914} INFO - Processing file /home/airflow/.local/lib/python3.12/site-packages/airflow/example_dags/example_branch_operator.py for tasks to queue
[2025-06-20T21:36:23.518+0000] {logging_mixin.py:190} INFO - [2025-06-20T21:36:23.518+0000] {dagbag.py:588} INFO - Filling up the DagBag from /home/airflow/.local/lib/python3.12/site-packages/airflow/example_dags/example_branch_operator.py
[2025-06-20T21:36:23.533+0000] {processor.py:925} INFO - DAG(s) 'example_branch_operator' retrieved from /home/airflow/.local/lib/python3.12/site-packages/airflow/example_dags/example_branch_operator.py
[2025-06-20T21:36:23.559+0000] {logging_mixin.py:190} INFO - [2025-06-20T21:36:23.558+0000] {dag.py:3239} INFO - Sync 1 DAGs
[2025-06-20T21:36:23.581+0000] {logging_mixin.py:190} INFO - [2025-06-20T21:36:23.581+0000] {dag.py:4180} INFO - Setting next_dagrun for example_branch_operator to 2025-06-19 00:00:00+00:00, run_after=2025-06-20 00:00:00+00:00
[2025-06-20T21:36:23.621+0000] {processor.py:208} INFO - Processing /home/airflow/.local/lib/python3.12/site-packages/airflow/example_dags/example_branch_operator.py took 0.111 seconds
[2025-06-20T21:36:55.167+0000] {processor.py:186} INFO - Started process (PID=1388) to work on /home/airflow/.local/lib/python3.12/site-packages/airflow/example_dags/example_branch_operator.py
[2025-06-20T21:36:55.169+0000] {processor.py:914} INFO - Processing file /home/airflow/.local/lib/python3.12/site-packages/airflow/example_dags/example_branch_operator.py for tasks to queue
[2025-06-20T21:36:55.172+0000] {logging_mixin.py:190} INFO - [2025-06-20T21:36:55.172+0000] {dagbag.py:588} INFO - Filling up the DagBag from /home/airflow/.local/lib/python3.12/site-packages/airflow/example_dags/example_branch_operator.py
[2025-06-20T21:36:55.193+0000] {processor.py:925} INFO - DAG(s) 'example_branch_operator' retrieved from /home/airflow/.local/lib/python3.12/site-packages/airflow/example_dags/example_branch_operator.py
[2025-06-20T21:36:55.229+0000] {logging_mixin.py:190} INFO - [2025-06-20T21:36:55.228+0000] {dag.py:3239} INFO - Sync 1 DAGs
[2025-06-20T21:36:55.256+0000] {logging_mixin.py:190} INFO - [2025-06-20T21:36:55.256+0000] {dag.py:4180} INFO - Setting next_dagrun for example_branch_operator to 2025-06-19 00:00:00+00:00, run_after=2025-06-20 00:00:00+00:00
[2025-06-20T21:36:55.291+0000] {processor.py:208} INFO - Processing /home/airflow/.local/lib/python3.12/site-packages/airflow/example_dags/example_branch_operator.py took 0.130 seconds
[2025-06-20T21:37:26.225+0000] {processor.py:186} INFO - Started process (PID=1447) to work on /home/airflow/.local/lib/python3.12/site-packages/airflow/example_dags/example_branch_operator.py
[2025-06-20T21:37:26.226+0000] {processor.py:914} INFO - Processing file /home/airflow/.local/lib/python3.12/site-packages/airflow/example_dags/example_branch_operator.py for tasks to queue
[2025-06-20T21:37:26.228+0000] {logging_mixin.py:190} INFO - [2025-06-20T21:37:26.227+0000] {dagbag.py:588} INFO - Filling up the DagBag from /home/airflow/.local/lib/python3.12/site-packages/airflow/example_dags/example_branch_operator.py
[2025-06-20T21:37:26.243+0000] {processor.py:925} INFO - DAG(s) 'example_branch_operator' retrieved from /home/airflow/.local/lib/python3.12/site-packages/airflow/example_dags/example_branch_operator.py
[2025-06-20T21:37:26.269+0000] {logging_mixin.py:190} INFO - [2025-06-20T21:37:26.269+0000] {dag.py:3239} INFO - Sync 1 DAGs
[2025-06-20T21:37:26.296+0000] {logging_mixin.py:190} INFO - [2025-06-20T21:37:26.295+0000] {dag.py:4180} INFO - Setting next_dagrun for example_branch_operator to 2025-06-19 00:00:00+00:00, run_after=2025-06-20 00:00:00+00:00
[2025-06-20T21:37:26.324+0000] {processor.py:208} INFO - Processing /home/airflow/.local/lib/python3.12/site-packages/airflow/example_dags/example_branch_operator.py took 0.105 seconds
[2025-06-20T21:37:57.737+0000] {processor.py:186} INFO - Started process (PID=1511) to work on /home/airflow/.local/lib/python3.12/site-packages/airflow/example_dags/example_branch_operator.py
[2025-06-20T21:37:57.738+0000] {processor.py:914} INFO - Processing file /home/airflow/.local/lib/python3.12/site-packages/airflow/example_dags/example_branch_operator.py for tasks to queue
[2025-06-20T21:37:57.742+0000] {logging_mixin.py:190} INFO - [2025-06-20T21:37:57.741+0000] {dagbag.py:588} INFO - Filling up the DagBag from /home/airflow/.local/lib/python3.12/site-packages/airflow/example_dags/example_branch_operator.py
[2025-06-20T21:37:57.767+0000] {processor.py:925} INFO - DAG(s) 'example_branch_operator' retrieved from /home/airflow/.local/lib/python3.12/site-packages/airflow/example_dags/example_branch_operator.py
[2025-06-20T21:37:57.806+0000] {logging_mixin.py:190} INFO - [2025-06-20T21:37:57.805+0000] {dag.py:3239} INFO - Sync 1 DAGs
[2025-06-20T21:37:57.832+0000] {logging_mixin.py:190} INFO - [2025-06-20T21:37:57.831+0000] {dag.py:4180} INFO - Setting next_dagrun for example_branch_operator to 2025-06-19 00:00:00+00:00, run_after=2025-06-20 00:00:00+00:00
[2025-06-20T21:37:57.867+0000] {processor.py:208} INFO - Processing /home/airflow/.local/lib/python3.12/site-packages/airflow/example_dags/example_branch_operator.py took 0.136 seconds
[2025-06-20T21:38:29.602+0000] {processor.py:186} INFO - Started process (PID=1575) to work on /home/airflow/.local/lib/python3.12/site-packages/airflow/example_dags/example_branch_operator.py
[2025-06-20T21:38:29.603+0000] {processor.py:914} INFO - Processing file /home/airflow/.local/lib/python3.12/site-packages/airflow/example_dags/example_branch_operator.py for tasks to queue
[2025-06-20T21:38:29.606+0000] {logging_mixin.py:190} INFO - [2025-06-20T21:38:29.605+0000] {dagbag.py:588} INFO - Filling up the DagBag from /home/airflow/.local/lib/python3.12/site-packages/airflow/example_dags/example_branch_operator.py
[2025-06-20T21:38:29.622+0000] {processor.py:925} INFO - DAG(s) 'example_branch_operator' retrieved from /home/airflow/.local/lib/python3.12/site-packages/airflow/example_dags/example_branch_operator.py
[2025-06-20T21:38:29.650+0000] {logging_mixin.py:190} INFO - [2025-06-20T21:38:29.650+0000] {dag.py:3239} INFO - Sync 1 DAGs
[2025-06-20T21:38:29.676+0000] {logging_mixin.py:190} INFO - [2025-06-20T21:38:29.676+0000] {dag.py:4180} INFO - Setting next_dagrun for example_branch_operator to 2025-06-19 00:00:00+00:00, run_after=2025-06-20 00:00:00+00:00
[2025-06-20T21:38:29.703+0000] {processor.py:208} INFO - Processing /home/airflow/.local/lib/python3.12/site-packages/airflow/example_dags/example_branch_operator.py took 0.106 seconds
[2025-06-20T21:39:00.763+0000] {processor.py:186} INFO - Started process (PID=1639) to work on /home/airflow/.local/lib/python3.12/site-packages/airflow/example_dags/example_branch_operator.py
[2025-06-20T21:39:00.764+0000] {processor.py:914} INFO - Processing file /home/airflow/.local/lib/python3.12/site-packages/airflow/example_dags/example_branch_operator.py for tasks to queue
[2025-06-20T21:39:00.767+0000] {logging_mixin.py:190} INFO - [2025-06-20T21:39:00.766+0000] {dagbag.py:588} INFO - Filling up the DagBag from /home/airflow/.local/lib/python3.12/site-packages/airflow/example_dags/example_branch_operator.py
[2025-06-20T21:39:00.783+0000] {processor.py:925} INFO - DAG(s) 'example_branch_operator' retrieved from /home/airflow/.local/lib/python3.12/site-packages/airflow/example_dags/example_branch_operator.py
[2025-06-20T21:39:00.812+0000] {logging_mixin.py:190} INFO - [2025-06-20T21:39:00.812+0000] {dag.py:3239} INFO - Sync 1 DAGs
[2025-06-20T21:39:00.841+0000] {logging_mixin.py:190} INFO - [2025-06-20T21:39:00.841+0000] {dag.py:4180} INFO - Setting next_dagrun for example_branch_operator to 2025-06-19 00:00:00+00:00, run_after=2025-06-20 00:00:00+00:00
[2025-06-20T21:39:00.864+0000] {processor.py:208} INFO - Processing /home/airflow/.local/lib/python3.12/site-packages/airflow/example_dags/example_branch_operator.py took 0.106 seconds
[2025-06-20T21:39:31.785+0000] {processor.py:186} INFO - Started process (PID=1703) to work on /home/airflow/.local/lib/python3.12/site-packages/airflow/example_dags/example_branch_operator.py
[2025-06-20T21:39:31.786+0000] {processor.py:914} INFO - Processing file /home/airflow/.local/lib/python3.12/site-packages/airflow/example_dags/example_branch_operator.py for tasks to queue
[2025-06-20T21:39:31.789+0000] {logging_mixin.py:190} INFO - [2025-06-20T21:39:31.788+0000] {dagbag.py:588} INFO - Filling up the DagBag from /home/airflow/.local/lib/python3.12/site-packages/airflow/example_dags/example_branch_operator.py
[2025-06-20T21:39:31.804+0000] {processor.py:925} INFO - DAG(s) 'example_branch_operator' retrieved from /home/airflow/.local/lib/python3.12/site-packages/airflow/example_dags/example_branch_operator.py
[2025-06-20T21:39:31.830+0000] {logging_mixin.py:190} INFO - [2025-06-20T21:39:31.830+0000] {dag.py:3239} INFO - Sync 1 DAGs
[2025-06-20T21:39:31.857+0000] {logging_mixin.py:190} INFO - [2025-06-20T21:39:31.857+0000] {dag.py:4180} INFO - Setting next_dagrun for example_branch_operator to 2025-06-19 00:00:00+00:00, run_after=2025-06-20 00:00:00+00:00
[2025-06-20T21:39:31.888+0000] {processor.py:208} INFO - Processing /home/airflow/.local/lib/python3.12/site-packages/airflow/example_dags/example_branch_operator.py took 0.108 seconds
[2025-06-20T21:40:03.564+0000] {processor.py:186} INFO - Started process (PID=1761) to work on /home/airflow/.local/lib/python3.12/site-packages/airflow/example_dags/example_branch_operator.py
[2025-06-20T21:40:03.565+0000] {processor.py:914} INFO - Processing file /home/airflow/.local/lib/python3.12/site-packages/airflow/example_dags/example_branch_operator.py for tasks to queue
[2025-06-20T21:40:03.568+0000] {logging_mixin.py:190} INFO - [2025-06-20T21:40:03.568+0000] {dagbag.py:588} INFO - Filling up the DagBag from /home/airflow/.local/lib/python3.12/site-packages/airflow/example_dags/example_branch_operator.py
[2025-06-20T21:40:03.583+0000] {processor.py:925} INFO - DAG(s) 'example_branch_operator' retrieved from /home/airflow/.local/lib/python3.12/site-packages/airflow/example_dags/example_branch_operator.py
[2025-06-20T21:40:03.610+0000] {logging_mixin.py:190} INFO - [2025-06-20T21:40:03.609+0000] {dag.py:3239} INFO - Sync 1 DAGs
[2025-06-20T21:40:03.633+0000] {logging_mixin.py:190} INFO - [2025-06-20T21:40:03.633+0000] {dag.py:4180} INFO - Setting next_dagrun for example_branch_operator to 2025-06-19 00:00:00+00:00, run_after=2025-06-20 00:00:00+00:00
[2025-06-20T21:40:03.655+0000] {processor.py:208} INFO - Processing /home/airflow/.local/lib/python3.12/site-packages/airflow/example_dags/example_branch_operator.py took 0.095 seconds
[2025-06-20T21:40:34.547+0000] {processor.py:186} INFO - Started process (PID=1825) to work on /home/airflow/.local/lib/python3.12/site-packages/airflow/example_dags/example_branch_operator.py
[2025-06-20T21:40:34.548+0000] {processor.py:914} INFO - Processing file /home/airflow/.local/lib/python3.12/site-packages/airflow/example_dags/example_branch_operator.py for tasks to queue
[2025-06-20T21:40:34.550+0000] {logging_mixin.py:190} INFO - [2025-06-20T21:40:34.550+0000] {dagbag.py:588} INFO - Filling up the DagBag from /home/airflow/.local/lib/python3.12/site-packages/airflow/example_dags/example_branch_operator.py
[2025-06-20T21:40:34.567+0000] {processor.py:925} INFO - DAG(s) 'example_branch_operator' retrieved from /home/airflow/.local/lib/python3.12/site-packages/airflow/example_dags/example_branch_operator.py
[2025-06-20T21:40:34.598+0000] {logging_mixin.py:190} INFO - [2025-06-20T21:40:34.598+0000] {dag.py:3239} INFO - Sync 1 DAGs
[2025-06-20T21:40:34.622+0000] {logging_mixin.py:190} INFO - [2025-06-20T21:40:34.621+0000] {dag.py:4180} INFO - Setting next_dagrun for example_branch_operator to 2025-06-19 00:00:00+00:00, run_after=2025-06-20 00:00:00+00:00
[2025-06-20T21:40:34.646+0000] {processor.py:208} INFO - Processing /home/airflow/.local/lib/python3.12/site-packages/airflow/example_dags/example_branch_operator.py took 0.104 seconds
[2025-06-20T21:41:04.926+0000] {processor.py:186} INFO - Started process (PID=1889) to work on /home/airflow/.local/lib/python3.12/site-packages/airflow/example_dags/example_branch_operator.py
[2025-06-20T21:41:04.927+0000] {processor.py:914} INFO - Processing file /home/airflow/.local/lib/python3.12/site-packages/airflow/example_dags/example_branch_operator.py for tasks to queue
[2025-06-20T21:41:04.930+0000] {logging_mixin.py:190} INFO - [2025-06-20T21:41:04.929+0000] {dagbag.py:588} INFO - Filling up the DagBag from /home/airflow/.local/lib/python3.12/site-packages/airflow/example_dags/example_branch_operator.py
[2025-06-20T21:41:04.949+0000] {processor.py:925} INFO - DAG(s) 'example_branch_operator' retrieved from /home/airflow/.local/lib/python3.12/site-packages/airflow/example_dags/example_branch_operator.py
[2025-06-20T21:41:04.986+0000] {logging_mixin.py:190} INFO - [2025-06-20T21:41:04.986+0000] {dag.py:3239} INFO - Sync 1 DAGs
[2025-06-20T21:41:05.017+0000] {logging_mixin.py:190} INFO - [2025-06-20T21:41:05.017+0000] {dag.py:4180} INFO - Setting next_dagrun for example_branch_operator to 2025-06-19 00:00:00+00:00, run_after=2025-06-20 00:00:00+00:00
[2025-06-20T21:41:05.070+0000] {processor.py:208} INFO - Processing /home/airflow/.local/lib/python3.12/site-packages/airflow/example_dags/example_branch_operator.py took 0.149 seconds
[2025-06-20T21:41:36.039+0000] {processor.py:186} INFO - Started process (PID=1953) to work on /home/airflow/.local/lib/python3.12/site-packages/airflow/example_dags/example_branch_operator.py
[2025-06-20T21:41:36.041+0000] {processor.py:914} INFO - Processing file /home/airflow/.local/lib/python3.12/site-packages/airflow/example_dags/example_branch_operator.py for tasks to queue
[2025-06-20T21:41:36.043+0000] {logging_mixin.py:190} INFO - [2025-06-20T21:41:36.043+0000] {dagbag.py:588} INFO - Filling up the DagBag from /home/airflow/.local/lib/python3.12/site-packages/airflow/example_dags/example_branch_operator.py
[2025-06-20T21:41:36.061+0000] {processor.py:925} INFO - DAG(s) 'example_branch_operator' retrieved from /home/airflow/.local/lib/python3.12/site-packages/airflow/example_dags/example_branch_operator.py
[2025-06-20T21:41:36.088+0000] {logging_mixin.py:190} INFO - [2025-06-20T21:41:36.088+0000] {dag.py:3239} INFO - Sync 1 DAGs
[2025-06-20T21:41:36.112+0000] {logging_mixin.py:190} INFO - [2025-06-20T21:41:36.111+0000] {dag.py:4180} INFO - Setting next_dagrun for example_branch_operator to 2025-06-19 00:00:00+00:00, run_after=2025-06-20 00:00:00+00:00
[2025-06-20T21:41:36.141+0000] {processor.py:208} INFO - Processing /home/airflow/.local/lib/python3.12/site-packages/airflow/example_dags/example_branch_operator.py took 0.107 seconds
[2025-06-20T21:42:08.298+0000] {processor.py:186} INFO - Started process (PID=2019) to work on /home/airflow/.local/lib/python3.12/site-packages/airflow/example_dags/example_branch_operator.py
[2025-06-20T21:42:08.299+0000] {processor.py:914} INFO - Processing file /home/airflow/.local/lib/python3.12/site-packages/airflow/example_dags/example_branch_operator.py for tasks to queue
[2025-06-20T21:42:08.301+0000] {logging_mixin.py:190} INFO - [2025-06-20T21:42:08.301+0000] {dagbag.py:588} INFO - Filling up the DagBag from /home/airflow/.local/lib/python3.12/site-packages/airflow/example_dags/example_branch_operator.py
[2025-06-20T21:42:08.317+0000] {processor.py:925} INFO - DAG(s) 'example_branch_operator' retrieved from /home/airflow/.local/lib/python3.12/site-packages/airflow/example_dags/example_branch_operator.py
[2025-06-20T21:42:08.345+0000] {logging_mixin.py:190} INFO - [2025-06-20T21:42:08.345+0000] {dag.py:3239} INFO - Sync 1 DAGs
[2025-06-20T21:42:08.368+0000] {logging_mixin.py:190} INFO - [2025-06-20T21:42:08.368+0000] {dag.py:4180} INFO - Setting next_dagrun for example_branch_operator to 2025-06-19 00:00:00+00:00, run_after=2025-06-20 00:00:00+00:00
[2025-06-20T21:42:08.398+0000] {processor.py:208} INFO - Processing /home/airflow/.local/lib/python3.12/site-packages/airflow/example_dags/example_branch_operator.py took 0.106 seconds
[2025-06-20T21:42:39.669+0000] {processor.py:186} INFO - Started process (PID=2083) to work on /home/airflow/.local/lib/python3.12/site-packages/airflow/example_dags/example_branch_operator.py
[2025-06-20T21:42:39.670+0000] {processor.py:914} INFO - Processing file /home/airflow/.local/lib/python3.12/site-packages/airflow/example_dags/example_branch_operator.py for tasks to queue
[2025-06-20T21:42:39.672+0000] {logging_mixin.py:190} INFO - [2025-06-20T21:42:39.672+0000] {dagbag.py:588} INFO - Filling up the DagBag from /home/airflow/.local/lib/python3.12/site-packages/airflow/example_dags/example_branch_operator.py
[2025-06-20T21:42:39.690+0000] {processor.py:925} INFO - DAG(s) 'example_branch_operator' retrieved from /home/airflow/.local/lib/python3.12/site-packages/airflow/example_dags/example_branch_operator.py
[2025-06-20T21:42:39.721+0000] {logging_mixin.py:190} INFO - [2025-06-20T21:42:39.721+0000] {dag.py:3239} INFO - Sync 1 DAGs
[2025-06-20T21:42:39.748+0000] {logging_mixin.py:190} INFO - [2025-06-20T21:42:39.748+0000] {dag.py:4180} INFO - Setting next_dagrun for example_branch_operator to 2025-06-19 00:00:00+00:00, run_after=2025-06-20 00:00:00+00:00
[2025-06-20T21:42:39.778+0000] {processor.py:208} INFO - Processing /home/airflow/.local/lib/python3.12/site-packages/airflow/example_dags/example_branch_operator.py took 0.115 seconds
[2025-06-20T21:43:11.288+0000] {processor.py:186} INFO - Started process (PID=2147) to work on /home/airflow/.local/lib/python3.12/site-packages/airflow/example_dags/example_branch_operator.py
[2025-06-20T21:43:11.289+0000] {processor.py:914} INFO - Processing file /home/airflow/.local/lib/python3.12/site-packages/airflow/example_dags/example_branch_operator.py for tasks to queue
[2025-06-20T21:43:11.291+0000] {logging_mixin.py:190} INFO - [2025-06-20T21:43:11.291+0000] {dagbag.py:588} INFO - Filling up the DagBag from /home/airflow/.local/lib/python3.12/site-packages/airflow/example_dags/example_branch_operator.py
[2025-06-20T21:43:11.310+0000] {processor.py:925} INFO - DAG(s) 'example_branch_operator' retrieved from /home/airflow/.local/lib/python3.12/site-packages/airflow/example_dags/example_branch_operator.py
[2025-06-20T21:43:11.336+0000] {logging_mixin.py:190} INFO - [2025-06-20T21:43:11.336+0000] {dag.py:3239} INFO - Sync 1 DAGs
[2025-06-20T21:43:11.359+0000] {logging_mixin.py:190} INFO - [2025-06-20T21:43:11.358+0000] {dag.py:4180} INFO - Setting next_dagrun for example_branch_operator to 2025-06-19 00:00:00+00:00, run_after=2025-06-20 00:00:00+00:00
[2025-06-20T21:43:11.385+0000] {processor.py:208} INFO - Processing /home/airflow/.local/lib/python3.12/site-packages/airflow/example_dags/example_branch_operator.py took 0.104 seconds
[2025-06-20T21:43:42.766+0000] {processor.py:186} INFO - Started process (PID=2213) to work on /home/airflow/.local/lib/python3.12/site-packages/airflow/example_dags/example_branch_operator.py
[2025-06-20T21:43:42.767+0000] {processor.py:914} INFO - Processing file /home/airflow/.local/lib/python3.12/site-packages/airflow/example_dags/example_branch_operator.py for tasks to queue
[2025-06-20T21:43:42.770+0000] {logging_mixin.py:190} INFO - [2025-06-20T21:43:42.769+0000] {dagbag.py:588} INFO - Filling up the DagBag from /home/airflow/.local/lib/python3.12/site-packages/airflow/example_dags/example_branch_operator.py
[2025-06-20T21:43:42.789+0000] {processor.py:925} INFO - DAG(s) 'example_branch_operator' retrieved from /home/airflow/.local/lib/python3.12/site-packages/airflow/example_dags/example_branch_operator.py
[2025-06-20T21:43:42.819+0000] {logging_mixin.py:190} INFO - [2025-06-20T21:43:42.818+0000] {dag.py:3239} INFO - Sync 1 DAGs
[2025-06-20T21:43:42.843+0000] {logging_mixin.py:190} INFO - [2025-06-20T21:43:42.842+0000] {dag.py:4180} INFO - Setting next_dagrun for example_branch_operator to 2025-06-19 00:00:00+00:00, run_after=2025-06-20 00:00:00+00:00
[2025-06-20T21:43:42.879+0000] {processor.py:208} INFO - Processing /home/airflow/.local/lib/python3.12/site-packages/airflow/example_dags/example_branch_operator.py took 0.120 seconds
[2025-06-20T21:44:13.917+0000] {processor.py:186} INFO - Started process (PID=2283) to work on /home/airflow/.local/lib/python3.12/site-packages/airflow/example_dags/example_branch_operator.py
[2025-06-20T21:44:13.918+0000] {processor.py:914} INFO - Processing file /home/airflow/.local/lib/python3.12/site-packages/airflow/example_dags/example_branch_operator.py for tasks to queue
[2025-06-20T21:44:13.921+0000] {logging_mixin.py:190} INFO - [2025-06-20T21:44:13.920+0000] {dagbag.py:588} INFO - Filling up the DagBag from /home/airflow/.local/lib/python3.12/site-packages/airflow/example_dags/example_branch_operator.py
[2025-06-20T21:44:13.939+0000] {processor.py:925} INFO - DAG(s) 'example_branch_operator' retrieved from /home/airflow/.local/lib/python3.12/site-packages/airflow/example_dags/example_branch_operator.py
[2025-06-20T21:44:13.969+0000] {logging_mixin.py:190} INFO - [2025-06-20T21:44:13.968+0000] {dag.py:3239} INFO - Sync 1 DAGs
[2025-06-20T21:44:13.993+0000] {logging_mixin.py:190} INFO - [2025-06-20T21:44:13.993+0000] {dag.py:4180} INFO - Setting next_dagrun for example_branch_operator to 2025-06-19 00:00:00+00:00, run_after=2025-06-20 00:00:00+00:00
[2025-06-20T21:44:14.029+0000] {processor.py:208} INFO - Processing /home/airflow/.local/lib/python3.12/site-packages/airflow/example_dags/example_branch_operator.py took 0.119 seconds
[2025-06-20T21:44:45.769+0000] {processor.py:186} INFO - Started process (PID=2347) to work on /home/airflow/.local/lib/python3.12/site-packages/airflow/example_dags/example_branch_operator.py
[2025-06-20T21:44:45.770+0000] {processor.py:914} INFO - Processing file /home/airflow/.local/lib/python3.12/site-packages/airflow/example_dags/example_branch_operator.py for tasks to queue
[2025-06-20T21:44:45.773+0000] {logging_mixin.py:190} INFO - [2025-06-20T21:44:45.772+0000] {dagbag.py:588} INFO - Filling up the DagBag from /home/airflow/.local/lib/python3.12/site-packages/airflow/example_dags/example_branch_operator.py
[2025-06-20T21:44:45.790+0000] {processor.py:925} INFO - DAG(s) 'example_branch_operator' retrieved from /home/airflow/.local/lib/python3.12/site-packages/airflow/example_dags/example_branch_operator.py
[2025-06-20T21:44:45.820+0000] {logging_mixin.py:190} INFO - [2025-06-20T21:44:45.819+0000] {dag.py:3239} INFO - Sync 1 DAGs
[2025-06-20T21:44:45.844+0000] {logging_mixin.py:190} INFO - [2025-06-20T21:44:45.844+0000] {dag.py:4180} INFO - Setting next_dagrun for example_branch_operator to 2025-06-19 00:00:00+00:00, run_after=2025-06-20 00:00:00+00:00
[2025-06-20T21:44:45.875+0000] {processor.py:208} INFO - Processing /home/airflow/.local/lib/python3.12/site-packages/airflow/example_dags/example_branch_operator.py took 0.111 seconds
[2025-06-20T21:45:17.648+0000] {processor.py:186} INFO - Started process (PID=2411) to work on /home/airflow/.local/lib/python3.12/site-packages/airflow/example_dags/example_branch_operator.py
[2025-06-20T21:45:17.649+0000] {processor.py:914} INFO - Processing file /home/airflow/.local/lib/python3.12/site-packages/airflow/example_dags/example_branch_operator.py for tasks to queue
[2025-06-20T21:45:17.651+0000] {logging_mixin.py:190} INFO - [2025-06-20T21:45:17.651+0000] {dagbag.py:588} INFO - Filling up the DagBag from /home/airflow/.local/lib/python3.12/site-packages/airflow/example_dags/example_branch_operator.py
[2025-06-20T21:45:17.669+0000] {processor.py:925} INFO - DAG(s) 'example_branch_operator' retrieved from /home/airflow/.local/lib/python3.12/site-packages/airflow/example_dags/example_branch_operator.py
[2025-06-20T21:45:17.699+0000] {logging_mixin.py:190} INFO - [2025-06-20T21:45:17.699+0000] {dag.py:3239} INFO - Sync 1 DAGs
[2025-06-20T21:45:17.725+0000] {logging_mixin.py:190} INFO - [2025-06-20T21:45:17.725+0000] {dag.py:4180} INFO - Setting next_dagrun for example_branch_operator to 2025-06-19 00:00:00+00:00, run_after=2025-06-20 00:00:00+00:00
[2025-06-20T21:45:17.776+0000] {processor.py:208} INFO - Processing /home/airflow/.local/lib/python3.12/site-packages/airflow/example_dags/example_branch_operator.py took 0.135 seconds
[2025-06-20T21:45:49.591+0000] {processor.py:186} INFO - Started process (PID=2475) to work on /home/airflow/.local/lib/python3.12/site-packages/airflow/example_dags/example_branch_operator.py
[2025-06-20T21:45:49.592+0000] {processor.py:914} INFO - Processing file /home/airflow/.local/lib/python3.12/site-packages/airflow/example_dags/example_branch_operator.py for tasks to queue
[2025-06-20T21:45:49.595+0000] {logging_mixin.py:190} INFO - [2025-06-20T21:45:49.594+0000] {dagbag.py:588} INFO - Filling up the DagBag from /home/airflow/.local/lib/python3.12/site-packages/airflow/example_dags/example_branch_operator.py
[2025-06-20T21:45:49.612+0000] {processor.py:925} INFO - DAG(s) 'example_branch_operator' retrieved from /home/airflow/.local/lib/python3.12/site-packages/airflow/example_dags/example_branch_operator.py
[2025-06-20T21:45:49.640+0000] {logging_mixin.py:190} INFO - [2025-06-20T21:45:49.640+0000] {dag.py:3239} INFO - Sync 1 DAGs
[2025-06-20T21:45:49.667+0000] {logging_mixin.py:190} INFO - [2025-06-20T21:45:49.667+0000] {dag.py:4180} INFO - Setting next_dagrun for example_branch_operator to 2025-06-19 00:00:00+00:00, run_after=2025-06-20 00:00:00+00:00
[2025-06-20T21:45:49.731+0000] {processor.py:208} INFO - Processing /home/airflow/.local/lib/python3.12/site-packages/airflow/example_dags/example_branch_operator.py took 0.145 seconds
[2025-06-20T21:46:21.011+0000] {processor.py:186} INFO - Started process (PID=2539) to work on /home/airflow/.local/lib/python3.12/site-packages/airflow/example_dags/example_branch_operator.py
[2025-06-20T21:46:21.012+0000] {processor.py:914} INFO - Processing file /home/airflow/.local/lib/python3.12/site-packages/airflow/example_dags/example_branch_operator.py for tasks to queue
[2025-06-20T21:46:21.014+0000] {logging_mixin.py:190} INFO - [2025-06-20T21:46:21.013+0000] {dagbag.py:588} INFO - Filling up the DagBag from /home/airflow/.local/lib/python3.12/site-packages/airflow/example_dags/example_branch_operator.py
[2025-06-20T21:46:21.032+0000] {processor.py:925} INFO - DAG(s) 'example_branch_operator' retrieved from /home/airflow/.local/lib/python3.12/site-packages/airflow/example_dags/example_branch_operator.py
[2025-06-20T21:46:21.062+0000] {logging_mixin.py:190} INFO - [2025-06-20T21:46:21.062+0000] {dag.py:3239} INFO - Sync 1 DAGs
[2025-06-20T21:46:21.086+0000] {logging_mixin.py:190} INFO - [2025-06-20T21:46:21.086+0000] {dag.py:4180} INFO - Setting next_dagrun for example_branch_operator to 2025-06-19 00:00:00+00:00, run_after=2025-06-20 00:00:00+00:00
[2025-06-20T21:46:21.112+0000] {processor.py:208} INFO - Processing /home/airflow/.local/lib/python3.12/site-packages/airflow/example_dags/example_branch_operator.py took 0.107 seconds
[2025-06-20T21:46:52.179+0000] {processor.py:186} INFO - Started process (PID=2603) to work on /home/airflow/.local/lib/python3.12/site-packages/airflow/example_dags/example_branch_operator.py
[2025-06-20T21:46:52.180+0000] {processor.py:914} INFO - Processing file /home/airflow/.local/lib/python3.12/site-packages/airflow/example_dags/example_branch_operator.py for tasks to queue
[2025-06-20T21:46:52.182+0000] {logging_mixin.py:190} INFO - [2025-06-20T21:46:52.182+0000] {dagbag.py:588} INFO - Filling up the DagBag from /home/airflow/.local/lib/python3.12/site-packages/airflow/example_dags/example_branch_operator.py
[2025-06-20T21:46:52.199+0000] {processor.py:925} INFO - DAG(s) 'example_branch_operator' retrieved from /home/airflow/.local/lib/python3.12/site-packages/airflow/example_dags/example_branch_operator.py
[2025-06-20T21:46:52.226+0000] {logging_mixin.py:190} INFO - [2025-06-20T21:46:52.226+0000] {dag.py:3239} INFO - Sync 1 DAGs
[2025-06-20T21:46:52.249+0000] {logging_mixin.py:190} INFO - [2025-06-20T21:46:52.248+0000] {dag.py:4180} INFO - Setting next_dagrun for example_branch_operator to 2025-06-19 00:00:00+00:00, run_after=2025-06-20 00:00:00+00:00
[2025-06-20T21:46:52.312+0000] {processor.py:208} INFO - Processing /home/airflow/.local/lib/python3.12/site-packages/airflow/example_dags/example_branch_operator.py took 0.138 seconds
[2025-06-20T21:47:23.572+0000] {processor.py:186} INFO - Started process (PID=2667) to work on /home/airflow/.local/lib/python3.12/site-packages/airflow/example_dags/example_branch_operator.py
[2025-06-20T21:47:23.573+0000] {processor.py:914} INFO - Processing file /home/airflow/.local/lib/python3.12/site-packages/airflow/example_dags/example_branch_operator.py for tasks to queue
[2025-06-20T21:47:23.575+0000] {logging_mixin.py:190} INFO - [2025-06-20T21:47:23.575+0000] {dagbag.py:588} INFO - Filling up the DagBag from /home/airflow/.local/lib/python3.12/site-packages/airflow/example_dags/example_branch_operator.py
[2025-06-20T21:47:23.593+0000] {processor.py:925} INFO - DAG(s) 'example_branch_operator' retrieved from /home/airflow/.local/lib/python3.12/site-packages/airflow/example_dags/example_branch_operator.py
[2025-06-20T21:47:23.625+0000] {logging_mixin.py:190} INFO - [2025-06-20T21:47:23.624+0000] {dag.py:3239} INFO - Sync 1 DAGs
[2025-06-20T21:47:23.650+0000] {logging_mixin.py:190} INFO - [2025-06-20T21:47:23.650+0000] {dag.py:4180} INFO - Setting next_dagrun for example_branch_operator to 2025-06-19 00:00:00+00:00, run_after=2025-06-20 00:00:00+00:00
[2025-06-20T21:47:23.680+0000] {processor.py:208} INFO - Processing /home/airflow/.local/lib/python3.12/site-packages/airflow/example_dags/example_branch_operator.py took 0.113 seconds
[2025-06-20T21:47:55.252+0000] {processor.py:186} INFO - Started process (PID=2731) to work on /home/airflow/.local/lib/python3.12/site-packages/airflow/example_dags/example_branch_operator.py
[2025-06-20T21:47:55.253+0000] {processor.py:914} INFO - Processing file /home/airflow/.local/lib/python3.12/site-packages/airflow/example_dags/example_branch_operator.py for tasks to queue
[2025-06-20T21:47:55.255+0000] {logging_mixin.py:190} INFO - [2025-06-20T21:47:55.255+0000] {dagbag.py:588} INFO - Filling up the DagBag from /home/airflow/.local/lib/python3.12/site-packages/airflow/example_dags/example_branch_operator.py
[2025-06-20T21:47:55.273+0000] {processor.py:925} INFO - DAG(s) 'example_branch_operator' retrieved from /home/airflow/.local/lib/python3.12/site-packages/airflow/example_dags/example_branch_operator.py
[2025-06-20T21:47:55.302+0000] {logging_mixin.py:190} INFO - [2025-06-20T21:47:55.302+0000] {dag.py:3239} INFO - Sync 1 DAGs
[2025-06-20T21:47:55.326+0000] {logging_mixin.py:190} INFO - [2025-06-20T21:47:55.326+0000] {dag.py:4180} INFO - Setting next_dagrun for example_branch_operator to 2025-06-19 00:00:00+00:00, run_after=2025-06-20 00:00:00+00:00
[2025-06-20T21:47:55.410+0000] {processor.py:208} INFO - Processing /home/airflow/.local/lib/python3.12/site-packages/airflow/example_dags/example_branch_operator.py took 0.163 seconds
[2025-06-20T21:48:26.671+0000] {processor.py:186} INFO - Started process (PID=2795) to work on /home/airflow/.local/lib/python3.12/site-packages/airflow/example_dags/example_branch_operator.py
[2025-06-20T21:48:26.672+0000] {processor.py:914} INFO - Processing file /home/airflow/.local/lib/python3.12/site-packages/airflow/example_dags/example_branch_operator.py for tasks to queue
[2025-06-20T21:48:26.675+0000] {logging_mixin.py:190} INFO - [2025-06-20T21:48:26.674+0000] {dagbag.py:588} INFO - Filling up the DagBag from /home/airflow/.local/lib/python3.12/site-packages/airflow/example_dags/example_branch_operator.py
[2025-06-20T21:48:26.696+0000] {processor.py:925} INFO - DAG(s) 'example_branch_operator' retrieved from /home/airflow/.local/lib/python3.12/site-packages/airflow/example_dags/example_branch_operator.py
[2025-06-20T21:48:26.725+0000] {logging_mixin.py:190} INFO - [2025-06-20T21:48:26.725+0000] {dag.py:3239} INFO - Sync 1 DAGs
[2025-06-20T21:48:26.750+0000] {logging_mixin.py:190} INFO - [2025-06-20T21:48:26.750+0000] {dag.py:4180} INFO - Setting next_dagrun for example_branch_operator to 2025-06-19 00:00:00+00:00, run_after=2025-06-20 00:00:00+00:00
[2025-06-20T21:48:26.785+0000] {processor.py:208} INFO - Processing /home/airflow/.local/lib/python3.12/site-packages/airflow/example_dags/example_branch_operator.py took 0.120 seconds
[2025-06-20T21:48:57.860+0000] {processor.py:186} INFO - Started process (PID=2859) to work on /home/airflow/.local/lib/python3.12/site-packages/airflow/example_dags/example_branch_operator.py
[2025-06-20T21:48:57.862+0000] {processor.py:914} INFO - Processing file /home/airflow/.local/lib/python3.12/site-packages/airflow/example_dags/example_branch_operator.py for tasks to queue
[2025-06-20T21:48:57.865+0000] {logging_mixin.py:190} INFO - [2025-06-20T21:48:57.864+0000] {dagbag.py:588} INFO - Filling up the DagBag from /home/airflow/.local/lib/python3.12/site-packages/airflow/example_dags/example_branch_operator.py
[2025-06-20T21:48:57.884+0000] {processor.py:925} INFO - DAG(s) 'example_branch_operator' retrieved from /home/airflow/.local/lib/python3.12/site-packages/airflow/example_dags/example_branch_operator.py
[2025-06-20T21:48:57.913+0000] {logging_mixin.py:190} INFO - [2025-06-20T21:48:57.912+0000] {dag.py:3239} INFO - Sync 1 DAGs
[2025-06-20T21:48:57.937+0000] {logging_mixin.py:190} INFO - [2025-06-20T21:48:57.937+0000] {dag.py:4180} INFO - Setting next_dagrun for example_branch_operator to 2025-06-19 00:00:00+00:00, run_after=2025-06-20 00:00:00+00:00
[2025-06-20T21:48:57.965+0000] {processor.py:208} INFO - Processing /home/airflow/.local/lib/python3.12/site-packages/airflow/example_dags/example_branch_operator.py took 0.110 seconds
[2025-06-20T21:49:29.401+0000] {processor.py:186} INFO - Started process (PID=2923) to work on /home/airflow/.local/lib/python3.12/site-packages/airflow/example_dags/example_branch_operator.py
[2025-06-20T21:49:29.402+0000] {processor.py:914} INFO - Processing file /home/airflow/.local/lib/python3.12/site-packages/airflow/example_dags/example_branch_operator.py for tasks to queue
[2025-06-20T21:49:29.405+0000] {logging_mixin.py:190} INFO - [2025-06-20T21:49:29.405+0000] {dagbag.py:588} INFO - Filling up the DagBag from /home/airflow/.local/lib/python3.12/site-packages/airflow/example_dags/example_branch_operator.py
[2025-06-20T21:49:29.420+0000] {processor.py:925} INFO - DAG(s) 'example_branch_operator' retrieved from /home/airflow/.local/lib/python3.12/site-packages/airflow/example_dags/example_branch_operator.py
[2025-06-20T21:49:29.449+0000] {logging_mixin.py:190} INFO - [2025-06-20T21:49:29.449+0000] {dag.py:3239} INFO - Sync 1 DAGs
[2025-06-20T21:49:29.473+0000] {logging_mixin.py:190} INFO - [2025-06-20T21:49:29.473+0000] {dag.py:4180} INFO - Setting next_dagrun for example_branch_operator to 2025-06-19 00:00:00+00:00, run_after=2025-06-20 00:00:00+00:00
[2025-06-20T21:49:29.503+0000] {processor.py:208} INFO - Processing /home/airflow/.local/lib/python3.12/site-packages/airflow/example_dags/example_branch_operator.py took 0.107 seconds
[2025-06-20T21:50:00.942+0000] {processor.py:186} INFO - Started process (PID=2987) to work on /home/airflow/.local/lib/python3.12/site-packages/airflow/example_dags/example_branch_operator.py
[2025-06-20T21:50:00.943+0000] {processor.py:914} INFO - Processing file /home/airflow/.local/lib/python3.12/site-packages/airflow/example_dags/example_branch_operator.py for tasks to queue
[2025-06-20T21:50:00.945+0000] {logging_mixin.py:190} INFO - [2025-06-20T21:50:00.944+0000] {dagbag.py:588} INFO - Filling up the DagBag from /home/airflow/.local/lib/python3.12/site-packages/airflow/example_dags/example_branch_operator.py
[2025-06-20T21:50:00.960+0000] {processor.py:925} INFO - DAG(s) 'example_branch_operator' retrieved from /home/airflow/.local/lib/python3.12/site-packages/airflow/example_dags/example_branch_operator.py
[2025-06-20T21:50:00.987+0000] {logging_mixin.py:190} INFO - [2025-06-20T21:50:00.986+0000] {dag.py:3239} INFO - Sync 1 DAGs
[2025-06-20T21:50:01.011+0000] {logging_mixin.py:190} INFO - [2025-06-20T21:50:01.010+0000] {dag.py:4180} INFO - Setting next_dagrun for example_branch_operator to 2025-06-19 00:00:00+00:00, run_after=2025-06-20 00:00:00+00:00
[2025-06-20T21:50:01.034+0000] {processor.py:208} INFO - Processing /home/airflow/.local/lib/python3.12/site-packages/airflow/example_dags/example_branch_operator.py took 0.097 seconds
[2025-06-20T21:50:33.679+0000] {processor.py:186} INFO - Started process (PID=3051) to work on /home/airflow/.local/lib/python3.12/site-packages/airflow/example_dags/example_branch_operator.py
[2025-06-20T21:50:33.680+0000] {processor.py:914} INFO - Processing file /home/airflow/.local/lib/python3.12/site-packages/airflow/example_dags/example_branch_operator.py for tasks to queue
[2025-06-20T21:50:33.683+0000] {logging_mixin.py:190} INFO - [2025-06-20T21:50:33.682+0000] {dagbag.py:588} INFO - Filling up the DagBag from /home/airflow/.local/lib/python3.12/site-packages/airflow/example_dags/example_branch_operator.py
[2025-06-20T21:50:33.699+0000] {processor.py:925} INFO - DAG(s) 'example_branch_operator' retrieved from /home/airflow/.local/lib/python3.12/site-packages/airflow/example_dags/example_branch_operator.py
[2025-06-20T21:50:33.726+0000] {logging_mixin.py:190} INFO - [2025-06-20T21:50:33.726+0000] {dag.py:3239} INFO - Sync 1 DAGs
[2025-06-20T21:50:33.750+0000] {logging_mixin.py:190} INFO - [2025-06-20T21:50:33.750+0000] {dag.py:4180} INFO - Setting next_dagrun for example_branch_operator to 2025-06-19 00:00:00+00:00, run_after=2025-06-20 00:00:00+00:00
[2025-06-20T21:50:33.772+0000] {processor.py:208} INFO - Processing /home/airflow/.local/lib/python3.12/site-packages/airflow/example_dags/example_branch_operator.py took 0.098 seconds
[2025-06-20T21:51:05.981+0000] {processor.py:186} INFO - Started process (PID=3115) to work on /home/airflow/.local/lib/python3.12/site-packages/airflow/example_dags/example_branch_operator.py
[2025-06-20T21:51:05.982+0000] {processor.py:914} INFO - Processing file /home/airflow/.local/lib/python3.12/site-packages/airflow/example_dags/example_branch_operator.py for tasks to queue
[2025-06-20T21:51:05.986+0000] {logging_mixin.py:190} INFO - [2025-06-20T21:51:05.985+0000] {dagbag.py:588} INFO - Filling up the DagBag from /home/airflow/.local/lib/python3.12/site-packages/airflow/example_dags/example_branch_operator.py
[2025-06-20T21:51:06.010+0000] {processor.py:925} INFO - DAG(s) 'example_branch_operator' retrieved from /home/airflow/.local/lib/python3.12/site-packages/airflow/example_dags/example_branch_operator.py
[2025-06-20T21:51:06.289+0000] {logging_mixin.py:190} INFO - [2025-06-20T21:51:06.289+0000] {dag.py:3239} INFO - Sync 1 DAGs
[2025-06-20T21:51:06.315+0000] {logging_mixin.py:190} INFO - [2025-06-20T21:51:06.315+0000] {dag.py:4180} INFO - Setting next_dagrun for example_branch_operator to 2025-06-19 00:00:00+00:00, run_after=2025-06-20 00:00:00+00:00
[2025-06-20T21:51:06.348+0000] {processor.py:208} INFO - Processing /home/airflow/.local/lib/python3.12/site-packages/airflow/example_dags/example_branch_operator.py took 0.375 seconds
[2025-06-20T21:51:36.415+0000] {processor.py:186} INFO - Started process (PID=3179) to work on /home/airflow/.local/lib/python3.12/site-packages/airflow/example_dags/example_branch_operator.py
[2025-06-20T21:51:36.416+0000] {processor.py:914} INFO - Processing file /home/airflow/.local/lib/python3.12/site-packages/airflow/example_dags/example_branch_operator.py for tasks to queue
[2025-06-20T21:51:36.418+0000] {logging_mixin.py:190} INFO - [2025-06-20T21:51:36.418+0000] {dagbag.py:588} INFO - Filling up the DagBag from /home/airflow/.local/lib/python3.12/site-packages/airflow/example_dags/example_branch_operator.py
[2025-06-20T21:51:36.434+0000] {processor.py:925} INFO - DAG(s) 'example_branch_operator' retrieved from /home/airflow/.local/lib/python3.12/site-packages/airflow/example_dags/example_branch_operator.py
[2025-06-20T21:51:36.461+0000] {logging_mixin.py:190} INFO - [2025-06-20T21:51:36.460+0000] {dag.py:3239} INFO - Sync 1 DAGs
[2025-06-20T21:51:36.621+0000] {logging_mixin.py:190} INFO - [2025-06-20T21:51:36.621+0000] {dag.py:4180} INFO - Setting next_dagrun for example_branch_operator to 2025-06-19 00:00:00+00:00, run_after=2025-06-20 00:00:00+00:00
[2025-06-20T21:51:36.651+0000] {processor.py:208} INFO - Processing /home/airflow/.local/lib/python3.12/site-packages/airflow/example_dags/example_branch_operator.py took 0.241 seconds
[2025-06-20T21:52:07.663+0000] {processor.py:186} INFO - Started process (PID=3244) to work on /home/airflow/.local/lib/python3.12/site-packages/airflow/example_dags/example_branch_operator.py
[2025-06-20T21:52:07.664+0000] {processor.py:914} INFO - Processing file /home/airflow/.local/lib/python3.12/site-packages/airflow/example_dags/example_branch_operator.py for tasks to queue
[2025-06-20T21:52:07.666+0000] {logging_mixin.py:190} INFO - [2025-06-20T21:52:07.666+0000] {dagbag.py:588} INFO - Filling up the DagBag from /home/airflow/.local/lib/python3.12/site-packages/airflow/example_dags/example_branch_operator.py
[2025-06-20T21:52:07.684+0000] {processor.py:925} INFO - DAG(s) 'example_branch_operator' retrieved from /home/airflow/.local/lib/python3.12/site-packages/airflow/example_dags/example_branch_operator.py
[2025-06-20T21:52:07.710+0000] {logging_mixin.py:190} INFO - [2025-06-20T21:52:07.710+0000] {dag.py:3239} INFO - Sync 1 DAGs
[2025-06-20T21:52:07.735+0000] {logging_mixin.py:190} INFO - [2025-06-20T21:52:07.735+0000] {dag.py:4180} INFO - Setting next_dagrun for example_branch_operator to 2025-06-19 00:00:00+00:00, run_after=2025-06-20 00:00:00+00:00
[2025-06-20T21:52:07.952+0000] {processor.py:208} INFO - Processing /home/airflow/.local/lib/python3.12/site-packages/airflow/example_dags/example_branch_operator.py took 0.295 seconds
[2025-06-20T21:52:39.209+0000] {processor.py:186} INFO - Started process (PID=3309) to work on /home/airflow/.local/lib/python3.12/site-packages/airflow/example_dags/example_branch_operator.py
[2025-06-20T21:52:39.210+0000] {processor.py:914} INFO - Processing file /home/airflow/.local/lib/python3.12/site-packages/airflow/example_dags/example_branch_operator.py for tasks to queue
[2025-06-20T21:52:39.213+0000] {logging_mixin.py:190} INFO - [2025-06-20T21:52:39.212+0000] {dagbag.py:588} INFO - Filling up the DagBag from /home/airflow/.local/lib/python3.12/site-packages/airflow/example_dags/example_branch_operator.py
[2025-06-20T21:52:39.230+0000] {processor.py:925} INFO - DAG(s) 'example_branch_operator' retrieved from /home/airflow/.local/lib/python3.12/site-packages/airflow/example_dags/example_branch_operator.py
[2025-06-20T21:52:39.257+0000] {logging_mixin.py:190} INFO - [2025-06-20T21:52:39.257+0000] {dag.py:3239} INFO - Sync 1 DAGs
[2025-06-20T21:52:39.280+0000] {logging_mixin.py:190} INFO - [2025-06-20T21:52:39.280+0000] {dag.py:4180} INFO - Setting next_dagrun for example_branch_operator to 2025-06-19 00:00:00+00:00, run_after=2025-06-20 00:00:00+00:00
[2025-06-20T21:52:39.380+0000] {processor.py:208} INFO - Processing /home/airflow/.local/lib/python3.12/site-packages/airflow/example_dags/example_branch_operator.py took 0.176 seconds
[2025-06-20T21:53:10.111+0000] {processor.py:186} INFO - Started process (PID=3373) to work on /home/airflow/.local/lib/python3.12/site-packages/airflow/example_dags/example_branch_operator.py
[2025-06-20T21:53:10.113+0000] {processor.py:914} INFO - Processing file /home/airflow/.local/lib/python3.12/site-packages/airflow/example_dags/example_branch_operator.py for tasks to queue
[2025-06-20T21:53:10.116+0000] {logging_mixin.py:190} INFO - [2025-06-20T21:53:10.115+0000] {dagbag.py:588} INFO - Filling up the DagBag from /home/airflow/.local/lib/python3.12/site-packages/airflow/example_dags/example_branch_operator.py
[2025-06-20T21:53:10.141+0000] {processor.py:925} INFO - DAG(s) 'example_branch_operator' retrieved from /home/airflow/.local/lib/python3.12/site-packages/airflow/example_dags/example_branch_operator.py
[2025-06-20T21:53:10.178+0000] {logging_mixin.py:190} INFO - [2025-06-20T21:53:10.178+0000] {dag.py:3239} INFO - Sync 1 DAGs
[2025-06-20T21:53:10.209+0000] {logging_mixin.py:190} INFO - [2025-06-20T21:53:10.209+0000] {dag.py:4180} INFO - Setting next_dagrun for example_branch_operator to 2025-06-19 00:00:00+00:00, run_after=2025-06-20 00:00:00+00:00
[2025-06-20T21:53:10.307+0000] {processor.py:208} INFO - Processing /home/airflow/.local/lib/python3.12/site-packages/airflow/example_dags/example_branch_operator.py took 0.202 seconds
[2025-06-20T21:53:41.192+0000] {processor.py:186} INFO - Started process (PID=3437) to work on /home/airflow/.local/lib/python3.12/site-packages/airflow/example_dags/example_branch_operator.py
[2025-06-20T21:53:41.193+0000] {processor.py:914} INFO - Processing file /home/airflow/.local/lib/python3.12/site-packages/airflow/example_dags/example_branch_operator.py for tasks to queue
[2025-06-20T21:53:41.195+0000] {logging_mixin.py:190} INFO - [2025-06-20T21:53:41.195+0000] {dagbag.py:588} INFO - Filling up the DagBag from /home/airflow/.local/lib/python3.12/site-packages/airflow/example_dags/example_branch_operator.py
[2025-06-20T21:53:41.211+0000] {processor.py:925} INFO - DAG(s) 'example_branch_operator' retrieved from /home/airflow/.local/lib/python3.12/site-packages/airflow/example_dags/example_branch_operator.py
[2025-06-20T21:53:41.238+0000] {logging_mixin.py:190} INFO - [2025-06-20T21:53:41.237+0000] {dag.py:3239} INFO - Sync 1 DAGs
[2025-06-20T21:53:41.262+0000] {logging_mixin.py:190} INFO - [2025-06-20T21:53:41.261+0000] {dag.py:4180} INFO - Setting next_dagrun for example_branch_operator to 2025-06-19 00:00:00+00:00, run_after=2025-06-20 00:00:00+00:00
[2025-06-20T21:53:41.292+0000] {processor.py:208} INFO - Processing /home/airflow/.local/lib/python3.12/site-packages/airflow/example_dags/example_branch_operator.py took 0.105 seconds
[2025-06-20T21:55:51.511+0000] {processor.py:186} INFO - Started process (PID=102) to work on /home/airflow/.local/lib/python3.12/site-packages/airflow/example_dags/example_branch_operator.py
[2025-06-20T21:55:51.512+0000] {processor.py:914} INFO - Processing file /home/airflow/.local/lib/python3.12/site-packages/airflow/example_dags/example_branch_operator.py for tasks to queue
[2025-06-20T21:55:51.514+0000] {logging_mixin.py:190} INFO - [2025-06-20T21:55:51.514+0000] {dagbag.py:588} INFO - Filling up the DagBag from /home/airflow/.local/lib/python3.12/site-packages/airflow/example_dags/example_branch_operator.py
[2025-06-20T21:55:51.536+0000] {processor.py:925} INFO - DAG(s) 'example_branch_operator' retrieved from /home/airflow/.local/lib/python3.12/site-packages/airflow/example_dags/example_branch_operator.py
[2025-06-20T21:55:51.673+0000] {logging_mixin.py:190} INFO - [2025-06-20T21:55:51.672+0000] {override.py:1911} INFO - Created Permission View: can delete on DAG:example_branch_operator
[2025-06-20T21:55:51.716+0000] {logging_mixin.py:190} INFO - [2025-06-20T21:55:51.715+0000] {override.py:1911} INFO - Created Permission View: can edit on DAG:example_branch_operator
[2025-06-20T21:55:51.738+0000] {logging_mixin.py:190} INFO - [2025-06-20T21:55:51.737+0000] {override.py:1911} INFO - Created Permission View: can read on DAG:example_branch_operator
[2025-06-20T21:55:51.759+0000] {logging_mixin.py:190} INFO - [2025-06-20T21:55:51.758+0000] {override.py:1911} INFO - Created Permission View: can delete on DAG Run:example_branch_operator
[2025-06-20T21:55:51.780+0000] {logging_mixin.py:190} INFO - [2025-06-20T21:55:51.780+0000] {override.py:1911} INFO - Created Permission View: menu access on DAG Run:example_branch_operator
[2025-06-20T21:55:51.802+0000] {logging_mixin.py:190} INFO - [2025-06-20T21:55:51.802+0000] {override.py:1911} INFO - Created Permission View: can create on DAG Run:example_branch_operator
[2025-06-20T21:55:51.824+0000] {logging_mixin.py:190} INFO - [2025-06-20T21:55:51.823+0000] {override.py:1911} INFO - Created Permission View: can read on DAG Run:example_branch_operator
[2025-06-20T21:55:51.825+0000] {logging_mixin.py:190} INFO - [2025-06-20T21:55:51.825+0000] {dag.py:3239} INFO - Sync 1 DAGs
[2025-06-20T21:55:51.837+0000] {logging_mixin.py:190} INFO - [2025-06-20T21:55:51.837+0000] {dag.py:3262} INFO - Creating ORM DAG for example_branch_operator
[2025-06-20T21:55:51.848+0000] {logging_mixin.py:190} INFO - [2025-06-20T21:55:51.848+0000] {dag.py:4180} INFO - Setting next_dagrun for example_branch_operator to 2025-06-19 00:00:00+00:00, run_after=2025-06-20 00:00:00+00:00
[2025-06-20T21:55:51.875+0000] {processor.py:208} INFO - Processing /home/airflow/.local/lib/python3.12/site-packages/airflow/example_dags/example_branch_operator.py took 0.369 seconds
[2025-06-20T21:56:21.965+0000] {processor.py:186} INFO - Started process (PID=166) to work on /home/airflow/.local/lib/python3.12/site-packages/airflow/example_dags/example_branch_operator.py
[2025-06-20T21:56:21.966+0000] {processor.py:914} INFO - Processing file /home/airflow/.local/lib/python3.12/site-packages/airflow/example_dags/example_branch_operator.py for tasks to queue
[2025-06-20T21:56:21.969+0000] {logging_mixin.py:190} INFO - [2025-06-20T21:56:21.969+0000] {dagbag.py:588} INFO - Filling up the DagBag from /home/airflow/.local/lib/python3.12/site-packages/airflow/example_dags/example_branch_operator.py
[2025-06-20T21:56:21.986+0000] {processor.py:925} INFO - DAG(s) 'example_branch_operator' retrieved from /home/airflow/.local/lib/python3.12/site-packages/airflow/example_dags/example_branch_operator.py
[2025-06-20T21:56:22.018+0000] {logging_mixin.py:190} INFO - [2025-06-20T21:56:22.018+0000] {dag.py:3239} INFO - Sync 1 DAGs
[2025-06-20T21:56:22.046+0000] {logging_mixin.py:190} INFO - [2025-06-20T21:56:22.046+0000] {dag.py:4180} INFO - Setting next_dagrun for example_branch_operator to 2025-06-19 00:00:00+00:00, run_after=2025-06-20 00:00:00+00:00
[2025-06-20T21:56:22.137+0000] {processor.py:208} INFO - Processing /home/airflow/.local/lib/python3.12/site-packages/airflow/example_dags/example_branch_operator.py took 0.179 seconds
[2025-06-20T21:56:52.741+0000] {processor.py:186} INFO - Started process (PID=230) to work on /home/airflow/.local/lib/python3.12/site-packages/airflow/example_dags/example_branch_operator.py
[2025-06-20T21:56:52.742+0000] {processor.py:914} INFO - Processing file /home/airflow/.local/lib/python3.12/site-packages/airflow/example_dags/example_branch_operator.py for tasks to queue
[2025-06-20T21:56:52.744+0000] {logging_mixin.py:190} INFO - [2025-06-20T21:56:52.744+0000] {dagbag.py:588} INFO - Filling up the DagBag from /home/airflow/.local/lib/python3.12/site-packages/airflow/example_dags/example_branch_operator.py
[2025-06-20T21:56:52.760+0000] {processor.py:925} INFO - DAG(s) 'example_branch_operator' retrieved from /home/airflow/.local/lib/python3.12/site-packages/airflow/example_dags/example_branch_operator.py
[2025-06-20T21:56:52.788+0000] {logging_mixin.py:190} INFO - [2025-06-20T21:56:52.788+0000] {dag.py:3239} INFO - Sync 1 DAGs
[2025-06-20T21:56:52.811+0000] {logging_mixin.py:190} INFO - [2025-06-20T21:56:52.810+0000] {dag.py:4180} INFO - Setting next_dagrun for example_branch_operator to 2025-06-19 00:00:00+00:00, run_after=2025-06-20 00:00:00+00:00
[2025-06-20T21:56:52.840+0000] {processor.py:208} INFO - Processing /home/airflow/.local/lib/python3.12/site-packages/airflow/example_dags/example_branch_operator.py took 0.105 seconds
[2025-06-20T21:57:23.793+0000] {processor.py:186} INFO - Started process (PID=294) to work on /home/airflow/.local/lib/python3.12/site-packages/airflow/example_dags/example_branch_operator.py
[2025-06-20T21:57:23.794+0000] {processor.py:914} INFO - Processing file /home/airflow/.local/lib/python3.12/site-packages/airflow/example_dags/example_branch_operator.py for tasks to queue
[2025-06-20T21:57:23.796+0000] {logging_mixin.py:190} INFO - [2025-06-20T21:57:23.796+0000] {dagbag.py:588} INFO - Filling up the DagBag from /home/airflow/.local/lib/python3.12/site-packages/airflow/example_dags/example_branch_operator.py
[2025-06-20T21:57:23.812+0000] {processor.py:925} INFO - DAG(s) 'example_branch_operator' retrieved from /home/airflow/.local/lib/python3.12/site-packages/airflow/example_dags/example_branch_operator.py
[2025-06-20T21:57:23.842+0000] {logging_mixin.py:190} INFO - [2025-06-20T21:57:23.842+0000] {dag.py:3239} INFO - Sync 1 DAGs
[2025-06-20T21:57:23.865+0000] {logging_mixin.py:190} INFO - [2025-06-20T21:57:23.865+0000] {dag.py:4180} INFO - Setting next_dagrun for example_branch_operator to 2025-06-19 00:00:00+00:00, run_after=2025-06-20 00:00:00+00:00
[2025-06-20T21:57:23.972+0000] {processor.py:208} INFO - Processing /home/airflow/.local/lib/python3.12/site-packages/airflow/example_dags/example_branch_operator.py took 0.185 seconds
[2025-06-20T21:57:54.048+0000] {processor.py:186} INFO - Started process (PID=357) to work on /home/airflow/.local/lib/python3.12/site-packages/airflow/example_dags/example_branch_operator.py
[2025-06-20T21:57:54.049+0000] {processor.py:914} INFO - Processing file /home/airflow/.local/lib/python3.12/site-packages/airflow/example_dags/example_branch_operator.py for tasks to queue
[2025-06-20T21:57:54.051+0000] {logging_mixin.py:190} INFO - [2025-06-20T21:57:54.051+0000] {dagbag.py:588} INFO - Filling up the DagBag from /home/airflow/.local/lib/python3.12/site-packages/airflow/example_dags/example_branch_operator.py
[2025-06-20T21:57:54.066+0000] {processor.py:925} INFO - DAG(s) 'example_branch_operator' retrieved from /home/airflow/.local/lib/python3.12/site-packages/airflow/example_dags/example_branch_operator.py
[2025-06-20T21:57:54.092+0000] {logging_mixin.py:190} INFO - [2025-06-20T21:57:54.092+0000] {dag.py:3239} INFO - Sync 1 DAGs
[2025-06-20T21:57:54.114+0000] {logging_mixin.py:190} INFO - [2025-06-20T21:57:54.114+0000] {dag.py:4180} INFO - Setting next_dagrun for example_branch_operator to 2025-06-19 00:00:00+00:00, run_after=2025-06-20 00:00:00+00:00
[2025-06-20T21:57:54.226+0000] {processor.py:208} INFO - Processing /home/airflow/.local/lib/python3.12/site-packages/airflow/example_dags/example_branch_operator.py took 0.183 seconds
[2025-06-20T21:58:26.321+0000] {processor.py:186} INFO - Started process (PID=430) to work on /home/airflow/.local/lib/python3.12/site-packages/airflow/example_dags/example_branch_operator.py
[2025-06-20T21:58:26.323+0000] {processor.py:914} INFO - Processing file /home/airflow/.local/lib/python3.12/site-packages/airflow/example_dags/example_branch_operator.py for tasks to queue
[2025-06-20T21:58:26.325+0000] {logging_mixin.py:190} INFO - [2025-06-20T21:58:26.325+0000] {dagbag.py:588} INFO - Filling up the DagBag from /home/airflow/.local/lib/python3.12/site-packages/airflow/example_dags/example_branch_operator.py
[2025-06-20T21:58:26.342+0000] {processor.py:925} INFO - DAG(s) 'example_branch_operator' retrieved from /home/airflow/.local/lib/python3.12/site-packages/airflow/example_dags/example_branch_operator.py
[2025-06-20T21:58:26.373+0000] {logging_mixin.py:190} INFO - [2025-06-20T21:58:26.372+0000] {dag.py:3239} INFO - Sync 1 DAGs
[2025-06-20T21:58:26.402+0000] {logging_mixin.py:190} INFO - [2025-06-20T21:58:26.402+0000] {dag.py:4180} INFO - Setting next_dagrun for example_branch_operator to 2025-06-19 00:00:00+00:00, run_after=2025-06-20 00:00:00+00:00
[2025-06-20T21:58:26.474+0000] {processor.py:208} INFO - Processing /home/airflow/.local/lib/python3.12/site-packages/airflow/example_dags/example_branch_operator.py took 0.159 seconds
[2025-06-20T21:58:57.624+0000] {processor.py:186} INFO - Started process (PID=494) to work on /home/airflow/.local/lib/python3.12/site-packages/airflow/example_dags/example_branch_operator.py
[2025-06-20T21:58:57.625+0000] {processor.py:914} INFO - Processing file /home/airflow/.local/lib/python3.12/site-packages/airflow/example_dags/example_branch_operator.py for tasks to queue
[2025-06-20T21:58:57.627+0000] {logging_mixin.py:190} INFO - [2025-06-20T21:58:57.627+0000] {dagbag.py:588} INFO - Filling up the DagBag from /home/airflow/.local/lib/python3.12/site-packages/airflow/example_dags/example_branch_operator.py
[2025-06-20T21:58:57.642+0000] {processor.py:925} INFO - DAG(s) 'example_branch_operator' retrieved from /home/airflow/.local/lib/python3.12/site-packages/airflow/example_dags/example_branch_operator.py
[2025-06-20T21:58:57.670+0000] {logging_mixin.py:190} INFO - [2025-06-20T21:58:57.670+0000] {dag.py:3239} INFO - Sync 1 DAGs
[2025-06-20T21:58:57.692+0000] {logging_mixin.py:190} INFO - [2025-06-20T21:58:57.692+0000] {dag.py:4180} INFO - Setting next_dagrun for example_branch_operator to 2025-06-19 00:00:00+00:00, run_after=2025-06-20 00:00:00+00:00
[2025-06-20T21:58:57.716+0000] {processor.py:208} INFO - Processing /home/airflow/.local/lib/python3.12/site-packages/airflow/example_dags/example_branch_operator.py took 0.097 seconds
[2025-06-20T21:59:28.845+0000] {processor.py:186} INFO - Started process (PID=558) to work on /home/airflow/.local/lib/python3.12/site-packages/airflow/example_dags/example_branch_operator.py
[2025-06-20T21:59:28.846+0000] {processor.py:914} INFO - Processing file /home/airflow/.local/lib/python3.12/site-packages/airflow/example_dags/example_branch_operator.py for tasks to queue
[2025-06-20T21:59:28.848+0000] {logging_mixin.py:190} INFO - [2025-06-20T21:59:28.848+0000] {dagbag.py:588} INFO - Filling up the DagBag from /home/airflow/.local/lib/python3.12/site-packages/airflow/example_dags/example_branch_operator.py
[2025-06-20T21:59:28.864+0000] {processor.py:925} INFO - DAG(s) 'example_branch_operator' retrieved from /home/airflow/.local/lib/python3.12/site-packages/airflow/example_dags/example_branch_operator.py
[2025-06-20T21:59:28.892+0000] {logging_mixin.py:190} INFO - [2025-06-20T21:59:28.892+0000] {dag.py:3239} INFO - Sync 1 DAGs
[2025-06-20T21:59:28.919+0000] {logging_mixin.py:190} INFO - [2025-06-20T21:59:28.919+0000] {dag.py:4180} INFO - Setting next_dagrun for example_branch_operator to 2025-06-19 00:00:00+00:00, run_after=2025-06-20 00:00:00+00:00
[2025-06-20T21:59:28.942+0000] {processor.py:208} INFO - Processing /home/airflow/.local/lib/python3.12/site-packages/airflow/example_dags/example_branch_operator.py took 0.102 seconds
[2025-06-20T22:00:00.170+0000] {processor.py:186} INFO - Started process (PID=622) to work on /home/airflow/.local/lib/python3.12/site-packages/airflow/example_dags/example_branch_operator.py
[2025-06-20T22:00:00.171+0000] {processor.py:914} INFO - Processing file /home/airflow/.local/lib/python3.12/site-packages/airflow/example_dags/example_branch_operator.py for tasks to queue
[2025-06-20T22:00:00.174+0000] {logging_mixin.py:190} INFO - [2025-06-20T22:00:00.173+0000] {dagbag.py:588} INFO - Filling up the DagBag from /home/airflow/.local/lib/python3.12/site-packages/airflow/example_dags/example_branch_operator.py
[2025-06-20T22:00:00.189+0000] {processor.py:925} INFO - DAG(s) 'example_branch_operator' retrieved from /home/airflow/.local/lib/python3.12/site-packages/airflow/example_dags/example_branch_operator.py
[2025-06-20T22:00:00.218+0000] {logging_mixin.py:190} INFO - [2025-06-20T22:00:00.218+0000] {dag.py:3239} INFO - Sync 1 DAGs
[2025-06-20T22:00:00.240+0000] {logging_mixin.py:190} INFO - [2025-06-20T22:00:00.240+0000] {dag.py:4180} INFO - Setting next_dagrun for example_branch_operator to 2025-06-19 00:00:00+00:00, run_after=2025-06-20 00:00:00+00:00
[2025-06-20T22:00:00.271+0000] {processor.py:208} INFO - Processing /home/airflow/.local/lib/python3.12/site-packages/airflow/example_dags/example_branch_operator.py took 0.106 seconds
[2025-06-20T22:00:31.835+0000] {processor.py:186} INFO - Started process (PID=686) to work on /home/airflow/.local/lib/python3.12/site-packages/airflow/example_dags/example_branch_operator.py
[2025-06-20T22:00:31.836+0000] {processor.py:914} INFO - Processing file /home/airflow/.local/lib/python3.12/site-packages/airflow/example_dags/example_branch_operator.py for tasks to queue
[2025-06-20T22:00:31.839+0000] {logging_mixin.py:190} INFO - [2025-06-20T22:00:31.838+0000] {dagbag.py:588} INFO - Filling up the DagBag from /home/airflow/.local/lib/python3.12/site-packages/airflow/example_dags/example_branch_operator.py
[2025-06-20T22:00:31.857+0000] {processor.py:925} INFO - DAG(s) 'example_branch_operator' retrieved from /home/airflow/.local/lib/python3.12/site-packages/airflow/example_dags/example_branch_operator.py
[2025-06-20T22:00:31.887+0000] {logging_mixin.py:190} INFO - [2025-06-20T22:00:31.887+0000] {dag.py:3239} INFO - Sync 1 DAGs
[2025-06-20T22:00:31.911+0000] {logging_mixin.py:190} INFO - [2025-06-20T22:00:31.910+0000] {dag.py:4180} INFO - Setting next_dagrun for example_branch_operator to 2025-06-19 00:00:00+00:00, run_after=2025-06-20 00:00:00+00:00
[2025-06-20T22:00:31.933+0000] {processor.py:208} INFO - Processing /home/airflow/.local/lib/python3.12/site-packages/airflow/example_dags/example_branch_operator.py took 0.104 seconds
[2025-06-20T22:01:03.070+0000] {processor.py:186} INFO - Started process (PID=744) to work on /home/airflow/.local/lib/python3.12/site-packages/airflow/example_dags/example_branch_operator.py
[2025-06-20T22:01:03.071+0000] {processor.py:914} INFO - Processing file /home/airflow/.local/lib/python3.12/site-packages/airflow/example_dags/example_branch_operator.py for tasks to queue
[2025-06-20T22:01:03.073+0000] {logging_mixin.py:190} INFO - [2025-06-20T22:01:03.073+0000] {dagbag.py:588} INFO - Filling up the DagBag from /home/airflow/.local/lib/python3.12/site-packages/airflow/example_dags/example_branch_operator.py
[2025-06-20T22:01:03.090+0000] {processor.py:925} INFO - DAG(s) 'example_branch_operator' retrieved from /home/airflow/.local/lib/python3.12/site-packages/airflow/example_dags/example_branch_operator.py
[2025-06-20T22:01:03.118+0000] {logging_mixin.py:190} INFO - [2025-06-20T22:01:03.118+0000] {dag.py:3239} INFO - Sync 1 DAGs
[2025-06-20T22:01:03.143+0000] {logging_mixin.py:190} INFO - [2025-06-20T22:01:03.143+0000] {dag.py:4180} INFO - Setting next_dagrun for example_branch_operator to 2025-06-19 00:00:00+00:00, run_after=2025-06-20 00:00:00+00:00
[2025-06-20T22:01:03.169+0000] {processor.py:208} INFO - Processing /home/airflow/.local/lib/python3.12/site-packages/airflow/example_dags/example_branch_operator.py took 0.104 seconds
[2025-06-20T22:01:34.776+0000] {processor.py:186} INFO - Started process (PID=808) to work on /home/airflow/.local/lib/python3.12/site-packages/airflow/example_dags/example_branch_operator.py
[2025-06-20T22:01:34.777+0000] {processor.py:914} INFO - Processing file /home/airflow/.local/lib/python3.12/site-packages/airflow/example_dags/example_branch_operator.py for tasks to queue
[2025-06-20T22:01:34.779+0000] {logging_mixin.py:190} INFO - [2025-06-20T22:01:34.779+0000] {dagbag.py:588} INFO - Filling up the DagBag from /home/airflow/.local/lib/python3.12/site-packages/airflow/example_dags/example_branch_operator.py
[2025-06-20T22:01:34.796+0000] {processor.py:925} INFO - DAG(s) 'example_branch_operator' retrieved from /home/airflow/.local/lib/python3.12/site-packages/airflow/example_dags/example_branch_operator.py
[2025-06-20T22:01:34.824+0000] {logging_mixin.py:190} INFO - [2025-06-20T22:01:34.824+0000] {dag.py:3239} INFO - Sync 1 DAGs
[2025-06-20T22:01:34.848+0000] {logging_mixin.py:190} INFO - [2025-06-20T22:01:34.848+0000] {dag.py:4180} INFO - Setting next_dagrun for example_branch_operator to 2025-06-19 00:00:00+00:00, run_after=2025-06-20 00:00:00+00:00
[2025-06-20T22:01:34.876+0000] {processor.py:208} INFO - Processing /home/airflow/.local/lib/python3.12/site-packages/airflow/example_dags/example_branch_operator.py took 0.106 seconds
[2025-06-20T22:02:06.441+0000] {processor.py:186} INFO - Started process (PID=878) to work on /home/airflow/.local/lib/python3.12/site-packages/airflow/example_dags/example_branch_operator.py
[2025-06-20T22:02:06.442+0000] {processor.py:914} INFO - Processing file /home/airflow/.local/lib/python3.12/site-packages/airflow/example_dags/example_branch_operator.py for tasks to queue
[2025-06-20T22:02:06.445+0000] {logging_mixin.py:190} INFO - [2025-06-20T22:02:06.444+0000] {dagbag.py:588} INFO - Filling up the DagBag from /home/airflow/.local/lib/python3.12/site-packages/airflow/example_dags/example_branch_operator.py
[2025-06-20T22:02:06.461+0000] {processor.py:925} INFO - DAG(s) 'example_branch_operator' retrieved from /home/airflow/.local/lib/python3.12/site-packages/airflow/example_dags/example_branch_operator.py
[2025-06-20T22:02:06.489+0000] {logging_mixin.py:190} INFO - [2025-06-20T22:02:06.489+0000] {dag.py:3239} INFO - Sync 1 DAGs
[2025-06-20T22:02:06.513+0000] {logging_mixin.py:190} INFO - [2025-06-20T22:02:06.513+0000] {dag.py:4180} INFO - Setting next_dagrun for example_branch_operator to 2025-06-19 00:00:00+00:00, run_after=2025-06-20 00:00:00+00:00
[2025-06-20T22:02:06.541+0000] {processor.py:208} INFO - Processing /home/airflow/.local/lib/python3.12/site-packages/airflow/example_dags/example_branch_operator.py took 0.106 seconds
[2025-06-20T22:02:37.891+0000] {processor.py:186} INFO - Started process (PID=942) to work on /home/airflow/.local/lib/python3.12/site-packages/airflow/example_dags/example_branch_operator.py
[2025-06-20T22:02:37.892+0000] {processor.py:914} INFO - Processing file /home/airflow/.local/lib/python3.12/site-packages/airflow/example_dags/example_branch_operator.py for tasks to queue
[2025-06-20T22:02:37.894+0000] {logging_mixin.py:190} INFO - [2025-06-20T22:02:37.894+0000] {dagbag.py:588} INFO - Filling up the DagBag from /home/airflow/.local/lib/python3.12/site-packages/airflow/example_dags/example_branch_operator.py
[2025-06-20T22:02:37.915+0000] {processor.py:925} INFO - DAG(s) 'example_branch_operator' retrieved from /home/airflow/.local/lib/python3.12/site-packages/airflow/example_dags/example_branch_operator.py
[2025-06-20T22:02:37.946+0000] {logging_mixin.py:190} INFO - [2025-06-20T22:02:37.946+0000] {dag.py:3239} INFO - Sync 1 DAGs
[2025-06-20T22:02:37.973+0000] {logging_mixin.py:190} INFO - [2025-06-20T22:02:37.973+0000] {dag.py:4180} INFO - Setting next_dagrun for example_branch_operator to 2025-06-19 00:00:00+00:00, run_after=2025-06-20 00:00:00+00:00
[2025-06-20T22:02:38.015+0000] {processor.py:208} INFO - Processing /home/airflow/.local/lib/python3.12/site-packages/airflow/example_dags/example_branch_operator.py took 0.130 seconds
[2025-06-20T22:03:09.729+0000] {processor.py:186} INFO - Started process (PID=1006) to work on /home/airflow/.local/lib/python3.12/site-packages/airflow/example_dags/example_branch_operator.py
[2025-06-20T22:03:09.730+0000] {processor.py:914} INFO - Processing file /home/airflow/.local/lib/python3.12/site-packages/airflow/example_dags/example_branch_operator.py for tasks to queue
[2025-06-20T22:03:09.733+0000] {logging_mixin.py:190} INFO - [2025-06-20T22:03:09.733+0000] {dagbag.py:588} INFO - Filling up the DagBag from /home/airflow/.local/lib/python3.12/site-packages/airflow/example_dags/example_branch_operator.py
[2025-06-20T22:03:09.752+0000] {processor.py:925} INFO - DAG(s) 'example_branch_operator' retrieved from /home/airflow/.local/lib/python3.12/site-packages/airflow/example_dags/example_branch_operator.py
[2025-06-20T22:03:09.779+0000] {logging_mixin.py:190} INFO - [2025-06-20T22:03:09.779+0000] {dag.py:3239} INFO - Sync 1 DAGs
[2025-06-20T22:03:09.805+0000] {logging_mixin.py:190} INFO - [2025-06-20T22:03:09.805+0000] {dag.py:4180} INFO - Setting next_dagrun for example_branch_operator to 2025-06-19 00:00:00+00:00, run_after=2025-06-20 00:00:00+00:00
[2025-06-20T22:03:09.836+0000] {processor.py:208} INFO - Processing /home/airflow/.local/lib/python3.12/site-packages/airflow/example_dags/example_branch_operator.py took 0.112 seconds
[2025-06-20T22:03:41.581+0000] {processor.py:186} INFO - Started process (PID=1070) to work on /home/airflow/.local/lib/python3.12/site-packages/airflow/example_dags/example_branch_operator.py
[2025-06-20T22:03:41.583+0000] {processor.py:914} INFO - Processing file /home/airflow/.local/lib/python3.12/site-packages/airflow/example_dags/example_branch_operator.py for tasks to queue
[2025-06-20T22:03:41.585+0000] {logging_mixin.py:190} INFO - [2025-06-20T22:03:41.585+0000] {dagbag.py:588} INFO - Filling up the DagBag from /home/airflow/.local/lib/python3.12/site-packages/airflow/example_dags/example_branch_operator.py
[2025-06-20T22:03:41.602+0000] {processor.py:925} INFO - DAG(s) 'example_branch_operator' retrieved from /home/airflow/.local/lib/python3.12/site-packages/airflow/example_dags/example_branch_operator.py
[2025-06-20T22:03:41.640+0000] {logging_mixin.py:190} INFO - [2025-06-20T22:03:41.640+0000] {dag.py:3239} INFO - Sync 1 DAGs
[2025-06-20T22:03:41.665+0000] {logging_mixin.py:190} INFO - [2025-06-20T22:03:41.665+0000] {dag.py:4180} INFO - Setting next_dagrun for example_branch_operator to 2025-06-19 00:00:00+00:00, run_after=2025-06-20 00:00:00+00:00
[2025-06-20T22:03:41.701+0000] {processor.py:208} INFO - Processing /home/airflow/.local/lib/python3.12/site-packages/airflow/example_dags/example_branch_operator.py took 0.126 seconds
