[2025-06-20T21:26:02.208+0000] {processor.py:186} INFO - Started process (PID=85) to work on /home/airflow/.local/lib/python3.12/site-packages/airflow/example_dags/example_python_operator.py
[2025-06-20T21:26:02.216+0000] {processor.py:914} INFO - Processing file /home/airflow/.local/lib/python3.12/site-packages/airflow/example_dags/example_python_operator.py for tasks to queue
[2025-06-20T21:26:02.219+0000] {logging_mixin.py:190} INFO - [2025-06-20T21:26:02.219+0000] {dagbag.py:588} INFO - Filling up the DagBag from /home/airflow/.local/lib/python3.12/site-packages/airflow/example_dags/example_python_operator.py
[2025-06-20T21:26:02.274+0000] {processor.py:925} INFO - DAG(s) 'example_python_operator' retrieved from /home/airflow/.local/lib/python3.12/site-packages/airflow/example_dags/example_python_operator.py
[2025-06-20T21:26:02.878+0000] {logging_mixin.py:190} INFO - [2025-06-20T21:26:02.877+0000] {override.py:1911} INFO - Created Permission View: can delete on DAG:example_python_operator
[2025-06-20T21:26:03.109+0000] {logging_mixin.py:190} INFO - [2025-06-20T21:26:03.108+0000] {override.py:1911} INFO - Created Permission View: can read on DAG:example_python_operator
[2025-06-20T21:26:03.403+0000] {logging_mixin.py:190} INFO - [2025-06-20T21:26:03.403+0000] {override.py:1911} INFO - Created Permission View: can edit on DAG:example_python_operator
[2025-06-20T21:26:03.825+0000] {logging_mixin.py:190} INFO - [2025-06-20T21:26:03.825+0000] {override.py:1911} INFO - Created Permission View: can delete on DAG Run:example_python_operator
[2025-06-20T21:26:04.236+0000] {logging_mixin.py:190} INFO - [2025-06-20T21:26:04.235+0000] {override.py:1911} INFO - Created Permission View: can create on DAG Run:example_python_operator
[2025-06-20T21:26:04.797+0000] {logging_mixin.py:190} INFO - [2025-06-20T21:26:04.796+0000] {override.py:1911} INFO - Created Permission View: can read on DAG Run:example_python_operator
[2025-06-20T21:26:05.096+0000] {logging_mixin.py:190} INFO - [2025-06-20T21:26:05.095+0000] {override.py:1911} INFO - Created Permission View: menu access on DAG Run:example_python_operator
[2025-06-20T21:26:05.096+0000] {logging_mixin.py:190} INFO - [2025-06-20T21:26:05.096+0000] {dag.py:3239} INFO - Sync 1 DAGs
[2025-06-20T21:26:05.122+0000] {logging_mixin.py:190} INFO - [2025-06-20T21:26:05.121+0000] {dag.py:3262} INFO - Creating ORM DAG for example_python_operator
[2025-06-20T21:26:05.124+0000] {logging_mixin.py:190} INFO - [2025-06-20T21:26:05.123+0000] {dag.py:4180} INFO - Setting next_dagrun for example_python_operator to None, run_after=None
[2025-06-20T21:26:05.547+0000] {processor.py:208} INFO - Processing /home/airflow/.local/lib/python3.12/site-packages/airflow/example_dags/example_python_operator.py took 3.509 seconds
[2025-06-20T21:26:56.348+0000] {processor.py:186} INFO - Started process (PID=154) to work on /home/airflow/.local/lib/python3.12/site-packages/airflow/example_dags/example_python_operator.py
[2025-06-20T21:26:56.349+0000] {processor.py:914} INFO - Processing file /home/airflow/.local/lib/python3.12/site-packages/airflow/example_dags/example_python_operator.py for tasks to queue
[2025-06-20T21:26:56.353+0000] {logging_mixin.py:190} INFO - [2025-06-20T21:26:56.353+0000] {dagbag.py:588} INFO - Filling up the DagBag from /home/airflow/.local/lib/python3.12/site-packages/airflow/example_dags/example_python_operator.py
[2025-06-20T21:26:56.373+0000] {processor.py:925} INFO - DAG(s) 'example_python_operator' retrieved from /home/airflow/.local/lib/python3.12/site-packages/airflow/example_dags/example_python_operator.py
[2025-06-20T21:26:56.397+0000] {logging_mixin.py:190} INFO - [2025-06-20T21:26:56.397+0000] {dag.py:3239} INFO - Sync 1 DAGs
[2025-06-20T21:26:56.419+0000] {logging_mixin.py:190} INFO - [2025-06-20T21:26:56.419+0000] {dag.py:4180} INFO - Setting next_dagrun for example_python_operator to None, run_after=None
[2025-06-20T21:26:56.584+0000] {processor.py:208} INFO - Processing /home/airflow/.local/lib/python3.12/site-packages/airflow/example_dags/example_python_operator.py took 0.240 seconds
[2025-06-20T21:27:27.242+0000] {processor.py:186} INFO - Started process (PID=218) to work on /home/airflow/.local/lib/python3.12/site-packages/airflow/example_dags/example_python_operator.py
[2025-06-20T21:27:27.244+0000] {processor.py:914} INFO - Processing file /home/airflow/.local/lib/python3.12/site-packages/airflow/example_dags/example_python_operator.py for tasks to queue
[2025-06-20T21:27:27.246+0000] {logging_mixin.py:190} INFO - [2025-06-20T21:27:27.246+0000] {dagbag.py:588} INFO - Filling up the DagBag from /home/airflow/.local/lib/python3.12/site-packages/airflow/example_dags/example_python_operator.py
[2025-06-20T21:27:27.257+0000] {processor.py:925} INFO - DAG(s) 'example_python_operator' retrieved from /home/airflow/.local/lib/python3.12/site-packages/airflow/example_dags/example_python_operator.py
[2025-06-20T21:27:27.281+0000] {logging_mixin.py:190} INFO - [2025-06-20T21:27:27.280+0000] {dag.py:3239} INFO - Sync 1 DAGs
[2025-06-20T21:27:27.295+0000] {logging_mixin.py:190} INFO - [2025-06-20T21:27:27.295+0000] {dag.py:4180} INFO - Setting next_dagrun for example_python_operator to None, run_after=None
[2025-06-20T21:27:27.321+0000] {processor.py:208} INFO - Processing /home/airflow/.local/lib/python3.12/site-packages/airflow/example_dags/example_python_operator.py took 0.084 seconds
[2025-06-20T21:27:58.252+0000] {processor.py:186} INFO - Started process (PID=282) to work on /home/airflow/.local/lib/python3.12/site-packages/airflow/example_dags/example_python_operator.py
[2025-06-20T21:27:58.254+0000] {processor.py:914} INFO - Processing file /home/airflow/.local/lib/python3.12/site-packages/airflow/example_dags/example_python_operator.py for tasks to queue
[2025-06-20T21:27:58.256+0000] {logging_mixin.py:190} INFO - [2025-06-20T21:27:58.256+0000] {dagbag.py:588} INFO - Filling up the DagBag from /home/airflow/.local/lib/python3.12/site-packages/airflow/example_dags/example_python_operator.py
[2025-06-20T21:27:58.268+0000] {processor.py:925} INFO - DAG(s) 'example_python_operator' retrieved from /home/airflow/.local/lib/python3.12/site-packages/airflow/example_dags/example_python_operator.py
[2025-06-20T21:27:58.300+0000] {logging_mixin.py:190} INFO - [2025-06-20T21:27:58.300+0000] {dag.py:3239} INFO - Sync 1 DAGs
[2025-06-20T21:27:58.318+0000] {logging_mixin.py:190} INFO - [2025-06-20T21:27:58.317+0000] {dag.py:4180} INFO - Setting next_dagrun for example_python_operator to None, run_after=None
[2025-06-20T21:27:58.356+0000] {processor.py:208} INFO - Processing /home/airflow/.local/lib/python3.12/site-packages/airflow/example_dags/example_python_operator.py took 0.109 seconds
[2025-06-20T21:28:29.200+0000] {processor.py:186} INFO - Started process (PID=346) to work on /home/airflow/.local/lib/python3.12/site-packages/airflow/example_dags/example_python_operator.py
[2025-06-20T21:28:29.202+0000] {processor.py:914} INFO - Processing file /home/airflow/.local/lib/python3.12/site-packages/airflow/example_dags/example_python_operator.py for tasks to queue
[2025-06-20T21:28:29.204+0000] {logging_mixin.py:190} INFO - [2025-06-20T21:28:29.203+0000] {dagbag.py:588} INFO - Filling up the DagBag from /home/airflow/.local/lib/python3.12/site-packages/airflow/example_dags/example_python_operator.py
[2025-06-20T21:28:29.214+0000] {processor.py:925} INFO - DAG(s) 'example_python_operator' retrieved from /home/airflow/.local/lib/python3.12/site-packages/airflow/example_dags/example_python_operator.py
[2025-06-20T21:28:29.238+0000] {logging_mixin.py:190} INFO - [2025-06-20T21:28:29.238+0000] {dag.py:3239} INFO - Sync 1 DAGs
[2025-06-20T21:28:29.254+0000] {logging_mixin.py:190} INFO - [2025-06-20T21:28:29.254+0000] {dag.py:4180} INFO - Setting next_dagrun for example_python_operator to None, run_after=None
[2025-06-20T21:28:29.287+0000] {processor.py:208} INFO - Processing /home/airflow/.local/lib/python3.12/site-packages/airflow/example_dags/example_python_operator.py took 0.092 seconds
[2025-06-20T21:28:59.336+0000] {processor.py:186} INFO - Started process (PID=409) to work on /home/airflow/.local/lib/python3.12/site-packages/airflow/example_dags/example_python_operator.py
[2025-06-20T21:28:59.337+0000] {processor.py:914} INFO - Processing file /home/airflow/.local/lib/python3.12/site-packages/airflow/example_dags/example_python_operator.py for tasks to queue
[2025-06-20T21:28:59.340+0000] {logging_mixin.py:190} INFO - [2025-06-20T21:28:59.339+0000] {dagbag.py:588} INFO - Filling up the DagBag from /home/airflow/.local/lib/python3.12/site-packages/airflow/example_dags/example_python_operator.py
[2025-06-20T21:28:59.351+0000] {processor.py:925} INFO - DAG(s) 'example_python_operator' retrieved from /home/airflow/.local/lib/python3.12/site-packages/airflow/example_dags/example_python_operator.py
[2025-06-20T21:28:59.374+0000] {logging_mixin.py:190} INFO - [2025-06-20T21:28:59.374+0000] {dag.py:3239} INFO - Sync 1 DAGs
[2025-06-20T21:28:59.389+0000] {logging_mixin.py:190} INFO - [2025-06-20T21:28:59.389+0000] {dag.py:4180} INFO - Setting next_dagrun for example_python_operator to None, run_after=None
[2025-06-20T21:28:59.430+0000] {processor.py:208} INFO - Processing /home/airflow/.local/lib/python3.12/site-packages/airflow/example_dags/example_python_operator.py took 0.099 seconds
[2025-06-20T21:29:30.702+0000] {processor.py:186} INFO - Started process (PID=472) to work on /home/airflow/.local/lib/python3.12/site-packages/airflow/example_dags/example_python_operator.py
[2025-06-20T21:29:30.703+0000] {processor.py:914} INFO - Processing file /home/airflow/.local/lib/python3.12/site-packages/airflow/example_dags/example_python_operator.py for tasks to queue
[2025-06-20T21:29:30.706+0000] {logging_mixin.py:190} INFO - [2025-06-20T21:29:30.705+0000] {dagbag.py:588} INFO - Filling up the DagBag from /home/airflow/.local/lib/python3.12/site-packages/airflow/example_dags/example_python_operator.py
[2025-06-20T21:29:30.717+0000] {processor.py:925} INFO - DAG(s) 'example_python_operator' retrieved from /home/airflow/.local/lib/python3.12/site-packages/airflow/example_dags/example_python_operator.py
[2025-06-20T21:29:30.738+0000] {logging_mixin.py:190} INFO - [2025-06-20T21:29:30.738+0000] {dag.py:3239} INFO - Sync 1 DAGs
[2025-06-20T21:29:30.752+0000] {logging_mixin.py:190} INFO - [2025-06-20T21:29:30.752+0000] {dag.py:4180} INFO - Setting next_dagrun for example_python_operator to None, run_after=None
[2025-06-20T21:29:30.841+0000] {processor.py:208} INFO - Processing /home/airflow/.local/lib/python3.12/site-packages/airflow/example_dags/example_python_operator.py took 0.144 seconds
[2025-06-20T21:30:01.081+0000] {processor.py:186} INFO - Started process (PID=536) to work on /home/airflow/.local/lib/python3.12/site-packages/airflow/example_dags/example_python_operator.py
[2025-06-20T21:30:01.082+0000] {processor.py:914} INFO - Processing file /home/airflow/.local/lib/python3.12/site-packages/airflow/example_dags/example_python_operator.py for tasks to queue
[2025-06-20T21:30:01.085+0000] {logging_mixin.py:190} INFO - [2025-06-20T21:30:01.085+0000] {dagbag.py:588} INFO - Filling up the DagBag from /home/airflow/.local/lib/python3.12/site-packages/airflow/example_dags/example_python_operator.py
[2025-06-20T21:30:01.097+0000] {processor.py:925} INFO - DAG(s) 'example_python_operator' retrieved from /home/airflow/.local/lib/python3.12/site-packages/airflow/example_dags/example_python_operator.py
[2025-06-20T21:30:01.119+0000] {logging_mixin.py:190} INFO - [2025-06-20T21:30:01.119+0000] {dag.py:3239} INFO - Sync 1 DAGs
[2025-06-20T21:30:01.133+0000] {logging_mixin.py:190} INFO - [2025-06-20T21:30:01.133+0000] {dag.py:4180} INFO - Setting next_dagrun for example_python_operator to None, run_after=None
[2025-06-20T21:30:01.168+0000] {processor.py:208} INFO - Processing /home/airflow/.local/lib/python3.12/site-packages/airflow/example_dags/example_python_operator.py took 0.093 seconds
[2025-06-20T21:30:31.600+0000] {processor.py:186} INFO - Started process (PID=585) to work on /home/airflow/.local/lib/python3.12/site-packages/airflow/example_dags/example_python_operator.py
[2025-06-20T21:30:31.601+0000] {processor.py:914} INFO - Processing file /home/airflow/.local/lib/python3.12/site-packages/airflow/example_dags/example_python_operator.py for tasks to queue
[2025-06-20T21:30:31.603+0000] {logging_mixin.py:190} INFO - [2025-06-20T21:30:31.603+0000] {dagbag.py:588} INFO - Filling up the DagBag from /home/airflow/.local/lib/python3.12/site-packages/airflow/example_dags/example_python_operator.py
[2025-06-20T21:30:31.615+0000] {processor.py:925} INFO - DAG(s) 'example_python_operator' retrieved from /home/airflow/.local/lib/python3.12/site-packages/airflow/example_dags/example_python_operator.py
[2025-06-20T21:30:31.637+0000] {logging_mixin.py:190} INFO - [2025-06-20T21:30:31.636+0000] {dag.py:3239} INFO - Sync 1 DAGs
[2025-06-20T21:30:31.650+0000] {logging_mixin.py:190} INFO - [2025-06-20T21:30:31.650+0000] {dag.py:4180} INFO - Setting next_dagrun for example_python_operator to None, run_after=None
[2025-06-20T21:30:31.681+0000] {processor.py:208} INFO - Processing /home/airflow/.local/lib/python3.12/site-packages/airflow/example_dags/example_python_operator.py took 0.085 seconds
[2025-06-20T21:31:03.750+0000] {processor.py:186} INFO - Started process (PID=649) to work on /home/airflow/.local/lib/python3.12/site-packages/airflow/example_dags/example_python_operator.py
[2025-06-20T21:31:03.751+0000] {processor.py:914} INFO - Processing file /home/airflow/.local/lib/python3.12/site-packages/airflow/example_dags/example_python_operator.py for tasks to queue
[2025-06-20T21:31:03.753+0000] {logging_mixin.py:190} INFO - [2025-06-20T21:31:03.753+0000] {dagbag.py:588} INFO - Filling up the DagBag from /home/airflow/.local/lib/python3.12/site-packages/airflow/example_dags/example_python_operator.py
[2025-06-20T21:31:03.763+0000] {processor.py:925} INFO - DAG(s) 'example_python_operator' retrieved from /home/airflow/.local/lib/python3.12/site-packages/airflow/example_dags/example_python_operator.py
[2025-06-20T21:31:03.783+0000] {logging_mixin.py:190} INFO - [2025-06-20T21:31:03.783+0000] {dag.py:3239} INFO - Sync 1 DAGs
[2025-06-20T21:31:03.798+0000] {logging_mixin.py:190} INFO - [2025-06-20T21:31:03.798+0000] {dag.py:4180} INFO - Setting next_dagrun for example_python_operator to None, run_after=None
[2025-06-20T21:31:03.838+0000] {processor.py:208} INFO - Processing /home/airflow/.local/lib/python3.12/site-packages/airflow/example_dags/example_python_operator.py took 0.093 seconds
[2025-06-20T21:31:35.040+0000] {processor.py:186} INFO - Started process (PID=713) to work on /home/airflow/.local/lib/python3.12/site-packages/airflow/example_dags/example_python_operator.py
[2025-06-20T21:31:35.042+0000] {processor.py:914} INFO - Processing file /home/airflow/.local/lib/python3.12/site-packages/airflow/example_dags/example_python_operator.py for tasks to queue
[2025-06-20T21:31:35.044+0000] {logging_mixin.py:190} INFO - [2025-06-20T21:31:35.044+0000] {dagbag.py:588} INFO - Filling up the DagBag from /home/airflow/.local/lib/python3.12/site-packages/airflow/example_dags/example_python_operator.py
[2025-06-20T21:31:35.055+0000] {processor.py:925} INFO - DAG(s) 'example_python_operator' retrieved from /home/airflow/.local/lib/python3.12/site-packages/airflow/example_dags/example_python_operator.py
[2025-06-20T21:31:35.076+0000] {logging_mixin.py:190} INFO - [2025-06-20T21:31:35.076+0000] {dag.py:3239} INFO - Sync 1 DAGs
[2025-06-20T21:31:35.090+0000] {logging_mixin.py:190} INFO - [2025-06-20T21:31:35.090+0000] {dag.py:4180} INFO - Setting next_dagrun for example_python_operator to None, run_after=None
[2025-06-20T21:31:35.122+0000] {processor.py:208} INFO - Processing /home/airflow/.local/lib/python3.12/site-packages/airflow/example_dags/example_python_operator.py took 0.089 seconds
[2025-06-20T21:32:07.087+0000] {processor.py:186} INFO - Started process (PID=777) to work on /home/airflow/.local/lib/python3.12/site-packages/airflow/example_dags/example_python_operator.py
[2025-06-20T21:32:07.088+0000] {processor.py:914} INFO - Processing file /home/airflow/.local/lib/python3.12/site-packages/airflow/example_dags/example_python_operator.py for tasks to queue
[2025-06-20T21:32:07.090+0000] {logging_mixin.py:190} INFO - [2025-06-20T21:32:07.089+0000] {dagbag.py:588} INFO - Filling up the DagBag from /home/airflow/.local/lib/python3.12/site-packages/airflow/example_dags/example_python_operator.py
[2025-06-20T21:32:07.101+0000] {processor.py:925} INFO - DAG(s) 'example_python_operator' retrieved from /home/airflow/.local/lib/python3.12/site-packages/airflow/example_dags/example_python_operator.py
[2025-06-20T21:32:07.123+0000] {logging_mixin.py:190} INFO - [2025-06-20T21:32:07.123+0000] {dag.py:3239} INFO - Sync 1 DAGs
[2025-06-20T21:32:07.139+0000] {logging_mixin.py:190} INFO - [2025-06-20T21:32:07.138+0000] {dag.py:4180} INFO - Setting next_dagrun for example_python_operator to None, run_after=None
[2025-06-20T21:32:07.176+0000] {processor.py:208} INFO - Processing /home/airflow/.local/lib/python3.12/site-packages/airflow/example_dags/example_python_operator.py took 0.095 seconds
[2025-06-20T21:32:38.017+0000] {processor.py:186} INFO - Started process (PID=841) to work on /home/airflow/.local/lib/python3.12/site-packages/airflow/example_dags/example_python_operator.py
[2025-06-20T21:32:38.018+0000] {processor.py:914} INFO - Processing file /home/airflow/.local/lib/python3.12/site-packages/airflow/example_dags/example_python_operator.py for tasks to queue
[2025-06-20T21:32:38.020+0000] {logging_mixin.py:190} INFO - [2025-06-20T21:32:38.020+0000] {dagbag.py:588} INFO - Filling up the DagBag from /home/airflow/.local/lib/python3.12/site-packages/airflow/example_dags/example_python_operator.py
[2025-06-20T21:32:38.030+0000] {processor.py:925} INFO - DAG(s) 'example_python_operator' retrieved from /home/airflow/.local/lib/python3.12/site-packages/airflow/example_dags/example_python_operator.py
[2025-06-20T21:32:38.052+0000] {logging_mixin.py:190} INFO - [2025-06-20T21:32:38.051+0000] {dag.py:3239} INFO - Sync 1 DAGs
[2025-06-20T21:32:38.066+0000] {logging_mixin.py:190} INFO - [2025-06-20T21:32:38.066+0000] {dag.py:4180} INFO - Setting next_dagrun for example_python_operator to None, run_after=None
[2025-06-20T21:32:38.095+0000] {processor.py:208} INFO - Processing /home/airflow/.local/lib/python3.12/site-packages/airflow/example_dags/example_python_operator.py took 0.083 seconds
[2025-06-20T21:33:09.843+0000] {processor.py:186} INFO - Started process (PID=905) to work on /home/airflow/.local/lib/python3.12/site-packages/airflow/example_dags/example_python_operator.py
[2025-06-20T21:33:09.844+0000] {processor.py:914} INFO - Processing file /home/airflow/.local/lib/python3.12/site-packages/airflow/example_dags/example_python_operator.py for tasks to queue
[2025-06-20T21:33:09.846+0000] {logging_mixin.py:190} INFO - [2025-06-20T21:33:09.846+0000] {dagbag.py:588} INFO - Filling up the DagBag from /home/airflow/.local/lib/python3.12/site-packages/airflow/example_dags/example_python_operator.py
[2025-06-20T21:33:09.861+0000] {processor.py:925} INFO - DAG(s) 'example_python_operator' retrieved from /home/airflow/.local/lib/python3.12/site-packages/airflow/example_dags/example_python_operator.py
[2025-06-20T21:33:09.893+0000] {logging_mixin.py:190} INFO - [2025-06-20T21:33:09.893+0000] {dag.py:3239} INFO - Sync 1 DAGs
[2025-06-20T21:33:09.913+0000] {logging_mixin.py:190} INFO - [2025-06-20T21:33:09.913+0000] {dag.py:4180} INFO - Setting next_dagrun for example_python_operator to None, run_after=None
[2025-06-20T21:33:09.951+0000] {processor.py:208} INFO - Processing /home/airflow/.local/lib/python3.12/site-packages/airflow/example_dags/example_python_operator.py took 0.114 seconds
[2025-06-20T21:33:41.320+0000] {processor.py:186} INFO - Started process (PID=969) to work on /home/airflow/.local/lib/python3.12/site-packages/airflow/example_dags/example_python_operator.py
[2025-06-20T21:33:41.321+0000] {processor.py:914} INFO - Processing file /home/airflow/.local/lib/python3.12/site-packages/airflow/example_dags/example_python_operator.py for tasks to queue
[2025-06-20T21:33:41.323+0000] {logging_mixin.py:190} INFO - [2025-06-20T21:33:41.323+0000] {dagbag.py:588} INFO - Filling up the DagBag from /home/airflow/.local/lib/python3.12/site-packages/airflow/example_dags/example_python_operator.py
[2025-06-20T21:33:41.337+0000] {processor.py:925} INFO - DAG(s) 'example_python_operator' retrieved from /home/airflow/.local/lib/python3.12/site-packages/airflow/example_dags/example_python_operator.py
[2025-06-20T21:33:41.365+0000] {logging_mixin.py:190} INFO - [2025-06-20T21:33:41.365+0000] {dag.py:3239} INFO - Sync 1 DAGs
[2025-06-20T21:33:41.380+0000] {logging_mixin.py:190} INFO - [2025-06-20T21:33:41.379+0000] {dag.py:4180} INFO - Setting next_dagrun for example_python_operator to None, run_after=None
[2025-06-20T21:33:41.428+0000] {processor.py:208} INFO - Processing /home/airflow/.local/lib/python3.12/site-packages/airflow/example_dags/example_python_operator.py took 0.114 seconds
[2025-06-20T21:34:12.697+0000] {processor.py:186} INFO - Started process (PID=1033) to work on /home/airflow/.local/lib/python3.12/site-packages/airflow/example_dags/example_python_operator.py
[2025-06-20T21:34:12.698+0000] {processor.py:914} INFO - Processing file /home/airflow/.local/lib/python3.12/site-packages/airflow/example_dags/example_python_operator.py for tasks to queue
[2025-06-20T21:34:12.701+0000] {logging_mixin.py:190} INFO - [2025-06-20T21:34:12.700+0000] {dagbag.py:588} INFO - Filling up the DagBag from /home/airflow/.local/lib/python3.12/site-packages/airflow/example_dags/example_python_operator.py
[2025-06-20T21:34:12.712+0000] {processor.py:925} INFO - DAG(s) 'example_python_operator' retrieved from /home/airflow/.local/lib/python3.12/site-packages/airflow/example_dags/example_python_operator.py
[2025-06-20T21:34:12.732+0000] {logging_mixin.py:190} INFO - [2025-06-20T21:34:12.732+0000] {dag.py:3239} INFO - Sync 1 DAGs
[2025-06-20T21:34:12.745+0000] {logging_mixin.py:190} INFO - [2025-06-20T21:34:12.745+0000] {dag.py:4180} INFO - Setting next_dagrun for example_python_operator to None, run_after=None
[2025-06-20T21:34:12.775+0000] {processor.py:208} INFO - Processing /home/airflow/.local/lib/python3.12/site-packages/airflow/example_dags/example_python_operator.py took 0.083 seconds
[2025-06-20T21:34:44.663+0000] {processor.py:186} INFO - Started process (PID=1097) to work on /home/airflow/.local/lib/python3.12/site-packages/airflow/example_dags/example_python_operator.py
[2025-06-20T21:34:44.664+0000] {processor.py:914} INFO - Processing file /home/airflow/.local/lib/python3.12/site-packages/airflow/example_dags/example_python_operator.py for tasks to queue
[2025-06-20T21:34:44.666+0000] {logging_mixin.py:190} INFO - [2025-06-20T21:34:44.666+0000] {dagbag.py:588} INFO - Filling up the DagBag from /home/airflow/.local/lib/python3.12/site-packages/airflow/example_dags/example_python_operator.py
[2025-06-20T21:34:44.677+0000] {processor.py:925} INFO - DAG(s) 'example_python_operator' retrieved from /home/airflow/.local/lib/python3.12/site-packages/airflow/example_dags/example_python_operator.py
[2025-06-20T21:34:44.697+0000] {logging_mixin.py:190} INFO - [2025-06-20T21:34:44.697+0000] {dag.py:3239} INFO - Sync 1 DAGs
[2025-06-20T21:34:44.712+0000] {logging_mixin.py:190} INFO - [2025-06-20T21:34:44.711+0000] {dag.py:4180} INFO - Setting next_dagrun for example_python_operator to None, run_after=None
[2025-06-20T21:34:44.734+0000] {processor.py:208} INFO - Processing /home/airflow/.local/lib/python3.12/site-packages/airflow/example_dags/example_python_operator.py took 0.076 seconds
[2025-06-20T21:35:15.983+0000] {processor.py:186} INFO - Started process (PID=1161) to work on /home/airflow/.local/lib/python3.12/site-packages/airflow/example_dags/example_python_operator.py
[2025-06-20T21:35:15.985+0000] {processor.py:914} INFO - Processing file /home/airflow/.local/lib/python3.12/site-packages/airflow/example_dags/example_python_operator.py for tasks to queue
[2025-06-20T21:35:15.989+0000] {logging_mixin.py:190} INFO - [2025-06-20T21:35:15.988+0000] {dagbag.py:588} INFO - Filling up the DagBag from /home/airflow/.local/lib/python3.12/site-packages/airflow/example_dags/example_python_operator.py
[2025-06-20T21:35:16.008+0000] {processor.py:925} INFO - DAG(s) 'example_python_operator' retrieved from /home/airflow/.local/lib/python3.12/site-packages/airflow/example_dags/example_python_operator.py
[2025-06-20T21:35:16.055+0000] {logging_mixin.py:190} INFO - [2025-06-20T21:35:16.055+0000] {dag.py:3239} INFO - Sync 1 DAGs
[2025-06-20T21:35:16.075+0000] {logging_mixin.py:190} INFO - [2025-06-20T21:35:16.075+0000] {dag.py:4180} INFO - Setting next_dagrun for example_python_operator to None, run_after=None
[2025-06-20T21:35:16.125+0000] {processor.py:208} INFO - Processing /home/airflow/.local/lib/python3.12/site-packages/airflow/example_dags/example_python_operator.py took 0.151 seconds
[2025-06-20T21:35:48.229+0000] {processor.py:186} INFO - Started process (PID=1225) to work on /home/airflow/.local/lib/python3.12/site-packages/airflow/example_dags/example_python_operator.py
[2025-06-20T21:35:48.231+0000] {processor.py:914} INFO - Processing file /home/airflow/.local/lib/python3.12/site-packages/airflow/example_dags/example_python_operator.py for tasks to queue
[2025-06-20T21:35:48.233+0000] {logging_mixin.py:190} INFO - [2025-06-20T21:35:48.233+0000] {dagbag.py:588} INFO - Filling up the DagBag from /home/airflow/.local/lib/python3.12/site-packages/airflow/example_dags/example_python_operator.py
[2025-06-20T21:35:48.244+0000] {processor.py:925} INFO - DAG(s) 'example_python_operator' retrieved from /home/airflow/.local/lib/python3.12/site-packages/airflow/example_dags/example_python_operator.py
[2025-06-20T21:35:48.264+0000] {logging_mixin.py:190} INFO - [2025-06-20T21:35:48.264+0000] {dag.py:3239} INFO - Sync 1 DAGs
[2025-06-20T21:35:48.279+0000] {logging_mixin.py:190} INFO - [2025-06-20T21:35:48.279+0000] {dag.py:4180} INFO - Setting next_dagrun for example_python_operator to None, run_after=None
[2025-06-20T21:35:48.308+0000] {processor.py:208} INFO - Processing /home/airflow/.local/lib/python3.12/site-packages/airflow/example_dags/example_python_operator.py took 0.083 seconds
[2025-06-20T21:36:19.975+0000] {processor.py:186} INFO - Started process (PID=1289) to work on /home/airflow/.local/lib/python3.12/site-packages/airflow/example_dags/example_python_operator.py
[2025-06-20T21:36:19.977+0000] {processor.py:914} INFO - Processing file /home/airflow/.local/lib/python3.12/site-packages/airflow/example_dags/example_python_operator.py for tasks to queue
[2025-06-20T21:36:19.979+0000] {logging_mixin.py:190} INFO - [2025-06-20T21:36:19.978+0000] {dagbag.py:588} INFO - Filling up the DagBag from /home/airflow/.local/lib/python3.12/site-packages/airflow/example_dags/example_python_operator.py
[2025-06-20T21:36:19.990+0000] {processor.py:925} INFO - DAG(s) 'example_python_operator' retrieved from /home/airflow/.local/lib/python3.12/site-packages/airflow/example_dags/example_python_operator.py
[2025-06-20T21:36:20.013+0000] {logging_mixin.py:190} INFO - [2025-06-20T21:36:20.013+0000] {dag.py:3239} INFO - Sync 1 DAGs
[2025-06-20T21:36:20.028+0000] {logging_mixin.py:190} INFO - [2025-06-20T21:36:20.028+0000] {dag.py:4180} INFO - Setting next_dagrun for example_python_operator to None, run_after=None
[2025-06-20T21:36:20.053+0000] {processor.py:208} INFO - Processing /home/airflow/.local/lib/python3.12/site-packages/airflow/example_dags/example_python_operator.py took 0.083 seconds
[2025-06-20T21:36:51.108+0000] {processor.py:186} INFO - Started process (PID=1353) to work on /home/airflow/.local/lib/python3.12/site-packages/airflow/example_dags/example_python_operator.py
[2025-06-20T21:36:51.110+0000] {processor.py:914} INFO - Processing file /home/airflow/.local/lib/python3.12/site-packages/airflow/example_dags/example_python_operator.py for tasks to queue
[2025-06-20T21:36:51.113+0000] {logging_mixin.py:190} INFO - [2025-06-20T21:36:51.112+0000] {dagbag.py:588} INFO - Filling up the DagBag from /home/airflow/.local/lib/python3.12/site-packages/airflow/example_dags/example_python_operator.py
[2025-06-20T21:36:51.124+0000] {processor.py:925} INFO - DAG(s) 'example_python_operator' retrieved from /home/airflow/.local/lib/python3.12/site-packages/airflow/example_dags/example_python_operator.py
[2025-06-20T21:36:51.145+0000] {logging_mixin.py:190} INFO - [2025-06-20T21:36:51.145+0000] {dag.py:3239} INFO - Sync 1 DAGs
[2025-06-20T21:36:51.160+0000] {logging_mixin.py:190} INFO - [2025-06-20T21:36:51.159+0000] {dag.py:4180} INFO - Setting next_dagrun for example_python_operator to None, run_after=None
[2025-06-20T21:36:51.185+0000] {processor.py:208} INFO - Processing /home/airflow/.local/lib/python3.12/site-packages/airflow/example_dags/example_python_operator.py took 0.082 seconds
[2025-06-20T21:37:22.160+0000] {processor.py:186} INFO - Started process (PID=1417) to work on /home/airflow/.local/lib/python3.12/site-packages/airflow/example_dags/example_python_operator.py
[2025-06-20T21:37:22.161+0000] {processor.py:914} INFO - Processing file /home/airflow/.local/lib/python3.12/site-packages/airflow/example_dags/example_python_operator.py for tasks to queue
[2025-06-20T21:37:22.163+0000] {logging_mixin.py:190} INFO - [2025-06-20T21:37:22.163+0000] {dagbag.py:588} INFO - Filling up the DagBag from /home/airflow/.local/lib/python3.12/site-packages/airflow/example_dags/example_python_operator.py
[2025-06-20T21:37:22.174+0000] {processor.py:925} INFO - DAG(s) 'example_python_operator' retrieved from /home/airflow/.local/lib/python3.12/site-packages/airflow/example_dags/example_python_operator.py
[2025-06-20T21:37:22.196+0000] {logging_mixin.py:190} INFO - [2025-06-20T21:37:22.195+0000] {dag.py:3239} INFO - Sync 1 DAGs
[2025-06-20T21:37:22.210+0000] {logging_mixin.py:190} INFO - [2025-06-20T21:37:22.209+0000] {dag.py:4180} INFO - Setting next_dagrun for example_python_operator to None, run_after=None
[2025-06-20T21:37:22.240+0000] {processor.py:208} INFO - Processing /home/airflow/.local/lib/python3.12/site-packages/airflow/example_dags/example_python_operator.py took 0.085 seconds
[2025-06-20T21:37:54.449+0000] {processor.py:186} INFO - Started process (PID=1482) to work on /home/airflow/.local/lib/python3.12/site-packages/airflow/example_dags/example_python_operator.py
[2025-06-20T21:37:54.451+0000] {processor.py:914} INFO - Processing file /home/airflow/.local/lib/python3.12/site-packages/airflow/example_dags/example_python_operator.py for tasks to queue
[2025-06-20T21:37:54.456+0000] {logging_mixin.py:190} INFO - [2025-06-20T21:37:54.455+0000] {dagbag.py:588} INFO - Filling up the DagBag from /home/airflow/.local/lib/python3.12/site-packages/airflow/example_dags/example_python_operator.py
[2025-06-20T21:37:54.475+0000] {processor.py:925} INFO - DAG(s) 'example_python_operator' retrieved from /home/airflow/.local/lib/python3.12/site-packages/airflow/example_dags/example_python_operator.py
[2025-06-20T21:37:54.500+0000] {logging_mixin.py:190} INFO - [2025-06-20T21:37:54.499+0000] {dag.py:3239} INFO - Sync 1 DAGs
[2025-06-20T21:37:54.515+0000] {logging_mixin.py:190} INFO - [2025-06-20T21:37:54.515+0000] {dag.py:4180} INFO - Setting next_dagrun for example_python_operator to None, run_after=None
[2025-06-20T21:37:54.542+0000] {processor.py:208} INFO - Processing /home/airflow/.local/lib/python3.12/site-packages/airflow/example_dags/example_python_operator.py took 0.103 seconds
[2025-06-20T21:38:25.837+0000] {processor.py:186} INFO - Started process (PID=1546) to work on /home/airflow/.local/lib/python3.12/site-packages/airflow/example_dags/example_python_operator.py
[2025-06-20T21:38:25.838+0000] {processor.py:914} INFO - Processing file /home/airflow/.local/lib/python3.12/site-packages/airflow/example_dags/example_python_operator.py for tasks to queue
[2025-06-20T21:38:25.842+0000] {logging_mixin.py:190} INFO - [2025-06-20T21:38:25.841+0000] {dagbag.py:588} INFO - Filling up the DagBag from /home/airflow/.local/lib/python3.12/site-packages/airflow/example_dags/example_python_operator.py
[2025-06-20T21:38:25.859+0000] {processor.py:925} INFO - DAG(s) 'example_python_operator' retrieved from /home/airflow/.local/lib/python3.12/site-packages/airflow/example_dags/example_python_operator.py
[2025-06-20T21:38:25.889+0000] {logging_mixin.py:190} INFO - [2025-06-20T21:38:25.888+0000] {dag.py:3239} INFO - Sync 1 DAGs
[2025-06-20T21:38:25.907+0000] {logging_mixin.py:190} INFO - [2025-06-20T21:38:25.906+0000] {dag.py:4180} INFO - Setting next_dagrun for example_python_operator to None, run_after=None
[2025-06-20T21:38:25.949+0000] {processor.py:208} INFO - Processing /home/airflow/.local/lib/python3.12/site-packages/airflow/example_dags/example_python_operator.py took 0.120 seconds
[2025-06-20T21:38:57.652+0000] {processor.py:186} INFO - Started process (PID=1610) to work on /home/airflow/.local/lib/python3.12/site-packages/airflow/example_dags/example_python_operator.py
[2025-06-20T21:38:57.653+0000] {processor.py:914} INFO - Processing file /home/airflow/.local/lib/python3.12/site-packages/airflow/example_dags/example_python_operator.py for tasks to queue
[2025-06-20T21:38:57.655+0000] {logging_mixin.py:190} INFO - [2025-06-20T21:38:57.654+0000] {dagbag.py:588} INFO - Filling up the DagBag from /home/airflow/.local/lib/python3.12/site-packages/airflow/example_dags/example_python_operator.py
[2025-06-20T21:38:57.666+0000] {processor.py:925} INFO - DAG(s) 'example_python_operator' retrieved from /home/airflow/.local/lib/python3.12/site-packages/airflow/example_dags/example_python_operator.py
[2025-06-20T21:38:57.688+0000] {logging_mixin.py:190} INFO - [2025-06-20T21:38:57.687+0000] {dag.py:3239} INFO - Sync 1 DAGs
[2025-06-20T21:38:57.702+0000] {logging_mixin.py:190} INFO - [2025-06-20T21:38:57.701+0000] {dag.py:4180} INFO - Setting next_dagrun for example_python_operator to None, run_after=None
[2025-06-20T21:38:57.749+0000] {processor.py:208} INFO - Processing /home/airflow/.local/lib/python3.12/site-packages/airflow/example_dags/example_python_operator.py took 0.102 seconds
[2025-06-20T21:39:29.062+0000] {processor.py:186} INFO - Started process (PID=1674) to work on /home/airflow/.local/lib/python3.12/site-packages/airflow/example_dags/example_python_operator.py
[2025-06-20T21:39:29.063+0000] {processor.py:914} INFO - Processing file /home/airflow/.local/lib/python3.12/site-packages/airflow/example_dags/example_python_operator.py for tasks to queue
[2025-06-20T21:39:29.065+0000] {logging_mixin.py:190} INFO - [2025-06-20T21:39:29.065+0000] {dagbag.py:588} INFO - Filling up the DagBag from /home/airflow/.local/lib/python3.12/site-packages/airflow/example_dags/example_python_operator.py
[2025-06-20T21:39:29.076+0000] {processor.py:925} INFO - DAG(s) 'example_python_operator' retrieved from /home/airflow/.local/lib/python3.12/site-packages/airflow/example_dags/example_python_operator.py
[2025-06-20T21:39:29.096+0000] {logging_mixin.py:190} INFO - [2025-06-20T21:39:29.095+0000] {dag.py:3239} INFO - Sync 1 DAGs
[2025-06-20T21:39:29.109+0000] {logging_mixin.py:190} INFO - [2025-06-20T21:39:29.109+0000] {dag.py:4180} INFO - Setting next_dagrun for example_python_operator to None, run_after=None
[2025-06-20T21:39:29.140+0000] {processor.py:208} INFO - Processing /home/airflow/.local/lib/python3.12/site-packages/airflow/example_dags/example_python_operator.py took 0.083 seconds
[2025-06-20T21:40:00.775+0000] {processor.py:186} INFO - Started process (PID=1738) to work on /home/airflow/.local/lib/python3.12/site-packages/airflow/example_dags/example_python_operator.py
[2025-06-20T21:40:00.776+0000] {processor.py:914} INFO - Processing file /home/airflow/.local/lib/python3.12/site-packages/airflow/example_dags/example_python_operator.py for tasks to queue
[2025-06-20T21:40:00.778+0000] {logging_mixin.py:190} INFO - [2025-06-20T21:40:00.778+0000] {dagbag.py:588} INFO - Filling up the DagBag from /home/airflow/.local/lib/python3.12/site-packages/airflow/example_dags/example_python_operator.py
[2025-06-20T21:40:00.789+0000] {processor.py:925} INFO - DAG(s) 'example_python_operator' retrieved from /home/airflow/.local/lib/python3.12/site-packages/airflow/example_dags/example_python_operator.py
[2025-06-20T21:40:00.810+0000] {logging_mixin.py:190} INFO - [2025-06-20T21:40:00.810+0000] {dag.py:3239} INFO - Sync 1 DAGs
[2025-06-20T21:40:00.825+0000] {logging_mixin.py:190} INFO - [2025-06-20T21:40:00.824+0000] {dag.py:4180} INFO - Setting next_dagrun for example_python_operator to None, run_after=None
[2025-06-20T21:40:00.856+0000] {processor.py:208} INFO - Processing /home/airflow/.local/lib/python3.12/site-packages/airflow/example_dags/example_python_operator.py took 0.086 seconds
[2025-06-20T21:40:32.221+0000] {processor.py:186} INFO - Started process (PID=1802) to work on /home/airflow/.local/lib/python3.12/site-packages/airflow/example_dags/example_python_operator.py
[2025-06-20T21:40:32.222+0000] {processor.py:914} INFO - Processing file /home/airflow/.local/lib/python3.12/site-packages/airflow/example_dags/example_python_operator.py for tasks to queue
[2025-06-20T21:40:32.225+0000] {logging_mixin.py:190} INFO - [2025-06-20T21:40:32.224+0000] {dagbag.py:588} INFO - Filling up the DagBag from /home/airflow/.local/lib/python3.12/site-packages/airflow/example_dags/example_python_operator.py
[2025-06-20T21:40:32.235+0000] {processor.py:925} INFO - DAG(s) 'example_python_operator' retrieved from /home/airflow/.local/lib/python3.12/site-packages/airflow/example_dags/example_python_operator.py
[2025-06-20T21:40:32.257+0000] {logging_mixin.py:190} INFO - [2025-06-20T21:40:32.257+0000] {dag.py:3239} INFO - Sync 1 DAGs
[2025-06-20T21:40:32.272+0000] {logging_mixin.py:190} INFO - [2025-06-20T21:40:32.271+0000] {dag.py:4180} INFO - Setting next_dagrun for example_python_operator to None, run_after=None
[2025-06-20T21:40:32.303+0000] {processor.py:208} INFO - Processing /home/airflow/.local/lib/python3.12/site-packages/airflow/example_dags/example_python_operator.py took 0.087 seconds
[2025-06-20T21:41:02.685+0000] {processor.py:186} INFO - Started process (PID=1866) to work on /home/airflow/.local/lib/python3.12/site-packages/airflow/example_dags/example_python_operator.py
[2025-06-20T21:41:02.686+0000] {processor.py:914} INFO - Processing file /home/airflow/.local/lib/python3.12/site-packages/airflow/example_dags/example_python_operator.py for tasks to queue
[2025-06-20T21:41:02.689+0000] {logging_mixin.py:190} INFO - [2025-06-20T21:41:02.688+0000] {dagbag.py:588} INFO - Filling up the DagBag from /home/airflow/.local/lib/python3.12/site-packages/airflow/example_dags/example_python_operator.py
[2025-06-20T21:41:02.700+0000] {processor.py:925} INFO - DAG(s) 'example_python_operator' retrieved from /home/airflow/.local/lib/python3.12/site-packages/airflow/example_dags/example_python_operator.py
[2025-06-20T21:41:02.723+0000] {logging_mixin.py:190} INFO - [2025-06-20T21:41:02.723+0000] {dag.py:3239} INFO - Sync 1 DAGs
[2025-06-20T21:41:02.739+0000] {logging_mixin.py:190} INFO - [2025-06-20T21:41:02.739+0000] {dag.py:4180} INFO - Setting next_dagrun for example_python_operator to None, run_after=None
[2025-06-20T21:41:02.777+0000] {processor.py:208} INFO - Processing /home/airflow/.local/lib/python3.12/site-packages/airflow/example_dags/example_python_operator.py took 0.097 seconds
[2025-06-20T21:41:33.256+0000] {processor.py:186} INFO - Started process (PID=1930) to work on /home/airflow/.local/lib/python3.12/site-packages/airflow/example_dags/example_python_operator.py
[2025-06-20T21:41:33.257+0000] {processor.py:914} INFO - Processing file /home/airflow/.local/lib/python3.12/site-packages/airflow/example_dags/example_python_operator.py for tasks to queue
[2025-06-20T21:41:33.259+0000] {logging_mixin.py:190} INFO - [2025-06-20T21:41:33.259+0000] {dagbag.py:588} INFO - Filling up the DagBag from /home/airflow/.local/lib/python3.12/site-packages/airflow/example_dags/example_python_operator.py
[2025-06-20T21:41:33.270+0000] {processor.py:925} INFO - DAG(s) 'example_python_operator' retrieved from /home/airflow/.local/lib/python3.12/site-packages/airflow/example_dags/example_python_operator.py
[2025-06-20T21:41:33.293+0000] {logging_mixin.py:190} INFO - [2025-06-20T21:41:33.292+0000] {dag.py:3239} INFO - Sync 1 DAGs
[2025-06-20T21:41:33.310+0000] {logging_mixin.py:190} INFO - [2025-06-20T21:41:33.310+0000] {dag.py:4180} INFO - Setting next_dagrun for example_python_operator to None, run_after=None
[2025-06-20T21:41:33.350+0000] {processor.py:208} INFO - Processing /home/airflow/.local/lib/python3.12/site-packages/airflow/example_dags/example_python_operator.py took 0.099 seconds
[2025-06-20T21:42:03.503+0000] {processor.py:186} INFO - Started process (PID=2000) to work on /home/airflow/.local/lib/python3.12/site-packages/airflow/example_dags/example_python_operator.py
[2025-06-20T21:42:03.504+0000] {processor.py:914} INFO - Processing file /home/airflow/.local/lib/python3.12/site-packages/airflow/example_dags/example_python_operator.py for tasks to queue
[2025-06-20T21:42:03.506+0000] {logging_mixin.py:190} INFO - [2025-06-20T21:42:03.506+0000] {dagbag.py:588} INFO - Filling up the DagBag from /home/airflow/.local/lib/python3.12/site-packages/airflow/example_dags/example_python_operator.py
[2025-06-20T21:42:03.516+0000] {processor.py:925} INFO - DAG(s) 'example_python_operator' retrieved from /home/airflow/.local/lib/python3.12/site-packages/airflow/example_dags/example_python_operator.py
[2025-06-20T21:42:03.536+0000] {logging_mixin.py:190} INFO - [2025-06-20T21:42:03.536+0000] {dag.py:3239} INFO - Sync 1 DAGs
[2025-06-20T21:42:03.553+0000] {logging_mixin.py:190} INFO - [2025-06-20T21:42:03.552+0000] {dag.py:4180} INFO - Setting next_dagrun for example_python_operator to None, run_after=None
[2025-06-20T21:42:03.586+0000] {processor.py:208} INFO - Processing /home/airflow/.local/lib/python3.12/site-packages/airflow/example_dags/example_python_operator.py took 0.088 seconds
[2025-06-20T21:42:33.979+0000] {processor.py:186} INFO - Started process (PID=2064) to work on /home/airflow/.local/lib/python3.12/site-packages/airflow/example_dags/example_python_operator.py
[2025-06-20T21:42:33.980+0000] {processor.py:914} INFO - Processing file /home/airflow/.local/lib/python3.12/site-packages/airflow/example_dags/example_python_operator.py for tasks to queue
[2025-06-20T21:42:33.983+0000] {logging_mixin.py:190} INFO - [2025-06-20T21:42:33.982+0000] {dagbag.py:588} INFO - Filling up the DagBag from /home/airflow/.local/lib/python3.12/site-packages/airflow/example_dags/example_python_operator.py
[2025-06-20T21:42:33.994+0000] {processor.py:925} INFO - DAG(s) 'example_python_operator' retrieved from /home/airflow/.local/lib/python3.12/site-packages/airflow/example_dags/example_python_operator.py
[2025-06-20T21:42:34.013+0000] {logging_mixin.py:190} INFO - [2025-06-20T21:42:34.013+0000] {dag.py:3239} INFO - Sync 1 DAGs
[2025-06-20T21:42:34.027+0000] {logging_mixin.py:190} INFO - [2025-06-20T21:42:34.026+0000] {dag.py:4180} INFO - Setting next_dagrun for example_python_operator to None, run_after=None
[2025-06-20T21:42:34.065+0000] {processor.py:208} INFO - Processing /home/airflow/.local/lib/python3.12/site-packages/airflow/example_dags/example_python_operator.py took 0.091 seconds
[2025-06-20T21:43:04.278+0000] {processor.py:186} INFO - Started process (PID=2128) to work on /home/airflow/.local/lib/python3.12/site-packages/airflow/example_dags/example_python_operator.py
[2025-06-20T21:43:04.280+0000] {processor.py:914} INFO - Processing file /home/airflow/.local/lib/python3.12/site-packages/airflow/example_dags/example_python_operator.py for tasks to queue
[2025-06-20T21:43:04.282+0000] {logging_mixin.py:190} INFO - [2025-06-20T21:43:04.282+0000] {dagbag.py:588} INFO - Filling up the DagBag from /home/airflow/.local/lib/python3.12/site-packages/airflow/example_dags/example_python_operator.py
[2025-06-20T21:43:04.296+0000] {processor.py:925} INFO - DAG(s) 'example_python_operator' retrieved from /home/airflow/.local/lib/python3.12/site-packages/airflow/example_dags/example_python_operator.py
[2025-06-20T21:43:04.325+0000] {logging_mixin.py:190} INFO - [2025-06-20T21:43:04.325+0000] {dag.py:3239} INFO - Sync 1 DAGs
[2025-06-20T21:43:04.342+0000] {logging_mixin.py:190} INFO - [2025-06-20T21:43:04.342+0000] {dag.py:4180} INFO - Setting next_dagrun for example_python_operator to None, run_after=None
[2025-06-20T21:43:04.391+0000] {processor.py:208} INFO - Processing /home/airflow/.local/lib/python3.12/site-packages/airflow/example_dags/example_python_operator.py took 0.118 seconds
[2025-06-20T21:43:34.556+0000] {processor.py:186} INFO - Started process (PID=2192) to work on /home/airflow/.local/lib/python3.12/site-packages/airflow/example_dags/example_python_operator.py
[2025-06-20T21:43:34.557+0000] {processor.py:914} INFO - Processing file /home/airflow/.local/lib/python3.12/site-packages/airflow/example_dags/example_python_operator.py for tasks to queue
[2025-06-20T21:43:34.559+0000] {logging_mixin.py:190} INFO - [2025-06-20T21:43:34.559+0000] {dagbag.py:588} INFO - Filling up the DagBag from /home/airflow/.local/lib/python3.12/site-packages/airflow/example_dags/example_python_operator.py
[2025-06-20T21:43:34.571+0000] {processor.py:925} INFO - DAG(s) 'example_python_operator' retrieved from /home/airflow/.local/lib/python3.12/site-packages/airflow/example_dags/example_python_operator.py
[2025-06-20T21:43:34.592+0000] {logging_mixin.py:190} INFO - [2025-06-20T21:43:34.592+0000] {dag.py:3239} INFO - Sync 1 DAGs
[2025-06-20T21:43:34.606+0000] {logging_mixin.py:190} INFO - [2025-06-20T21:43:34.606+0000] {dag.py:4180} INFO - Setting next_dagrun for example_python_operator to None, run_after=None
[2025-06-20T21:43:34.645+0000] {processor.py:208} INFO - Processing /home/airflow/.local/lib/python3.12/site-packages/airflow/example_dags/example_python_operator.py took 0.095 seconds
[2025-06-20T21:44:05.015+0000] {processor.py:186} INFO - Started process (PID=2263) to work on /home/airflow/.local/lib/python3.12/site-packages/airflow/example_dags/example_python_operator.py
[2025-06-20T21:44:05.016+0000] {processor.py:914} INFO - Processing file /home/airflow/.local/lib/python3.12/site-packages/airflow/example_dags/example_python_operator.py for tasks to queue
[2025-06-20T21:44:05.018+0000] {logging_mixin.py:190} INFO - [2025-06-20T21:44:05.018+0000] {dagbag.py:588} INFO - Filling up the DagBag from /home/airflow/.local/lib/python3.12/site-packages/airflow/example_dags/example_python_operator.py
[2025-06-20T21:44:05.030+0000] {processor.py:925} INFO - DAG(s) 'example_python_operator' retrieved from /home/airflow/.local/lib/python3.12/site-packages/airflow/example_dags/example_python_operator.py
[2025-06-20T21:44:05.052+0000] {logging_mixin.py:190} INFO - [2025-06-20T21:44:05.052+0000] {dag.py:3239} INFO - Sync 1 DAGs
[2025-06-20T21:44:05.066+0000] {logging_mixin.py:190} INFO - [2025-06-20T21:44:05.065+0000] {dag.py:4180} INFO - Setting next_dagrun for example_python_operator to None, run_after=None
[2025-06-20T21:44:05.090+0000] {processor.py:208} INFO - Processing /home/airflow/.local/lib/python3.12/site-packages/airflow/example_dags/example_python_operator.py took 0.080 seconds
[2025-06-20T21:44:35.215+0000] {processor.py:186} INFO - Started process (PID=2327) to work on /home/airflow/.local/lib/python3.12/site-packages/airflow/example_dags/example_python_operator.py
[2025-06-20T21:44:35.216+0000] {processor.py:914} INFO - Processing file /home/airflow/.local/lib/python3.12/site-packages/airflow/example_dags/example_python_operator.py for tasks to queue
[2025-06-20T21:44:35.219+0000] {logging_mixin.py:190} INFO - [2025-06-20T21:44:35.219+0000] {dagbag.py:588} INFO - Filling up the DagBag from /home/airflow/.local/lib/python3.12/site-packages/airflow/example_dags/example_python_operator.py
[2025-06-20T21:44:35.232+0000] {processor.py:925} INFO - DAG(s) 'example_python_operator' retrieved from /home/airflow/.local/lib/python3.12/site-packages/airflow/example_dags/example_python_operator.py
[2025-06-20T21:44:35.255+0000] {logging_mixin.py:190} INFO - [2025-06-20T21:44:35.255+0000] {dag.py:3239} INFO - Sync 1 DAGs
[2025-06-20T21:44:35.270+0000] {logging_mixin.py:190} INFO - [2025-06-20T21:44:35.270+0000] {dag.py:4180} INFO - Setting next_dagrun for example_python_operator to None, run_after=None
[2025-06-20T21:44:35.379+0000] {processor.py:208} INFO - Processing /home/airflow/.local/lib/python3.12/site-packages/airflow/example_dags/example_python_operator.py took 0.169 seconds
[2025-06-20T21:45:05.492+0000] {processor.py:186} INFO - Started process (PID=2391) to work on /home/airflow/.local/lib/python3.12/site-packages/airflow/example_dags/example_python_operator.py
[2025-06-20T21:45:05.493+0000] {processor.py:914} INFO - Processing file /home/airflow/.local/lib/python3.12/site-packages/airflow/example_dags/example_python_operator.py for tasks to queue
[2025-06-20T21:45:05.495+0000] {logging_mixin.py:190} INFO - [2025-06-20T21:45:05.495+0000] {dagbag.py:588} INFO - Filling up the DagBag from /home/airflow/.local/lib/python3.12/site-packages/airflow/example_dags/example_python_operator.py
[2025-06-20T21:45:05.506+0000] {processor.py:925} INFO - DAG(s) 'example_python_operator' retrieved from /home/airflow/.local/lib/python3.12/site-packages/airflow/example_dags/example_python_operator.py
[2025-06-20T21:45:05.528+0000] {logging_mixin.py:190} INFO - [2025-06-20T21:45:05.527+0000] {dag.py:3239} INFO - Sync 1 DAGs
[2025-06-20T21:45:05.542+0000] {logging_mixin.py:190} INFO - [2025-06-20T21:45:05.542+0000] {dag.py:4180} INFO - Setting next_dagrun for example_python_operator to None, run_after=None
[2025-06-20T21:45:05.565+0000] {processor.py:208} INFO - Processing /home/airflow/.local/lib/python3.12/site-packages/airflow/example_dags/example_python_operator.py took 0.077 seconds
[2025-06-20T21:45:35.742+0000] {processor.py:186} INFO - Started process (PID=2455) to work on /home/airflow/.local/lib/python3.12/site-packages/airflow/example_dags/example_python_operator.py
[2025-06-20T21:45:35.743+0000] {processor.py:914} INFO - Processing file /home/airflow/.local/lib/python3.12/site-packages/airflow/example_dags/example_python_operator.py for tasks to queue
[2025-06-20T21:45:35.746+0000] {logging_mixin.py:190} INFO - [2025-06-20T21:45:35.745+0000] {dagbag.py:588} INFO - Filling up the DagBag from /home/airflow/.local/lib/python3.12/site-packages/airflow/example_dags/example_python_operator.py
[2025-06-20T21:45:35.756+0000] {processor.py:925} INFO - DAG(s) 'example_python_operator' retrieved from /home/airflow/.local/lib/python3.12/site-packages/airflow/example_dags/example_python_operator.py
[2025-06-20T21:45:35.780+0000] {logging_mixin.py:190} INFO - [2025-06-20T21:45:35.780+0000] {dag.py:3239} INFO - Sync 1 DAGs
[2025-06-20T21:45:35.795+0000] {logging_mixin.py:190} INFO - [2025-06-20T21:45:35.795+0000] {dag.py:4180} INFO - Setting next_dagrun for example_python_operator to None, run_after=None
[2025-06-20T21:45:35.825+0000] {processor.py:208} INFO - Processing /home/airflow/.local/lib/python3.12/site-packages/airflow/example_dags/example_python_operator.py took 0.088 seconds
[2025-06-20T21:46:06.051+0000] {processor.py:186} INFO - Started process (PID=2519) to work on /home/airflow/.local/lib/python3.12/site-packages/airflow/example_dags/example_python_operator.py
[2025-06-20T21:46:06.052+0000] {processor.py:914} INFO - Processing file /home/airflow/.local/lib/python3.12/site-packages/airflow/example_dags/example_python_operator.py for tasks to queue
[2025-06-20T21:46:06.054+0000] {logging_mixin.py:190} INFO - [2025-06-20T21:46:06.054+0000] {dagbag.py:588} INFO - Filling up the DagBag from /home/airflow/.local/lib/python3.12/site-packages/airflow/example_dags/example_python_operator.py
[2025-06-20T21:46:06.067+0000] {processor.py:925} INFO - DAG(s) 'example_python_operator' retrieved from /home/airflow/.local/lib/python3.12/site-packages/airflow/example_dags/example_python_operator.py
[2025-06-20T21:46:06.091+0000] {logging_mixin.py:190} INFO - [2025-06-20T21:46:06.091+0000] {dag.py:3239} INFO - Sync 1 DAGs
[2025-06-20T21:46:06.107+0000] {logging_mixin.py:190} INFO - [2025-06-20T21:46:06.107+0000] {dag.py:4180} INFO - Setting next_dagrun for example_python_operator to None, run_after=None
[2025-06-20T21:46:06.143+0000] {processor.py:208} INFO - Processing /home/airflow/.local/lib/python3.12/site-packages/airflow/example_dags/example_python_operator.py took 0.098 seconds
[2025-06-20T21:46:36.296+0000] {processor.py:186} INFO - Started process (PID=2583) to work on /home/airflow/.local/lib/python3.12/site-packages/airflow/example_dags/example_python_operator.py
[2025-06-20T21:46:36.297+0000] {processor.py:914} INFO - Processing file /home/airflow/.local/lib/python3.12/site-packages/airflow/example_dags/example_python_operator.py for tasks to queue
[2025-06-20T21:46:36.300+0000] {logging_mixin.py:190} INFO - [2025-06-20T21:46:36.300+0000] {dagbag.py:588} INFO - Filling up the DagBag from /home/airflow/.local/lib/python3.12/site-packages/airflow/example_dags/example_python_operator.py
[2025-06-20T21:46:36.313+0000] {processor.py:925} INFO - DAG(s) 'example_python_operator' retrieved from /home/airflow/.local/lib/python3.12/site-packages/airflow/example_dags/example_python_operator.py
[2025-06-20T21:46:36.338+0000] {logging_mixin.py:190} INFO - [2025-06-20T21:46:36.337+0000] {dag.py:3239} INFO - Sync 1 DAGs
[2025-06-20T21:46:36.353+0000] {logging_mixin.py:190} INFO - [2025-06-20T21:46:36.353+0000] {dag.py:4180} INFO - Setting next_dagrun for example_python_operator to None, run_after=None
[2025-06-20T21:46:36.387+0000] {processor.py:208} INFO - Processing /home/airflow/.local/lib/python3.12/site-packages/airflow/example_dags/example_python_operator.py took 0.097 seconds
[2025-06-20T21:47:06.728+0000] {processor.py:186} INFO - Started process (PID=2641) to work on /home/airflow/.local/lib/python3.12/site-packages/airflow/example_dags/example_python_operator.py
[2025-06-20T21:47:06.729+0000] {processor.py:914} INFO - Processing file /home/airflow/.local/lib/python3.12/site-packages/airflow/example_dags/example_python_operator.py for tasks to queue
[2025-06-20T21:47:06.731+0000] {logging_mixin.py:190} INFO - [2025-06-20T21:47:06.731+0000] {dagbag.py:588} INFO - Filling up the DagBag from /home/airflow/.local/lib/python3.12/site-packages/airflow/example_dags/example_python_operator.py
[2025-06-20T21:47:06.743+0000] {processor.py:925} INFO - DAG(s) 'example_python_operator' retrieved from /home/airflow/.local/lib/python3.12/site-packages/airflow/example_dags/example_python_operator.py
[2025-06-20T21:47:06.775+0000] {logging_mixin.py:190} INFO - [2025-06-20T21:47:06.775+0000] {dag.py:3239} INFO - Sync 1 DAGs
[2025-06-20T21:47:06.791+0000] {logging_mixin.py:190} INFO - [2025-06-20T21:47:06.791+0000] {dag.py:4180} INFO - Setting next_dagrun for example_python_operator to None, run_after=None
[2025-06-20T21:47:06.833+0000] {processor.py:208} INFO - Processing /home/airflow/.local/lib/python3.12/site-packages/airflow/example_dags/example_python_operator.py took 0.111 seconds
[2025-06-20T21:47:37.228+0000] {processor.py:186} INFO - Started process (PID=2705) to work on /home/airflow/.local/lib/python3.12/site-packages/airflow/example_dags/example_python_operator.py
[2025-06-20T21:47:37.229+0000] {processor.py:914} INFO - Processing file /home/airflow/.local/lib/python3.12/site-packages/airflow/example_dags/example_python_operator.py for tasks to queue
[2025-06-20T21:47:37.231+0000] {logging_mixin.py:190} INFO - [2025-06-20T21:47:37.231+0000] {dagbag.py:588} INFO - Filling up the DagBag from /home/airflow/.local/lib/python3.12/site-packages/airflow/example_dags/example_python_operator.py
[2025-06-20T21:47:37.241+0000] {processor.py:925} INFO - DAG(s) 'example_python_operator' retrieved from /home/airflow/.local/lib/python3.12/site-packages/airflow/example_dags/example_python_operator.py
[2025-06-20T21:47:37.262+0000] {logging_mixin.py:190} INFO - [2025-06-20T21:47:37.262+0000] {dag.py:3239} INFO - Sync 1 DAGs
[2025-06-20T21:47:37.277+0000] {logging_mixin.py:190} INFO - [2025-06-20T21:47:37.276+0000] {dag.py:4180} INFO - Setting next_dagrun for example_python_operator to None, run_after=None
[2025-06-20T21:47:37.299+0000] {processor.py:208} INFO - Processing /home/airflow/.local/lib/python3.12/site-packages/airflow/example_dags/example_python_operator.py took 0.076 seconds
[2025-06-20T21:48:07.684+0000] {processor.py:186} INFO - Started process (PID=2769) to work on /home/airflow/.local/lib/python3.12/site-packages/airflow/example_dags/example_python_operator.py
[2025-06-20T21:48:07.685+0000] {processor.py:914} INFO - Processing file /home/airflow/.local/lib/python3.12/site-packages/airflow/example_dags/example_python_operator.py for tasks to queue
[2025-06-20T21:48:07.687+0000] {logging_mixin.py:190} INFO - [2025-06-20T21:48:07.687+0000] {dagbag.py:588} INFO - Filling up the DagBag from /home/airflow/.local/lib/python3.12/site-packages/airflow/example_dags/example_python_operator.py
[2025-06-20T21:48:07.699+0000] {processor.py:925} INFO - DAG(s) 'example_python_operator' retrieved from /home/airflow/.local/lib/python3.12/site-packages/airflow/example_dags/example_python_operator.py
[2025-06-20T21:48:07.721+0000] {logging_mixin.py:190} INFO - [2025-06-20T21:48:07.721+0000] {dag.py:3239} INFO - Sync 1 DAGs
[2025-06-20T21:48:07.735+0000] {logging_mixin.py:190} INFO - [2025-06-20T21:48:07.735+0000] {dag.py:4180} INFO - Setting next_dagrun for example_python_operator to None, run_after=None
[2025-06-20T21:48:07.764+0000] {processor.py:208} INFO - Processing /home/airflow/.local/lib/python3.12/site-packages/airflow/example_dags/example_python_operator.py took 0.085 seconds
[2025-06-20T21:48:38.317+0000] {processor.py:186} INFO - Started process (PID=2832) to work on /home/airflow/.local/lib/python3.12/site-packages/airflow/example_dags/example_python_operator.py
[2025-06-20T21:48:38.319+0000] {processor.py:914} INFO - Processing file /home/airflow/.local/lib/python3.12/site-packages/airflow/example_dags/example_python_operator.py for tasks to queue
[2025-06-20T21:48:38.321+0000] {logging_mixin.py:190} INFO - [2025-06-20T21:48:38.321+0000] {dagbag.py:588} INFO - Filling up the DagBag from /home/airflow/.local/lib/python3.12/site-packages/airflow/example_dags/example_python_operator.py
[2025-06-20T21:48:38.339+0000] {processor.py:925} INFO - DAG(s) 'example_python_operator' retrieved from /home/airflow/.local/lib/python3.12/site-packages/airflow/example_dags/example_python_operator.py
[2025-06-20T21:48:38.365+0000] {logging_mixin.py:190} INFO - [2025-06-20T21:48:38.364+0000] {dag.py:3239} INFO - Sync 1 DAGs
[2025-06-20T21:48:38.379+0000] {logging_mixin.py:190} INFO - [2025-06-20T21:48:38.378+0000] {dag.py:4180} INFO - Setting next_dagrun for example_python_operator to None, run_after=None
[2025-06-20T21:48:38.420+0000] {processor.py:208} INFO - Processing /home/airflow/.local/lib/python3.12/site-packages/airflow/example_dags/example_python_operator.py took 0.108 seconds
[2025-06-20T21:49:08.809+0000] {processor.py:186} INFO - Started process (PID=2896) to work on /home/airflow/.local/lib/python3.12/site-packages/airflow/example_dags/example_python_operator.py
[2025-06-20T21:49:08.810+0000] {processor.py:914} INFO - Processing file /home/airflow/.local/lib/python3.12/site-packages/airflow/example_dags/example_python_operator.py for tasks to queue
[2025-06-20T21:49:08.812+0000] {logging_mixin.py:190} INFO - [2025-06-20T21:49:08.812+0000] {dagbag.py:588} INFO - Filling up the DagBag from /home/airflow/.local/lib/python3.12/site-packages/airflow/example_dags/example_python_operator.py
[2025-06-20T21:49:08.823+0000] {processor.py:925} INFO - DAG(s) 'example_python_operator' retrieved from /home/airflow/.local/lib/python3.12/site-packages/airflow/example_dags/example_python_operator.py
[2025-06-20T21:49:08.845+0000] {logging_mixin.py:190} INFO - [2025-06-20T21:49:08.845+0000] {dag.py:3239} INFO - Sync 1 DAGs
[2025-06-20T21:49:08.859+0000] {logging_mixin.py:190} INFO - [2025-06-20T21:49:08.859+0000] {dag.py:4180} INFO - Setting next_dagrun for example_python_operator to None, run_after=None
[2025-06-20T21:49:08.896+0000] {processor.py:208} INFO - Processing /home/airflow/.local/lib/python3.12/site-packages/airflow/example_dags/example_python_operator.py took 0.092 seconds
[2025-06-20T21:49:39.667+0000] {processor.py:186} INFO - Started process (PID=2960) to work on /home/airflow/.local/lib/python3.12/site-packages/airflow/example_dags/example_python_operator.py
[2025-06-20T21:49:39.668+0000] {processor.py:914} INFO - Processing file /home/airflow/.local/lib/python3.12/site-packages/airflow/example_dags/example_python_operator.py for tasks to queue
[2025-06-20T21:49:39.670+0000] {logging_mixin.py:190} INFO - [2025-06-20T21:49:39.670+0000] {dagbag.py:588} INFO - Filling up the DagBag from /home/airflow/.local/lib/python3.12/site-packages/airflow/example_dags/example_python_operator.py
[2025-06-20T21:49:39.682+0000] {processor.py:925} INFO - DAG(s) 'example_python_operator' retrieved from /home/airflow/.local/lib/python3.12/site-packages/airflow/example_dags/example_python_operator.py
[2025-06-20T21:49:39.705+0000] {logging_mixin.py:190} INFO - [2025-06-20T21:49:39.705+0000] {dag.py:3239} INFO - Sync 1 DAGs
[2025-06-20T21:49:39.721+0000] {logging_mixin.py:190} INFO - [2025-06-20T21:49:39.720+0000] {dag.py:4180} INFO - Setting next_dagrun for example_python_operator to None, run_after=None
[2025-06-20T21:49:39.751+0000] {processor.py:208} INFO - Processing /home/airflow/.local/lib/python3.12/site-packages/airflow/example_dags/example_python_operator.py took 0.090 seconds
[2025-06-20T21:50:09.970+0000] {processor.py:186} INFO - Started process (PID=3024) to work on /home/airflow/.local/lib/python3.12/site-packages/airflow/example_dags/example_python_operator.py
[2025-06-20T21:50:09.971+0000] {processor.py:914} INFO - Processing file /home/airflow/.local/lib/python3.12/site-packages/airflow/example_dags/example_python_operator.py for tasks to queue
[2025-06-20T21:50:09.974+0000] {logging_mixin.py:190} INFO - [2025-06-20T21:50:09.973+0000] {dagbag.py:588} INFO - Filling up the DagBag from /home/airflow/.local/lib/python3.12/site-packages/airflow/example_dags/example_python_operator.py
[2025-06-20T21:50:09.984+0000] {processor.py:925} INFO - DAG(s) 'example_python_operator' retrieved from /home/airflow/.local/lib/python3.12/site-packages/airflow/example_dags/example_python_operator.py
[2025-06-20T21:50:10.005+0000] {logging_mixin.py:190} INFO - [2025-06-20T21:50:10.004+0000] {dag.py:3239} INFO - Sync 1 DAGs
[2025-06-20T21:50:10.018+0000] {logging_mixin.py:190} INFO - [2025-06-20T21:50:10.018+0000] {dag.py:4180} INFO - Setting next_dagrun for example_python_operator to None, run_after=None
[2025-06-20T21:50:10.045+0000] {processor.py:208} INFO - Processing /home/airflow/.local/lib/python3.12/site-packages/airflow/example_dags/example_python_operator.py took 0.080 seconds
[2025-06-20T21:50:40.259+0000] {processor.py:186} INFO - Started process (PID=3088) to work on /home/airflow/.local/lib/python3.12/site-packages/airflow/example_dags/example_python_operator.py
[2025-06-20T21:50:40.260+0000] {processor.py:914} INFO - Processing file /home/airflow/.local/lib/python3.12/site-packages/airflow/example_dags/example_python_operator.py for tasks to queue
[2025-06-20T21:50:40.263+0000] {logging_mixin.py:190} INFO - [2025-06-20T21:50:40.263+0000] {dagbag.py:588} INFO - Filling up the DagBag from /home/airflow/.local/lib/python3.12/site-packages/airflow/example_dags/example_python_operator.py
[2025-06-20T21:50:40.277+0000] {processor.py:925} INFO - DAG(s) 'example_python_operator' retrieved from /home/airflow/.local/lib/python3.12/site-packages/airflow/example_dags/example_python_operator.py
[2025-06-20T21:50:40.304+0000] {logging_mixin.py:190} INFO - [2025-06-20T21:50:40.303+0000] {dag.py:3239} INFO - Sync 1 DAGs
[2025-06-20T21:50:40.318+0000] {logging_mixin.py:190} INFO - [2025-06-20T21:50:40.318+0000] {dag.py:4180} INFO - Setting next_dagrun for example_python_operator to None, run_after=None
[2025-06-20T21:50:40.423+0000] {processor.py:208} INFO - Processing /home/airflow/.local/lib/python3.12/site-packages/airflow/example_dags/example_python_operator.py took 0.171 seconds
[2025-06-20T21:51:11.417+0000] {processor.py:186} INFO - Started process (PID=3152) to work on /home/airflow/.local/lib/python3.12/site-packages/airflow/example_dags/example_python_operator.py
[2025-06-20T21:51:11.418+0000] {processor.py:914} INFO - Processing file /home/airflow/.local/lib/python3.12/site-packages/airflow/example_dags/example_python_operator.py for tasks to queue
[2025-06-20T21:51:11.421+0000] {logging_mixin.py:190} INFO - [2025-06-20T21:51:11.420+0000] {dagbag.py:588} INFO - Filling up the DagBag from /home/airflow/.local/lib/python3.12/site-packages/airflow/example_dags/example_python_operator.py
[2025-06-20T21:51:11.433+0000] {processor.py:925} INFO - DAG(s) 'example_python_operator' retrieved from /home/airflow/.local/lib/python3.12/site-packages/airflow/example_dags/example_python_operator.py
[2025-06-20T21:51:11.454+0000] {logging_mixin.py:190} INFO - [2025-06-20T21:51:11.454+0000] {dag.py:3239} INFO - Sync 1 DAGs
[2025-06-20T21:51:11.468+0000] {logging_mixin.py:190} INFO - [2025-06-20T21:51:11.467+0000] {dag.py:4180} INFO - Setting next_dagrun for example_python_operator to None, run_after=None
[2025-06-20T21:51:11.534+0000] {processor.py:208} INFO - Processing /home/airflow/.local/lib/python3.12/site-packages/airflow/example_dags/example_python_operator.py took 0.123 seconds
[2025-06-20T21:51:42.681+0000] {processor.py:186} INFO - Started process (PID=3216) to work on /home/airflow/.local/lib/python3.12/site-packages/airflow/example_dags/example_python_operator.py
[2025-06-20T21:51:42.683+0000] {processor.py:914} INFO - Processing file /home/airflow/.local/lib/python3.12/site-packages/airflow/example_dags/example_python_operator.py for tasks to queue
[2025-06-20T21:51:42.685+0000] {logging_mixin.py:190} INFO - [2025-06-20T21:51:42.684+0000] {dagbag.py:588} INFO - Filling up the DagBag from /home/airflow/.local/lib/python3.12/site-packages/airflow/example_dags/example_python_operator.py
[2025-06-20T21:51:42.696+0000] {processor.py:925} INFO - DAG(s) 'example_python_operator' retrieved from /home/airflow/.local/lib/python3.12/site-packages/airflow/example_dags/example_python_operator.py
[2025-06-20T21:51:42.716+0000] {logging_mixin.py:190} INFO - [2025-06-20T21:51:42.716+0000] {dag.py:3239} INFO - Sync 1 DAGs
[2025-06-20T21:51:42.730+0000] {logging_mixin.py:190} INFO - [2025-06-20T21:51:42.730+0000] {dag.py:4180} INFO - Setting next_dagrun for example_python_operator to None, run_after=None
[2025-06-20T21:51:42.757+0000] {processor.py:208} INFO - Processing /home/airflow/.local/lib/python3.12/site-packages/airflow/example_dags/example_python_operator.py took 0.080 seconds
[2025-06-20T21:52:14.017+0000] {processor.py:186} INFO - Started process (PID=3273) to work on /home/airflow/.local/lib/python3.12/site-packages/airflow/example_dags/example_python_operator.py
[2025-06-20T21:52:14.018+0000] {processor.py:914} INFO - Processing file /home/airflow/.local/lib/python3.12/site-packages/airflow/example_dags/example_python_operator.py for tasks to queue
[2025-06-20T21:52:14.021+0000] {logging_mixin.py:190} INFO - [2025-06-20T21:52:14.021+0000] {dagbag.py:588} INFO - Filling up the DagBag from /home/airflow/.local/lib/python3.12/site-packages/airflow/example_dags/example_python_operator.py
[2025-06-20T21:52:14.036+0000] {processor.py:925} INFO - DAG(s) 'example_python_operator' retrieved from /home/airflow/.local/lib/python3.12/site-packages/airflow/example_dags/example_python_operator.py
[2025-06-20T21:52:14.064+0000] {logging_mixin.py:190} INFO - [2025-06-20T21:52:14.064+0000] {dag.py:3239} INFO - Sync 1 DAGs
[2025-06-20T21:52:14.266+0000] {logging_mixin.py:190} INFO - [2025-06-20T21:52:14.265+0000] {dag.py:4180} INFO - Setting next_dagrun for example_python_operator to None, run_after=None
[2025-06-20T21:52:14.292+0000] {processor.py:208} INFO - Processing /home/airflow/.local/lib/python3.12/site-packages/airflow/example_dags/example_python_operator.py took 0.283 seconds
[2025-06-20T21:52:44.889+0000] {processor.py:186} INFO - Started process (PID=3337) to work on /home/airflow/.local/lib/python3.12/site-packages/airflow/example_dags/example_python_operator.py
[2025-06-20T21:52:44.890+0000] {processor.py:914} INFO - Processing file /home/airflow/.local/lib/python3.12/site-packages/airflow/example_dags/example_python_operator.py for tasks to queue
[2025-06-20T21:52:44.892+0000] {logging_mixin.py:190} INFO - [2025-06-20T21:52:44.892+0000] {dagbag.py:588} INFO - Filling up the DagBag from /home/airflow/.local/lib/python3.12/site-packages/airflow/example_dags/example_python_operator.py
[2025-06-20T21:52:44.903+0000] {processor.py:925} INFO - DAG(s) 'example_python_operator' retrieved from /home/airflow/.local/lib/python3.12/site-packages/airflow/example_dags/example_python_operator.py
[2025-06-20T21:52:44.927+0000] {logging_mixin.py:190} INFO - [2025-06-20T21:52:44.926+0000] {dag.py:3239} INFO - Sync 1 DAGs
[2025-06-20T21:52:44.940+0000] {logging_mixin.py:190} INFO - [2025-06-20T21:52:44.939+0000] {dag.py:4180} INFO - Setting next_dagrun for example_python_operator to None, run_after=None
[2025-06-20T21:52:44.993+0000] {processor.py:208} INFO - Processing /home/airflow/.local/lib/python3.12/site-packages/airflow/example_dags/example_python_operator.py took 0.109 seconds
[2025-06-20T21:53:15.976+0000] {processor.py:186} INFO - Started process (PID=3401) to work on /home/airflow/.local/lib/python3.12/site-packages/airflow/example_dags/example_python_operator.py
[2025-06-20T21:53:15.977+0000] {processor.py:914} INFO - Processing file /home/airflow/.local/lib/python3.12/site-packages/airflow/example_dags/example_python_operator.py for tasks to queue
[2025-06-20T21:53:15.979+0000] {logging_mixin.py:190} INFO - [2025-06-20T21:53:15.979+0000] {dagbag.py:588} INFO - Filling up the DagBag from /home/airflow/.local/lib/python3.12/site-packages/airflow/example_dags/example_python_operator.py
[2025-06-20T21:53:15.990+0000] {processor.py:925} INFO - DAG(s) 'example_python_operator' retrieved from /home/airflow/.local/lib/python3.12/site-packages/airflow/example_dags/example_python_operator.py
[2025-06-20T21:53:16.010+0000] {logging_mixin.py:190} INFO - [2025-06-20T21:53:16.010+0000] {dag.py:3239} INFO - Sync 1 DAGs
[2025-06-20T21:53:16.023+0000] {logging_mixin.py:190} INFO - [2025-06-20T21:53:16.023+0000] {dag.py:4180} INFO - Setting next_dagrun for example_python_operator to None, run_after=None
[2025-06-20T21:53:16.110+0000] {processor.py:208} INFO - Processing /home/airflow/.local/lib/python3.12/site-packages/airflow/example_dags/example_python_operator.py took 0.138 seconds
[2025-06-20T21:53:46.559+0000] {processor.py:186} INFO - Started process (PID=3465) to work on /home/airflow/.local/lib/python3.12/site-packages/airflow/example_dags/example_python_operator.py
[2025-06-20T21:53:46.560+0000] {processor.py:914} INFO - Processing file /home/airflow/.local/lib/python3.12/site-packages/airflow/example_dags/example_python_operator.py for tasks to queue
[2025-06-20T21:53:46.563+0000] {logging_mixin.py:190} INFO - [2025-06-20T21:53:46.562+0000] {dagbag.py:588} INFO - Filling up the DagBag from /home/airflow/.local/lib/python3.12/site-packages/airflow/example_dags/example_python_operator.py
[2025-06-20T21:53:46.573+0000] {processor.py:925} INFO - DAG(s) 'example_python_operator' retrieved from /home/airflow/.local/lib/python3.12/site-packages/airflow/example_dags/example_python_operator.py
[2025-06-20T21:53:46.593+0000] {logging_mixin.py:190} INFO - [2025-06-20T21:53:46.592+0000] {dag.py:3239} INFO - Sync 1 DAGs
[2025-06-20T21:53:46.605+0000] {logging_mixin.py:190} INFO - [2025-06-20T21:53:46.605+0000] {dag.py:4180} INFO - Setting next_dagrun for example_python_operator to None, run_after=None
[2025-06-20T21:53:46.671+0000] {processor.py:208} INFO - Processing /home/airflow/.local/lib/python3.12/site-packages/airflow/example_dags/example_python_operator.py took 0.116 seconds
[2025-06-20T21:55:45.859+0000] {processor.py:186} INFO - Started process (PID=77) to work on /home/airflow/.local/lib/python3.12/site-packages/airflow/example_dags/example_python_operator.py
[2025-06-20T21:55:45.861+0000] {processor.py:914} INFO - Processing file /home/airflow/.local/lib/python3.12/site-packages/airflow/example_dags/example_python_operator.py for tasks to queue
[2025-06-20T21:55:45.863+0000] {logging_mixin.py:190} INFO - [2025-06-20T21:55:45.863+0000] {dagbag.py:588} INFO - Filling up the DagBag from /home/airflow/.local/lib/python3.12/site-packages/airflow/example_dags/example_python_operator.py
[2025-06-20T21:55:45.885+0000] {processor.py:925} INFO - DAG(s) 'example_python_operator' retrieved from /home/airflow/.local/lib/python3.12/site-packages/airflow/example_dags/example_python_operator.py
[2025-06-20T21:55:46.027+0000] {logging_mixin.py:190} INFO - [2025-06-20T21:55:46.026+0000] {override.py:1911} INFO - Created Permission View: can delete on DAG:example_python_operator
[2025-06-20T21:55:46.050+0000] {logging_mixin.py:190} INFO - [2025-06-20T21:55:46.049+0000] {override.py:1911} INFO - Created Permission View: can edit on DAG:example_python_operator
[2025-06-20T21:55:46.071+0000] {logging_mixin.py:190} INFO - [2025-06-20T21:55:46.071+0000] {override.py:1911} INFO - Created Permission View: can read on DAG:example_python_operator
[2025-06-20T21:55:46.114+0000] {logging_mixin.py:190} INFO - [2025-06-20T21:55:46.114+0000] {override.py:1911} INFO - Created Permission View: can delete on DAG Run:example_python_operator
[2025-06-20T21:55:46.136+0000] {logging_mixin.py:190} INFO - [2025-06-20T21:55:46.135+0000] {override.py:1911} INFO - Created Permission View: menu access on DAG Run:example_python_operator
[2025-06-20T21:55:46.158+0000] {logging_mixin.py:190} INFO - [2025-06-20T21:55:46.157+0000] {override.py:1911} INFO - Created Permission View: can create on DAG Run:example_python_operator
[2025-06-20T21:55:46.180+0000] {logging_mixin.py:190} INFO - [2025-06-20T21:55:46.179+0000] {override.py:1911} INFO - Created Permission View: can read on DAG Run:example_python_operator
[2025-06-20T21:55:46.181+0000] {logging_mixin.py:190} INFO - [2025-06-20T21:55:46.181+0000] {dag.py:3239} INFO - Sync 1 DAGs
[2025-06-20T21:55:46.194+0000] {logging_mixin.py:190} INFO - [2025-06-20T21:55:46.194+0000] {dag.py:3262} INFO - Creating ORM DAG for example_python_operator
[2025-06-20T21:55:46.195+0000] {logging_mixin.py:190} INFO - [2025-06-20T21:55:46.195+0000] {dag.py:4180} INFO - Setting next_dagrun for example_python_operator to None, run_after=None
[2025-06-20T21:55:46.230+0000] {processor.py:208} INFO - Processing /home/airflow/.local/lib/python3.12/site-packages/airflow/example_dags/example_python_operator.py took 0.376 seconds
[2025-06-20T21:56:17.429+0000] {processor.py:186} INFO - Started process (PID=141) to work on /home/airflow/.local/lib/python3.12/site-packages/airflow/example_dags/example_python_operator.py
[2025-06-20T21:56:17.430+0000] {processor.py:914} INFO - Processing file /home/airflow/.local/lib/python3.12/site-packages/airflow/example_dags/example_python_operator.py for tasks to queue
[2025-06-20T21:56:17.432+0000] {logging_mixin.py:190} INFO - [2025-06-20T21:56:17.432+0000] {dagbag.py:588} INFO - Filling up the DagBag from /home/airflow/.local/lib/python3.12/site-packages/airflow/example_dags/example_python_operator.py
[2025-06-20T21:56:17.443+0000] {processor.py:925} INFO - DAG(s) 'example_python_operator' retrieved from /home/airflow/.local/lib/python3.12/site-packages/airflow/example_dags/example_python_operator.py
[2025-06-20T21:56:17.464+0000] {logging_mixin.py:190} INFO - [2025-06-20T21:56:17.463+0000] {dag.py:3239} INFO - Sync 1 DAGs
[2025-06-20T21:56:17.477+0000] {logging_mixin.py:190} INFO - [2025-06-20T21:56:17.476+0000] {dag.py:4180} INFO - Setting next_dagrun for example_python_operator to None, run_after=None
[2025-06-20T21:56:17.739+0000] {processor.py:208} INFO - Processing /home/airflow/.local/lib/python3.12/site-packages/airflow/example_dags/example_python_operator.py took 0.315 seconds
[2025-06-20T21:56:49.419+0000] {processor.py:186} INFO - Started process (PID=205) to work on /home/airflow/.local/lib/python3.12/site-packages/airflow/example_dags/example_python_operator.py
[2025-06-20T21:56:49.420+0000] {processor.py:914} INFO - Processing file /home/airflow/.local/lib/python3.12/site-packages/airflow/example_dags/example_python_operator.py for tasks to queue
[2025-06-20T21:56:49.422+0000] {logging_mixin.py:190} INFO - [2025-06-20T21:56:49.422+0000] {dagbag.py:588} INFO - Filling up the DagBag from /home/airflow/.local/lib/python3.12/site-packages/airflow/example_dags/example_python_operator.py
[2025-06-20T21:56:49.432+0000] {processor.py:925} INFO - DAG(s) 'example_python_operator' retrieved from /home/airflow/.local/lib/python3.12/site-packages/airflow/example_dags/example_python_operator.py
[2025-06-20T21:56:49.455+0000] {logging_mixin.py:190} INFO - [2025-06-20T21:56:49.455+0000] {dag.py:3239} INFO - Sync 1 DAGs
[2025-06-20T21:56:49.470+0000] {logging_mixin.py:190} INFO - [2025-06-20T21:56:49.470+0000] {dag.py:4180} INFO - Setting next_dagrun for example_python_operator to None, run_after=None
[2025-06-20T21:56:49.501+0000] {processor.py:208} INFO - Processing /home/airflow/.local/lib/python3.12/site-packages/airflow/example_dags/example_python_operator.py took 0.087 seconds
[2025-06-20T21:57:20.803+0000] {processor.py:186} INFO - Started process (PID=269) to work on /home/airflow/.local/lib/python3.12/site-packages/airflow/example_dags/example_python_operator.py
[2025-06-20T21:57:20.804+0000] {processor.py:914} INFO - Processing file /home/airflow/.local/lib/python3.12/site-packages/airflow/example_dags/example_python_operator.py for tasks to queue
[2025-06-20T21:57:20.806+0000] {logging_mixin.py:190} INFO - [2025-06-20T21:57:20.806+0000] {dagbag.py:588} INFO - Filling up the DagBag from /home/airflow/.local/lib/python3.12/site-packages/airflow/example_dags/example_python_operator.py
[2025-06-20T21:57:20.818+0000] {processor.py:925} INFO - DAG(s) 'example_python_operator' retrieved from /home/airflow/.local/lib/python3.12/site-packages/airflow/example_dags/example_python_operator.py
[2025-06-20T21:57:20.845+0000] {logging_mixin.py:190} INFO - [2025-06-20T21:57:20.844+0000] {dag.py:3239} INFO - Sync 1 DAGs
[2025-06-20T21:57:20.865+0000] {logging_mixin.py:190} INFO - [2025-06-20T21:57:20.865+0000] {dag.py:4180} INFO - Setting next_dagrun for example_python_operator to None, run_after=None
[2025-06-20T21:57:20.893+0000] {processor.py:208} INFO - Processing /home/airflow/.local/lib/python3.12/site-packages/airflow/example_dags/example_python_operator.py took 0.095 seconds
[2025-06-20T21:57:52.037+0000] {processor.py:186} INFO - Started process (PID=333) to work on /home/airflow/.local/lib/python3.12/site-packages/airflow/example_dags/example_python_operator.py
[2025-06-20T21:57:52.038+0000] {processor.py:914} INFO - Processing file /home/airflow/.local/lib/python3.12/site-packages/airflow/example_dags/example_python_operator.py for tasks to queue
[2025-06-20T21:57:52.042+0000] {logging_mixin.py:190} INFO - [2025-06-20T21:57:52.041+0000] {dagbag.py:588} INFO - Filling up the DagBag from /home/airflow/.local/lib/python3.12/site-packages/airflow/example_dags/example_python_operator.py
[2025-06-20T21:57:52.056+0000] {processor.py:925} INFO - DAG(s) 'example_python_operator' retrieved from /home/airflow/.local/lib/python3.12/site-packages/airflow/example_dags/example_python_operator.py
[2025-06-20T21:57:52.084+0000] {logging_mixin.py:190} INFO - [2025-06-20T21:57:52.084+0000] {dag.py:3239} INFO - Sync 1 DAGs
[2025-06-20T21:57:52.101+0000] {logging_mixin.py:190} INFO - [2025-06-20T21:57:52.101+0000] {dag.py:4180} INFO - Setting next_dagrun for example_python_operator to None, run_after=None
[2025-06-20T21:57:52.128+0000] {processor.py:208} INFO - Processing /home/airflow/.local/lib/python3.12/site-packages/airflow/example_dags/example_python_operator.py took 0.097 seconds
[2025-06-20T21:58:23.776+0000] {processor.py:186} INFO - Started process (PID=405) to work on /home/airflow/.local/lib/python3.12/site-packages/airflow/example_dags/example_python_operator.py
[2025-06-20T21:58:23.777+0000] {processor.py:914} INFO - Processing file /home/airflow/.local/lib/python3.12/site-packages/airflow/example_dags/example_python_operator.py for tasks to queue
[2025-06-20T21:58:23.779+0000] {logging_mixin.py:190} INFO - [2025-06-20T21:58:23.779+0000] {dagbag.py:588} INFO - Filling up the DagBag from /home/airflow/.local/lib/python3.12/site-packages/airflow/example_dags/example_python_operator.py
[2025-06-20T21:58:23.790+0000] {processor.py:925} INFO - DAG(s) 'example_python_operator' retrieved from /home/airflow/.local/lib/python3.12/site-packages/airflow/example_dags/example_python_operator.py
[2025-06-20T21:58:23.812+0000] {logging_mixin.py:190} INFO - [2025-06-20T21:58:23.812+0000] {dag.py:3239} INFO - Sync 1 DAGs
[2025-06-20T21:58:23.825+0000] {logging_mixin.py:190} INFO - [2025-06-20T21:58:23.825+0000] {dag.py:4180} INFO - Setting next_dagrun for example_python_operator to None, run_after=None
[2025-06-20T21:58:23.852+0000] {processor.py:208} INFO - Processing /home/airflow/.local/lib/python3.12/site-packages/airflow/example_dags/example_python_operator.py took 0.082 seconds
[2025-06-20T21:58:54.868+0000] {processor.py:186} INFO - Started process (PID=469) to work on /home/airflow/.local/lib/python3.12/site-packages/airflow/example_dags/example_python_operator.py
[2025-06-20T21:58:54.869+0000] {processor.py:914} INFO - Processing file /home/airflow/.local/lib/python3.12/site-packages/airflow/example_dags/example_python_operator.py for tasks to queue
[2025-06-20T21:58:54.871+0000] {logging_mixin.py:190} INFO - [2025-06-20T21:58:54.871+0000] {dagbag.py:588} INFO - Filling up the DagBag from /home/airflow/.local/lib/python3.12/site-packages/airflow/example_dags/example_python_operator.py
[2025-06-20T21:58:54.882+0000] {processor.py:925} INFO - DAG(s) 'example_python_operator' retrieved from /home/airflow/.local/lib/python3.12/site-packages/airflow/example_dags/example_python_operator.py
[2025-06-20T21:58:54.904+0000] {logging_mixin.py:190} INFO - [2025-06-20T21:58:54.904+0000] {dag.py:3239} INFO - Sync 1 DAGs
[2025-06-20T21:58:54.918+0000] {logging_mixin.py:190} INFO - [2025-06-20T21:58:54.918+0000] {dag.py:4180} INFO - Setting next_dagrun for example_python_operator to None, run_after=None
[2025-06-20T21:58:54.949+0000] {processor.py:208} INFO - Processing /home/airflow/.local/lib/python3.12/site-packages/airflow/example_dags/example_python_operator.py took 0.086 seconds
[2025-06-20T21:59:26.632+0000] {processor.py:186} INFO - Started process (PID=533) to work on /home/airflow/.local/lib/python3.12/site-packages/airflow/example_dags/example_python_operator.py
[2025-06-20T21:59:26.634+0000] {processor.py:914} INFO - Processing file /home/airflow/.local/lib/python3.12/site-packages/airflow/example_dags/example_python_operator.py for tasks to queue
[2025-06-20T21:59:26.636+0000] {logging_mixin.py:190} INFO - [2025-06-20T21:59:26.636+0000] {dagbag.py:588} INFO - Filling up the DagBag from /home/airflow/.local/lib/python3.12/site-packages/airflow/example_dags/example_python_operator.py
[2025-06-20T21:59:26.646+0000] {processor.py:925} INFO - DAG(s) 'example_python_operator' retrieved from /home/airflow/.local/lib/python3.12/site-packages/airflow/example_dags/example_python_operator.py
[2025-06-20T21:59:26.667+0000] {logging_mixin.py:190} INFO - [2025-06-20T21:59:26.667+0000] {dag.py:3239} INFO - Sync 1 DAGs
[2025-06-20T21:59:26.681+0000] {logging_mixin.py:190} INFO - [2025-06-20T21:59:26.680+0000] {dag.py:4180} INFO - Setting next_dagrun for example_python_operator to None, run_after=None
[2025-06-20T21:59:26.704+0000] {processor.py:208} INFO - Processing /home/airflow/.local/lib/python3.12/site-packages/airflow/example_dags/example_python_operator.py took 0.076 seconds
[2025-06-20T21:59:58.024+0000] {processor.py:186} INFO - Started process (PID=597) to work on /home/airflow/.local/lib/python3.12/site-packages/airflow/example_dags/example_python_operator.py
[2025-06-20T21:59:58.026+0000] {processor.py:914} INFO - Processing file /home/airflow/.local/lib/python3.12/site-packages/airflow/example_dags/example_python_operator.py for tasks to queue
[2025-06-20T21:59:58.029+0000] {logging_mixin.py:190} INFO - [2025-06-20T21:59:58.028+0000] {dagbag.py:588} INFO - Filling up the DagBag from /home/airflow/.local/lib/python3.12/site-packages/airflow/example_dags/example_python_operator.py
[2025-06-20T21:59:58.040+0000] {processor.py:925} INFO - DAG(s) 'example_python_operator' retrieved from /home/airflow/.local/lib/python3.12/site-packages/airflow/example_dags/example_python_operator.py
[2025-06-20T21:59:58.062+0000] {logging_mixin.py:190} INFO - [2025-06-20T21:59:58.062+0000] {dag.py:3239} INFO - Sync 1 DAGs
[2025-06-20T21:59:58.076+0000] {logging_mixin.py:190} INFO - [2025-06-20T21:59:58.075+0000] {dag.py:4180} INFO - Setting next_dagrun for example_python_operator to None, run_after=None
[2025-06-20T21:59:58.108+0000] {processor.py:208} INFO - Processing /home/airflow/.local/lib/python3.12/site-packages/airflow/example_dags/example_python_operator.py took 0.089 seconds
[2025-06-20T22:00:29.512+0000] {processor.py:186} INFO - Started process (PID=661) to work on /home/airflow/.local/lib/python3.12/site-packages/airflow/example_dags/example_python_operator.py
[2025-06-20T22:00:29.514+0000] {processor.py:914} INFO - Processing file /home/airflow/.local/lib/python3.12/site-packages/airflow/example_dags/example_python_operator.py for tasks to queue
[2025-06-20T22:00:29.516+0000] {logging_mixin.py:190} INFO - [2025-06-20T22:00:29.516+0000] {dagbag.py:588} INFO - Filling up the DagBag from /home/airflow/.local/lib/python3.12/site-packages/airflow/example_dags/example_python_operator.py
[2025-06-20T22:00:29.528+0000] {processor.py:925} INFO - DAG(s) 'example_python_operator' retrieved from /home/airflow/.local/lib/python3.12/site-packages/airflow/example_dags/example_python_operator.py
[2025-06-20T22:00:29.552+0000] {logging_mixin.py:190} INFO - [2025-06-20T22:00:29.551+0000] {dag.py:3239} INFO - Sync 1 DAGs
[2025-06-20T22:00:29.567+0000] {logging_mixin.py:190} INFO - [2025-06-20T22:00:29.567+0000] {dag.py:4180} INFO - Setting next_dagrun for example_python_operator to None, run_after=None
[2025-06-20T22:00:29.596+0000] {processor.py:208} INFO - Processing /home/airflow/.local/lib/python3.12/site-packages/airflow/example_dags/example_python_operator.py took 0.091 seconds
[2025-06-20T22:01:00.986+0000] {processor.py:186} INFO - Started process (PID=725) to work on /home/airflow/.local/lib/python3.12/site-packages/airflow/example_dags/example_python_operator.py
[2025-06-20T22:01:00.988+0000] {processor.py:914} INFO - Processing file /home/airflow/.local/lib/python3.12/site-packages/airflow/example_dags/example_python_operator.py for tasks to queue
[2025-06-20T22:01:00.990+0000] {logging_mixin.py:190} INFO - [2025-06-20T22:01:00.990+0000] {dagbag.py:588} INFO - Filling up the DagBag from /home/airflow/.local/lib/python3.12/site-packages/airflow/example_dags/example_python_operator.py
[2025-06-20T22:01:01.002+0000] {processor.py:925} INFO - DAG(s) 'example_python_operator' retrieved from /home/airflow/.local/lib/python3.12/site-packages/airflow/example_dags/example_python_operator.py
[2025-06-20T22:01:01.026+0000] {logging_mixin.py:190} INFO - [2025-06-20T22:01:01.026+0000] {dag.py:3239} INFO - Sync 1 DAGs
[2025-06-20T22:01:01.041+0000] {logging_mixin.py:190} INFO - [2025-06-20T22:01:01.041+0000] {dag.py:4180} INFO - Setting next_dagrun for example_python_operator to None, run_after=None
[2025-06-20T22:01:01.077+0000] {processor.py:208} INFO - Processing /home/airflow/.local/lib/python3.12/site-packages/airflow/example_dags/example_python_operator.py took 0.097 seconds
[2025-06-20T22:01:32.168+0000] {processor.py:186} INFO - Started process (PID=788) to work on /home/airflow/.local/lib/python3.12/site-packages/airflow/example_dags/example_python_operator.py
[2025-06-20T22:01:32.169+0000] {processor.py:914} INFO - Processing file /home/airflow/.local/lib/python3.12/site-packages/airflow/example_dags/example_python_operator.py for tasks to queue
[2025-06-20T22:01:32.172+0000] {logging_mixin.py:190} INFO - [2025-06-20T22:01:32.171+0000] {dagbag.py:588} INFO - Filling up the DagBag from /home/airflow/.local/lib/python3.12/site-packages/airflow/example_dags/example_python_operator.py
[2025-06-20T22:01:32.182+0000] {processor.py:925} INFO - DAG(s) 'example_python_operator' retrieved from /home/airflow/.local/lib/python3.12/site-packages/airflow/example_dags/example_python_operator.py
[2025-06-20T22:01:32.204+0000] {logging_mixin.py:190} INFO - [2025-06-20T22:01:32.204+0000] {dag.py:3239} INFO - Sync 1 DAGs
[2025-06-20T22:01:32.218+0000] {logging_mixin.py:190} INFO - [2025-06-20T22:01:32.218+0000] {dag.py:4180} INFO - Setting next_dagrun for example_python_operator to None, run_after=None
[2025-06-20T22:01:32.331+0000] {processor.py:208} INFO - Processing /home/airflow/.local/lib/python3.12/site-packages/airflow/example_dags/example_python_operator.py took 0.168 seconds
[2025-06-20T22:02:02.801+0000] {processor.py:186} INFO - Started process (PID=852) to work on /home/airflow/.local/lib/python3.12/site-packages/airflow/example_dags/example_python_operator.py
[2025-06-20T22:02:02.802+0000] {processor.py:914} INFO - Processing file /home/airflow/.local/lib/python3.12/site-packages/airflow/example_dags/example_python_operator.py for tasks to queue
[2025-06-20T22:02:02.805+0000] {logging_mixin.py:190} INFO - [2025-06-20T22:02:02.804+0000] {dagbag.py:588} INFO - Filling up the DagBag from /home/airflow/.local/lib/python3.12/site-packages/airflow/example_dags/example_python_operator.py
[2025-06-20T22:02:02.817+0000] {processor.py:925} INFO - DAG(s) 'example_python_operator' retrieved from /home/airflow/.local/lib/python3.12/site-packages/airflow/example_dags/example_python_operator.py
[2025-06-20T22:02:02.844+0000] {logging_mixin.py:190} INFO - [2025-06-20T22:02:02.844+0000] {dag.py:3239} INFO - Sync 1 DAGs
[2025-06-20T22:02:02.859+0000] {logging_mixin.py:190} INFO - [2025-06-20T22:02:02.859+0000] {dag.py:4180} INFO - Setting next_dagrun for example_python_operator to None, run_after=None
[2025-06-20T22:02:02.920+0000] {processor.py:208} INFO - Processing /home/airflow/.local/lib/python3.12/site-packages/airflow/example_dags/example_python_operator.py took 0.125 seconds
[2025-06-20T22:02:35.375+0000] {processor.py:186} INFO - Started process (PID=917) to work on /home/airflow/.local/lib/python3.12/site-packages/airflow/example_dags/example_python_operator.py
[2025-06-20T22:02:35.376+0000] {processor.py:914} INFO - Processing file /home/airflow/.local/lib/python3.12/site-packages/airflow/example_dags/example_python_operator.py for tasks to queue
[2025-06-20T22:02:35.378+0000] {logging_mixin.py:190} INFO - [2025-06-20T22:02:35.378+0000] {dagbag.py:588} INFO - Filling up the DagBag from /home/airflow/.local/lib/python3.12/site-packages/airflow/example_dags/example_python_operator.py
[2025-06-20T22:02:35.391+0000] {processor.py:925} INFO - DAG(s) 'example_python_operator' retrieved from /home/airflow/.local/lib/python3.12/site-packages/airflow/example_dags/example_python_operator.py
[2025-06-20T22:02:35.416+0000] {logging_mixin.py:190} INFO - [2025-06-20T22:02:35.415+0000] {dag.py:3239} INFO - Sync 1 DAGs
[2025-06-20T22:02:35.431+0000] {logging_mixin.py:190} INFO - [2025-06-20T22:02:35.431+0000] {dag.py:4180} INFO - Setting next_dagrun for example_python_operator to None, run_after=None
[2025-06-20T22:02:35.461+0000] {processor.py:208} INFO - Processing /home/airflow/.local/lib/python3.12/site-packages/airflow/example_dags/example_python_operator.py took 0.092 seconds
[2025-06-20T22:03:07.606+0000] {processor.py:186} INFO - Started process (PID=981) to work on /home/airflow/.local/lib/python3.12/site-packages/airflow/example_dags/example_python_operator.py
[2025-06-20T22:03:07.607+0000] {processor.py:914} INFO - Processing file /home/airflow/.local/lib/python3.12/site-packages/airflow/example_dags/example_python_operator.py for tasks to queue
[2025-06-20T22:03:07.609+0000] {logging_mixin.py:190} INFO - [2025-06-20T22:03:07.609+0000] {dagbag.py:588} INFO - Filling up the DagBag from /home/airflow/.local/lib/python3.12/site-packages/airflow/example_dags/example_python_operator.py
[2025-06-20T22:03:07.621+0000] {processor.py:925} INFO - DAG(s) 'example_python_operator' retrieved from /home/airflow/.local/lib/python3.12/site-packages/airflow/example_dags/example_python_operator.py
[2025-06-20T22:03:07.642+0000] {logging_mixin.py:190} INFO - [2025-06-20T22:03:07.642+0000] {dag.py:3239} INFO - Sync 1 DAGs
[2025-06-20T22:03:07.656+0000] {logging_mixin.py:190} INFO - [2025-06-20T22:03:07.655+0000] {dag.py:4180} INFO - Setting next_dagrun for example_python_operator to None, run_after=None
[2025-06-20T22:03:07.699+0000] {processor.py:208} INFO - Processing /home/airflow/.local/lib/python3.12/site-packages/airflow/example_dags/example_python_operator.py took 0.099 seconds
[2025-06-20T22:03:39.054+0000] {processor.py:186} INFO - Started process (PID=1045) to work on /home/airflow/.local/lib/python3.12/site-packages/airflow/example_dags/example_python_operator.py
[2025-06-20T22:03:39.055+0000] {processor.py:914} INFO - Processing file /home/airflow/.local/lib/python3.12/site-packages/airflow/example_dags/example_python_operator.py for tasks to queue
[2025-06-20T22:03:39.057+0000] {logging_mixin.py:190} INFO - [2025-06-20T22:03:39.057+0000] {dagbag.py:588} INFO - Filling up the DagBag from /home/airflow/.local/lib/python3.12/site-packages/airflow/example_dags/example_python_operator.py
[2025-06-20T22:03:39.068+0000] {processor.py:925} INFO - DAG(s) 'example_python_operator' retrieved from /home/airflow/.local/lib/python3.12/site-packages/airflow/example_dags/example_python_operator.py
[2025-06-20T22:03:39.089+0000] {logging_mixin.py:190} INFO - [2025-06-20T22:03:39.089+0000] {dag.py:3239} INFO - Sync 1 DAGs
[2025-06-20T22:03:39.103+0000] {logging_mixin.py:190} INFO - [2025-06-20T22:03:39.103+0000] {dag.py:4180} INFO - Setting next_dagrun for example_python_operator to None, run_after=None
[2025-06-20T22:03:39.132+0000] {processor.py:208} INFO - Processing /home/airflow/.local/lib/python3.12/site-packages/airflow/example_dags/example_python_operator.py took 0.085 seconds
