[2025-06-20T21:25:44.426+0000] {processor.py:186} INFO - Started process (PID=78) to work on /home/airflow/.local/lib/python3.12/site-packages/airflow/example_dags/example_sla_dag.py
[2025-06-20T21:25:44.429+0000] {processor.py:914} INFO - Processing file /home/airflow/.local/lib/python3.12/site-packages/airflow/example_dags/example_sla_dag.py for tasks to queue
[2025-06-20T21:25:44.437+0000] {logging_mixin.py:190} INFO - [2025-06-20T21:25:44.437+0000] {dagbag.py:588} INFO - Filling up the DagBag from /home/airflow/.local/lib/python3.12/site-packages/airflow/example_dags/example_sla_dag.py
[2025-06-20T21:25:44.600+0000] {processor.py:925} INFO - DAG(s) 'example_sla_dag' retrieved from /home/airflow/.local/lib/python3.12/site-packages/airflow/example_dags/example_sla_dag.py
[2025-06-20T21:25:47.322+0000] {logging_mixin.py:190} INFO - [2025-06-20T21:25:47.321+0000] {override.py:1911} INFO - Created Permission View: can delete on DAG:example_sla_dag
[2025-06-20T21:25:47.385+0000] {logging_mixin.py:190} INFO - [2025-06-20T21:25:47.385+0000] {override.py:1911} INFO - Created Permission View: can read on DAG:example_sla_dag
[2025-06-20T21:25:47.448+0000] {logging_mixin.py:190} INFO - [2025-06-20T21:25:47.448+0000] {override.py:1911} INFO - Created Permission View: can edit on DAG:example_sla_dag
[2025-06-20T21:25:47.512+0000] {logging_mixin.py:190} INFO - [2025-06-20T21:25:47.512+0000] {override.py:1911} INFO - Created Permission View: can delete on DAG Run:example_sla_dag
[2025-06-20T21:25:47.555+0000] {logging_mixin.py:190} INFO - [2025-06-20T21:25:47.555+0000] {override.py:1911} INFO - Created Permission View: can create on DAG Run:example_sla_dag
[2025-06-20T21:25:47.597+0000] {logging_mixin.py:190} INFO - [2025-06-20T21:25:47.597+0000] {override.py:1911} INFO - Created Permission View: can read on DAG Run:example_sla_dag
[2025-06-20T21:25:47.639+0000] {logging_mixin.py:190} INFO - [2025-06-20T21:25:47.639+0000] {override.py:1911} INFO - Created Permission View: menu access on DAG Run:example_sla_dag
[2025-06-20T21:25:47.640+0000] {logging_mixin.py:190} INFO - [2025-06-20T21:25:47.640+0000] {dag.py:3239} INFO - Sync 1 DAGs
[2025-06-20T21:25:47.750+0000] {logging_mixin.py:190} INFO - [2025-06-20T21:25:47.750+0000] {dag.py:3262} INFO - Creating ORM DAG for example_sla_dag
[2025-06-20T21:25:47.813+0000] {logging_mixin.py:190} INFO - [2025-06-20T21:25:47.813+0000] {dag.py:4180} INFO - Setting next_dagrun for example_sla_dag to 2025-06-20 21:22:00+00:00, run_after=2025-06-20 21:24:00+00:00
[2025-06-20T21:25:47.861+0000] {processor.py:208} INFO - Processing /home/airflow/.local/lib/python3.12/site-packages/airflow/example_dags/example_sla_dag.py took 1.904 seconds
[2025-06-20T21:26:55.401+0000] {processor.py:186} INFO - Started process (PID=148) to work on /home/airflow/.local/lib/python3.12/site-packages/airflow/example_dags/example_sla_dag.py
[2025-06-20T21:26:55.403+0000] {processor.py:914} INFO - Processing file /home/airflow/.local/lib/python3.12/site-packages/airflow/example_dags/example_sla_dag.py for tasks to queue
[2025-06-20T21:26:55.405+0000] {logging_mixin.py:190} INFO - [2025-06-20T21:26:55.404+0000] {dagbag.py:588} INFO - Filling up the DagBag from /home/airflow/.local/lib/python3.12/site-packages/airflow/example_dags/example_sla_dag.py
[2025-06-20T21:26:55.476+0000] {processor.py:925} INFO - DAG(s) 'example_sla_dag' retrieved from /home/airflow/.local/lib/python3.12/site-packages/airflow/example_dags/example_sla_dag.py
[2025-06-20T21:26:55.497+0000] {logging_mixin.py:190} INFO - [2025-06-20T21:26:55.496+0000] {dag.py:3239} INFO - Sync 1 DAGs
[2025-06-20T21:26:55.522+0000] {logging_mixin.py:190} INFO - [2025-06-20T21:26:55.522+0000] {dag.py:4180} INFO - Setting next_dagrun for example_sla_dag to 2025-06-20 21:24:00+00:00, run_after=2025-06-20 21:26:00+00:00
[2025-06-20T21:26:55.573+0000] {processor.py:208} INFO - Processing /home/airflow/.local/lib/python3.12/site-packages/airflow/example_dags/example_sla_dag.py took 0.176 seconds
[2025-06-20T21:27:25.708+0000] {processor.py:186} INFO - Started process (PID=212) to work on /home/airflow/.local/lib/python3.12/site-packages/airflow/example_dags/example_sla_dag.py
[2025-06-20T21:27:25.709+0000] {processor.py:914} INFO - Processing file /home/airflow/.local/lib/python3.12/site-packages/airflow/example_dags/example_sla_dag.py for tasks to queue
[2025-06-20T21:27:25.712+0000] {logging_mixin.py:190} INFO - [2025-06-20T21:27:25.711+0000] {dagbag.py:588} INFO - Filling up the DagBag from /home/airflow/.local/lib/python3.12/site-packages/airflow/example_dags/example_sla_dag.py
[2025-06-20T21:27:25.721+0000] {processor.py:925} INFO - DAG(s) 'example_sla_dag' retrieved from /home/airflow/.local/lib/python3.12/site-packages/airflow/example_dags/example_sla_dag.py
[2025-06-20T21:27:25.741+0000] {logging_mixin.py:190} INFO - [2025-06-20T21:27:25.741+0000] {dag.py:3239} INFO - Sync 1 DAGs
[2025-06-20T21:27:25.768+0000] {logging_mixin.py:190} INFO - [2025-06-20T21:27:25.767+0000] {dag.py:4180} INFO - Setting next_dagrun for example_sla_dag to 2025-06-20 21:24:00+00:00, run_after=2025-06-20 21:26:00+00:00
[2025-06-20T21:27:25.824+0000] {processor.py:208} INFO - Processing /home/airflow/.local/lib/python3.12/site-packages/airflow/example_dags/example_sla_dag.py took 0.122 seconds
[2025-06-20T21:27:56.680+0000] {processor.py:186} INFO - Started process (PID=276) to work on /home/airflow/.local/lib/python3.12/site-packages/airflow/example_dags/example_sla_dag.py
[2025-06-20T21:27:56.681+0000] {processor.py:914} INFO - Processing file /home/airflow/.local/lib/python3.12/site-packages/airflow/example_dags/example_sla_dag.py for tasks to queue
[2025-06-20T21:27:56.683+0000] {logging_mixin.py:190} INFO - [2025-06-20T21:27:56.683+0000] {dagbag.py:588} INFO - Filling up the DagBag from /home/airflow/.local/lib/python3.12/site-packages/airflow/example_dags/example_sla_dag.py
[2025-06-20T21:27:56.693+0000] {processor.py:925} INFO - DAG(s) 'example_sla_dag' retrieved from /home/airflow/.local/lib/python3.12/site-packages/airflow/example_dags/example_sla_dag.py
[2025-06-20T21:27:56.713+0000] {logging_mixin.py:190} INFO - [2025-06-20T21:27:56.713+0000] {dag.py:3239} INFO - Sync 1 DAGs
[2025-06-20T21:27:56.739+0000] {logging_mixin.py:190} INFO - [2025-06-20T21:27:56.738+0000] {dag.py:4180} INFO - Setting next_dagrun for example_sla_dag to 2025-06-20 21:24:00+00:00, run_after=2025-06-20 21:26:00+00:00
[2025-06-20T21:27:56.761+0000] {processor.py:208} INFO - Processing /home/airflow/.local/lib/python3.12/site-packages/airflow/example_dags/example_sla_dag.py took 0.087 seconds
[2025-06-20T21:28:27.508+0000] {processor.py:186} INFO - Started process (PID=340) to work on /home/airflow/.local/lib/python3.12/site-packages/airflow/example_dags/example_sla_dag.py
[2025-06-20T21:28:27.509+0000] {processor.py:914} INFO - Processing file /home/airflow/.local/lib/python3.12/site-packages/airflow/example_dags/example_sla_dag.py for tasks to queue
[2025-06-20T21:28:27.511+0000] {logging_mixin.py:190} INFO - [2025-06-20T21:28:27.511+0000] {dagbag.py:588} INFO - Filling up the DagBag from /home/airflow/.local/lib/python3.12/site-packages/airflow/example_dags/example_sla_dag.py
[2025-06-20T21:28:27.520+0000] {processor.py:925} INFO - DAG(s) 'example_sla_dag' retrieved from /home/airflow/.local/lib/python3.12/site-packages/airflow/example_dags/example_sla_dag.py
[2025-06-20T21:28:27.538+0000] {logging_mixin.py:190} INFO - [2025-06-20T21:28:27.538+0000] {dag.py:3239} INFO - Sync 1 DAGs
[2025-06-20T21:28:27.563+0000] {logging_mixin.py:190} INFO - [2025-06-20T21:28:27.563+0000] {dag.py:4180} INFO - Setting next_dagrun for example_sla_dag to 2025-06-20 21:26:00+00:00, run_after=2025-06-20 21:28:00+00:00
[2025-06-20T21:28:27.593+0000] {processor.py:208} INFO - Processing /home/airflow/.local/lib/python3.12/site-packages/airflow/example_dags/example_sla_dag.py took 0.091 seconds
[2025-06-20T21:28:58.075+0000] {processor.py:186} INFO - Started process (PID=403) to work on /home/airflow/.local/lib/python3.12/site-packages/airflow/example_dags/example_sla_dag.py
[2025-06-20T21:28:58.076+0000] {processor.py:914} INFO - Processing file /home/airflow/.local/lib/python3.12/site-packages/airflow/example_dags/example_sla_dag.py for tasks to queue
[2025-06-20T21:28:58.079+0000] {logging_mixin.py:190} INFO - [2025-06-20T21:28:58.078+0000] {dagbag.py:588} INFO - Filling up the DagBag from /home/airflow/.local/lib/python3.12/site-packages/airflow/example_dags/example_sla_dag.py
[2025-06-20T21:28:58.088+0000] {processor.py:925} INFO - DAG(s) 'example_sla_dag' retrieved from /home/airflow/.local/lib/python3.12/site-packages/airflow/example_dags/example_sla_dag.py
[2025-06-20T21:28:58.111+0000] {logging_mixin.py:190} INFO - [2025-06-20T21:28:58.111+0000] {dag.py:3239} INFO - Sync 1 DAGs
[2025-06-20T21:28:58.139+0000] {logging_mixin.py:190} INFO - [2025-06-20T21:28:58.139+0000] {dag.py:4180} INFO - Setting next_dagrun for example_sla_dag to 2025-06-20 21:26:00+00:00, run_after=2025-06-20 21:28:00+00:00
[2025-06-20T21:28:58.204+0000] {processor.py:208} INFO - Processing /home/airflow/.local/lib/python3.12/site-packages/airflow/example_dags/example_sla_dag.py took 0.136 seconds
[2025-06-20T21:29:28.603+0000] {processor.py:186} INFO - Started process (PID=452) to work on /home/airflow/.local/lib/python3.12/site-packages/airflow/example_dags/example_sla_dag.py
[2025-06-20T21:29:28.604+0000] {processor.py:914} INFO - Processing file /home/airflow/.local/lib/python3.12/site-packages/airflow/example_dags/example_sla_dag.py for tasks to queue
[2025-06-20T21:29:28.606+0000] {logging_mixin.py:190} INFO - [2025-06-20T21:29:28.606+0000] {dagbag.py:588} INFO - Filling up the DagBag from /home/airflow/.local/lib/python3.12/site-packages/airflow/example_dags/example_sla_dag.py
[2025-06-20T21:29:28.615+0000] {processor.py:925} INFO - DAG(s) 'example_sla_dag' retrieved from /home/airflow/.local/lib/python3.12/site-packages/airflow/example_dags/example_sla_dag.py
[2025-06-20T21:29:28.635+0000] {logging_mixin.py:190} INFO - [2025-06-20T21:29:28.634+0000] {dag.py:3239} INFO - Sync 1 DAGs
[2025-06-20T21:29:28.659+0000] {logging_mixin.py:190} INFO - [2025-06-20T21:29:28.659+0000] {dag.py:4180} INFO - Setting next_dagrun for example_sla_dag to 2025-06-20 21:26:00+00:00, run_after=2025-06-20 21:28:00+00:00
[2025-06-20T21:29:28.787+0000] {processor.py:208} INFO - Processing /home/airflow/.local/lib/python3.12/site-packages/airflow/example_dags/example_sla_dag.py took 0.189 seconds
[2025-06-20T21:29:59.569+0000] {processor.py:186} INFO - Started process (PID=516) to work on /home/airflow/.local/lib/python3.12/site-packages/airflow/example_dags/example_sla_dag.py
[2025-06-20T21:29:59.570+0000] {processor.py:914} INFO - Processing file /home/airflow/.local/lib/python3.12/site-packages/airflow/example_dags/example_sla_dag.py for tasks to queue
[2025-06-20T21:29:59.573+0000] {logging_mixin.py:190} INFO - [2025-06-20T21:29:59.572+0000] {dagbag.py:588} INFO - Filling up the DagBag from /home/airflow/.local/lib/python3.12/site-packages/airflow/example_dags/example_sla_dag.py
[2025-06-20T21:29:59.583+0000] {processor.py:925} INFO - DAG(s) 'example_sla_dag' retrieved from /home/airflow/.local/lib/python3.12/site-packages/airflow/example_dags/example_sla_dag.py
[2025-06-20T21:29:59.604+0000] {logging_mixin.py:190} INFO - [2025-06-20T21:29:59.603+0000] {dag.py:3239} INFO - Sync 1 DAGs
[2025-06-20T21:29:59.627+0000] {logging_mixin.py:190} INFO - [2025-06-20T21:29:59.627+0000] {dag.py:4180} INFO - Setting next_dagrun for example_sla_dag to 2025-06-20 21:26:00+00:00, run_after=2025-06-20 21:28:00+00:00
[2025-06-20T21:29:59.666+0000] {processor.py:208} INFO - Processing /home/airflow/.local/lib/python3.12/site-packages/airflow/example_dags/example_sla_dag.py took 0.101 seconds
[2025-06-20T21:30:31.228+0000] {processor.py:186} INFO - Started process (PID=580) to work on /home/airflow/.local/lib/python3.12/site-packages/airflow/example_dags/example_sla_dag.py
[2025-06-20T21:30:31.229+0000] {processor.py:914} INFO - Processing file /home/airflow/.local/lib/python3.12/site-packages/airflow/example_dags/example_sla_dag.py for tasks to queue
[2025-06-20T21:30:31.232+0000] {logging_mixin.py:190} INFO - [2025-06-20T21:30:31.232+0000] {dagbag.py:588} INFO - Filling up the DagBag from /home/airflow/.local/lib/python3.12/site-packages/airflow/example_dags/example_sla_dag.py
[2025-06-20T21:30:31.240+0000] {processor.py:925} INFO - DAG(s) 'example_sla_dag' retrieved from /home/airflow/.local/lib/python3.12/site-packages/airflow/example_dags/example_sla_dag.py
[2025-06-20T21:30:31.262+0000] {logging_mixin.py:190} INFO - [2025-06-20T21:30:31.262+0000] {dag.py:3239} INFO - Sync 1 DAGs
[2025-06-20T21:30:31.285+0000] {logging_mixin.py:190} INFO - [2025-06-20T21:30:31.285+0000] {dag.py:4180} INFO - Setting next_dagrun for example_sla_dag to 2025-06-20 21:28:00+00:00, run_after=2025-06-20 21:30:00+00:00
[2025-06-20T21:30:31.314+0000] {processor.py:208} INFO - Processing /home/airflow/.local/lib/python3.12/site-packages/airflow/example_dags/example_sla_dag.py took 0.091 seconds
[2025-06-20T21:31:03.426+0000] {processor.py:186} INFO - Started process (PID=644) to work on /home/airflow/.local/lib/python3.12/site-packages/airflow/example_dags/example_sla_dag.py
[2025-06-20T21:31:03.427+0000] {processor.py:914} INFO - Processing file /home/airflow/.local/lib/python3.12/site-packages/airflow/example_dags/example_sla_dag.py for tasks to queue
[2025-06-20T21:31:03.429+0000] {logging_mixin.py:190} INFO - [2025-06-20T21:31:03.429+0000] {dagbag.py:588} INFO - Filling up the DagBag from /home/airflow/.local/lib/python3.12/site-packages/airflow/example_dags/example_sla_dag.py
[2025-06-20T21:31:03.438+0000] {processor.py:925} INFO - DAG(s) 'example_sla_dag' retrieved from /home/airflow/.local/lib/python3.12/site-packages/airflow/example_dags/example_sla_dag.py
[2025-06-20T21:31:03.462+0000] {logging_mixin.py:190} INFO - [2025-06-20T21:31:03.462+0000] {dag.py:3239} INFO - Sync 1 DAGs
[2025-06-20T21:31:03.491+0000] {logging_mixin.py:190} INFO - [2025-06-20T21:31:03.490+0000] {dag.py:4180} INFO - Setting next_dagrun for example_sla_dag to 2025-06-20 21:28:00+00:00, run_after=2025-06-20 21:30:00+00:00
[2025-06-20T21:31:03.532+0000] {processor.py:208} INFO - Processing /home/airflow/.local/lib/python3.12/site-packages/airflow/example_dags/example_sla_dag.py took 0.110 seconds
[2025-06-20T21:31:34.714+0000] {processor.py:186} INFO - Started process (PID=708) to work on /home/airflow/.local/lib/python3.12/site-packages/airflow/example_dags/example_sla_dag.py
[2025-06-20T21:31:34.715+0000] {processor.py:914} INFO - Processing file /home/airflow/.local/lib/python3.12/site-packages/airflow/example_dags/example_sla_dag.py for tasks to queue
[2025-06-20T21:31:34.717+0000] {logging_mixin.py:190} INFO - [2025-06-20T21:31:34.716+0000] {dagbag.py:588} INFO - Filling up the DagBag from /home/airflow/.local/lib/python3.12/site-packages/airflow/example_dags/example_sla_dag.py
[2025-06-20T21:31:34.727+0000] {processor.py:925} INFO - DAG(s) 'example_sla_dag' retrieved from /home/airflow/.local/lib/python3.12/site-packages/airflow/example_dags/example_sla_dag.py
[2025-06-20T21:31:34.746+0000] {logging_mixin.py:190} INFO - [2025-06-20T21:31:34.746+0000] {dag.py:3239} INFO - Sync 1 DAGs
[2025-06-20T21:31:34.771+0000] {logging_mixin.py:190} INFO - [2025-06-20T21:31:34.771+0000] {dag.py:4180} INFO - Setting next_dagrun for example_sla_dag to 2025-06-20 21:28:00+00:00, run_after=2025-06-20 21:30:00+00:00
[2025-06-20T21:31:34.847+0000] {processor.py:208} INFO - Processing /home/airflow/.local/lib/python3.12/site-packages/airflow/example_dags/example_sla_dag.py took 0.138 seconds
[2025-06-20T21:32:06.585+0000] {processor.py:186} INFO - Started process (PID=772) to work on /home/airflow/.local/lib/python3.12/site-packages/airflow/example_dags/example_sla_dag.py
[2025-06-20T21:32:06.587+0000] {processor.py:914} INFO - Processing file /home/airflow/.local/lib/python3.12/site-packages/airflow/example_dags/example_sla_dag.py for tasks to queue
[2025-06-20T21:32:06.591+0000] {logging_mixin.py:190} INFO - [2025-06-20T21:32:06.590+0000] {dagbag.py:588} INFO - Filling up the DagBag from /home/airflow/.local/lib/python3.12/site-packages/airflow/example_dags/example_sla_dag.py
[2025-06-20T21:32:06.606+0000] {processor.py:925} INFO - DAG(s) 'example_sla_dag' retrieved from /home/airflow/.local/lib/python3.12/site-packages/airflow/example_dags/example_sla_dag.py
[2025-06-20T21:32:06.632+0000] {logging_mixin.py:190} INFO - [2025-06-20T21:32:06.632+0000] {dag.py:3239} INFO - Sync 1 DAGs
[2025-06-20T21:32:06.666+0000] {logging_mixin.py:190} INFO - [2025-06-20T21:32:06.665+0000] {dag.py:4180} INFO - Setting next_dagrun for example_sla_dag to 2025-06-20 21:30:00+00:00, run_after=2025-06-20 21:32:00+00:00
[2025-06-20T21:32:06.703+0000] {processor.py:208} INFO - Processing /home/airflow/.local/lib/python3.12/site-packages/airflow/example_dags/example_sla_dag.py took 0.126 seconds
[2025-06-20T21:32:37.734+0000] {processor.py:186} INFO - Started process (PID=836) to work on /home/airflow/.local/lib/python3.12/site-packages/airflow/example_dags/example_sla_dag.py
[2025-06-20T21:32:37.735+0000] {processor.py:914} INFO - Processing file /home/airflow/.local/lib/python3.12/site-packages/airflow/example_dags/example_sla_dag.py for tasks to queue
[2025-06-20T21:32:37.738+0000] {logging_mixin.py:190} INFO - [2025-06-20T21:32:37.737+0000] {dagbag.py:588} INFO - Filling up the DagBag from /home/airflow/.local/lib/python3.12/site-packages/airflow/example_dags/example_sla_dag.py
[2025-06-20T21:32:37.747+0000] {processor.py:925} INFO - DAG(s) 'example_sla_dag' retrieved from /home/airflow/.local/lib/python3.12/site-packages/airflow/example_dags/example_sla_dag.py
[2025-06-20T21:32:37.766+0000] {logging_mixin.py:190} INFO - [2025-06-20T21:32:37.766+0000] {dag.py:3239} INFO - Sync 1 DAGs
[2025-06-20T21:32:37.790+0000] {logging_mixin.py:190} INFO - [2025-06-20T21:32:37.790+0000] {dag.py:4180} INFO - Setting next_dagrun for example_sla_dag to 2025-06-20 21:30:00+00:00, run_after=2025-06-20 21:32:00+00:00
[2025-06-20T21:32:37.819+0000] {processor.py:208} INFO - Processing /home/airflow/.local/lib/python3.12/site-packages/airflow/example_dags/example_sla_dag.py took 0.091 seconds
[2025-06-20T21:33:09.293+0000] {processor.py:186} INFO - Started process (PID=900) to work on /home/airflow/.local/lib/python3.12/site-packages/airflow/example_dags/example_sla_dag.py
[2025-06-20T21:33:09.294+0000] {processor.py:914} INFO - Processing file /home/airflow/.local/lib/python3.12/site-packages/airflow/example_dags/example_sla_dag.py for tasks to queue
[2025-06-20T21:33:09.298+0000] {logging_mixin.py:190} INFO - [2025-06-20T21:33:09.298+0000] {dagbag.py:588} INFO - Filling up the DagBag from /home/airflow/.local/lib/python3.12/site-packages/airflow/example_dags/example_sla_dag.py
[2025-06-20T21:33:09.312+0000] {processor.py:925} INFO - DAG(s) 'example_sla_dag' retrieved from /home/airflow/.local/lib/python3.12/site-packages/airflow/example_dags/example_sla_dag.py
[2025-06-20T21:33:09.337+0000] {logging_mixin.py:190} INFO - [2025-06-20T21:33:09.336+0000] {dag.py:3239} INFO - Sync 1 DAGs
[2025-06-20T21:33:09.366+0000] {logging_mixin.py:190} INFO - [2025-06-20T21:33:09.366+0000] {dag.py:4180} INFO - Setting next_dagrun for example_sla_dag to 2025-06-20 21:30:00+00:00, run_after=2025-06-20 21:32:00+00:00
[2025-06-20T21:33:09.407+0000] {processor.py:208} INFO - Processing /home/airflow/.local/lib/python3.12/site-packages/airflow/example_dags/example_sla_dag.py took 0.123 seconds
[2025-06-20T21:33:40.881+0000] {processor.py:186} INFO - Started process (PID=964) to work on /home/airflow/.local/lib/python3.12/site-packages/airflow/example_dags/example_sla_dag.py
[2025-06-20T21:33:40.882+0000] {processor.py:914} INFO - Processing file /home/airflow/.local/lib/python3.12/site-packages/airflow/example_dags/example_sla_dag.py for tasks to queue
[2025-06-20T21:33:40.886+0000] {logging_mixin.py:190} INFO - [2025-06-20T21:33:40.886+0000] {dagbag.py:588} INFO - Filling up the DagBag from /home/airflow/.local/lib/python3.12/site-packages/airflow/example_dags/example_sla_dag.py
[2025-06-20T21:33:40.900+0000] {processor.py:925} INFO - DAG(s) 'example_sla_dag' retrieved from /home/airflow/.local/lib/python3.12/site-packages/airflow/example_dags/example_sla_dag.py
[2025-06-20T21:33:40.926+0000] {logging_mixin.py:190} INFO - [2025-06-20T21:33:40.926+0000] {dag.py:3239} INFO - Sync 1 DAGs
[2025-06-20T21:33:40.958+0000] {logging_mixin.py:190} INFO - [2025-06-20T21:33:40.958+0000] {dag.py:4180} INFO - Setting next_dagrun for example_sla_dag to 2025-06-20 21:30:00+00:00, run_after=2025-06-20 21:32:00+00:00
[2025-06-20T21:33:41.027+0000] {processor.py:208} INFO - Processing /home/airflow/.local/lib/python3.12/site-packages/airflow/example_dags/example_sla_dag.py took 0.154 seconds
[2025-06-20T21:34:11.508+0000] {processor.py:186} INFO - Started process (PID=1028) to work on /home/airflow/.local/lib/python3.12/site-packages/airflow/example_dags/example_sla_dag.py
[2025-06-20T21:34:11.509+0000] {processor.py:914} INFO - Processing file /home/airflow/.local/lib/python3.12/site-packages/airflow/example_dags/example_sla_dag.py for tasks to queue
[2025-06-20T21:34:11.512+0000] {logging_mixin.py:190} INFO - [2025-06-20T21:34:11.511+0000] {dagbag.py:588} INFO - Filling up the DagBag from /home/airflow/.local/lib/python3.12/site-packages/airflow/example_dags/example_sla_dag.py
[2025-06-20T21:34:11.521+0000] {processor.py:925} INFO - DAG(s) 'example_sla_dag' retrieved from /home/airflow/.local/lib/python3.12/site-packages/airflow/example_dags/example_sla_dag.py
[2025-06-20T21:34:11.541+0000] {logging_mixin.py:190} INFO - [2025-06-20T21:34:11.540+0000] {dag.py:3239} INFO - Sync 1 DAGs
[2025-06-20T21:34:12.353+0000] {logging_mixin.py:190} INFO - [2025-06-20T21:34:12.352+0000] {dag.py:4180} INFO - Setting next_dagrun for example_sla_dag to 2025-06-20 21:32:00+00:00, run_after=2025-06-20 21:34:00+00:00
[2025-06-20T21:34:12.404+0000] {processor.py:208} INFO - Processing /home/airflow/.local/lib/python3.12/site-packages/airflow/example_dags/example_sla_dag.py took 0.115 seconds
[2025-06-20T21:34:44.301+0000] {processor.py:186} INFO - Started process (PID=1092) to work on /home/airflow/.local/lib/python3.12/site-packages/airflow/example_dags/example_sla_dag.py
[2025-06-20T21:34:44.303+0000] {processor.py:914} INFO - Processing file /home/airflow/.local/lib/python3.12/site-packages/airflow/example_dags/example_sla_dag.py for tasks to queue
[2025-06-20T21:34:44.305+0000] {logging_mixin.py:190} INFO - [2025-06-20T21:34:44.305+0000] {dagbag.py:588} INFO - Filling up the DagBag from /home/airflow/.local/lib/python3.12/site-packages/airflow/example_dags/example_sla_dag.py
[2025-06-20T21:34:44.316+0000] {processor.py:925} INFO - DAG(s) 'example_sla_dag' retrieved from /home/airflow/.local/lib/python3.12/site-packages/airflow/example_dags/example_sla_dag.py
[2025-06-20T21:34:44.343+0000] {logging_mixin.py:190} INFO - [2025-06-20T21:34:44.343+0000] {dag.py:3239} INFO - Sync 1 DAGs
[2025-06-20T21:34:44.367+0000] {logging_mixin.py:190} INFO - [2025-06-20T21:34:44.367+0000] {dag.py:4180} INFO - Setting next_dagrun for example_sla_dag to 2025-06-20 21:32:00+00:00, run_after=2025-06-20 21:34:00+00:00
[2025-06-20T21:34:44.391+0000] {processor.py:208} INFO - Processing /home/airflow/.local/lib/python3.12/site-packages/airflow/example_dags/example_sla_dag.py took 0.097 seconds
[2025-06-20T21:35:14.656+0000] {processor.py:186} INFO - Started process (PID=1156) to work on /home/airflow/.local/lib/python3.12/site-packages/airflow/example_dags/example_sla_dag.py
[2025-06-20T21:35:14.657+0000] {processor.py:914} INFO - Processing file /home/airflow/.local/lib/python3.12/site-packages/airflow/example_dags/example_sla_dag.py for tasks to queue
[2025-06-20T21:35:14.661+0000] {logging_mixin.py:190} INFO - [2025-06-20T21:35:14.661+0000] {dagbag.py:588} INFO - Filling up the DagBag from /home/airflow/.local/lib/python3.12/site-packages/airflow/example_dags/example_sla_dag.py
[2025-06-20T21:35:14.676+0000] {processor.py:925} INFO - DAG(s) 'example_sla_dag' retrieved from /home/airflow/.local/lib/python3.12/site-packages/airflow/example_dags/example_sla_dag.py
[2025-06-20T21:35:14.715+0000] {logging_mixin.py:190} INFO - [2025-06-20T21:35:14.714+0000] {dag.py:3239} INFO - Sync 1 DAGs
[2025-06-20T21:35:15.528+0000] {logging_mixin.py:190} INFO - [2025-06-20T21:35:15.527+0000] {dag.py:4180} INFO - Setting next_dagrun for example_sla_dag to 2025-06-20 21:32:00+00:00, run_after=2025-06-20 21:34:00+00:00
[2025-06-20T21:35:15.599+0000] {processor.py:208} INFO - Processing /home/airflow/.local/lib/python3.12/site-packages/airflow/example_dags/example_sla_dag.py took 0.167 seconds
[2025-06-20T21:35:47.813+0000] {processor.py:186} INFO - Started process (PID=1220) to work on /home/airflow/.local/lib/python3.12/site-packages/airflow/example_dags/example_sla_dag.py
[2025-06-20T21:35:47.815+0000] {processor.py:914} INFO - Processing file /home/airflow/.local/lib/python3.12/site-packages/airflow/example_dags/example_sla_dag.py for tasks to queue
[2025-06-20T21:35:47.817+0000] {logging_mixin.py:190} INFO - [2025-06-20T21:35:47.817+0000] {dagbag.py:588} INFO - Filling up the DagBag from /home/airflow/.local/lib/python3.12/site-packages/airflow/example_dags/example_sla_dag.py
[2025-06-20T21:35:47.826+0000] {processor.py:925} INFO - DAG(s) 'example_sla_dag' retrieved from /home/airflow/.local/lib/python3.12/site-packages/airflow/example_dags/example_sla_dag.py
[2025-06-20T21:35:47.846+0000] {logging_mixin.py:190} INFO - [2025-06-20T21:35:47.846+0000] {dag.py:3239} INFO - Sync 1 DAGs
[2025-06-20T21:35:47.870+0000] {logging_mixin.py:190} INFO - [2025-06-20T21:35:47.870+0000] {dag.py:4180} INFO - Setting next_dagrun for example_sla_dag to 2025-06-20 21:32:00+00:00, run_after=2025-06-20 21:34:00+00:00
[2025-06-20T21:35:47.957+0000] {processor.py:208} INFO - Processing /home/airflow/.local/lib/python3.12/site-packages/airflow/example_dags/example_sla_dag.py took 0.148 seconds
[2025-06-20T21:36:19.552+0000] {processor.py:186} INFO - Started process (PID=1284) to work on /home/airflow/.local/lib/python3.12/site-packages/airflow/example_dags/example_sla_dag.py
[2025-06-20T21:36:19.553+0000] {processor.py:914} INFO - Processing file /home/airflow/.local/lib/python3.12/site-packages/airflow/example_dags/example_sla_dag.py for tasks to queue
[2025-06-20T21:36:19.556+0000] {logging_mixin.py:190} INFO - [2025-06-20T21:36:19.556+0000] {dagbag.py:588} INFO - Filling up the DagBag from /home/airflow/.local/lib/python3.12/site-packages/airflow/example_dags/example_sla_dag.py
[2025-06-20T21:36:19.572+0000] {processor.py:925} INFO - DAG(s) 'example_sla_dag' retrieved from /home/airflow/.local/lib/python3.12/site-packages/airflow/example_dags/example_sla_dag.py
[2025-06-20T21:36:19.596+0000] {logging_mixin.py:190} INFO - [2025-06-20T21:36:19.596+0000] {dag.py:3239} INFO - Sync 1 DAGs
[2025-06-20T21:36:19.629+0000] {logging_mixin.py:190} INFO - [2025-06-20T21:36:19.629+0000] {dag.py:4180} INFO - Setting next_dagrun for example_sla_dag to 2025-06-20 21:34:00+00:00, run_after=2025-06-20 21:36:00+00:00
[2025-06-20T21:36:19.681+0000] {processor.py:208} INFO - Processing /home/airflow/.local/lib/python3.12/site-packages/airflow/example_dags/example_sla_dag.py took 0.135 seconds
[2025-06-20T21:36:50.715+0000] {processor.py:186} INFO - Started process (PID=1348) to work on /home/airflow/.local/lib/python3.12/site-packages/airflow/example_dags/example_sla_dag.py
[2025-06-20T21:36:50.716+0000] {processor.py:914} INFO - Processing file /home/airflow/.local/lib/python3.12/site-packages/airflow/example_dags/example_sla_dag.py for tasks to queue
[2025-06-20T21:36:50.718+0000] {logging_mixin.py:190} INFO - [2025-06-20T21:36:50.718+0000] {dagbag.py:588} INFO - Filling up the DagBag from /home/airflow/.local/lib/python3.12/site-packages/airflow/example_dags/example_sla_dag.py
[2025-06-20T21:36:50.728+0000] {processor.py:925} INFO - DAG(s) 'example_sla_dag' retrieved from /home/airflow/.local/lib/python3.12/site-packages/airflow/example_dags/example_sla_dag.py
[2025-06-20T21:36:50.748+0000] {logging_mixin.py:190} INFO - [2025-06-20T21:36:50.748+0000] {dag.py:3239} INFO - Sync 1 DAGs
[2025-06-20T21:36:50.773+0000] {logging_mixin.py:190} INFO - [2025-06-20T21:36:50.773+0000] {dag.py:4180} INFO - Setting next_dagrun for example_sla_dag to 2025-06-20 21:34:00+00:00, run_after=2025-06-20 21:36:00+00:00
[2025-06-20T21:36:50.812+0000] {processor.py:208} INFO - Processing /home/airflow/.local/lib/python3.12/site-packages/airflow/example_dags/example_sla_dag.py took 0.102 seconds
[2025-06-20T21:37:20.992+0000] {processor.py:186} INFO - Started process (PID=1412) to work on /home/airflow/.local/lib/python3.12/site-packages/airflow/example_dags/example_sla_dag.py
[2025-06-20T21:37:20.993+0000] {processor.py:914} INFO - Processing file /home/airflow/.local/lib/python3.12/site-packages/airflow/example_dags/example_sla_dag.py for tasks to queue
[2025-06-20T21:37:20.995+0000] {logging_mixin.py:190} INFO - [2025-06-20T21:37:20.995+0000] {dagbag.py:588} INFO - Filling up the DagBag from /home/airflow/.local/lib/python3.12/site-packages/airflow/example_dags/example_sla_dag.py
[2025-06-20T21:37:21.004+0000] {processor.py:925} INFO - DAG(s) 'example_sla_dag' retrieved from /home/airflow/.local/lib/python3.12/site-packages/airflow/example_dags/example_sla_dag.py
[2025-06-20T21:37:21.022+0000] {logging_mixin.py:190} INFO - [2025-06-20T21:37:21.022+0000] {dag.py:3239} INFO - Sync 1 DAGs
[2025-06-20T21:37:21.046+0000] {logging_mixin.py:190} INFO - [2025-06-20T21:37:21.046+0000] {dag.py:4180} INFO - Setting next_dagrun for example_sla_dag to 2025-06-20 21:34:00+00:00, run_after=2025-06-20 21:36:00+00:00
[2025-06-20T21:37:21.090+0000] {processor.py:208} INFO - Processing /home/airflow/.local/lib/python3.12/site-packages/airflow/example_dags/example_sla_dag.py took 0.103 seconds
[2025-06-20T21:37:51.345+0000] {processor.py:186} INFO - Started process (PID=1476) to work on /home/airflow/.local/lib/python3.12/site-packages/airflow/example_dags/example_sla_dag.py
[2025-06-20T21:37:51.346+0000] {processor.py:914} INFO - Processing file /home/airflow/.local/lib/python3.12/site-packages/airflow/example_dags/example_sla_dag.py for tasks to queue
[2025-06-20T21:37:51.349+0000] {logging_mixin.py:190} INFO - [2025-06-20T21:37:51.349+0000] {dagbag.py:588} INFO - Filling up the DagBag from /home/airflow/.local/lib/python3.12/site-packages/airflow/example_dags/example_sla_dag.py
[2025-06-20T21:37:51.361+0000] {processor.py:925} INFO - DAG(s) 'example_sla_dag' retrieved from /home/airflow/.local/lib/python3.12/site-packages/airflow/example_dags/example_sla_dag.py
[2025-06-20T21:37:51.385+0000] {logging_mixin.py:190} INFO - [2025-06-20T21:37:51.385+0000] {dag.py:3239} INFO - Sync 1 DAGs
[2025-06-20T21:37:51.414+0000] {logging_mixin.py:190} INFO - [2025-06-20T21:37:51.414+0000] {dag.py:4180} INFO - Setting next_dagrun for example_sla_dag to 2025-06-20 21:34:00+00:00, run_after=2025-06-20 21:36:00+00:00
[2025-06-20T21:37:51.452+0000] {processor.py:208} INFO - Processing /home/airflow/.local/lib/python3.12/site-packages/airflow/example_dags/example_sla_dag.py took 0.114 seconds
[2025-06-20T21:38:21.724+0000] {processor.py:186} INFO - Started process (PID=1540) to work on /home/airflow/.local/lib/python3.12/site-packages/airflow/example_dags/example_sla_dag.py
[2025-06-20T21:38:21.725+0000] {processor.py:914} INFO - Processing file /home/airflow/.local/lib/python3.12/site-packages/airflow/example_dags/example_sla_dag.py for tasks to queue
[2025-06-20T21:38:21.727+0000] {logging_mixin.py:190} INFO - [2025-06-20T21:38:21.727+0000] {dagbag.py:588} INFO - Filling up the DagBag from /home/airflow/.local/lib/python3.12/site-packages/airflow/example_dags/example_sla_dag.py
[2025-06-20T21:38:21.736+0000] {processor.py:925} INFO - DAG(s) 'example_sla_dag' retrieved from /home/airflow/.local/lib/python3.12/site-packages/airflow/example_dags/example_sla_dag.py
[2025-06-20T21:38:21.755+0000] {logging_mixin.py:190} INFO - [2025-06-20T21:38:21.755+0000] {dag.py:3239} INFO - Sync 1 DAGs
[2025-06-20T21:38:21.779+0000] {logging_mixin.py:190} INFO - [2025-06-20T21:38:21.778+0000] {dag.py:4180} INFO - Setting next_dagrun for example_sla_dag to 2025-06-20 21:36:00+00:00, run_after=2025-06-20 21:38:00+00:00
[2025-06-20T21:38:21.832+0000] {processor.py:208} INFO - Processing /home/airflow/.local/lib/python3.12/site-packages/airflow/example_dags/example_sla_dag.py took 0.113 seconds
[2025-06-20T21:38:52.498+0000] {processor.py:186} INFO - Started process (PID=1604) to work on /home/airflow/.local/lib/python3.12/site-packages/airflow/example_dags/example_sla_dag.py
[2025-06-20T21:38:52.499+0000] {processor.py:914} INFO - Processing file /home/airflow/.local/lib/python3.12/site-packages/airflow/example_dags/example_sla_dag.py for tasks to queue
[2025-06-20T21:38:52.502+0000] {logging_mixin.py:190} INFO - [2025-06-20T21:38:52.501+0000] {dagbag.py:588} INFO - Filling up the DagBag from /home/airflow/.local/lib/python3.12/site-packages/airflow/example_dags/example_sla_dag.py
[2025-06-20T21:38:52.511+0000] {processor.py:925} INFO - DAG(s) 'example_sla_dag' retrieved from /home/airflow/.local/lib/python3.12/site-packages/airflow/example_dags/example_sla_dag.py
[2025-06-20T21:38:52.530+0000] {logging_mixin.py:190} INFO - [2025-06-20T21:38:52.530+0000] {dag.py:3239} INFO - Sync 1 DAGs
[2025-06-20T21:38:52.554+0000] {logging_mixin.py:190} INFO - [2025-06-20T21:38:52.554+0000] {dag.py:4180} INFO - Setting next_dagrun for example_sla_dag to 2025-06-20 21:36:00+00:00, run_after=2025-06-20 21:38:00+00:00
[2025-06-20T21:38:52.620+0000] {processor.py:208} INFO - Processing /home/airflow/.local/lib/python3.12/site-packages/airflow/example_dags/example_sla_dag.py took 0.127 seconds
[2025-06-20T21:39:22.923+0000] {processor.py:186} INFO - Started process (PID=1668) to work on /home/airflow/.local/lib/python3.12/site-packages/airflow/example_dags/example_sla_dag.py
[2025-06-20T21:39:22.924+0000] {processor.py:914} INFO - Processing file /home/airflow/.local/lib/python3.12/site-packages/airflow/example_dags/example_sla_dag.py for tasks to queue
[2025-06-20T21:39:22.926+0000] {logging_mixin.py:190} INFO - [2025-06-20T21:39:22.926+0000] {dagbag.py:588} INFO - Filling up the DagBag from /home/airflow/.local/lib/python3.12/site-packages/airflow/example_dags/example_sla_dag.py
[2025-06-20T21:39:22.934+0000] {processor.py:925} INFO - DAG(s) 'example_sla_dag' retrieved from /home/airflow/.local/lib/python3.12/site-packages/airflow/example_dags/example_sla_dag.py
[2025-06-20T21:39:22.953+0000] {logging_mixin.py:190} INFO - [2025-06-20T21:39:22.953+0000] {dag.py:3239} INFO - Sync 1 DAGs
[2025-06-20T21:39:22.976+0000] {logging_mixin.py:190} INFO - [2025-06-20T21:39:22.976+0000] {dag.py:4180} INFO - Setting next_dagrun for example_sla_dag to 2025-06-20 21:36:00+00:00, run_after=2025-06-20 21:38:00+00:00
[2025-06-20T21:39:23.065+0000] {processor.py:208} INFO - Processing /home/airflow/.local/lib/python3.12/site-packages/airflow/example_dags/example_sla_dag.py took 0.147 seconds
[2025-06-20T21:39:53.719+0000] {processor.py:186} INFO - Started process (PID=1732) to work on /home/airflow/.local/lib/python3.12/site-packages/airflow/example_dags/example_sla_dag.py
[2025-06-20T21:39:53.720+0000] {processor.py:914} INFO - Processing file /home/airflow/.local/lib/python3.12/site-packages/airflow/example_dags/example_sla_dag.py for tasks to queue
[2025-06-20T21:39:53.723+0000] {logging_mixin.py:190} INFO - [2025-06-20T21:39:53.723+0000] {dagbag.py:588} INFO - Filling up the DagBag from /home/airflow/.local/lib/python3.12/site-packages/airflow/example_dags/example_sla_dag.py
[2025-06-20T21:39:53.735+0000] {processor.py:925} INFO - DAG(s) 'example_sla_dag' retrieved from /home/airflow/.local/lib/python3.12/site-packages/airflow/example_dags/example_sla_dag.py
[2025-06-20T21:39:53.757+0000] {logging_mixin.py:190} INFO - [2025-06-20T21:39:53.757+0000] {dag.py:3239} INFO - Sync 1 DAGs
[2025-06-20T21:39:53.785+0000] {logging_mixin.py:190} INFO - [2025-06-20T21:39:53.785+0000] {dag.py:4180} INFO - Setting next_dagrun for example_sla_dag to 2025-06-20 21:36:00+00:00, run_after=2025-06-20 21:38:00+00:00
[2025-06-20T21:39:53.847+0000] {processor.py:208} INFO - Processing /home/airflow/.local/lib/python3.12/site-packages/airflow/example_dags/example_sla_dag.py took 0.136 seconds
[2025-06-20T21:40:24.102+0000] {processor.py:186} INFO - Started process (PID=1796) to work on /home/airflow/.local/lib/python3.12/site-packages/airflow/example_dags/example_sla_dag.py
[2025-06-20T21:40:24.103+0000] {processor.py:914} INFO - Processing file /home/airflow/.local/lib/python3.12/site-packages/airflow/example_dags/example_sla_dag.py for tasks to queue
[2025-06-20T21:40:24.106+0000] {logging_mixin.py:190} INFO - [2025-06-20T21:40:24.106+0000] {dagbag.py:588} INFO - Filling up the DagBag from /home/airflow/.local/lib/python3.12/site-packages/airflow/example_dags/example_sla_dag.py
[2025-06-20T21:40:24.117+0000] {processor.py:925} INFO - DAG(s) 'example_sla_dag' retrieved from /home/airflow/.local/lib/python3.12/site-packages/airflow/example_dags/example_sla_dag.py
[2025-06-20T21:40:24.138+0000] {logging_mixin.py:190} INFO - [2025-06-20T21:40:24.138+0000] {dag.py:3239} INFO - Sync 1 DAGs
[2025-06-20T21:40:24.165+0000] {logging_mixin.py:190} INFO - [2025-06-20T21:40:24.165+0000] {dag.py:4180} INFO - Setting next_dagrun for example_sla_dag to 2025-06-20 21:38:00+00:00, run_after=2025-06-20 21:40:00+00:00
[2025-06-20T21:40:24.230+0000] {processor.py:208} INFO - Processing /home/airflow/.local/lib/python3.12/site-packages/airflow/example_dags/example_sla_dag.py took 0.134 seconds
[2025-06-20T21:40:54.401+0000] {processor.py:186} INFO - Started process (PID=1860) to work on /home/airflow/.local/lib/python3.12/site-packages/airflow/example_dags/example_sla_dag.py
[2025-06-20T21:40:54.402+0000] {processor.py:914} INFO - Processing file /home/airflow/.local/lib/python3.12/site-packages/airflow/example_dags/example_sla_dag.py for tasks to queue
[2025-06-20T21:40:54.404+0000] {logging_mixin.py:190} INFO - [2025-06-20T21:40:54.404+0000] {dagbag.py:588} INFO - Filling up the DagBag from /home/airflow/.local/lib/python3.12/site-packages/airflow/example_dags/example_sla_dag.py
[2025-06-20T21:40:54.413+0000] {processor.py:925} INFO - DAG(s) 'example_sla_dag' retrieved from /home/airflow/.local/lib/python3.12/site-packages/airflow/example_dags/example_sla_dag.py
[2025-06-20T21:40:54.432+0000] {logging_mixin.py:190} INFO - [2025-06-20T21:40:54.432+0000] {dag.py:3239} INFO - Sync 1 DAGs
[2025-06-20T21:40:54.456+0000] {logging_mixin.py:190} INFO - [2025-06-20T21:40:54.456+0000] {dag.py:4180} INFO - Setting next_dagrun for example_sla_dag to 2025-06-20 21:38:00+00:00, run_after=2025-06-20 21:40:00+00:00
[2025-06-20T21:40:54.547+0000] {processor.py:208} INFO - Processing /home/airflow/.local/lib/python3.12/site-packages/airflow/example_dags/example_sla_dag.py took 0.151 seconds
[2025-06-20T21:41:24.802+0000] {processor.py:186} INFO - Started process (PID=1924) to work on /home/airflow/.local/lib/python3.12/site-packages/airflow/example_dags/example_sla_dag.py
[2025-06-20T21:41:24.803+0000] {processor.py:914} INFO - Processing file /home/airflow/.local/lib/python3.12/site-packages/airflow/example_dags/example_sla_dag.py for tasks to queue
[2025-06-20T21:41:24.806+0000] {logging_mixin.py:190} INFO - [2025-06-20T21:41:24.806+0000] {dagbag.py:588} INFO - Filling up the DagBag from /home/airflow/.local/lib/python3.12/site-packages/airflow/example_dags/example_sla_dag.py
[2025-06-20T21:41:24.814+0000] {processor.py:925} INFO - DAG(s) 'example_sla_dag' retrieved from /home/airflow/.local/lib/python3.12/site-packages/airflow/example_dags/example_sla_dag.py
[2025-06-20T21:41:24.833+0000] {logging_mixin.py:190} INFO - [2025-06-20T21:41:24.833+0000] {dag.py:3239} INFO - Sync 1 DAGs
[2025-06-20T21:41:24.858+0000] {logging_mixin.py:190} INFO - [2025-06-20T21:41:24.857+0000] {dag.py:4180} INFO - Setting next_dagrun for example_sla_dag to 2025-06-20 21:38:00+00:00, run_after=2025-06-20 21:40:00+00:00
[2025-06-20T21:41:24.888+0000] {processor.py:208} INFO - Processing /home/airflow/.local/lib/python3.12/site-packages/airflow/example_dags/example_sla_dag.py took 0.091 seconds
[2025-06-20T21:41:55.027+0000] {processor.py:186} INFO - Started process (PID=1988) to work on /home/airflow/.local/lib/python3.12/site-packages/airflow/example_dags/example_sla_dag.py
[2025-06-20T21:41:55.029+0000] {processor.py:914} INFO - Processing file /home/airflow/.local/lib/python3.12/site-packages/airflow/example_dags/example_sla_dag.py for tasks to queue
[2025-06-20T21:41:55.032+0000] {logging_mixin.py:190} INFO - [2025-06-20T21:41:55.032+0000] {dagbag.py:588} INFO - Filling up the DagBag from /home/airflow/.local/lib/python3.12/site-packages/airflow/example_dags/example_sla_dag.py
[2025-06-20T21:41:55.040+0000] {processor.py:925} INFO - DAG(s) 'example_sla_dag' retrieved from /home/airflow/.local/lib/python3.12/site-packages/airflow/example_dags/example_sla_dag.py
[2025-06-20T21:41:55.059+0000] {logging_mixin.py:190} INFO - [2025-06-20T21:41:55.059+0000] {dag.py:3239} INFO - Sync 1 DAGs
[2025-06-20T21:41:55.083+0000] {logging_mixin.py:190} INFO - [2025-06-20T21:41:55.083+0000] {dag.py:4180} INFO - Setting next_dagrun for example_sla_dag to 2025-06-20 21:38:00+00:00, run_after=2025-06-20 21:40:00+00:00
[2025-06-20T21:41:55.126+0000] {processor.py:208} INFO - Processing /home/airflow/.local/lib/python3.12/site-packages/airflow/example_dags/example_sla_dag.py took 0.103 seconds
[2025-06-20T21:42:25.463+0000] {processor.py:186} INFO - Started process (PID=2058) to work on /home/airflow/.local/lib/python3.12/site-packages/airflow/example_dags/example_sla_dag.py
[2025-06-20T21:42:25.464+0000] {processor.py:914} INFO - Processing file /home/airflow/.local/lib/python3.12/site-packages/airflow/example_dags/example_sla_dag.py for tasks to queue
[2025-06-20T21:42:25.467+0000] {logging_mixin.py:190} INFO - [2025-06-20T21:42:25.466+0000] {dagbag.py:588} INFO - Filling up the DagBag from /home/airflow/.local/lib/python3.12/site-packages/airflow/example_dags/example_sla_dag.py
[2025-06-20T21:42:25.476+0000] {processor.py:925} INFO - DAG(s) 'example_sla_dag' retrieved from /home/airflow/.local/lib/python3.12/site-packages/airflow/example_dags/example_sla_dag.py
[2025-06-20T21:42:25.515+0000] {logging_mixin.py:190} INFO - [2025-06-20T21:42:25.514+0000] {dag.py:3239} INFO - Sync 1 DAGs
[2025-06-20T21:42:25.549+0000] {logging_mixin.py:190} INFO - [2025-06-20T21:42:25.549+0000] {dag.py:4180} INFO - Setting next_dagrun for example_sla_dag to 2025-06-20 21:40:00+00:00, run_after=2025-06-20 21:42:00+00:00
[2025-06-20T21:42:25.584+0000] {processor.py:208} INFO - Processing /home/airflow/.local/lib/python3.12/site-packages/airflow/example_dags/example_sla_dag.py took 0.126 seconds
[2025-06-20T21:42:55.788+0000] {processor.py:186} INFO - Started process (PID=2122) to work on /home/airflow/.local/lib/python3.12/site-packages/airflow/example_dags/example_sla_dag.py
[2025-06-20T21:42:55.790+0000] {processor.py:914} INFO - Processing file /home/airflow/.local/lib/python3.12/site-packages/airflow/example_dags/example_sla_dag.py for tasks to queue
[2025-06-20T21:42:55.792+0000] {logging_mixin.py:190} INFO - [2025-06-20T21:42:55.792+0000] {dagbag.py:588} INFO - Filling up the DagBag from /home/airflow/.local/lib/python3.12/site-packages/airflow/example_dags/example_sla_dag.py
[2025-06-20T21:42:55.800+0000] {processor.py:925} INFO - DAG(s) 'example_sla_dag' retrieved from /home/airflow/.local/lib/python3.12/site-packages/airflow/example_dags/example_sla_dag.py
[2025-06-20T21:42:55.819+0000] {logging_mixin.py:190} INFO - [2025-06-20T21:42:55.818+0000] {dag.py:3239} INFO - Sync 1 DAGs
[2025-06-20T21:42:55.843+0000] {logging_mixin.py:190} INFO - [2025-06-20T21:42:55.842+0000] {dag.py:4180} INFO - Setting next_dagrun for example_sla_dag to 2025-06-20 21:40:00+00:00, run_after=2025-06-20 21:42:00+00:00
[2025-06-20T21:42:55.867+0000] {processor.py:208} INFO - Processing /home/airflow/.local/lib/python3.12/site-packages/airflow/example_dags/example_sla_dag.py took 0.083 seconds
[2025-06-20T21:43:26.048+0000] {processor.py:186} INFO - Started process (PID=2186) to work on /home/airflow/.local/lib/python3.12/site-packages/airflow/example_dags/example_sla_dag.py
[2025-06-20T21:43:26.049+0000] {processor.py:914} INFO - Processing file /home/airflow/.local/lib/python3.12/site-packages/airflow/example_dags/example_sla_dag.py for tasks to queue
[2025-06-20T21:43:26.052+0000] {logging_mixin.py:190} INFO - [2025-06-20T21:43:26.052+0000] {dagbag.py:588} INFO - Filling up the DagBag from /home/airflow/.local/lib/python3.12/site-packages/airflow/example_dags/example_sla_dag.py
[2025-06-20T21:43:26.063+0000] {processor.py:925} INFO - DAG(s) 'example_sla_dag' retrieved from /home/airflow/.local/lib/python3.12/site-packages/airflow/example_dags/example_sla_dag.py
[2025-06-20T21:43:26.086+0000] {logging_mixin.py:190} INFO - [2025-06-20T21:43:26.085+0000] {dag.py:3239} INFO - Sync 1 DAGs
[2025-06-20T21:43:26.110+0000] {logging_mixin.py:190} INFO - [2025-06-20T21:43:26.109+0000] {dag.py:4180} INFO - Setting next_dagrun for example_sla_dag to 2025-06-20 21:40:00+00:00, run_after=2025-06-20 21:42:00+00:00
[2025-06-20T21:43:26.181+0000] {processor.py:208} INFO - Processing /home/airflow/.local/lib/python3.12/site-packages/airflow/example_dags/example_sla_dag.py took 0.139 seconds
[2025-06-20T21:43:56.396+0000] {processor.py:186} INFO - Started process (PID=2252) to work on /home/airflow/.local/lib/python3.12/site-packages/airflow/example_dags/example_sla_dag.py
[2025-06-20T21:43:56.397+0000] {processor.py:914} INFO - Processing file /home/airflow/.local/lib/python3.12/site-packages/airflow/example_dags/example_sla_dag.py for tasks to queue
[2025-06-20T21:43:56.400+0000] {logging_mixin.py:190} INFO - [2025-06-20T21:43:56.399+0000] {dagbag.py:588} INFO - Filling up the DagBag from /home/airflow/.local/lib/python3.12/site-packages/airflow/example_dags/example_sla_dag.py
[2025-06-20T21:43:56.409+0000] {processor.py:925} INFO - DAG(s) 'example_sla_dag' retrieved from /home/airflow/.local/lib/python3.12/site-packages/airflow/example_dags/example_sla_dag.py
[2025-06-20T21:43:56.430+0000] {logging_mixin.py:190} INFO - [2025-06-20T21:43:56.430+0000] {dag.py:3239} INFO - Sync 1 DAGs
[2025-06-20T21:43:56.461+0000] {logging_mixin.py:190} INFO - [2025-06-20T21:43:56.461+0000] {dag.py:4180} INFO - Setting next_dagrun for example_sla_dag to 2025-06-20 21:40:00+00:00, run_after=2025-06-20 21:42:00+00:00
[2025-06-20T21:43:56.504+0000] {processor.py:208} INFO - Processing /home/airflow/.local/lib/python3.12/site-packages/airflow/example_dags/example_sla_dag.py took 0.113 seconds
[2025-06-20T21:44:28.108+0000] {processor.py:186} INFO - Started process (PID=2315) to work on /home/airflow/.local/lib/python3.12/site-packages/airflow/example_dags/example_sla_dag.py
[2025-06-20T21:44:28.109+0000] {processor.py:914} INFO - Processing file /home/airflow/.local/lib/python3.12/site-packages/airflow/example_dags/example_sla_dag.py for tasks to queue
[2025-06-20T21:44:28.111+0000] {logging_mixin.py:190} INFO - [2025-06-20T21:44:28.111+0000] {dagbag.py:588} INFO - Filling up the DagBag from /home/airflow/.local/lib/python3.12/site-packages/airflow/example_dags/example_sla_dag.py
[2025-06-20T21:44:28.121+0000] {processor.py:925} INFO - DAG(s) 'example_sla_dag' retrieved from /home/airflow/.local/lib/python3.12/site-packages/airflow/example_dags/example_sla_dag.py
[2025-06-20T21:44:28.141+0000] {logging_mixin.py:190} INFO - [2025-06-20T21:44:28.141+0000] {dag.py:3239} INFO - Sync 1 DAGs
[2025-06-20T21:44:28.167+0000] {logging_mixin.py:190} INFO - [2025-06-20T21:44:28.167+0000] {dag.py:4180} INFO - Setting next_dagrun for example_sla_dag to 2025-06-20 21:42:00+00:00, run_after=2025-06-20 21:44:00+00:00
[2025-06-20T21:44:28.201+0000] {processor.py:208} INFO - Processing /home/airflow/.local/lib/python3.12/site-packages/airflow/example_dags/example_sla_dag.py took 0.099 seconds
[2025-06-20T21:44:58.464+0000] {processor.py:186} INFO - Started process (PID=2379) to work on /home/airflow/.local/lib/python3.12/site-packages/airflow/example_dags/example_sla_dag.py
[2025-06-20T21:44:58.465+0000] {processor.py:914} INFO - Processing file /home/airflow/.local/lib/python3.12/site-packages/airflow/example_dags/example_sla_dag.py for tasks to queue
[2025-06-20T21:44:58.468+0000] {logging_mixin.py:190} INFO - [2025-06-20T21:44:58.467+0000] {dagbag.py:588} INFO - Filling up the DagBag from /home/airflow/.local/lib/python3.12/site-packages/airflow/example_dags/example_sla_dag.py
[2025-06-20T21:44:58.477+0000] {processor.py:925} INFO - DAG(s) 'example_sla_dag' retrieved from /home/airflow/.local/lib/python3.12/site-packages/airflow/example_dags/example_sla_dag.py
[2025-06-20T21:44:58.495+0000] {logging_mixin.py:190} INFO - [2025-06-20T21:44:58.494+0000] {dag.py:3239} INFO - Sync 1 DAGs
[2025-06-20T21:44:58.519+0000] {logging_mixin.py:190} INFO - [2025-06-20T21:44:58.519+0000] {dag.py:4180} INFO - Setting next_dagrun for example_sla_dag to 2025-06-20 21:42:00+00:00, run_after=2025-06-20 21:44:00+00:00
[2025-06-20T21:44:58.556+0000] {processor.py:208} INFO - Processing /home/airflow/.local/lib/python3.12/site-packages/airflow/example_dags/example_sla_dag.py took 0.098 seconds
[2025-06-20T21:45:29.218+0000] {processor.py:186} INFO - Started process (PID=2443) to work on /home/airflow/.local/lib/python3.12/site-packages/airflow/example_dags/example_sla_dag.py
[2025-06-20T21:45:29.219+0000] {processor.py:914} INFO - Processing file /home/airflow/.local/lib/python3.12/site-packages/airflow/example_dags/example_sla_dag.py for tasks to queue
[2025-06-20T21:45:29.221+0000] {logging_mixin.py:190} INFO - [2025-06-20T21:45:29.221+0000] {dagbag.py:588} INFO - Filling up the DagBag from /home/airflow/.local/lib/python3.12/site-packages/airflow/example_dags/example_sla_dag.py
[2025-06-20T21:45:29.230+0000] {processor.py:925} INFO - DAG(s) 'example_sla_dag' retrieved from /home/airflow/.local/lib/python3.12/site-packages/airflow/example_dags/example_sla_dag.py
[2025-06-20T21:45:29.251+0000] {logging_mixin.py:190} INFO - [2025-06-20T21:45:29.251+0000] {dag.py:3239} INFO - Sync 1 DAGs
[2025-06-20T21:45:29.278+0000] {logging_mixin.py:190} INFO - [2025-06-20T21:45:29.278+0000] {dag.py:4180} INFO - Setting next_dagrun for example_sla_dag to 2025-06-20 21:42:00+00:00, run_after=2025-06-20 21:44:00+00:00
[2025-06-20T21:45:29.370+0000] {processor.py:208} INFO - Processing /home/airflow/.local/lib/python3.12/site-packages/airflow/example_dags/example_sla_dag.py took 0.157 seconds
[2025-06-20T21:45:59.500+0000] {processor.py:186} INFO - Started process (PID=2507) to work on /home/airflow/.local/lib/python3.12/site-packages/airflow/example_dags/example_sla_dag.py
[2025-06-20T21:45:59.501+0000] {processor.py:914} INFO - Processing file /home/airflow/.local/lib/python3.12/site-packages/airflow/example_dags/example_sla_dag.py for tasks to queue
[2025-06-20T21:45:59.504+0000] {logging_mixin.py:190} INFO - [2025-06-20T21:45:59.503+0000] {dagbag.py:588} INFO - Filling up the DagBag from /home/airflow/.local/lib/python3.12/site-packages/airflow/example_dags/example_sla_dag.py
[2025-06-20T21:45:59.514+0000] {processor.py:925} INFO - DAG(s) 'example_sla_dag' retrieved from /home/airflow/.local/lib/python3.12/site-packages/airflow/example_dags/example_sla_dag.py
[2025-06-20T21:45:59.542+0000] {logging_mixin.py:190} INFO - [2025-06-20T21:45:59.541+0000] {dag.py:3239} INFO - Sync 1 DAGs
[2025-06-20T21:45:59.577+0000] {logging_mixin.py:190} INFO - [2025-06-20T21:45:59.576+0000] {dag.py:4180} INFO - Setting next_dagrun for example_sla_dag to 2025-06-20 21:42:00+00:00, run_after=2025-06-20 21:44:00+00:00
[2025-06-20T21:45:59.749+0000] {processor.py:208} INFO - Processing /home/airflow/.local/lib/python3.12/site-packages/airflow/example_dags/example_sla_dag.py took 0.255 seconds
[2025-06-20T21:46:29.892+0000] {processor.py:186} INFO - Started process (PID=2571) to work on /home/airflow/.local/lib/python3.12/site-packages/airflow/example_dags/example_sla_dag.py
[2025-06-20T21:46:29.894+0000] {processor.py:914} INFO - Processing file /home/airflow/.local/lib/python3.12/site-packages/airflow/example_dags/example_sla_dag.py for tasks to queue
[2025-06-20T21:46:29.899+0000] {logging_mixin.py:190} INFO - [2025-06-20T21:46:29.898+0000] {dagbag.py:588} INFO - Filling up the DagBag from /home/airflow/.local/lib/python3.12/site-packages/airflow/example_dags/example_sla_dag.py
[2025-06-20T21:46:29.919+0000] {processor.py:925} INFO - DAG(s) 'example_sla_dag' retrieved from /home/airflow/.local/lib/python3.12/site-packages/airflow/example_dags/example_sla_dag.py
[2025-06-20T21:46:29.946+0000] {logging_mixin.py:190} INFO - [2025-06-20T21:46:29.945+0000] {dag.py:3239} INFO - Sync 1 DAGs
[2025-06-20T21:46:29.984+0000] {logging_mixin.py:190} INFO - [2025-06-20T21:46:29.983+0000] {dag.py:4180} INFO - Setting next_dagrun for example_sla_dag to 2025-06-20 21:44:00+00:00, run_after=2025-06-20 21:46:00+00:00
[2025-06-20T21:46:30.015+0000] {processor.py:208} INFO - Processing /home/airflow/.local/lib/python3.12/site-packages/airflow/example_dags/example_sla_dag.py took 0.128 seconds
[2025-06-20T21:47:00.343+0000] {processor.py:186} INFO - Started process (PID=2635) to work on /home/airflow/.local/lib/python3.12/site-packages/airflow/example_dags/example_sla_dag.py
[2025-06-20T21:47:00.344+0000] {processor.py:914} INFO - Processing file /home/airflow/.local/lib/python3.12/site-packages/airflow/example_dags/example_sla_dag.py for tasks to queue
[2025-06-20T21:47:00.346+0000] {logging_mixin.py:190} INFO - [2025-06-20T21:47:00.346+0000] {dagbag.py:588} INFO - Filling up the DagBag from /home/airflow/.local/lib/python3.12/site-packages/airflow/example_dags/example_sla_dag.py
[2025-06-20T21:47:00.355+0000] {processor.py:925} INFO - DAG(s) 'example_sla_dag' retrieved from /home/airflow/.local/lib/python3.12/site-packages/airflow/example_dags/example_sla_dag.py
[2025-06-20T21:47:00.377+0000] {logging_mixin.py:190} INFO - [2025-06-20T21:47:00.376+0000] {dag.py:3239} INFO - Sync 1 DAGs
[2025-06-20T21:47:00.402+0000] {logging_mixin.py:190} INFO - [2025-06-20T21:47:00.402+0000] {dag.py:4180} INFO - Setting next_dagrun for example_sla_dag to 2025-06-20 21:44:00+00:00, run_after=2025-06-20 21:46:00+00:00
[2025-06-20T21:47:00.450+0000] {processor.py:208} INFO - Processing /home/airflow/.local/lib/python3.12/site-packages/airflow/example_dags/example_sla_dag.py took 0.112 seconds
[2025-06-20T21:47:30.704+0000] {processor.py:186} INFO - Started process (PID=2699) to work on /home/airflow/.local/lib/python3.12/site-packages/airflow/example_dags/example_sla_dag.py
[2025-06-20T21:47:30.705+0000] {processor.py:914} INFO - Processing file /home/airflow/.local/lib/python3.12/site-packages/airflow/example_dags/example_sla_dag.py for tasks to queue
[2025-06-20T21:47:30.708+0000] {logging_mixin.py:190} INFO - [2025-06-20T21:47:30.707+0000] {dagbag.py:588} INFO - Filling up the DagBag from /home/airflow/.local/lib/python3.12/site-packages/airflow/example_dags/example_sla_dag.py
[2025-06-20T21:47:30.718+0000] {processor.py:925} INFO - DAG(s) 'example_sla_dag' retrieved from /home/airflow/.local/lib/python3.12/site-packages/airflow/example_dags/example_sla_dag.py
[2025-06-20T21:47:30.739+0000] {logging_mixin.py:190} INFO - [2025-06-20T21:47:30.739+0000] {dag.py:3239} INFO - Sync 1 DAGs
[2025-06-20T21:47:30.768+0000] {logging_mixin.py:190} INFO - [2025-06-20T21:47:30.768+0000] {dag.py:4180} INFO - Setting next_dagrun for example_sla_dag to 2025-06-20 21:44:00+00:00, run_after=2025-06-20 21:46:00+00:00
[2025-06-20T21:47:30.796+0000] {processor.py:208} INFO - Processing /home/airflow/.local/lib/python3.12/site-packages/airflow/example_dags/example_sla_dag.py took 0.097 seconds
[2025-06-20T21:48:00.980+0000] {processor.py:186} INFO - Started process (PID=2762) to work on /home/airflow/.local/lib/python3.12/site-packages/airflow/example_dags/example_sla_dag.py
[2025-06-20T21:48:00.981+0000] {processor.py:914} INFO - Processing file /home/airflow/.local/lib/python3.12/site-packages/airflow/example_dags/example_sla_dag.py for tasks to queue
[2025-06-20T21:48:00.983+0000] {logging_mixin.py:190} INFO - [2025-06-20T21:48:00.983+0000] {dagbag.py:588} INFO - Filling up the DagBag from /home/airflow/.local/lib/python3.12/site-packages/airflow/example_dags/example_sla_dag.py
[2025-06-20T21:48:00.993+0000] {processor.py:925} INFO - DAG(s) 'example_sla_dag' retrieved from /home/airflow/.local/lib/python3.12/site-packages/airflow/example_dags/example_sla_dag.py
[2025-06-20T21:48:01.014+0000] {logging_mixin.py:190} INFO - [2025-06-20T21:48:01.014+0000] {dag.py:3239} INFO - Sync 1 DAGs
[2025-06-20T21:48:01.040+0000] {logging_mixin.py:190} INFO - [2025-06-20T21:48:01.040+0000] {dag.py:4180} INFO - Setting next_dagrun for example_sla_dag to 2025-06-20 21:46:00+00:00, run_after=2025-06-20 21:48:00+00:00
[2025-06-20T21:48:01.131+0000] {processor.py:208} INFO - Processing /home/airflow/.local/lib/python3.12/site-packages/airflow/example_dags/example_sla_dag.py took 0.157 seconds
[2025-06-20T21:48:32.075+0000] {processor.py:186} INFO - Started process (PID=2826) to work on /home/airflow/.local/lib/python3.12/site-packages/airflow/example_dags/example_sla_dag.py
[2025-06-20T21:48:32.077+0000] {processor.py:914} INFO - Processing file /home/airflow/.local/lib/python3.12/site-packages/airflow/example_dags/example_sla_dag.py for tasks to queue
[2025-06-20T21:48:32.080+0000] {logging_mixin.py:190} INFO - [2025-06-20T21:48:32.079+0000] {dagbag.py:588} INFO - Filling up the DagBag from /home/airflow/.local/lib/python3.12/site-packages/airflow/example_dags/example_sla_dag.py
[2025-06-20T21:48:32.088+0000] {processor.py:925} INFO - DAG(s) 'example_sla_dag' retrieved from /home/airflow/.local/lib/python3.12/site-packages/airflow/example_dags/example_sla_dag.py
[2025-06-20T21:48:32.106+0000] {logging_mixin.py:190} INFO - [2025-06-20T21:48:32.106+0000] {dag.py:3239} INFO - Sync 1 DAGs
[2025-06-20T21:48:32.130+0000] {logging_mixin.py:190} INFO - [2025-06-20T21:48:32.129+0000] {dag.py:4180} INFO - Setting next_dagrun for example_sla_dag to 2025-06-20 21:46:00+00:00, run_after=2025-06-20 21:48:00+00:00
[2025-06-20T21:48:32.176+0000] {processor.py:208} INFO - Processing /home/airflow/.local/lib/python3.12/site-packages/airflow/example_dags/example_sla_dag.py took 0.105 seconds
[2025-06-20T21:49:02.597+0000] {processor.py:186} INFO - Started process (PID=2890) to work on /home/airflow/.local/lib/python3.12/site-packages/airflow/example_dags/example_sla_dag.py
[2025-06-20T21:49:02.598+0000] {processor.py:914} INFO - Processing file /home/airflow/.local/lib/python3.12/site-packages/airflow/example_dags/example_sla_dag.py for tasks to queue
[2025-06-20T21:49:02.600+0000] {logging_mixin.py:190} INFO - [2025-06-20T21:49:02.600+0000] {dagbag.py:588} INFO - Filling up the DagBag from /home/airflow/.local/lib/python3.12/site-packages/airflow/example_dags/example_sla_dag.py
[2025-06-20T21:49:02.609+0000] {processor.py:925} INFO - DAG(s) 'example_sla_dag' retrieved from /home/airflow/.local/lib/python3.12/site-packages/airflow/example_dags/example_sla_dag.py
[2025-06-20T21:49:02.627+0000] {logging_mixin.py:190} INFO - [2025-06-20T21:49:02.627+0000] {dag.py:3239} INFO - Sync 1 DAGs
[2025-06-20T21:49:02.653+0000] {logging_mixin.py:190} INFO - [2025-06-20T21:49:02.653+0000] {dag.py:4180} INFO - Setting next_dagrun for example_sla_dag to 2025-06-20 21:46:00+00:00, run_after=2025-06-20 21:48:00+00:00
[2025-06-20T21:49:02.722+0000] {processor.py:208} INFO - Processing /home/airflow/.local/lib/python3.12/site-packages/airflow/example_dags/example_sla_dag.py took 0.130 seconds
[2025-06-20T21:49:33.395+0000] {processor.py:186} INFO - Started process (PID=2954) to work on /home/airflow/.local/lib/python3.12/site-packages/airflow/example_dags/example_sla_dag.py
[2025-06-20T21:49:33.397+0000] {processor.py:914} INFO - Processing file /home/airflow/.local/lib/python3.12/site-packages/airflow/example_dags/example_sla_dag.py for tasks to queue
[2025-06-20T21:49:33.400+0000] {logging_mixin.py:190} INFO - [2025-06-20T21:49:33.399+0000] {dagbag.py:588} INFO - Filling up the DagBag from /home/airflow/.local/lib/python3.12/site-packages/airflow/example_dags/example_sla_dag.py
[2025-06-20T21:49:33.408+0000] {processor.py:925} INFO - DAG(s) 'example_sla_dag' retrieved from /home/airflow/.local/lib/python3.12/site-packages/airflow/example_dags/example_sla_dag.py
[2025-06-20T21:49:33.426+0000] {logging_mixin.py:190} INFO - [2025-06-20T21:49:33.426+0000] {dag.py:3239} INFO - Sync 1 DAGs
[2025-06-20T21:49:33.451+0000] {logging_mixin.py:190} INFO - [2025-06-20T21:49:33.451+0000] {dag.py:4180} INFO - Setting next_dagrun for example_sla_dag to 2025-06-20 21:46:00+00:00, run_after=2025-06-20 21:48:00+00:00
[2025-06-20T21:49:33.491+0000] {processor.py:208} INFO - Processing /home/airflow/.local/lib/python3.12/site-packages/airflow/example_dags/example_sla_dag.py took 0.101 seconds
[2025-06-20T21:50:04.291+0000] {processor.py:186} INFO - Started process (PID=3018) to work on /home/airflow/.local/lib/python3.12/site-packages/airflow/example_dags/example_sla_dag.py
[2025-06-20T21:50:04.292+0000] {processor.py:914} INFO - Processing file /home/airflow/.local/lib/python3.12/site-packages/airflow/example_dags/example_sla_dag.py for tasks to queue
[2025-06-20T21:50:04.294+0000] {logging_mixin.py:190} INFO - [2025-06-20T21:50:04.294+0000] {dagbag.py:588} INFO - Filling up the DagBag from /home/airflow/.local/lib/python3.12/site-packages/airflow/example_dags/example_sla_dag.py
[2025-06-20T21:50:04.308+0000] {processor.py:925} INFO - DAG(s) 'example_sla_dag' retrieved from /home/airflow/.local/lib/python3.12/site-packages/airflow/example_dags/example_sla_dag.py
[2025-06-20T21:50:04.327+0000] {logging_mixin.py:190} INFO - [2025-06-20T21:50:04.327+0000] {dag.py:3239} INFO - Sync 1 DAGs
[2025-06-20T21:50:04.351+0000] {logging_mixin.py:190} INFO - [2025-06-20T21:50:04.351+0000] {dag.py:4180} INFO - Setting next_dagrun for example_sla_dag to 2025-06-20 21:48:00+00:00, run_after=2025-06-20 21:50:00+00:00
[2025-06-20T21:50:04.482+0000] {processor.py:208} INFO - Processing /home/airflow/.local/lib/python3.12/site-packages/airflow/example_dags/example_sla_dag.py took 0.197 seconds
[2025-06-20T21:50:35.697+0000] {processor.py:186} INFO - Started process (PID=3082) to work on /home/airflow/.local/lib/python3.12/site-packages/airflow/example_dags/example_sla_dag.py
[2025-06-20T21:50:35.698+0000] {processor.py:914} INFO - Processing file /home/airflow/.local/lib/python3.12/site-packages/airflow/example_dags/example_sla_dag.py for tasks to queue
[2025-06-20T21:50:35.701+0000] {logging_mixin.py:190} INFO - [2025-06-20T21:50:35.700+0000] {dagbag.py:588} INFO - Filling up the DagBag from /home/airflow/.local/lib/python3.12/site-packages/airflow/example_dags/example_sla_dag.py
[2025-06-20T21:50:35.711+0000] {processor.py:925} INFO - DAG(s) 'example_sla_dag' retrieved from /home/airflow/.local/lib/python3.12/site-packages/airflow/example_dags/example_sla_dag.py
[2025-06-20T21:50:35.729+0000] {logging_mixin.py:190} INFO - [2025-06-20T21:50:35.729+0000] {dag.py:3239} INFO - Sync 1 DAGs
[2025-06-20T21:50:35.755+0000] {logging_mixin.py:190} INFO - [2025-06-20T21:50:35.755+0000] {dag.py:4180} INFO - Setting next_dagrun for example_sla_dag to 2025-06-20 21:48:00+00:00, run_after=2025-06-20 21:50:00+00:00
[2025-06-20T21:50:35.778+0000] {processor.py:208} INFO - Processing /home/airflow/.local/lib/python3.12/site-packages/airflow/example_dags/example_sla_dag.py took 0.086 seconds
[2025-06-20T21:51:06.406+0000] {processor.py:186} INFO - Started process (PID=3118) to work on /home/airflow/.local/lib/python3.12/site-packages/airflow/example_dags/example_sla_dag.py
[2025-06-20T21:51:06.407+0000] {processor.py:914} INFO - Processing file /home/airflow/.local/lib/python3.12/site-packages/airflow/example_dags/example_sla_dag.py for tasks to queue
[2025-06-20T21:51:06.410+0000] {logging_mixin.py:190} INFO - [2025-06-20T21:51:06.409+0000] {dagbag.py:588} INFO - Filling up the DagBag from /home/airflow/.local/lib/python3.12/site-packages/airflow/example_dags/example_sla_dag.py
[2025-06-20T21:51:06.419+0000] {processor.py:925} INFO - DAG(s) 'example_sla_dag' retrieved from /home/airflow/.local/lib/python3.12/site-packages/airflow/example_dags/example_sla_dag.py
[2025-06-20T21:51:06.439+0000] {logging_mixin.py:190} INFO - [2025-06-20T21:51:06.439+0000] {dag.py:3239} INFO - Sync 1 DAGs
[2025-06-20T21:51:06.465+0000] {logging_mixin.py:190} INFO - [2025-06-20T21:51:06.465+0000] {dag.py:4180} INFO - Setting next_dagrun for example_sla_dag to 2025-06-20 21:48:00+00:00, run_after=2025-06-20 21:50:00+00:00
[2025-06-20T21:51:06.576+0000] {processor.py:208} INFO - Processing /home/airflow/.local/lib/python3.12/site-packages/airflow/example_dags/example_sla_dag.py took 0.175 seconds
[2025-06-20T21:51:36.815+0000] {processor.py:186} INFO - Started process (PID=3182) to work on /home/airflow/.local/lib/python3.12/site-packages/airflow/example_dags/example_sla_dag.py
[2025-06-20T21:51:36.816+0000] {processor.py:914} INFO - Processing file /home/airflow/.local/lib/python3.12/site-packages/airflow/example_dags/example_sla_dag.py for tasks to queue
[2025-06-20T21:51:36.818+0000] {logging_mixin.py:190} INFO - [2025-06-20T21:51:36.818+0000] {dagbag.py:588} INFO - Filling up the DagBag from /home/airflow/.local/lib/python3.12/site-packages/airflow/example_dags/example_sla_dag.py
[2025-06-20T21:51:36.827+0000] {processor.py:925} INFO - DAG(s) 'example_sla_dag' retrieved from /home/airflow/.local/lib/python3.12/site-packages/airflow/example_dags/example_sla_dag.py
[2025-06-20T21:51:36.846+0000] {logging_mixin.py:190} INFO - [2025-06-20T21:51:36.845+0000] {dag.py:3239} INFO - Sync 1 DAGs
[2025-06-20T21:51:37.006+0000] {logging_mixin.py:190} INFO - [2025-06-20T21:51:37.006+0000] {dag.py:4180} INFO - Setting next_dagrun for example_sla_dag to 2025-06-20 21:48:00+00:00, run_after=2025-06-20 21:50:00+00:00
[2025-06-20T21:51:37.041+0000] {processor.py:208} INFO - Processing /home/airflow/.local/lib/python3.12/site-packages/airflow/example_dags/example_sla_dag.py took 0.231 seconds
[2025-06-20T21:52:07.126+0000] {processor.py:186} INFO - Started process (PID=3235) to work on /home/airflow/.local/lib/python3.12/site-packages/airflow/example_dags/example_sla_dag.py
[2025-06-20T21:52:07.128+0000] {processor.py:914} INFO - Processing file /home/airflow/.local/lib/python3.12/site-packages/airflow/example_dags/example_sla_dag.py for tasks to queue
[2025-06-20T21:52:07.130+0000] {logging_mixin.py:190} INFO - [2025-06-20T21:52:07.130+0000] {dagbag.py:588} INFO - Filling up the DagBag from /home/airflow/.local/lib/python3.12/site-packages/airflow/example_dags/example_sla_dag.py
[2025-06-20T21:52:07.140+0000] {processor.py:925} INFO - DAG(s) 'example_sla_dag' retrieved from /home/airflow/.local/lib/python3.12/site-packages/airflow/example_dags/example_sla_dag.py
[2025-06-20T21:52:07.158+0000] {logging_mixin.py:190} INFO - [2025-06-20T21:52:07.158+0000] {dag.py:3239} INFO - Sync 1 DAGs
[2025-06-20T21:52:07.184+0000] {logging_mixin.py:190} INFO - [2025-06-20T21:52:07.183+0000] {dag.py:4180} INFO - Setting next_dagrun for example_sla_dag to 2025-06-20 21:50:00+00:00, run_after=2025-06-20 21:52:00+00:00
[2025-06-20T21:52:07.210+0000] {processor.py:208} INFO - Processing /home/airflow/.local/lib/python3.12/site-packages/airflow/example_dags/example_sla_dag.py took 0.089 seconds
[2025-06-20T21:52:37.544+0000] {processor.py:186} INFO - Started process (PID=3295) to work on /home/airflow/.local/lib/python3.12/site-packages/airflow/example_dags/example_sla_dag.py
[2025-06-20T21:52:37.545+0000] {processor.py:914} INFO - Processing file /home/airflow/.local/lib/python3.12/site-packages/airflow/example_dags/example_sla_dag.py for tasks to queue
[2025-06-20T21:52:37.548+0000] {logging_mixin.py:190} INFO - [2025-06-20T21:52:37.548+0000] {dagbag.py:588} INFO - Filling up the DagBag from /home/airflow/.local/lib/python3.12/site-packages/airflow/example_dags/example_sla_dag.py
[2025-06-20T21:52:37.558+0000] {processor.py:925} INFO - DAG(s) 'example_sla_dag' retrieved from /home/airflow/.local/lib/python3.12/site-packages/airflow/example_dags/example_sla_dag.py
[2025-06-20T21:52:37.578+0000] {logging_mixin.py:190} INFO - [2025-06-20T21:52:37.577+0000] {dag.py:3239} INFO - Sync 1 DAGs
[2025-06-20T21:52:37.602+0000] {logging_mixin.py:190} INFO - [2025-06-20T21:52:37.602+0000] {dag.py:4180} INFO - Setting next_dagrun for example_sla_dag to 2025-06-20 21:50:00+00:00, run_after=2025-06-20 21:52:00+00:00
[2025-06-20T21:52:37.635+0000] {processor.py:208} INFO - Processing /home/airflow/.local/lib/python3.12/site-packages/airflow/example_dags/example_sla_dag.py took 0.096 seconds
[2025-06-20T21:53:08.543+0000] {processor.py:186} INFO - Started process (PID=3356) to work on /home/airflow/.local/lib/python3.12/site-packages/airflow/example_dags/example_sla_dag.py
[2025-06-20T21:53:08.545+0000] {processor.py:914} INFO - Processing file /home/airflow/.local/lib/python3.12/site-packages/airflow/example_dags/example_sla_dag.py for tasks to queue
[2025-06-20T21:53:08.548+0000] {logging_mixin.py:190} INFO - [2025-06-20T21:53:08.547+0000] {dagbag.py:588} INFO - Filling up the DagBag from /home/airflow/.local/lib/python3.12/site-packages/airflow/example_dags/example_sla_dag.py
[2025-06-20T21:53:08.558+0000] {processor.py:925} INFO - DAG(s) 'example_sla_dag' retrieved from /home/airflow/.local/lib/python3.12/site-packages/airflow/example_dags/example_sla_dag.py
[2025-06-20T21:53:08.578+0000] {logging_mixin.py:190} INFO - [2025-06-20T21:53:08.578+0000] {dag.py:3239} INFO - Sync 1 DAGs
[2025-06-20T21:53:08.604+0000] {logging_mixin.py:190} INFO - [2025-06-20T21:53:08.604+0000] {dag.py:4180} INFO - Setting next_dagrun for example_sla_dag to 2025-06-20 21:50:00+00:00, run_after=2025-06-20 21:52:00+00:00
[2025-06-20T21:53:08.657+0000] {processor.py:208} INFO - Processing /home/airflow/.local/lib/python3.12/site-packages/airflow/example_dags/example_sla_dag.py took 0.119 seconds
[2025-06-20T21:53:39.764+0000] {processor.py:186} INFO - Started process (PID=3420) to work on /home/airflow/.local/lib/python3.12/site-packages/airflow/example_dags/example_sla_dag.py
[2025-06-20T21:53:39.766+0000] {processor.py:914} INFO - Processing file /home/airflow/.local/lib/python3.12/site-packages/airflow/example_dags/example_sla_dag.py for tasks to queue
[2025-06-20T21:53:39.769+0000] {logging_mixin.py:190} INFO - [2025-06-20T21:53:39.768+0000] {dagbag.py:588} INFO - Filling up the DagBag from /home/airflow/.local/lib/python3.12/site-packages/airflow/example_dags/example_sla_dag.py
[2025-06-20T21:53:39.779+0000] {processor.py:925} INFO - DAG(s) 'example_sla_dag' retrieved from /home/airflow/.local/lib/python3.12/site-packages/airflow/example_dags/example_sla_dag.py
[2025-06-20T21:53:39.799+0000] {logging_mixin.py:190} INFO - [2025-06-20T21:53:39.798+0000] {dag.py:3239} INFO - Sync 1 DAGs
[2025-06-20T21:53:39.826+0000] {logging_mixin.py:190} INFO - [2025-06-20T21:53:39.826+0000] {dag.py:4180} INFO - Setting next_dagrun for example_sla_dag to 2025-06-20 21:50:00+00:00, run_after=2025-06-20 21:52:00+00:00
[2025-06-20T21:53:39.857+0000] {processor.py:208} INFO - Processing /home/airflow/.local/lib/python3.12/site-packages/airflow/example_dags/example_sla_dag.py took 0.100 seconds
[2025-06-20T21:55:42.044+0000] {processor.py:186} INFO - Started process (PID=71) to work on /home/airflow/.local/lib/python3.12/site-packages/airflow/example_dags/example_sla_dag.py
[2025-06-20T21:55:42.046+0000] {processor.py:914} INFO - Processing file /home/airflow/.local/lib/python3.12/site-packages/airflow/example_dags/example_sla_dag.py for tasks to queue
[2025-06-20T21:55:42.048+0000] {logging_mixin.py:190} INFO - [2025-06-20T21:55:42.048+0000] {dagbag.py:588} INFO - Filling up the DagBag from /home/airflow/.local/lib/python3.12/site-packages/airflow/example_dags/example_sla_dag.py
[2025-06-20T21:55:42.063+0000] {processor.py:925} INFO - DAG(s) 'example_sla_dag' retrieved from /home/airflow/.local/lib/python3.12/site-packages/airflow/example_dags/example_sla_dag.py
[2025-06-20T21:55:42.339+0000] {logging_mixin.py:190} INFO - [2025-06-20T21:55:42.338+0000] {override.py:1911} INFO - Created Permission View: can delete on DAG:example_sla_dag
[2025-06-20T21:55:42.361+0000] {logging_mixin.py:190} INFO - [2025-06-20T21:55:42.360+0000] {override.py:1911} INFO - Created Permission View: can edit on DAG:example_sla_dag
[2025-06-20T21:55:42.393+0000] {logging_mixin.py:190} INFO - [2025-06-20T21:55:42.392+0000] {override.py:1911} INFO - Created Permission View: can read on DAG:example_sla_dag
[2025-06-20T21:55:42.436+0000] {logging_mixin.py:190} INFO - [2025-06-20T21:55:42.436+0000] {override.py:1911} INFO - Created Permission View: can delete on DAG Run:example_sla_dag
[2025-06-20T21:55:42.457+0000] {logging_mixin.py:190} INFO - [2025-06-20T21:55:42.457+0000] {override.py:1911} INFO - Created Permission View: menu access on DAG Run:example_sla_dag
[2025-06-20T21:55:42.479+0000] {logging_mixin.py:190} INFO - [2025-06-20T21:55:42.479+0000] {override.py:1911} INFO - Created Permission View: can create on DAG Run:example_sla_dag
[2025-06-20T21:55:42.500+0000] {logging_mixin.py:190} INFO - [2025-06-20T21:55:42.500+0000] {override.py:1911} INFO - Created Permission View: can read on DAG Run:example_sla_dag
[2025-06-20T21:55:42.501+0000] {logging_mixin.py:190} INFO - [2025-06-20T21:55:42.501+0000] {dag.py:3239} INFO - Sync 1 DAGs
[2025-06-20T21:55:42.516+0000] {logging_mixin.py:190} INFO - [2025-06-20T21:55:42.515+0000] {dag.py:3262} INFO - Creating ORM DAG for example_sla_dag
[2025-06-20T21:55:42.531+0000] {logging_mixin.py:190} INFO - [2025-06-20T21:55:42.531+0000] {dag.py:4180} INFO - Setting next_dagrun for example_sla_dag to 2025-06-20 21:52:00+00:00, run_after=2025-06-20 21:54:00+00:00
[2025-06-20T21:55:42.555+0000] {processor.py:208} INFO - Processing /home/airflow/.local/lib/python3.12/site-packages/airflow/example_dags/example_sla_dag.py took 0.518 seconds
[2025-06-20T21:56:12.889+0000] {processor.py:186} INFO - Started process (PID=135) to work on /home/airflow/.local/lib/python3.12/site-packages/airflow/example_dags/example_sla_dag.py
[2025-06-20T21:56:12.890+0000] {processor.py:914} INFO - Processing file /home/airflow/.local/lib/python3.12/site-packages/airflow/example_dags/example_sla_dag.py for tasks to queue
[2025-06-20T21:56:12.892+0000] {logging_mixin.py:190} INFO - [2025-06-20T21:56:12.892+0000] {dagbag.py:588} INFO - Filling up the DagBag from /home/airflow/.local/lib/python3.12/site-packages/airflow/example_dags/example_sla_dag.py
[2025-06-20T21:56:12.960+0000] {processor.py:925} INFO - DAG(s) 'example_sla_dag' retrieved from /home/airflow/.local/lib/python3.12/site-packages/airflow/example_dags/example_sla_dag.py
[2025-06-20T21:56:12.977+0000] {logging_mixin.py:190} INFO - [2025-06-20T21:56:12.977+0000] {dag.py:3239} INFO - Sync 1 DAGs
[2025-06-20T21:56:13.000+0000] {logging_mixin.py:190} INFO - [2025-06-20T21:56:13.000+0000] {dag.py:4180} INFO - Setting next_dagrun for example_sla_dag to 2025-06-20 21:54:00+00:00, run_after=2025-06-20 21:56:00+00:00
[2025-06-20T21:56:13.294+0000] {processor.py:208} INFO - Processing /home/airflow/.local/lib/python3.12/site-packages/airflow/example_dags/example_sla_dag.py took 0.412 seconds
[2025-06-20T21:56:44.238+0000] {processor.py:186} INFO - Started process (PID=199) to work on /home/airflow/.local/lib/python3.12/site-packages/airflow/example_dags/example_sla_dag.py
[2025-06-20T21:56:44.240+0000] {processor.py:914} INFO - Processing file /home/airflow/.local/lib/python3.12/site-packages/airflow/example_dags/example_sla_dag.py for tasks to queue
[2025-06-20T21:56:44.243+0000] {logging_mixin.py:190} INFO - [2025-06-20T21:56:44.242+0000] {dagbag.py:588} INFO - Filling up the DagBag from /home/airflow/.local/lib/python3.12/site-packages/airflow/example_dags/example_sla_dag.py
[2025-06-20T21:56:44.256+0000] {processor.py:925} INFO - DAG(s) 'example_sla_dag' retrieved from /home/airflow/.local/lib/python3.12/site-packages/airflow/example_dags/example_sla_dag.py
[2025-06-20T21:56:44.280+0000] {logging_mixin.py:190} INFO - [2025-06-20T21:56:44.280+0000] {dag.py:3239} INFO - Sync 1 DAGs
[2025-06-20T21:56:44.309+0000] {logging_mixin.py:190} INFO - [2025-06-20T21:56:44.309+0000] {dag.py:4180} INFO - Setting next_dagrun for example_sla_dag to 2025-06-20 21:54:00+00:00, run_after=2025-06-20 21:56:00+00:00
[2025-06-20T21:56:44.370+0000] {processor.py:208} INFO - Processing /home/airflow/.local/lib/python3.12/site-packages/airflow/example_dags/example_sla_dag.py took 0.139 seconds
[2025-06-20T21:57:14.749+0000] {processor.py:186} INFO - Started process (PID=263) to work on /home/airflow/.local/lib/python3.12/site-packages/airflow/example_dags/example_sla_dag.py
[2025-06-20T21:57:14.750+0000] {processor.py:914} INFO - Processing file /home/airflow/.local/lib/python3.12/site-packages/airflow/example_dags/example_sla_dag.py for tasks to queue
[2025-06-20T21:57:14.752+0000] {logging_mixin.py:190} INFO - [2025-06-20T21:57:14.752+0000] {dagbag.py:588} INFO - Filling up the DagBag from /home/airflow/.local/lib/python3.12/site-packages/airflow/example_dags/example_sla_dag.py
[2025-06-20T21:57:14.761+0000] {processor.py:925} INFO - DAG(s) 'example_sla_dag' retrieved from /home/airflow/.local/lib/python3.12/site-packages/airflow/example_dags/example_sla_dag.py
[2025-06-20T21:57:14.783+0000] {logging_mixin.py:190} INFO - [2025-06-20T21:57:14.782+0000] {dag.py:3239} INFO - Sync 1 DAGs
[2025-06-20T21:57:14.809+0000] {logging_mixin.py:190} INFO - [2025-06-20T21:57:14.809+0000] {dag.py:4180} INFO - Setting next_dagrun for example_sla_dag to 2025-06-20 21:54:00+00:00, run_after=2025-06-20 21:56:00+00:00
[2025-06-20T21:57:14.840+0000] {processor.py:208} INFO - Processing /home/airflow/.local/lib/python3.12/site-packages/airflow/example_dags/example_sla_dag.py took 0.096 seconds
[2025-06-20T21:57:44.908+0000] {processor.py:186} INFO - Started process (PID=327) to work on /home/airflow/.local/lib/python3.12/site-packages/airflow/example_dags/example_sla_dag.py
[2025-06-20T21:57:44.909+0000] {processor.py:914} INFO - Processing file /home/airflow/.local/lib/python3.12/site-packages/airflow/example_dags/example_sla_dag.py for tasks to queue
[2025-06-20T21:57:44.911+0000] {logging_mixin.py:190} INFO - [2025-06-20T21:57:44.911+0000] {dagbag.py:588} INFO - Filling up the DagBag from /home/airflow/.local/lib/python3.12/site-packages/airflow/example_dags/example_sla_dag.py
[2025-06-20T21:57:44.920+0000] {processor.py:925} INFO - DAG(s) 'example_sla_dag' retrieved from /home/airflow/.local/lib/python3.12/site-packages/airflow/example_dags/example_sla_dag.py
[2025-06-20T21:57:44.941+0000] {logging_mixin.py:190} INFO - [2025-06-20T21:57:44.941+0000] {dag.py:3239} INFO - Sync 1 DAGs
[2025-06-20T21:57:44.966+0000] {logging_mixin.py:190} INFO - [2025-06-20T21:57:44.966+0000] {dag.py:4180} INFO - Setting next_dagrun for example_sla_dag to 2025-06-20 21:54:00+00:00, run_after=2025-06-20 21:56:00+00:00
[2025-06-20T21:57:45.047+0000] {processor.py:208} INFO - Processing /home/airflow/.local/lib/python3.12/site-packages/airflow/example_dags/example_sla_dag.py took 0.145 seconds
[2025-06-20T21:58:15.650+0000] {processor.py:186} INFO - Started process (PID=398) to work on /home/airflow/.local/lib/python3.12/site-packages/airflow/example_dags/example_sla_dag.py
[2025-06-20T21:58:15.651+0000] {processor.py:914} INFO - Processing file /home/airflow/.local/lib/python3.12/site-packages/airflow/example_dags/example_sla_dag.py for tasks to queue
[2025-06-20T21:58:15.653+0000] {logging_mixin.py:190} INFO - [2025-06-20T21:58:15.653+0000] {dagbag.py:588} INFO - Filling up the DagBag from /home/airflow/.local/lib/python3.12/site-packages/airflow/example_dags/example_sla_dag.py
[2025-06-20T21:58:15.663+0000] {processor.py:925} INFO - DAG(s) 'example_sla_dag' retrieved from /home/airflow/.local/lib/python3.12/site-packages/airflow/example_dags/example_sla_dag.py
[2025-06-20T21:58:15.682+0000] {logging_mixin.py:190} INFO - [2025-06-20T21:58:15.682+0000] {dag.py:3239} INFO - Sync 1 DAGs
[2025-06-20T21:58:15.707+0000] {logging_mixin.py:190} INFO - [2025-06-20T21:58:15.707+0000] {dag.py:4180} INFO - Setting next_dagrun for example_sla_dag to 2025-06-20 21:56:00+00:00, run_after=2025-06-20 21:58:00+00:00
[2025-06-20T21:58:15.769+0000] {processor.py:208} INFO - Processing /home/airflow/.local/lib/python3.12/site-packages/airflow/example_dags/example_sla_dag.py took 0.124 seconds
[2025-06-20T21:58:45.900+0000] {processor.py:186} INFO - Started process (PID=463) to work on /home/airflow/.local/lib/python3.12/site-packages/airflow/example_dags/example_sla_dag.py
[2025-06-20T21:58:45.901+0000] {processor.py:914} INFO - Processing file /home/airflow/.local/lib/python3.12/site-packages/airflow/example_dags/example_sla_dag.py for tasks to queue
[2025-06-20T21:58:45.904+0000] {logging_mixin.py:190} INFO - [2025-06-20T21:58:45.903+0000] {dagbag.py:588} INFO - Filling up the DagBag from /home/airflow/.local/lib/python3.12/site-packages/airflow/example_dags/example_sla_dag.py
[2025-06-20T21:58:45.913+0000] {processor.py:925} INFO - DAG(s) 'example_sla_dag' retrieved from /home/airflow/.local/lib/python3.12/site-packages/airflow/example_dags/example_sla_dag.py
[2025-06-20T21:58:45.931+0000] {logging_mixin.py:190} INFO - [2025-06-20T21:58:45.931+0000] {dag.py:3239} INFO - Sync 1 DAGs
[2025-06-20T21:58:45.955+0000] {logging_mixin.py:190} INFO - [2025-06-20T21:58:45.955+0000] {dag.py:4180} INFO - Setting next_dagrun for example_sla_dag to 2025-06-20 21:56:00+00:00, run_after=2025-06-20 21:58:00+00:00
[2025-06-20T21:58:45.994+0000] {processor.py:208} INFO - Processing /home/airflow/.local/lib/python3.12/site-packages/airflow/example_dags/example_sla_dag.py took 0.099 seconds
[2025-06-20T21:59:16.580+0000] {processor.py:186} INFO - Started process (PID=527) to work on /home/airflow/.local/lib/python3.12/site-packages/airflow/example_dags/example_sla_dag.py
[2025-06-20T21:59:16.581+0000] {processor.py:914} INFO - Processing file /home/airflow/.local/lib/python3.12/site-packages/airflow/example_dags/example_sla_dag.py for tasks to queue
[2025-06-20T21:59:16.583+0000] {logging_mixin.py:190} INFO - [2025-06-20T21:59:16.583+0000] {dagbag.py:588} INFO - Filling up the DagBag from /home/airflow/.local/lib/python3.12/site-packages/airflow/example_dags/example_sla_dag.py
[2025-06-20T21:59:16.591+0000] {processor.py:925} INFO - DAG(s) 'example_sla_dag' retrieved from /home/airflow/.local/lib/python3.12/site-packages/airflow/example_dags/example_sla_dag.py
[2025-06-20T21:59:16.610+0000] {logging_mixin.py:190} INFO - [2025-06-20T21:59:16.610+0000] {dag.py:3239} INFO - Sync 1 DAGs
[2025-06-20T21:59:16.633+0000] {logging_mixin.py:190} INFO - [2025-06-20T21:59:16.633+0000] {dag.py:4180} INFO - Setting next_dagrun for example_sla_dag to 2025-06-20 21:56:00+00:00, run_after=2025-06-20 21:58:00+00:00
[2025-06-20T21:59:16.662+0000] {processor.py:208} INFO - Processing /home/airflow/.local/lib/python3.12/site-packages/airflow/example_dags/example_sla_dag.py took 0.087 seconds
[2025-06-20T21:59:46.942+0000] {processor.py:186} INFO - Started process (PID=591) to work on /home/airflow/.local/lib/python3.12/site-packages/airflow/example_dags/example_sla_dag.py
[2025-06-20T21:59:46.943+0000] {processor.py:914} INFO - Processing file /home/airflow/.local/lib/python3.12/site-packages/airflow/example_dags/example_sla_dag.py for tasks to queue
[2025-06-20T21:59:46.947+0000] {logging_mixin.py:190} INFO - [2025-06-20T21:59:46.946+0000] {dagbag.py:588} INFO - Filling up the DagBag from /home/airflow/.local/lib/python3.12/site-packages/airflow/example_dags/example_sla_dag.py
[2025-06-20T21:59:46.959+0000] {processor.py:925} INFO - DAG(s) 'example_sla_dag' retrieved from /home/airflow/.local/lib/python3.12/site-packages/airflow/example_dags/example_sla_dag.py
[2025-06-20T21:59:46.986+0000] {logging_mixin.py:190} INFO - [2025-06-20T21:59:46.986+0000] {dag.py:3239} INFO - Sync 1 DAGs
[2025-06-20T21:59:47.021+0000] {logging_mixin.py:190} INFO - [2025-06-20T21:59:47.021+0000] {dag.py:4180} INFO - Setting next_dagrun for example_sla_dag to 2025-06-20 21:56:00+00:00, run_after=2025-06-20 21:58:00+00:00
[2025-06-20T21:59:47.072+0000] {processor.py:208} INFO - Processing /home/airflow/.local/lib/python3.12/site-packages/airflow/example_dags/example_sla_dag.py took 0.137 seconds
[2025-06-20T22:00:17.481+0000] {processor.py:186} INFO - Started process (PID=655) to work on /home/airflow/.local/lib/python3.12/site-packages/airflow/example_dags/example_sla_dag.py
[2025-06-20T22:00:17.482+0000] {processor.py:914} INFO - Processing file /home/airflow/.local/lib/python3.12/site-packages/airflow/example_dags/example_sla_dag.py for tasks to queue
[2025-06-20T22:00:17.484+0000] {logging_mixin.py:190} INFO - [2025-06-20T22:00:17.484+0000] {dagbag.py:588} INFO - Filling up the DagBag from /home/airflow/.local/lib/python3.12/site-packages/airflow/example_dags/example_sla_dag.py
[2025-06-20T22:00:17.495+0000] {processor.py:925} INFO - DAG(s) 'example_sla_dag' retrieved from /home/airflow/.local/lib/python3.12/site-packages/airflow/example_dags/example_sla_dag.py
[2025-06-20T22:00:17.514+0000] {logging_mixin.py:190} INFO - [2025-06-20T22:00:17.513+0000] {dag.py:3239} INFO - Sync 1 DAGs
[2025-06-20T22:00:17.538+0000] {logging_mixin.py:190} INFO - [2025-06-20T22:00:17.538+0000] {dag.py:4180} INFO - Setting next_dagrun for example_sla_dag to 2025-06-20 21:58:00+00:00, run_after=2025-06-20 22:00:00+00:00
[2025-06-20T22:00:17.594+0000] {processor.py:208} INFO - Processing /home/airflow/.local/lib/python3.12/site-packages/airflow/example_dags/example_sla_dag.py took 0.118 seconds
[2025-06-20T22:00:47.669+0000] {processor.py:186} INFO - Started process (PID=719) to work on /home/airflow/.local/lib/python3.12/site-packages/airflow/example_dags/example_sla_dag.py
[2025-06-20T22:00:47.671+0000] {processor.py:914} INFO - Processing file /home/airflow/.local/lib/python3.12/site-packages/airflow/example_dags/example_sla_dag.py for tasks to queue
[2025-06-20T22:00:47.674+0000] {logging_mixin.py:190} INFO - [2025-06-20T22:00:47.674+0000] {dagbag.py:588} INFO - Filling up the DagBag from /home/airflow/.local/lib/python3.12/site-packages/airflow/example_dags/example_sla_dag.py
[2025-06-20T22:00:47.687+0000] {processor.py:925} INFO - DAG(s) 'example_sla_dag' retrieved from /home/airflow/.local/lib/python3.12/site-packages/airflow/example_dags/example_sla_dag.py
[2025-06-20T22:00:47.711+0000] {logging_mixin.py:190} INFO - [2025-06-20T22:00:47.711+0000] {dag.py:3239} INFO - Sync 1 DAGs
[2025-06-20T22:00:47.740+0000] {logging_mixin.py:190} INFO - [2025-06-20T22:00:47.740+0000] {dag.py:4180} INFO - Setting next_dagrun for example_sla_dag to 2025-06-20 21:58:00+00:00, run_after=2025-06-20 22:00:00+00:00
[2025-06-20T22:00:47.813+0000] {processor.py:208} INFO - Processing /home/airflow/.local/lib/python3.12/site-packages/airflow/example_dags/example_sla_dag.py took 0.150 seconds
[2025-06-20T22:01:18.095+0000] {processor.py:186} INFO - Started process (PID=783) to work on /home/airflow/.local/lib/python3.12/site-packages/airflow/example_dags/example_sla_dag.py
[2025-06-20T22:01:18.097+0000] {processor.py:914} INFO - Processing file /home/airflow/.local/lib/python3.12/site-packages/airflow/example_dags/example_sla_dag.py for tasks to queue
[2025-06-20T22:01:18.100+0000] {logging_mixin.py:190} INFO - [2025-06-20T22:01:18.099+0000] {dagbag.py:588} INFO - Filling up the DagBag from /home/airflow/.local/lib/python3.12/site-packages/airflow/example_dags/example_sla_dag.py
[2025-06-20T22:01:18.111+0000] {processor.py:925} INFO - DAG(s) 'example_sla_dag' retrieved from /home/airflow/.local/lib/python3.12/site-packages/airflow/example_dags/example_sla_dag.py
[2025-06-20T22:01:18.131+0000] {logging_mixin.py:190} INFO - [2025-06-20T22:01:18.130+0000] {dag.py:3239} INFO - Sync 1 DAGs
[2025-06-20T22:01:18.171+0000] {logging_mixin.py:190} INFO - [2025-06-20T22:01:18.170+0000] {dag.py:4180} INFO - Setting next_dagrun for example_sla_dag to 2025-06-20 21:58:00+00:00, run_after=2025-06-20 22:00:00+00:00
[2025-06-20T22:01:18.211+0000] {processor.py:208} INFO - Processing /home/airflow/.local/lib/python3.12/site-packages/airflow/example_dags/example_sla_dag.py took 0.122 seconds
[2025-06-20T22:01:48.558+0000] {processor.py:186} INFO - Started process (PID=847) to work on /home/airflow/.local/lib/python3.12/site-packages/airflow/example_dags/example_sla_dag.py
[2025-06-20T22:01:48.559+0000] {processor.py:914} INFO - Processing file /home/airflow/.local/lib/python3.12/site-packages/airflow/example_dags/example_sla_dag.py for tasks to queue
[2025-06-20T22:01:48.562+0000] {logging_mixin.py:190} INFO - [2025-06-20T22:01:48.562+0000] {dagbag.py:588} INFO - Filling up the DagBag from /home/airflow/.local/lib/python3.12/site-packages/airflow/example_dags/example_sla_dag.py
[2025-06-20T22:01:48.573+0000] {processor.py:925} INFO - DAG(s) 'example_sla_dag' retrieved from /home/airflow/.local/lib/python3.12/site-packages/airflow/example_dags/example_sla_dag.py
[2025-06-20T22:01:48.596+0000] {logging_mixin.py:190} INFO - [2025-06-20T22:01:48.596+0000] {dag.py:3239} INFO - Sync 1 DAGs
[2025-06-20T22:01:48.626+0000] {logging_mixin.py:190} INFO - [2025-06-20T22:01:48.625+0000] {dag.py:4180} INFO - Setting next_dagrun for example_sla_dag to 2025-06-20 21:58:00+00:00, run_after=2025-06-20 22:00:00+00:00
[2025-06-20T22:01:48.650+0000] {processor.py:208} INFO - Processing /home/airflow/.local/lib/python3.12/site-packages/airflow/example_dags/example_sla_dag.py took 0.098 seconds
[2025-06-20T22:02:19.253+0000] {processor.py:186} INFO - Started process (PID=911) to work on /home/airflow/.local/lib/python3.12/site-packages/airflow/example_dags/example_sla_dag.py
[2025-06-20T22:02:19.254+0000] {processor.py:914} INFO - Processing file /home/airflow/.local/lib/python3.12/site-packages/airflow/example_dags/example_sla_dag.py for tasks to queue
[2025-06-20T22:02:19.256+0000] {logging_mixin.py:190} INFO - [2025-06-20T22:02:19.255+0000] {dagbag.py:588} INFO - Filling up the DagBag from /home/airflow/.local/lib/python3.12/site-packages/airflow/example_dags/example_sla_dag.py
[2025-06-20T22:02:19.264+0000] {processor.py:925} INFO - DAG(s) 'example_sla_dag' retrieved from /home/airflow/.local/lib/python3.12/site-packages/airflow/example_dags/example_sla_dag.py
[2025-06-20T22:02:19.285+0000] {logging_mixin.py:190} INFO - [2025-06-20T22:02:19.284+0000] {dag.py:3239} INFO - Sync 1 DAGs
[2025-06-20T22:02:19.311+0000] {logging_mixin.py:190} INFO - [2025-06-20T22:02:19.310+0000] {dag.py:4180} INFO - Setting next_dagrun for example_sla_dag to 2025-06-20 22:00:00+00:00, run_after=2025-06-20 22:02:00+00:00
[2025-06-20T22:02:19.350+0000] {processor.py:208} INFO - Processing /home/airflow/.local/lib/python3.12/site-packages/airflow/example_dags/example_sla_dag.py took 0.103 seconds
[2025-06-20T22:02:49.399+0000] {processor.py:186} INFO - Started process (PID=974) to work on /home/airflow/.local/lib/python3.12/site-packages/airflow/example_dags/example_sla_dag.py
[2025-06-20T22:02:49.400+0000] {processor.py:914} INFO - Processing file /home/airflow/.local/lib/python3.12/site-packages/airflow/example_dags/example_sla_dag.py for tasks to queue
[2025-06-20T22:02:49.403+0000] {logging_mixin.py:190} INFO - [2025-06-20T22:02:49.403+0000] {dagbag.py:588} INFO - Filling up the DagBag from /home/airflow/.local/lib/python3.12/site-packages/airflow/example_dags/example_sla_dag.py
[2025-06-20T22:02:49.412+0000] {processor.py:925} INFO - DAG(s) 'example_sla_dag' retrieved from /home/airflow/.local/lib/python3.12/site-packages/airflow/example_dags/example_sla_dag.py
[2025-06-20T22:02:49.432+0000] {logging_mixin.py:190} INFO - [2025-06-20T22:02:49.431+0000] {dag.py:3239} INFO - Sync 1 DAGs
[2025-06-20T22:02:49.458+0000] {logging_mixin.py:190} INFO - [2025-06-20T22:02:49.458+0000] {dag.py:4180} INFO - Setting next_dagrun for example_sla_dag to 2025-06-20 22:00:00+00:00, run_after=2025-06-20 22:02:00+00:00
[2025-06-20T22:02:49.518+0000] {processor.py:208} INFO - Processing /home/airflow/.local/lib/python3.12/site-packages/airflow/example_dags/example_sla_dag.py took 0.125 seconds
[2025-06-20T22:03:20.026+0000] {processor.py:186} INFO - Started process (PID=1039) to work on /home/airflow/.local/lib/python3.12/site-packages/airflow/example_dags/example_sla_dag.py
[2025-06-20T22:03:20.027+0000] {processor.py:914} INFO - Processing file /home/airflow/.local/lib/python3.12/site-packages/airflow/example_dags/example_sla_dag.py for tasks to queue
[2025-06-20T22:03:20.031+0000] {logging_mixin.py:190} INFO - [2025-06-20T22:03:20.030+0000] {dagbag.py:588} INFO - Filling up the DagBag from /home/airflow/.local/lib/python3.12/site-packages/airflow/example_dags/example_sla_dag.py
[2025-06-20T22:03:20.043+0000] {processor.py:925} INFO - DAG(s) 'example_sla_dag' retrieved from /home/airflow/.local/lib/python3.12/site-packages/airflow/example_dags/example_sla_dag.py
[2025-06-20T22:03:20.069+0000] {logging_mixin.py:190} INFO - [2025-06-20T22:03:20.069+0000] {dag.py:3239} INFO - Sync 1 DAGs
[2025-06-20T22:03:20.099+0000] {logging_mixin.py:190} INFO - [2025-06-20T22:03:20.099+0000] {dag.py:4180} INFO - Setting next_dagrun for example_sla_dag to 2025-06-20 22:00:00+00:00, run_after=2025-06-20 22:02:00+00:00
[2025-06-20T22:03:20.147+0000] {processor.py:208} INFO - Processing /home/airflow/.local/lib/python3.12/site-packages/airflow/example_dags/example_sla_dag.py took 0.128 seconds
