[2025-06-20T21:25:49.402+0000] {processor.py:186} INFO - Started process (PID=81) to work on /home/airflow/.local/lib/python3.12/site-packages/airflow/example_dags/example_bash_decorator.py
[2025-06-20T21:25:49.404+0000] {processor.py:914} INFO - Processing file /home/airflow/.local/lib/python3.12/site-packages/airflow/example_dags/example_bash_decorator.py for tasks to queue
[2025-06-20T21:25:49.479+0000] {logging_mixin.py:190} INFO - [2025-06-20T21:25:49.478+0000] {dagbag.py:588} INFO - Filling up the DagBag from /home/airflow/.local/lib/python3.12/site-packages/airflow/example_dags/example_bash_decorator.py
[2025-06-20T21:25:49.780+0000] {processor.py:925} INFO - DAG(s) 'example_bash_decorator' retrieved from /home/airflow/.local/lib/python3.12/site-packages/airflow/example_dags/example_bash_decorator.py
[2025-06-20T21:25:50.431+0000] {logging_mixin.py:190} INFO - [2025-06-20T21:25:50.430+0000] {override.py:1911} INFO - Created Permission View: can delete on DAG:example_bash_decorator
[2025-06-20T21:25:50.462+0000] {logging_mixin.py:190} INFO - [2025-06-20T21:25:50.461+0000] {override.py:1911} INFO - Created Permission View: can read on DAG:example_bash_decorator
[2025-06-20T21:25:50.494+0000] {logging_mixin.py:190} INFO - [2025-06-20T21:25:50.493+0000] {override.py:1911} INFO - Created Permission View: can edit on DAG:example_bash_decorator
[2025-06-20T21:25:50.526+0000] {logging_mixin.py:190} INFO - [2025-06-20T21:25:50.525+0000] {override.py:1911} INFO - Created Permission View: can delete on DAG Run:example_bash_decorator
[2025-06-20T21:25:50.557+0000] {logging_mixin.py:190} INFO - [2025-06-20T21:25:50.557+0000] {override.py:1911} INFO - Created Permission View: can create on DAG Run:example_bash_decorator
[2025-06-20T21:25:50.589+0000] {logging_mixin.py:190} INFO - [2025-06-20T21:25:50.589+0000] {override.py:1911} INFO - Created Permission View: can read on DAG Run:example_bash_decorator
[2025-06-20T21:25:50.632+0000] {logging_mixin.py:190} INFO - [2025-06-20T21:25:50.631+0000] {override.py:1911} INFO - Created Permission View: menu access on DAG Run:example_bash_decorator
[2025-06-20T21:25:50.633+0000] {logging_mixin.py:190} INFO - [2025-06-20T21:25:50.633+0000] {dag.py:3239} INFO - Sync 1 DAGs
[2025-06-20T21:25:50.710+0000] {logging_mixin.py:190} INFO - [2025-06-20T21:25:50.710+0000] {dag.py:3262} INFO - Creating ORM DAG for example_bash_decorator
[2025-06-20T21:25:50.712+0000] {logging_mixin.py:190} INFO - [2025-06-20T21:25:50.711+0000] {dag.py:4180} INFO - Setting next_dagrun for example_bash_decorator to None, run_after=None
[2025-06-20T21:25:50.769+0000] {processor.py:208} INFO - Processing /home/airflow/.local/lib/python3.12/site-packages/airflow/example_dags/example_bash_decorator.py took 1.383 seconds
[2025-06-20T21:26:55.816+0000] {processor.py:186} INFO - Started process (PID=151) to work on /home/airflow/.local/lib/python3.12/site-packages/airflow/example_dags/example_bash_decorator.py
[2025-06-20T21:26:55.817+0000] {processor.py:914} INFO - Processing file /home/airflow/.local/lib/python3.12/site-packages/airflow/example_dags/example_bash_decorator.py for tasks to queue
[2025-06-20T21:26:55.820+0000] {logging_mixin.py:190} INFO - [2025-06-20T21:26:55.820+0000] {dagbag.py:588} INFO - Filling up the DagBag from /home/airflow/.local/lib/python3.12/site-packages/airflow/example_dags/example_bash_decorator.py
[2025-06-20T21:26:55.857+0000] {processor.py:925} INFO - DAG(s) 'example_bash_decorator' retrieved from /home/airflow/.local/lib/python3.12/site-packages/airflow/example_dags/example_bash_decorator.py
[2025-06-20T21:26:55.882+0000] {logging_mixin.py:190} INFO - [2025-06-20T21:26:55.881+0000] {dag.py:3239} INFO - Sync 1 DAGs
[2025-06-20T21:26:55.896+0000] {logging_mixin.py:190} INFO - [2025-06-20T21:26:55.895+0000] {dag.py:4180} INFO - Setting next_dagrun for example_bash_decorator to None, run_after=None
[2025-06-20T21:26:56.015+0000] {processor.py:208} INFO - Processing /home/airflow/.local/lib/python3.12/site-packages/airflow/example_dags/example_bash_decorator.py took 0.204 seconds
[2025-06-20T21:27:26.882+0000] {processor.py:186} INFO - Started process (PID=215) to work on /home/airflow/.local/lib/python3.12/site-packages/airflow/example_dags/example_bash_decorator.py
[2025-06-20T21:27:26.883+0000] {processor.py:914} INFO - Processing file /home/airflow/.local/lib/python3.12/site-packages/airflow/example_dags/example_bash_decorator.py for tasks to queue
[2025-06-20T21:27:26.885+0000] {logging_mixin.py:190} INFO - [2025-06-20T21:27:26.885+0000] {dagbag.py:588} INFO - Filling up the DagBag from /home/airflow/.local/lib/python3.12/site-packages/airflow/example_dags/example_bash_decorator.py
[2025-06-20T21:27:26.897+0000] {processor.py:925} INFO - DAG(s) 'example_bash_decorator' retrieved from /home/airflow/.local/lib/python3.12/site-packages/airflow/example_dags/example_bash_decorator.py
[2025-06-20T21:27:26.919+0000] {logging_mixin.py:190} INFO - [2025-06-20T21:27:26.919+0000] {dag.py:3239} INFO - Sync 1 DAGs
[2025-06-20T21:27:26.933+0000] {logging_mixin.py:190} INFO - [2025-06-20T21:27:26.932+0000] {dag.py:4180} INFO - Setting next_dagrun for example_bash_decorator to None, run_after=None
[2025-06-20T21:27:26.957+0000] {processor.py:208} INFO - Processing /home/airflow/.local/lib/python3.12/site-packages/airflow/example_dags/example_bash_decorator.py took 0.081 seconds
[2025-06-20T21:27:57.817+0000] {processor.py:186} INFO - Started process (PID=279) to work on /home/airflow/.local/lib/python3.12/site-packages/airflow/example_dags/example_bash_decorator.py
[2025-06-20T21:27:57.818+0000] {processor.py:914} INFO - Processing file /home/airflow/.local/lib/python3.12/site-packages/airflow/example_dags/example_bash_decorator.py for tasks to queue
[2025-06-20T21:27:57.820+0000] {logging_mixin.py:190} INFO - [2025-06-20T21:27:57.820+0000] {dagbag.py:588} INFO - Filling up the DagBag from /home/airflow/.local/lib/python3.12/site-packages/airflow/example_dags/example_bash_decorator.py
[2025-06-20T21:27:57.834+0000] {processor.py:925} INFO - DAG(s) 'example_bash_decorator' retrieved from /home/airflow/.local/lib/python3.12/site-packages/airflow/example_dags/example_bash_decorator.py
[2025-06-20T21:27:57.858+0000] {logging_mixin.py:190} INFO - [2025-06-20T21:27:57.857+0000] {dag.py:3239} INFO - Sync 1 DAGs
[2025-06-20T21:27:57.872+0000] {logging_mixin.py:190} INFO - [2025-06-20T21:27:57.872+0000] {dag.py:4180} INFO - Setting next_dagrun for example_bash_decorator to None, run_after=None
[2025-06-20T21:27:57.921+0000] {processor.py:208} INFO - Processing /home/airflow/.local/lib/python3.12/site-packages/airflow/example_dags/example_bash_decorator.py took 0.110 seconds
[2025-06-20T21:28:28.635+0000] {processor.py:186} INFO - Started process (PID=343) to work on /home/airflow/.local/lib/python3.12/site-packages/airflow/example_dags/example_bash_decorator.py
[2025-06-20T21:28:28.636+0000] {processor.py:914} INFO - Processing file /home/airflow/.local/lib/python3.12/site-packages/airflow/example_dags/example_bash_decorator.py for tasks to queue
[2025-06-20T21:28:28.638+0000] {logging_mixin.py:190} INFO - [2025-06-20T21:28:28.638+0000] {dagbag.py:588} INFO - Filling up the DagBag from /home/airflow/.local/lib/python3.12/site-packages/airflow/example_dags/example_bash_decorator.py
[2025-06-20T21:28:28.653+0000] {processor.py:925} INFO - DAG(s) 'example_bash_decorator' retrieved from /home/airflow/.local/lib/python3.12/site-packages/airflow/example_dags/example_bash_decorator.py
[2025-06-20T21:28:28.679+0000] {logging_mixin.py:190} INFO - [2025-06-20T21:28:28.678+0000] {dag.py:3239} INFO - Sync 1 DAGs
[2025-06-20T21:28:28.693+0000] {logging_mixin.py:190} INFO - [2025-06-20T21:28:28.693+0000] {dag.py:4180} INFO - Setting next_dagrun for example_bash_decorator to None, run_after=None
[2025-06-20T21:28:28.865+0000] {processor.py:208} INFO - Processing /home/airflow/.local/lib/python3.12/site-packages/airflow/example_dags/example_bash_decorator.py took 0.235 seconds
[2025-06-20T21:28:59.103+0000] {processor.py:186} INFO - Started process (PID=406) to work on /home/airflow/.local/lib/python3.12/site-packages/airflow/example_dags/example_bash_decorator.py
[2025-06-20T21:28:59.105+0000] {processor.py:914} INFO - Processing file /home/airflow/.local/lib/python3.12/site-packages/airflow/example_dags/example_bash_decorator.py for tasks to queue
[2025-06-20T21:28:59.107+0000] {logging_mixin.py:190} INFO - [2025-06-20T21:28:59.107+0000] {dagbag.py:588} INFO - Filling up the DagBag from /home/airflow/.local/lib/python3.12/site-packages/airflow/example_dags/example_bash_decorator.py
[2025-06-20T21:28:59.125+0000] {processor.py:925} INFO - DAG(s) 'example_bash_decorator' retrieved from /home/airflow/.local/lib/python3.12/site-packages/airflow/example_dags/example_bash_decorator.py
[2025-06-20T21:28:59.150+0000] {logging_mixin.py:190} INFO - [2025-06-20T21:28:59.149+0000] {dag.py:3239} INFO - Sync 1 DAGs
[2025-06-20T21:28:59.164+0000] {logging_mixin.py:190} INFO - [2025-06-20T21:28:59.164+0000] {dag.py:4180} INFO - Setting next_dagrun for example_bash_decorator to None, run_after=None
[2025-06-20T21:28:59.250+0000] {processor.py:208} INFO - Processing /home/airflow/.local/lib/python3.12/site-packages/airflow/example_dags/example_bash_decorator.py took 0.153 seconds
[2025-06-20T21:29:30.263+0000] {processor.py:186} INFO - Started process (PID=469) to work on /home/airflow/.local/lib/python3.12/site-packages/airflow/example_dags/example_bash_decorator.py
[2025-06-20T21:29:30.264+0000] {processor.py:914} INFO - Processing file /home/airflow/.local/lib/python3.12/site-packages/airflow/example_dags/example_bash_decorator.py for tasks to queue
[2025-06-20T21:29:30.267+0000] {logging_mixin.py:190} INFO - [2025-06-20T21:29:30.266+0000] {dagbag.py:588} INFO - Filling up the DagBag from /home/airflow/.local/lib/python3.12/site-packages/airflow/example_dags/example_bash_decorator.py
[2025-06-20T21:29:30.280+0000] {processor.py:925} INFO - DAG(s) 'example_bash_decorator' retrieved from /home/airflow/.local/lib/python3.12/site-packages/airflow/example_dags/example_bash_decorator.py
[2025-06-20T21:29:30.302+0000] {logging_mixin.py:190} INFO - [2025-06-20T21:29:30.302+0000] {dag.py:3239} INFO - Sync 1 DAGs
[2025-06-20T21:29:30.316+0000] {logging_mixin.py:190} INFO - [2025-06-20T21:29:30.316+0000] {dag.py:4180} INFO - Setting next_dagrun for example_bash_decorator to None, run_after=None
[2025-06-20T21:29:30.413+0000] {processor.py:208} INFO - Processing /home/airflow/.local/lib/python3.12/site-packages/airflow/example_dags/example_bash_decorator.py took 0.154 seconds
[2025-06-20T21:30:00.615+0000] {processor.py:186} INFO - Started process (PID=529) to work on /home/airflow/.local/lib/python3.12/site-packages/airflow/example_dags/example_bash_decorator.py
[2025-06-20T21:30:00.616+0000] {processor.py:914} INFO - Processing file /home/airflow/.local/lib/python3.12/site-packages/airflow/example_dags/example_bash_decorator.py for tasks to queue
[2025-06-20T21:30:00.621+0000] {logging_mixin.py:190} INFO - [2025-06-20T21:30:00.620+0000] {dagbag.py:588} INFO - Filling up the DagBag from /home/airflow/.local/lib/python3.12/site-packages/airflow/example_dags/example_bash_decorator.py
[2025-06-20T21:30:00.639+0000] {processor.py:925} INFO - DAG(s) 'example_bash_decorator' retrieved from /home/airflow/.local/lib/python3.12/site-packages/airflow/example_dags/example_bash_decorator.py
[2025-06-20T21:30:00.663+0000] {logging_mixin.py:190} INFO - [2025-06-20T21:30:00.662+0000] {dag.py:3239} INFO - Sync 1 DAGs
[2025-06-20T21:30:00.676+0000] {logging_mixin.py:190} INFO - [2025-06-20T21:30:00.676+0000] {dag.py:4180} INFO - Setting next_dagrun for example_bash_decorator to None, run_after=None
[2025-06-20T21:30:00.713+0000] {processor.py:208} INFO - Processing /home/airflow/.local/lib/python3.12/site-packages/airflow/example_dags/example_bash_decorator.py took 0.105 seconds
[2025-06-20T21:30:31.356+0000] {processor.py:186} INFO - Started process (PID=582) to work on /home/airflow/.local/lib/python3.12/site-packages/airflow/example_dags/example_bash_decorator.py
[2025-06-20T21:30:31.357+0000] {processor.py:914} INFO - Processing file /home/airflow/.local/lib/python3.12/site-packages/airflow/example_dags/example_bash_decorator.py for tasks to queue
[2025-06-20T21:30:31.360+0000] {logging_mixin.py:190} INFO - [2025-06-20T21:30:31.359+0000] {dagbag.py:588} INFO - Filling up the DagBag from /home/airflow/.local/lib/python3.12/site-packages/airflow/example_dags/example_bash_decorator.py
[2025-06-20T21:30:31.372+0000] {processor.py:925} INFO - DAG(s) 'example_bash_decorator' retrieved from /home/airflow/.local/lib/python3.12/site-packages/airflow/example_dags/example_bash_decorator.py
[2025-06-20T21:30:31.393+0000] {logging_mixin.py:190} INFO - [2025-06-20T21:30:31.392+0000] {dag.py:3239} INFO - Sync 1 DAGs
[2025-06-20T21:30:31.405+0000] {logging_mixin.py:190} INFO - [2025-06-20T21:30:31.405+0000] {dag.py:4180} INFO - Setting next_dagrun for example_bash_decorator to None, run_after=None
[2025-06-20T21:30:31.443+0000] {processor.py:208} INFO - Processing /home/airflow/.local/lib/python3.12/site-packages/airflow/example_dags/example_bash_decorator.py took 0.091 seconds
[2025-06-20T21:31:03.568+0000] {processor.py:186} INFO - Started process (PID=646) to work on /home/airflow/.local/lib/python3.12/site-packages/airflow/example_dags/example_bash_decorator.py
[2025-06-20T21:31:03.569+0000] {processor.py:914} INFO - Processing file /home/airflow/.local/lib/python3.12/site-packages/airflow/example_dags/example_bash_decorator.py for tasks to queue
[2025-06-20T21:31:03.571+0000] {logging_mixin.py:190} INFO - [2025-06-20T21:31:03.571+0000] {dagbag.py:588} INFO - Filling up the DagBag from /home/airflow/.local/lib/python3.12/site-packages/airflow/example_dags/example_bash_decorator.py
[2025-06-20T21:31:03.584+0000] {processor.py:925} INFO - DAG(s) 'example_bash_decorator' retrieved from /home/airflow/.local/lib/python3.12/site-packages/airflow/example_dags/example_bash_decorator.py
[2025-06-20T21:31:03.606+0000] {logging_mixin.py:190} INFO - [2025-06-20T21:31:03.605+0000] {dag.py:3239} INFO - Sync 1 DAGs
[2025-06-20T21:31:03.618+0000] {logging_mixin.py:190} INFO - [2025-06-20T21:31:03.618+0000] {dag.py:4180} INFO - Setting next_dagrun for example_bash_decorator to None, run_after=None
[2025-06-20T21:31:03.658+0000] {processor.py:208} INFO - Processing /home/airflow/.local/lib/python3.12/site-packages/airflow/example_dags/example_bash_decorator.py took 0.095 seconds
[2025-06-20T21:31:34.873+0000] {processor.py:186} INFO - Started process (PID=710) to work on /home/airflow/.local/lib/python3.12/site-packages/airflow/example_dags/example_bash_decorator.py
[2025-06-20T21:31:34.874+0000] {processor.py:914} INFO - Processing file /home/airflow/.local/lib/python3.12/site-packages/airflow/example_dags/example_bash_decorator.py for tasks to queue
[2025-06-20T21:31:34.877+0000] {logging_mixin.py:190} INFO - [2025-06-20T21:31:34.876+0000] {dagbag.py:588} INFO - Filling up the DagBag from /home/airflow/.local/lib/python3.12/site-packages/airflow/example_dags/example_bash_decorator.py
[2025-06-20T21:31:34.892+0000] {processor.py:925} INFO - DAG(s) 'example_bash_decorator' retrieved from /home/airflow/.local/lib/python3.12/site-packages/airflow/example_dags/example_bash_decorator.py
[2025-06-20T21:31:34.914+0000] {logging_mixin.py:190} INFO - [2025-06-20T21:31:34.914+0000] {dag.py:3239} INFO - Sync 1 DAGs
[2025-06-20T21:31:34.928+0000] {logging_mixin.py:190} INFO - [2025-06-20T21:31:34.927+0000] {dag.py:4180} INFO - Setting next_dagrun for example_bash_decorator to None, run_after=None
[2025-06-20T21:31:34.952+0000] {processor.py:208} INFO - Processing /home/airflow/.local/lib/python3.12/site-packages/airflow/example_dags/example_bash_decorator.py took 0.084 seconds
[2025-06-20T21:32:06.744+0000] {processor.py:186} INFO - Started process (PID=774) to work on /home/airflow/.local/lib/python3.12/site-packages/airflow/example_dags/example_bash_decorator.py
[2025-06-20T21:32:06.745+0000] {processor.py:914} INFO - Processing file /home/airflow/.local/lib/python3.12/site-packages/airflow/example_dags/example_bash_decorator.py for tasks to queue
[2025-06-20T21:32:06.747+0000] {logging_mixin.py:190} INFO - [2025-06-20T21:32:06.747+0000] {dagbag.py:588} INFO - Filling up the DagBag from /home/airflow/.local/lib/python3.12/site-packages/airflow/example_dags/example_bash_decorator.py
[2025-06-20T21:32:06.762+0000] {processor.py:925} INFO - DAG(s) 'example_bash_decorator' retrieved from /home/airflow/.local/lib/python3.12/site-packages/airflow/example_dags/example_bash_decorator.py
[2025-06-20T21:32:06.785+0000] {logging_mixin.py:190} INFO - [2025-06-20T21:32:06.785+0000] {dag.py:3239} INFO - Sync 1 DAGs
[2025-06-20T21:32:06.799+0000] {logging_mixin.py:190} INFO - [2025-06-20T21:32:06.799+0000] {dag.py:4180} INFO - Setting next_dagrun for example_bash_decorator to None, run_after=None
[2025-06-20T21:32:06.826+0000] {processor.py:208} INFO - Processing /home/airflow/.local/lib/python3.12/site-packages/airflow/example_dags/example_bash_decorator.py took 0.088 seconds
[2025-06-20T21:32:37.860+0000] {processor.py:186} INFO - Started process (PID=838) to work on /home/airflow/.local/lib/python3.12/site-packages/airflow/example_dags/example_bash_decorator.py
[2025-06-20T21:32:37.861+0000] {processor.py:914} INFO - Processing file /home/airflow/.local/lib/python3.12/site-packages/airflow/example_dags/example_bash_decorator.py for tasks to queue
[2025-06-20T21:32:37.864+0000] {logging_mixin.py:190} INFO - [2025-06-20T21:32:37.864+0000] {dagbag.py:588} INFO - Filling up the DagBag from /home/airflow/.local/lib/python3.12/site-packages/airflow/example_dags/example_bash_decorator.py
[2025-06-20T21:32:37.880+0000] {processor.py:925} INFO - DAG(s) 'example_bash_decorator' retrieved from /home/airflow/.local/lib/python3.12/site-packages/airflow/example_dags/example_bash_decorator.py
[2025-06-20T21:32:37.901+0000] {logging_mixin.py:190} INFO - [2025-06-20T21:32:37.901+0000] {dag.py:3239} INFO - Sync 1 DAGs
[2025-06-20T21:32:37.914+0000] {logging_mixin.py:190} INFO - [2025-06-20T21:32:37.914+0000] {dag.py:4180} INFO - Setting next_dagrun for example_bash_decorator to None, run_after=None
[2025-06-20T21:32:37.937+0000] {processor.py:208} INFO - Processing /home/airflow/.local/lib/python3.12/site-packages/airflow/example_dags/example_bash_decorator.py took 0.082 seconds
[2025-06-20T21:33:09.440+0000] {processor.py:186} INFO - Started process (PID=902) to work on /home/airflow/.local/lib/python3.12/site-packages/airflow/example_dags/example_bash_decorator.py
[2025-06-20T21:33:09.442+0000] {processor.py:914} INFO - Processing file /home/airflow/.local/lib/python3.12/site-packages/airflow/example_dags/example_bash_decorator.py for tasks to queue
[2025-06-20T21:33:09.446+0000] {logging_mixin.py:190} INFO - [2025-06-20T21:33:09.446+0000] {dagbag.py:588} INFO - Filling up the DagBag from /home/airflow/.local/lib/python3.12/site-packages/airflow/example_dags/example_bash_decorator.py
[2025-06-20T21:33:09.478+0000] {processor.py:925} INFO - DAG(s) 'example_bash_decorator' retrieved from /home/airflow/.local/lib/python3.12/site-packages/airflow/example_dags/example_bash_decorator.py
[2025-06-20T21:33:09.516+0000] {logging_mixin.py:190} INFO - [2025-06-20T21:33:09.515+0000] {dag.py:3239} INFO - Sync 1 DAGs
[2025-06-20T21:33:09.544+0000] {logging_mixin.py:190} INFO - [2025-06-20T21:33:09.543+0000] {dag.py:4180} INFO - Setting next_dagrun for example_bash_decorator to None, run_after=None
[2025-06-20T21:33:09.651+0000] {processor.py:208} INFO - Processing /home/airflow/.local/lib/python3.12/site-packages/airflow/example_dags/example_bash_decorator.py took 0.216 seconds
[2025-06-20T21:33:41.060+0000] {processor.py:186} INFO - Started process (PID=966) to work on /home/airflow/.local/lib/python3.12/site-packages/airflow/example_dags/example_bash_decorator.py
[2025-06-20T21:33:41.061+0000] {processor.py:914} INFO - Processing file /home/airflow/.local/lib/python3.12/site-packages/airflow/example_dags/example_bash_decorator.py for tasks to queue
[2025-06-20T21:33:41.063+0000] {logging_mixin.py:190} INFO - [2025-06-20T21:33:41.063+0000] {dagbag.py:588} INFO - Filling up the DagBag from /home/airflow/.local/lib/python3.12/site-packages/airflow/example_dags/example_bash_decorator.py
[2025-06-20T21:33:41.077+0000] {processor.py:925} INFO - DAG(s) 'example_bash_decorator' retrieved from /home/airflow/.local/lib/python3.12/site-packages/airflow/example_dags/example_bash_decorator.py
[2025-06-20T21:33:41.102+0000] {logging_mixin.py:190} INFO - [2025-06-20T21:33:41.101+0000] {dag.py:3239} INFO - Sync 1 DAGs
[2025-06-20T21:33:41.117+0000] {logging_mixin.py:190} INFO - [2025-06-20T21:33:41.116+0000] {dag.py:4180} INFO - Setting next_dagrun for example_bash_decorator to None, run_after=None
[2025-06-20T21:33:41.152+0000] {processor.py:208} INFO - Processing /home/airflow/.local/lib/python3.12/site-packages/airflow/example_dags/example_bash_decorator.py took 0.098 seconds
[2025-06-20T21:34:12.436+0000] {processor.py:186} INFO - Started process (PID=1030) to work on /home/airflow/.local/lib/python3.12/site-packages/airflow/example_dags/example_bash_decorator.py
[2025-06-20T21:34:12.437+0000] {processor.py:914} INFO - Processing file /home/airflow/.local/lib/python3.12/site-packages/airflow/example_dags/example_bash_decorator.py for tasks to queue
[2025-06-20T21:34:12.439+0000] {logging_mixin.py:190} INFO - [2025-06-20T21:34:12.439+0000] {dagbag.py:588} INFO - Filling up the DagBag from /home/airflow/.local/lib/python3.12/site-packages/airflow/example_dags/example_bash_decorator.py
[2025-06-20T21:34:12.453+0000] {processor.py:925} INFO - DAG(s) 'example_bash_decorator' retrieved from /home/airflow/.local/lib/python3.12/site-packages/airflow/example_dags/example_bash_decorator.py
[2025-06-20T21:34:12.486+0000] {logging_mixin.py:190} INFO - [2025-06-20T21:34:12.485+0000] {dag.py:3239} INFO - Sync 1 DAGs
[2025-06-20T21:34:12.501+0000] {logging_mixin.py:190} INFO - [2025-06-20T21:34:12.500+0000] {dag.py:4180} INFO - Setting next_dagrun for example_bash_decorator to None, run_after=None
[2025-06-20T21:34:12.532+0000] {processor.py:208} INFO - Processing /home/airflow/.local/lib/python3.12/site-packages/airflow/example_dags/example_bash_decorator.py took 0.101 seconds
[2025-06-20T21:34:44.432+0000] {processor.py:186} INFO - Started process (PID=1094) to work on /home/airflow/.local/lib/python3.12/site-packages/airflow/example_dags/example_bash_decorator.py
[2025-06-20T21:34:44.433+0000] {processor.py:914} INFO - Processing file /home/airflow/.local/lib/python3.12/site-packages/airflow/example_dags/example_bash_decorator.py for tasks to queue
[2025-06-20T21:34:44.435+0000] {logging_mixin.py:190} INFO - [2025-06-20T21:34:44.435+0000] {dagbag.py:588} INFO - Filling up the DagBag from /home/airflow/.local/lib/python3.12/site-packages/airflow/example_dags/example_bash_decorator.py
[2025-06-20T21:34:44.449+0000] {processor.py:925} INFO - DAG(s) 'example_bash_decorator' retrieved from /home/airflow/.local/lib/python3.12/site-packages/airflow/example_dags/example_bash_decorator.py
[2025-06-20T21:34:44.471+0000] {logging_mixin.py:190} INFO - [2025-06-20T21:34:44.471+0000] {dag.py:3239} INFO - Sync 1 DAGs
[2025-06-20T21:34:44.486+0000] {logging_mixin.py:190} INFO - [2025-06-20T21:34:44.485+0000] {dag.py:4180} INFO - Setting next_dagrun for example_bash_decorator to None, run_after=None
[2025-06-20T21:34:44.509+0000] {processor.py:208} INFO - Processing /home/airflow/.local/lib/python3.12/site-packages/airflow/example_dags/example_bash_decorator.py took 0.082 seconds
[2025-06-20T21:35:15.647+0000] {processor.py:186} INFO - Started process (PID=1158) to work on /home/airflow/.local/lib/python3.12/site-packages/airflow/example_dags/example_bash_decorator.py
[2025-06-20T21:35:15.648+0000] {processor.py:914} INFO - Processing file /home/airflow/.local/lib/python3.12/site-packages/airflow/example_dags/example_bash_decorator.py for tasks to queue
[2025-06-20T21:35:15.650+0000] {logging_mixin.py:190} INFO - [2025-06-20T21:35:15.650+0000] {dagbag.py:588} INFO - Filling up the DagBag from /home/airflow/.local/lib/python3.12/site-packages/airflow/example_dags/example_bash_decorator.py
[2025-06-20T21:35:15.666+0000] {processor.py:925} INFO - DAG(s) 'example_bash_decorator' retrieved from /home/airflow/.local/lib/python3.12/site-packages/airflow/example_dags/example_bash_decorator.py
[2025-06-20T21:35:15.690+0000] {logging_mixin.py:190} INFO - [2025-06-20T21:35:15.690+0000] {dag.py:3239} INFO - Sync 1 DAGs
[2025-06-20T21:35:15.708+0000] {logging_mixin.py:190} INFO - [2025-06-20T21:35:15.708+0000] {dag.py:4180} INFO - Setting next_dagrun for example_bash_decorator to None, run_after=None
[2025-06-20T21:35:15.736+0000] {processor.py:208} INFO - Processing /home/airflow/.local/lib/python3.12/site-packages/airflow/example_dags/example_bash_decorator.py took 0.095 seconds
[2025-06-20T21:35:47.998+0000] {processor.py:186} INFO - Started process (PID=1222) to work on /home/airflow/.local/lib/python3.12/site-packages/airflow/example_dags/example_bash_decorator.py
[2025-06-20T21:35:47.999+0000] {processor.py:914} INFO - Processing file /home/airflow/.local/lib/python3.12/site-packages/airflow/example_dags/example_bash_decorator.py for tasks to queue
[2025-06-20T21:35:48.001+0000] {logging_mixin.py:190} INFO - [2025-06-20T21:35:48.000+0000] {dagbag.py:588} INFO - Filling up the DagBag from /home/airflow/.local/lib/python3.12/site-packages/airflow/example_dags/example_bash_decorator.py
[2025-06-20T21:35:48.014+0000] {processor.py:925} INFO - DAG(s) 'example_bash_decorator' retrieved from /home/airflow/.local/lib/python3.12/site-packages/airflow/example_dags/example_bash_decorator.py
[2025-06-20T21:35:48.035+0000] {logging_mixin.py:190} INFO - [2025-06-20T21:35:48.035+0000] {dag.py:3239} INFO - Sync 1 DAGs
[2025-06-20T21:35:48.048+0000] {logging_mixin.py:190} INFO - [2025-06-20T21:35:48.047+0000] {dag.py:4180} INFO - Setting next_dagrun for example_bash_decorator to None, run_after=None
[2025-06-20T21:35:48.074+0000] {processor.py:208} INFO - Processing /home/airflow/.local/lib/python3.12/site-packages/airflow/example_dags/example_bash_decorator.py took 0.082 seconds
[2025-06-20T21:36:19.730+0000] {processor.py:186} INFO - Started process (PID=1286) to work on /home/airflow/.local/lib/python3.12/site-packages/airflow/example_dags/example_bash_decorator.py
[2025-06-20T21:36:19.731+0000] {processor.py:914} INFO - Processing file /home/airflow/.local/lib/python3.12/site-packages/airflow/example_dags/example_bash_decorator.py for tasks to queue
[2025-06-20T21:36:19.733+0000] {logging_mixin.py:190} INFO - [2025-06-20T21:36:19.733+0000] {dagbag.py:588} INFO - Filling up the DagBag from /home/airflow/.local/lib/python3.12/site-packages/airflow/example_dags/example_bash_decorator.py
[2025-06-20T21:36:19.747+0000] {processor.py:925} INFO - DAG(s) 'example_bash_decorator' retrieved from /home/airflow/.local/lib/python3.12/site-packages/airflow/example_dags/example_bash_decorator.py
[2025-06-20T21:36:19.771+0000] {logging_mixin.py:190} INFO - [2025-06-20T21:36:19.770+0000] {dag.py:3239} INFO - Sync 1 DAGs
[2025-06-20T21:36:19.785+0000] {logging_mixin.py:190} INFO - [2025-06-20T21:36:19.785+0000] {dag.py:4180} INFO - Setting next_dagrun for example_bash_decorator to None, run_after=None
[2025-06-20T21:36:19.809+0000] {processor.py:208} INFO - Processing /home/airflow/.local/lib/python3.12/site-packages/airflow/example_dags/example_bash_decorator.py took 0.085 seconds
[2025-06-20T21:36:50.850+0000] {processor.py:186} INFO - Started process (PID=1350) to work on /home/airflow/.local/lib/python3.12/site-packages/airflow/example_dags/example_bash_decorator.py
[2025-06-20T21:36:50.851+0000] {processor.py:914} INFO - Processing file /home/airflow/.local/lib/python3.12/site-packages/airflow/example_dags/example_bash_decorator.py for tasks to queue
[2025-06-20T21:36:50.853+0000] {logging_mixin.py:190} INFO - [2025-06-20T21:36:50.853+0000] {dagbag.py:588} INFO - Filling up the DagBag from /home/airflow/.local/lib/python3.12/site-packages/airflow/example_dags/example_bash_decorator.py
[2025-06-20T21:36:50.868+0000] {processor.py:925} INFO - DAG(s) 'example_bash_decorator' retrieved from /home/airflow/.local/lib/python3.12/site-packages/airflow/example_dags/example_bash_decorator.py
[2025-06-20T21:36:50.892+0000] {logging_mixin.py:190} INFO - [2025-06-20T21:36:50.892+0000] {dag.py:3239} INFO - Sync 1 DAGs
[2025-06-20T21:36:50.908+0000] {logging_mixin.py:190} INFO - [2025-06-20T21:36:50.908+0000] {dag.py:4180} INFO - Setting next_dagrun for example_bash_decorator to None, run_after=None
[2025-06-20T21:36:50.939+0000] {processor.py:208} INFO - Processing /home/airflow/.local/lib/python3.12/site-packages/airflow/example_dags/example_bash_decorator.py took 0.095 seconds
[2025-06-20T21:37:21.909+0000] {processor.py:186} INFO - Started process (PID=1414) to work on /home/airflow/.local/lib/python3.12/site-packages/airflow/example_dags/example_bash_decorator.py
[2025-06-20T21:37:21.910+0000] {processor.py:914} INFO - Processing file /home/airflow/.local/lib/python3.12/site-packages/airflow/example_dags/example_bash_decorator.py for tasks to queue
[2025-06-20T21:37:21.913+0000] {logging_mixin.py:190} INFO - [2025-06-20T21:37:21.913+0000] {dagbag.py:588} INFO - Filling up the DagBag from /home/airflow/.local/lib/python3.12/site-packages/airflow/example_dags/example_bash_decorator.py
[2025-06-20T21:37:21.931+0000] {processor.py:925} INFO - DAG(s) 'example_bash_decorator' retrieved from /home/airflow/.local/lib/python3.12/site-packages/airflow/example_dags/example_bash_decorator.py
[2025-06-20T21:37:21.957+0000] {logging_mixin.py:190} INFO - [2025-06-20T21:37:21.957+0000] {dag.py:3239} INFO - Sync 1 DAGs
[2025-06-20T21:37:21.973+0000] {logging_mixin.py:190} INFO - [2025-06-20T21:37:21.972+0000] {dag.py:4180} INFO - Setting next_dagrun for example_bash_decorator to None, run_after=None
[2025-06-20T21:37:21.997+0000] {processor.py:208} INFO - Processing /home/airflow/.local/lib/python3.12/site-packages/airflow/example_dags/example_bash_decorator.py took 0.094 seconds
[2025-06-20T21:37:54.099+0000] {processor.py:186} INFO - Started process (PID=1479) to work on /home/airflow/.local/lib/python3.12/site-packages/airflow/example_dags/example_bash_decorator.py
[2025-06-20T21:37:54.100+0000] {processor.py:914} INFO - Processing file /home/airflow/.local/lib/python3.12/site-packages/airflow/example_dags/example_bash_decorator.py for tasks to queue
[2025-06-20T21:37:54.102+0000] {logging_mixin.py:190} INFO - [2025-06-20T21:37:54.102+0000] {dagbag.py:588} INFO - Filling up the DagBag from /home/airflow/.local/lib/python3.12/site-packages/airflow/example_dags/example_bash_decorator.py
[2025-06-20T21:37:54.117+0000] {processor.py:925} INFO - DAG(s) 'example_bash_decorator' retrieved from /home/airflow/.local/lib/python3.12/site-packages/airflow/example_dags/example_bash_decorator.py
[2025-06-20T21:37:54.138+0000] {logging_mixin.py:190} INFO - [2025-06-20T21:37:54.137+0000] {dag.py:3239} INFO - Sync 1 DAGs
[2025-06-20T21:37:54.151+0000] {logging_mixin.py:190} INFO - [2025-06-20T21:37:54.151+0000] {dag.py:4180} INFO - Setting next_dagrun for example_bash_decorator to None, run_after=None
[2025-06-20T21:37:54.190+0000] {processor.py:208} INFO - Processing /home/airflow/.local/lib/python3.12/site-packages/airflow/example_dags/example_bash_decorator.py took 0.096 seconds
[2025-06-20T21:38:25.485+0000] {processor.py:186} INFO - Started process (PID=1543) to work on /home/airflow/.local/lib/python3.12/site-packages/airflow/example_dags/example_bash_decorator.py
[2025-06-20T21:38:25.486+0000] {processor.py:914} INFO - Processing file /home/airflow/.local/lib/python3.12/site-packages/airflow/example_dags/example_bash_decorator.py for tasks to queue
[2025-06-20T21:38:25.488+0000] {logging_mixin.py:190} INFO - [2025-06-20T21:38:25.488+0000] {dagbag.py:588} INFO - Filling up the DagBag from /home/airflow/.local/lib/python3.12/site-packages/airflow/example_dags/example_bash_decorator.py
[2025-06-20T21:38:25.509+0000] {processor.py:925} INFO - DAG(s) 'example_bash_decorator' retrieved from /home/airflow/.local/lib/python3.12/site-packages/airflow/example_dags/example_bash_decorator.py
[2025-06-20T21:38:25.536+0000] {logging_mixin.py:190} INFO - [2025-06-20T21:38:25.536+0000] {dag.py:3239} INFO - Sync 1 DAGs
[2025-06-20T21:38:25.557+0000] {logging_mixin.py:190} INFO - [2025-06-20T21:38:25.557+0000] {dag.py:4180} INFO - Setting next_dagrun for example_bash_decorator to None, run_after=None
[2025-06-20T21:38:25.604+0000] {processor.py:208} INFO - Processing /home/airflow/.local/lib/python3.12/site-packages/airflow/example_dags/example_bash_decorator.py took 0.126 seconds
[2025-06-20T21:38:57.284+0000] {processor.py:186} INFO - Started process (PID=1607) to work on /home/airflow/.local/lib/python3.12/site-packages/airflow/example_dags/example_bash_decorator.py
[2025-06-20T21:38:57.285+0000] {processor.py:914} INFO - Processing file /home/airflow/.local/lib/python3.12/site-packages/airflow/example_dags/example_bash_decorator.py for tasks to queue
[2025-06-20T21:38:57.288+0000] {logging_mixin.py:190} INFO - [2025-06-20T21:38:57.287+0000] {dagbag.py:588} INFO - Filling up the DagBag from /home/airflow/.local/lib/python3.12/site-packages/airflow/example_dags/example_bash_decorator.py
[2025-06-20T21:38:57.303+0000] {processor.py:925} INFO - DAG(s) 'example_bash_decorator' retrieved from /home/airflow/.local/lib/python3.12/site-packages/airflow/example_dags/example_bash_decorator.py
[2025-06-20T21:38:57.331+0000] {logging_mixin.py:190} INFO - [2025-06-20T21:38:57.331+0000] {dag.py:3239} INFO - Sync 1 DAGs
[2025-06-20T21:38:57.349+0000] {logging_mixin.py:190} INFO - [2025-06-20T21:38:57.349+0000] {dag.py:4180} INFO - Setting next_dagrun for example_bash_decorator to None, run_after=None
[2025-06-20T21:38:57.443+0000] {processor.py:208} INFO - Processing /home/airflow/.local/lib/python3.12/site-packages/airflow/example_dags/example_bash_decorator.py took 0.164 seconds
[2025-06-20T21:39:28.740+0000] {processor.py:186} INFO - Started process (PID=1671) to work on /home/airflow/.local/lib/python3.12/site-packages/airflow/example_dags/example_bash_decorator.py
[2025-06-20T21:39:28.741+0000] {processor.py:914} INFO - Processing file /home/airflow/.local/lib/python3.12/site-packages/airflow/example_dags/example_bash_decorator.py for tasks to queue
[2025-06-20T21:39:28.744+0000] {logging_mixin.py:190} INFO - [2025-06-20T21:39:28.743+0000] {dagbag.py:588} INFO - Filling up the DagBag from /home/airflow/.local/lib/python3.12/site-packages/airflow/example_dags/example_bash_decorator.py
[2025-06-20T21:39:28.761+0000] {processor.py:925} INFO - DAG(s) 'example_bash_decorator' retrieved from /home/airflow/.local/lib/python3.12/site-packages/airflow/example_dags/example_bash_decorator.py
[2025-06-20T21:39:28.793+0000] {logging_mixin.py:190} INFO - [2025-06-20T21:39:28.793+0000] {dag.py:3239} INFO - Sync 1 DAGs
[2025-06-20T21:39:28.808+0000] {logging_mixin.py:190} INFO - [2025-06-20T21:39:28.808+0000] {dag.py:4180} INFO - Setting next_dagrun for example_bash_decorator to None, run_after=None
[2025-06-20T21:39:28.870+0000] {processor.py:208} INFO - Processing /home/airflow/.local/lib/python3.12/site-packages/airflow/example_dags/example_bash_decorator.py took 0.134 seconds
[2025-06-20T21:40:00.491+0000] {processor.py:186} INFO - Started process (PID=1735) to work on /home/airflow/.local/lib/python3.12/site-packages/airflow/example_dags/example_bash_decorator.py
[2025-06-20T21:40:00.492+0000] {processor.py:914} INFO - Processing file /home/airflow/.local/lib/python3.12/site-packages/airflow/example_dags/example_bash_decorator.py for tasks to queue
[2025-06-20T21:40:00.496+0000] {logging_mixin.py:190} INFO - [2025-06-20T21:40:00.495+0000] {dagbag.py:588} INFO - Filling up the DagBag from /home/airflow/.local/lib/python3.12/site-packages/airflow/example_dags/example_bash_decorator.py
[2025-06-20T21:40:00.510+0000] {processor.py:925} INFO - DAG(s) 'example_bash_decorator' retrieved from /home/airflow/.local/lib/python3.12/site-packages/airflow/example_dags/example_bash_decorator.py
[2025-06-20T21:40:00.534+0000] {logging_mixin.py:190} INFO - [2025-06-20T21:40:00.533+0000] {dag.py:3239} INFO - Sync 1 DAGs
[2025-06-20T21:40:00.546+0000] {logging_mixin.py:190} INFO - [2025-06-20T21:40:00.546+0000] {dag.py:4180} INFO - Setting next_dagrun for example_bash_decorator to None, run_after=None
[2025-06-20T21:40:00.602+0000] {processor.py:208} INFO - Processing /home/airflow/.local/lib/python3.12/site-packages/airflow/example_dags/example_bash_decorator.py took 0.117 seconds
[2025-06-20T21:40:31.887+0000] {processor.py:186} INFO - Started process (PID=1799) to work on /home/airflow/.local/lib/python3.12/site-packages/airflow/example_dags/example_bash_decorator.py
[2025-06-20T21:40:31.888+0000] {processor.py:914} INFO - Processing file /home/airflow/.local/lib/python3.12/site-packages/airflow/example_dags/example_bash_decorator.py for tasks to queue
[2025-06-20T21:40:31.890+0000] {logging_mixin.py:190} INFO - [2025-06-20T21:40:31.889+0000] {dagbag.py:588} INFO - Filling up the DagBag from /home/airflow/.local/lib/python3.12/site-packages/airflow/example_dags/example_bash_decorator.py
[2025-06-20T21:40:31.902+0000] {processor.py:925} INFO - DAG(s) 'example_bash_decorator' retrieved from /home/airflow/.local/lib/python3.12/site-packages/airflow/example_dags/example_bash_decorator.py
[2025-06-20T21:40:31.924+0000] {logging_mixin.py:190} INFO - [2025-06-20T21:40:31.924+0000] {dag.py:3239} INFO - Sync 1 DAGs
[2025-06-20T21:40:31.937+0000] {logging_mixin.py:190} INFO - [2025-06-20T21:40:31.937+0000] {dag.py:4180} INFO - Setting next_dagrun for example_bash_decorator to None, run_after=None
[2025-06-20T21:40:32.037+0000] {processor.py:208} INFO - Processing /home/airflow/.local/lib/python3.12/site-packages/airflow/example_dags/example_bash_decorator.py took 0.155 seconds
[2025-06-20T21:41:02.411+0000] {processor.py:186} INFO - Started process (PID=1863) to work on /home/airflow/.local/lib/python3.12/site-packages/airflow/example_dags/example_bash_decorator.py
[2025-06-20T21:41:02.412+0000] {processor.py:914} INFO - Processing file /home/airflow/.local/lib/python3.12/site-packages/airflow/example_dags/example_bash_decorator.py for tasks to queue
[2025-06-20T21:41:02.414+0000] {logging_mixin.py:190} INFO - [2025-06-20T21:41:02.414+0000] {dagbag.py:588} INFO - Filling up the DagBag from /home/airflow/.local/lib/python3.12/site-packages/airflow/example_dags/example_bash_decorator.py
[2025-06-20T21:41:02.426+0000] {processor.py:925} INFO - DAG(s) 'example_bash_decorator' retrieved from /home/airflow/.local/lib/python3.12/site-packages/airflow/example_dags/example_bash_decorator.py
[2025-06-20T21:41:02.449+0000] {logging_mixin.py:190} INFO - [2025-06-20T21:41:02.449+0000] {dag.py:3239} INFO - Sync 1 DAGs
[2025-06-20T21:41:02.463+0000] {logging_mixin.py:190} INFO - [2025-06-20T21:41:02.463+0000] {dag.py:4180} INFO - Setting next_dagrun for example_bash_decorator to None, run_after=None
[2025-06-20T21:41:02.498+0000] {processor.py:208} INFO - Processing /home/airflow/.local/lib/python3.12/site-packages/airflow/example_dags/example_bash_decorator.py took 0.092 seconds
[2025-06-20T21:41:32.998+0000] {processor.py:186} INFO - Started process (PID=1927) to work on /home/airflow/.local/lib/python3.12/site-packages/airflow/example_dags/example_bash_decorator.py
[2025-06-20T21:41:32.999+0000] {processor.py:914} INFO - Processing file /home/airflow/.local/lib/python3.12/site-packages/airflow/example_dags/example_bash_decorator.py for tasks to queue
[2025-06-20T21:41:33.001+0000] {logging_mixin.py:190} INFO - [2025-06-20T21:41:33.001+0000] {dagbag.py:588} INFO - Filling up the DagBag from /home/airflow/.local/lib/python3.12/site-packages/airflow/example_dags/example_bash_decorator.py
[2025-06-20T21:41:33.013+0000] {processor.py:925} INFO - DAG(s) 'example_bash_decorator' retrieved from /home/airflow/.local/lib/python3.12/site-packages/airflow/example_dags/example_bash_decorator.py
[2025-06-20T21:41:33.035+0000] {logging_mixin.py:190} INFO - [2025-06-20T21:41:33.035+0000] {dag.py:3239} INFO - Sync 1 DAGs
[2025-06-20T21:41:33.051+0000] {logging_mixin.py:190} INFO - [2025-06-20T21:41:33.050+0000] {dag.py:4180} INFO - Setting next_dagrun for example_bash_decorator to None, run_after=None
[2025-06-20T21:41:33.073+0000] {processor.py:208} INFO - Processing /home/airflow/.local/lib/python3.12/site-packages/airflow/example_dags/example_bash_decorator.py took 0.080 seconds
[2025-06-20T21:42:03.236+0000] {processor.py:186} INFO - Started process (PID=1997) to work on /home/airflow/.local/lib/python3.12/site-packages/airflow/example_dags/example_bash_decorator.py
[2025-06-20T21:42:03.237+0000] {processor.py:914} INFO - Processing file /home/airflow/.local/lib/python3.12/site-packages/airflow/example_dags/example_bash_decorator.py for tasks to queue
[2025-06-20T21:42:03.239+0000] {logging_mixin.py:190} INFO - [2025-06-20T21:42:03.239+0000] {dagbag.py:588} INFO - Filling up the DagBag from /home/airflow/.local/lib/python3.12/site-packages/airflow/example_dags/example_bash_decorator.py
[2025-06-20T21:42:03.255+0000] {processor.py:925} INFO - DAG(s) 'example_bash_decorator' retrieved from /home/airflow/.local/lib/python3.12/site-packages/airflow/example_dags/example_bash_decorator.py
[2025-06-20T21:42:03.278+0000] {logging_mixin.py:190} INFO - [2025-06-20T21:42:03.278+0000] {dag.py:3239} INFO - Sync 1 DAGs
[2025-06-20T21:42:03.293+0000] {logging_mixin.py:190} INFO - [2025-06-20T21:42:03.293+0000] {dag.py:4180} INFO - Setting next_dagrun for example_bash_decorator to None, run_after=None
[2025-06-20T21:42:03.320+0000] {processor.py:208} INFO - Processing /home/airflow/.local/lib/python3.12/site-packages/airflow/example_dags/example_bash_decorator.py took 0.089 seconds
[2025-06-20T21:42:33.704+0000] {processor.py:186} INFO - Started process (PID=2061) to work on /home/airflow/.local/lib/python3.12/site-packages/airflow/example_dags/example_bash_decorator.py
[2025-06-20T21:42:33.705+0000] {processor.py:914} INFO - Processing file /home/airflow/.local/lib/python3.12/site-packages/airflow/example_dags/example_bash_decorator.py for tasks to queue
[2025-06-20T21:42:33.707+0000] {logging_mixin.py:190} INFO - [2025-06-20T21:42:33.707+0000] {dagbag.py:588} INFO - Filling up the DagBag from /home/airflow/.local/lib/python3.12/site-packages/airflow/example_dags/example_bash_decorator.py
[2025-06-20T21:42:33.720+0000] {processor.py:925} INFO - DAG(s) 'example_bash_decorator' retrieved from /home/airflow/.local/lib/python3.12/site-packages/airflow/example_dags/example_bash_decorator.py
[2025-06-20T21:42:33.740+0000] {logging_mixin.py:190} INFO - [2025-06-20T21:42:33.740+0000] {dag.py:3239} INFO - Sync 1 DAGs
[2025-06-20T21:42:33.753+0000] {logging_mixin.py:190} INFO - [2025-06-20T21:42:33.753+0000] {dag.py:4180} INFO - Setting next_dagrun for example_bash_decorator to None, run_after=None
[2025-06-20T21:42:33.790+0000] {processor.py:208} INFO - Processing /home/airflow/.local/lib/python3.12/site-packages/airflow/example_dags/example_bash_decorator.py took 0.090 seconds
[2025-06-20T21:43:03.976+0000] {processor.py:186} INFO - Started process (PID=2125) to work on /home/airflow/.local/lib/python3.12/site-packages/airflow/example_dags/example_bash_decorator.py
[2025-06-20T21:43:03.977+0000] {processor.py:914} INFO - Processing file /home/airflow/.local/lib/python3.12/site-packages/airflow/example_dags/example_bash_decorator.py for tasks to queue
[2025-06-20T21:43:03.979+0000] {logging_mixin.py:190} INFO - [2025-06-20T21:43:03.979+0000] {dagbag.py:588} INFO - Filling up the DagBag from /home/airflow/.local/lib/python3.12/site-packages/airflow/example_dags/example_bash_decorator.py
[2025-06-20T21:43:03.991+0000] {processor.py:925} INFO - DAG(s) 'example_bash_decorator' retrieved from /home/airflow/.local/lib/python3.12/site-packages/airflow/example_dags/example_bash_decorator.py
[2025-06-20T21:43:04.012+0000] {logging_mixin.py:190} INFO - [2025-06-20T21:43:04.012+0000] {dag.py:3239} INFO - Sync 1 DAGs
[2025-06-20T21:43:04.026+0000] {logging_mixin.py:190} INFO - [2025-06-20T21:43:04.026+0000] {dag.py:4180} INFO - Setting next_dagrun for example_bash_decorator to None, run_after=None
[2025-06-20T21:43:04.070+0000] {processor.py:208} INFO - Processing /home/airflow/.local/lib/python3.12/site-packages/airflow/example_dags/example_bash_decorator.py took 0.098 seconds
[2025-06-20T21:43:34.262+0000] {processor.py:186} INFO - Started process (PID=2189) to work on /home/airflow/.local/lib/python3.12/site-packages/airflow/example_dags/example_bash_decorator.py
[2025-06-20T21:43:34.263+0000] {processor.py:914} INFO - Processing file /home/airflow/.local/lib/python3.12/site-packages/airflow/example_dags/example_bash_decorator.py for tasks to queue
[2025-06-20T21:43:34.266+0000] {logging_mixin.py:190} INFO - [2025-06-20T21:43:34.265+0000] {dagbag.py:588} INFO - Filling up the DagBag from /home/airflow/.local/lib/python3.12/site-packages/airflow/example_dags/example_bash_decorator.py
[2025-06-20T21:43:34.279+0000] {processor.py:925} INFO - DAG(s) 'example_bash_decorator' retrieved from /home/airflow/.local/lib/python3.12/site-packages/airflow/example_dags/example_bash_decorator.py
[2025-06-20T21:43:34.300+0000] {logging_mixin.py:190} INFO - [2025-06-20T21:43:34.300+0000] {dag.py:3239} INFO - Sync 1 DAGs
[2025-06-20T21:43:34.315+0000] {logging_mixin.py:190} INFO - [2025-06-20T21:43:34.315+0000] {dag.py:4180} INFO - Setting next_dagrun for example_bash_decorator to None, run_after=None
[2025-06-20T21:43:34.356+0000] {processor.py:208} INFO - Processing /home/airflow/.local/lib/python3.12/site-packages/airflow/example_dags/example_bash_decorator.py took 0.099 seconds
[2025-06-20T21:44:04.734+0000] {processor.py:186} INFO - Started process (PID=2260) to work on /home/airflow/.local/lib/python3.12/site-packages/airflow/example_dags/example_bash_decorator.py
[2025-06-20T21:44:04.735+0000] {processor.py:914} INFO - Processing file /home/airflow/.local/lib/python3.12/site-packages/airflow/example_dags/example_bash_decorator.py for tasks to queue
[2025-06-20T21:44:04.738+0000] {logging_mixin.py:190} INFO - [2025-06-20T21:44:04.738+0000] {dagbag.py:588} INFO - Filling up the DagBag from /home/airflow/.local/lib/python3.12/site-packages/airflow/example_dags/example_bash_decorator.py
[2025-06-20T21:44:04.754+0000] {processor.py:925} INFO - DAG(s) 'example_bash_decorator' retrieved from /home/airflow/.local/lib/python3.12/site-packages/airflow/example_dags/example_bash_decorator.py
[2025-06-20T21:44:04.782+0000] {logging_mixin.py:190} INFO - [2025-06-20T21:44:04.782+0000] {dag.py:3239} INFO - Sync 1 DAGs
[2025-06-20T21:44:04.798+0000] {logging_mixin.py:190} INFO - [2025-06-20T21:44:04.798+0000] {dag.py:4180} INFO - Setting next_dagrun for example_bash_decorator to None, run_after=None
[2025-06-20T21:44:04.847+0000] {processor.py:208} INFO - Processing /home/airflow/.local/lib/python3.12/site-packages/airflow/example_dags/example_bash_decorator.py took 0.120 seconds
[2025-06-20T21:44:34.931+0000] {processor.py:186} INFO - Started process (PID=2324) to work on /home/airflow/.local/lib/python3.12/site-packages/airflow/example_dags/example_bash_decorator.py
[2025-06-20T21:44:34.933+0000] {processor.py:914} INFO - Processing file /home/airflow/.local/lib/python3.12/site-packages/airflow/example_dags/example_bash_decorator.py for tasks to queue
[2025-06-20T21:44:34.935+0000] {logging_mixin.py:190} INFO - [2025-06-20T21:44:34.935+0000] {dagbag.py:588} INFO - Filling up the DagBag from /home/airflow/.local/lib/python3.12/site-packages/airflow/example_dags/example_bash_decorator.py
[2025-06-20T21:44:34.948+0000] {processor.py:925} INFO - DAG(s) 'example_bash_decorator' retrieved from /home/airflow/.local/lib/python3.12/site-packages/airflow/example_dags/example_bash_decorator.py
[2025-06-20T21:44:34.973+0000] {logging_mixin.py:190} INFO - [2025-06-20T21:44:34.973+0000] {dag.py:3239} INFO - Sync 1 DAGs
[2025-06-20T21:44:34.990+0000] {logging_mixin.py:190} INFO - [2025-06-20T21:44:34.989+0000] {dag.py:4180} INFO - Setting next_dagrun for example_bash_decorator to None, run_after=None
[2025-06-20T21:44:35.028+0000] {processor.py:208} INFO - Processing /home/airflow/.local/lib/python3.12/site-packages/airflow/example_dags/example_bash_decorator.py took 0.102 seconds
[2025-06-20T21:45:05.336+0000] {processor.py:186} INFO - Started process (PID=2388) to work on /home/airflow/.local/lib/python3.12/site-packages/airflow/example_dags/example_bash_decorator.py
[2025-06-20T21:45:05.337+0000] {processor.py:914} INFO - Processing file /home/airflow/.local/lib/python3.12/site-packages/airflow/example_dags/example_bash_decorator.py for tasks to queue
[2025-06-20T21:45:05.339+0000] {logging_mixin.py:190} INFO - [2025-06-20T21:45:05.339+0000] {dagbag.py:588} INFO - Filling up the DagBag from /home/airflow/.local/lib/python3.12/site-packages/airflow/example_dags/example_bash_decorator.py
[2025-06-20T21:45:05.352+0000] {processor.py:925} INFO - DAG(s) 'example_bash_decorator' retrieved from /home/airflow/.local/lib/python3.12/site-packages/airflow/example_dags/example_bash_decorator.py
[2025-06-20T21:45:05.376+0000] {logging_mixin.py:190} INFO - [2025-06-20T21:45:05.375+0000] {dag.py:3239} INFO - Sync 1 DAGs
[2025-06-20T21:45:05.389+0000] {logging_mixin.py:190} INFO - [2025-06-20T21:45:05.389+0000] {dag.py:4180} INFO - Setting next_dagrun for example_bash_decorator to None, run_after=None
[2025-06-20T21:45:05.427+0000] {processor.py:208} INFO - Processing /home/airflow/.local/lib/python3.12/site-packages/airflow/example_dags/example_bash_decorator.py took 0.096 seconds
[2025-06-20T21:45:35.475+0000] {processor.py:186} INFO - Started process (PID=2452) to work on /home/airflow/.local/lib/python3.12/site-packages/airflow/example_dags/example_bash_decorator.py
[2025-06-20T21:45:35.476+0000] {processor.py:914} INFO - Processing file /home/airflow/.local/lib/python3.12/site-packages/airflow/example_dags/example_bash_decorator.py for tasks to queue
[2025-06-20T21:45:35.479+0000] {logging_mixin.py:190} INFO - [2025-06-20T21:45:35.479+0000] {dagbag.py:588} INFO - Filling up the DagBag from /home/airflow/.local/lib/python3.12/site-packages/airflow/example_dags/example_bash_decorator.py
[2025-06-20T21:45:35.492+0000] {processor.py:925} INFO - DAG(s) 'example_bash_decorator' retrieved from /home/airflow/.local/lib/python3.12/site-packages/airflow/example_dags/example_bash_decorator.py
[2025-06-20T21:45:35.515+0000] {logging_mixin.py:190} INFO - [2025-06-20T21:45:35.515+0000] {dag.py:3239} INFO - Sync 1 DAGs
[2025-06-20T21:45:35.528+0000] {logging_mixin.py:190} INFO - [2025-06-20T21:45:35.528+0000] {dag.py:4180} INFO - Setting next_dagrun for example_bash_decorator to None, run_after=None
[2025-06-20T21:45:35.580+0000] {processor.py:208} INFO - Processing /home/airflow/.local/lib/python3.12/site-packages/airflow/example_dags/example_bash_decorator.py took 0.110 seconds
[2025-06-20T21:46:05.861+0000] {processor.py:186} INFO - Started process (PID=2516) to work on /home/airflow/.local/lib/python3.12/site-packages/airflow/example_dags/example_bash_decorator.py
[2025-06-20T21:46:05.863+0000] {processor.py:914} INFO - Processing file /home/airflow/.local/lib/python3.12/site-packages/airflow/example_dags/example_bash_decorator.py for tasks to queue
[2025-06-20T21:46:05.867+0000] {logging_mixin.py:190} INFO - [2025-06-20T21:46:05.866+0000] {dagbag.py:588} INFO - Filling up the DagBag from /home/airflow/.local/lib/python3.12/site-packages/airflow/example_dags/example_bash_decorator.py
[2025-06-20T21:46:05.886+0000] {processor.py:925} INFO - DAG(s) 'example_bash_decorator' retrieved from /home/airflow/.local/lib/python3.12/site-packages/airflow/example_dags/example_bash_decorator.py
[2025-06-20T21:46:05.920+0000] {logging_mixin.py:190} INFO - [2025-06-20T21:46:05.920+0000] {dag.py:3239} INFO - Sync 1 DAGs
[2025-06-20T21:46:05.940+0000] {logging_mixin.py:190} INFO - [2025-06-20T21:46:05.939+0000] {dag.py:4180} INFO - Setting next_dagrun for example_bash_decorator to None, run_after=None
[2025-06-20T21:46:05.978+0000] {processor.py:208} INFO - Processing /home/airflow/.local/lib/python3.12/site-packages/airflow/example_dags/example_bash_decorator.py took 0.125 seconds
[2025-06-20T21:46:36.134+0000] {processor.py:186} INFO - Started process (PID=2580) to work on /home/airflow/.local/lib/python3.12/site-packages/airflow/example_dags/example_bash_decorator.py
[2025-06-20T21:46:36.135+0000] {processor.py:914} INFO - Processing file /home/airflow/.local/lib/python3.12/site-packages/airflow/example_dags/example_bash_decorator.py for tasks to queue
[2025-06-20T21:46:36.138+0000] {logging_mixin.py:190} INFO - [2025-06-20T21:46:36.137+0000] {dagbag.py:588} INFO - Filling up the DagBag from /home/airflow/.local/lib/python3.12/site-packages/airflow/example_dags/example_bash_decorator.py
[2025-06-20T21:46:36.152+0000] {processor.py:925} INFO - DAG(s) 'example_bash_decorator' retrieved from /home/airflow/.local/lib/python3.12/site-packages/airflow/example_dags/example_bash_decorator.py
[2025-06-20T21:46:36.178+0000] {logging_mixin.py:190} INFO - [2025-06-20T21:46:36.178+0000] {dag.py:3239} INFO - Sync 1 DAGs
[2025-06-20T21:46:36.195+0000] {logging_mixin.py:190} INFO - [2025-06-20T21:46:36.195+0000] {dag.py:4180} INFO - Setting next_dagrun for example_bash_decorator to None, run_after=None
[2025-06-20T21:46:36.229+0000] {processor.py:208} INFO - Processing /home/airflow/.local/lib/python3.12/site-packages/airflow/example_dags/example_bash_decorator.py took 0.101 seconds
[2025-06-20T21:47:06.572+0000] {processor.py:186} INFO - Started process (PID=2638) to work on /home/airflow/.local/lib/python3.12/site-packages/airflow/example_dags/example_bash_decorator.py
[2025-06-20T21:47:06.573+0000] {processor.py:914} INFO - Processing file /home/airflow/.local/lib/python3.12/site-packages/airflow/example_dags/example_bash_decorator.py for tasks to queue
[2025-06-20T21:47:06.575+0000] {logging_mixin.py:190} INFO - [2025-06-20T21:47:06.575+0000] {dagbag.py:588} INFO - Filling up the DagBag from /home/airflow/.local/lib/python3.12/site-packages/airflow/example_dags/example_bash_decorator.py
[2025-06-20T21:47:06.589+0000] {processor.py:925} INFO - DAG(s) 'example_bash_decorator' retrieved from /home/airflow/.local/lib/python3.12/site-packages/airflow/example_dags/example_bash_decorator.py
[2025-06-20T21:47:06.611+0000] {logging_mixin.py:190} INFO - [2025-06-20T21:47:06.611+0000] {dag.py:3239} INFO - Sync 1 DAGs
[2025-06-20T21:47:06.626+0000] {logging_mixin.py:190} INFO - [2025-06-20T21:47:06.626+0000] {dag.py:4180} INFO - Setting next_dagrun for example_bash_decorator to None, run_after=None
[2025-06-20T21:47:06.660+0000] {processor.py:208} INFO - Processing /home/airflow/.local/lib/python3.12/site-packages/airflow/example_dags/example_bash_decorator.py took 0.094 seconds
[2025-06-20T21:47:36.904+0000] {processor.py:186} INFO - Started process (PID=2702) to work on /home/airflow/.local/lib/python3.12/site-packages/airflow/example_dags/example_bash_decorator.py
[2025-06-20T21:47:36.905+0000] {processor.py:914} INFO - Processing file /home/airflow/.local/lib/python3.12/site-packages/airflow/example_dags/example_bash_decorator.py for tasks to queue
[2025-06-20T21:47:36.907+0000] {logging_mixin.py:190} INFO - [2025-06-20T21:47:36.907+0000] {dagbag.py:588} INFO - Filling up the DagBag from /home/airflow/.local/lib/python3.12/site-packages/airflow/example_dags/example_bash_decorator.py
[2025-06-20T21:47:36.920+0000] {processor.py:925} INFO - DAG(s) 'example_bash_decorator' retrieved from /home/airflow/.local/lib/python3.12/site-packages/airflow/example_dags/example_bash_decorator.py
[2025-06-20T21:47:36.942+0000] {logging_mixin.py:190} INFO - [2025-06-20T21:47:36.942+0000] {dag.py:3239} INFO - Sync 1 DAGs
[2025-06-20T21:47:36.955+0000] {logging_mixin.py:190} INFO - [2025-06-20T21:47:36.955+0000] {dag.py:4180} INFO - Setting next_dagrun for example_bash_decorator to None, run_after=None
[2025-06-20T21:47:37.057+0000] {processor.py:208} INFO - Processing /home/airflow/.local/lib/python3.12/site-packages/airflow/example_dags/example_bash_decorator.py took 0.159 seconds
[2025-06-20T21:48:07.206+0000] {processor.py:186} INFO - Started process (PID=2766) to work on /home/airflow/.local/lib/python3.12/site-packages/airflow/example_dags/example_bash_decorator.py
[2025-06-20T21:48:07.207+0000] {processor.py:914} INFO - Processing file /home/airflow/.local/lib/python3.12/site-packages/airflow/example_dags/example_bash_decorator.py for tasks to queue
[2025-06-20T21:48:07.209+0000] {logging_mixin.py:190} INFO - [2025-06-20T21:48:07.209+0000] {dagbag.py:588} INFO - Filling up the DagBag from /home/airflow/.local/lib/python3.12/site-packages/airflow/example_dags/example_bash_decorator.py
[2025-06-20T21:48:07.222+0000] {processor.py:925} INFO - DAG(s) 'example_bash_decorator' retrieved from /home/airflow/.local/lib/python3.12/site-packages/airflow/example_dags/example_bash_decorator.py
[2025-06-20T21:48:07.244+0000] {logging_mixin.py:190} INFO - [2025-06-20T21:48:07.244+0000] {dag.py:3239} INFO - Sync 1 DAGs
[2025-06-20T21:48:07.258+0000] {logging_mixin.py:190} INFO - [2025-06-20T21:48:07.257+0000] {dag.py:4180} INFO - Setting next_dagrun for example_bash_decorator to None, run_after=None
[2025-06-20T21:48:07.351+0000] {processor.py:208} INFO - Processing /home/airflow/.local/lib/python3.12/site-packages/airflow/example_dags/example_bash_decorator.py took 0.151 seconds
[2025-06-20T21:48:38.048+0000] {processor.py:186} INFO - Started process (PID=2829) to work on /home/airflow/.local/lib/python3.12/site-packages/airflow/example_dags/example_bash_decorator.py
[2025-06-20T21:48:38.049+0000] {processor.py:914} INFO - Processing file /home/airflow/.local/lib/python3.12/site-packages/airflow/example_dags/example_bash_decorator.py for tasks to queue
[2025-06-20T21:48:38.052+0000] {logging_mixin.py:190} INFO - [2025-06-20T21:48:38.051+0000] {dagbag.py:588} INFO - Filling up the DagBag from /home/airflow/.local/lib/python3.12/site-packages/airflow/example_dags/example_bash_decorator.py
[2025-06-20T21:48:38.066+0000] {processor.py:925} INFO - DAG(s) 'example_bash_decorator' retrieved from /home/airflow/.local/lib/python3.12/site-packages/airflow/example_dags/example_bash_decorator.py
[2025-06-20T21:48:38.092+0000] {logging_mixin.py:190} INFO - [2025-06-20T21:48:38.091+0000] {dag.py:3239} INFO - Sync 1 DAGs
[2025-06-20T21:48:38.106+0000] {logging_mixin.py:190} INFO - [2025-06-20T21:48:38.106+0000] {dag.py:4180} INFO - Setting next_dagrun for example_bash_decorator to None, run_after=None
[2025-06-20T21:48:38.143+0000] {processor.py:208} INFO - Processing /home/airflow/.local/lib/python3.12/site-packages/airflow/example_dags/example_bash_decorator.py took 0.101 seconds
[2025-06-20T21:49:08.558+0000] {processor.py:186} INFO - Started process (PID=2893) to work on /home/airflow/.local/lib/python3.12/site-packages/airflow/example_dags/example_bash_decorator.py
[2025-06-20T21:49:08.559+0000] {processor.py:914} INFO - Processing file /home/airflow/.local/lib/python3.12/site-packages/airflow/example_dags/example_bash_decorator.py for tasks to queue
[2025-06-20T21:49:08.562+0000] {logging_mixin.py:190} INFO - [2025-06-20T21:49:08.561+0000] {dagbag.py:588} INFO - Filling up the DagBag from /home/airflow/.local/lib/python3.12/site-packages/airflow/example_dags/example_bash_decorator.py
[2025-06-20T21:49:08.575+0000] {processor.py:925} INFO - DAG(s) 'example_bash_decorator' retrieved from /home/airflow/.local/lib/python3.12/site-packages/airflow/example_dags/example_bash_decorator.py
[2025-06-20T21:49:08.603+0000] {logging_mixin.py:190} INFO - [2025-06-20T21:49:08.603+0000] {dag.py:3239} INFO - Sync 1 DAGs
[2025-06-20T21:49:08.619+0000] {logging_mixin.py:190} INFO - [2025-06-20T21:49:08.619+0000] {dag.py:4180} INFO - Setting next_dagrun for example_bash_decorator to None, run_after=None
[2025-06-20T21:49:08.650+0000] {processor.py:208} INFO - Processing /home/airflow/.local/lib/python3.12/site-packages/airflow/example_dags/example_bash_decorator.py took 0.098 seconds
[2025-06-20T21:49:39.331+0000] {processor.py:186} INFO - Started process (PID=2957) to work on /home/airflow/.local/lib/python3.12/site-packages/airflow/example_dags/example_bash_decorator.py
[2025-06-20T21:49:39.333+0000] {processor.py:914} INFO - Processing file /home/airflow/.local/lib/python3.12/site-packages/airflow/example_dags/example_bash_decorator.py for tasks to queue
[2025-06-20T21:49:39.336+0000] {logging_mixin.py:190} INFO - [2025-06-20T21:49:39.336+0000] {dagbag.py:588} INFO - Filling up the DagBag from /home/airflow/.local/lib/python3.12/site-packages/airflow/example_dags/example_bash_decorator.py
[2025-06-20T21:49:39.356+0000] {processor.py:925} INFO - DAG(s) 'example_bash_decorator' retrieved from /home/airflow/.local/lib/python3.12/site-packages/airflow/example_dags/example_bash_decorator.py
[2025-06-20T21:49:39.390+0000] {logging_mixin.py:190} INFO - [2025-06-20T21:49:39.389+0000] {dag.py:3239} INFO - Sync 1 DAGs
[2025-06-20T21:49:39.408+0000] {logging_mixin.py:190} INFO - [2025-06-20T21:49:39.408+0000] {dag.py:4180} INFO - Setting next_dagrun for example_bash_decorator to None, run_after=None
[2025-06-20T21:49:39.615+0000] {processor.py:208} INFO - Processing /home/airflow/.local/lib/python3.12/site-packages/airflow/example_dags/example_bash_decorator.py took 0.292 seconds
[2025-06-20T21:50:09.851+0000] {processor.py:186} INFO - Started process (PID=3022) to work on /home/airflow/.local/lib/python3.12/site-packages/airflow/example_dags/example_bash_decorator.py
[2025-06-20T21:50:09.852+0000] {processor.py:914} INFO - Processing file /home/airflow/.local/lib/python3.12/site-packages/airflow/example_dags/example_bash_decorator.py for tasks to queue
[2025-06-20T21:50:09.854+0000] {logging_mixin.py:190} INFO - [2025-06-20T21:50:09.854+0000] {dagbag.py:588} INFO - Filling up the DagBag from /home/airflow/.local/lib/python3.12/site-packages/airflow/example_dags/example_bash_decorator.py
[2025-06-20T21:50:09.866+0000] {processor.py:925} INFO - DAG(s) 'example_bash_decorator' retrieved from /home/airflow/.local/lib/python3.12/site-packages/airflow/example_dags/example_bash_decorator.py
[2025-06-20T21:50:09.888+0000] {logging_mixin.py:190} INFO - [2025-06-20T21:50:09.887+0000] {dag.py:3239} INFO - Sync 1 DAGs
[2025-06-20T21:50:09.901+0000] {logging_mixin.py:190} INFO - [2025-06-20T21:50:09.900+0000] {dag.py:4180} INFO - Setting next_dagrun for example_bash_decorator to None, run_after=None
[2025-06-20T21:50:09.938+0000] {processor.py:208} INFO - Processing /home/airflow/.local/lib/python3.12/site-packages/airflow/example_dags/example_bash_decorator.py took 0.093 seconds
[2025-06-20T21:50:40.032+0000] {processor.py:186} INFO - Started process (PID=3086) to work on /home/airflow/.local/lib/python3.12/site-packages/airflow/example_dags/example_bash_decorator.py
[2025-06-20T21:50:40.033+0000] {processor.py:914} INFO - Processing file /home/airflow/.local/lib/python3.12/site-packages/airflow/example_dags/example_bash_decorator.py for tasks to queue
[2025-06-20T21:50:40.035+0000] {logging_mixin.py:190} INFO - [2025-06-20T21:50:40.035+0000] {dagbag.py:588} INFO - Filling up the DagBag from /home/airflow/.local/lib/python3.12/site-packages/airflow/example_dags/example_bash_decorator.py
[2025-06-20T21:50:40.047+0000] {processor.py:925} INFO - DAG(s) 'example_bash_decorator' retrieved from /home/airflow/.local/lib/python3.12/site-packages/airflow/example_dags/example_bash_decorator.py
[2025-06-20T21:50:40.088+0000] {logging_mixin.py:190} INFO - [2025-06-20T21:50:40.087+0000] {dag.py:3239} INFO - Sync 1 DAGs
[2025-06-20T21:50:40.106+0000] {logging_mixin.py:190} INFO - [2025-06-20T21:50:40.106+0000] {dag.py:4180} INFO - Setting next_dagrun for example_bash_decorator to None, run_after=None
[2025-06-20T21:50:40.213+0000] {processor.py:208} INFO - Processing /home/airflow/.local/lib/python3.12/site-packages/airflow/example_dags/example_bash_decorator.py took 0.187 seconds
[2025-06-20T21:51:10.270+0000] {processor.py:186} INFO - Started process (PID=3150) to work on /home/airflow/.local/lib/python3.12/site-packages/airflow/example_dags/example_bash_decorator.py
[2025-06-20T21:51:10.271+0000] {processor.py:914} INFO - Processing file /home/airflow/.local/lib/python3.12/site-packages/airflow/example_dags/example_bash_decorator.py for tasks to queue
[2025-06-20T21:51:10.274+0000] {logging_mixin.py:190} INFO - [2025-06-20T21:51:10.273+0000] {dagbag.py:588} INFO - Filling up the DagBag from /home/airflow/.local/lib/python3.12/site-packages/airflow/example_dags/example_bash_decorator.py
[2025-06-20T21:51:10.288+0000] {processor.py:925} INFO - DAG(s) 'example_bash_decorator' retrieved from /home/airflow/.local/lib/python3.12/site-packages/airflow/example_dags/example_bash_decorator.py
[2025-06-20T21:51:10.309+0000] {logging_mixin.py:190} INFO - [2025-06-20T21:51:10.309+0000] {dag.py:3239} INFO - Sync 1 DAGs
[2025-06-20T21:51:10.324+0000] {logging_mixin.py:190} INFO - [2025-06-20T21:51:10.324+0000] {dag.py:4180} INFO - Setting next_dagrun for example_bash_decorator to None, run_after=None
[2025-06-20T21:51:10.372+0000] {processor.py:208} INFO - Processing /home/airflow/.local/lib/python3.12/site-packages/airflow/example_dags/example_bash_decorator.py took 0.108 seconds
[2025-06-20T21:51:42.441+0000] {processor.py:186} INFO - Started process (PID=3213) to work on /home/airflow/.local/lib/python3.12/site-packages/airflow/example_dags/example_bash_decorator.py
[2025-06-20T21:51:42.442+0000] {processor.py:914} INFO - Processing file /home/airflow/.local/lib/python3.12/site-packages/airflow/example_dags/example_bash_decorator.py for tasks to queue
[2025-06-20T21:51:42.445+0000] {logging_mixin.py:190} INFO - [2025-06-20T21:51:42.444+0000] {dagbag.py:588} INFO - Filling up the DagBag from /home/airflow/.local/lib/python3.12/site-packages/airflow/example_dags/example_bash_decorator.py
[2025-06-20T21:51:42.457+0000] {processor.py:925} INFO - DAG(s) 'example_bash_decorator' retrieved from /home/airflow/.local/lib/python3.12/site-packages/airflow/example_dags/example_bash_decorator.py
[2025-06-20T21:51:42.478+0000] {logging_mixin.py:190} INFO - [2025-06-20T21:51:42.478+0000] {dag.py:3239} INFO - Sync 1 DAGs
[2025-06-20T21:51:42.493+0000] {logging_mixin.py:190} INFO - [2025-06-20T21:51:42.493+0000] {dag.py:4180} INFO - Setting next_dagrun for example_bash_decorator to None, run_after=None
[2025-06-20T21:51:42.522+0000] {processor.py:208} INFO - Processing /home/airflow/.local/lib/python3.12/site-packages/airflow/example_dags/example_bash_decorator.py took 0.086 seconds
[2025-06-20T21:52:13.285+0000] {processor.py:186} INFO - Started process (PID=3270) to work on /home/airflow/.local/lib/python3.12/site-packages/airflow/example_dags/example_bash_decorator.py
[2025-06-20T21:52:13.286+0000] {processor.py:914} INFO - Processing file /home/airflow/.local/lib/python3.12/site-packages/airflow/example_dags/example_bash_decorator.py for tasks to queue
[2025-06-20T21:52:13.289+0000] {logging_mixin.py:190} INFO - [2025-06-20T21:52:13.288+0000] {dagbag.py:588} INFO - Filling up the DagBag from /home/airflow/.local/lib/python3.12/site-packages/airflow/example_dags/example_bash_decorator.py
[2025-06-20T21:52:13.310+0000] {processor.py:925} INFO - DAG(s) 'example_bash_decorator' retrieved from /home/airflow/.local/lib/python3.12/site-packages/airflow/example_dags/example_bash_decorator.py
[2025-06-20T21:52:13.339+0000] {logging_mixin.py:190} INFO - [2025-06-20T21:52:13.339+0000] {dag.py:3239} INFO - Sync 1 DAGs
[2025-06-20T21:52:13.581+0000] {logging_mixin.py:190} INFO - [2025-06-20T21:52:13.580+0000] {dag.py:4180} INFO - Setting next_dagrun for example_bash_decorator to None, run_after=None
[2025-06-20T21:52:13.634+0000] {processor.py:208} INFO - Processing /home/airflow/.local/lib/python3.12/site-packages/airflow/example_dags/example_bash_decorator.py took 0.356 seconds
[2025-06-20T21:52:43.749+0000] {processor.py:186} INFO - Started process (PID=3334) to work on /home/airflow/.local/lib/python3.12/site-packages/airflow/example_dags/example_bash_decorator.py
[2025-06-20T21:52:43.750+0000] {processor.py:914} INFO - Processing file /home/airflow/.local/lib/python3.12/site-packages/airflow/example_dags/example_bash_decorator.py for tasks to queue
[2025-06-20T21:52:43.753+0000] {logging_mixin.py:190} INFO - [2025-06-20T21:52:43.753+0000] {dagbag.py:588} INFO - Filling up the DagBag from /home/airflow/.local/lib/python3.12/site-packages/airflow/example_dags/example_bash_decorator.py
[2025-06-20T21:52:43.768+0000] {processor.py:925} INFO - DAG(s) 'example_bash_decorator' retrieved from /home/airflow/.local/lib/python3.12/site-packages/airflow/example_dags/example_bash_decorator.py
[2025-06-20T21:52:43.791+0000] {logging_mixin.py:190} INFO - [2025-06-20T21:52:43.791+0000] {dag.py:3239} INFO - Sync 1 DAGs
[2025-06-20T21:52:43.804+0000] {logging_mixin.py:190} INFO - [2025-06-20T21:52:43.804+0000] {dag.py:4180} INFO - Setting next_dagrun for example_bash_decorator to None, run_after=None
[2025-06-20T21:52:43.835+0000] {processor.py:208} INFO - Processing /home/airflow/.local/lib/python3.12/site-packages/airflow/example_dags/example_bash_decorator.py took 0.091 seconds
[2025-06-20T21:53:14.114+0000] {processor.py:186} INFO - Started process (PID=3395) to work on /home/airflow/.local/lib/python3.12/site-packages/airflow/example_dags/example_bash_decorator.py
[2025-06-20T21:53:14.115+0000] {processor.py:914} INFO - Processing file /home/airflow/.local/lib/python3.12/site-packages/airflow/example_dags/example_bash_decorator.py for tasks to queue
[2025-06-20T21:53:14.118+0000] {logging_mixin.py:190} INFO - [2025-06-20T21:53:14.118+0000] {dagbag.py:588} INFO - Filling up the DagBag from /home/airflow/.local/lib/python3.12/site-packages/airflow/example_dags/example_bash_decorator.py
[2025-06-20T21:53:14.131+0000] {processor.py:925} INFO - DAG(s) 'example_bash_decorator' retrieved from /home/airflow/.local/lib/python3.12/site-packages/airflow/example_dags/example_bash_decorator.py
[2025-06-20T21:53:14.153+0000] {logging_mixin.py:190} INFO - [2025-06-20T21:53:14.153+0000] {dag.py:3239} INFO - Sync 1 DAGs
[2025-06-20T21:53:14.166+0000] {logging_mixin.py:190} INFO - [2025-06-20T21:53:14.166+0000] {dag.py:4180} INFO - Setting next_dagrun for example_bash_decorator to None, run_after=None
[2025-06-20T21:53:14.204+0000] {processor.py:208} INFO - Processing /home/airflow/.local/lib/python3.12/site-packages/airflow/example_dags/example_bash_decorator.py took 0.095 seconds
[2025-06-20T21:53:44.539+0000] {processor.py:186} INFO - Started process (PID=3458) to work on /home/airflow/.local/lib/python3.12/site-packages/airflow/example_dags/example_bash_decorator.py
[2025-06-20T21:53:44.540+0000] {processor.py:914} INFO - Processing file /home/airflow/.local/lib/python3.12/site-packages/airflow/example_dags/example_bash_decorator.py for tasks to queue
[2025-06-20T21:53:44.543+0000] {logging_mixin.py:190} INFO - [2025-06-20T21:53:44.542+0000] {dagbag.py:588} INFO - Filling up the DagBag from /home/airflow/.local/lib/python3.12/site-packages/airflow/example_dags/example_bash_decorator.py
[2025-06-20T21:53:44.555+0000] {processor.py:925} INFO - DAG(s) 'example_bash_decorator' retrieved from /home/airflow/.local/lib/python3.12/site-packages/airflow/example_dags/example_bash_decorator.py
[2025-06-20T21:53:44.578+0000] {logging_mixin.py:190} INFO - [2025-06-20T21:53:44.578+0000] {dag.py:3239} INFO - Sync 1 DAGs
[2025-06-20T21:53:44.590+0000] {logging_mixin.py:190} INFO - [2025-06-20T21:53:44.590+0000] {dag.py:4180} INFO - Setting next_dagrun for example_bash_decorator to None, run_after=None
[2025-06-20T21:53:44.647+0000] {processor.py:208} INFO - Processing /home/airflow/.local/lib/python3.12/site-packages/airflow/example_dags/example_bash_decorator.py took 0.113 seconds
[2025-06-20T21:55:43.088+0000] {processor.py:186} INFO - Started process (PID=74) to work on /home/airflow/.local/lib/python3.12/site-packages/airflow/example_dags/example_bash_decorator.py
[2025-06-20T21:55:43.089+0000] {processor.py:914} INFO - Processing file /home/airflow/.local/lib/python3.12/site-packages/airflow/example_dags/example_bash_decorator.py for tasks to queue
[2025-06-20T21:55:43.093+0000] {logging_mixin.py:190} INFO - [2025-06-20T21:55:43.092+0000] {dagbag.py:588} INFO - Filling up the DagBag from /home/airflow/.local/lib/python3.12/site-packages/airflow/example_dags/example_bash_decorator.py
[2025-06-20T21:55:43.128+0000] {processor.py:925} INFO - DAG(s) 'example_bash_decorator' retrieved from /home/airflow/.local/lib/python3.12/site-packages/airflow/example_dags/example_bash_decorator.py
[2025-06-20T21:55:43.287+0000] {logging_mixin.py:190} INFO - [2025-06-20T21:55:43.286+0000] {override.py:1911} INFO - Created Permission View: can delete on DAG:example_bash_decorator
[2025-06-20T21:55:43.307+0000] {logging_mixin.py:190} INFO - [2025-06-20T21:55:43.307+0000] {override.py:1911} INFO - Created Permission View: can edit on DAG:example_bash_decorator
[2025-06-20T21:55:43.330+0000] {logging_mixin.py:190} INFO - [2025-06-20T21:55:43.329+0000] {override.py:1911} INFO - Created Permission View: can read on DAG:example_bash_decorator
[2025-06-20T21:55:43.351+0000] {logging_mixin.py:190} INFO - [2025-06-20T21:55:43.350+0000] {override.py:1911} INFO - Created Permission View: can delete on DAG Run:example_bash_decorator
[2025-06-20T21:55:43.372+0000] {logging_mixin.py:190} INFO - [2025-06-20T21:55:43.371+0000] {override.py:1911} INFO - Created Permission View: menu access on DAG Run:example_bash_decorator
[2025-06-20T21:55:43.395+0000] {logging_mixin.py:190} INFO - [2025-06-20T21:55:43.394+0000] {override.py:1911} INFO - Created Permission View: can create on DAG Run:example_bash_decorator
[2025-06-20T21:55:43.416+0000] {logging_mixin.py:190} INFO - [2025-06-20T21:55:43.416+0000] {override.py:1911} INFO - Created Permission View: can read on DAG Run:example_bash_decorator
[2025-06-20T21:55:43.417+0000] {logging_mixin.py:190} INFO - [2025-06-20T21:55:43.417+0000] {dag.py:3239} INFO - Sync 1 DAGs
[2025-06-20T21:55:43.436+0000] {logging_mixin.py:190} INFO - [2025-06-20T21:55:43.436+0000] {dag.py:3262} INFO - Creating ORM DAG for example_bash_decorator
[2025-06-20T21:55:43.438+0000] {logging_mixin.py:190} INFO - [2025-06-20T21:55:43.437+0000] {dag.py:4180} INFO - Setting next_dagrun for example_bash_decorator to None, run_after=None
[2025-06-20T21:55:43.466+0000] {processor.py:208} INFO - Processing /home/airflow/.local/lib/python3.12/site-packages/airflow/example_dags/example_bash_decorator.py took 0.386 seconds
[2025-06-20T21:56:13.631+0000] {processor.py:186} INFO - Started process (PID=137) to work on /home/airflow/.local/lib/python3.12/site-packages/airflow/example_dags/example_bash_decorator.py
[2025-06-20T21:56:13.632+0000] {processor.py:914} INFO - Processing file /home/airflow/.local/lib/python3.12/site-packages/airflow/example_dags/example_bash_decorator.py for tasks to queue
[2025-06-20T21:56:13.634+0000] {logging_mixin.py:190} INFO - [2025-06-20T21:56:13.634+0000] {dagbag.py:588} INFO - Filling up the DagBag from /home/airflow/.local/lib/python3.12/site-packages/airflow/example_dags/example_bash_decorator.py
[2025-06-20T21:56:13.748+0000] {processor.py:925} INFO - DAG(s) 'example_bash_decorator' retrieved from /home/airflow/.local/lib/python3.12/site-packages/airflow/example_dags/example_bash_decorator.py
[2025-06-20T21:56:13.771+0000] {logging_mixin.py:190} INFO - [2025-06-20T21:56:13.770+0000] {dag.py:3239} INFO - Sync 1 DAGs
[2025-06-20T21:56:13.784+0000] {logging_mixin.py:190} INFO - [2025-06-20T21:56:13.784+0000] {dag.py:4180} INFO - Setting next_dagrun for example_bash_decorator to None, run_after=None
[2025-06-20T21:56:14.257+0000] {processor.py:208} INFO - Processing /home/airflow/.local/lib/python3.12/site-packages/airflow/example_dags/example_bash_decorator.py took 0.631 seconds
[2025-06-20T21:56:44.539+0000] {processor.py:186} INFO - Started process (PID=201) to work on /home/airflow/.local/lib/python3.12/site-packages/airflow/example_dags/example_bash_decorator.py
[2025-06-20T21:56:44.540+0000] {processor.py:914} INFO - Processing file /home/airflow/.local/lib/python3.12/site-packages/airflow/example_dags/example_bash_decorator.py for tasks to queue
[2025-06-20T21:56:44.543+0000] {logging_mixin.py:190} INFO - [2025-06-20T21:56:44.542+0000] {dagbag.py:588} INFO - Filling up the DagBag from /home/airflow/.local/lib/python3.12/site-packages/airflow/example_dags/example_bash_decorator.py
[2025-06-20T21:56:44.556+0000] {processor.py:925} INFO - DAG(s) 'example_bash_decorator' retrieved from /home/airflow/.local/lib/python3.12/site-packages/airflow/example_dags/example_bash_decorator.py
[2025-06-20T21:56:44.579+0000] {logging_mixin.py:190} INFO - [2025-06-20T21:56:44.579+0000] {dag.py:3239} INFO - Sync 1 DAGs
[2025-06-20T21:56:44.593+0000] {logging_mixin.py:190} INFO - [2025-06-20T21:56:44.593+0000] {dag.py:4180} INFO - Setting next_dagrun for example_bash_decorator to None, run_after=None
[2025-06-20T21:56:44.622+0000] {processor.py:208} INFO - Processing /home/airflow/.local/lib/python3.12/site-packages/airflow/example_dags/example_bash_decorator.py took 0.088 seconds
[2025-06-20T21:57:14.995+0000] {processor.py:186} INFO - Started process (PID=265) to work on /home/airflow/.local/lib/python3.12/site-packages/airflow/example_dags/example_bash_decorator.py
[2025-06-20T21:57:14.997+0000] {processor.py:914} INFO - Processing file /home/airflow/.local/lib/python3.12/site-packages/airflow/example_dags/example_bash_decorator.py for tasks to queue
[2025-06-20T21:57:14.999+0000] {logging_mixin.py:190} INFO - [2025-06-20T21:57:14.999+0000] {dagbag.py:588} INFO - Filling up the DagBag from /home/airflow/.local/lib/python3.12/site-packages/airflow/example_dags/example_bash_decorator.py
[2025-06-20T21:57:15.011+0000] {processor.py:925} INFO - DAG(s) 'example_bash_decorator' retrieved from /home/airflow/.local/lib/python3.12/site-packages/airflow/example_dags/example_bash_decorator.py
[2025-06-20T21:57:15.034+0000] {logging_mixin.py:190} INFO - [2025-06-20T21:57:15.034+0000] {dag.py:3239} INFO - Sync 1 DAGs
[2025-06-20T21:57:15.048+0000] {logging_mixin.py:190} INFO - [2025-06-20T21:57:15.047+0000] {dag.py:4180} INFO - Setting next_dagrun for example_bash_decorator to None, run_after=None
[2025-06-20T21:57:15.072+0000] {processor.py:208} INFO - Processing /home/airflow/.local/lib/python3.12/site-packages/airflow/example_dags/example_bash_decorator.py took 0.081 seconds
[2025-06-20T21:57:45.210+0000] {processor.py:186} INFO - Started process (PID=329) to work on /home/airflow/.local/lib/python3.12/site-packages/airflow/example_dags/example_bash_decorator.py
[2025-06-20T21:57:45.212+0000] {processor.py:914} INFO - Processing file /home/airflow/.local/lib/python3.12/site-packages/airflow/example_dags/example_bash_decorator.py for tasks to queue
[2025-06-20T21:57:45.214+0000] {logging_mixin.py:190} INFO - [2025-06-20T21:57:45.214+0000] {dagbag.py:588} INFO - Filling up the DagBag from /home/airflow/.local/lib/python3.12/site-packages/airflow/example_dags/example_bash_decorator.py
[2025-06-20T21:57:45.229+0000] {processor.py:925} INFO - DAG(s) 'example_bash_decorator' retrieved from /home/airflow/.local/lib/python3.12/site-packages/airflow/example_dags/example_bash_decorator.py
[2025-06-20T21:57:45.252+0000] {logging_mixin.py:190} INFO - [2025-06-20T21:57:45.252+0000] {dag.py:3239} INFO - Sync 1 DAGs
[2025-06-20T21:57:45.266+0000] {logging_mixin.py:190} INFO - [2025-06-20T21:57:45.266+0000] {dag.py:4180} INFO - Setting next_dagrun for example_bash_decorator to None, run_after=None
[2025-06-20T21:57:45.291+0000] {processor.py:208} INFO - Processing /home/airflow/.local/lib/python3.12/site-packages/airflow/example_dags/example_bash_decorator.py took 0.087 seconds
[2025-06-20T21:58:15.925+0000] {processor.py:186} INFO - Started process (PID=400) to work on /home/airflow/.local/lib/python3.12/site-packages/airflow/example_dags/example_bash_decorator.py
[2025-06-20T21:58:15.926+0000] {processor.py:914} INFO - Processing file /home/airflow/.local/lib/python3.12/site-packages/airflow/example_dags/example_bash_decorator.py for tasks to queue
[2025-06-20T21:58:15.928+0000] {logging_mixin.py:190} INFO - [2025-06-20T21:58:15.928+0000] {dagbag.py:588} INFO - Filling up the DagBag from /home/airflow/.local/lib/python3.12/site-packages/airflow/example_dags/example_bash_decorator.py
[2025-06-20T21:58:15.941+0000] {processor.py:925} INFO - DAG(s) 'example_bash_decorator' retrieved from /home/airflow/.local/lib/python3.12/site-packages/airflow/example_dags/example_bash_decorator.py
[2025-06-20T21:58:15.965+0000] {logging_mixin.py:190} INFO - [2025-06-20T21:58:15.965+0000] {dag.py:3239} INFO - Sync 1 DAGs
[2025-06-20T21:58:15.982+0000] {logging_mixin.py:190} INFO - [2025-06-20T21:58:15.981+0000] {dag.py:4180} INFO - Setting next_dagrun for example_bash_decorator to None, run_after=None
[2025-06-20T21:58:16.010+0000] {processor.py:208} INFO - Processing /home/airflow/.local/lib/python3.12/site-packages/airflow/example_dags/example_bash_decorator.py took 0.090 seconds
[2025-06-20T21:58:46.051+0000] {processor.py:186} INFO - Started process (PID=465) to work on /home/airflow/.local/lib/python3.12/site-packages/airflow/example_dags/example_bash_decorator.py
[2025-06-20T21:58:46.052+0000] {processor.py:914} INFO - Processing file /home/airflow/.local/lib/python3.12/site-packages/airflow/example_dags/example_bash_decorator.py for tasks to queue
[2025-06-20T21:58:46.054+0000] {logging_mixin.py:190} INFO - [2025-06-20T21:58:46.054+0000] {dagbag.py:588} INFO - Filling up the DagBag from /home/airflow/.local/lib/python3.12/site-packages/airflow/example_dags/example_bash_decorator.py
[2025-06-20T21:58:46.066+0000] {processor.py:925} INFO - DAG(s) 'example_bash_decorator' retrieved from /home/airflow/.local/lib/python3.12/site-packages/airflow/example_dags/example_bash_decorator.py
[2025-06-20T21:58:46.088+0000] {logging_mixin.py:190} INFO - [2025-06-20T21:58:46.088+0000] {dag.py:3239} INFO - Sync 1 DAGs
[2025-06-20T21:58:46.102+0000] {logging_mixin.py:190} INFO - [2025-06-20T21:58:46.101+0000] {dag.py:4180} INFO - Setting next_dagrun for example_bash_decorator to None, run_after=None
[2025-06-20T21:58:46.130+0000] {processor.py:208} INFO - Processing /home/airflow/.local/lib/python3.12/site-packages/airflow/example_dags/example_bash_decorator.py took 0.084 seconds
[2025-06-20T21:59:16.830+0000] {processor.py:186} INFO - Started process (PID=529) to work on /home/airflow/.local/lib/python3.12/site-packages/airflow/example_dags/example_bash_decorator.py
[2025-06-20T21:59:16.831+0000] {processor.py:914} INFO - Processing file /home/airflow/.local/lib/python3.12/site-packages/airflow/example_dags/example_bash_decorator.py for tasks to queue
[2025-06-20T21:59:16.834+0000] {logging_mixin.py:190} INFO - [2025-06-20T21:59:16.834+0000] {dagbag.py:588} INFO - Filling up the DagBag from /home/airflow/.local/lib/python3.12/site-packages/airflow/example_dags/example_bash_decorator.py
[2025-06-20T21:59:16.847+0000] {processor.py:925} INFO - DAG(s) 'example_bash_decorator' retrieved from /home/airflow/.local/lib/python3.12/site-packages/airflow/example_dags/example_bash_decorator.py
[2025-06-20T21:59:16.869+0000] {logging_mixin.py:190} INFO - [2025-06-20T21:59:16.869+0000] {dag.py:3239} INFO - Sync 1 DAGs
[2025-06-20T21:59:16.881+0000] {logging_mixin.py:190} INFO - [2025-06-20T21:59:16.881+0000] {dag.py:4180} INFO - Setting next_dagrun for example_bash_decorator to None, run_after=None
[2025-06-20T21:59:16.907+0000] {processor.py:208} INFO - Processing /home/airflow/.local/lib/python3.12/site-packages/airflow/example_dags/example_bash_decorator.py took 0.082 seconds
[2025-06-20T21:59:47.236+0000] {processor.py:186} INFO - Started process (PID=593) to work on /home/airflow/.local/lib/python3.12/site-packages/airflow/example_dags/example_bash_decorator.py
[2025-06-20T21:59:47.237+0000] {processor.py:914} INFO - Processing file /home/airflow/.local/lib/python3.12/site-packages/airflow/example_dags/example_bash_decorator.py for tasks to queue
[2025-06-20T21:59:47.240+0000] {logging_mixin.py:190} INFO - [2025-06-20T21:59:47.239+0000] {dagbag.py:588} INFO - Filling up the DagBag from /home/airflow/.local/lib/python3.12/site-packages/airflow/example_dags/example_bash_decorator.py
[2025-06-20T21:59:47.253+0000] {processor.py:925} INFO - DAG(s) 'example_bash_decorator' retrieved from /home/airflow/.local/lib/python3.12/site-packages/airflow/example_dags/example_bash_decorator.py
[2025-06-20T21:59:47.275+0000] {logging_mixin.py:190} INFO - [2025-06-20T21:59:47.275+0000] {dag.py:3239} INFO - Sync 1 DAGs
[2025-06-20T21:59:47.288+0000] {logging_mixin.py:190} INFO - [2025-06-20T21:59:47.288+0000] {dag.py:4180} INFO - Setting next_dagrun for example_bash_decorator to None, run_after=None
[2025-06-20T21:59:47.310+0000] {processor.py:208} INFO - Processing /home/airflow/.local/lib/python3.12/site-packages/airflow/example_dags/example_bash_decorator.py took 0.080 seconds
[2025-06-20T22:00:17.633+0000] {processor.py:186} INFO - Started process (PID=657) to work on /home/airflow/.local/lib/python3.12/site-packages/airflow/example_dags/example_bash_decorator.py
[2025-06-20T22:00:17.634+0000] {processor.py:914} INFO - Processing file /home/airflow/.local/lib/python3.12/site-packages/airflow/example_dags/example_bash_decorator.py for tasks to queue
[2025-06-20T22:00:17.636+0000] {logging_mixin.py:190} INFO - [2025-06-20T22:00:17.636+0000] {dagbag.py:588} INFO - Filling up the DagBag from /home/airflow/.local/lib/python3.12/site-packages/airflow/example_dags/example_bash_decorator.py
[2025-06-20T22:00:17.648+0000] {processor.py:925} INFO - DAG(s) 'example_bash_decorator' retrieved from /home/airflow/.local/lib/python3.12/site-packages/airflow/example_dags/example_bash_decorator.py
[2025-06-20T22:00:17.670+0000] {logging_mixin.py:190} INFO - [2025-06-20T22:00:17.670+0000] {dag.py:3239} INFO - Sync 1 DAGs
[2025-06-20T22:00:17.684+0000] {logging_mixin.py:190} INFO - [2025-06-20T22:00:17.684+0000] {dag.py:4180} INFO - Setting next_dagrun for example_bash_decorator to None, run_after=None
[2025-06-20T22:00:17.709+0000] {processor.py:208} INFO - Processing /home/airflow/.local/lib/python3.12/site-packages/airflow/example_dags/example_bash_decorator.py took 0.081 seconds
[2025-06-20T22:00:47.983+0000] {processor.py:186} INFO - Started process (PID=721) to work on /home/airflow/.local/lib/python3.12/site-packages/airflow/example_dags/example_bash_decorator.py
[2025-06-20T22:00:47.985+0000] {processor.py:914} INFO - Processing file /home/airflow/.local/lib/python3.12/site-packages/airflow/example_dags/example_bash_decorator.py for tasks to queue
[2025-06-20T22:00:47.988+0000] {logging_mixin.py:190} INFO - [2025-06-20T22:00:47.988+0000] {dagbag.py:588} INFO - Filling up the DagBag from /home/airflow/.local/lib/python3.12/site-packages/airflow/example_dags/example_bash_decorator.py
[2025-06-20T22:00:48.002+0000] {processor.py:925} INFO - DAG(s) 'example_bash_decorator' retrieved from /home/airflow/.local/lib/python3.12/site-packages/airflow/example_dags/example_bash_decorator.py
[2025-06-20T22:00:48.025+0000] {logging_mixin.py:190} INFO - [2025-06-20T22:00:48.025+0000] {dag.py:3239} INFO - Sync 1 DAGs
[2025-06-20T22:00:48.038+0000] {logging_mixin.py:190} INFO - [2025-06-20T22:00:48.037+0000] {dag.py:4180} INFO - Setting next_dagrun for example_bash_decorator to None, run_after=None
[2025-06-20T22:00:48.069+0000] {processor.py:208} INFO - Processing /home/airflow/.local/lib/python3.12/site-packages/airflow/example_dags/example_bash_decorator.py took 0.091 seconds
[2025-06-20T22:01:18.428+0000] {processor.py:186} INFO - Started process (PID=785) to work on /home/airflow/.local/lib/python3.12/site-packages/airflow/example_dags/example_bash_decorator.py
[2025-06-20T22:01:18.429+0000] {processor.py:914} INFO - Processing file /home/airflow/.local/lib/python3.12/site-packages/airflow/example_dags/example_bash_decorator.py for tasks to queue
[2025-06-20T22:01:18.432+0000] {logging_mixin.py:190} INFO - [2025-06-20T22:01:18.432+0000] {dagbag.py:588} INFO - Filling up the DagBag from /home/airflow/.local/lib/python3.12/site-packages/airflow/example_dags/example_bash_decorator.py
[2025-06-20T22:01:18.447+0000] {processor.py:925} INFO - DAG(s) 'example_bash_decorator' retrieved from /home/airflow/.local/lib/python3.12/site-packages/airflow/example_dags/example_bash_decorator.py
[2025-06-20T22:01:18.468+0000] {logging_mixin.py:190} INFO - [2025-06-20T22:01:18.468+0000] {dag.py:3239} INFO - Sync 1 DAGs
[2025-06-20T22:01:18.482+0000] {logging_mixin.py:190} INFO - [2025-06-20T22:01:18.482+0000] {dag.py:4180} INFO - Setting next_dagrun for example_bash_decorator to None, run_after=None
[2025-06-20T22:01:18.521+0000] {processor.py:208} INFO - Processing /home/airflow/.local/lib/python3.12/site-packages/airflow/example_dags/example_bash_decorator.py took 0.099 seconds
[2025-06-20T22:01:48.821+0000] {processor.py:186} INFO - Started process (PID=849) to work on /home/airflow/.local/lib/python3.12/site-packages/airflow/example_dags/example_bash_decorator.py
[2025-06-20T22:01:48.822+0000] {processor.py:914} INFO - Processing file /home/airflow/.local/lib/python3.12/site-packages/airflow/example_dags/example_bash_decorator.py for tasks to queue
[2025-06-20T22:01:48.824+0000] {logging_mixin.py:190} INFO - [2025-06-20T22:01:48.824+0000] {dagbag.py:588} INFO - Filling up the DagBag from /home/airflow/.local/lib/python3.12/site-packages/airflow/example_dags/example_bash_decorator.py
[2025-06-20T22:01:48.837+0000] {processor.py:925} INFO - DAG(s) 'example_bash_decorator' retrieved from /home/airflow/.local/lib/python3.12/site-packages/airflow/example_dags/example_bash_decorator.py
[2025-06-20T22:01:48.862+0000] {logging_mixin.py:190} INFO - [2025-06-20T22:01:48.861+0000] {dag.py:3239} INFO - Sync 1 DAGs
[2025-06-20T22:01:48.875+0000] {logging_mixin.py:190} INFO - [2025-06-20T22:01:48.875+0000] {dag.py:4180} INFO - Setting next_dagrun for example_bash_decorator to None, run_after=None
[2025-06-20T22:01:48.905+0000] {processor.py:208} INFO - Processing /home/airflow/.local/lib/python3.12/site-packages/airflow/example_dags/example_bash_decorator.py took 0.090 seconds
[2025-06-20T22:02:19.521+0000] {processor.py:186} INFO - Started process (PID=913) to work on /home/airflow/.local/lib/python3.12/site-packages/airflow/example_dags/example_bash_decorator.py
[2025-06-20T22:02:19.522+0000] {processor.py:914} INFO - Processing file /home/airflow/.local/lib/python3.12/site-packages/airflow/example_dags/example_bash_decorator.py for tasks to queue
[2025-06-20T22:02:19.524+0000] {logging_mixin.py:190} INFO - [2025-06-20T22:02:19.523+0000] {dagbag.py:588} INFO - Filling up the DagBag from /home/airflow/.local/lib/python3.12/site-packages/airflow/example_dags/example_bash_decorator.py
[2025-06-20T22:02:19.537+0000] {processor.py:925} INFO - DAG(s) 'example_bash_decorator' retrieved from /home/airflow/.local/lib/python3.12/site-packages/airflow/example_dags/example_bash_decorator.py
[2025-06-20T22:02:19.558+0000] {logging_mixin.py:190} INFO - [2025-06-20T22:02:19.558+0000] {dag.py:3239} INFO - Sync 1 DAGs
[2025-06-20T22:02:19.571+0000] {logging_mixin.py:190} INFO - [2025-06-20T22:02:19.571+0000] {dag.py:4180} INFO - Setting next_dagrun for example_bash_decorator to None, run_after=None
[2025-06-20T22:02:19.595+0000] {processor.py:208} INFO - Processing /home/airflow/.local/lib/python3.12/site-packages/airflow/example_dags/example_bash_decorator.py took 0.079 seconds
[2025-06-20T22:02:49.697+0000] {processor.py:186} INFO - Started process (PID=977) to work on /home/airflow/.local/lib/python3.12/site-packages/airflow/example_dags/example_bash_decorator.py
[2025-06-20T22:02:49.699+0000] {processor.py:914} INFO - Processing file /home/airflow/.local/lib/python3.12/site-packages/airflow/example_dags/example_bash_decorator.py for tasks to queue
[2025-06-20T22:02:49.701+0000] {logging_mixin.py:190} INFO - [2025-06-20T22:02:49.701+0000] {dagbag.py:588} INFO - Filling up the DagBag from /home/airflow/.local/lib/python3.12/site-packages/airflow/example_dags/example_bash_decorator.py
[2025-06-20T22:02:49.714+0000] {processor.py:925} INFO - DAG(s) 'example_bash_decorator' retrieved from /home/airflow/.local/lib/python3.12/site-packages/airflow/example_dags/example_bash_decorator.py
[2025-06-20T22:02:49.736+0000] {logging_mixin.py:190} INFO - [2025-06-20T22:02:49.735+0000] {dag.py:3239} INFO - Sync 1 DAGs
[2025-06-20T22:02:49.749+0000] {logging_mixin.py:190} INFO - [2025-06-20T22:02:49.749+0000] {dag.py:4180} INFO - Setting next_dagrun for example_bash_decorator to None, run_after=None
[2025-06-20T22:02:49.773+0000] {processor.py:208} INFO - Processing /home/airflow/.local/lib/python3.12/site-packages/airflow/example_dags/example_bash_decorator.py took 0.081 seconds
[2025-06-20T22:03:20.190+0000] {processor.py:186} INFO - Started process (PID=1041) to work on /home/airflow/.local/lib/python3.12/site-packages/airflow/example_dags/example_bash_decorator.py
[2025-06-20T22:03:20.191+0000] {processor.py:914} INFO - Processing file /home/airflow/.local/lib/python3.12/site-packages/airflow/example_dags/example_bash_decorator.py for tasks to queue
[2025-06-20T22:03:20.193+0000] {logging_mixin.py:190} INFO - [2025-06-20T22:03:20.193+0000] {dagbag.py:588} INFO - Filling up the DagBag from /home/airflow/.local/lib/python3.12/site-packages/airflow/example_dags/example_bash_decorator.py
[2025-06-20T22:03:20.206+0000] {processor.py:925} INFO - DAG(s) 'example_bash_decorator' retrieved from /home/airflow/.local/lib/python3.12/site-packages/airflow/example_dags/example_bash_decorator.py
[2025-06-20T22:03:20.230+0000] {logging_mixin.py:190} INFO - [2025-06-20T22:03:20.230+0000] {dag.py:3239} INFO - Sync 1 DAGs
[2025-06-20T22:03:20.244+0000] {logging_mixin.py:190} INFO - [2025-06-20T22:03:20.243+0000] {dag.py:4180} INFO - Setting next_dagrun for example_bash_decorator to None, run_after=None
[2025-06-20T22:03:20.276+0000] {processor.py:208} INFO - Processing /home/airflow/.local/lib/python3.12/site-packages/airflow/example_dags/example_bash_decorator.py took 0.091 seconds
