[2025-06-20T21:26:51.672+0000] {processor.py:186} INFO - Started process (PID=134) to work on /home/airflow/.local/lib/python3.12/site-packages/airflow/example_dags/example_bash_operator.py
[2025-06-20T21:26:51.673+0000] {processor.py:914} INFO - Processing file /home/airflow/.local/lib/python3.12/site-packages/airflow/example_dags/example_bash_operator.py for tasks to queue
[2025-06-20T21:26:51.677+0000] {logging_mixin.py:190} INFO - [2025-06-20T21:26:51.676+0000] {dagbag.py:588} INFO - Filling up the DagBag from /home/airflow/.local/lib/python3.12/site-packages/airflow/example_dags/example_bash_operator.py
[2025-06-20T21:26:51.707+0000] {processor.py:925} INFO - DAG(s) 'example_bash_operator' retrieved from /home/airflow/.local/lib/python3.12/site-packages/airflow/example_dags/example_bash_operator.py
[2025-06-20T21:26:51.849+0000] {logging_mixin.py:190} INFO - [2025-06-20T21:26:51.848+0000] {override.py:1911} INFO - Created Permission View: can delete on DAG:example_bash_operator
[2025-06-20T21:26:51.901+0000] {logging_mixin.py:190} INFO - [2025-06-20T21:26:51.901+0000] {override.py:1911} INFO - Created Permission View: can read on DAG:example_bash_operator
[2025-06-20T21:26:51.933+0000] {logging_mixin.py:190} INFO - [2025-06-20T21:26:51.933+0000] {override.py:1911} INFO - Created Permission View: can edit on DAG:example_bash_operator
[2025-06-20T21:26:51.977+0000] {logging_mixin.py:190} INFO - [2025-06-20T21:26:51.976+0000] {override.py:1911} INFO - Created Permission View: can delete on DAG Run:example_bash_operator
[2025-06-20T21:26:51.998+0000] {logging_mixin.py:190} INFO - [2025-06-20T21:26:51.997+0000] {override.py:1911} INFO - Created Permission View: can create on DAG Run:example_bash_operator
[2025-06-20T21:26:52.030+0000] {logging_mixin.py:190} INFO - [2025-06-20T21:26:52.029+0000] {override.py:1911} INFO - Created Permission View: can read on DAG Run:example_bash_operator
[2025-06-20T21:26:52.062+0000] {logging_mixin.py:190} INFO - [2025-06-20T21:26:52.061+0000] {override.py:1911} INFO - Created Permission View: menu access on DAG Run:example_bash_operator
[2025-06-20T21:26:52.063+0000] {logging_mixin.py:190} INFO - [2025-06-20T21:26:52.062+0000] {dag.py:3239} INFO - Sync 1 DAGs
[2025-06-20T21:26:52.079+0000] {logging_mixin.py:190} INFO - [2025-06-20T21:26:52.079+0000] {dag.py:3262} INFO - Creating ORM DAG for example_bash_operator
[2025-06-20T21:26:52.091+0000] {logging_mixin.py:190} INFO - [2025-06-20T21:26:52.091+0000] {dag.py:4180} INFO - Setting next_dagrun for example_bash_operator to 2025-06-19 00:00:00+00:00, run_after=2025-06-20 00:00:00+00:00
[2025-06-20T21:26:52.148+0000] {processor.py:208} INFO - Processing /home/airflow/.local/lib/python3.12/site-packages/airflow/example_dags/example_bash_operator.py took 0.481 seconds
[2025-06-20T21:27:22.943+0000] {processor.py:186} INFO - Started process (PID=198) to work on /home/airflow/.local/lib/python3.12/site-packages/airflow/example_dags/example_bash_operator.py
[2025-06-20T21:27:22.944+0000] {processor.py:914} INFO - Processing file /home/airflow/.local/lib/python3.12/site-packages/airflow/example_dags/example_bash_operator.py for tasks to queue
[2025-06-20T21:27:22.946+0000] {logging_mixin.py:190} INFO - [2025-06-20T21:27:22.946+0000] {dagbag.py:588} INFO - Filling up the DagBag from /home/airflow/.local/lib/python3.12/site-packages/airflow/example_dags/example_bash_operator.py
[2025-06-20T21:27:22.960+0000] {processor.py:925} INFO - DAG(s) 'example_bash_operator' retrieved from /home/airflow/.local/lib/python3.12/site-packages/airflow/example_dags/example_bash_operator.py
[2025-06-20T21:27:22.989+0000] {logging_mixin.py:190} INFO - [2025-06-20T21:27:22.988+0000] {dag.py:3239} INFO - Sync 1 DAGs
[2025-06-20T21:27:23.013+0000] {logging_mixin.py:190} INFO - [2025-06-20T21:27:23.013+0000] {dag.py:4180} INFO - Setting next_dagrun for example_bash_operator to 2025-06-19 00:00:00+00:00, run_after=2025-06-20 00:00:00+00:00
[2025-06-20T21:27:23.040+0000] {processor.py:208} INFO - Processing /home/airflow/.local/lib/python3.12/site-packages/airflow/example_dags/example_bash_operator.py took 0.102 seconds
[2025-06-20T21:27:53.549+0000] {processor.py:186} INFO - Started process (PID=262) to work on /home/airflow/.local/lib/python3.12/site-packages/airflow/example_dags/example_bash_operator.py
[2025-06-20T21:27:53.550+0000] {processor.py:914} INFO - Processing file /home/airflow/.local/lib/python3.12/site-packages/airflow/example_dags/example_bash_operator.py for tasks to queue
[2025-06-20T21:27:53.553+0000] {logging_mixin.py:190} INFO - [2025-06-20T21:27:53.552+0000] {dagbag.py:588} INFO - Filling up the DagBag from /home/airflow/.local/lib/python3.12/site-packages/airflow/example_dags/example_bash_operator.py
[2025-06-20T21:27:53.564+0000] {processor.py:925} INFO - DAG(s) 'example_bash_operator' retrieved from /home/airflow/.local/lib/python3.12/site-packages/airflow/example_dags/example_bash_operator.py
[2025-06-20T21:27:53.592+0000] {logging_mixin.py:190} INFO - [2025-06-20T21:27:53.592+0000] {dag.py:3239} INFO - Sync 1 DAGs
[2025-06-20T21:27:53.617+0000] {logging_mixin.py:190} INFO - [2025-06-20T21:27:53.616+0000] {dag.py:4180} INFO - Setting next_dagrun for example_bash_operator to 2025-06-19 00:00:00+00:00, run_after=2025-06-20 00:00:00+00:00
[2025-06-20T21:27:53.641+0000] {processor.py:208} INFO - Processing /home/airflow/.local/lib/python3.12/site-packages/airflow/example_dags/example_bash_operator.py took 0.097 seconds
[2025-06-20T21:28:25.010+0000] {processor.py:186} INFO - Started process (PID=327) to work on /home/airflow/.local/lib/python3.12/site-packages/airflow/example_dags/example_bash_operator.py
[2025-06-20T21:28:25.011+0000] {processor.py:914} INFO - Processing file /home/airflow/.local/lib/python3.12/site-packages/airflow/example_dags/example_bash_operator.py for tasks to queue
[2025-06-20T21:28:25.014+0000] {logging_mixin.py:190} INFO - [2025-06-20T21:28:25.013+0000] {dagbag.py:588} INFO - Filling up the DagBag from /home/airflow/.local/lib/python3.12/site-packages/airflow/example_dags/example_bash_operator.py
[2025-06-20T21:28:25.025+0000] {processor.py:925} INFO - DAG(s) 'example_bash_operator' retrieved from /home/airflow/.local/lib/python3.12/site-packages/airflow/example_dags/example_bash_operator.py
[2025-06-20T21:28:25.051+0000] {logging_mixin.py:190} INFO - [2025-06-20T21:28:25.051+0000] {dag.py:3239} INFO - Sync 1 DAGs
[2025-06-20T21:28:25.076+0000] {logging_mixin.py:190} INFO - [2025-06-20T21:28:25.076+0000] {dag.py:4180} INFO - Setting next_dagrun for example_bash_operator to 2025-06-19 00:00:00+00:00, run_after=2025-06-20 00:00:00+00:00
[2025-06-20T21:28:25.110+0000] {processor.py:208} INFO - Processing /home/airflow/.local/lib/python3.12/site-packages/airflow/example_dags/example_bash_operator.py took 0.104 seconds
[2025-06-20T21:28:57.273+0000] {processor.py:186} INFO - Started process (PID=391) to work on /home/airflow/.local/lib/python3.12/site-packages/airflow/example_dags/example_bash_operator.py
[2025-06-20T21:28:57.274+0000] {processor.py:914} INFO - Processing file /home/airflow/.local/lib/python3.12/site-packages/airflow/example_dags/example_bash_operator.py for tasks to queue
[2025-06-20T21:28:57.276+0000] {logging_mixin.py:190} INFO - [2025-06-20T21:28:57.276+0000] {dagbag.py:588} INFO - Filling up the DagBag from /home/airflow/.local/lib/python3.12/site-packages/airflow/example_dags/example_bash_operator.py
[2025-06-20T21:28:57.288+0000] {processor.py:925} INFO - DAG(s) 'example_bash_operator' retrieved from /home/airflow/.local/lib/python3.12/site-packages/airflow/example_dags/example_bash_operator.py
[2025-06-20T21:28:57.315+0000] {logging_mixin.py:190} INFO - [2025-06-20T21:28:57.314+0000] {dag.py:3239} INFO - Sync 1 DAGs
[2025-06-20T21:28:57.340+0000] {logging_mixin.py:190} INFO - [2025-06-20T21:28:57.340+0000] {dag.py:4180} INFO - Setting next_dagrun for example_bash_operator to 2025-06-19 00:00:00+00:00, run_after=2025-06-20 00:00:00+00:00
[2025-06-20T21:28:57.400+0000] {processor.py:208} INFO - Processing /home/airflow/.local/lib/python3.12/site-packages/airflow/example_dags/example_bash_operator.py took 0.133 seconds
[2025-06-20T21:29:29.197+0000] {processor.py:186} INFO - Started process (PID=457) to work on /home/airflow/.local/lib/python3.12/site-packages/airflow/example_dags/example_bash_operator.py
[2025-06-20T21:29:29.198+0000] {processor.py:914} INFO - Processing file /home/airflow/.local/lib/python3.12/site-packages/airflow/example_dags/example_bash_operator.py for tasks to queue
[2025-06-20T21:29:29.201+0000] {logging_mixin.py:190} INFO - [2025-06-20T21:29:29.200+0000] {dagbag.py:588} INFO - Filling up the DagBag from /home/airflow/.local/lib/python3.12/site-packages/airflow/example_dags/example_bash_operator.py
[2025-06-20T21:29:29.212+0000] {processor.py:925} INFO - DAG(s) 'example_bash_operator' retrieved from /home/airflow/.local/lib/python3.12/site-packages/airflow/example_dags/example_bash_operator.py
[2025-06-20T21:29:29.239+0000] {logging_mixin.py:190} INFO - [2025-06-20T21:29:29.238+0000] {dag.py:3239} INFO - Sync 1 DAGs
[2025-06-20T21:29:29.265+0000] {logging_mixin.py:190} INFO - [2025-06-20T21:29:29.264+0000] {dag.py:4180} INFO - Setting next_dagrun for example_bash_operator to 2025-06-19 00:00:00+00:00, run_after=2025-06-20 00:00:00+00:00
[2025-06-20T21:29:29.343+0000] {processor.py:208} INFO - Processing /home/airflow/.local/lib/python3.12/site-packages/airflow/example_dags/example_bash_operator.py took 0.151 seconds
[2025-06-20T21:29:59.983+0000] {processor.py:186} INFO - Started process (PID=521) to work on /home/airflow/.local/lib/python3.12/site-packages/airflow/example_dags/example_bash_operator.py
[2025-06-20T21:29:59.984+0000] {processor.py:914} INFO - Processing file /home/airflow/.local/lib/python3.12/site-packages/airflow/example_dags/example_bash_operator.py for tasks to queue
[2025-06-20T21:29:59.987+0000] {logging_mixin.py:190} INFO - [2025-06-20T21:29:59.986+0000] {dagbag.py:588} INFO - Filling up the DagBag from /home/airflow/.local/lib/python3.12/site-packages/airflow/example_dags/example_bash_operator.py
[2025-06-20T21:29:59.998+0000] {processor.py:925} INFO - DAG(s) 'example_bash_operator' retrieved from /home/airflow/.local/lib/python3.12/site-packages/airflow/example_dags/example_bash_operator.py
[2025-06-20T21:30:00.024+0000] {logging_mixin.py:190} INFO - [2025-06-20T21:30:00.023+0000] {dag.py:3239} INFO - Sync 1 DAGs
[2025-06-20T21:30:00.046+0000] {logging_mixin.py:190} INFO - [2025-06-20T21:30:00.046+0000] {dag.py:4180} INFO - Setting next_dagrun for example_bash_operator to 2025-06-19 00:00:00+00:00, run_after=2025-06-20 00:00:00+00:00
[2025-06-20T21:30:00.091+0000] {processor.py:208} INFO - Processing /home/airflow/.local/lib/python3.12/site-packages/airflow/example_dags/example_bash_operator.py took 0.113 seconds
[2025-06-20T21:30:31.848+0000] {processor.py:186} INFO - Started process (PID=589) to work on /home/airflow/.local/lib/python3.12/site-packages/airflow/example_dags/example_bash_operator.py
[2025-06-20T21:30:31.849+0000] {processor.py:914} INFO - Processing file /home/airflow/.local/lib/python3.12/site-packages/airflow/example_dags/example_bash_operator.py for tasks to queue
[2025-06-20T21:30:31.851+0000] {logging_mixin.py:190} INFO - [2025-06-20T21:30:31.851+0000] {dagbag.py:588} INFO - Filling up the DagBag from /home/airflow/.local/lib/python3.12/site-packages/airflow/example_dags/example_bash_operator.py
[2025-06-20T21:30:31.862+0000] {processor.py:925} INFO - DAG(s) 'example_bash_operator' retrieved from /home/airflow/.local/lib/python3.12/site-packages/airflow/example_dags/example_bash_operator.py
[2025-06-20T21:30:31.888+0000] {logging_mixin.py:190} INFO - [2025-06-20T21:30:31.888+0000] {dag.py:3239} INFO - Sync 1 DAGs
[2025-06-20T21:30:31.912+0000] {logging_mixin.py:190} INFO - [2025-06-20T21:30:31.911+0000] {dag.py:4180} INFO - Setting next_dagrun for example_bash_operator to 2025-06-19 00:00:00+00:00, run_after=2025-06-20 00:00:00+00:00
[2025-06-20T21:30:31.938+0000] {processor.py:208} INFO - Processing /home/airflow/.local/lib/python3.12/site-packages/airflow/example_dags/example_bash_operator.py took 0.095 seconds
[2025-06-20T21:31:04.271+0000] {processor.py:186} INFO - Started process (PID=656) to work on /home/airflow/.local/lib/python3.12/site-packages/airflow/example_dags/example_bash_operator.py
[2025-06-20T21:31:04.272+0000] {processor.py:914} INFO - Processing file /home/airflow/.local/lib/python3.12/site-packages/airflow/example_dags/example_bash_operator.py for tasks to queue
[2025-06-20T21:31:04.275+0000] {logging_mixin.py:190} INFO - [2025-06-20T21:31:04.274+0000] {dagbag.py:588} INFO - Filling up the DagBag from /home/airflow/.local/lib/python3.12/site-packages/airflow/example_dags/example_bash_operator.py
[2025-06-20T21:31:04.286+0000] {processor.py:925} INFO - DAG(s) 'example_bash_operator' retrieved from /home/airflow/.local/lib/python3.12/site-packages/airflow/example_dags/example_bash_operator.py
[2025-06-20T21:31:04.310+0000] {logging_mixin.py:190} INFO - [2025-06-20T21:31:04.310+0000] {dag.py:3239} INFO - Sync 1 DAGs
[2025-06-20T21:31:04.333+0000] {logging_mixin.py:190} INFO - [2025-06-20T21:31:04.333+0000] {dag.py:4180} INFO - Setting next_dagrun for example_bash_operator to 2025-06-19 00:00:00+00:00, run_after=2025-06-20 00:00:00+00:00
[2025-06-20T21:31:04.372+0000] {processor.py:208} INFO - Processing /home/airflow/.local/lib/python3.12/site-packages/airflow/example_dags/example_bash_operator.py took 0.105 seconds
[2025-06-20T21:31:35.529+0000] {processor.py:186} INFO - Started process (PID=720) to work on /home/airflow/.local/lib/python3.12/site-packages/airflow/example_dags/example_bash_operator.py
[2025-06-20T21:31:35.530+0000] {processor.py:914} INFO - Processing file /home/airflow/.local/lib/python3.12/site-packages/airflow/example_dags/example_bash_operator.py for tasks to queue
[2025-06-20T21:31:35.532+0000] {logging_mixin.py:190} INFO - [2025-06-20T21:31:35.532+0000] {dagbag.py:588} INFO - Filling up the DagBag from /home/airflow/.local/lib/python3.12/site-packages/airflow/example_dags/example_bash_operator.py
[2025-06-20T21:31:35.544+0000] {processor.py:925} INFO - DAG(s) 'example_bash_operator' retrieved from /home/airflow/.local/lib/python3.12/site-packages/airflow/example_dags/example_bash_operator.py
[2025-06-20T21:31:35.570+0000] {logging_mixin.py:190} INFO - [2025-06-20T21:31:35.570+0000] {dag.py:3239} INFO - Sync 1 DAGs
[2025-06-20T21:31:35.594+0000] {logging_mixin.py:190} INFO - [2025-06-20T21:31:35.594+0000] {dag.py:4180} INFO - Setting next_dagrun for example_bash_operator to 2025-06-19 00:00:00+00:00, run_after=2025-06-20 00:00:00+00:00
[2025-06-20T21:31:35.619+0000] {processor.py:208} INFO - Processing /home/airflow/.local/lib/python3.12/site-packages/airflow/example_dags/example_bash_operator.py took 0.095 seconds
[2025-06-20T21:32:07.968+0000] {processor.py:186} INFO - Started process (PID=786) to work on /home/airflow/.local/lib/python3.12/site-packages/airflow/example_dags/example_bash_operator.py
[2025-06-20T21:32:07.969+0000] {processor.py:914} INFO - Processing file /home/airflow/.local/lib/python3.12/site-packages/airflow/example_dags/example_bash_operator.py for tasks to queue
[2025-06-20T21:32:07.971+0000] {logging_mixin.py:190} INFO - [2025-06-20T21:32:07.971+0000] {dagbag.py:588} INFO - Filling up the DagBag from /home/airflow/.local/lib/python3.12/site-packages/airflow/example_dags/example_bash_operator.py
[2025-06-20T21:32:07.987+0000] {processor.py:925} INFO - DAG(s) 'example_bash_operator' retrieved from /home/airflow/.local/lib/python3.12/site-packages/airflow/example_dags/example_bash_operator.py
[2025-06-20T21:32:08.017+0000] {logging_mixin.py:190} INFO - [2025-06-20T21:32:08.017+0000] {dag.py:3239} INFO - Sync 1 DAGs
[2025-06-20T21:32:08.045+0000] {logging_mixin.py:190} INFO - [2025-06-20T21:32:08.045+0000] {dag.py:4180} INFO - Setting next_dagrun for example_bash_operator to 2025-06-19 00:00:00+00:00, run_after=2025-06-20 00:00:00+00:00
[2025-06-20T21:32:08.078+0000] {processor.py:208} INFO - Processing /home/airflow/.local/lib/python3.12/site-packages/airflow/example_dags/example_bash_operator.py took 0.116 seconds
[2025-06-20T21:32:38.622+0000] {processor.py:186} INFO - Started process (PID=850) to work on /home/airflow/.local/lib/python3.12/site-packages/airflow/example_dags/example_bash_operator.py
[2025-06-20T21:32:38.623+0000] {processor.py:914} INFO - Processing file /home/airflow/.local/lib/python3.12/site-packages/airflow/example_dags/example_bash_operator.py for tasks to queue
[2025-06-20T21:32:38.625+0000] {logging_mixin.py:190} INFO - [2025-06-20T21:32:38.625+0000] {dagbag.py:588} INFO - Filling up the DagBag from /home/airflow/.local/lib/python3.12/site-packages/airflow/example_dags/example_bash_operator.py
[2025-06-20T21:32:38.637+0000] {processor.py:925} INFO - DAG(s) 'example_bash_operator' retrieved from /home/airflow/.local/lib/python3.12/site-packages/airflow/example_dags/example_bash_operator.py
[2025-06-20T21:32:38.664+0000] {logging_mixin.py:190} INFO - [2025-06-20T21:32:38.663+0000] {dag.py:3239} INFO - Sync 1 DAGs
[2025-06-20T21:32:38.687+0000] {logging_mixin.py:190} INFO - [2025-06-20T21:32:38.687+0000] {dag.py:4180} INFO - Setting next_dagrun for example_bash_operator to 2025-06-19 00:00:00+00:00, run_after=2025-06-20 00:00:00+00:00
[2025-06-20T21:32:38.712+0000] {processor.py:208} INFO - Processing /home/airflow/.local/lib/python3.12/site-packages/airflow/example_dags/example_bash_operator.py took 0.095 seconds
[2025-06-20T21:33:10.940+0000] {processor.py:186} INFO - Started process (PID=914) to work on /home/airflow/.local/lib/python3.12/site-packages/airflow/example_dags/example_bash_operator.py
[2025-06-20T21:33:10.941+0000] {processor.py:914} INFO - Processing file /home/airflow/.local/lib/python3.12/site-packages/airflow/example_dags/example_bash_operator.py for tasks to queue
[2025-06-20T21:33:10.944+0000] {logging_mixin.py:190} INFO - [2025-06-20T21:33:10.943+0000] {dagbag.py:588} INFO - Filling up the DagBag from /home/airflow/.local/lib/python3.12/site-packages/airflow/example_dags/example_bash_operator.py
[2025-06-20T21:33:10.960+0000] {processor.py:925} INFO - DAG(s) 'example_bash_operator' retrieved from /home/airflow/.local/lib/python3.12/site-packages/airflow/example_dags/example_bash_operator.py
[2025-06-20T21:33:10.993+0000] {logging_mixin.py:190} INFO - [2025-06-20T21:33:10.993+0000] {dag.py:3239} INFO - Sync 1 DAGs
[2025-06-20T21:33:11.026+0000] {logging_mixin.py:190} INFO - [2025-06-20T21:33:11.025+0000] {dag.py:4180} INFO - Setting next_dagrun for example_bash_operator to 2025-06-19 00:00:00+00:00, run_after=2025-06-20 00:00:00+00:00
[2025-06-20T21:33:11.054+0000] {processor.py:208} INFO - Processing /home/airflow/.local/lib/python3.12/site-packages/airflow/example_dags/example_bash_operator.py took 0.122 seconds
[2025-06-20T21:33:41.998+0000] {processor.py:186} INFO - Started process (PID=978) to work on /home/airflow/.local/lib/python3.12/site-packages/airflow/example_dags/example_bash_operator.py
[2025-06-20T21:33:41.999+0000] {processor.py:914} INFO - Processing file /home/airflow/.local/lib/python3.12/site-packages/airflow/example_dags/example_bash_operator.py for tasks to queue
[2025-06-20T21:33:42.002+0000] {logging_mixin.py:190} INFO - [2025-06-20T21:33:42.001+0000] {dagbag.py:588} INFO - Filling up the DagBag from /home/airflow/.local/lib/python3.12/site-packages/airflow/example_dags/example_bash_operator.py
[2025-06-20T21:33:42.014+0000] {processor.py:925} INFO - DAG(s) 'example_bash_operator' retrieved from /home/airflow/.local/lib/python3.12/site-packages/airflow/example_dags/example_bash_operator.py
[2025-06-20T21:33:42.045+0000] {logging_mixin.py:190} INFO - [2025-06-20T21:33:42.045+0000] {dag.py:3239} INFO - Sync 1 DAGs
[2025-06-20T21:33:42.068+0000] {logging_mixin.py:190} INFO - [2025-06-20T21:33:42.068+0000] {dag.py:4180} INFO - Setting next_dagrun for example_bash_operator to 2025-06-19 00:00:00+00:00, run_after=2025-06-20 00:00:00+00:00
[2025-06-20T21:33:42.110+0000] {processor.py:208} INFO - Processing /home/airflow/.local/lib/python3.12/site-packages/airflow/example_dags/example_bash_operator.py took 0.118 seconds
[2025-06-20T21:34:13.647+0000] {processor.py:186} INFO - Started process (PID=1042) to work on /home/airflow/.local/lib/python3.12/site-packages/airflow/example_dags/example_bash_operator.py
[2025-06-20T21:34:13.648+0000] {processor.py:914} INFO - Processing file /home/airflow/.local/lib/python3.12/site-packages/airflow/example_dags/example_bash_operator.py for tasks to queue
[2025-06-20T21:34:13.650+0000] {logging_mixin.py:190} INFO - [2025-06-20T21:34:13.650+0000] {dagbag.py:588} INFO - Filling up the DagBag from /home/airflow/.local/lib/python3.12/site-packages/airflow/example_dags/example_bash_operator.py
[2025-06-20T21:34:13.663+0000] {processor.py:925} INFO - DAG(s) 'example_bash_operator' retrieved from /home/airflow/.local/lib/python3.12/site-packages/airflow/example_dags/example_bash_operator.py
[2025-06-20T21:34:13.690+0000] {logging_mixin.py:190} INFO - [2025-06-20T21:34:13.689+0000] {dag.py:3239} INFO - Sync 1 DAGs
[2025-06-20T21:34:13.714+0000] {logging_mixin.py:190} INFO - [2025-06-20T21:34:13.714+0000] {dag.py:4180} INFO - Setting next_dagrun for example_bash_operator to 2025-06-19 00:00:00+00:00, run_after=2025-06-20 00:00:00+00:00
[2025-06-20T21:34:13.738+0000] {processor.py:208} INFO - Processing /home/airflow/.local/lib/python3.12/site-packages/airflow/example_dags/example_bash_operator.py took 0.096 seconds
[2025-06-20T21:34:45.741+0000] {processor.py:186} INFO - Started process (PID=1106) to work on /home/airflow/.local/lib/python3.12/site-packages/airflow/example_dags/example_bash_operator.py
[2025-06-20T21:34:45.742+0000] {processor.py:914} INFO - Processing file /home/airflow/.local/lib/python3.12/site-packages/airflow/example_dags/example_bash_operator.py for tasks to queue
[2025-06-20T21:34:45.745+0000] {logging_mixin.py:190} INFO - [2025-06-20T21:34:45.744+0000] {dagbag.py:588} INFO - Filling up the DagBag from /home/airflow/.local/lib/python3.12/site-packages/airflow/example_dags/example_bash_operator.py
[2025-06-20T21:34:45.756+0000] {processor.py:925} INFO - DAG(s) 'example_bash_operator' retrieved from /home/airflow/.local/lib/python3.12/site-packages/airflow/example_dags/example_bash_operator.py
[2025-06-20T21:34:45.783+0000] {logging_mixin.py:190} INFO - [2025-06-20T21:34:45.783+0000] {dag.py:3239} INFO - Sync 1 DAGs
[2025-06-20T21:34:45.807+0000] {logging_mixin.py:190} INFO - [2025-06-20T21:34:45.806+0000] {dag.py:4180} INFO - Setting next_dagrun for example_bash_operator to 2025-06-19 00:00:00+00:00, run_after=2025-06-20 00:00:00+00:00
[2025-06-20T21:34:46.087+0000] {processor.py:208} INFO - Processing /home/airflow/.local/lib/python3.12/site-packages/airflow/example_dags/example_bash_operator.py took 0.350 seconds
[2025-06-20T21:35:17.038+0000] {processor.py:186} INFO - Started process (PID=1170) to work on /home/airflow/.local/lib/python3.12/site-packages/airflow/example_dags/example_bash_operator.py
[2025-06-20T21:35:17.040+0000] {processor.py:914} INFO - Processing file /home/airflow/.local/lib/python3.12/site-packages/airflow/example_dags/example_bash_operator.py for tasks to queue
[2025-06-20T21:35:17.042+0000] {logging_mixin.py:190} INFO - [2025-06-20T21:35:17.042+0000] {dagbag.py:588} INFO - Filling up the DagBag from /home/airflow/.local/lib/python3.12/site-packages/airflow/example_dags/example_bash_operator.py
[2025-06-20T21:35:17.055+0000] {processor.py:925} INFO - DAG(s) 'example_bash_operator' retrieved from /home/airflow/.local/lib/python3.12/site-packages/airflow/example_dags/example_bash_operator.py
[2025-06-20T21:35:17.091+0000] {logging_mixin.py:190} INFO - [2025-06-20T21:35:17.091+0000] {dag.py:3239} INFO - Sync 1 DAGs
[2025-06-20T21:35:17.124+0000] {logging_mixin.py:190} INFO - [2025-06-20T21:35:17.124+0000] {dag.py:4180} INFO - Setting next_dagrun for example_bash_operator to 2025-06-19 00:00:00+00:00, run_after=2025-06-20 00:00:00+00:00
[2025-06-20T21:35:17.167+0000] {processor.py:208} INFO - Processing /home/airflow/.local/lib/python3.12/site-packages/airflow/example_dags/example_bash_operator.py took 0.134 seconds
[2025-06-20T21:35:48.924+0000] {processor.py:186} INFO - Started process (PID=1234) to work on /home/airflow/.local/lib/python3.12/site-packages/airflow/example_dags/example_bash_operator.py
[2025-06-20T21:35:48.925+0000] {processor.py:914} INFO - Processing file /home/airflow/.local/lib/python3.12/site-packages/airflow/example_dags/example_bash_operator.py for tasks to queue
[2025-06-20T21:35:48.927+0000] {logging_mixin.py:190} INFO - [2025-06-20T21:35:48.927+0000] {dagbag.py:588} INFO - Filling up the DagBag from /home/airflow/.local/lib/python3.12/site-packages/airflow/example_dags/example_bash_operator.py
[2025-06-20T21:35:48.939+0000] {processor.py:925} INFO - DAG(s) 'example_bash_operator' retrieved from /home/airflow/.local/lib/python3.12/site-packages/airflow/example_dags/example_bash_operator.py
[2025-06-20T21:35:48.966+0000] {logging_mixin.py:190} INFO - [2025-06-20T21:35:48.966+0000] {dag.py:3239} INFO - Sync 1 DAGs
[2025-06-20T21:35:48.990+0000] {logging_mixin.py:190} INFO - [2025-06-20T21:35:48.990+0000] {dag.py:4180} INFO - Setting next_dagrun for example_bash_operator to 2025-06-19 00:00:00+00:00, run_after=2025-06-20 00:00:00+00:00
[2025-06-20T21:35:49.021+0000] {processor.py:208} INFO - Processing /home/airflow/.local/lib/python3.12/site-packages/airflow/example_dags/example_bash_operator.py took 0.101 seconds
[2025-06-20T21:36:20.894+0000] {processor.py:186} INFO - Started process (PID=1298) to work on /home/airflow/.local/lib/python3.12/site-packages/airflow/example_dags/example_bash_operator.py
[2025-06-20T21:36:20.895+0000] {processor.py:914} INFO - Processing file /home/airflow/.local/lib/python3.12/site-packages/airflow/example_dags/example_bash_operator.py for tasks to queue
[2025-06-20T21:36:20.897+0000] {logging_mixin.py:190} INFO - [2025-06-20T21:36:20.897+0000] {dagbag.py:588} INFO - Filling up the DagBag from /home/airflow/.local/lib/python3.12/site-packages/airflow/example_dags/example_bash_operator.py
[2025-06-20T21:36:20.909+0000] {processor.py:925} INFO - DAG(s) 'example_bash_operator' retrieved from /home/airflow/.local/lib/python3.12/site-packages/airflow/example_dags/example_bash_operator.py
[2025-06-20T21:36:20.937+0000] {logging_mixin.py:190} INFO - [2025-06-20T21:36:20.937+0000] {dag.py:3239} INFO - Sync 1 DAGs
[2025-06-20T21:36:20.960+0000] {logging_mixin.py:190} INFO - [2025-06-20T21:36:20.960+0000] {dag.py:4180} INFO - Setting next_dagrun for example_bash_operator to 2025-06-19 00:00:00+00:00, run_after=2025-06-20 00:00:00+00:00
[2025-06-20T21:36:21.012+0000] {processor.py:208} INFO - Processing /home/airflow/.local/lib/python3.12/site-packages/airflow/example_dags/example_bash_operator.py took 0.123 seconds
[2025-06-20T21:36:51.763+0000] {processor.py:186} INFO - Started process (PID=1362) to work on /home/airflow/.local/lib/python3.12/site-packages/airflow/example_dags/example_bash_operator.py
[2025-06-20T21:36:51.765+0000] {processor.py:914} INFO - Processing file /home/airflow/.local/lib/python3.12/site-packages/airflow/example_dags/example_bash_operator.py for tasks to queue
[2025-06-20T21:36:51.767+0000] {logging_mixin.py:190} INFO - [2025-06-20T21:36:51.766+0000] {dagbag.py:588} INFO - Filling up the DagBag from /home/airflow/.local/lib/python3.12/site-packages/airflow/example_dags/example_bash_operator.py
[2025-06-20T21:36:51.780+0000] {processor.py:925} INFO - DAG(s) 'example_bash_operator' retrieved from /home/airflow/.local/lib/python3.12/site-packages/airflow/example_dags/example_bash_operator.py
[2025-06-20T21:36:51.806+0000] {logging_mixin.py:190} INFO - [2025-06-20T21:36:51.805+0000] {dag.py:3239} INFO - Sync 1 DAGs
[2025-06-20T21:36:51.830+0000] {logging_mixin.py:190} INFO - [2025-06-20T21:36:51.830+0000] {dag.py:4180} INFO - Setting next_dagrun for example_bash_operator to 2025-06-19 00:00:00+00:00, run_after=2025-06-20 00:00:00+00:00
[2025-06-20T21:36:51.854+0000] {processor.py:208} INFO - Processing /home/airflow/.local/lib/python3.12/site-packages/airflow/example_dags/example_bash_operator.py took 0.096 seconds
[2025-06-20T21:37:22.898+0000] {processor.py:186} INFO - Started process (PID=1426) to work on /home/airflow/.local/lib/python3.12/site-packages/airflow/example_dags/example_bash_operator.py
[2025-06-20T21:37:22.900+0000] {processor.py:914} INFO - Processing file /home/airflow/.local/lib/python3.12/site-packages/airflow/example_dags/example_bash_operator.py for tasks to queue
[2025-06-20T21:37:22.902+0000] {logging_mixin.py:190} INFO - [2025-06-20T21:37:22.901+0000] {dagbag.py:588} INFO - Filling up the DagBag from /home/airflow/.local/lib/python3.12/site-packages/airflow/example_dags/example_bash_operator.py
[2025-06-20T21:37:22.913+0000] {processor.py:925} INFO - DAG(s) 'example_bash_operator' retrieved from /home/airflow/.local/lib/python3.12/site-packages/airflow/example_dags/example_bash_operator.py
[2025-06-20T21:37:22.942+0000] {logging_mixin.py:190} INFO - [2025-06-20T21:37:22.942+0000] {dag.py:3239} INFO - Sync 1 DAGs
[2025-06-20T21:37:22.971+0000] {logging_mixin.py:190} INFO - [2025-06-20T21:37:22.971+0000] {dag.py:4180} INFO - Setting next_dagrun for example_bash_operator to 2025-06-19 00:00:00+00:00, run_after=2025-06-20 00:00:00+00:00
[2025-06-20T21:37:23.015+0000] {processor.py:208} INFO - Processing /home/airflow/.local/lib/python3.12/site-packages/airflow/example_dags/example_bash_operator.py took 0.122 seconds
[2025-06-20T21:37:55.103+0000] {processor.py:186} INFO - Started process (PID=1491) to work on /home/airflow/.local/lib/python3.12/site-packages/airflow/example_dags/example_bash_operator.py
[2025-06-20T21:37:55.105+0000] {processor.py:914} INFO - Processing file /home/airflow/.local/lib/python3.12/site-packages/airflow/example_dags/example_bash_operator.py for tasks to queue
[2025-06-20T21:37:55.109+0000] {logging_mixin.py:190} INFO - [2025-06-20T21:37:55.108+0000] {dagbag.py:588} INFO - Filling up the DagBag from /home/airflow/.local/lib/python3.12/site-packages/airflow/example_dags/example_bash_operator.py
[2025-06-20T21:37:55.126+0000] {processor.py:925} INFO - DAG(s) 'example_bash_operator' retrieved from /home/airflow/.local/lib/python3.12/site-packages/airflow/example_dags/example_bash_operator.py
[2025-06-20T21:37:55.178+0000] {logging_mixin.py:190} INFO - [2025-06-20T21:37:55.177+0000] {dag.py:3239} INFO - Sync 1 DAGs
[2025-06-20T21:37:55.206+0000] {logging_mixin.py:190} INFO - [2025-06-20T21:37:55.206+0000] {dag.py:4180} INFO - Setting next_dagrun for example_bash_operator to 2025-06-19 00:00:00+00:00, run_after=2025-06-20 00:00:00+00:00
[2025-06-20T21:37:55.245+0000] {processor.py:208} INFO - Processing /home/airflow/.local/lib/python3.12/site-packages/airflow/example_dags/example_bash_operator.py took 0.148 seconds
[2025-06-20T21:38:26.997+0000] {processor.py:186} INFO - Started process (PID=1555) to work on /home/airflow/.local/lib/python3.12/site-packages/airflow/example_dags/example_bash_operator.py
[2025-06-20T21:38:26.998+0000] {processor.py:914} INFO - Processing file /home/airflow/.local/lib/python3.12/site-packages/airflow/example_dags/example_bash_operator.py for tasks to queue
[2025-06-20T21:38:27.002+0000] {logging_mixin.py:190} INFO - [2025-06-20T21:38:27.001+0000] {dagbag.py:588} INFO - Filling up the DagBag from /home/airflow/.local/lib/python3.12/site-packages/airflow/example_dags/example_bash_operator.py
[2025-06-20T21:38:27.022+0000] {processor.py:925} INFO - DAG(s) 'example_bash_operator' retrieved from /home/airflow/.local/lib/python3.12/site-packages/airflow/example_dags/example_bash_operator.py
[2025-06-20T21:38:27.070+0000] {logging_mixin.py:190} INFO - [2025-06-20T21:38:27.070+0000] {dag.py:3239} INFO - Sync 1 DAGs
[2025-06-20T21:38:27.103+0000] {logging_mixin.py:190} INFO - [2025-06-20T21:38:27.102+0000] {dag.py:4180} INFO - Setting next_dagrun for example_bash_operator to 2025-06-19 00:00:00+00:00, run_after=2025-06-20 00:00:00+00:00
[2025-06-20T21:38:27.156+0000] {processor.py:208} INFO - Processing /home/airflow/.local/lib/python3.12/site-packages/airflow/example_dags/example_bash_operator.py took 0.167 seconds
[2025-06-20T21:38:58.461+0000] {processor.py:186} INFO - Started process (PID=1619) to work on /home/airflow/.local/lib/python3.12/site-packages/airflow/example_dags/example_bash_operator.py
[2025-06-20T21:38:58.462+0000] {processor.py:914} INFO - Processing file /home/airflow/.local/lib/python3.12/site-packages/airflow/example_dags/example_bash_operator.py for tasks to queue
[2025-06-20T21:38:58.465+0000] {logging_mixin.py:190} INFO - [2025-06-20T21:38:58.464+0000] {dagbag.py:588} INFO - Filling up the DagBag from /home/airflow/.local/lib/python3.12/site-packages/airflow/example_dags/example_bash_operator.py
[2025-06-20T21:38:58.476+0000] {processor.py:925} INFO - DAG(s) 'example_bash_operator' retrieved from /home/airflow/.local/lib/python3.12/site-packages/airflow/example_dags/example_bash_operator.py
[2025-06-20T21:38:58.500+0000] {logging_mixin.py:190} INFO - [2025-06-20T21:38:58.500+0000] {dag.py:3239} INFO - Sync 1 DAGs
[2025-06-20T21:38:58.521+0000] {logging_mixin.py:190} INFO - [2025-06-20T21:38:58.521+0000] {dag.py:4180} INFO - Setting next_dagrun for example_bash_operator to 2025-06-19 00:00:00+00:00, run_after=2025-06-20 00:00:00+00:00
[2025-06-20T21:38:58.543+0000] {processor.py:208} INFO - Processing /home/airflow/.local/lib/python3.12/site-packages/airflow/example_dags/example_bash_operator.py took 0.087 seconds
[2025-06-20T21:39:30.031+0000] {processor.py:186} INFO - Started process (PID=1684) to work on /home/airflow/.local/lib/python3.12/site-packages/airflow/example_dags/example_bash_operator.py
[2025-06-20T21:39:30.032+0000] {processor.py:914} INFO - Processing file /home/airflow/.local/lib/python3.12/site-packages/airflow/example_dags/example_bash_operator.py for tasks to queue
[2025-06-20T21:39:30.034+0000] {logging_mixin.py:190} INFO - [2025-06-20T21:39:30.034+0000] {dagbag.py:588} INFO - Filling up the DagBag from /home/airflow/.local/lib/python3.12/site-packages/airflow/example_dags/example_bash_operator.py
[2025-06-20T21:39:30.045+0000] {processor.py:925} INFO - DAG(s) 'example_bash_operator' retrieved from /home/airflow/.local/lib/python3.12/site-packages/airflow/example_dags/example_bash_operator.py
[2025-06-20T21:39:30.070+0000] {logging_mixin.py:190} INFO - [2025-06-20T21:39:30.070+0000] {dag.py:3239} INFO - Sync 1 DAGs
[2025-06-20T21:39:30.095+0000] {logging_mixin.py:190} INFO - [2025-06-20T21:39:30.095+0000] {dag.py:4180} INFO - Setting next_dagrun for example_bash_operator to 2025-06-19 00:00:00+00:00, run_after=2025-06-20 00:00:00+00:00
[2025-06-20T21:39:30.148+0000] {processor.py:208} INFO - Processing /home/airflow/.local/lib/python3.12/site-packages/airflow/example_dags/example_bash_operator.py took 0.122 seconds
[2025-06-20T21:40:01.954+0000] {processor.py:186} INFO - Started process (PID=1750) to work on /home/airflow/.local/lib/python3.12/site-packages/airflow/example_dags/example_bash_operator.py
[2025-06-20T21:40:01.955+0000] {processor.py:914} INFO - Processing file /home/airflow/.local/lib/python3.12/site-packages/airflow/example_dags/example_bash_operator.py for tasks to queue
[2025-06-20T21:40:01.958+0000] {logging_mixin.py:190} INFO - [2025-06-20T21:40:01.957+0000] {dagbag.py:588} INFO - Filling up the DagBag from /home/airflow/.local/lib/python3.12/site-packages/airflow/example_dags/example_bash_operator.py
[2025-06-20T21:40:01.969+0000] {processor.py:925} INFO - DAG(s) 'example_bash_operator' retrieved from /home/airflow/.local/lib/python3.12/site-packages/airflow/example_dags/example_bash_operator.py
[2025-06-20T21:40:01.994+0000] {logging_mixin.py:190} INFO - [2025-06-20T21:40:01.994+0000] {dag.py:3239} INFO - Sync 1 DAGs
[2025-06-20T21:40:02.017+0000] {logging_mixin.py:190} INFO - [2025-06-20T21:40:02.017+0000] {dag.py:4180} INFO - Setting next_dagrun for example_bash_operator to 2025-06-19 00:00:00+00:00, run_after=2025-06-20 00:00:00+00:00
[2025-06-20T21:40:02.046+0000] {processor.py:208} INFO - Processing /home/airflow/.local/lib/python3.12/site-packages/airflow/example_dags/example_bash_operator.py took 0.097 seconds
[2025-06-20T21:40:33.767+0000] {processor.py:186} INFO - Started process (PID=1817) to work on /home/airflow/.local/lib/python3.12/site-packages/airflow/example_dags/example_bash_operator.py
[2025-06-20T21:40:33.768+0000] {processor.py:914} INFO - Processing file /home/airflow/.local/lib/python3.12/site-packages/airflow/example_dags/example_bash_operator.py for tasks to queue
[2025-06-20T21:40:33.771+0000] {logging_mixin.py:190} INFO - [2025-06-20T21:40:33.771+0000] {dagbag.py:588} INFO - Filling up the DagBag from /home/airflow/.local/lib/python3.12/site-packages/airflow/example_dags/example_bash_operator.py
[2025-06-20T21:40:33.783+0000] {processor.py:925} INFO - DAG(s) 'example_bash_operator' retrieved from /home/airflow/.local/lib/python3.12/site-packages/airflow/example_dags/example_bash_operator.py
[2025-06-20T21:40:33.807+0000] {logging_mixin.py:190} INFO - [2025-06-20T21:40:33.806+0000] {dag.py:3239} INFO - Sync 1 DAGs
[2025-06-20T21:40:33.829+0000] {logging_mixin.py:190} INFO - [2025-06-20T21:40:33.829+0000] {dag.py:4180} INFO - Setting next_dagrun for example_bash_operator to 2025-06-19 00:00:00+00:00, run_after=2025-06-20 00:00:00+00:00
[2025-06-20T21:40:33.861+0000] {processor.py:208} INFO - Processing /home/airflow/.local/lib/python3.12/site-packages/airflow/example_dags/example_bash_operator.py took 0.100 seconds
[2025-06-20T21:41:03.984+0000] {processor.py:186} INFO - Started process (PID=1881) to work on /home/airflow/.local/lib/python3.12/site-packages/airflow/example_dags/example_bash_operator.py
[2025-06-20T21:41:03.985+0000] {processor.py:914} INFO - Processing file /home/airflow/.local/lib/python3.12/site-packages/airflow/example_dags/example_bash_operator.py for tasks to queue
[2025-06-20T21:41:03.988+0000] {logging_mixin.py:190} INFO - [2025-06-20T21:41:03.987+0000] {dagbag.py:588} INFO - Filling up the DagBag from /home/airflow/.local/lib/python3.12/site-packages/airflow/example_dags/example_bash_operator.py
[2025-06-20T21:41:04.003+0000] {processor.py:925} INFO - DAG(s) 'example_bash_operator' retrieved from /home/airflow/.local/lib/python3.12/site-packages/airflow/example_dags/example_bash_operator.py
[2025-06-20T21:41:04.031+0000] {logging_mixin.py:190} INFO - [2025-06-20T21:41:04.031+0000] {dag.py:3239} INFO - Sync 1 DAGs
[2025-06-20T21:41:04.056+0000] {logging_mixin.py:190} INFO - [2025-06-20T21:41:04.056+0000] {dag.py:4180} INFO - Setting next_dagrun for example_bash_operator to 2025-06-19 00:00:00+00:00, run_after=2025-06-20 00:00:00+00:00
[2025-06-20T21:41:04.092+0000] {processor.py:208} INFO - Processing /home/airflow/.local/lib/python3.12/site-packages/airflow/example_dags/example_bash_operator.py took 0.113 seconds
[2025-06-20T21:41:35.629+0000] {processor.py:186} INFO - Started process (PID=1949) to work on /home/airflow/.local/lib/python3.12/site-packages/airflow/example_dags/example_bash_operator.py
[2025-06-20T21:41:35.630+0000] {processor.py:914} INFO - Processing file /home/airflow/.local/lib/python3.12/site-packages/airflow/example_dags/example_bash_operator.py for tasks to queue
[2025-06-20T21:41:35.632+0000] {logging_mixin.py:190} INFO - [2025-06-20T21:41:35.632+0000] {dagbag.py:588} INFO - Filling up the DagBag from /home/airflow/.local/lib/python3.12/site-packages/airflow/example_dags/example_bash_operator.py
[2025-06-20T21:41:35.643+0000] {processor.py:925} INFO - DAG(s) 'example_bash_operator' retrieved from /home/airflow/.local/lib/python3.12/site-packages/airflow/example_dags/example_bash_operator.py
[2025-06-20T21:41:35.673+0000] {logging_mixin.py:190} INFO - [2025-06-20T21:41:35.673+0000] {dag.py:3239} INFO - Sync 1 DAGs
[2025-06-20T21:41:35.696+0000] {logging_mixin.py:190} INFO - [2025-06-20T21:41:35.696+0000] {dag.py:4180} INFO - Setting next_dagrun for example_bash_operator to 2025-06-19 00:00:00+00:00, run_after=2025-06-20 00:00:00+00:00
[2025-06-20T21:41:35.720+0000] {processor.py:208} INFO - Processing /home/airflow/.local/lib/python3.12/site-packages/airflow/example_dags/example_bash_operator.py took 0.096 seconds
[2025-06-20T21:42:09.009+0000] {processor.py:186} INFO - Started process (PID=2027) to work on /home/airflow/.local/lib/python3.12/site-packages/airflow/example_dags/example_bash_operator.py
[2025-06-20T21:42:09.010+0000] {processor.py:914} INFO - Processing file /home/airflow/.local/lib/python3.12/site-packages/airflow/example_dags/example_bash_operator.py for tasks to queue
[2025-06-20T21:42:09.012+0000] {logging_mixin.py:190} INFO - [2025-06-20T21:42:09.012+0000] {dagbag.py:588} INFO - Filling up the DagBag from /home/airflow/.local/lib/python3.12/site-packages/airflow/example_dags/example_bash_operator.py
[2025-06-20T21:42:09.024+0000] {processor.py:925} INFO - DAG(s) 'example_bash_operator' retrieved from /home/airflow/.local/lib/python3.12/site-packages/airflow/example_dags/example_bash_operator.py
[2025-06-20T21:42:09.049+0000] {logging_mixin.py:190} INFO - [2025-06-20T21:42:09.049+0000] {dag.py:3239} INFO - Sync 1 DAGs
[2025-06-20T21:42:09.073+0000] {logging_mixin.py:190} INFO - [2025-06-20T21:42:09.073+0000] {dag.py:4180} INFO - Setting next_dagrun for example_bash_operator to 2025-06-19 00:00:00+00:00, run_after=2025-06-20 00:00:00+00:00
[2025-06-20T21:42:09.121+0000] {processor.py:208} INFO - Processing /home/airflow/.local/lib/python3.12/site-packages/airflow/example_dags/example_bash_operator.py took 0.118 seconds
[2025-06-20T21:42:40.219+0000] {processor.py:186} INFO - Started process (PID=2092) to work on /home/airflow/.local/lib/python3.12/site-packages/airflow/example_dags/example_bash_operator.py
[2025-06-20T21:42:40.220+0000] {processor.py:914} INFO - Processing file /home/airflow/.local/lib/python3.12/site-packages/airflow/example_dags/example_bash_operator.py for tasks to queue
[2025-06-20T21:42:40.222+0000] {logging_mixin.py:190} INFO - [2025-06-20T21:42:40.222+0000] {dagbag.py:588} INFO - Filling up the DagBag from /home/airflow/.local/lib/python3.12/site-packages/airflow/example_dags/example_bash_operator.py
[2025-06-20T21:42:40.233+0000] {processor.py:925} INFO - DAG(s) 'example_bash_operator' retrieved from /home/airflow/.local/lib/python3.12/site-packages/airflow/example_dags/example_bash_operator.py
[2025-06-20T21:42:40.258+0000] {logging_mixin.py:190} INFO - [2025-06-20T21:42:40.258+0000] {dag.py:3239} INFO - Sync 1 DAGs
[2025-06-20T21:42:40.282+0000] {logging_mixin.py:190} INFO - [2025-06-20T21:42:40.282+0000] {dag.py:4180} INFO - Setting next_dagrun for example_bash_operator to 2025-06-19 00:00:00+00:00, run_after=2025-06-20 00:00:00+00:00
[2025-06-20T21:42:40.309+0000] {processor.py:208} INFO - Processing /home/airflow/.local/lib/python3.12/site-packages/airflow/example_dags/example_bash_operator.py took 0.095 seconds
[2025-06-20T21:43:12.859+0000] {processor.py:186} INFO - Started process (PID=2165) to work on /home/airflow/.local/lib/python3.12/site-packages/airflow/example_dags/example_bash_operator.py
[2025-06-20T21:43:12.861+0000] {processor.py:914} INFO - Processing file /home/airflow/.local/lib/python3.12/site-packages/airflow/example_dags/example_bash_operator.py for tasks to queue
[2025-06-20T21:43:12.866+0000] {logging_mixin.py:190} INFO - [2025-06-20T21:43:12.865+0000] {dagbag.py:588} INFO - Filling up the DagBag from /home/airflow/.local/lib/python3.12/site-packages/airflow/example_dags/example_bash_operator.py
[2025-06-20T21:43:12.881+0000] {processor.py:925} INFO - DAG(s) 'example_bash_operator' retrieved from /home/airflow/.local/lib/python3.12/site-packages/airflow/example_dags/example_bash_operator.py
[2025-06-20T21:43:12.918+0000] {logging_mixin.py:190} INFO - [2025-06-20T21:43:12.918+0000] {dag.py:3239} INFO - Sync 1 DAGs
[2025-06-20T21:43:12.952+0000] {logging_mixin.py:190} INFO - [2025-06-20T21:43:12.952+0000] {dag.py:4180} INFO - Setting next_dagrun for example_bash_operator to 2025-06-19 00:00:00+00:00, run_after=2025-06-20 00:00:00+00:00
[2025-06-20T21:43:12.978+0000] {processor.py:208} INFO - Processing /home/airflow/.local/lib/python3.12/site-packages/airflow/example_dags/example_bash_operator.py took 0.125 seconds
[2025-06-20T21:43:44.292+0000] {processor.py:186} INFO - Started process (PID=2231) to work on /home/airflow/.local/lib/python3.12/site-packages/airflow/example_dags/example_bash_operator.py
[2025-06-20T21:43:44.293+0000] {processor.py:914} INFO - Processing file /home/airflow/.local/lib/python3.12/site-packages/airflow/example_dags/example_bash_operator.py for tasks to queue
[2025-06-20T21:43:44.297+0000] {logging_mixin.py:190} INFO - [2025-06-20T21:43:44.296+0000] {dagbag.py:588} INFO - Filling up the DagBag from /home/airflow/.local/lib/python3.12/site-packages/airflow/example_dags/example_bash_operator.py
[2025-06-20T21:43:44.308+0000] {processor.py:925} INFO - DAG(s) 'example_bash_operator' retrieved from /home/airflow/.local/lib/python3.12/site-packages/airflow/example_dags/example_bash_operator.py
[2025-06-20T21:43:44.335+0000] {logging_mixin.py:190} INFO - [2025-06-20T21:43:44.335+0000] {dag.py:3239} INFO - Sync 1 DAGs
[2025-06-20T21:43:44.360+0000] {logging_mixin.py:190} INFO - [2025-06-20T21:43:44.360+0000] {dag.py:4180} INFO - Setting next_dagrun for example_bash_operator to 2025-06-19 00:00:00+00:00, run_after=2025-06-20 00:00:00+00:00
[2025-06-20T21:43:44.385+0000] {processor.py:208} INFO - Processing /home/airflow/.local/lib/python3.12/site-packages/airflow/example_dags/example_bash_operator.py took 0.098 seconds
[2025-06-20T21:44:15.523+0000] {processor.py:186} INFO - Started process (PID=2301) to work on /home/airflow/.local/lib/python3.12/site-packages/airflow/example_dags/example_bash_operator.py
[2025-06-20T21:44:15.524+0000] {processor.py:914} INFO - Processing file /home/airflow/.local/lib/python3.12/site-packages/airflow/example_dags/example_bash_operator.py for tasks to queue
[2025-06-20T21:44:15.527+0000] {logging_mixin.py:190} INFO - [2025-06-20T21:44:15.526+0000] {dagbag.py:588} INFO - Filling up the DagBag from /home/airflow/.local/lib/python3.12/site-packages/airflow/example_dags/example_bash_operator.py
[2025-06-20T21:44:15.538+0000] {processor.py:925} INFO - DAG(s) 'example_bash_operator' retrieved from /home/airflow/.local/lib/python3.12/site-packages/airflow/example_dags/example_bash_operator.py
[2025-06-20T21:44:15.564+0000] {logging_mixin.py:190} INFO - [2025-06-20T21:44:15.564+0000] {dag.py:3239} INFO - Sync 1 DAGs
[2025-06-20T21:44:15.587+0000] {logging_mixin.py:190} INFO - [2025-06-20T21:44:15.587+0000] {dag.py:4180} INFO - Setting next_dagrun for example_bash_operator to 2025-06-19 00:00:00+00:00, run_after=2025-06-20 00:00:00+00:00
[2025-06-20T21:44:15.614+0000] {processor.py:208} INFO - Processing /home/airflow/.local/lib/python3.12/site-packages/airflow/example_dags/example_bash_operator.py took 0.097 seconds
[2025-06-20T21:44:46.999+0000] {processor.py:186} INFO - Started process (PID=2365) to work on /home/airflow/.local/lib/python3.12/site-packages/airflow/example_dags/example_bash_operator.py
[2025-06-20T21:44:47.001+0000] {processor.py:914} INFO - Processing file /home/airflow/.local/lib/python3.12/site-packages/airflow/example_dags/example_bash_operator.py for tasks to queue
[2025-06-20T21:44:47.004+0000] {logging_mixin.py:190} INFO - [2025-06-20T21:44:47.003+0000] {dagbag.py:588} INFO - Filling up the DagBag from /home/airflow/.local/lib/python3.12/site-packages/airflow/example_dags/example_bash_operator.py
[2025-06-20T21:44:47.020+0000] {processor.py:925} INFO - DAG(s) 'example_bash_operator' retrieved from /home/airflow/.local/lib/python3.12/site-packages/airflow/example_dags/example_bash_operator.py
[2025-06-20T21:44:47.048+0000] {logging_mixin.py:190} INFO - [2025-06-20T21:44:47.048+0000] {dag.py:3239} INFO - Sync 1 DAGs
[2025-06-20T21:44:47.078+0000] {logging_mixin.py:190} INFO - [2025-06-20T21:44:47.078+0000] {dag.py:4180} INFO - Setting next_dagrun for example_bash_operator to 2025-06-19 00:00:00+00:00, run_after=2025-06-20 00:00:00+00:00
[2025-06-20T21:44:47.107+0000] {processor.py:208} INFO - Processing /home/airflow/.local/lib/python3.12/site-packages/airflow/example_dags/example_bash_operator.py took 0.113 seconds
[2025-06-20T21:45:19.046+0000] {processor.py:186} INFO - Started process (PID=2429) to work on /home/airflow/.local/lib/python3.12/site-packages/airflow/example_dags/example_bash_operator.py
[2025-06-20T21:45:19.048+0000] {processor.py:914} INFO - Processing file /home/airflow/.local/lib/python3.12/site-packages/airflow/example_dags/example_bash_operator.py for tasks to queue
[2025-06-20T21:45:19.051+0000] {logging_mixin.py:190} INFO - [2025-06-20T21:45:19.050+0000] {dagbag.py:588} INFO - Filling up the DagBag from /home/airflow/.local/lib/python3.12/site-packages/airflow/example_dags/example_bash_operator.py
[2025-06-20T21:45:19.068+0000] {processor.py:925} INFO - DAG(s) 'example_bash_operator' retrieved from /home/airflow/.local/lib/python3.12/site-packages/airflow/example_dags/example_bash_operator.py
[2025-06-20T21:45:19.100+0000] {logging_mixin.py:190} INFO - [2025-06-20T21:45:19.099+0000] {dag.py:3239} INFO - Sync 1 DAGs
[2025-06-20T21:45:19.130+0000] {logging_mixin.py:190} INFO - [2025-06-20T21:45:19.130+0000] {dag.py:4180} INFO - Setting next_dagrun for example_bash_operator to 2025-06-19 00:00:00+00:00, run_after=2025-06-20 00:00:00+00:00
[2025-06-20T21:45:19.156+0000] {processor.py:208} INFO - Processing /home/airflow/.local/lib/python3.12/site-packages/airflow/example_dags/example_bash_operator.py took 0.118 seconds
[2025-06-20T21:45:51.330+0000] {processor.py:186} INFO - Started process (PID=2493) to work on /home/airflow/.local/lib/python3.12/site-packages/airflow/example_dags/example_bash_operator.py
[2025-06-20T21:45:51.331+0000] {processor.py:914} INFO - Processing file /home/airflow/.local/lib/python3.12/site-packages/airflow/example_dags/example_bash_operator.py for tasks to queue
[2025-06-20T21:45:51.334+0000] {logging_mixin.py:190} INFO - [2025-06-20T21:45:51.333+0000] {dagbag.py:588} INFO - Filling up the DagBag from /home/airflow/.local/lib/python3.12/site-packages/airflow/example_dags/example_bash_operator.py
[2025-06-20T21:45:51.346+0000] {processor.py:925} INFO - DAG(s) 'example_bash_operator' retrieved from /home/airflow/.local/lib/python3.12/site-packages/airflow/example_dags/example_bash_operator.py
[2025-06-20T21:45:51.374+0000] {logging_mixin.py:190} INFO - [2025-06-20T21:45:51.374+0000] {dag.py:3239} INFO - Sync 1 DAGs
[2025-06-20T21:45:51.399+0000] {logging_mixin.py:190} INFO - [2025-06-20T21:45:51.399+0000] {dag.py:4180} INFO - Setting next_dagrun for example_bash_operator to 2025-06-19 00:00:00+00:00, run_after=2025-06-20 00:00:00+00:00
[2025-06-20T21:45:51.575+0000] {processor.py:208} INFO - Processing /home/airflow/.local/lib/python3.12/site-packages/airflow/example_dags/example_bash_operator.py took 0.251 seconds
[2025-06-20T21:46:22.844+0000] {processor.py:186} INFO - Started process (PID=2557) to work on /home/airflow/.local/lib/python3.12/site-packages/airflow/example_dags/example_bash_operator.py
[2025-06-20T21:46:22.846+0000] {processor.py:914} INFO - Processing file /home/airflow/.local/lib/python3.12/site-packages/airflow/example_dags/example_bash_operator.py for tasks to queue
[2025-06-20T21:46:22.848+0000] {logging_mixin.py:190} INFO - [2025-06-20T21:46:22.848+0000] {dagbag.py:588} INFO - Filling up the DagBag from /home/airflow/.local/lib/python3.12/site-packages/airflow/example_dags/example_bash_operator.py
[2025-06-20T21:46:22.864+0000] {processor.py:925} INFO - DAG(s) 'example_bash_operator' retrieved from /home/airflow/.local/lib/python3.12/site-packages/airflow/example_dags/example_bash_operator.py
[2025-06-20T21:46:22.890+0000] {logging_mixin.py:190} INFO - [2025-06-20T21:46:22.890+0000] {dag.py:3239} INFO - Sync 1 DAGs
[2025-06-20T21:46:22.914+0000] {logging_mixin.py:190} INFO - [2025-06-20T21:46:22.914+0000] {dag.py:4180} INFO - Setting next_dagrun for example_bash_operator to 2025-06-19 00:00:00+00:00, run_after=2025-06-20 00:00:00+00:00
[2025-06-20T21:46:22.940+0000] {processor.py:208} INFO - Processing /home/airflow/.local/lib/python3.12/site-packages/airflow/example_dags/example_bash_operator.py took 0.102 seconds
[2025-06-20T21:46:53.523+0000] {processor.py:186} INFO - Started process (PID=2621) to work on /home/airflow/.local/lib/python3.12/site-packages/airflow/example_dags/example_bash_operator.py
[2025-06-20T21:46:53.524+0000] {processor.py:914} INFO - Processing file /home/airflow/.local/lib/python3.12/site-packages/airflow/example_dags/example_bash_operator.py for tasks to queue
[2025-06-20T21:46:53.527+0000] {logging_mixin.py:190} INFO - [2025-06-20T21:46:53.527+0000] {dagbag.py:588} INFO - Filling up the DagBag from /home/airflow/.local/lib/python3.12/site-packages/airflow/example_dags/example_bash_operator.py
[2025-06-20T21:46:53.538+0000] {processor.py:925} INFO - DAG(s) 'example_bash_operator' retrieved from /home/airflow/.local/lib/python3.12/site-packages/airflow/example_dags/example_bash_operator.py
[2025-06-20T21:46:53.563+0000] {logging_mixin.py:190} INFO - [2025-06-20T21:46:53.563+0000] {dag.py:3239} INFO - Sync 1 DAGs
[2025-06-20T21:46:53.585+0000] {logging_mixin.py:190} INFO - [2025-06-20T21:46:53.585+0000] {dag.py:4180} INFO - Setting next_dagrun for example_bash_operator to 2025-06-19 00:00:00+00:00, run_after=2025-06-20 00:00:00+00:00
[2025-06-20T21:46:53.631+0000] {processor.py:208} INFO - Processing /home/airflow/.local/lib/python3.12/site-packages/airflow/example_dags/example_bash_operator.py took 0.113 seconds
[2025-06-20T21:47:24.905+0000] {processor.py:186} INFO - Started process (PID=2685) to work on /home/airflow/.local/lib/python3.12/site-packages/airflow/example_dags/example_bash_operator.py
[2025-06-20T21:47:24.906+0000] {processor.py:914} INFO - Processing file /home/airflow/.local/lib/python3.12/site-packages/airflow/example_dags/example_bash_operator.py for tasks to queue
[2025-06-20T21:47:24.909+0000] {logging_mixin.py:190} INFO - [2025-06-20T21:47:24.908+0000] {dagbag.py:588} INFO - Filling up the DagBag from /home/airflow/.local/lib/python3.12/site-packages/airflow/example_dags/example_bash_operator.py
[2025-06-20T21:47:24.927+0000] {processor.py:925} INFO - DAG(s) 'example_bash_operator' retrieved from /home/airflow/.local/lib/python3.12/site-packages/airflow/example_dags/example_bash_operator.py
[2025-06-20T21:47:24.966+0000] {logging_mixin.py:190} INFO - [2025-06-20T21:47:24.965+0000] {dag.py:3239} INFO - Sync 1 DAGs
[2025-06-20T21:47:24.994+0000] {logging_mixin.py:190} INFO - [2025-06-20T21:47:24.994+0000] {dag.py:4180} INFO - Setting next_dagrun for example_bash_operator to 2025-06-19 00:00:00+00:00, run_after=2025-06-20 00:00:00+00:00
[2025-06-20T21:47:25.030+0000] {processor.py:208} INFO - Processing /home/airflow/.local/lib/python3.12/site-packages/airflow/example_dags/example_bash_operator.py took 0.130 seconds
[2025-06-20T21:47:57.023+0000] {processor.py:186} INFO - Started process (PID=2749) to work on /home/airflow/.local/lib/python3.12/site-packages/airflow/example_dags/example_bash_operator.py
[2025-06-20T21:47:57.024+0000] {processor.py:914} INFO - Processing file /home/airflow/.local/lib/python3.12/site-packages/airflow/example_dags/example_bash_operator.py for tasks to queue
[2025-06-20T21:47:57.026+0000] {logging_mixin.py:190} INFO - [2025-06-20T21:47:57.026+0000] {dagbag.py:588} INFO - Filling up the DagBag from /home/airflow/.local/lib/python3.12/site-packages/airflow/example_dags/example_bash_operator.py
[2025-06-20T21:47:57.038+0000] {processor.py:925} INFO - DAG(s) 'example_bash_operator' retrieved from /home/airflow/.local/lib/python3.12/site-packages/airflow/example_dags/example_bash_operator.py
[2025-06-20T21:47:57.065+0000] {logging_mixin.py:190} INFO - [2025-06-20T21:47:57.065+0000] {dag.py:3239} INFO - Sync 1 DAGs
[2025-06-20T21:47:57.092+0000] {logging_mixin.py:190} INFO - [2025-06-20T21:47:57.092+0000] {dag.py:4180} INFO - Setting next_dagrun for example_bash_operator to 2025-06-19 00:00:00+00:00, run_after=2025-06-20 00:00:00+00:00
[2025-06-20T21:47:57.123+0000] {processor.py:208} INFO - Processing /home/airflow/.local/lib/python3.12/site-packages/airflow/example_dags/example_bash_operator.py took 0.106 seconds
[2025-06-20T21:48:28.086+0000] {processor.py:186} INFO - Started process (PID=2813) to work on /home/airflow/.local/lib/python3.12/site-packages/airflow/example_dags/example_bash_operator.py
[2025-06-20T21:48:28.088+0000] {processor.py:914} INFO - Processing file /home/airflow/.local/lib/python3.12/site-packages/airflow/example_dags/example_bash_operator.py for tasks to queue
[2025-06-20T21:48:28.090+0000] {logging_mixin.py:190} INFO - [2025-06-20T21:48:28.090+0000] {dagbag.py:588} INFO - Filling up the DagBag from /home/airflow/.local/lib/python3.12/site-packages/airflow/example_dags/example_bash_operator.py
[2025-06-20T21:48:28.101+0000] {processor.py:925} INFO - DAG(s) 'example_bash_operator' retrieved from /home/airflow/.local/lib/python3.12/site-packages/airflow/example_dags/example_bash_operator.py
[2025-06-20T21:48:28.128+0000] {logging_mixin.py:190} INFO - [2025-06-20T21:48:28.128+0000] {dag.py:3239} INFO - Sync 1 DAGs
[2025-06-20T21:48:28.152+0000] {logging_mixin.py:190} INFO - [2025-06-20T21:48:28.152+0000] {dag.py:4180} INFO - Setting next_dagrun for example_bash_operator to 2025-06-19 00:00:00+00:00, run_after=2025-06-20 00:00:00+00:00
[2025-06-20T21:48:28.175+0000] {processor.py:208} INFO - Processing /home/airflow/.local/lib/python3.12/site-packages/airflow/example_dags/example_bash_operator.py took 0.094 seconds
[2025-06-20T21:48:59.193+0000] {processor.py:186} INFO - Started process (PID=2877) to work on /home/airflow/.local/lib/python3.12/site-packages/airflow/example_dags/example_bash_operator.py
[2025-06-20T21:48:59.194+0000] {processor.py:914} INFO - Processing file /home/airflow/.local/lib/python3.12/site-packages/airflow/example_dags/example_bash_operator.py for tasks to queue
[2025-06-20T21:48:59.199+0000] {logging_mixin.py:190} INFO - [2025-06-20T21:48:59.198+0000] {dagbag.py:588} INFO - Filling up the DagBag from /home/airflow/.local/lib/python3.12/site-packages/airflow/example_dags/example_bash_operator.py
[2025-06-20T21:48:59.211+0000] {processor.py:925} INFO - DAG(s) 'example_bash_operator' retrieved from /home/airflow/.local/lib/python3.12/site-packages/airflow/example_dags/example_bash_operator.py
[2025-06-20T21:48:59.242+0000] {logging_mixin.py:190} INFO - [2025-06-20T21:48:59.242+0000] {dag.py:3239} INFO - Sync 1 DAGs
[2025-06-20T21:48:59.272+0000] {logging_mixin.py:190} INFO - [2025-06-20T21:48:59.271+0000] {dag.py:4180} INFO - Setting next_dagrun for example_bash_operator to 2025-06-19 00:00:00+00:00, run_after=2025-06-20 00:00:00+00:00
[2025-06-20T21:48:59.301+0000] {processor.py:208} INFO - Processing /home/airflow/.local/lib/python3.12/site-packages/airflow/example_dags/example_bash_operator.py took 0.114 seconds
[2025-06-20T21:49:30.489+0000] {processor.py:186} INFO - Started process (PID=2941) to work on /home/airflow/.local/lib/python3.12/site-packages/airflow/example_dags/example_bash_operator.py
[2025-06-20T21:49:30.491+0000] {processor.py:914} INFO - Processing file /home/airflow/.local/lib/python3.12/site-packages/airflow/example_dags/example_bash_operator.py for tasks to queue
[2025-06-20T21:49:30.493+0000] {logging_mixin.py:190} INFO - [2025-06-20T21:49:30.493+0000] {dagbag.py:588} INFO - Filling up the DagBag from /home/airflow/.local/lib/python3.12/site-packages/airflow/example_dags/example_bash_operator.py
[2025-06-20T21:49:30.505+0000] {processor.py:925} INFO - DAG(s) 'example_bash_operator' retrieved from /home/airflow/.local/lib/python3.12/site-packages/airflow/example_dags/example_bash_operator.py
[2025-06-20T21:49:30.531+0000] {logging_mixin.py:190} INFO - [2025-06-20T21:49:30.531+0000] {dag.py:3239} INFO - Sync 1 DAGs
[2025-06-20T21:49:30.554+0000] {logging_mixin.py:190} INFO - [2025-06-20T21:49:30.554+0000] {dag.py:4180} INFO - Setting next_dagrun for example_bash_operator to 2025-06-19 00:00:00+00:00, run_after=2025-06-20 00:00:00+00:00
[2025-06-20T21:49:30.576+0000] {processor.py:208} INFO - Processing /home/airflow/.local/lib/python3.12/site-packages/airflow/example_dags/example_bash_operator.py took 0.092 seconds
[2025-06-20T21:50:02.126+0000] {processor.py:186} INFO - Started process (PID=3005) to work on /home/airflow/.local/lib/python3.12/site-packages/airflow/example_dags/example_bash_operator.py
[2025-06-20T21:50:02.127+0000] {processor.py:914} INFO - Processing file /home/airflow/.local/lib/python3.12/site-packages/airflow/example_dags/example_bash_operator.py for tasks to queue
[2025-06-20T21:50:02.130+0000] {logging_mixin.py:190} INFO - [2025-06-20T21:50:02.130+0000] {dagbag.py:588} INFO - Filling up the DagBag from /home/airflow/.local/lib/python3.12/site-packages/airflow/example_dags/example_bash_operator.py
[2025-06-20T21:50:02.141+0000] {processor.py:925} INFO - DAG(s) 'example_bash_operator' retrieved from /home/airflow/.local/lib/python3.12/site-packages/airflow/example_dags/example_bash_operator.py
[2025-06-20T21:50:02.165+0000] {logging_mixin.py:190} INFO - [2025-06-20T21:50:02.165+0000] {dag.py:3239} INFO - Sync 1 DAGs
[2025-06-20T21:50:02.187+0000] {logging_mixin.py:190} INFO - [2025-06-20T21:50:02.186+0000] {dag.py:4180} INFO - Setting next_dagrun for example_bash_operator to 2025-06-19 00:00:00+00:00, run_after=2025-06-20 00:00:00+00:00
[2025-06-20T21:50:02.208+0000] {processor.py:208} INFO - Processing /home/airflow/.local/lib/python3.12/site-packages/airflow/example_dags/example_bash_operator.py took 0.086 seconds
[2025-06-20T21:50:34.744+0000] {processor.py:186} INFO - Started process (PID=3069) to work on /home/airflow/.local/lib/python3.12/site-packages/airflow/example_dags/example_bash_operator.py
[2025-06-20T21:50:34.745+0000] {processor.py:914} INFO - Processing file /home/airflow/.local/lib/python3.12/site-packages/airflow/example_dags/example_bash_operator.py for tasks to queue
[2025-06-20T21:50:34.748+0000] {logging_mixin.py:190} INFO - [2025-06-20T21:50:34.748+0000] {dagbag.py:588} INFO - Filling up the DagBag from /home/airflow/.local/lib/python3.12/site-packages/airflow/example_dags/example_bash_operator.py
[2025-06-20T21:50:34.762+0000] {processor.py:925} INFO - DAG(s) 'example_bash_operator' retrieved from /home/airflow/.local/lib/python3.12/site-packages/airflow/example_dags/example_bash_operator.py
[2025-06-20T21:50:34.798+0000] {logging_mixin.py:190} INFO - [2025-06-20T21:50:34.797+0000] {dag.py:3239} INFO - Sync 1 DAGs
[2025-06-20T21:50:34.829+0000] {logging_mixin.py:190} INFO - [2025-06-20T21:50:34.829+0000] {dag.py:4180} INFO - Setting next_dagrun for example_bash_operator to 2025-06-19 00:00:00+00:00, run_after=2025-06-20 00:00:00+00:00
[2025-06-20T21:50:34.855+0000] {processor.py:208} INFO - Processing /home/airflow/.local/lib/python3.12/site-packages/airflow/example_dags/example_bash_operator.py took 0.117 seconds
[2025-06-20T21:51:08.122+0000] {processor.py:186} INFO - Started process (PID=3135) to work on /home/airflow/.local/lib/python3.12/site-packages/airflow/example_dags/example_bash_operator.py
[2025-06-20T21:51:08.123+0000] {processor.py:914} INFO - Processing file /home/airflow/.local/lib/python3.12/site-packages/airflow/example_dags/example_bash_operator.py for tasks to queue
[2025-06-20T21:51:08.126+0000] {logging_mixin.py:190} INFO - [2025-06-20T21:51:08.125+0000] {dagbag.py:588} INFO - Filling up the DagBag from /home/airflow/.local/lib/python3.12/site-packages/airflow/example_dags/example_bash_operator.py
[2025-06-20T21:51:08.136+0000] {processor.py:925} INFO - DAG(s) 'example_bash_operator' retrieved from /home/airflow/.local/lib/python3.12/site-packages/airflow/example_dags/example_bash_operator.py
[2025-06-20T21:51:08.162+0000] {logging_mixin.py:190} INFO - [2025-06-20T21:51:08.162+0000] {dag.py:3239} INFO - Sync 1 DAGs
[2025-06-20T21:51:08.187+0000] {logging_mixin.py:190} INFO - [2025-06-20T21:51:08.187+0000] {dag.py:4180} INFO - Setting next_dagrun for example_bash_operator to 2025-06-19 00:00:00+00:00, run_after=2025-06-20 00:00:00+00:00
[2025-06-20T21:51:08.214+0000] {processor.py:208} INFO - Processing /home/airflow/.local/lib/python3.12/site-packages/airflow/example_dags/example_bash_operator.py took 0.098 seconds
[2025-06-20T21:51:40.495+0000] {processor.py:186} INFO - Started process (PID=3200) to work on /home/airflow/.local/lib/python3.12/site-packages/airflow/example_dags/example_bash_operator.py
[2025-06-20T21:51:40.496+0000] {processor.py:914} INFO - Processing file /home/airflow/.local/lib/python3.12/site-packages/airflow/example_dags/example_bash_operator.py for tasks to queue
[2025-06-20T21:51:40.498+0000] {logging_mixin.py:190} INFO - [2025-06-20T21:51:40.498+0000] {dagbag.py:588} INFO - Filling up the DagBag from /home/airflow/.local/lib/python3.12/site-packages/airflow/example_dags/example_bash_operator.py
[2025-06-20T21:51:40.510+0000] {processor.py:925} INFO - DAG(s) 'example_bash_operator' retrieved from /home/airflow/.local/lib/python3.12/site-packages/airflow/example_dags/example_bash_operator.py
[2025-06-20T21:51:40.541+0000] {logging_mixin.py:190} INFO - [2025-06-20T21:51:40.541+0000] {dag.py:3239} INFO - Sync 1 DAGs
[2025-06-20T21:51:40.755+0000] {logging_mixin.py:190} INFO - [2025-06-20T21:51:40.755+0000] {dag.py:4180} INFO - Setting next_dagrun for example_bash_operator to 2025-06-19 00:00:00+00:00, run_after=2025-06-20 00:00:00+00:00
[2025-06-20T21:51:40.808+0000] {processor.py:208} INFO - Processing /home/airflow/.local/lib/python3.12/site-packages/airflow/example_dags/example_bash_operator.py took 0.319 seconds
[2025-06-20T21:52:11.634+0000] {processor.py:186} INFO - Started process (PID=3264) to work on /home/airflow/.local/lib/python3.12/site-packages/airflow/example_dags/example_bash_operator.py
[2025-06-20T21:52:11.635+0000] {processor.py:914} INFO - Processing file /home/airflow/.local/lib/python3.12/site-packages/airflow/example_dags/example_bash_operator.py for tasks to queue
[2025-06-20T21:52:11.637+0000] {logging_mixin.py:190} INFO - [2025-06-20T21:52:11.637+0000] {dagbag.py:588} INFO - Filling up the DagBag from /home/airflow/.local/lib/python3.12/site-packages/airflow/example_dags/example_bash_operator.py
[2025-06-20T21:52:11.650+0000] {processor.py:925} INFO - DAG(s) 'example_bash_operator' retrieved from /home/airflow/.local/lib/python3.12/site-packages/airflow/example_dags/example_bash_operator.py
[2025-06-20T21:52:11.681+0000] {logging_mixin.py:190} INFO - [2025-06-20T21:52:11.681+0000] {dag.py:3239} INFO - Sync 1 DAGs
[2025-06-20T21:52:11.867+0000] {logging_mixin.py:190} INFO - [2025-06-20T21:52:11.867+0000] {dag.py:4180} INFO - Setting next_dagrun for example_bash_operator to 2025-06-19 00:00:00+00:00, run_after=2025-06-20 00:00:00+00:00
[2025-06-20T21:52:11.900+0000] {processor.py:208} INFO - Processing /home/airflow/.local/lib/python3.12/site-packages/airflow/example_dags/example_bash_operator.py took 0.271 seconds
[2025-06-20T21:52:42.679+0000] {processor.py:186} INFO - Started process (PID=3328) to work on /home/airflow/.local/lib/python3.12/site-packages/airflow/example_dags/example_bash_operator.py
[2025-06-20T21:52:42.680+0000] {processor.py:914} INFO - Processing file /home/airflow/.local/lib/python3.12/site-packages/airflow/example_dags/example_bash_operator.py for tasks to queue
[2025-06-20T21:52:42.684+0000] {logging_mixin.py:190} INFO - [2025-06-20T21:52:42.684+0000] {dagbag.py:588} INFO - Filling up the DagBag from /home/airflow/.local/lib/python3.12/site-packages/airflow/example_dags/example_bash_operator.py
[2025-06-20T21:52:42.702+0000] {processor.py:925} INFO - DAG(s) 'example_bash_operator' retrieved from /home/airflow/.local/lib/python3.12/site-packages/airflow/example_dags/example_bash_operator.py
[2025-06-20T21:52:42.732+0000] {logging_mixin.py:190} INFO - [2025-06-20T21:52:42.731+0000] {dag.py:3239} INFO - Sync 1 DAGs
[2025-06-20T21:52:42.760+0000] {logging_mixin.py:190} INFO - [2025-06-20T21:52:42.759+0000] {dag.py:4180} INFO - Setting next_dagrun for example_bash_operator to 2025-06-19 00:00:00+00:00, run_after=2025-06-20 00:00:00+00:00
[2025-06-20T21:52:42.850+0000] {processor.py:208} INFO - Processing /home/airflow/.local/lib/python3.12/site-packages/airflow/example_dags/example_bash_operator.py took 0.178 seconds
[2025-06-20T21:53:12.927+0000] {processor.py:186} INFO - Started process (PID=3391) to work on /home/airflow/.local/lib/python3.12/site-packages/airflow/example_dags/example_bash_operator.py
[2025-06-20T21:53:12.928+0000] {processor.py:914} INFO - Processing file /home/airflow/.local/lib/python3.12/site-packages/airflow/example_dags/example_bash_operator.py for tasks to queue
[2025-06-20T21:53:12.931+0000] {logging_mixin.py:190} INFO - [2025-06-20T21:53:12.930+0000] {dagbag.py:588} INFO - Filling up the DagBag from /home/airflow/.local/lib/python3.12/site-packages/airflow/example_dags/example_bash_operator.py
[2025-06-20T21:53:12.941+0000] {processor.py:925} INFO - DAG(s) 'example_bash_operator' retrieved from /home/airflow/.local/lib/python3.12/site-packages/airflow/example_dags/example_bash_operator.py
[2025-06-20T21:53:12.972+0000] {logging_mixin.py:190} INFO - [2025-06-20T21:53:12.972+0000] {dag.py:3239} INFO - Sync 1 DAGs
[2025-06-20T21:53:13.002+0000] {logging_mixin.py:190} INFO - [2025-06-20T21:53:13.002+0000] {dag.py:4180} INFO - Setting next_dagrun for example_bash_operator to 2025-06-19 00:00:00+00:00, run_after=2025-06-20 00:00:00+00:00
[2025-06-20T21:53:13.095+0000] {processor.py:208} INFO - Processing /home/airflow/.local/lib/python3.12/site-packages/airflow/example_dags/example_bash_operator.py took 0.173 seconds
[2025-06-20T21:53:43.290+0000] {processor.py:186} INFO - Started process (PID=3455) to work on /home/airflow/.local/lib/python3.12/site-packages/airflow/example_dags/example_bash_operator.py
[2025-06-20T21:53:43.291+0000] {processor.py:914} INFO - Processing file /home/airflow/.local/lib/python3.12/site-packages/airflow/example_dags/example_bash_operator.py for tasks to queue
[2025-06-20T21:53:43.294+0000] {logging_mixin.py:190} INFO - [2025-06-20T21:53:43.293+0000] {dagbag.py:588} INFO - Filling up the DagBag from /home/airflow/.local/lib/python3.12/site-packages/airflow/example_dags/example_bash_operator.py
[2025-06-20T21:53:43.304+0000] {processor.py:925} INFO - DAG(s) 'example_bash_operator' retrieved from /home/airflow/.local/lib/python3.12/site-packages/airflow/example_dags/example_bash_operator.py
[2025-06-20T21:53:43.331+0000] {logging_mixin.py:190} INFO - [2025-06-20T21:53:43.331+0000] {dag.py:3239} INFO - Sync 1 DAGs
[2025-06-20T21:53:43.352+0000] {logging_mixin.py:190} INFO - [2025-06-20T21:53:43.352+0000] {dag.py:4180} INFO - Setting next_dagrun for example_bash_operator to 2025-06-19 00:00:00+00:00, run_after=2025-06-20 00:00:00+00:00
[2025-06-20T21:53:43.393+0000] {processor.py:208} INFO - Processing /home/airflow/.local/lib/python3.12/site-packages/airflow/example_dags/example_bash_operator.py took 0.108 seconds
[2025-06-20T21:55:56.355+0000] {processor.py:186} INFO - Started process (PID=121) to work on /home/airflow/.local/lib/python3.12/site-packages/airflow/example_dags/example_bash_operator.py
[2025-06-20T21:55:56.357+0000] {processor.py:914} INFO - Processing file /home/airflow/.local/lib/python3.12/site-packages/airflow/example_dags/example_bash_operator.py for tasks to queue
[2025-06-20T21:55:56.359+0000] {logging_mixin.py:190} INFO - [2025-06-20T21:55:56.359+0000] {dagbag.py:588} INFO - Filling up the DagBag from /home/airflow/.local/lib/python3.12/site-packages/airflow/example_dags/example_bash_operator.py
[2025-06-20T21:55:56.375+0000] {processor.py:925} INFO - DAG(s) 'example_bash_operator' retrieved from /home/airflow/.local/lib/python3.12/site-packages/airflow/example_dags/example_bash_operator.py
[2025-06-20T21:55:56.560+0000] {logging_mixin.py:190} INFO - [2025-06-20T21:55:56.560+0000] {override.py:1911} INFO - Created Permission View: can delete on DAG:example_bash_operator
[2025-06-20T21:55:56.581+0000] {logging_mixin.py:190} INFO - [2025-06-20T21:55:56.581+0000] {override.py:1911} INFO - Created Permission View: can edit on DAG:example_bash_operator
[2025-06-20T21:55:56.603+0000] {logging_mixin.py:190} INFO - [2025-06-20T21:55:56.603+0000] {override.py:1911} INFO - Created Permission View: can read on DAG:example_bash_operator
[2025-06-20T21:55:56.624+0000] {logging_mixin.py:190} INFO - [2025-06-20T21:55:56.624+0000] {override.py:1911} INFO - Created Permission View: can delete on DAG Run:example_bash_operator
[2025-06-20T21:55:56.646+0000] {logging_mixin.py:190} INFO - [2025-06-20T21:55:56.645+0000] {override.py:1911} INFO - Created Permission View: menu access on DAG Run:example_bash_operator
[2025-06-20T21:55:56.657+0000] {logging_mixin.py:190} INFO - [2025-06-20T21:55:56.656+0000] {override.py:1911} INFO - Created Permission View: can create on DAG Run:example_bash_operator
[2025-06-20T21:55:56.667+0000] {logging_mixin.py:190} INFO - [2025-06-20T21:55:56.667+0000] {override.py:1911} INFO - Created Permission View: can read on DAG Run:example_bash_operator
[2025-06-20T21:55:56.668+0000] {logging_mixin.py:190} INFO - [2025-06-20T21:55:56.668+0000] {dag.py:3239} INFO - Sync 1 DAGs
[2025-06-20T21:55:56.680+0000] {logging_mixin.py:190} INFO - [2025-06-20T21:55:56.680+0000] {dag.py:3262} INFO - Creating ORM DAG for example_bash_operator
[2025-06-20T21:55:56.692+0000] {logging_mixin.py:190} INFO - [2025-06-20T21:55:56.691+0000] {dag.py:4180} INFO - Setting next_dagrun for example_bash_operator to 2025-06-19 00:00:00+00:00, run_after=2025-06-20 00:00:00+00:00
[2025-06-20T21:55:56.720+0000] {processor.py:208} INFO - Processing /home/airflow/.local/lib/python3.12/site-packages/airflow/example_dags/example_bash_operator.py took 0.371 seconds
[2025-06-20T21:56:27.079+0000] {processor.py:186} INFO - Started process (PID=185) to work on /home/airflow/.local/lib/python3.12/site-packages/airflow/example_dags/example_bash_operator.py
[2025-06-20T21:56:27.080+0000] {processor.py:914} INFO - Processing file /home/airflow/.local/lib/python3.12/site-packages/airflow/example_dags/example_bash_operator.py for tasks to queue
[2025-06-20T21:56:27.083+0000] {logging_mixin.py:190} INFO - [2025-06-20T21:56:27.083+0000] {dagbag.py:588} INFO - Filling up the DagBag from /home/airflow/.local/lib/python3.12/site-packages/airflow/example_dags/example_bash_operator.py
[2025-06-20T21:56:27.094+0000] {processor.py:925} INFO - DAG(s) 'example_bash_operator' retrieved from /home/airflow/.local/lib/python3.12/site-packages/airflow/example_dags/example_bash_operator.py
[2025-06-20T21:56:27.118+0000] {logging_mixin.py:190} INFO - [2025-06-20T21:56:27.117+0000] {dag.py:3239} INFO - Sync 1 DAGs
[2025-06-20T21:56:27.139+0000] {logging_mixin.py:190} INFO - [2025-06-20T21:56:27.139+0000] {dag.py:4180} INFO - Setting next_dagrun for example_bash_operator to 2025-06-19 00:00:00+00:00, run_after=2025-06-20 00:00:00+00:00
[2025-06-20T21:56:27.167+0000] {processor.py:208} INFO - Processing /home/airflow/.local/lib/python3.12/site-packages/airflow/example_dags/example_bash_operator.py took 0.092 seconds
[2025-06-20T21:56:57.625+0000] {processor.py:186} INFO - Started process (PID=249) to work on /home/airflow/.local/lib/python3.12/site-packages/airflow/example_dags/example_bash_operator.py
[2025-06-20T21:56:57.627+0000] {processor.py:914} INFO - Processing file /home/airflow/.local/lib/python3.12/site-packages/airflow/example_dags/example_bash_operator.py for tasks to queue
[2025-06-20T21:56:57.630+0000] {logging_mixin.py:190} INFO - [2025-06-20T21:56:57.629+0000] {dagbag.py:588} INFO - Filling up the DagBag from /home/airflow/.local/lib/python3.12/site-packages/airflow/example_dags/example_bash_operator.py
[2025-06-20T21:56:57.640+0000] {processor.py:925} INFO - DAG(s) 'example_bash_operator' retrieved from /home/airflow/.local/lib/python3.12/site-packages/airflow/example_dags/example_bash_operator.py
[2025-06-20T21:56:57.668+0000] {logging_mixin.py:190} INFO - [2025-06-20T21:56:57.668+0000] {dag.py:3239} INFO - Sync 1 DAGs
[2025-06-20T21:56:57.695+0000] {logging_mixin.py:190} INFO - [2025-06-20T21:56:57.695+0000] {dag.py:4180} INFO - Setting next_dagrun for example_bash_operator to 2025-06-19 00:00:00+00:00, run_after=2025-06-20 00:00:00+00:00
[2025-06-20T21:56:57.723+0000] {processor.py:208} INFO - Processing /home/airflow/.local/lib/python3.12/site-packages/airflow/example_dags/example_bash_operator.py took 0.103 seconds
[2025-06-20T21:57:28.399+0000] {processor.py:186} INFO - Started process (PID=313) to work on /home/airflow/.local/lib/python3.12/site-packages/airflow/example_dags/example_bash_operator.py
[2025-06-20T21:57:28.400+0000] {processor.py:914} INFO - Processing file /home/airflow/.local/lib/python3.12/site-packages/airflow/example_dags/example_bash_operator.py for tasks to queue
[2025-06-20T21:57:28.403+0000] {logging_mixin.py:190} INFO - [2025-06-20T21:57:28.402+0000] {dagbag.py:588} INFO - Filling up the DagBag from /home/airflow/.local/lib/python3.12/site-packages/airflow/example_dags/example_bash_operator.py
[2025-06-20T21:57:28.413+0000] {processor.py:925} INFO - DAG(s) 'example_bash_operator' retrieved from /home/airflow/.local/lib/python3.12/site-packages/airflow/example_dags/example_bash_operator.py
[2025-06-20T21:57:28.441+0000] {logging_mixin.py:190} INFO - [2025-06-20T21:57:28.441+0000] {dag.py:3239} INFO - Sync 1 DAGs
[2025-06-20T21:57:28.473+0000] {logging_mixin.py:190} INFO - [2025-06-20T21:57:28.473+0000] {dag.py:4180} INFO - Setting next_dagrun for example_bash_operator to 2025-06-19 00:00:00+00:00, run_after=2025-06-20 00:00:00+00:00
[2025-06-20T21:57:28.502+0000] {processor.py:208} INFO - Processing /home/airflow/.local/lib/python3.12/site-packages/airflow/example_dags/example_bash_operator.py took 0.108 seconds
[2025-06-20T21:57:59.109+0000] {processor.py:186} INFO - Started process (PID=377) to work on /home/airflow/.local/lib/python3.12/site-packages/airflow/example_dags/example_bash_operator.py
[2025-06-20T21:57:59.110+0000] {processor.py:914} INFO - Processing file /home/airflow/.local/lib/python3.12/site-packages/airflow/example_dags/example_bash_operator.py for tasks to queue
[2025-06-20T21:57:59.113+0000] {logging_mixin.py:190} INFO - [2025-06-20T21:57:59.112+0000] {dagbag.py:588} INFO - Filling up the DagBag from /home/airflow/.local/lib/python3.12/site-packages/airflow/example_dags/example_bash_operator.py
[2025-06-20T21:57:59.125+0000] {processor.py:925} INFO - DAG(s) 'example_bash_operator' retrieved from /home/airflow/.local/lib/python3.12/site-packages/airflow/example_dags/example_bash_operator.py
[2025-06-20T21:57:59.151+0000] {logging_mixin.py:190} INFO - [2025-06-20T21:57:59.151+0000] {dag.py:3239} INFO - Sync 1 DAGs
[2025-06-20T21:57:59.173+0000] {logging_mixin.py:190} INFO - [2025-06-20T21:57:59.173+0000] {dag.py:4180} INFO - Setting next_dagrun for example_bash_operator to 2025-06-19 00:00:00+00:00, run_after=2025-06-20 00:00:00+00:00
[2025-06-20T21:57:59.199+0000] {processor.py:208} INFO - Processing /home/airflow/.local/lib/python3.12/site-packages/airflow/example_dags/example_bash_operator.py took 0.095 seconds
[2025-06-20T21:58:29.952+0000] {processor.py:186} INFO - Started process (PID=449) to work on /home/airflow/.local/lib/python3.12/site-packages/airflow/example_dags/example_bash_operator.py
[2025-06-20T21:58:29.953+0000] {processor.py:914} INFO - Processing file /home/airflow/.local/lib/python3.12/site-packages/airflow/example_dags/example_bash_operator.py for tasks to queue
[2025-06-20T21:58:29.957+0000] {logging_mixin.py:190} INFO - [2025-06-20T21:58:29.956+0000] {dagbag.py:588} INFO - Filling up the DagBag from /home/airflow/.local/lib/python3.12/site-packages/airflow/example_dags/example_bash_operator.py
[2025-06-20T21:58:29.967+0000] {processor.py:925} INFO - DAG(s) 'example_bash_operator' retrieved from /home/airflow/.local/lib/python3.12/site-packages/airflow/example_dags/example_bash_operator.py
[2025-06-20T21:58:29.991+0000] {logging_mixin.py:190} INFO - [2025-06-20T21:58:29.991+0000] {dag.py:3239} INFO - Sync 1 DAGs
[2025-06-20T21:58:30.018+0000] {logging_mixin.py:190} INFO - [2025-06-20T21:58:30.017+0000] {dag.py:4180} INFO - Setting next_dagrun for example_bash_operator to 2025-06-19 00:00:00+00:00, run_after=2025-06-20 00:00:00+00:00
[2025-06-20T21:58:30.044+0000] {processor.py:208} INFO - Processing /home/airflow/.local/lib/python3.12/site-packages/airflow/example_dags/example_bash_operator.py took 0.096 seconds
[2025-06-20T21:59:00.808+0000] {processor.py:186} INFO - Started process (PID=513) to work on /home/airflow/.local/lib/python3.12/site-packages/airflow/example_dags/example_bash_operator.py
[2025-06-20T21:59:00.809+0000] {processor.py:914} INFO - Processing file /home/airflow/.local/lib/python3.12/site-packages/airflow/example_dags/example_bash_operator.py for tasks to queue
[2025-06-20T21:59:00.811+0000] {logging_mixin.py:190} INFO - [2025-06-20T21:59:00.811+0000] {dagbag.py:588} INFO - Filling up the DagBag from /home/airflow/.local/lib/python3.12/site-packages/airflow/example_dags/example_bash_operator.py
[2025-06-20T21:59:00.822+0000] {processor.py:925} INFO - DAG(s) 'example_bash_operator' retrieved from /home/airflow/.local/lib/python3.12/site-packages/airflow/example_dags/example_bash_operator.py
[2025-06-20T21:59:00.847+0000] {logging_mixin.py:190} INFO - [2025-06-20T21:59:00.846+0000] {dag.py:3239} INFO - Sync 1 DAGs
[2025-06-20T21:59:00.871+0000] {logging_mixin.py:190} INFO - [2025-06-20T21:59:00.870+0000] {dag.py:4180} INFO - Setting next_dagrun for example_bash_operator to 2025-06-19 00:00:00+00:00, run_after=2025-06-20 00:00:00+00:00
[2025-06-20T21:59:00.893+0000] {processor.py:208} INFO - Processing /home/airflow/.local/lib/python3.12/site-packages/airflow/example_dags/example_bash_operator.py took 0.090 seconds
[2025-06-20T21:59:30.996+0000] {processor.py:186} INFO - Started process (PID=576) to work on /home/airflow/.local/lib/python3.12/site-packages/airflow/example_dags/example_bash_operator.py
[2025-06-20T21:59:30.998+0000] {processor.py:914} INFO - Processing file /home/airflow/.local/lib/python3.12/site-packages/airflow/example_dags/example_bash_operator.py for tasks to queue
[2025-06-20T21:59:31.000+0000] {logging_mixin.py:190} INFO - [2025-06-20T21:59:31.000+0000] {dagbag.py:588} INFO - Filling up the DagBag from /home/airflow/.local/lib/python3.12/site-packages/airflow/example_dags/example_bash_operator.py
[2025-06-20T21:59:31.011+0000] {processor.py:925} INFO - DAG(s) 'example_bash_operator' retrieved from /home/airflow/.local/lib/python3.12/site-packages/airflow/example_dags/example_bash_operator.py
[2025-06-20T21:59:31.038+0000] {logging_mixin.py:190} INFO - [2025-06-20T21:59:31.038+0000] {dag.py:3239} INFO - Sync 1 DAGs
[2025-06-20T21:59:31.061+0000] {logging_mixin.py:190} INFO - [2025-06-20T21:59:31.061+0000] {dag.py:4180} INFO - Setting next_dagrun for example_bash_operator to 2025-06-19 00:00:00+00:00, run_after=2025-06-20 00:00:00+00:00
[2025-06-20T21:59:31.083+0000] {processor.py:208} INFO - Processing /home/airflow/.local/lib/python3.12/site-packages/airflow/example_dags/example_bash_operator.py took 0.091 seconds
[2025-06-20T22:00:01.488+0000] {processor.py:186} INFO - Started process (PID=640) to work on /home/airflow/.local/lib/python3.12/site-packages/airflow/example_dags/example_bash_operator.py
[2025-06-20T22:00:01.489+0000] {processor.py:914} INFO - Processing file /home/airflow/.local/lib/python3.12/site-packages/airflow/example_dags/example_bash_operator.py for tasks to queue
[2025-06-20T22:00:01.492+0000] {logging_mixin.py:190} INFO - [2025-06-20T22:00:01.492+0000] {dagbag.py:588} INFO - Filling up the DagBag from /home/airflow/.local/lib/python3.12/site-packages/airflow/example_dags/example_bash_operator.py
[2025-06-20T22:00:01.505+0000] {processor.py:925} INFO - DAG(s) 'example_bash_operator' retrieved from /home/airflow/.local/lib/python3.12/site-packages/airflow/example_dags/example_bash_operator.py
[2025-06-20T22:00:01.533+0000] {logging_mixin.py:190} INFO - [2025-06-20T22:00:01.533+0000] {dag.py:3239} INFO - Sync 1 DAGs
[2025-06-20T22:00:01.559+0000] {logging_mixin.py:190} INFO - [2025-06-20T22:00:01.558+0000] {dag.py:4180} INFO - Setting next_dagrun for example_bash_operator to 2025-06-19 00:00:00+00:00, run_after=2025-06-20 00:00:00+00:00
[2025-06-20T22:00:01.596+0000] {processor.py:208} INFO - Processing /home/airflow/.local/lib/python3.12/site-packages/airflow/example_dags/example_bash_operator.py took 0.114 seconds
[2025-06-20T22:00:33.046+0000] {processor.py:186} INFO - Started process (PID=704) to work on /home/airflow/.local/lib/python3.12/site-packages/airflow/example_dags/example_bash_operator.py
[2025-06-20T22:00:33.047+0000] {processor.py:914} INFO - Processing file /home/airflow/.local/lib/python3.12/site-packages/airflow/example_dags/example_bash_operator.py for tasks to queue
[2025-06-20T22:00:33.050+0000] {logging_mixin.py:190} INFO - [2025-06-20T22:00:33.049+0000] {dagbag.py:588} INFO - Filling up the DagBag from /home/airflow/.local/lib/python3.12/site-packages/airflow/example_dags/example_bash_operator.py
[2025-06-20T22:00:33.061+0000] {processor.py:925} INFO - DAG(s) 'example_bash_operator' retrieved from /home/airflow/.local/lib/python3.12/site-packages/airflow/example_dags/example_bash_operator.py
[2025-06-20T22:00:33.086+0000] {logging_mixin.py:190} INFO - [2025-06-20T22:00:33.086+0000] {dag.py:3239} INFO - Sync 1 DAGs
[2025-06-20T22:00:33.109+0000] {logging_mixin.py:190} INFO - [2025-06-20T22:00:33.109+0000] {dag.py:4180} INFO - Setting next_dagrun for example_bash_operator to 2025-06-19 00:00:00+00:00, run_after=2025-06-20 00:00:00+00:00
[2025-06-20T22:00:33.135+0000] {processor.py:208} INFO - Processing /home/airflow/.local/lib/python3.12/site-packages/airflow/example_dags/example_bash_operator.py took 0.094 seconds
[2025-06-20T22:01:04.292+0000] {processor.py:186} INFO - Started process (PID=768) to work on /home/airflow/.local/lib/python3.12/site-packages/airflow/example_dags/example_bash_operator.py
[2025-06-20T22:01:04.293+0000] {processor.py:914} INFO - Processing file /home/airflow/.local/lib/python3.12/site-packages/airflow/example_dags/example_bash_operator.py for tasks to queue
[2025-06-20T22:01:04.296+0000] {logging_mixin.py:190} INFO - [2025-06-20T22:01:04.295+0000] {dagbag.py:588} INFO - Filling up the DagBag from /home/airflow/.local/lib/python3.12/site-packages/airflow/example_dags/example_bash_operator.py
[2025-06-20T22:01:04.308+0000] {processor.py:925} INFO - DAG(s) 'example_bash_operator' retrieved from /home/airflow/.local/lib/python3.12/site-packages/airflow/example_dags/example_bash_operator.py
[2025-06-20T22:01:04.334+0000] {logging_mixin.py:190} INFO - [2025-06-20T22:01:04.333+0000] {dag.py:3239} INFO - Sync 1 DAGs
[2025-06-20T22:01:04.356+0000] {logging_mixin.py:190} INFO - [2025-06-20T22:01:04.355+0000] {dag.py:4180} INFO - Setting next_dagrun for example_bash_operator to 2025-06-19 00:00:00+00:00, run_after=2025-06-20 00:00:00+00:00
[2025-06-20T22:01:04.380+0000] {processor.py:208} INFO - Processing /home/airflow/.local/lib/python3.12/site-packages/airflow/example_dags/example_bash_operator.py took 0.093 seconds
[2025-06-20T22:01:36.193+0000] {processor.py:186} INFO - Started process (PID=833) to work on /home/airflow/.local/lib/python3.12/site-packages/airflow/example_dags/example_bash_operator.py
[2025-06-20T22:01:36.194+0000] {processor.py:914} INFO - Processing file /home/airflow/.local/lib/python3.12/site-packages/airflow/example_dags/example_bash_operator.py for tasks to queue
[2025-06-20T22:01:36.197+0000] {logging_mixin.py:190} INFO - [2025-06-20T22:01:36.197+0000] {dagbag.py:588} INFO - Filling up the DagBag from /home/airflow/.local/lib/python3.12/site-packages/airflow/example_dags/example_bash_operator.py
[2025-06-20T22:01:36.211+0000] {processor.py:925} INFO - DAG(s) 'example_bash_operator' retrieved from /home/airflow/.local/lib/python3.12/site-packages/airflow/example_dags/example_bash_operator.py
[2025-06-20T22:01:36.242+0000] {logging_mixin.py:190} INFO - [2025-06-20T22:01:36.242+0000] {dag.py:3239} INFO - Sync 1 DAGs
[2025-06-20T22:01:36.269+0000] {logging_mixin.py:190} INFO - [2025-06-20T22:01:36.268+0000] {dag.py:4180} INFO - Setting next_dagrun for example_bash_operator to 2025-06-19 00:00:00+00:00, run_after=2025-06-20 00:00:00+00:00
[2025-06-20T22:01:36.301+0000] {processor.py:208} INFO - Processing /home/airflow/.local/lib/python3.12/site-packages/airflow/example_dags/example_bash_operator.py took 0.114 seconds
[2025-06-20T22:02:07.869+0000] {processor.py:186} INFO - Started process (PID=897) to work on /home/airflow/.local/lib/python3.12/site-packages/airflow/example_dags/example_bash_operator.py
[2025-06-20T22:02:07.871+0000] {processor.py:914} INFO - Processing file /home/airflow/.local/lib/python3.12/site-packages/airflow/example_dags/example_bash_operator.py for tasks to queue
[2025-06-20T22:02:07.874+0000] {logging_mixin.py:190} INFO - [2025-06-20T22:02:07.873+0000] {dagbag.py:588} INFO - Filling up the DagBag from /home/airflow/.local/lib/python3.12/site-packages/airflow/example_dags/example_bash_operator.py
[2025-06-20T22:02:07.888+0000] {processor.py:925} INFO - DAG(s) 'example_bash_operator' retrieved from /home/airflow/.local/lib/python3.12/site-packages/airflow/example_dags/example_bash_operator.py
[2025-06-20T22:02:07.916+0000] {logging_mixin.py:190} INFO - [2025-06-20T22:02:07.916+0000] {dag.py:3239} INFO - Sync 1 DAGs
[2025-06-20T22:02:07.940+0000] {logging_mixin.py:190} INFO - [2025-06-20T22:02:07.939+0000] {dag.py:4180} INFO - Setting next_dagrun for example_bash_operator to 2025-06-19 00:00:00+00:00, run_after=2025-06-20 00:00:00+00:00
[2025-06-20T22:02:07.970+0000] {processor.py:208} INFO - Processing /home/airflow/.local/lib/python3.12/site-packages/airflow/example_dags/example_bash_operator.py took 0.106 seconds
[2025-06-20T22:02:39.440+0000] {processor.py:186} INFO - Started process (PID=961) to work on /home/airflow/.local/lib/python3.12/site-packages/airflow/example_dags/example_bash_operator.py
[2025-06-20T22:02:39.441+0000] {processor.py:914} INFO - Processing file /home/airflow/.local/lib/python3.12/site-packages/airflow/example_dags/example_bash_operator.py for tasks to queue
[2025-06-20T22:02:39.444+0000] {logging_mixin.py:190} INFO - [2025-06-20T22:02:39.443+0000] {dagbag.py:588} INFO - Filling up the DagBag from /home/airflow/.local/lib/python3.12/site-packages/airflow/example_dags/example_bash_operator.py
[2025-06-20T22:02:39.455+0000] {processor.py:925} INFO - DAG(s) 'example_bash_operator' retrieved from /home/airflow/.local/lib/python3.12/site-packages/airflow/example_dags/example_bash_operator.py
[2025-06-20T22:02:39.482+0000] {logging_mixin.py:190} INFO - [2025-06-20T22:02:39.482+0000] {dag.py:3239} INFO - Sync 1 DAGs
[2025-06-20T22:02:39.511+0000] {logging_mixin.py:190} INFO - [2025-06-20T22:02:39.511+0000] {dag.py:4180} INFO - Setting next_dagrun for example_bash_operator to 2025-06-19 00:00:00+00:00, run_after=2025-06-20 00:00:00+00:00
[2025-06-20T22:02:39.620+0000] {processor.py:208} INFO - Processing /home/airflow/.local/lib/python3.12/site-packages/airflow/example_dags/example_bash_operator.py took 0.185 seconds
[2025-06-20T22:03:11.284+0000] {processor.py:186} INFO - Started process (PID=1025) to work on /home/airflow/.local/lib/python3.12/site-packages/airflow/example_dags/example_bash_operator.py
[2025-06-20T22:03:11.285+0000] {processor.py:914} INFO - Processing file /home/airflow/.local/lib/python3.12/site-packages/airflow/example_dags/example_bash_operator.py for tasks to queue
[2025-06-20T22:03:11.288+0000] {logging_mixin.py:190} INFO - [2025-06-20T22:03:11.287+0000] {dagbag.py:588} INFO - Filling up the DagBag from /home/airflow/.local/lib/python3.12/site-packages/airflow/example_dags/example_bash_operator.py
[2025-06-20T22:03:11.300+0000] {processor.py:925} INFO - DAG(s) 'example_bash_operator' retrieved from /home/airflow/.local/lib/python3.12/site-packages/airflow/example_dags/example_bash_operator.py
[2025-06-20T22:03:11.327+0000] {logging_mixin.py:190} INFO - [2025-06-20T22:03:11.327+0000] {dag.py:3239} INFO - Sync 1 DAGs
[2025-06-20T22:03:11.349+0000] {logging_mixin.py:190} INFO - [2025-06-20T22:03:11.349+0000] {dag.py:4180} INFO - Setting next_dagrun for example_bash_operator to 2025-06-19 00:00:00+00:00, run_after=2025-06-20 00:00:00+00:00
[2025-06-20T22:03:11.377+0000] {processor.py:208} INFO - Processing /home/airflow/.local/lib/python3.12/site-packages/airflow/example_dags/example_bash_operator.py took 0.098 seconds
[2025-06-20T22:03:43.239+0000] {processor.py:186} INFO - Started process (PID=1089) to work on /home/airflow/.local/lib/python3.12/site-packages/airflow/example_dags/example_bash_operator.py
[2025-06-20T22:03:43.240+0000] {processor.py:914} INFO - Processing file /home/airflow/.local/lib/python3.12/site-packages/airflow/example_dags/example_bash_operator.py for tasks to queue
[2025-06-20T22:03:43.243+0000] {logging_mixin.py:190} INFO - [2025-06-20T22:03:43.242+0000] {dagbag.py:588} INFO - Filling up the DagBag from /home/airflow/.local/lib/python3.12/site-packages/airflow/example_dags/example_bash_operator.py
[2025-06-20T22:03:43.254+0000] {processor.py:925} INFO - DAG(s) 'example_bash_operator' retrieved from /home/airflow/.local/lib/python3.12/site-packages/airflow/example_dags/example_bash_operator.py
[2025-06-20T22:03:43.281+0000] {logging_mixin.py:190} INFO - [2025-06-20T22:03:43.280+0000] {dag.py:3239} INFO - Sync 1 DAGs
[2025-06-20T22:03:43.305+0000] {logging_mixin.py:190} INFO - [2025-06-20T22:03:43.304+0000] {dag.py:4180} INFO - Setting next_dagrun for example_bash_operator to 2025-06-19 00:00:00+00:00, run_after=2025-06-20 00:00:00+00:00
[2025-06-20T22:03:43.334+0000] {processor.py:208} INFO - Processing /home/airflow/.local/lib/python3.12/site-packages/airflow/example_dags/example_bash_operator.py took 0.101 seconds
