[2025-06-20T21:26:20.550+0000] {processor.py:186} INFO - Started process (PID=93) to work on /home/airflow/.local/lib/python3.12/site-packages/airflow/example_dags/tutorial_objectstorage.py
[2025-06-20T21:26:20.551+0000] {processor.py:914} INFO - Processing file /home/airflow/.local/lib/python3.12/site-packages/airflow/example_dags/tutorial_objectstorage.py for tasks to queue
[2025-06-20T21:26:20.554+0000] {logging_mixin.py:190} INFO - [2025-06-20T21:26:20.553+0000] {dagbag.py:588} INFO - Filling up the DagBag from /home/airflow/.local/lib/python3.12/site-packages/airflow/example_dags/tutorial_objectstorage.py
[2025-06-20T21:26:20.563+0000] {processor.py:925} INFO - DAG(s) 'tutorial_objectstorage' retrieved from /home/airflow/.local/lib/python3.12/site-packages/airflow/example_dags/tutorial_objectstorage.py
[2025-06-20T21:26:20.829+0000] {logging_mixin.py:190} INFO - [2025-06-20T21:26:20.829+0000] {override.py:1911} INFO - Created Permission View: can delete on DAG:tutorial_objectstorage
[2025-06-20T21:26:20.935+0000] {logging_mixin.py:190} INFO - [2025-06-20T21:26:20.934+0000] {override.py:1911} INFO - Created Permission View: can read on DAG:tutorial_objectstorage
[2025-06-20T21:26:21.031+0000] {logging_mixin.py:190} INFO - [2025-06-20T21:26:21.030+0000] {override.py:1911} INFO - Created Permission View: can edit on DAG:tutorial_objectstorage
[2025-06-20T21:26:21.263+0000] {logging_mixin.py:190} INFO - [2025-06-20T21:26:21.263+0000] {override.py:1911} INFO - Created Permission View: can delete on DAG Run:tutorial_objectstorage
[2025-06-20T21:26:21.365+0000] {logging_mixin.py:190} INFO - [2025-06-20T21:26:21.364+0000] {override.py:1911} INFO - Created Permission View: can create on DAG Run:tutorial_objectstorage
[2025-06-20T21:26:21.438+0000] {logging_mixin.py:190} INFO - [2025-06-20T21:26:21.438+0000] {override.py:1911} INFO - Created Permission View: can read on DAG Run:tutorial_objectstorage
[2025-06-20T21:26:21.512+0000] {logging_mixin.py:190} INFO - [2025-06-20T21:26:21.512+0000] {override.py:1911} INFO - Created Permission View: menu access on DAG Run:tutorial_objectstorage
[2025-06-20T21:26:21.513+0000] {logging_mixin.py:190} INFO - [2025-06-20T21:26:21.513+0000] {dag.py:3239} INFO - Sync 1 DAGs
[2025-06-20T21:26:21.529+0000] {logging_mixin.py:190} INFO - [2025-06-20T21:26:21.529+0000] {dag.py:3262} INFO - Creating ORM DAG for tutorial_objectstorage
[2025-06-20T21:26:21.530+0000] {logging_mixin.py:190} INFO - [2025-06-20T21:26:21.530+0000] {dag.py:4180} INFO - Setting next_dagrun for tutorial_objectstorage to None, run_after=None
[2025-06-20T21:26:21.636+0000] {processor.py:208} INFO - Processing /home/airflow/.local/lib/python3.12/site-packages/airflow/example_dags/tutorial_objectstorage.py took 1.091 seconds
[2025-06-20T21:26:56.888+0000] {processor.py:186} INFO - Started process (PID=157) to work on /home/airflow/.local/lib/python3.12/site-packages/airflow/example_dags/tutorial_objectstorage.py
[2025-06-20T21:26:56.890+0000] {processor.py:914} INFO - Processing file /home/airflow/.local/lib/python3.12/site-packages/airflow/example_dags/tutorial_objectstorage.py for tasks to queue
[2025-06-20T21:26:56.893+0000] {logging_mixin.py:190} INFO - [2025-06-20T21:26:56.893+0000] {dagbag.py:588} INFO - Filling up the DagBag from /home/airflow/.local/lib/python3.12/site-packages/airflow/example_dags/tutorial_objectstorage.py
[2025-06-20T21:26:56.901+0000] {processor.py:925} INFO - DAG(s) 'tutorial_objectstorage' retrieved from /home/airflow/.local/lib/python3.12/site-packages/airflow/example_dags/tutorial_objectstorage.py
[2025-06-20T21:26:56.920+0000] {logging_mixin.py:190} INFO - [2025-06-20T21:26:56.920+0000] {dag.py:3239} INFO - Sync 1 DAGs
[2025-06-20T21:26:56.934+0000] {logging_mixin.py:190} INFO - [2025-06-20T21:26:56.934+0000] {dag.py:4180} INFO - Setting next_dagrun for tutorial_objectstorage to None, run_after=None
[2025-06-20T21:26:56.966+0000] {processor.py:208} INFO - Processing /home/airflow/.local/lib/python3.12/site-packages/airflow/example_dags/tutorial_objectstorage.py took 0.083 seconds
[2025-06-20T21:27:27.789+0000] {processor.py:186} INFO - Started process (PID=221) to work on /home/airflow/.local/lib/python3.12/site-packages/airflow/example_dags/tutorial_objectstorage.py
[2025-06-20T21:27:27.791+0000] {processor.py:914} INFO - Processing file /home/airflow/.local/lib/python3.12/site-packages/airflow/example_dags/tutorial_objectstorage.py for tasks to queue
[2025-06-20T21:27:27.793+0000] {logging_mixin.py:190} INFO - [2025-06-20T21:27:27.792+0000] {dagbag.py:588} INFO - Filling up the DagBag from /home/airflow/.local/lib/python3.12/site-packages/airflow/example_dags/tutorial_objectstorage.py
[2025-06-20T21:27:27.801+0000] {processor.py:925} INFO - DAG(s) 'tutorial_objectstorage' retrieved from /home/airflow/.local/lib/python3.12/site-packages/airflow/example_dags/tutorial_objectstorage.py
[2025-06-20T21:27:27.821+0000] {logging_mixin.py:190} INFO - [2025-06-20T21:27:27.820+0000] {dag.py:3239} INFO - Sync 1 DAGs
[2025-06-20T21:27:27.834+0000] {logging_mixin.py:190} INFO - [2025-06-20T21:27:27.833+0000] {dag.py:4180} INFO - Setting next_dagrun for tutorial_objectstorage to None, run_after=None
[2025-06-20T21:27:27.871+0000] {processor.py:208} INFO - Processing /home/airflow/.local/lib/python3.12/site-packages/airflow/example_dags/tutorial_objectstorage.py took 0.087 seconds
[2025-06-20T21:27:58.626+0000] {processor.py:186} INFO - Started process (PID=285) to work on /home/airflow/.local/lib/python3.12/site-packages/airflow/example_dags/tutorial_objectstorage.py
[2025-06-20T21:27:58.627+0000] {processor.py:914} INFO - Processing file /home/airflow/.local/lib/python3.12/site-packages/airflow/example_dags/tutorial_objectstorage.py for tasks to queue
[2025-06-20T21:27:58.629+0000] {logging_mixin.py:190} INFO - [2025-06-20T21:27:58.629+0000] {dagbag.py:588} INFO - Filling up the DagBag from /home/airflow/.local/lib/python3.12/site-packages/airflow/example_dags/tutorial_objectstorage.py
[2025-06-20T21:27:58.638+0000] {processor.py:925} INFO - DAG(s) 'tutorial_objectstorage' retrieved from /home/airflow/.local/lib/python3.12/site-packages/airflow/example_dags/tutorial_objectstorage.py
[2025-06-20T21:27:58.658+0000] {logging_mixin.py:190} INFO - [2025-06-20T21:27:58.658+0000] {dag.py:3239} INFO - Sync 1 DAGs
[2025-06-20T21:27:58.673+0000] {logging_mixin.py:190} INFO - [2025-06-20T21:27:58.673+0000] {dag.py:4180} INFO - Setting next_dagrun for tutorial_objectstorage to None, run_after=None
[2025-06-20T21:27:58.705+0000] {processor.py:208} INFO - Processing /home/airflow/.local/lib/python3.12/site-packages/airflow/example_dags/tutorial_objectstorage.py took 0.084 seconds
[2025-06-20T21:28:29.451+0000] {processor.py:186} INFO - Started process (PID=349) to work on /home/airflow/.local/lib/python3.12/site-packages/airflow/example_dags/tutorial_objectstorage.py
[2025-06-20T21:28:29.452+0000] {processor.py:914} INFO - Processing file /home/airflow/.local/lib/python3.12/site-packages/airflow/example_dags/tutorial_objectstorage.py for tasks to queue
[2025-06-20T21:28:29.455+0000] {logging_mixin.py:190} INFO - [2025-06-20T21:28:29.454+0000] {dagbag.py:588} INFO - Filling up the DagBag from /home/airflow/.local/lib/python3.12/site-packages/airflow/example_dags/tutorial_objectstorage.py
[2025-06-20T21:28:29.465+0000] {processor.py:925} INFO - DAG(s) 'tutorial_objectstorage' retrieved from /home/airflow/.local/lib/python3.12/site-packages/airflow/example_dags/tutorial_objectstorage.py
[2025-06-20T21:28:29.486+0000] {logging_mixin.py:190} INFO - [2025-06-20T21:28:29.486+0000] {dag.py:3239} INFO - Sync 1 DAGs
[2025-06-20T21:28:29.502+0000] {logging_mixin.py:190} INFO - [2025-06-20T21:28:29.502+0000] {dag.py:4180} INFO - Setting next_dagrun for tutorial_objectstorage to None, run_after=None
[2025-06-20T21:28:29.531+0000] {processor.py:208} INFO - Processing /home/airflow/.local/lib/python3.12/site-packages/airflow/example_dags/tutorial_objectstorage.py took 0.085 seconds
[2025-06-20T21:28:59.792+0000] {processor.py:186} INFO - Started process (PID=412) to work on /home/airflow/.local/lib/python3.12/site-packages/airflow/example_dags/tutorial_objectstorage.py
[2025-06-20T21:28:59.794+0000] {processor.py:914} INFO - Processing file /home/airflow/.local/lib/python3.12/site-packages/airflow/example_dags/tutorial_objectstorage.py for tasks to queue
[2025-06-20T21:28:59.796+0000] {logging_mixin.py:190} INFO - [2025-06-20T21:28:59.795+0000] {dagbag.py:588} INFO - Filling up the DagBag from /home/airflow/.local/lib/python3.12/site-packages/airflow/example_dags/tutorial_objectstorage.py
[2025-06-20T21:28:59.804+0000] {processor.py:925} INFO - DAG(s) 'tutorial_objectstorage' retrieved from /home/airflow/.local/lib/python3.12/site-packages/airflow/example_dags/tutorial_objectstorage.py
[2025-06-20T21:28:59.825+0000] {logging_mixin.py:190} INFO - [2025-06-20T21:28:59.824+0000] {dag.py:3239} INFO - Sync 1 DAGs
[2025-06-20T21:28:59.846+0000] {logging_mixin.py:190} INFO - [2025-06-20T21:28:59.846+0000] {dag.py:4180} INFO - Setting next_dagrun for tutorial_objectstorage to None, run_after=None
[2025-06-20T21:29:00.011+0000] {processor.py:208} INFO - Processing /home/airflow/.local/lib/python3.12/site-packages/airflow/example_dags/tutorial_objectstorage.py took 0.223 seconds
[2025-06-20T21:29:30.892+0000] {processor.py:186} INFO - Started process (PID=474) to work on /home/airflow/.local/lib/python3.12/site-packages/airflow/example_dags/tutorial_objectstorage.py
[2025-06-20T21:29:30.893+0000] {processor.py:914} INFO - Processing file /home/airflow/.local/lib/python3.12/site-packages/airflow/example_dags/tutorial_objectstorage.py for tasks to queue
[2025-06-20T21:29:30.896+0000] {logging_mixin.py:190} INFO - [2025-06-20T21:29:30.895+0000] {dagbag.py:588} INFO - Filling up the DagBag from /home/airflow/.local/lib/python3.12/site-packages/airflow/example_dags/tutorial_objectstorage.py
[2025-06-20T21:29:30.910+0000] {processor.py:925} INFO - DAG(s) 'tutorial_objectstorage' retrieved from /home/airflow/.local/lib/python3.12/site-packages/airflow/example_dags/tutorial_objectstorage.py
[2025-06-20T21:29:30.933+0000] {logging_mixin.py:190} INFO - [2025-06-20T21:29:30.933+0000] {dag.py:3239} INFO - Sync 1 DAGs
[2025-06-20T21:29:30.950+0000] {logging_mixin.py:190} INFO - [2025-06-20T21:29:30.950+0000] {dag.py:4180} INFO - Setting next_dagrun for tutorial_objectstorage to None, run_after=None
[2025-06-20T21:29:31.023+0000] {processor.py:208} INFO - Processing /home/airflow/.local/lib/python3.12/site-packages/airflow/example_dags/tutorial_objectstorage.py took 0.136 seconds
[2025-06-20T21:30:01.211+0000] {processor.py:186} INFO - Started process (PID=538) to work on /home/airflow/.local/lib/python3.12/site-packages/airflow/example_dags/tutorial_objectstorage.py
[2025-06-20T21:30:01.212+0000] {processor.py:914} INFO - Processing file /home/airflow/.local/lib/python3.12/site-packages/airflow/example_dags/tutorial_objectstorage.py for tasks to queue
[2025-06-20T21:30:01.215+0000] {logging_mixin.py:190} INFO - [2025-06-20T21:30:01.214+0000] {dagbag.py:588} INFO - Filling up the DagBag from /home/airflow/.local/lib/python3.12/site-packages/airflow/example_dags/tutorial_objectstorage.py
[2025-06-20T21:30:01.226+0000] {processor.py:925} INFO - DAG(s) 'tutorial_objectstorage' retrieved from /home/airflow/.local/lib/python3.12/site-packages/airflow/example_dags/tutorial_objectstorage.py
[2025-06-20T21:30:01.243+0000] {logging_mixin.py:190} INFO - [2025-06-20T21:30:01.243+0000] {dag.py:3239} INFO - Sync 1 DAGs
[2025-06-20T21:30:01.255+0000] {logging_mixin.py:190} INFO - [2025-06-20T21:30:01.255+0000] {dag.py:4180} INFO - Setting next_dagrun for tutorial_objectstorage to None, run_after=None
[2025-06-20T21:30:01.284+0000] {processor.py:208} INFO - Processing /home/airflow/.local/lib/python3.12/site-packages/airflow/example_dags/tutorial_objectstorage.py took 0.079 seconds
[2025-06-20T21:30:32.585+0000] {processor.py:186} INFO - Started process (PID=602) to work on /home/airflow/.local/lib/python3.12/site-packages/airflow/example_dags/tutorial_objectstorage.py
[2025-06-20T21:30:32.586+0000] {processor.py:914} INFO - Processing file /home/airflow/.local/lib/python3.12/site-packages/airflow/example_dags/tutorial_objectstorage.py for tasks to queue
[2025-06-20T21:30:32.588+0000] {logging_mixin.py:190} INFO - [2025-06-20T21:30:32.588+0000] {dagbag.py:588} INFO - Filling up the DagBag from /home/airflow/.local/lib/python3.12/site-packages/airflow/example_dags/tutorial_objectstorage.py
[2025-06-20T21:30:32.596+0000] {processor.py:925} INFO - DAG(s) 'tutorial_objectstorage' retrieved from /home/airflow/.local/lib/python3.12/site-packages/airflow/example_dags/tutorial_objectstorage.py
[2025-06-20T21:30:32.615+0000] {logging_mixin.py:190} INFO - [2025-06-20T21:30:32.615+0000] {dag.py:3239} INFO - Sync 1 DAGs
[2025-06-20T21:30:32.629+0000] {logging_mixin.py:190} INFO - [2025-06-20T21:30:32.629+0000] {dag.py:4180} INFO - Setting next_dagrun for tutorial_objectstorage to None, run_after=None
[2025-06-20T21:30:32.656+0000] {processor.py:208} INFO - Processing /home/airflow/.local/lib/python3.12/site-packages/airflow/example_dags/tutorial_objectstorage.py took 0.076 seconds
[2025-06-20T21:31:03.875+0000] {processor.py:186} INFO - Started process (PID=651) to work on /home/airflow/.local/lib/python3.12/site-packages/airflow/example_dags/tutorial_objectstorage.py
[2025-06-20T21:31:03.876+0000] {processor.py:914} INFO - Processing file /home/airflow/.local/lib/python3.12/site-packages/airflow/example_dags/tutorial_objectstorage.py for tasks to queue
[2025-06-20T21:31:03.879+0000] {logging_mixin.py:190} INFO - [2025-06-20T21:31:03.879+0000] {dagbag.py:588} INFO - Filling up the DagBag from /home/airflow/.local/lib/python3.12/site-packages/airflow/example_dags/tutorial_objectstorage.py
[2025-06-20T21:31:03.886+0000] {processor.py:925} INFO - DAG(s) 'tutorial_objectstorage' retrieved from /home/airflow/.local/lib/python3.12/site-packages/airflow/example_dags/tutorial_objectstorage.py
[2025-06-20T21:31:03.904+0000] {logging_mixin.py:190} INFO - [2025-06-20T21:31:03.904+0000] {dag.py:3239} INFO - Sync 1 DAGs
[2025-06-20T21:31:03.919+0000] {logging_mixin.py:190} INFO - [2025-06-20T21:31:03.918+0000] {dag.py:4180} INFO - Setting next_dagrun for tutorial_objectstorage to None, run_after=None
[2025-06-20T21:31:03.955+0000] {processor.py:208} INFO - Processing /home/airflow/.local/lib/python3.12/site-packages/airflow/example_dags/tutorial_objectstorage.py took 0.084 seconds
[2025-06-20T21:31:35.158+0000] {processor.py:186} INFO - Started process (PID=715) to work on /home/airflow/.local/lib/python3.12/site-packages/airflow/example_dags/tutorial_objectstorage.py
[2025-06-20T21:31:35.159+0000] {processor.py:914} INFO - Processing file /home/airflow/.local/lib/python3.12/site-packages/airflow/example_dags/tutorial_objectstorage.py for tasks to queue
[2025-06-20T21:31:35.162+0000] {logging_mixin.py:190} INFO - [2025-06-20T21:31:35.162+0000] {dagbag.py:588} INFO - Filling up the DagBag from /home/airflow/.local/lib/python3.12/site-packages/airflow/example_dags/tutorial_objectstorage.py
[2025-06-20T21:31:35.171+0000] {processor.py:925} INFO - DAG(s) 'tutorial_objectstorage' retrieved from /home/airflow/.local/lib/python3.12/site-packages/airflow/example_dags/tutorial_objectstorage.py
[2025-06-20T21:31:35.193+0000] {logging_mixin.py:190} INFO - [2025-06-20T21:31:35.193+0000] {dag.py:3239} INFO - Sync 1 DAGs
[2025-06-20T21:31:35.208+0000] {logging_mixin.py:190} INFO - [2025-06-20T21:31:35.208+0000] {dag.py:4180} INFO - Setting next_dagrun for tutorial_objectstorage to None, run_after=None
[2025-06-20T21:31:35.240+0000] {processor.py:208} INFO - Processing /home/airflow/.local/lib/python3.12/site-packages/airflow/example_dags/tutorial_objectstorage.py took 0.087 seconds
[2025-06-20T21:32:07.224+0000] {processor.py:186} INFO - Started process (PID=779) to work on /home/airflow/.local/lib/python3.12/site-packages/airflow/example_dags/tutorial_objectstorage.py
[2025-06-20T21:32:07.225+0000] {processor.py:914} INFO - Processing file /home/airflow/.local/lib/python3.12/site-packages/airflow/example_dags/tutorial_objectstorage.py for tasks to queue
[2025-06-20T21:32:07.228+0000] {logging_mixin.py:190} INFO - [2025-06-20T21:32:07.227+0000] {dagbag.py:588} INFO - Filling up the DagBag from /home/airflow/.local/lib/python3.12/site-packages/airflow/example_dags/tutorial_objectstorage.py
[2025-06-20T21:32:07.237+0000] {processor.py:925} INFO - DAG(s) 'tutorial_objectstorage' retrieved from /home/airflow/.local/lib/python3.12/site-packages/airflow/example_dags/tutorial_objectstorage.py
[2025-06-20T21:32:07.260+0000] {logging_mixin.py:190} INFO - [2025-06-20T21:32:07.260+0000] {dag.py:3239} INFO - Sync 1 DAGs
[2025-06-20T21:32:07.276+0000] {logging_mixin.py:190} INFO - [2025-06-20T21:32:07.276+0000] {dag.py:4180} INFO - Setting next_dagrun for tutorial_objectstorage to None, run_after=None
[2025-06-20T21:32:07.321+0000] {processor.py:208} INFO - Processing /home/airflow/.local/lib/python3.12/site-packages/airflow/example_dags/tutorial_objectstorage.py took 0.102 seconds
[2025-06-20T21:32:38.134+0000] {processor.py:186} INFO - Started process (PID=843) to work on /home/airflow/.local/lib/python3.12/site-packages/airflow/example_dags/tutorial_objectstorage.py
[2025-06-20T21:32:38.135+0000] {processor.py:914} INFO - Processing file /home/airflow/.local/lib/python3.12/site-packages/airflow/example_dags/tutorial_objectstorage.py for tasks to queue
[2025-06-20T21:32:38.137+0000] {logging_mixin.py:190} INFO - [2025-06-20T21:32:38.137+0000] {dagbag.py:588} INFO - Filling up the DagBag from /home/airflow/.local/lib/python3.12/site-packages/airflow/example_dags/tutorial_objectstorage.py
[2025-06-20T21:32:38.146+0000] {processor.py:925} INFO - DAG(s) 'tutorial_objectstorage' retrieved from /home/airflow/.local/lib/python3.12/site-packages/airflow/example_dags/tutorial_objectstorage.py
[2025-06-20T21:32:38.167+0000] {logging_mixin.py:190} INFO - [2025-06-20T21:32:38.167+0000] {dag.py:3239} INFO - Sync 1 DAGs
[2025-06-20T21:32:38.179+0000] {logging_mixin.py:190} INFO - [2025-06-20T21:32:38.179+0000] {dag.py:4180} INFO - Setting next_dagrun for tutorial_objectstorage to None, run_after=None
[2025-06-20T21:32:38.213+0000] {processor.py:208} INFO - Processing /home/airflow/.local/lib/python3.12/site-packages/airflow/example_dags/tutorial_objectstorage.py took 0.086 seconds
[2025-06-20T21:33:09.992+0000] {processor.py:186} INFO - Started process (PID=907) to work on /home/airflow/.local/lib/python3.12/site-packages/airflow/example_dags/tutorial_objectstorage.py
[2025-06-20T21:33:09.994+0000] {processor.py:914} INFO - Processing file /home/airflow/.local/lib/python3.12/site-packages/airflow/example_dags/tutorial_objectstorage.py for tasks to queue
[2025-06-20T21:33:09.996+0000] {logging_mixin.py:190} INFO - [2025-06-20T21:33:09.996+0000] {dagbag.py:588} INFO - Filling up the DagBag from /home/airflow/.local/lib/python3.12/site-packages/airflow/example_dags/tutorial_objectstorage.py
[2025-06-20T21:33:10.008+0000] {processor.py:925} INFO - DAG(s) 'tutorial_objectstorage' retrieved from /home/airflow/.local/lib/python3.12/site-packages/airflow/example_dags/tutorial_objectstorage.py
[2025-06-20T21:33:10.032+0000] {logging_mixin.py:190} INFO - [2025-06-20T21:33:10.031+0000] {dag.py:3239} INFO - Sync 1 DAGs
[2025-06-20T21:33:10.049+0000] {logging_mixin.py:190} INFO - [2025-06-20T21:33:10.049+0000] {dag.py:4180} INFO - Setting next_dagrun for tutorial_objectstorage to None, run_after=None
[2025-06-20T21:33:10.083+0000] {processor.py:208} INFO - Processing /home/airflow/.local/lib/python3.12/site-packages/airflow/example_dags/tutorial_objectstorage.py took 0.097 seconds
[2025-06-20T21:33:41.474+0000] {processor.py:186} INFO - Started process (PID=971) to work on /home/airflow/.local/lib/python3.12/site-packages/airflow/example_dags/tutorial_objectstorage.py
[2025-06-20T21:33:41.476+0000] {processor.py:914} INFO - Processing file /home/airflow/.local/lib/python3.12/site-packages/airflow/example_dags/tutorial_objectstorage.py for tasks to queue
[2025-06-20T21:33:41.479+0000] {logging_mixin.py:190} INFO - [2025-06-20T21:33:41.479+0000] {dagbag.py:588} INFO - Filling up the DagBag from /home/airflow/.local/lib/python3.12/site-packages/airflow/example_dags/tutorial_objectstorage.py
[2025-06-20T21:33:41.489+0000] {processor.py:925} INFO - DAG(s) 'tutorial_objectstorage' retrieved from /home/airflow/.local/lib/python3.12/site-packages/airflow/example_dags/tutorial_objectstorage.py
[2025-06-20T21:33:41.509+0000] {logging_mixin.py:190} INFO - [2025-06-20T21:33:41.509+0000] {dag.py:3239} INFO - Sync 1 DAGs
[2025-06-20T21:33:41.524+0000] {logging_mixin.py:190} INFO - [2025-06-20T21:33:41.524+0000] {dag.py:4180} INFO - Setting next_dagrun for tutorial_objectstorage to None, run_after=None
[2025-06-20T21:33:41.554+0000] {processor.py:208} INFO - Processing /home/airflow/.local/lib/python3.12/site-packages/airflow/example_dags/tutorial_objectstorage.py took 0.085 seconds
[2025-06-20T21:34:12.813+0000] {processor.py:186} INFO - Started process (PID=1035) to work on /home/airflow/.local/lib/python3.12/site-packages/airflow/example_dags/tutorial_objectstorage.py
[2025-06-20T21:34:12.814+0000] {processor.py:914} INFO - Processing file /home/airflow/.local/lib/python3.12/site-packages/airflow/example_dags/tutorial_objectstorage.py for tasks to queue
[2025-06-20T21:34:12.817+0000] {logging_mixin.py:190} INFO - [2025-06-20T21:34:12.816+0000] {dagbag.py:588} INFO - Filling up the DagBag from /home/airflow/.local/lib/python3.12/site-packages/airflow/example_dags/tutorial_objectstorage.py
[2025-06-20T21:34:12.826+0000] {processor.py:925} INFO - DAG(s) 'tutorial_objectstorage' retrieved from /home/airflow/.local/lib/python3.12/site-packages/airflow/example_dags/tutorial_objectstorage.py
[2025-06-20T21:34:12.845+0000] {logging_mixin.py:190} INFO - [2025-06-20T21:34:12.845+0000] {dag.py:3239} INFO - Sync 1 DAGs
[2025-06-20T21:34:12.859+0000] {logging_mixin.py:190} INFO - [2025-06-20T21:34:12.858+0000] {dag.py:4180} INFO - Setting next_dagrun for tutorial_objectstorage to None, run_after=None
[2025-06-20T21:34:12.882+0000] {processor.py:208} INFO - Processing /home/airflow/.local/lib/python3.12/site-packages/airflow/example_dags/tutorial_objectstorage.py took 0.075 seconds
[2025-06-20T21:34:44.770+0000] {processor.py:186} INFO - Started process (PID=1099) to work on /home/airflow/.local/lib/python3.12/site-packages/airflow/example_dags/tutorial_objectstorage.py
[2025-06-20T21:34:44.771+0000] {processor.py:914} INFO - Processing file /home/airflow/.local/lib/python3.12/site-packages/airflow/example_dags/tutorial_objectstorage.py for tasks to queue
[2025-06-20T21:34:44.774+0000] {logging_mixin.py:190} INFO - [2025-06-20T21:34:44.773+0000] {dagbag.py:588} INFO - Filling up the DagBag from /home/airflow/.local/lib/python3.12/site-packages/airflow/example_dags/tutorial_objectstorage.py
[2025-06-20T21:34:44.782+0000] {processor.py:925} INFO - DAG(s) 'tutorial_objectstorage' retrieved from /home/airflow/.local/lib/python3.12/site-packages/airflow/example_dags/tutorial_objectstorage.py
[2025-06-20T21:34:44.801+0000] {logging_mixin.py:190} INFO - [2025-06-20T21:34:44.801+0000] {dag.py:3239} INFO - Sync 1 DAGs
[2025-06-20T21:34:44.815+0000] {logging_mixin.py:190} INFO - [2025-06-20T21:34:44.815+0000] {dag.py:4180} INFO - Setting next_dagrun for tutorial_objectstorage to None, run_after=None
[2025-06-20T21:34:44.839+0000] {processor.py:208} INFO - Processing /home/airflow/.local/lib/python3.12/site-packages/airflow/example_dags/tutorial_objectstorage.py took 0.074 seconds
[2025-06-20T21:35:16.173+0000] {processor.py:186} INFO - Started process (PID=1163) to work on /home/airflow/.local/lib/python3.12/site-packages/airflow/example_dags/tutorial_objectstorage.py
[2025-06-20T21:35:16.174+0000] {processor.py:914} INFO - Processing file /home/airflow/.local/lib/python3.12/site-packages/airflow/example_dags/tutorial_objectstorage.py for tasks to queue
[2025-06-20T21:35:16.177+0000] {logging_mixin.py:190} INFO - [2025-06-20T21:35:16.177+0000] {dagbag.py:588} INFO - Filling up the DagBag from /home/airflow/.local/lib/python3.12/site-packages/airflow/example_dags/tutorial_objectstorage.py
[2025-06-20T21:35:16.187+0000] {processor.py:925} INFO - DAG(s) 'tutorial_objectstorage' retrieved from /home/airflow/.local/lib/python3.12/site-packages/airflow/example_dags/tutorial_objectstorage.py
[2025-06-20T21:35:16.208+0000] {logging_mixin.py:190} INFO - [2025-06-20T21:35:16.208+0000] {dag.py:3239} INFO - Sync 1 DAGs
[2025-06-20T21:35:16.224+0000] {logging_mixin.py:190} INFO - [2025-06-20T21:35:16.224+0000] {dag.py:4180} INFO - Setting next_dagrun for tutorial_objectstorage to None, run_after=None
[2025-06-20T21:35:16.257+0000] {processor.py:208} INFO - Processing /home/airflow/.local/lib/python3.12/site-packages/airflow/example_dags/tutorial_objectstorage.py took 0.089 seconds
[2025-06-20T21:35:48.344+0000] {processor.py:186} INFO - Started process (PID=1227) to work on /home/airflow/.local/lib/python3.12/site-packages/airflow/example_dags/tutorial_objectstorage.py
[2025-06-20T21:35:48.345+0000] {processor.py:914} INFO - Processing file /home/airflow/.local/lib/python3.12/site-packages/airflow/example_dags/tutorial_objectstorage.py for tasks to queue
[2025-06-20T21:35:48.348+0000] {logging_mixin.py:190} INFO - [2025-06-20T21:35:48.347+0000] {dagbag.py:588} INFO - Filling up the DagBag from /home/airflow/.local/lib/python3.12/site-packages/airflow/example_dags/tutorial_objectstorage.py
[2025-06-20T21:35:48.356+0000] {processor.py:925} INFO - DAG(s) 'tutorial_objectstorage' retrieved from /home/airflow/.local/lib/python3.12/site-packages/airflow/example_dags/tutorial_objectstorage.py
[2025-06-20T21:35:48.374+0000] {logging_mixin.py:190} INFO - [2025-06-20T21:35:48.374+0000] {dag.py:3239} INFO - Sync 1 DAGs
[2025-06-20T21:35:48.387+0000] {logging_mixin.py:190} INFO - [2025-06-20T21:35:48.387+0000] {dag.py:4180} INFO - Setting next_dagrun for tutorial_objectstorage to None, run_after=None
[2025-06-20T21:35:48.428+0000] {processor.py:208} INFO - Processing /home/airflow/.local/lib/python3.12/site-packages/airflow/example_dags/tutorial_objectstorage.py took 0.089 seconds
[2025-06-20T21:36:20.096+0000] {processor.py:186} INFO - Started process (PID=1291) to work on /home/airflow/.local/lib/python3.12/site-packages/airflow/example_dags/tutorial_objectstorage.py
[2025-06-20T21:36:20.097+0000] {processor.py:914} INFO - Processing file /home/airflow/.local/lib/python3.12/site-packages/airflow/example_dags/tutorial_objectstorage.py for tasks to queue
[2025-06-20T21:36:20.100+0000] {logging_mixin.py:190} INFO - [2025-06-20T21:36:20.099+0000] {dagbag.py:588} INFO - Filling up the DagBag from /home/airflow/.local/lib/python3.12/site-packages/airflow/example_dags/tutorial_objectstorage.py
[2025-06-20T21:36:20.108+0000] {processor.py:925} INFO - DAG(s) 'tutorial_objectstorage' retrieved from /home/airflow/.local/lib/python3.12/site-packages/airflow/example_dags/tutorial_objectstorage.py
[2025-06-20T21:36:20.127+0000] {logging_mixin.py:190} INFO - [2025-06-20T21:36:20.127+0000] {dag.py:3239} INFO - Sync 1 DAGs
[2025-06-20T21:36:20.142+0000] {logging_mixin.py:190} INFO - [2025-06-20T21:36:20.142+0000] {dag.py:4180} INFO - Setting next_dagrun for tutorial_objectstorage to None, run_after=None
[2025-06-20T21:36:20.170+0000] {processor.py:208} INFO - Processing /home/airflow/.local/lib/python3.12/site-packages/airflow/example_dags/tutorial_objectstorage.py took 0.080 seconds
[2025-06-20T21:36:51.225+0000] {processor.py:186} INFO - Started process (PID=1355) to work on /home/airflow/.local/lib/python3.12/site-packages/airflow/example_dags/tutorial_objectstorage.py
[2025-06-20T21:36:51.226+0000] {processor.py:914} INFO - Processing file /home/airflow/.local/lib/python3.12/site-packages/airflow/example_dags/tutorial_objectstorage.py for tasks to queue
[2025-06-20T21:36:51.228+0000] {logging_mixin.py:190} INFO - [2025-06-20T21:36:51.228+0000] {dagbag.py:588} INFO - Filling up the DagBag from /home/airflow/.local/lib/python3.12/site-packages/airflow/example_dags/tutorial_objectstorage.py
[2025-06-20T21:36:51.238+0000] {processor.py:925} INFO - DAG(s) 'tutorial_objectstorage' retrieved from /home/airflow/.local/lib/python3.12/site-packages/airflow/example_dags/tutorial_objectstorage.py
[2025-06-20T21:36:51.257+0000] {logging_mixin.py:190} INFO - [2025-06-20T21:36:51.257+0000] {dag.py:3239} INFO - Sync 1 DAGs
[2025-06-20T21:36:51.272+0000] {logging_mixin.py:190} INFO - [2025-06-20T21:36:51.272+0000] {dag.py:4180} INFO - Setting next_dagrun for tutorial_objectstorage to None, run_after=None
[2025-06-20T21:36:51.300+0000] {processor.py:208} INFO - Processing /home/airflow/.local/lib/python3.12/site-packages/airflow/example_dags/tutorial_objectstorage.py took 0.081 seconds
[2025-06-20T21:37:22.280+0000] {processor.py:186} INFO - Started process (PID=1419) to work on /home/airflow/.local/lib/python3.12/site-packages/airflow/example_dags/tutorial_objectstorage.py
[2025-06-20T21:37:22.281+0000] {processor.py:914} INFO - Processing file /home/airflow/.local/lib/python3.12/site-packages/airflow/example_dags/tutorial_objectstorage.py for tasks to queue
[2025-06-20T21:37:22.284+0000] {logging_mixin.py:190} INFO - [2025-06-20T21:37:22.284+0000] {dagbag.py:588} INFO - Filling up the DagBag from /home/airflow/.local/lib/python3.12/site-packages/airflow/example_dags/tutorial_objectstorage.py
[2025-06-20T21:37:22.294+0000] {processor.py:925} INFO - DAG(s) 'tutorial_objectstorage' retrieved from /home/airflow/.local/lib/python3.12/site-packages/airflow/example_dags/tutorial_objectstorage.py
[2025-06-20T21:37:22.317+0000] {logging_mixin.py:190} INFO - [2025-06-20T21:37:22.317+0000] {dag.py:3239} INFO - Sync 1 DAGs
[2025-06-20T21:37:22.334+0000] {logging_mixin.py:190} INFO - [2025-06-20T21:37:22.334+0000] {dag.py:4180} INFO - Setting next_dagrun for tutorial_objectstorage to None, run_after=None
[2025-06-20T21:37:22.361+0000] {processor.py:208} INFO - Processing /home/airflow/.local/lib/python3.12/site-packages/airflow/example_dags/tutorial_objectstorage.py took 0.087 seconds
[2025-06-20T21:37:54.587+0000] {processor.py:186} INFO - Started process (PID=1484) to work on /home/airflow/.local/lib/python3.12/site-packages/airflow/example_dags/tutorial_objectstorage.py
[2025-06-20T21:37:54.588+0000] {processor.py:914} INFO - Processing file /home/airflow/.local/lib/python3.12/site-packages/airflow/example_dags/tutorial_objectstorage.py for tasks to queue
[2025-06-20T21:37:54.591+0000] {logging_mixin.py:190} INFO - [2025-06-20T21:37:54.590+0000] {dagbag.py:588} INFO - Filling up the DagBag from /home/airflow/.local/lib/python3.12/site-packages/airflow/example_dags/tutorial_objectstorage.py
[2025-06-20T21:37:54.599+0000] {processor.py:925} INFO - DAG(s) 'tutorial_objectstorage' retrieved from /home/airflow/.local/lib/python3.12/site-packages/airflow/example_dags/tutorial_objectstorage.py
[2025-06-20T21:37:54.617+0000] {logging_mixin.py:190} INFO - [2025-06-20T21:37:54.617+0000] {dag.py:3239} INFO - Sync 1 DAGs
[2025-06-20T21:37:54.630+0000] {logging_mixin.py:190} INFO - [2025-06-20T21:37:54.629+0000] {dag.py:4180} INFO - Setting next_dagrun for tutorial_objectstorage to None, run_after=None
[2025-06-20T21:37:54.658+0000] {processor.py:208} INFO - Processing /home/airflow/.local/lib/python3.12/site-packages/airflow/example_dags/tutorial_objectstorage.py took 0.076 seconds
[2025-06-20T21:38:26.008+0000] {processor.py:186} INFO - Started process (PID=1548) to work on /home/airflow/.local/lib/python3.12/site-packages/airflow/example_dags/tutorial_objectstorage.py
[2025-06-20T21:38:26.010+0000] {processor.py:914} INFO - Processing file /home/airflow/.local/lib/python3.12/site-packages/airflow/example_dags/tutorial_objectstorage.py for tasks to queue
[2025-06-20T21:38:26.012+0000] {logging_mixin.py:190} INFO - [2025-06-20T21:38:26.012+0000] {dagbag.py:588} INFO - Filling up the DagBag from /home/airflow/.local/lib/python3.12/site-packages/airflow/example_dags/tutorial_objectstorage.py
[2025-06-20T21:38:26.026+0000] {processor.py:925} INFO - DAG(s) 'tutorial_objectstorage' retrieved from /home/airflow/.local/lib/python3.12/site-packages/airflow/example_dags/tutorial_objectstorage.py
[2025-06-20T21:38:26.053+0000] {logging_mixin.py:190} INFO - [2025-06-20T21:38:26.053+0000] {dag.py:3239} INFO - Sync 1 DAGs
[2025-06-20T21:38:26.079+0000] {logging_mixin.py:190} INFO - [2025-06-20T21:38:26.078+0000] {dag.py:4180} INFO - Setting next_dagrun for tutorial_objectstorage to None, run_after=None
[2025-06-20T21:38:26.140+0000] {processor.py:208} INFO - Processing /home/airflow/.local/lib/python3.12/site-packages/airflow/example_dags/tutorial_objectstorage.py took 0.138 seconds
[2025-06-20T21:38:57.799+0000] {processor.py:186} INFO - Started process (PID=1612) to work on /home/airflow/.local/lib/python3.12/site-packages/airflow/example_dags/tutorial_objectstorage.py
[2025-06-20T21:38:57.800+0000] {processor.py:914} INFO - Processing file /home/airflow/.local/lib/python3.12/site-packages/airflow/example_dags/tutorial_objectstorage.py for tasks to queue
[2025-06-20T21:38:57.802+0000] {logging_mixin.py:190} INFO - [2025-06-20T21:38:57.802+0000] {dagbag.py:588} INFO - Filling up the DagBag from /home/airflow/.local/lib/python3.12/site-packages/airflow/example_dags/tutorial_objectstorage.py
[2025-06-20T21:38:57.811+0000] {processor.py:925} INFO - DAG(s) 'tutorial_objectstorage' retrieved from /home/airflow/.local/lib/python3.12/site-packages/airflow/example_dags/tutorial_objectstorage.py
[2025-06-20T21:38:57.832+0000] {logging_mixin.py:190} INFO - [2025-06-20T21:38:57.832+0000] {dag.py:3239} INFO - Sync 1 DAGs
[2025-06-20T21:38:57.846+0000] {logging_mixin.py:190} INFO - [2025-06-20T21:38:57.846+0000] {dag.py:4180} INFO - Setting next_dagrun for tutorial_objectstorage to None, run_after=None
[2025-06-20T21:38:57.877+0000] {processor.py:208} INFO - Processing /home/airflow/.local/lib/python3.12/site-packages/airflow/example_dags/tutorial_objectstorage.py took 0.083 seconds
[2025-06-20T21:39:29.384+0000] {processor.py:186} INFO - Started process (PID=1676) to work on /home/airflow/.local/lib/python3.12/site-packages/airflow/example_dags/tutorial_objectstorage.py
[2025-06-20T21:39:29.386+0000] {processor.py:914} INFO - Processing file /home/airflow/.local/lib/python3.12/site-packages/airflow/example_dags/tutorial_objectstorage.py for tasks to queue
[2025-06-20T21:39:29.389+0000] {logging_mixin.py:190} INFO - [2025-06-20T21:39:29.388+0000] {dagbag.py:588} INFO - Filling up the DagBag from /home/airflow/.local/lib/python3.12/site-packages/airflow/example_dags/tutorial_objectstorage.py
[2025-06-20T21:39:29.396+0000] {processor.py:925} INFO - DAG(s) 'tutorial_objectstorage' retrieved from /home/airflow/.local/lib/python3.12/site-packages/airflow/example_dags/tutorial_objectstorage.py
[2025-06-20T21:39:29.415+0000] {logging_mixin.py:190} INFO - [2025-06-20T21:39:29.414+0000] {dag.py:3239} INFO - Sync 1 DAGs
[2025-06-20T21:39:29.429+0000] {logging_mixin.py:190} INFO - [2025-06-20T21:39:29.429+0000] {dag.py:4180} INFO - Setting next_dagrun for tutorial_objectstorage to None, run_after=None
[2025-06-20T21:39:29.460+0000] {processor.py:208} INFO - Processing /home/airflow/.local/lib/python3.12/site-packages/airflow/example_dags/tutorial_objectstorage.py took 0.081 seconds
[2025-06-20T21:40:01.124+0000] {processor.py:186} INFO - Started process (PID=1740) to work on /home/airflow/.local/lib/python3.12/site-packages/airflow/example_dags/tutorial_objectstorage.py
[2025-06-20T21:40:01.125+0000] {processor.py:914} INFO - Processing file /home/airflow/.local/lib/python3.12/site-packages/airflow/example_dags/tutorial_objectstorage.py for tasks to queue
[2025-06-20T21:40:01.129+0000] {logging_mixin.py:190} INFO - [2025-06-20T21:40:01.129+0000] {dagbag.py:588} INFO - Filling up the DagBag from /home/airflow/.local/lib/python3.12/site-packages/airflow/example_dags/tutorial_objectstorage.py
[2025-06-20T21:40:01.138+0000] {processor.py:925} INFO - DAG(s) 'tutorial_objectstorage' retrieved from /home/airflow/.local/lib/python3.12/site-packages/airflow/example_dags/tutorial_objectstorage.py
[2025-06-20T21:40:01.157+0000] {logging_mixin.py:190} INFO - [2025-06-20T21:40:01.156+0000] {dag.py:3239} INFO - Sync 1 DAGs
[2025-06-20T21:40:01.170+0000] {logging_mixin.py:190} INFO - [2025-06-20T21:40:01.170+0000] {dag.py:4180} INFO - Setting next_dagrun for tutorial_objectstorage to None, run_after=None
[2025-06-20T21:40:01.198+0000] {processor.py:208} INFO - Processing /home/airflow/.local/lib/python3.12/site-packages/airflow/example_dags/tutorial_objectstorage.py took 0.078 seconds
[2025-06-20T21:40:32.555+0000] {processor.py:186} INFO - Started process (PID=1804) to work on /home/airflow/.local/lib/python3.12/site-packages/airflow/example_dags/tutorial_objectstorage.py
[2025-06-20T21:40:32.556+0000] {processor.py:914} INFO - Processing file /home/airflow/.local/lib/python3.12/site-packages/airflow/example_dags/tutorial_objectstorage.py for tasks to queue
[2025-06-20T21:40:32.558+0000] {logging_mixin.py:190} INFO - [2025-06-20T21:40:32.558+0000] {dagbag.py:588} INFO - Filling up the DagBag from /home/airflow/.local/lib/python3.12/site-packages/airflow/example_dags/tutorial_objectstorage.py
[2025-06-20T21:40:32.568+0000] {processor.py:925} INFO - DAG(s) 'tutorial_objectstorage' retrieved from /home/airflow/.local/lib/python3.12/site-packages/airflow/example_dags/tutorial_objectstorage.py
[2025-06-20T21:40:32.586+0000] {logging_mixin.py:190} INFO - [2025-06-20T21:40:32.586+0000] {dag.py:3239} INFO - Sync 1 DAGs
[2025-06-20T21:40:32.600+0000] {logging_mixin.py:190} INFO - [2025-06-20T21:40:32.600+0000] {dag.py:4180} INFO - Setting next_dagrun for tutorial_objectstorage to None, run_after=None
[2025-06-20T21:40:32.630+0000] {processor.py:208} INFO - Processing /home/airflow/.local/lib/python3.12/site-packages/airflow/example_dags/tutorial_objectstorage.py took 0.080 seconds
[2025-06-20T21:41:02.814+0000] {processor.py:186} INFO - Started process (PID=1868) to work on /home/airflow/.local/lib/python3.12/site-packages/airflow/example_dags/tutorial_objectstorage.py
[2025-06-20T21:41:02.815+0000] {processor.py:914} INFO - Processing file /home/airflow/.local/lib/python3.12/site-packages/airflow/example_dags/tutorial_objectstorage.py for tasks to queue
[2025-06-20T21:41:02.818+0000] {logging_mixin.py:190} INFO - [2025-06-20T21:41:02.817+0000] {dagbag.py:588} INFO - Filling up the DagBag from /home/airflow/.local/lib/python3.12/site-packages/airflow/example_dags/tutorial_objectstorage.py
[2025-06-20T21:41:02.826+0000] {processor.py:925} INFO - DAG(s) 'tutorial_objectstorage' retrieved from /home/airflow/.local/lib/python3.12/site-packages/airflow/example_dags/tutorial_objectstorage.py
[2025-06-20T21:41:02.845+0000] {logging_mixin.py:190} INFO - [2025-06-20T21:41:02.845+0000] {dag.py:3239} INFO - Sync 1 DAGs
[2025-06-20T21:41:02.859+0000] {logging_mixin.py:190} INFO - [2025-06-20T21:41:02.858+0000] {dag.py:4180} INFO - Setting next_dagrun for tutorial_objectstorage to None, run_after=None
[2025-06-20T21:41:02.904+0000] {processor.py:208} INFO - Processing /home/airflow/.local/lib/python3.12/site-packages/airflow/example_dags/tutorial_objectstorage.py took 0.095 seconds
[2025-06-20T21:41:33.388+0000] {processor.py:186} INFO - Started process (PID=1931) to work on /home/airflow/.local/lib/python3.12/site-packages/airflow/example_dags/tutorial_objectstorage.py
[2025-06-20T21:41:33.389+0000] {processor.py:914} INFO - Processing file /home/airflow/.local/lib/python3.12/site-packages/airflow/example_dags/tutorial_objectstorage.py for tasks to queue
[2025-06-20T21:41:33.392+0000] {logging_mixin.py:190} INFO - [2025-06-20T21:41:33.391+0000] {dagbag.py:588} INFO - Filling up the DagBag from /home/airflow/.local/lib/python3.12/site-packages/airflow/example_dags/tutorial_objectstorage.py
[2025-06-20T21:41:33.400+0000] {processor.py:925} INFO - DAG(s) 'tutorial_objectstorage' retrieved from /home/airflow/.local/lib/python3.12/site-packages/airflow/example_dags/tutorial_objectstorage.py
[2025-06-20T21:41:33.420+0000] {logging_mixin.py:190} INFO - [2025-06-20T21:41:33.419+0000] {dag.py:3239} INFO - Sync 1 DAGs
[2025-06-20T21:41:33.438+0000] {logging_mixin.py:190} INFO - [2025-06-20T21:41:33.437+0000] {dag.py:4180} INFO - Setting next_dagrun for tutorial_objectstorage to None, run_after=None
[2025-06-20T21:41:33.465+0000] {processor.py:208} INFO - Processing /home/airflow/.local/lib/python3.12/site-packages/airflow/example_dags/tutorial_objectstorage.py took 0.083 seconds
[2025-06-20T21:42:03.633+0000] {processor.py:186} INFO - Started process (PID=2001) to work on /home/airflow/.local/lib/python3.12/site-packages/airflow/example_dags/tutorial_objectstorage.py
[2025-06-20T21:42:03.634+0000] {processor.py:914} INFO - Processing file /home/airflow/.local/lib/python3.12/site-packages/airflow/example_dags/tutorial_objectstorage.py for tasks to queue
[2025-06-20T21:42:03.636+0000] {logging_mixin.py:190} INFO - [2025-06-20T21:42:03.636+0000] {dagbag.py:588} INFO - Filling up the DagBag from /home/airflow/.local/lib/python3.12/site-packages/airflow/example_dags/tutorial_objectstorage.py
[2025-06-20T21:42:03.645+0000] {processor.py:925} INFO - DAG(s) 'tutorial_objectstorage' retrieved from /home/airflow/.local/lib/python3.12/site-packages/airflow/example_dags/tutorial_objectstorage.py
[2025-06-20T21:42:03.665+0000] {logging_mixin.py:190} INFO - [2025-06-20T21:42:03.664+0000] {dag.py:3239} INFO - Sync 1 DAGs
[2025-06-20T21:42:03.679+0000] {logging_mixin.py:190} INFO - [2025-06-20T21:42:03.679+0000] {dag.py:4180} INFO - Setting next_dagrun for tutorial_objectstorage to None, run_after=None
[2025-06-20T21:42:03.715+0000] {processor.py:208} INFO - Processing /home/airflow/.local/lib/python3.12/site-packages/airflow/example_dags/tutorial_objectstorage.py took 0.088 seconds
[2025-06-20T21:42:34.297+0000] {processor.py:186} INFO - Started process (PID=2066) to work on /home/airflow/.local/lib/python3.12/site-packages/airflow/example_dags/tutorial_objectstorage.py
[2025-06-20T21:42:34.298+0000] {processor.py:914} INFO - Processing file /home/airflow/.local/lib/python3.12/site-packages/airflow/example_dags/tutorial_objectstorage.py for tasks to queue
[2025-06-20T21:42:34.301+0000] {logging_mixin.py:190} INFO - [2025-06-20T21:42:34.300+0000] {dagbag.py:588} INFO - Filling up the DagBag from /home/airflow/.local/lib/python3.12/site-packages/airflow/example_dags/tutorial_objectstorage.py
[2025-06-20T21:42:34.310+0000] {processor.py:925} INFO - DAG(s) 'tutorial_objectstorage' retrieved from /home/airflow/.local/lib/python3.12/site-packages/airflow/example_dags/tutorial_objectstorage.py
[2025-06-20T21:42:34.330+0000] {logging_mixin.py:190} INFO - [2025-06-20T21:42:34.329+0000] {dag.py:3239} INFO - Sync 1 DAGs
[2025-06-20T21:42:34.344+0000] {logging_mixin.py:190} INFO - [2025-06-20T21:42:34.344+0000] {dag.py:4180} INFO - Setting next_dagrun for tutorial_objectstorage to None, run_after=None
[2025-06-20T21:42:34.376+0000] {processor.py:208} INFO - Processing /home/airflow/.local/lib/python3.12/site-packages/airflow/example_dags/tutorial_objectstorage.py took 0.084 seconds
[2025-06-20T21:43:04.666+0000] {processor.py:186} INFO - Started process (PID=2130) to work on /home/airflow/.local/lib/python3.12/site-packages/airflow/example_dags/tutorial_objectstorage.py
[2025-06-20T21:43:04.668+0000] {processor.py:914} INFO - Processing file /home/airflow/.local/lib/python3.12/site-packages/airflow/example_dags/tutorial_objectstorage.py for tasks to queue
[2025-06-20T21:43:04.671+0000] {logging_mixin.py:190} INFO - [2025-06-20T21:43:04.670+0000] {dagbag.py:588} INFO - Filling up the DagBag from /home/airflow/.local/lib/python3.12/site-packages/airflow/example_dags/tutorial_objectstorage.py
[2025-06-20T21:43:04.679+0000] {processor.py:925} INFO - DAG(s) 'tutorial_objectstorage' retrieved from /home/airflow/.local/lib/python3.12/site-packages/airflow/example_dags/tutorial_objectstorage.py
[2025-06-20T21:43:04.697+0000] {logging_mixin.py:190} INFO - [2025-06-20T21:43:04.696+0000] {dag.py:3239} INFO - Sync 1 DAGs
[2025-06-20T21:43:04.713+0000] {logging_mixin.py:190} INFO - [2025-06-20T21:43:04.713+0000] {dag.py:4180} INFO - Setting next_dagrun for tutorial_objectstorage to None, run_after=None
[2025-06-20T21:43:04.740+0000] {processor.py:208} INFO - Processing /home/airflow/.local/lib/python3.12/site-packages/airflow/example_dags/tutorial_objectstorage.py took 0.079 seconds
[2025-06-20T21:43:34.918+0000] {processor.py:186} INFO - Started process (PID=2194) to work on /home/airflow/.local/lib/python3.12/site-packages/airflow/example_dags/tutorial_objectstorage.py
[2025-06-20T21:43:34.919+0000] {processor.py:914} INFO - Processing file /home/airflow/.local/lib/python3.12/site-packages/airflow/example_dags/tutorial_objectstorage.py for tasks to queue
[2025-06-20T21:43:34.922+0000] {logging_mixin.py:190} INFO - [2025-06-20T21:43:34.922+0000] {dagbag.py:588} INFO - Filling up the DagBag from /home/airflow/.local/lib/python3.12/site-packages/airflow/example_dags/tutorial_objectstorage.py
[2025-06-20T21:43:34.930+0000] {processor.py:925} INFO - DAG(s) 'tutorial_objectstorage' retrieved from /home/airflow/.local/lib/python3.12/site-packages/airflow/example_dags/tutorial_objectstorage.py
[2025-06-20T21:43:34.956+0000] {logging_mixin.py:190} INFO - [2025-06-20T21:43:34.956+0000] {dag.py:3239} INFO - Sync 1 DAGs
[2025-06-20T21:43:34.974+0000] {logging_mixin.py:190} INFO - [2025-06-20T21:43:34.974+0000] {dag.py:4180} INFO - Setting next_dagrun for tutorial_objectstorage to None, run_after=None
[2025-06-20T21:43:35.020+0000] {processor.py:208} INFO - Processing /home/airflow/.local/lib/python3.12/site-packages/airflow/example_dags/tutorial_objectstorage.py took 0.108 seconds
[2025-06-20T21:44:05.134+0000] {processor.py:186} INFO - Started process (PID=2265) to work on /home/airflow/.local/lib/python3.12/site-packages/airflow/example_dags/tutorial_objectstorage.py
[2025-06-20T21:44:05.135+0000] {processor.py:914} INFO - Processing file /home/airflow/.local/lib/python3.12/site-packages/airflow/example_dags/tutorial_objectstorage.py for tasks to queue
[2025-06-20T21:44:05.137+0000] {logging_mixin.py:190} INFO - [2025-06-20T21:44:05.137+0000] {dagbag.py:588} INFO - Filling up the DagBag from /home/airflow/.local/lib/python3.12/site-packages/airflow/example_dags/tutorial_objectstorage.py
[2025-06-20T21:44:05.145+0000] {processor.py:925} INFO - DAG(s) 'tutorial_objectstorage' retrieved from /home/airflow/.local/lib/python3.12/site-packages/airflow/example_dags/tutorial_objectstorage.py
[2025-06-20T21:44:05.164+0000] {logging_mixin.py:190} INFO - [2025-06-20T21:44:05.164+0000] {dag.py:3239} INFO - Sync 1 DAGs
[2025-06-20T21:44:05.178+0000] {logging_mixin.py:190} INFO - [2025-06-20T21:44:05.177+0000] {dag.py:4180} INFO - Setting next_dagrun for tutorial_objectstorage to None, run_after=None
[2025-06-20T21:44:05.206+0000] {processor.py:208} INFO - Processing /home/airflow/.local/lib/python3.12/site-packages/airflow/example_dags/tutorial_objectstorage.py took 0.076 seconds
[2025-06-20T21:44:35.429+0000] {processor.py:186} INFO - Started process (PID=2329) to work on /home/airflow/.local/lib/python3.12/site-packages/airflow/example_dags/tutorial_objectstorage.py
[2025-06-20T21:44:35.430+0000] {processor.py:914} INFO - Processing file /home/airflow/.local/lib/python3.12/site-packages/airflow/example_dags/tutorial_objectstorage.py for tasks to queue
[2025-06-20T21:44:35.433+0000] {logging_mixin.py:190} INFO - [2025-06-20T21:44:35.433+0000] {dagbag.py:588} INFO - Filling up the DagBag from /home/airflow/.local/lib/python3.12/site-packages/airflow/example_dags/tutorial_objectstorage.py
[2025-06-20T21:44:35.444+0000] {processor.py:925} INFO - DAG(s) 'tutorial_objectstorage' retrieved from /home/airflow/.local/lib/python3.12/site-packages/airflow/example_dags/tutorial_objectstorage.py
[2025-06-20T21:44:35.469+0000] {logging_mixin.py:190} INFO - [2025-06-20T21:44:35.469+0000] {dag.py:3239} INFO - Sync 1 DAGs
[2025-06-20T21:44:35.487+0000] {logging_mixin.py:190} INFO - [2025-06-20T21:44:35.486+0000] {dag.py:4180} INFO - Setting next_dagrun for tutorial_objectstorage to None, run_after=None
[2025-06-20T21:44:35.516+0000] {processor.py:208} INFO - Processing /home/airflow/.local/lib/python3.12/site-packages/airflow/example_dags/tutorial_objectstorage.py took 0.094 seconds
[2025-06-20T21:45:05.597+0000] {processor.py:186} INFO - Started process (PID=2392) to work on /home/airflow/.local/lib/python3.12/site-packages/airflow/example_dags/tutorial_objectstorage.py
[2025-06-20T21:45:05.599+0000] {processor.py:914} INFO - Processing file /home/airflow/.local/lib/python3.12/site-packages/airflow/example_dags/tutorial_objectstorage.py for tasks to queue
[2025-06-20T21:45:05.601+0000] {logging_mixin.py:190} INFO - [2025-06-20T21:45:05.601+0000] {dagbag.py:588} INFO - Filling up the DagBag from /home/airflow/.local/lib/python3.12/site-packages/airflow/example_dags/tutorial_objectstorage.py
[2025-06-20T21:45:05.609+0000] {processor.py:925} INFO - DAG(s) 'tutorial_objectstorage' retrieved from /home/airflow/.local/lib/python3.12/site-packages/airflow/example_dags/tutorial_objectstorage.py
[2025-06-20T21:45:05.630+0000] {logging_mixin.py:190} INFO - [2025-06-20T21:45:05.629+0000] {dag.py:3239} INFO - Sync 1 DAGs
[2025-06-20T21:45:05.645+0000] {logging_mixin.py:190} INFO - [2025-06-20T21:45:05.644+0000] {dag.py:4180} INFO - Setting next_dagrun for tutorial_objectstorage to None, run_after=None
[2025-06-20T21:45:05.671+0000] {processor.py:208} INFO - Processing /home/airflow/.local/lib/python3.12/site-packages/airflow/example_dags/tutorial_objectstorage.py took 0.079 seconds
[2025-06-20T21:45:35.764+0000] {processor.py:186} INFO - Started process (PID=2456) to work on /home/airflow/.local/lib/python3.12/site-packages/airflow/example_dags/tutorial_objectstorage.py
[2025-06-20T21:45:35.765+0000] {processor.py:914} INFO - Processing file /home/airflow/.local/lib/python3.12/site-packages/airflow/example_dags/tutorial_objectstorage.py for tasks to queue
[2025-06-20T21:45:35.768+0000] {logging_mixin.py:190} INFO - [2025-06-20T21:45:35.767+0000] {dagbag.py:588} INFO - Filling up the DagBag from /home/airflow/.local/lib/python3.12/site-packages/airflow/example_dags/tutorial_objectstorage.py
[2025-06-20T21:45:35.778+0000] {processor.py:925} INFO - DAG(s) 'tutorial_objectstorage' retrieved from /home/airflow/.local/lib/python3.12/site-packages/airflow/example_dags/tutorial_objectstorage.py
[2025-06-20T21:45:35.798+0000] {logging_mixin.py:190} INFO - [2025-06-20T21:45:35.798+0000] {dag.py:3239} INFO - Sync 1 DAGs
[2025-06-20T21:45:35.812+0000] {logging_mixin.py:190} INFO - [2025-06-20T21:45:35.812+0000] {dag.py:4180} INFO - Setting next_dagrun for tutorial_objectstorage to None, run_after=None
[2025-06-20T21:45:35.834+0000] {processor.py:208} INFO - Processing /home/airflow/.local/lib/python3.12/site-packages/airflow/example_dags/tutorial_objectstorage.py took 0.075 seconds
[2025-06-20T21:46:06.143+0000] {processor.py:186} INFO - Started process (PID=2520) to work on /home/airflow/.local/lib/python3.12/site-packages/airflow/example_dags/tutorial_objectstorage.py
[2025-06-20T21:46:06.144+0000] {processor.py:914} INFO - Processing file /home/airflow/.local/lib/python3.12/site-packages/airflow/example_dags/tutorial_objectstorage.py for tasks to queue
[2025-06-20T21:46:06.146+0000] {logging_mixin.py:190} INFO - [2025-06-20T21:46:06.146+0000] {dagbag.py:588} INFO - Filling up the DagBag from /home/airflow/.local/lib/python3.12/site-packages/airflow/example_dags/tutorial_objectstorage.py
[2025-06-20T21:46:06.157+0000] {processor.py:925} INFO - DAG(s) 'tutorial_objectstorage' retrieved from /home/airflow/.local/lib/python3.12/site-packages/airflow/example_dags/tutorial_objectstorage.py
[2025-06-20T21:46:06.177+0000] {logging_mixin.py:190} INFO - [2025-06-20T21:46:06.177+0000] {dag.py:3239} INFO - Sync 1 DAGs
[2025-06-20T21:46:06.193+0000] {logging_mixin.py:190} INFO - [2025-06-20T21:46:06.193+0000] {dag.py:4180} INFO - Setting next_dagrun for tutorial_objectstorage to None, run_after=None
[2025-06-20T21:46:06.227+0000] {processor.py:208} INFO - Processing /home/airflow/.local/lib/python3.12/site-packages/airflow/example_dags/tutorial_objectstorage.py took 0.090 seconds
[2025-06-20T21:46:36.393+0000] {processor.py:186} INFO - Started process (PID=2584) to work on /home/airflow/.local/lib/python3.12/site-packages/airflow/example_dags/tutorial_objectstorage.py
[2025-06-20T21:46:36.395+0000] {processor.py:914} INFO - Processing file /home/airflow/.local/lib/python3.12/site-packages/airflow/example_dags/tutorial_objectstorage.py for tasks to queue
[2025-06-20T21:46:36.398+0000] {logging_mixin.py:190} INFO - [2025-06-20T21:46:36.397+0000] {dagbag.py:588} INFO - Filling up the DagBag from /home/airflow/.local/lib/python3.12/site-packages/airflow/example_dags/tutorial_objectstorage.py
[2025-06-20T21:46:36.407+0000] {processor.py:925} INFO - DAG(s) 'tutorial_objectstorage' retrieved from /home/airflow/.local/lib/python3.12/site-packages/airflow/example_dags/tutorial_objectstorage.py
[2025-06-20T21:46:36.428+0000] {logging_mixin.py:190} INFO - [2025-06-20T21:46:36.428+0000] {dag.py:3239} INFO - Sync 1 DAGs
[2025-06-20T21:46:36.450+0000] {logging_mixin.py:190} INFO - [2025-06-20T21:46:36.449+0000] {dag.py:4180} INFO - Setting next_dagrun for tutorial_objectstorage to None, run_after=None
[2025-06-20T21:46:36.483+0000] {processor.py:208} INFO - Processing /home/airflow/.local/lib/python3.12/site-packages/airflow/example_dags/tutorial_objectstorage.py took 0.096 seconds
[2025-06-20T21:47:06.855+0000] {processor.py:186} INFO - Started process (PID=2642) to work on /home/airflow/.local/lib/python3.12/site-packages/airflow/example_dags/tutorial_objectstorage.py
[2025-06-20T21:47:06.856+0000] {processor.py:914} INFO - Processing file /home/airflow/.local/lib/python3.12/site-packages/airflow/example_dags/tutorial_objectstorage.py for tasks to queue
[2025-06-20T21:47:06.858+0000] {logging_mixin.py:190} INFO - [2025-06-20T21:47:06.858+0000] {dagbag.py:588} INFO - Filling up the DagBag from /home/airflow/.local/lib/python3.12/site-packages/airflow/example_dags/tutorial_objectstorage.py
[2025-06-20T21:47:06.867+0000] {processor.py:925} INFO - DAG(s) 'tutorial_objectstorage' retrieved from /home/airflow/.local/lib/python3.12/site-packages/airflow/example_dags/tutorial_objectstorage.py
[2025-06-20T21:47:06.886+0000] {logging_mixin.py:190} INFO - [2025-06-20T21:47:06.886+0000] {dag.py:3239} INFO - Sync 1 DAGs
[2025-06-20T21:47:06.902+0000] {logging_mixin.py:190} INFO - [2025-06-20T21:47:06.902+0000] {dag.py:4180} INFO - Setting next_dagrun for tutorial_objectstorage to None, run_after=None
[2025-06-20T21:47:06.938+0000] {processor.py:208} INFO - Processing /home/airflow/.local/lib/python3.12/site-packages/airflow/example_dags/tutorial_objectstorage.py took 0.087 seconds
[2025-06-20T21:47:37.343+0000] {processor.py:186} INFO - Started process (PID=2706) to work on /home/airflow/.local/lib/python3.12/site-packages/airflow/example_dags/tutorial_objectstorage.py
[2025-06-20T21:47:37.344+0000] {processor.py:914} INFO - Processing file /home/airflow/.local/lib/python3.12/site-packages/airflow/example_dags/tutorial_objectstorage.py for tasks to queue
[2025-06-20T21:47:37.347+0000] {logging_mixin.py:190} INFO - [2025-06-20T21:47:37.346+0000] {dagbag.py:588} INFO - Filling up the DagBag from /home/airflow/.local/lib/python3.12/site-packages/airflow/example_dags/tutorial_objectstorage.py
[2025-06-20T21:47:37.355+0000] {processor.py:925} INFO - DAG(s) 'tutorial_objectstorage' retrieved from /home/airflow/.local/lib/python3.12/site-packages/airflow/example_dags/tutorial_objectstorage.py
[2025-06-20T21:47:37.374+0000] {logging_mixin.py:190} INFO - [2025-06-20T21:47:37.374+0000] {dag.py:3239} INFO - Sync 1 DAGs
[2025-06-20T21:47:37.388+0000] {logging_mixin.py:190} INFO - [2025-06-20T21:47:37.387+0000] {dag.py:4180} INFO - Setting next_dagrun for tutorial_objectstorage to None, run_after=None
[2025-06-20T21:47:37.417+0000] {processor.py:208} INFO - Processing /home/airflow/.local/lib/python3.12/site-packages/airflow/example_dags/tutorial_objectstorage.py took 0.079 seconds
[2025-06-20T21:48:07.717+0000] {processor.py:186} INFO - Started process (PID=2770) to work on /home/airflow/.local/lib/python3.12/site-packages/airflow/example_dags/tutorial_objectstorage.py
[2025-06-20T21:48:07.718+0000] {processor.py:914} INFO - Processing file /home/airflow/.local/lib/python3.12/site-packages/airflow/example_dags/tutorial_objectstorage.py for tasks to queue
[2025-06-20T21:48:07.721+0000] {logging_mixin.py:190} INFO - [2025-06-20T21:48:07.720+0000] {dagbag.py:588} INFO - Filling up the DagBag from /home/airflow/.local/lib/python3.12/site-packages/airflow/example_dags/tutorial_objectstorage.py
[2025-06-20T21:48:07.729+0000] {processor.py:925} INFO - DAG(s) 'tutorial_objectstorage' retrieved from /home/airflow/.local/lib/python3.12/site-packages/airflow/example_dags/tutorial_objectstorage.py
[2025-06-20T21:48:07.748+0000] {logging_mixin.py:190} INFO - [2025-06-20T21:48:07.748+0000] {dag.py:3239} INFO - Sync 1 DAGs
[2025-06-20T21:48:07.762+0000] {logging_mixin.py:190} INFO - [2025-06-20T21:48:07.762+0000] {dag.py:4180} INFO - Setting next_dagrun for tutorial_objectstorage to None, run_after=None
[2025-06-20T21:48:07.785+0000] {processor.py:208} INFO - Processing /home/airflow/.local/lib/python3.12/site-packages/airflow/example_dags/tutorial_objectstorage.py took 0.073 seconds
[2025-06-20T21:48:38.319+0000] {processor.py:186} INFO - Started process (PID=2833) to work on /home/airflow/.local/lib/python3.12/site-packages/airflow/example_dags/tutorial_objectstorage.py
[2025-06-20T21:48:38.320+0000] {processor.py:914} INFO - Processing file /home/airflow/.local/lib/python3.12/site-packages/airflow/example_dags/tutorial_objectstorage.py for tasks to queue
[2025-06-20T21:48:38.323+0000] {logging_mixin.py:190} INFO - [2025-06-20T21:48:38.322+0000] {dagbag.py:588} INFO - Filling up the DagBag from /home/airflow/.local/lib/python3.12/site-packages/airflow/example_dags/tutorial_objectstorage.py
[2025-06-20T21:48:38.337+0000] {processor.py:925} INFO - DAG(s) 'tutorial_objectstorage' retrieved from /home/airflow/.local/lib/python3.12/site-packages/airflow/example_dags/tutorial_objectstorage.py
[2025-06-20T21:48:38.361+0000] {logging_mixin.py:190} INFO - [2025-06-20T21:48:38.360+0000] {dag.py:3239} INFO - Sync 1 DAGs
[2025-06-20T21:48:38.376+0000] {logging_mixin.py:190} INFO - [2025-06-20T21:48:38.376+0000] {dag.py:4180} INFO - Setting next_dagrun for tutorial_objectstorage to None, run_after=None
[2025-06-20T21:48:38.408+0000] {processor.py:208} INFO - Processing /home/airflow/.local/lib/python3.12/site-packages/airflow/example_dags/tutorial_objectstorage.py took 0.095 seconds
[2025-06-20T21:49:08.812+0000] {processor.py:186} INFO - Started process (PID=2897) to work on /home/airflow/.local/lib/python3.12/site-packages/airflow/example_dags/tutorial_objectstorage.py
[2025-06-20T21:49:08.813+0000] {processor.py:914} INFO - Processing file /home/airflow/.local/lib/python3.12/site-packages/airflow/example_dags/tutorial_objectstorage.py for tasks to queue
[2025-06-20T21:49:08.815+0000] {logging_mixin.py:190} INFO - [2025-06-20T21:49:08.815+0000] {dagbag.py:588} INFO - Filling up the DagBag from /home/airflow/.local/lib/python3.12/site-packages/airflow/example_dags/tutorial_objectstorage.py
[2025-06-20T21:49:08.823+0000] {processor.py:925} INFO - DAG(s) 'tutorial_objectstorage' retrieved from /home/airflow/.local/lib/python3.12/site-packages/airflow/example_dags/tutorial_objectstorage.py
[2025-06-20T21:49:08.845+0000] {logging_mixin.py:190} INFO - [2025-06-20T21:49:08.845+0000] {dag.py:3239} INFO - Sync 1 DAGs
[2025-06-20T21:49:08.859+0000] {logging_mixin.py:190} INFO - [2025-06-20T21:49:08.859+0000] {dag.py:4180} INFO - Setting next_dagrun for tutorial_objectstorage to None, run_after=None
[2025-06-20T21:49:08.883+0000] {processor.py:208} INFO - Processing /home/airflow/.local/lib/python3.12/site-packages/airflow/example_dags/tutorial_objectstorage.py took 0.076 seconds
[2025-06-20T21:49:39.787+0000] {processor.py:186} INFO - Started process (PID=2961) to work on /home/airflow/.local/lib/python3.12/site-packages/airflow/example_dags/tutorial_objectstorage.py
[2025-06-20T21:49:39.788+0000] {processor.py:914} INFO - Processing file /home/airflow/.local/lib/python3.12/site-packages/airflow/example_dags/tutorial_objectstorage.py for tasks to queue
[2025-06-20T21:49:39.791+0000] {logging_mixin.py:190} INFO - [2025-06-20T21:49:39.791+0000] {dagbag.py:588} INFO - Filling up the DagBag from /home/airflow/.local/lib/python3.12/site-packages/airflow/example_dags/tutorial_objectstorage.py
[2025-06-20T21:49:39.799+0000] {processor.py:925} INFO - DAG(s) 'tutorial_objectstorage' retrieved from /home/airflow/.local/lib/python3.12/site-packages/airflow/example_dags/tutorial_objectstorage.py
[2025-06-20T21:49:39.816+0000] {logging_mixin.py:190} INFO - [2025-06-20T21:49:39.816+0000] {dag.py:3239} INFO - Sync 1 DAGs
[2025-06-20T21:49:39.830+0000] {logging_mixin.py:190} INFO - [2025-06-20T21:49:39.830+0000] {dag.py:4180} INFO - Setting next_dagrun for tutorial_objectstorage to None, run_after=None
[2025-06-20T21:49:39.988+0000] {processor.py:208} INFO - Processing /home/airflow/.local/lib/python3.12/site-packages/airflow/example_dags/tutorial_objectstorage.py took 0.206 seconds
[2025-06-20T21:50:10.088+0000] {processor.py:186} INFO - Started process (PID=3025) to work on /home/airflow/.local/lib/python3.12/site-packages/airflow/example_dags/tutorial_objectstorage.py
[2025-06-20T21:50:10.089+0000] {processor.py:914} INFO - Processing file /home/airflow/.local/lib/python3.12/site-packages/airflow/example_dags/tutorial_objectstorage.py for tasks to queue
[2025-06-20T21:50:10.092+0000] {logging_mixin.py:190} INFO - [2025-06-20T21:50:10.091+0000] {dagbag.py:588} INFO - Filling up the DagBag from /home/airflow/.local/lib/python3.12/site-packages/airflow/example_dags/tutorial_objectstorage.py
[2025-06-20T21:50:10.100+0000] {processor.py:925} INFO - DAG(s) 'tutorial_objectstorage' retrieved from /home/airflow/.local/lib/python3.12/site-packages/airflow/example_dags/tutorial_objectstorage.py
[2025-06-20T21:50:10.120+0000] {logging_mixin.py:190} INFO - [2025-06-20T21:50:10.119+0000] {dag.py:3239} INFO - Sync 1 DAGs
[2025-06-20T21:50:10.133+0000] {logging_mixin.py:190} INFO - [2025-06-20T21:50:10.133+0000] {dag.py:4180} INFO - Setting next_dagrun for tutorial_objectstorage to None, run_after=None
[2025-06-20T21:50:10.160+0000] {processor.py:208} INFO - Processing /home/airflow/.local/lib/python3.12/site-packages/airflow/example_dags/tutorial_objectstorage.py took 0.077 seconds
[2025-06-20T21:50:40.466+0000] {processor.py:186} INFO - Started process (PID=3089) to work on /home/airflow/.local/lib/python3.12/site-packages/airflow/example_dags/tutorial_objectstorage.py
[2025-06-20T21:50:40.467+0000] {processor.py:914} INFO - Processing file /home/airflow/.local/lib/python3.12/site-packages/airflow/example_dags/tutorial_objectstorage.py for tasks to queue
[2025-06-20T21:50:40.470+0000] {logging_mixin.py:190} INFO - [2025-06-20T21:50:40.469+0000] {dagbag.py:588} INFO - Filling up the DagBag from /home/airflow/.local/lib/python3.12/site-packages/airflow/example_dags/tutorial_objectstorage.py
[2025-06-20T21:50:40.480+0000] {processor.py:925} INFO - DAG(s) 'tutorial_objectstorage' retrieved from /home/airflow/.local/lib/python3.12/site-packages/airflow/example_dags/tutorial_objectstorage.py
[2025-06-20T21:50:40.499+0000] {logging_mixin.py:190} INFO - [2025-06-20T21:50:40.499+0000] {dag.py:3239} INFO - Sync 1 DAGs
[2025-06-20T21:50:40.512+0000] {logging_mixin.py:190} INFO - [2025-06-20T21:50:40.512+0000] {dag.py:4180} INFO - Setting next_dagrun for tutorial_objectstorage to None, run_after=None
[2025-06-20T21:50:40.541+0000] {processor.py:208} INFO - Processing /home/airflow/.local/lib/python3.12/site-packages/airflow/example_dags/tutorial_objectstorage.py took 0.080 seconds
[2025-06-20T21:51:11.418+0000] {processor.py:186} INFO - Started process (PID=3153) to work on /home/airflow/.local/lib/python3.12/site-packages/airflow/example_dags/tutorial_objectstorage.py
[2025-06-20T21:51:11.418+0000] {processor.py:914} INFO - Processing file /home/airflow/.local/lib/python3.12/site-packages/airflow/example_dags/tutorial_objectstorage.py for tasks to queue
[2025-06-20T21:51:11.421+0000] {logging_mixin.py:190} INFO - [2025-06-20T21:51:11.420+0000] {dagbag.py:588} INFO - Filling up the DagBag from /home/airflow/.local/lib/python3.12/site-packages/airflow/example_dags/tutorial_objectstorage.py
[2025-06-20T21:51:11.430+0000] {processor.py:925} INFO - DAG(s) 'tutorial_objectstorage' retrieved from /home/airflow/.local/lib/python3.12/site-packages/airflow/example_dags/tutorial_objectstorage.py
[2025-06-20T21:51:11.449+0000] {logging_mixin.py:190} INFO - [2025-06-20T21:51:11.448+0000] {dag.py:3239} INFO - Sync 1 DAGs
[2025-06-20T21:51:11.463+0000] {logging_mixin.py:190} INFO - [2025-06-20T21:51:11.462+0000] {dag.py:4180} INFO - Setting next_dagrun for tutorial_objectstorage to None, run_after=None
[2025-06-20T21:51:11.509+0000] {processor.py:208} INFO - Processing /home/airflow/.local/lib/python3.12/site-packages/airflow/example_dags/tutorial_objectstorage.py took 0.096 seconds
[2025-06-20T21:51:42.709+0000] {processor.py:186} INFO - Started process (PID=3217) to work on /home/airflow/.local/lib/python3.12/site-packages/airflow/example_dags/tutorial_objectstorage.py
[2025-06-20T21:51:42.710+0000] {processor.py:914} INFO - Processing file /home/airflow/.local/lib/python3.12/site-packages/airflow/example_dags/tutorial_objectstorage.py for tasks to queue
[2025-06-20T21:51:42.713+0000] {logging_mixin.py:190} INFO - [2025-06-20T21:51:42.712+0000] {dagbag.py:588} INFO - Filling up the DagBag from /home/airflow/.local/lib/python3.12/site-packages/airflow/example_dags/tutorial_objectstorage.py
[2025-06-20T21:51:42.721+0000] {processor.py:925} INFO - DAG(s) 'tutorial_objectstorage' retrieved from /home/airflow/.local/lib/python3.12/site-packages/airflow/example_dags/tutorial_objectstorage.py
[2025-06-20T21:51:42.739+0000] {logging_mixin.py:190} INFO - [2025-06-20T21:51:42.739+0000] {dag.py:3239} INFO - Sync 1 DAGs
[2025-06-20T21:51:42.754+0000] {logging_mixin.py:190} INFO - [2025-06-20T21:51:42.754+0000] {dag.py:4180} INFO - Setting next_dagrun for tutorial_objectstorage to None, run_after=None
[2025-06-20T21:51:42.777+0000] {processor.py:208} INFO - Processing /home/airflow/.local/lib/python3.12/site-packages/airflow/example_dags/tutorial_objectstorage.py took 0.073 seconds
[2025-06-20T21:52:14.021+0000] {processor.py:186} INFO - Started process (PID=3274) to work on /home/airflow/.local/lib/python3.12/site-packages/airflow/example_dags/tutorial_objectstorage.py
[2025-06-20T21:52:14.023+0000] {processor.py:914} INFO - Processing file /home/airflow/.local/lib/python3.12/site-packages/airflow/example_dags/tutorial_objectstorage.py for tasks to queue
[2025-06-20T21:52:14.025+0000] {logging_mixin.py:190} INFO - [2025-06-20T21:52:14.025+0000] {dagbag.py:588} INFO - Filling up the DagBag from /home/airflow/.local/lib/python3.12/site-packages/airflow/example_dags/tutorial_objectstorage.py
[2025-06-20T21:52:14.035+0000] {processor.py:925} INFO - DAG(s) 'tutorial_objectstorage' retrieved from /home/airflow/.local/lib/python3.12/site-packages/airflow/example_dags/tutorial_objectstorage.py
[2025-06-20T21:52:14.058+0000] {logging_mixin.py:190} INFO - [2025-06-20T21:52:14.058+0000] {dag.py:3239} INFO - Sync 1 DAGs
[2025-06-20T21:52:14.254+0000] {logging_mixin.py:190} INFO - [2025-06-20T21:52:14.254+0000] {dag.py:4180} INFO - Setting next_dagrun for tutorial_objectstorage to None, run_after=None
[2025-06-20T21:52:14.281+0000] {processor.py:208} INFO - Processing /home/airflow/.local/lib/python3.12/site-packages/airflow/example_dags/tutorial_objectstorage.py took 0.267 seconds
[2025-06-20T21:52:45.029+0000] {processor.py:186} INFO - Started process (PID=3338) to work on /home/airflow/.local/lib/python3.12/site-packages/airflow/example_dags/tutorial_objectstorage.py
[2025-06-20T21:52:45.030+0000] {processor.py:914} INFO - Processing file /home/airflow/.local/lib/python3.12/site-packages/airflow/example_dags/tutorial_objectstorage.py for tasks to queue
[2025-06-20T21:52:45.033+0000] {logging_mixin.py:190} INFO - [2025-06-20T21:52:45.032+0000] {dagbag.py:588} INFO - Filling up the DagBag from /home/airflow/.local/lib/python3.12/site-packages/airflow/example_dags/tutorial_objectstorage.py
[2025-06-20T21:52:45.041+0000] {processor.py:925} INFO - DAG(s) 'tutorial_objectstorage' retrieved from /home/airflow/.local/lib/python3.12/site-packages/airflow/example_dags/tutorial_objectstorage.py
[2025-06-20T21:52:45.062+0000] {logging_mixin.py:190} INFO - [2025-06-20T21:52:45.062+0000] {dag.py:3239} INFO - Sync 1 DAGs
[2025-06-20T21:52:45.076+0000] {logging_mixin.py:190} INFO - [2025-06-20T21:52:45.076+0000] {dag.py:4180} INFO - Setting next_dagrun for tutorial_objectstorage to None, run_after=None
[2025-06-20T21:52:45.109+0000] {processor.py:208} INFO - Processing /home/airflow/.local/lib/python3.12/site-packages/airflow/example_dags/tutorial_objectstorage.py took 0.086 seconds
[2025-06-20T21:53:16.112+0000] {processor.py:186} INFO - Started process (PID=3402) to work on /home/airflow/.local/lib/python3.12/site-packages/airflow/example_dags/tutorial_objectstorage.py
[2025-06-20T21:53:16.113+0000] {processor.py:914} INFO - Processing file /home/airflow/.local/lib/python3.12/site-packages/airflow/example_dags/tutorial_objectstorage.py for tasks to queue
[2025-06-20T21:53:16.115+0000] {logging_mixin.py:190} INFO - [2025-06-20T21:53:16.115+0000] {dagbag.py:588} INFO - Filling up the DagBag from /home/airflow/.local/lib/python3.12/site-packages/airflow/example_dags/tutorial_objectstorage.py
[2025-06-20T21:53:16.124+0000] {processor.py:925} INFO - DAG(s) 'tutorial_objectstorage' retrieved from /home/airflow/.local/lib/python3.12/site-packages/airflow/example_dags/tutorial_objectstorage.py
[2025-06-20T21:53:16.144+0000] {logging_mixin.py:190} INFO - [2025-06-20T21:53:16.143+0000] {dag.py:3239} INFO - Sync 1 DAGs
[2025-06-20T21:53:16.158+0000] {logging_mixin.py:190} INFO - [2025-06-20T21:53:16.158+0000] {dag.py:4180} INFO - Setting next_dagrun for tutorial_objectstorage to None, run_after=None
[2025-06-20T21:53:16.205+0000] {processor.py:208} INFO - Processing /home/airflow/.local/lib/python3.12/site-packages/airflow/example_dags/tutorial_objectstorage.py took 0.098 seconds
[2025-06-20T21:53:46.704+0000] {processor.py:186} INFO - Started process (PID=3466) to work on /home/airflow/.local/lib/python3.12/site-packages/airflow/example_dags/tutorial_objectstorage.py
[2025-06-20T21:53:46.705+0000] {processor.py:914} INFO - Processing file /home/airflow/.local/lib/python3.12/site-packages/airflow/example_dags/tutorial_objectstorage.py for tasks to queue
[2025-06-20T21:53:46.707+0000] {logging_mixin.py:190} INFO - [2025-06-20T21:53:46.707+0000] {dagbag.py:588} INFO - Filling up the DagBag from /home/airflow/.local/lib/python3.12/site-packages/airflow/example_dags/tutorial_objectstorage.py
[2025-06-20T21:53:46.716+0000] {processor.py:925} INFO - DAG(s) 'tutorial_objectstorage' retrieved from /home/airflow/.local/lib/python3.12/site-packages/airflow/example_dags/tutorial_objectstorage.py
[2025-06-20T21:53:46.735+0000] {logging_mixin.py:190} INFO - [2025-06-20T21:53:46.735+0000] {dag.py:3239} INFO - Sync 1 DAGs
[2025-06-20T21:53:46.749+0000] {logging_mixin.py:190} INFO - [2025-06-20T21:53:46.749+0000] {dag.py:4180} INFO - Setting next_dagrun for tutorial_objectstorage to None, run_after=None
[2025-06-20T21:53:46.776+0000] {processor.py:208} INFO - Processing /home/airflow/.local/lib/python3.12/site-packages/airflow/example_dags/tutorial_objectstorage.py took 0.077 seconds
[2025-06-20T21:55:46.971+0000] {processor.py:186} INFO - Started process (PID=80) to work on /home/airflow/.local/lib/python3.12/site-packages/airflow/example_dags/tutorial_objectstorage.py
[2025-06-20T21:55:46.972+0000] {processor.py:914} INFO - Processing file /home/airflow/.local/lib/python3.12/site-packages/airflow/example_dags/tutorial_objectstorage.py for tasks to queue
[2025-06-20T21:55:46.975+0000] {logging_mixin.py:190} INFO - [2025-06-20T21:55:46.975+0000] {dagbag.py:588} INFO - Filling up the DagBag from /home/airflow/.local/lib/python3.12/site-packages/airflow/example_dags/tutorial_objectstorage.py
[2025-06-20T21:55:46.986+0000] {processor.py:925} INFO - DAG(s) 'tutorial_objectstorage' retrieved from /home/airflow/.local/lib/python3.12/site-packages/airflow/example_dags/tutorial_objectstorage.py
[2025-06-20T21:55:47.123+0000] {logging_mixin.py:190} INFO - [2025-06-20T21:55:47.122+0000] {override.py:1911} INFO - Created Permission View: can delete on DAG:tutorial_objectstorage
[2025-06-20T21:55:47.144+0000] {logging_mixin.py:190} INFO - [2025-06-20T21:55:47.144+0000] {override.py:1911} INFO - Created Permission View: can edit on DAG:tutorial_objectstorage
[2025-06-20T21:55:47.166+0000] {logging_mixin.py:190} INFO - [2025-06-20T21:55:47.165+0000] {override.py:1911} INFO - Created Permission View: can read on DAG:tutorial_objectstorage
[2025-06-20T21:55:47.209+0000] {logging_mixin.py:190} INFO - [2025-06-20T21:55:47.209+0000] {override.py:1911} INFO - Created Permission View: can delete on DAG Run:tutorial_objectstorage
[2025-06-20T21:55:47.231+0000] {logging_mixin.py:190} INFO - [2025-06-20T21:55:47.231+0000] {override.py:1911} INFO - Created Permission View: menu access on DAG Run:tutorial_objectstorage
[2025-06-20T21:55:47.253+0000] {logging_mixin.py:190} INFO - [2025-06-20T21:55:47.253+0000] {override.py:1911} INFO - Created Permission View: can create on DAG Run:tutorial_objectstorage
[2025-06-20T21:55:47.275+0000] {logging_mixin.py:190} INFO - [2025-06-20T21:55:47.274+0000] {override.py:1911} INFO - Created Permission View: can read on DAG Run:tutorial_objectstorage
[2025-06-20T21:55:47.276+0000] {logging_mixin.py:190} INFO - [2025-06-20T21:55:47.275+0000] {dag.py:3239} INFO - Sync 1 DAGs
[2025-06-20T21:55:47.287+0000] {logging_mixin.py:190} INFO - [2025-06-20T21:55:47.287+0000] {dag.py:3262} INFO - Creating ORM DAG for tutorial_objectstorage
[2025-06-20T21:55:47.288+0000] {logging_mixin.py:190} INFO - [2025-06-20T21:55:47.288+0000] {dag.py:4180} INFO - Setting next_dagrun for tutorial_objectstorage to None, run_after=None
[2025-06-20T21:55:47.314+0000] {processor.py:208} INFO - Processing /home/airflow/.local/lib/python3.12/site-packages/airflow/example_dags/tutorial_objectstorage.py took 0.350 seconds
[2025-06-20T21:56:18.151+0000] {processor.py:186} INFO - Started process (PID=144) to work on /home/airflow/.local/lib/python3.12/site-packages/airflow/example_dags/tutorial_objectstorage.py
[2025-06-20T21:56:18.152+0000] {processor.py:914} INFO - Processing file /home/airflow/.local/lib/python3.12/site-packages/airflow/example_dags/tutorial_objectstorage.py for tasks to queue
[2025-06-20T21:56:18.155+0000] {logging_mixin.py:190} INFO - [2025-06-20T21:56:18.154+0000] {dagbag.py:588} INFO - Filling up the DagBag from /home/airflow/.local/lib/python3.12/site-packages/airflow/example_dags/tutorial_objectstorage.py
[2025-06-20T21:56:18.162+0000] {processor.py:925} INFO - DAG(s) 'tutorial_objectstorage' retrieved from /home/airflow/.local/lib/python3.12/site-packages/airflow/example_dags/tutorial_objectstorage.py
[2025-06-20T21:56:18.181+0000] {logging_mixin.py:190} INFO - [2025-06-20T21:56:18.181+0000] {dag.py:3239} INFO - Sync 1 DAGs
[2025-06-20T21:56:18.194+0000] {logging_mixin.py:190} INFO - [2025-06-20T21:56:18.194+0000] {dag.py:4180} INFO - Setting next_dagrun for tutorial_objectstorage to None, run_after=None
[2025-06-20T21:56:18.284+0000] {processor.py:208} INFO - Processing /home/airflow/.local/lib/python3.12/site-packages/airflow/example_dags/tutorial_objectstorage.py took 0.137 seconds
[2025-06-20T21:56:50.115+0000] {processor.py:186} INFO - Started process (PID=208) to work on /home/airflow/.local/lib/python3.12/site-packages/airflow/example_dags/tutorial_objectstorage.py
[2025-06-20T21:56:50.116+0000] {processor.py:914} INFO - Processing file /home/airflow/.local/lib/python3.12/site-packages/airflow/example_dags/tutorial_objectstorage.py for tasks to queue
[2025-06-20T21:56:50.119+0000] {logging_mixin.py:190} INFO - [2025-06-20T21:56:50.118+0000] {dagbag.py:588} INFO - Filling up the DagBag from /home/airflow/.local/lib/python3.12/site-packages/airflow/example_dags/tutorial_objectstorage.py
[2025-06-20T21:56:50.127+0000] {processor.py:925} INFO - DAG(s) 'tutorial_objectstorage' retrieved from /home/airflow/.local/lib/python3.12/site-packages/airflow/example_dags/tutorial_objectstorage.py
[2025-06-20T21:56:50.144+0000] {logging_mixin.py:190} INFO - [2025-06-20T21:56:50.144+0000] {dag.py:3239} INFO - Sync 1 DAGs
[2025-06-20T21:56:50.159+0000] {logging_mixin.py:190} INFO - [2025-06-20T21:56:50.158+0000] {dag.py:4180} INFO - Setting next_dagrun for tutorial_objectstorage to None, run_after=None
[2025-06-20T21:56:50.189+0000] {processor.py:208} INFO - Processing /home/airflow/.local/lib/python3.12/site-packages/airflow/example_dags/tutorial_objectstorage.py took 0.079 seconds
[2025-06-20T21:57:21.644+0000] {processor.py:186} INFO - Started process (PID=272) to work on /home/airflow/.local/lib/python3.12/site-packages/airflow/example_dags/tutorial_objectstorage.py
[2025-06-20T21:57:21.645+0000] {processor.py:914} INFO - Processing file /home/airflow/.local/lib/python3.12/site-packages/airflow/example_dags/tutorial_objectstorage.py for tasks to queue
[2025-06-20T21:57:21.648+0000] {logging_mixin.py:190} INFO - [2025-06-20T21:57:21.648+0000] {dagbag.py:588} INFO - Filling up the DagBag from /home/airflow/.local/lib/python3.12/site-packages/airflow/example_dags/tutorial_objectstorage.py
[2025-06-20T21:57:21.657+0000] {processor.py:925} INFO - DAG(s) 'tutorial_objectstorage' retrieved from /home/airflow/.local/lib/python3.12/site-packages/airflow/example_dags/tutorial_objectstorage.py
[2025-06-20T21:57:21.675+0000] {logging_mixin.py:190} INFO - [2025-06-20T21:57:21.675+0000] {dag.py:3239} INFO - Sync 1 DAGs
[2025-06-20T21:57:21.689+0000] {logging_mixin.py:190} INFO - [2025-06-20T21:57:21.689+0000] {dag.py:4180} INFO - Setting next_dagrun for tutorial_objectstorage to None, run_after=None
[2025-06-20T21:57:21.712+0000] {processor.py:208} INFO - Processing /home/airflow/.local/lib/python3.12/site-packages/airflow/example_dags/tutorial_objectstorage.py took 0.073 seconds
[2025-06-20T21:57:52.903+0000] {processor.py:186} INFO - Started process (PID=336) to work on /home/airflow/.local/lib/python3.12/site-packages/airflow/example_dags/tutorial_objectstorage.py
[2025-06-20T21:57:52.904+0000] {processor.py:914} INFO - Processing file /home/airflow/.local/lib/python3.12/site-packages/airflow/example_dags/tutorial_objectstorage.py for tasks to queue
[2025-06-20T21:57:52.907+0000] {logging_mixin.py:190} INFO - [2025-06-20T21:57:52.906+0000] {dagbag.py:588} INFO - Filling up the DagBag from /home/airflow/.local/lib/python3.12/site-packages/airflow/example_dags/tutorial_objectstorage.py
[2025-06-20T21:57:52.916+0000] {processor.py:925} INFO - DAG(s) 'tutorial_objectstorage' retrieved from /home/airflow/.local/lib/python3.12/site-packages/airflow/example_dags/tutorial_objectstorage.py
[2025-06-20T21:57:52.936+0000] {logging_mixin.py:190} INFO - [2025-06-20T21:57:52.935+0000] {dag.py:3239} INFO - Sync 1 DAGs
[2025-06-20T21:57:52.950+0000] {logging_mixin.py:190} INFO - [2025-06-20T21:57:52.949+0000] {dag.py:4180} INFO - Setting next_dagrun for tutorial_objectstorage to None, run_after=None
[2025-06-20T21:57:52.981+0000] {processor.py:208} INFO - Processing /home/airflow/.local/lib/python3.12/site-packages/airflow/example_dags/tutorial_objectstorage.py took 0.084 seconds
[2025-06-20T21:58:24.646+0000] {processor.py:186} INFO - Started process (PID=408) to work on /home/airflow/.local/lib/python3.12/site-packages/airflow/example_dags/tutorial_objectstorage.py
[2025-06-20T21:58:24.647+0000] {processor.py:914} INFO - Processing file /home/airflow/.local/lib/python3.12/site-packages/airflow/example_dags/tutorial_objectstorage.py for tasks to queue
[2025-06-20T21:58:24.650+0000] {logging_mixin.py:190} INFO - [2025-06-20T21:58:24.649+0000] {dagbag.py:588} INFO - Filling up the DagBag from /home/airflow/.local/lib/python3.12/site-packages/airflow/example_dags/tutorial_objectstorage.py
[2025-06-20T21:58:24.660+0000] {processor.py:925} INFO - DAG(s) 'tutorial_objectstorage' retrieved from /home/airflow/.local/lib/python3.12/site-packages/airflow/example_dags/tutorial_objectstorage.py
[2025-06-20T21:58:24.680+0000] {logging_mixin.py:190} INFO - [2025-06-20T21:58:24.680+0000] {dag.py:3239} INFO - Sync 1 DAGs
[2025-06-20T21:58:24.695+0000] {logging_mixin.py:190} INFO - [2025-06-20T21:58:24.695+0000] {dag.py:4180} INFO - Setting next_dagrun for tutorial_objectstorage to None, run_after=None
[2025-06-20T21:58:24.722+0000] {processor.py:208} INFO - Processing /home/airflow/.local/lib/python3.12/site-packages/airflow/example_dags/tutorial_objectstorage.py took 0.082 seconds
[2025-06-20T21:58:55.697+0000] {processor.py:186} INFO - Started process (PID=472) to work on /home/airflow/.local/lib/python3.12/site-packages/airflow/example_dags/tutorial_objectstorage.py
[2025-06-20T21:58:55.698+0000] {processor.py:914} INFO - Processing file /home/airflow/.local/lib/python3.12/site-packages/airflow/example_dags/tutorial_objectstorage.py for tasks to queue
[2025-06-20T21:58:55.700+0000] {logging_mixin.py:190} INFO - [2025-06-20T21:58:55.700+0000] {dagbag.py:588} INFO - Filling up the DagBag from /home/airflow/.local/lib/python3.12/site-packages/airflow/example_dags/tutorial_objectstorage.py
[2025-06-20T21:58:55.708+0000] {processor.py:925} INFO - DAG(s) 'tutorial_objectstorage' retrieved from /home/airflow/.local/lib/python3.12/site-packages/airflow/example_dags/tutorial_objectstorage.py
[2025-06-20T21:58:55.727+0000] {logging_mixin.py:190} INFO - [2025-06-20T21:58:55.727+0000] {dag.py:3239} INFO - Sync 1 DAGs
[2025-06-20T21:58:55.740+0000] {logging_mixin.py:190} INFO - [2025-06-20T21:58:55.740+0000] {dag.py:4180} INFO - Setting next_dagrun for tutorial_objectstorage to None, run_after=None
[2025-06-20T21:58:55.764+0000] {processor.py:208} INFO - Processing /home/airflow/.local/lib/python3.12/site-packages/airflow/example_dags/tutorial_objectstorage.py took 0.072 seconds
[2025-06-20T21:59:27.439+0000] {processor.py:186} INFO - Started process (PID=536) to work on /home/airflow/.local/lib/python3.12/site-packages/airflow/example_dags/tutorial_objectstorage.py
[2025-06-20T21:59:27.440+0000] {processor.py:914} INFO - Processing file /home/airflow/.local/lib/python3.12/site-packages/airflow/example_dags/tutorial_objectstorage.py for tasks to queue
[2025-06-20T21:59:27.442+0000] {logging_mixin.py:190} INFO - [2025-06-20T21:59:27.442+0000] {dagbag.py:588} INFO - Filling up the DagBag from /home/airflow/.local/lib/python3.12/site-packages/airflow/example_dags/tutorial_objectstorage.py
[2025-06-20T21:59:27.451+0000] {processor.py:925} INFO - DAG(s) 'tutorial_objectstorage' retrieved from /home/airflow/.local/lib/python3.12/site-packages/airflow/example_dags/tutorial_objectstorage.py
[2025-06-20T21:59:27.471+0000] {logging_mixin.py:190} INFO - [2025-06-20T21:59:27.471+0000] {dag.py:3239} INFO - Sync 1 DAGs
[2025-06-20T21:59:27.486+0000] {logging_mixin.py:190} INFO - [2025-06-20T21:59:27.486+0000] {dag.py:4180} INFO - Setting next_dagrun for tutorial_objectstorage to None, run_after=None
[2025-06-20T21:59:27.514+0000] {processor.py:208} INFO - Processing /home/airflow/.local/lib/python3.12/site-packages/airflow/example_dags/tutorial_objectstorage.py took 0.081 seconds
[2025-06-20T21:59:58.894+0000] {processor.py:186} INFO - Started process (PID=600) to work on /home/airflow/.local/lib/python3.12/site-packages/airflow/example_dags/tutorial_objectstorage.py
[2025-06-20T21:59:58.895+0000] {processor.py:914} INFO - Processing file /home/airflow/.local/lib/python3.12/site-packages/airflow/example_dags/tutorial_objectstorage.py for tasks to queue
[2025-06-20T21:59:58.897+0000] {logging_mixin.py:190} INFO - [2025-06-20T21:59:58.897+0000] {dagbag.py:588} INFO - Filling up the DagBag from /home/airflow/.local/lib/python3.12/site-packages/airflow/example_dags/tutorial_objectstorage.py
[2025-06-20T21:59:58.906+0000] {processor.py:925} INFO - DAG(s) 'tutorial_objectstorage' retrieved from /home/airflow/.local/lib/python3.12/site-packages/airflow/example_dags/tutorial_objectstorage.py
[2025-06-20T21:59:58.928+0000] {logging_mixin.py:190} INFO - [2025-06-20T21:59:58.928+0000] {dag.py:3239} INFO - Sync 1 DAGs
[2025-06-20T21:59:58.942+0000] {logging_mixin.py:190} INFO - [2025-06-20T21:59:58.941+0000] {dag.py:4180} INFO - Setting next_dagrun for tutorial_objectstorage to None, run_after=None
[2025-06-20T21:59:58.970+0000] {processor.py:208} INFO - Processing /home/airflow/.local/lib/python3.12/site-packages/airflow/example_dags/tutorial_objectstorage.py took 0.081 seconds
[2025-06-20T22:00:30.357+0000] {processor.py:186} INFO - Started process (PID=664) to work on /home/airflow/.local/lib/python3.12/site-packages/airflow/example_dags/tutorial_objectstorage.py
[2025-06-20T22:00:30.358+0000] {processor.py:914} INFO - Processing file /home/airflow/.local/lib/python3.12/site-packages/airflow/example_dags/tutorial_objectstorage.py for tasks to queue
[2025-06-20T22:00:30.361+0000] {logging_mixin.py:190} INFO - [2025-06-20T22:00:30.360+0000] {dagbag.py:588} INFO - Filling up the DagBag from /home/airflow/.local/lib/python3.12/site-packages/airflow/example_dags/tutorial_objectstorage.py
[2025-06-20T22:00:30.370+0000] {processor.py:925} INFO - DAG(s) 'tutorial_objectstorage' retrieved from /home/airflow/.local/lib/python3.12/site-packages/airflow/example_dags/tutorial_objectstorage.py
[2025-06-20T22:00:30.389+0000] {logging_mixin.py:190} INFO - [2025-06-20T22:00:30.389+0000] {dag.py:3239} INFO - Sync 1 DAGs
[2025-06-20T22:00:30.404+0000] {logging_mixin.py:190} INFO - [2025-06-20T22:00:30.404+0000] {dag.py:4180} INFO - Setting next_dagrun for tutorial_objectstorage to None, run_after=None
[2025-06-20T22:00:30.434+0000] {processor.py:208} INFO - Processing /home/airflow/.local/lib/python3.12/site-packages/airflow/example_dags/tutorial_objectstorage.py took 0.083 seconds
[2025-06-20T22:01:01.749+0000] {processor.py:186} INFO - Started process (PID=728) to work on /home/airflow/.local/lib/python3.12/site-packages/airflow/example_dags/tutorial_objectstorage.py
[2025-06-20T22:01:01.750+0000] {processor.py:914} INFO - Processing file /home/airflow/.local/lib/python3.12/site-packages/airflow/example_dags/tutorial_objectstorage.py for tasks to queue
[2025-06-20T22:01:01.753+0000] {logging_mixin.py:190} INFO - [2025-06-20T22:01:01.753+0000] {dagbag.py:588} INFO - Filling up the DagBag from /home/airflow/.local/lib/python3.12/site-packages/airflow/example_dags/tutorial_objectstorage.py
[2025-06-20T22:01:01.761+0000] {processor.py:925} INFO - DAG(s) 'tutorial_objectstorage' retrieved from /home/airflow/.local/lib/python3.12/site-packages/airflow/example_dags/tutorial_objectstorage.py
[2025-06-20T22:01:01.781+0000] {logging_mixin.py:190} INFO - [2025-06-20T22:01:01.781+0000] {dag.py:3239} INFO - Sync 1 DAGs
[2025-06-20T22:01:01.793+0000] {logging_mixin.py:190} INFO - [2025-06-20T22:01:01.793+0000] {dag.py:4180} INFO - Setting next_dagrun for tutorial_objectstorage to None, run_after=None
[2025-06-20T22:01:01.819+0000] {processor.py:208} INFO - Processing /home/airflow/.local/lib/python3.12/site-packages/airflow/example_dags/tutorial_objectstorage.py took 0.075 seconds
[2025-06-20T22:01:33.243+0000] {processor.py:186} INFO - Started process (PID=792) to work on /home/airflow/.local/lib/python3.12/site-packages/airflow/example_dags/tutorial_objectstorage.py
[2025-06-20T22:01:33.244+0000] {processor.py:914} INFO - Processing file /home/airflow/.local/lib/python3.12/site-packages/airflow/example_dags/tutorial_objectstorage.py for tasks to queue
[2025-06-20T22:01:33.246+0000] {logging_mixin.py:190} INFO - [2025-06-20T22:01:33.246+0000] {dagbag.py:588} INFO - Filling up the DagBag from /home/airflow/.local/lib/python3.12/site-packages/airflow/example_dags/tutorial_objectstorage.py
[2025-06-20T22:01:33.255+0000] {processor.py:925} INFO - DAG(s) 'tutorial_objectstorage' retrieved from /home/airflow/.local/lib/python3.12/site-packages/airflow/example_dags/tutorial_objectstorage.py
[2025-06-20T22:01:33.275+0000] {logging_mixin.py:190} INFO - [2025-06-20T22:01:33.274+0000] {dag.py:3239} INFO - Sync 1 DAGs
[2025-06-20T22:01:33.288+0000] {logging_mixin.py:190} INFO - [2025-06-20T22:01:33.287+0000] {dag.py:4180} INFO - Setting next_dagrun for tutorial_objectstorage to None, run_after=None
[2025-06-20T22:01:33.312+0000] {processor.py:208} INFO - Processing /home/airflow/.local/lib/python3.12/site-packages/airflow/example_dags/tutorial_objectstorage.py took 0.074 seconds
[2025-06-20T22:02:03.964+0000] {processor.py:186} INFO - Started process (PID=855) to work on /home/airflow/.local/lib/python3.12/site-packages/airflow/example_dags/tutorial_objectstorage.py
[2025-06-20T22:02:03.966+0000] {processor.py:914} INFO - Processing file /home/airflow/.local/lib/python3.12/site-packages/airflow/example_dags/tutorial_objectstorage.py for tasks to queue
[2025-06-20T22:02:03.969+0000] {logging_mixin.py:190} INFO - [2025-06-20T22:02:03.968+0000] {dagbag.py:588} INFO - Filling up the DagBag from /home/airflow/.local/lib/python3.12/site-packages/airflow/example_dags/tutorial_objectstorage.py
[2025-06-20T22:02:03.981+0000] {processor.py:925} INFO - DAG(s) 'tutorial_objectstorage' retrieved from /home/airflow/.local/lib/python3.12/site-packages/airflow/example_dags/tutorial_objectstorage.py
[2025-06-20T22:02:04.008+0000] {logging_mixin.py:190} INFO - [2025-06-20T22:02:04.008+0000] {dag.py:3239} INFO - Sync 1 DAGs
[2025-06-20T22:02:04.027+0000] {logging_mixin.py:190} INFO - [2025-06-20T22:02:04.026+0000] {dag.py:4180} INFO - Setting next_dagrun for tutorial_objectstorage to None, run_after=None
[2025-06-20T22:02:04.061+0000] {processor.py:208} INFO - Processing /home/airflow/.local/lib/python3.12/site-packages/airflow/example_dags/tutorial_objectstorage.py took 0.103 seconds
[2025-06-20T22:02:35.790+0000] {processor.py:186} INFO - Started process (PID=919) to work on /home/airflow/.local/lib/python3.12/site-packages/airflow/example_dags/tutorial_objectstorage.py
[2025-06-20T22:02:35.792+0000] {processor.py:914} INFO - Processing file /home/airflow/.local/lib/python3.12/site-packages/airflow/example_dags/tutorial_objectstorage.py for tasks to queue
[2025-06-20T22:02:35.794+0000] {logging_mixin.py:190} INFO - [2025-06-20T22:02:35.794+0000] {dagbag.py:588} INFO - Filling up the DagBag from /home/airflow/.local/lib/python3.12/site-packages/airflow/example_dags/tutorial_objectstorage.py
[2025-06-20T22:02:35.803+0000] {processor.py:925} INFO - DAG(s) 'tutorial_objectstorage' retrieved from /home/airflow/.local/lib/python3.12/site-packages/airflow/example_dags/tutorial_objectstorage.py
[2025-06-20T22:02:35.825+0000] {logging_mixin.py:190} INFO - [2025-06-20T22:02:35.825+0000] {dag.py:3239} INFO - Sync 1 DAGs
[2025-06-20T22:02:35.839+0000] {logging_mixin.py:190} INFO - [2025-06-20T22:02:35.839+0000] {dag.py:4180} INFO - Setting next_dagrun for tutorial_objectstorage to None, run_after=None
[2025-06-20T22:02:35.863+0000] {processor.py:208} INFO - Processing /home/airflow/.local/lib/python3.12/site-packages/airflow/example_dags/tutorial_objectstorage.py took 0.078 seconds
[2025-06-20T22:03:08.413+0000] {processor.py:186} INFO - Started process (PID=984) to work on /home/airflow/.local/lib/python3.12/site-packages/airflow/example_dags/tutorial_objectstorage.py
[2025-06-20T22:03:08.414+0000] {processor.py:914} INFO - Processing file /home/airflow/.local/lib/python3.12/site-packages/airflow/example_dags/tutorial_objectstorage.py for tasks to queue
[2025-06-20T22:03:08.416+0000] {logging_mixin.py:190} INFO - [2025-06-20T22:03:08.416+0000] {dagbag.py:588} INFO - Filling up the DagBag from /home/airflow/.local/lib/python3.12/site-packages/airflow/example_dags/tutorial_objectstorage.py
[2025-06-20T22:03:08.426+0000] {processor.py:925} INFO - DAG(s) 'tutorial_objectstorage' retrieved from /home/airflow/.local/lib/python3.12/site-packages/airflow/example_dags/tutorial_objectstorage.py
[2025-06-20T22:03:08.445+0000] {logging_mixin.py:190} INFO - [2025-06-20T22:03:08.444+0000] {dag.py:3239} INFO - Sync 1 DAGs
[2025-06-20T22:03:08.458+0000] {logging_mixin.py:190} INFO - [2025-06-20T22:03:08.457+0000] {dag.py:4180} INFO - Setting next_dagrun for tutorial_objectstorage to None, run_after=None
[2025-06-20T22:03:08.486+0000] {processor.py:208} INFO - Processing /home/airflow/.local/lib/python3.12/site-packages/airflow/example_dags/tutorial_objectstorage.py took 0.078 seconds
[2025-06-20T22:03:39.943+0000] {processor.py:186} INFO - Started process (PID=1048) to work on /home/airflow/.local/lib/python3.12/site-packages/airflow/example_dags/tutorial_objectstorage.py
[2025-06-20T22:03:39.945+0000] {processor.py:914} INFO - Processing file /home/airflow/.local/lib/python3.12/site-packages/airflow/example_dags/tutorial_objectstorage.py for tasks to queue
[2025-06-20T22:03:39.947+0000] {logging_mixin.py:190} INFO - [2025-06-20T22:03:39.947+0000] {dagbag.py:588} INFO - Filling up the DagBag from /home/airflow/.local/lib/python3.12/site-packages/airflow/example_dags/tutorial_objectstorage.py
[2025-06-20T22:03:39.956+0000] {processor.py:925} INFO - DAG(s) 'tutorial_objectstorage' retrieved from /home/airflow/.local/lib/python3.12/site-packages/airflow/example_dags/tutorial_objectstorage.py
[2025-06-20T22:03:39.976+0000] {logging_mixin.py:190} INFO - [2025-06-20T22:03:39.976+0000] {dag.py:3239} INFO - Sync 1 DAGs
[2025-06-20T22:03:39.990+0000] {logging_mixin.py:190} INFO - [2025-06-20T22:03:39.990+0000] {dag.py:4180} INFO - Setting next_dagrun for tutorial_objectstorage to None, run_after=None
[2025-06-20T22:03:40.016+0000] {processor.py:208} INFO - Processing /home/airflow/.local/lib/python3.12/site-packages/airflow/example_dags/tutorial_objectstorage.py took 0.079 seconds
