[2025-06-20T21:26:52.739+0000] {processor.py:186} INFO - Started process (PID=137) to work on /home/airflow/.local/lib/python3.12/site-packages/airflow/example_dags/tutorial_taskflow_templates.py
[2025-06-20T21:26:52.740+0000] {processor.py:914} INFO - Processing file /home/airflow/.local/lib/python3.12/site-packages/airflow/example_dags/tutorial_taskflow_templates.py for tasks to queue
[2025-06-20T21:26:52.744+0000] {logging_mixin.py:190} INFO - [2025-06-20T21:26:52.744+0000] {dagbag.py:588} INFO - Filling up the DagBag from /home/airflow/.local/lib/python3.12/site-packages/airflow/example_dags/tutorial_taskflow_templates.py
[2025-06-20T21:26:52.768+0000] {processor.py:925} INFO - DAG(s) 'tutorial_taskflow_templates' retrieved from /home/airflow/.local/lib/python3.12/site-packages/airflow/example_dags/tutorial_taskflow_templates.py
[2025-06-20T21:26:52.972+0000] {logging_mixin.py:190} INFO - [2025-06-20T21:26:52.971+0000] {override.py:1911} INFO - Created Permission View: can delete on DAG:tutorial_taskflow_templates
[2025-06-20T21:26:53.036+0000] {logging_mixin.py:190} INFO - [2025-06-20T21:26:53.036+0000] {override.py:1911} INFO - Created Permission View: can read on DAG:tutorial_taskflow_templates
[2025-06-20T21:26:53.100+0000] {logging_mixin.py:190} INFO - [2025-06-20T21:26:53.100+0000] {override.py:1911} INFO - Created Permission View: can edit on DAG:tutorial_taskflow_templates
[2025-06-20T21:26:53.167+0000] {logging_mixin.py:190} INFO - [2025-06-20T21:26:53.166+0000] {override.py:1911} INFO - Created Permission View: can delete on DAG Run:tutorial_taskflow_templates
[2025-06-20T21:26:53.191+0000] {logging_mixin.py:190} INFO - [2025-06-20T21:26:53.191+0000] {override.py:1911} INFO - Created Permission View: can create on DAG Run:tutorial_taskflow_templates
[2025-06-20T21:26:53.236+0000] {logging_mixin.py:190} INFO - [2025-06-20T21:26:53.235+0000] {override.py:1911} INFO - Created Permission View: can read on DAG Run:tutorial_taskflow_templates
[2025-06-20T21:26:53.290+0000] {logging_mixin.py:190} INFO - [2025-06-20T21:26:53.290+0000] {override.py:1911} INFO - Created Permission View: menu access on DAG Run:tutorial_taskflow_templates
[2025-06-20T21:26:53.291+0000] {logging_mixin.py:190} INFO - [2025-06-20T21:26:53.291+0000] {dag.py:3239} INFO - Sync 1 DAGs
[2025-06-20T21:26:53.304+0000] {logging_mixin.py:190} INFO - [2025-06-20T21:26:53.304+0000] {dag.py:3262} INFO - Creating ORM DAG for tutorial_taskflow_templates
[2025-06-20T21:26:53.315+0000] {logging_mixin.py:190} INFO - [2025-06-20T21:26:53.314+0000] {dag.py:4180} INFO - Setting next_dagrun for tutorial_taskflow_templates to 2025-06-19 00:00:00+00:00, run_after=2025-06-20 00:00:00+00:00
[2025-06-20T21:26:53.363+0000] {processor.py:208} INFO - Processing /home/airflow/.local/lib/python3.12/site-packages/airflow/example_dags/tutorial_taskflow_templates.py took 0.629 seconds
[2025-06-20T21:27:24.071+0000] {processor.py:186} INFO - Started process (PID=200) to work on /home/airflow/.local/lib/python3.12/site-packages/airflow/example_dags/tutorial_taskflow_templates.py
[2025-06-20T21:27:24.072+0000] {processor.py:914} INFO - Processing file /home/airflow/.local/lib/python3.12/site-packages/airflow/example_dags/tutorial_taskflow_templates.py for tasks to queue
[2025-06-20T21:27:24.074+0000] {logging_mixin.py:190} INFO - [2025-06-20T21:27:24.074+0000] {dagbag.py:588} INFO - Filling up the DagBag from /home/airflow/.local/lib/python3.12/site-packages/airflow/example_dags/tutorial_taskflow_templates.py
[2025-06-20T21:27:24.088+0000] {processor.py:925} INFO - DAG(s) 'tutorial_taskflow_templates' retrieved from /home/airflow/.local/lib/python3.12/site-packages/airflow/example_dags/tutorial_taskflow_templates.py
[2025-06-20T21:27:24.107+0000] {logging_mixin.py:190} INFO - [2025-06-20T21:27:24.106+0000] {dag.py:3239} INFO - Sync 1 DAGs
[2025-06-20T21:27:24.129+0000] {logging_mixin.py:190} INFO - [2025-06-20T21:27:24.129+0000] {dag.py:4180} INFO - Setting next_dagrun for tutorial_taskflow_templates to 2025-06-19 00:00:00+00:00, run_after=2025-06-20 00:00:00+00:00
[2025-06-20T21:27:24.193+0000] {processor.py:208} INFO - Processing /home/airflow/.local/lib/python3.12/site-packages/airflow/example_dags/tutorial_taskflow_templates.py took 0.128 seconds
[2025-06-20T21:27:54.697+0000] {processor.py:186} INFO - Started process (PID=264) to work on /home/airflow/.local/lib/python3.12/site-packages/airflow/example_dags/tutorial_taskflow_templates.py
[2025-06-20T21:27:54.698+0000] {processor.py:914} INFO - Processing file /home/airflow/.local/lib/python3.12/site-packages/airflow/example_dags/tutorial_taskflow_templates.py for tasks to queue
[2025-06-20T21:27:54.701+0000] {logging_mixin.py:190} INFO - [2025-06-20T21:27:54.701+0000] {dagbag.py:588} INFO - Filling up the DagBag from /home/airflow/.local/lib/python3.12/site-packages/airflow/example_dags/tutorial_taskflow_templates.py
[2025-06-20T21:27:54.712+0000] {processor.py:925} INFO - DAG(s) 'tutorial_taskflow_templates' retrieved from /home/airflow/.local/lib/python3.12/site-packages/airflow/example_dags/tutorial_taskflow_templates.py
[2025-06-20T21:27:54.733+0000] {logging_mixin.py:190} INFO - [2025-06-20T21:27:54.733+0000] {dag.py:3239} INFO - Sync 1 DAGs
[2025-06-20T21:27:54.755+0000] {logging_mixin.py:190} INFO - [2025-06-20T21:27:54.755+0000] {dag.py:4180} INFO - Setting next_dagrun for tutorial_taskflow_templates to 2025-06-19 00:00:00+00:00, run_after=2025-06-20 00:00:00+00:00
[2025-06-20T21:27:54.787+0000] {processor.py:208} INFO - Processing /home/airflow/.local/lib/python3.12/site-packages/airflow/example_dags/tutorial_taskflow_templates.py took 0.095 seconds
[2025-06-20T21:28:25.158+0000] {processor.py:186} INFO - Started process (PID=329) to work on /home/airflow/.local/lib/python3.12/site-packages/airflow/example_dags/tutorial_taskflow_templates.py
[2025-06-20T21:28:25.159+0000] {processor.py:914} INFO - Processing file /home/airflow/.local/lib/python3.12/site-packages/airflow/example_dags/tutorial_taskflow_templates.py for tasks to queue
[2025-06-20T21:28:25.162+0000] {logging_mixin.py:190} INFO - [2025-06-20T21:28:25.162+0000] {dagbag.py:588} INFO - Filling up the DagBag from /home/airflow/.local/lib/python3.12/site-packages/airflow/example_dags/tutorial_taskflow_templates.py
[2025-06-20T21:28:25.175+0000] {processor.py:925} INFO - DAG(s) 'tutorial_taskflow_templates' retrieved from /home/airflow/.local/lib/python3.12/site-packages/airflow/example_dags/tutorial_taskflow_templates.py
[2025-06-20T21:28:25.197+0000] {logging_mixin.py:190} INFO - [2025-06-20T21:28:25.196+0000] {dag.py:3239} INFO - Sync 1 DAGs
[2025-06-20T21:28:25.221+0000] {logging_mixin.py:190} INFO - [2025-06-20T21:28:25.221+0000] {dag.py:4180} INFO - Setting next_dagrun for tutorial_taskflow_templates to 2025-06-19 00:00:00+00:00, run_after=2025-06-20 00:00:00+00:00
[2025-06-20T21:28:25.254+0000] {processor.py:208} INFO - Processing /home/airflow/.local/lib/python3.12/site-packages/airflow/example_dags/tutorial_taskflow_templates.py took 0.101 seconds
[2025-06-20T21:28:57.439+0000] {processor.py:186} INFO - Started process (PID=393) to work on /home/airflow/.local/lib/python3.12/site-packages/airflow/example_dags/tutorial_taskflow_templates.py
[2025-06-20T21:28:57.441+0000] {processor.py:914} INFO - Processing file /home/airflow/.local/lib/python3.12/site-packages/airflow/example_dags/tutorial_taskflow_templates.py for tasks to queue
[2025-06-20T21:28:57.444+0000] {logging_mixin.py:190} INFO - [2025-06-20T21:28:57.443+0000] {dagbag.py:588} INFO - Filling up the DagBag from /home/airflow/.local/lib/python3.12/site-packages/airflow/example_dags/tutorial_taskflow_templates.py
[2025-06-20T21:28:57.457+0000] {processor.py:925} INFO - DAG(s) 'tutorial_taskflow_templates' retrieved from /home/airflow/.local/lib/python3.12/site-packages/airflow/example_dags/tutorial_taskflow_templates.py
[2025-06-20T21:28:57.480+0000] {logging_mixin.py:190} INFO - [2025-06-20T21:28:57.479+0000] {dag.py:3239} INFO - Sync 1 DAGs
[2025-06-20T21:28:57.504+0000] {logging_mixin.py:190} INFO - [2025-06-20T21:28:57.504+0000] {dag.py:4180} INFO - Setting next_dagrun for tutorial_taskflow_templates to 2025-06-19 00:00:00+00:00, run_after=2025-06-20 00:00:00+00:00
[2025-06-20T21:28:57.592+0000] {processor.py:208} INFO - Processing /home/airflow/.local/lib/python3.12/site-packages/airflow/example_dags/tutorial_taskflow_templates.py took 0.159 seconds
[2025-06-20T21:29:29.379+0000] {processor.py:186} INFO - Started process (PID=459) to work on /home/airflow/.local/lib/python3.12/site-packages/airflow/example_dags/tutorial_taskflow_templates.py
[2025-06-20T21:29:29.380+0000] {processor.py:914} INFO - Processing file /home/airflow/.local/lib/python3.12/site-packages/airflow/example_dags/tutorial_taskflow_templates.py for tasks to queue
[2025-06-20T21:29:29.382+0000] {logging_mixin.py:190} INFO - [2025-06-20T21:29:29.382+0000] {dagbag.py:588} INFO - Filling up the DagBag from /home/airflow/.local/lib/python3.12/site-packages/airflow/example_dags/tutorial_taskflow_templates.py
[2025-06-20T21:29:29.394+0000] {processor.py:925} INFO - DAG(s) 'tutorial_taskflow_templates' retrieved from /home/airflow/.local/lib/python3.12/site-packages/airflow/example_dags/tutorial_taskflow_templates.py
[2025-06-20T21:29:29.414+0000] {logging_mixin.py:190} INFO - [2025-06-20T21:29:29.414+0000] {dag.py:3239} INFO - Sync 1 DAGs
[2025-06-20T21:29:29.439+0000] {logging_mixin.py:190} INFO - [2025-06-20T21:29:29.439+0000] {dag.py:4180} INFO - Setting next_dagrun for tutorial_taskflow_templates to 2025-06-19 00:00:00+00:00, run_after=2025-06-20 00:00:00+00:00
[2025-06-20T21:29:29.541+0000] {processor.py:208} INFO - Processing /home/airflow/.local/lib/python3.12/site-packages/airflow/example_dags/tutorial_taskflow_templates.py took 0.167 seconds
[2025-06-20T21:30:00.132+0000] {processor.py:186} INFO - Started process (PID=523) to work on /home/airflow/.local/lib/python3.12/site-packages/airflow/example_dags/tutorial_taskflow_templates.py
[2025-06-20T21:30:00.133+0000] {processor.py:914} INFO - Processing file /home/airflow/.local/lib/python3.12/site-packages/airflow/example_dags/tutorial_taskflow_templates.py for tasks to queue
[2025-06-20T21:30:00.136+0000] {logging_mixin.py:190} INFO - [2025-06-20T21:30:00.135+0000] {dagbag.py:588} INFO - Filling up the DagBag from /home/airflow/.local/lib/python3.12/site-packages/airflow/example_dags/tutorial_taskflow_templates.py
[2025-06-20T21:30:00.148+0000] {processor.py:925} INFO - DAG(s) 'tutorial_taskflow_templates' retrieved from /home/airflow/.local/lib/python3.12/site-packages/airflow/example_dags/tutorial_taskflow_templates.py
[2025-06-20T21:30:00.168+0000] {logging_mixin.py:190} INFO - [2025-06-20T21:30:00.168+0000] {dag.py:3239} INFO - Sync 1 DAGs
[2025-06-20T21:30:00.193+0000] {logging_mixin.py:190} INFO - [2025-06-20T21:30:00.193+0000] {dag.py:4180} INFO - Setting next_dagrun for tutorial_taskflow_templates to 2025-06-19 00:00:00+00:00, run_after=2025-06-20 00:00:00+00:00
[2025-06-20T21:30:00.227+0000] {processor.py:208} INFO - Processing /home/airflow/.local/lib/python3.12/site-packages/airflow/example_dags/tutorial_taskflow_templates.py took 0.101 seconds
[2025-06-20T21:30:31.975+0000] {processor.py:186} INFO - Started process (PID=591) to work on /home/airflow/.local/lib/python3.12/site-packages/airflow/example_dags/tutorial_taskflow_templates.py
[2025-06-20T21:30:31.976+0000] {processor.py:914} INFO - Processing file /home/airflow/.local/lib/python3.12/site-packages/airflow/example_dags/tutorial_taskflow_templates.py for tasks to queue
[2025-06-20T21:30:31.978+0000] {logging_mixin.py:190} INFO - [2025-06-20T21:30:31.978+0000] {dagbag.py:588} INFO - Filling up the DagBag from /home/airflow/.local/lib/python3.12/site-packages/airflow/example_dags/tutorial_taskflow_templates.py
[2025-06-20T21:30:31.989+0000] {processor.py:925} INFO - DAG(s) 'tutorial_taskflow_templates' retrieved from /home/airflow/.local/lib/python3.12/site-packages/airflow/example_dags/tutorial_taskflow_templates.py
[2025-06-20T21:30:32.008+0000] {logging_mixin.py:190} INFO - [2025-06-20T21:30:32.008+0000] {dag.py:3239} INFO - Sync 1 DAGs
[2025-06-20T21:30:32.032+0000] {logging_mixin.py:190} INFO - [2025-06-20T21:30:32.032+0000] {dag.py:4180} INFO - Setting next_dagrun for tutorial_taskflow_templates to 2025-06-19 00:00:00+00:00, run_after=2025-06-20 00:00:00+00:00
[2025-06-20T21:30:32.067+0000] {processor.py:208} INFO - Processing /home/airflow/.local/lib/python3.12/site-packages/airflow/example_dags/tutorial_taskflow_templates.py took 0.097 seconds
[2025-06-20T21:31:04.410+0000] {processor.py:186} INFO - Started process (PID=658) to work on /home/airflow/.local/lib/python3.12/site-packages/airflow/example_dags/tutorial_taskflow_templates.py
[2025-06-20T21:31:04.411+0000] {processor.py:914} INFO - Processing file /home/airflow/.local/lib/python3.12/site-packages/airflow/example_dags/tutorial_taskflow_templates.py for tasks to queue
[2025-06-20T21:31:04.413+0000] {logging_mixin.py:190} INFO - [2025-06-20T21:31:04.412+0000] {dagbag.py:588} INFO - Filling up the DagBag from /home/airflow/.local/lib/python3.12/site-packages/airflow/example_dags/tutorial_taskflow_templates.py
[2025-06-20T21:31:04.424+0000] {processor.py:925} INFO - DAG(s) 'tutorial_taskflow_templates' retrieved from /home/airflow/.local/lib/python3.12/site-packages/airflow/example_dags/tutorial_taskflow_templates.py
[2025-06-20T21:31:04.445+0000] {logging_mixin.py:190} INFO - [2025-06-20T21:31:04.445+0000] {dag.py:3239} INFO - Sync 1 DAGs
[2025-06-20T21:31:04.469+0000] {logging_mixin.py:190} INFO - [2025-06-20T21:31:04.469+0000] {dag.py:4180} INFO - Setting next_dagrun for tutorial_taskflow_templates to 2025-06-19 00:00:00+00:00, run_after=2025-06-20 00:00:00+00:00
[2025-06-20T21:31:04.498+0000] {processor.py:208} INFO - Processing /home/airflow/.local/lib/python3.12/site-packages/airflow/example_dags/tutorial_taskflow_templates.py took 0.093 seconds
[2025-06-20T21:31:35.656+0000] {processor.py:186} INFO - Started process (PID=722) to work on /home/airflow/.local/lib/python3.12/site-packages/airflow/example_dags/tutorial_taskflow_templates.py
[2025-06-20T21:31:35.657+0000] {processor.py:914} INFO - Processing file /home/airflow/.local/lib/python3.12/site-packages/airflow/example_dags/tutorial_taskflow_templates.py for tasks to queue
[2025-06-20T21:31:35.659+0000] {logging_mixin.py:190} INFO - [2025-06-20T21:31:35.659+0000] {dagbag.py:588} INFO - Filling up the DagBag from /home/airflow/.local/lib/python3.12/site-packages/airflow/example_dags/tutorial_taskflow_templates.py
[2025-06-20T21:31:35.671+0000] {processor.py:925} INFO - DAG(s) 'tutorial_taskflow_templates' retrieved from /home/airflow/.local/lib/python3.12/site-packages/airflow/example_dags/tutorial_taskflow_templates.py
[2025-06-20T21:31:35.693+0000] {logging_mixin.py:190} INFO - [2025-06-20T21:31:35.692+0000] {dag.py:3239} INFO - Sync 1 DAGs
[2025-06-20T21:31:35.716+0000] {logging_mixin.py:190} INFO - [2025-06-20T21:31:35.715+0000] {dag.py:4180} INFO - Setting next_dagrun for tutorial_taskflow_templates to 2025-06-19 00:00:00+00:00, run_after=2025-06-20 00:00:00+00:00
[2025-06-20T21:31:35.748+0000] {processor.py:208} INFO - Processing /home/airflow/.local/lib/python3.12/site-packages/airflow/example_dags/tutorial_taskflow_templates.py took 0.097 seconds
[2025-06-20T21:32:08.121+0000] {processor.py:186} INFO - Started process (PID=788) to work on /home/airflow/.local/lib/python3.12/site-packages/airflow/example_dags/tutorial_taskflow_templates.py
[2025-06-20T21:32:08.122+0000] {processor.py:914} INFO - Processing file /home/airflow/.local/lib/python3.12/site-packages/airflow/example_dags/tutorial_taskflow_templates.py for tasks to queue
[2025-06-20T21:32:08.126+0000] {logging_mixin.py:190} INFO - [2025-06-20T21:32:08.125+0000] {dagbag.py:588} INFO - Filling up the DagBag from /home/airflow/.local/lib/python3.12/site-packages/airflow/example_dags/tutorial_taskflow_templates.py
[2025-06-20T21:32:08.138+0000] {processor.py:925} INFO - DAG(s) 'tutorial_taskflow_templates' retrieved from /home/airflow/.local/lib/python3.12/site-packages/airflow/example_dags/tutorial_taskflow_templates.py
[2025-06-20T21:32:08.159+0000] {logging_mixin.py:190} INFO - [2025-06-20T21:32:08.159+0000] {dag.py:3239} INFO - Sync 1 DAGs
[2025-06-20T21:32:08.184+0000] {logging_mixin.py:190} INFO - [2025-06-20T21:32:08.184+0000] {dag.py:4180} INFO - Setting next_dagrun for tutorial_taskflow_templates to 2025-06-19 00:00:00+00:00, run_after=2025-06-20 00:00:00+00:00
[2025-06-20T21:32:08.289+0000] {processor.py:208} INFO - Processing /home/airflow/.local/lib/python3.12/site-packages/airflow/example_dags/tutorial_taskflow_templates.py took 0.173 seconds
[2025-06-20T21:32:38.748+0000] {processor.py:186} INFO - Started process (PID=852) to work on /home/airflow/.local/lib/python3.12/site-packages/airflow/example_dags/tutorial_taskflow_templates.py
[2025-06-20T21:32:38.749+0000] {processor.py:914} INFO - Processing file /home/airflow/.local/lib/python3.12/site-packages/airflow/example_dags/tutorial_taskflow_templates.py for tasks to queue
[2025-06-20T21:32:38.752+0000] {logging_mixin.py:190} INFO - [2025-06-20T21:32:38.751+0000] {dagbag.py:588} INFO - Filling up the DagBag from /home/airflow/.local/lib/python3.12/site-packages/airflow/example_dags/tutorial_taskflow_templates.py
[2025-06-20T21:32:38.764+0000] {processor.py:925} INFO - DAG(s) 'tutorial_taskflow_templates' retrieved from /home/airflow/.local/lib/python3.12/site-packages/airflow/example_dags/tutorial_taskflow_templates.py
[2025-06-20T21:32:38.783+0000] {logging_mixin.py:190} INFO - [2025-06-20T21:32:38.783+0000] {dag.py:3239} INFO - Sync 1 DAGs
[2025-06-20T21:32:38.807+0000] {logging_mixin.py:190} INFO - [2025-06-20T21:32:38.807+0000] {dag.py:4180} INFO - Setting next_dagrun for tutorial_taskflow_templates to 2025-06-19 00:00:00+00:00, run_after=2025-06-20 00:00:00+00:00
[2025-06-20T21:32:38.829+0000] {processor.py:208} INFO - Processing /home/airflow/.local/lib/python3.12/site-packages/airflow/example_dags/tutorial_taskflow_templates.py took 0.086 seconds
[2025-06-20T21:33:11.073+0000] {processor.py:186} INFO - Started process (PID=916) to work on /home/airflow/.local/lib/python3.12/site-packages/airflow/example_dags/tutorial_taskflow_templates.py
[2025-06-20T21:33:11.074+0000] {processor.py:914} INFO - Processing file /home/airflow/.local/lib/python3.12/site-packages/airflow/example_dags/tutorial_taskflow_templates.py for tasks to queue
[2025-06-20T21:33:11.077+0000] {logging_mixin.py:190} INFO - [2025-06-20T21:33:11.076+0000] {dagbag.py:588} INFO - Filling up the DagBag from /home/airflow/.local/lib/python3.12/site-packages/airflow/example_dags/tutorial_taskflow_templates.py
[2025-06-20T21:33:11.091+0000] {processor.py:925} INFO - DAG(s) 'tutorial_taskflow_templates' retrieved from /home/airflow/.local/lib/python3.12/site-packages/airflow/example_dags/tutorial_taskflow_templates.py
[2025-06-20T21:33:11.115+0000] {logging_mixin.py:190} INFO - [2025-06-20T21:33:11.114+0000] {dag.py:3239} INFO - Sync 1 DAGs
[2025-06-20T21:33:11.151+0000] {logging_mixin.py:190} INFO - [2025-06-20T21:33:11.151+0000] {dag.py:4180} INFO - Setting next_dagrun for tutorial_taskflow_templates to 2025-06-19 00:00:00+00:00, run_after=2025-06-20 00:00:00+00:00
[2025-06-20T21:33:11.181+0000] {processor.py:208} INFO - Processing /home/airflow/.local/lib/python3.12/site-packages/airflow/example_dags/tutorial_taskflow_templates.py took 0.114 seconds
[2025-06-20T21:33:42.153+0000] {processor.py:186} INFO - Started process (PID=980) to work on /home/airflow/.local/lib/python3.12/site-packages/airflow/example_dags/tutorial_taskflow_templates.py
[2025-06-20T21:33:42.154+0000] {processor.py:914} INFO - Processing file /home/airflow/.local/lib/python3.12/site-packages/airflow/example_dags/tutorial_taskflow_templates.py for tasks to queue
[2025-06-20T21:33:42.156+0000] {logging_mixin.py:190} INFO - [2025-06-20T21:33:42.156+0000] {dagbag.py:588} INFO - Filling up the DagBag from /home/airflow/.local/lib/python3.12/site-packages/airflow/example_dags/tutorial_taskflow_templates.py
[2025-06-20T21:33:42.170+0000] {processor.py:925} INFO - DAG(s) 'tutorial_taskflow_templates' retrieved from /home/airflow/.local/lib/python3.12/site-packages/airflow/example_dags/tutorial_taskflow_templates.py
[2025-06-20T21:33:42.190+0000] {logging_mixin.py:190} INFO - [2025-06-20T21:33:42.190+0000] {dag.py:3239} INFO - Sync 1 DAGs
[2025-06-20T21:33:42.214+0000] {logging_mixin.py:190} INFO - [2025-06-20T21:33:42.214+0000] {dag.py:4180} INFO - Setting next_dagrun for tutorial_taskflow_templates to 2025-06-19 00:00:00+00:00, run_after=2025-06-20 00:00:00+00:00
[2025-06-20T21:33:42.237+0000] {processor.py:208} INFO - Processing /home/airflow/.local/lib/python3.12/site-packages/airflow/example_dags/tutorial_taskflow_templates.py took 0.090 seconds
[2025-06-20T21:34:13.783+0000] {processor.py:186} INFO - Started process (PID=1044) to work on /home/airflow/.local/lib/python3.12/site-packages/airflow/example_dags/tutorial_taskflow_templates.py
[2025-06-20T21:34:13.784+0000] {processor.py:914} INFO - Processing file /home/airflow/.local/lib/python3.12/site-packages/airflow/example_dags/tutorial_taskflow_templates.py for tasks to queue
[2025-06-20T21:34:13.787+0000] {logging_mixin.py:190} INFO - [2025-06-20T21:34:13.786+0000] {dagbag.py:588} INFO - Filling up the DagBag from /home/airflow/.local/lib/python3.12/site-packages/airflow/example_dags/tutorial_taskflow_templates.py
[2025-06-20T21:34:13.799+0000] {processor.py:925} INFO - DAG(s) 'tutorial_taskflow_templates' retrieved from /home/airflow/.local/lib/python3.12/site-packages/airflow/example_dags/tutorial_taskflow_templates.py
[2025-06-20T21:34:13.819+0000] {logging_mixin.py:190} INFO - [2025-06-20T21:34:13.819+0000] {dag.py:3239} INFO - Sync 1 DAGs
[2025-06-20T21:34:13.841+0000] {logging_mixin.py:190} INFO - [2025-06-20T21:34:13.841+0000] {dag.py:4180} INFO - Setting next_dagrun for tutorial_taskflow_templates to 2025-06-19 00:00:00+00:00, run_after=2025-06-20 00:00:00+00:00
[2025-06-20T21:34:13.867+0000] {processor.py:208} INFO - Processing /home/airflow/.local/lib/python3.12/site-packages/airflow/example_dags/tutorial_taskflow_templates.py took 0.089 seconds
[2025-06-20T21:34:46.101+0000] {processor.py:186} INFO - Started process (PID=1108) to work on /home/airflow/.local/lib/python3.12/site-packages/airflow/example_dags/tutorial_taskflow_templates.py
[2025-06-20T21:34:46.102+0000] {processor.py:914} INFO - Processing file /home/airflow/.local/lib/python3.12/site-packages/airflow/example_dags/tutorial_taskflow_templates.py for tasks to queue
[2025-06-20T21:34:46.104+0000] {logging_mixin.py:190} INFO - [2025-06-20T21:34:46.104+0000] {dagbag.py:588} INFO - Filling up the DagBag from /home/airflow/.local/lib/python3.12/site-packages/airflow/example_dags/tutorial_taskflow_templates.py
[2025-06-20T21:34:46.117+0000] {processor.py:925} INFO - DAG(s) 'tutorial_taskflow_templates' retrieved from /home/airflow/.local/lib/python3.12/site-packages/airflow/example_dags/tutorial_taskflow_templates.py
[2025-06-20T21:34:46.139+0000] {logging_mixin.py:190} INFO - [2025-06-20T21:34:46.138+0000] {dag.py:3239} INFO - Sync 1 DAGs
[2025-06-20T21:34:46.163+0000] {logging_mixin.py:190} INFO - [2025-06-20T21:34:46.163+0000] {dag.py:4180} INFO - Setting next_dagrun for tutorial_taskflow_templates to 2025-06-19 00:00:00+00:00, run_after=2025-06-20 00:00:00+00:00
[2025-06-20T21:34:46.284+0000] {processor.py:208} INFO - Processing /home/airflow/.local/lib/python3.12/site-packages/airflow/example_dags/tutorial_taskflow_templates.py took 0.189 seconds
[2025-06-20T21:35:17.206+0000] {processor.py:186} INFO - Started process (PID=1172) to work on /home/airflow/.local/lib/python3.12/site-packages/airflow/example_dags/tutorial_taskflow_templates.py
[2025-06-20T21:35:17.207+0000] {processor.py:914} INFO - Processing file /home/airflow/.local/lib/python3.12/site-packages/airflow/example_dags/tutorial_taskflow_templates.py for tasks to queue
[2025-06-20T21:35:17.209+0000] {logging_mixin.py:190} INFO - [2025-06-20T21:35:17.209+0000] {dagbag.py:588} INFO - Filling up the DagBag from /home/airflow/.local/lib/python3.12/site-packages/airflow/example_dags/tutorial_taskflow_templates.py
[2025-06-20T21:35:17.221+0000] {processor.py:925} INFO - DAG(s) 'tutorial_taskflow_templates' retrieved from /home/airflow/.local/lib/python3.12/site-packages/airflow/example_dags/tutorial_taskflow_templates.py
[2025-06-20T21:35:17.241+0000] {logging_mixin.py:190} INFO - [2025-06-20T21:35:17.241+0000] {dag.py:3239} INFO - Sync 1 DAGs
[2025-06-20T21:35:17.264+0000] {logging_mixin.py:190} INFO - [2025-06-20T21:35:17.264+0000] {dag.py:4180} INFO - Setting next_dagrun for tutorial_taskflow_templates to 2025-06-19 00:00:00+00:00, run_after=2025-06-20 00:00:00+00:00
[2025-06-20T21:35:17.305+0000] {processor.py:208} INFO - Processing /home/airflow/.local/lib/python3.12/site-packages/airflow/example_dags/tutorial_taskflow_templates.py took 0.104 seconds
[2025-06-20T21:35:49.058+0000] {processor.py:186} INFO - Started process (PID=1236) to work on /home/airflow/.local/lib/python3.12/site-packages/airflow/example_dags/tutorial_taskflow_templates.py
[2025-06-20T21:35:49.059+0000] {processor.py:914} INFO - Processing file /home/airflow/.local/lib/python3.12/site-packages/airflow/example_dags/tutorial_taskflow_templates.py for tasks to queue
[2025-06-20T21:35:49.061+0000] {logging_mixin.py:190} INFO - [2025-06-20T21:35:49.061+0000] {dagbag.py:588} INFO - Filling up the DagBag from /home/airflow/.local/lib/python3.12/site-packages/airflow/example_dags/tutorial_taskflow_templates.py
[2025-06-20T21:35:49.073+0000] {processor.py:925} INFO - DAG(s) 'tutorial_taskflow_templates' retrieved from /home/airflow/.local/lib/python3.12/site-packages/airflow/example_dags/tutorial_taskflow_templates.py
[2025-06-20T21:35:49.093+0000] {logging_mixin.py:190} INFO - [2025-06-20T21:35:49.092+0000] {dag.py:3239} INFO - Sync 1 DAGs
[2025-06-20T21:35:49.115+0000] {logging_mixin.py:190} INFO - [2025-06-20T21:35:49.115+0000] {dag.py:4180} INFO - Setting next_dagrun for tutorial_taskflow_templates to 2025-06-19 00:00:00+00:00, run_after=2025-06-20 00:00:00+00:00
[2025-06-20T21:35:49.148+0000] {processor.py:208} INFO - Processing /home/airflow/.local/lib/python3.12/site-packages/airflow/example_dags/tutorial_taskflow_templates.py took 0.095 seconds
[2025-06-20T21:36:21.072+0000] {processor.py:186} INFO - Started process (PID=1300) to work on /home/airflow/.local/lib/python3.12/site-packages/airflow/example_dags/tutorial_taskflow_templates.py
[2025-06-20T21:36:21.073+0000] {processor.py:914} INFO - Processing file /home/airflow/.local/lib/python3.12/site-packages/airflow/example_dags/tutorial_taskflow_templates.py for tasks to queue
[2025-06-20T21:36:21.076+0000] {logging_mixin.py:190} INFO - [2025-06-20T21:36:21.075+0000] {dagbag.py:588} INFO - Filling up the DagBag from /home/airflow/.local/lib/python3.12/site-packages/airflow/example_dags/tutorial_taskflow_templates.py
[2025-06-20T21:36:21.091+0000] {processor.py:925} INFO - DAG(s) 'tutorial_taskflow_templates' retrieved from /home/airflow/.local/lib/python3.12/site-packages/airflow/example_dags/tutorial_taskflow_templates.py
[2025-06-20T21:36:21.119+0000] {logging_mixin.py:190} INFO - [2025-06-20T21:36:21.118+0000] {dag.py:3239} INFO - Sync 1 DAGs
[2025-06-20T21:36:21.147+0000] {logging_mixin.py:190} INFO - [2025-06-20T21:36:21.147+0000] {dag.py:4180} INFO - Setting next_dagrun for tutorial_taskflow_templates to 2025-06-19 00:00:00+00:00, run_after=2025-06-20 00:00:00+00:00
[2025-06-20T21:36:21.180+0000] {processor.py:208} INFO - Processing /home/airflow/.local/lib/python3.12/site-packages/airflow/example_dags/tutorial_taskflow_templates.py took 0.115 seconds
[2025-06-20T21:36:51.894+0000] {processor.py:186} INFO - Started process (PID=1364) to work on /home/airflow/.local/lib/python3.12/site-packages/airflow/example_dags/tutorial_taskflow_templates.py
[2025-06-20T21:36:51.896+0000] {processor.py:914} INFO - Processing file /home/airflow/.local/lib/python3.12/site-packages/airflow/example_dags/tutorial_taskflow_templates.py for tasks to queue
[2025-06-20T21:36:51.898+0000] {logging_mixin.py:190} INFO - [2025-06-20T21:36:51.898+0000] {dagbag.py:588} INFO - Filling up the DagBag from /home/airflow/.local/lib/python3.12/site-packages/airflow/example_dags/tutorial_taskflow_templates.py
[2025-06-20T21:36:51.910+0000] {processor.py:925} INFO - DAG(s) 'tutorial_taskflow_templates' retrieved from /home/airflow/.local/lib/python3.12/site-packages/airflow/example_dags/tutorial_taskflow_templates.py
[2025-06-20T21:36:51.932+0000] {logging_mixin.py:190} INFO - [2025-06-20T21:36:51.932+0000] {dag.py:3239} INFO - Sync 1 DAGs
[2025-06-20T21:36:51.956+0000] {logging_mixin.py:190} INFO - [2025-06-20T21:36:51.956+0000] {dag.py:4180} INFO - Setting next_dagrun for tutorial_taskflow_templates to 2025-06-19 00:00:00+00:00, run_after=2025-06-20 00:00:00+00:00
[2025-06-20T21:36:51.993+0000] {processor.py:208} INFO - Processing /home/airflow/.local/lib/python3.12/site-packages/airflow/example_dags/tutorial_taskflow_templates.py took 0.104 seconds
[2025-06-20T21:37:23.059+0000] {processor.py:186} INFO - Started process (PID=1428) to work on /home/airflow/.local/lib/python3.12/site-packages/airflow/example_dags/tutorial_taskflow_templates.py
[2025-06-20T21:37:23.060+0000] {processor.py:914} INFO - Processing file /home/airflow/.local/lib/python3.12/site-packages/airflow/example_dags/tutorial_taskflow_templates.py for tasks to queue
[2025-06-20T21:37:23.063+0000] {logging_mixin.py:190} INFO - [2025-06-20T21:37:23.063+0000] {dagbag.py:588} INFO - Filling up the DagBag from /home/airflow/.local/lib/python3.12/site-packages/airflow/example_dags/tutorial_taskflow_templates.py
[2025-06-20T21:37:23.080+0000] {processor.py:925} INFO - DAG(s) 'tutorial_taskflow_templates' retrieved from /home/airflow/.local/lib/python3.12/site-packages/airflow/example_dags/tutorial_taskflow_templates.py
[2025-06-20T21:37:23.101+0000] {logging_mixin.py:190} INFO - [2025-06-20T21:37:23.101+0000] {dag.py:3239} INFO - Sync 1 DAGs
[2025-06-20T21:37:23.125+0000] {logging_mixin.py:190} INFO - [2025-06-20T21:37:23.125+0000] {dag.py:4180} INFO - Setting next_dagrun for tutorial_taskflow_templates to 2025-06-19 00:00:00+00:00, run_after=2025-06-20 00:00:00+00:00
[2025-06-20T21:37:23.152+0000] {processor.py:208} INFO - Processing /home/airflow/.local/lib/python3.12/site-packages/airflow/example_dags/tutorial_taskflow_templates.py took 0.102 seconds
[2025-06-20T21:37:55.298+0000] {processor.py:186} INFO - Started process (PID=1493) to work on /home/airflow/.local/lib/python3.12/site-packages/airflow/example_dags/tutorial_taskflow_templates.py
[2025-06-20T21:37:55.299+0000] {processor.py:914} INFO - Processing file /home/airflow/.local/lib/python3.12/site-packages/airflow/example_dags/tutorial_taskflow_templates.py for tasks to queue
[2025-06-20T21:37:55.302+0000] {logging_mixin.py:190} INFO - [2025-06-20T21:37:55.302+0000] {dagbag.py:588} INFO - Filling up the DagBag from /home/airflow/.local/lib/python3.12/site-packages/airflow/example_dags/tutorial_taskflow_templates.py
[2025-06-20T21:37:55.315+0000] {processor.py:925} INFO - DAG(s) 'tutorial_taskflow_templates' retrieved from /home/airflow/.local/lib/python3.12/site-packages/airflow/example_dags/tutorial_taskflow_templates.py
[2025-06-20T21:37:55.337+0000] {logging_mixin.py:190} INFO - [2025-06-20T21:37:55.337+0000] {dag.py:3239} INFO - Sync 1 DAGs
[2025-06-20T21:37:55.367+0000] {logging_mixin.py:190} INFO - [2025-06-20T21:37:55.367+0000] {dag.py:4180} INFO - Setting next_dagrun for tutorial_taskflow_templates to 2025-06-19 00:00:00+00:00, run_after=2025-06-20 00:00:00+00:00
[2025-06-20T21:37:55.393+0000] {processor.py:208} INFO - Processing /home/airflow/.local/lib/python3.12/site-packages/airflow/example_dags/tutorial_taskflow_templates.py took 0.100 seconds
[2025-06-20T21:38:27.212+0000] {processor.py:186} INFO - Started process (PID=1557) to work on /home/airflow/.local/lib/python3.12/site-packages/airflow/example_dags/tutorial_taskflow_templates.py
[2025-06-20T21:38:27.214+0000] {processor.py:914} INFO - Processing file /home/airflow/.local/lib/python3.12/site-packages/airflow/example_dags/tutorial_taskflow_templates.py for tasks to queue
[2025-06-20T21:38:27.219+0000] {logging_mixin.py:190} INFO - [2025-06-20T21:38:27.218+0000] {dagbag.py:588} INFO - Filling up the DagBag from /home/airflow/.local/lib/python3.12/site-packages/airflow/example_dags/tutorial_taskflow_templates.py
[2025-06-20T21:38:27.250+0000] {processor.py:925} INFO - DAG(s) 'tutorial_taskflow_templates' retrieved from /home/airflow/.local/lib/python3.12/site-packages/airflow/example_dags/tutorial_taskflow_templates.py
[2025-06-20T21:38:27.290+0000] {logging_mixin.py:190} INFO - [2025-06-20T21:38:27.290+0000] {dag.py:3239} INFO - Sync 1 DAGs
[2025-06-20T21:38:27.339+0000] {logging_mixin.py:190} INFO - [2025-06-20T21:38:27.338+0000] {dag.py:4180} INFO - Setting next_dagrun for tutorial_taskflow_templates to 2025-06-19 00:00:00+00:00, run_after=2025-06-20 00:00:00+00:00
[2025-06-20T21:38:27.388+0000] {processor.py:208} INFO - Processing /home/airflow/.local/lib/python3.12/site-packages/airflow/example_dags/tutorial_taskflow_templates.py took 0.183 seconds
[2025-06-20T21:38:59.224+0000] {processor.py:186} INFO - Started process (PID=1627) to work on /home/airflow/.local/lib/python3.12/site-packages/airflow/example_dags/tutorial_taskflow_templates.py
[2025-06-20T21:38:59.226+0000] {processor.py:914} INFO - Processing file /home/airflow/.local/lib/python3.12/site-packages/airflow/example_dags/tutorial_taskflow_templates.py for tasks to queue
[2025-06-20T21:38:59.229+0000] {logging_mixin.py:190} INFO - [2025-06-20T21:38:59.228+0000] {dagbag.py:588} INFO - Filling up the DagBag from /home/airflow/.local/lib/python3.12/site-packages/airflow/example_dags/tutorial_taskflow_templates.py
[2025-06-20T21:38:59.240+0000] {processor.py:925} INFO - DAG(s) 'tutorial_taskflow_templates' retrieved from /home/airflow/.local/lib/python3.12/site-packages/airflow/example_dags/tutorial_taskflow_templates.py
[2025-06-20T21:38:59.261+0000] {logging_mixin.py:190} INFO - [2025-06-20T21:38:59.261+0000] {dag.py:3239} INFO - Sync 1 DAGs
[2025-06-20T21:38:59.286+0000] {logging_mixin.py:190} INFO - [2025-06-20T21:38:59.286+0000] {dag.py:4180} INFO - Setting next_dagrun for tutorial_taskflow_templates to 2025-06-19 00:00:00+00:00, run_after=2025-06-20 00:00:00+00:00
[2025-06-20T21:38:59.317+0000] {processor.py:208} INFO - Processing /home/airflow/.local/lib/python3.12/site-packages/airflow/example_dags/tutorial_taskflow_templates.py took 0.098 seconds
[2025-06-20T21:39:30.920+0000] {processor.py:186} INFO - Started process (PID=1693) to work on /home/airflow/.local/lib/python3.12/site-packages/airflow/example_dags/tutorial_taskflow_templates.py
[2025-06-20T21:39:30.921+0000] {processor.py:914} INFO - Processing file /home/airflow/.local/lib/python3.12/site-packages/airflow/example_dags/tutorial_taskflow_templates.py for tasks to queue
[2025-06-20T21:39:30.923+0000] {logging_mixin.py:190} INFO - [2025-06-20T21:39:30.923+0000] {dagbag.py:588} INFO - Filling up the DagBag from /home/airflow/.local/lib/python3.12/site-packages/airflow/example_dags/tutorial_taskflow_templates.py
[2025-06-20T21:39:30.935+0000] {processor.py:925} INFO - DAG(s) 'tutorial_taskflow_templates' retrieved from /home/airflow/.local/lib/python3.12/site-packages/airflow/example_dags/tutorial_taskflow_templates.py
[2025-06-20T21:39:30.954+0000] {logging_mixin.py:190} INFO - [2025-06-20T21:39:30.953+0000] {dag.py:3239} INFO - Sync 1 DAGs
[2025-06-20T21:39:30.979+0000] {logging_mixin.py:190} INFO - [2025-06-20T21:39:30.978+0000] {dag.py:4180} INFO - Setting next_dagrun for tutorial_taskflow_templates to 2025-06-19 00:00:00+00:00, run_after=2025-06-20 00:00:00+00:00
[2025-06-20T21:39:31.013+0000] {processor.py:208} INFO - Processing /home/airflow/.local/lib/python3.12/site-packages/airflow/example_dags/tutorial_taskflow_templates.py took 0.098 seconds
[2025-06-20T21:40:03.921+0000] {processor.py:186} INFO - Started process (PID=1765) to work on /home/airflow/.local/lib/python3.12/site-packages/airflow/example_dags/tutorial_taskflow_templates.py
[2025-06-20T21:40:03.922+0000] {processor.py:914} INFO - Processing file /home/airflow/.local/lib/python3.12/site-packages/airflow/example_dags/tutorial_taskflow_templates.py for tasks to queue
[2025-06-20T21:40:03.924+0000] {logging_mixin.py:190} INFO - [2025-06-20T21:40:03.924+0000] {dagbag.py:588} INFO - Filling up the DagBag from /home/airflow/.local/lib/python3.12/site-packages/airflow/example_dags/tutorial_taskflow_templates.py
[2025-06-20T21:40:03.936+0000] {processor.py:925} INFO - DAG(s) 'tutorial_taskflow_templates' retrieved from /home/airflow/.local/lib/python3.12/site-packages/airflow/example_dags/tutorial_taskflow_templates.py
[2025-06-20T21:40:03.956+0000] {logging_mixin.py:190} INFO - [2025-06-20T21:40:03.956+0000] {dag.py:3239} INFO - Sync 1 DAGs
[2025-06-20T21:40:03.978+0000] {logging_mixin.py:190} INFO - [2025-06-20T21:40:03.978+0000] {dag.py:4180} INFO - Setting next_dagrun for tutorial_taskflow_templates to 2025-06-19 00:00:00+00:00, run_after=2025-06-20 00:00:00+00:00
[2025-06-20T21:40:04.003+0000] {processor.py:208} INFO - Processing /home/airflow/.local/lib/python3.12/site-packages/airflow/example_dags/tutorial_taskflow_templates.py took 0.087 seconds
[2025-06-20T21:40:35.120+0000] {processor.py:186} INFO - Started process (PID=1834) to work on /home/airflow/.local/lib/python3.12/site-packages/airflow/example_dags/tutorial_taskflow_templates.py
[2025-06-20T21:40:35.121+0000] {processor.py:914} INFO - Processing file /home/airflow/.local/lib/python3.12/site-packages/airflow/example_dags/tutorial_taskflow_templates.py for tasks to queue
[2025-06-20T21:40:35.124+0000] {logging_mixin.py:190} INFO - [2025-06-20T21:40:35.123+0000] {dagbag.py:588} INFO - Filling up the DagBag from /home/airflow/.local/lib/python3.12/site-packages/airflow/example_dags/tutorial_taskflow_templates.py
[2025-06-20T21:40:35.135+0000] {processor.py:925} INFO - DAG(s) 'tutorial_taskflow_templates' retrieved from /home/airflow/.local/lib/python3.12/site-packages/airflow/example_dags/tutorial_taskflow_templates.py
[2025-06-20T21:40:35.153+0000] {logging_mixin.py:190} INFO - [2025-06-20T21:40:35.152+0000] {dag.py:3239} INFO - Sync 1 DAGs
[2025-06-20T21:40:35.175+0000] {logging_mixin.py:190} INFO - [2025-06-20T21:40:35.174+0000] {dag.py:4180} INFO - Setting next_dagrun for tutorial_taskflow_templates to 2025-06-19 00:00:00+00:00, run_after=2025-06-20 00:00:00+00:00
[2025-06-20T21:40:35.198+0000] {processor.py:208} INFO - Processing /home/airflow/.local/lib/python3.12/site-packages/airflow/example_dags/tutorial_taskflow_templates.py took 0.082 seconds
[2025-06-20T21:41:05.699+0000] {processor.py:186} INFO - Started process (PID=1898) to work on /home/airflow/.local/lib/python3.12/site-packages/airflow/example_dags/tutorial_taskflow_templates.py
[2025-06-20T21:41:05.700+0000] {processor.py:914} INFO - Processing file /home/airflow/.local/lib/python3.12/site-packages/airflow/example_dags/tutorial_taskflow_templates.py for tasks to queue
[2025-06-20T21:41:05.702+0000] {logging_mixin.py:190} INFO - [2025-06-20T21:41:05.702+0000] {dagbag.py:588} INFO - Filling up the DagBag from /home/airflow/.local/lib/python3.12/site-packages/airflow/example_dags/tutorial_taskflow_templates.py
[2025-06-20T21:41:05.715+0000] {processor.py:925} INFO - DAG(s) 'tutorial_taskflow_templates' retrieved from /home/airflow/.local/lib/python3.12/site-packages/airflow/example_dags/tutorial_taskflow_templates.py
[2025-06-20T21:41:05.738+0000] {logging_mixin.py:190} INFO - [2025-06-20T21:41:05.737+0000] {dag.py:3239} INFO - Sync 1 DAGs
[2025-06-20T21:41:05.767+0000] {logging_mixin.py:190} INFO - [2025-06-20T21:41:05.767+0000] {dag.py:4180} INFO - Setting next_dagrun for tutorial_taskflow_templates to 2025-06-19 00:00:00+00:00, run_after=2025-06-20 00:00:00+00:00
[2025-06-20T21:41:05.801+0000] {processor.py:208} INFO - Processing /home/airflow/.local/lib/python3.12/site-packages/airflow/example_dags/tutorial_taskflow_templates.py took 0.108 seconds
[2025-06-20T21:41:37.146+0000] {processor.py:186} INFO - Started process (PID=1969) to work on /home/airflow/.local/lib/python3.12/site-packages/airflow/example_dags/tutorial_taskflow_templates.py
[2025-06-20T21:41:37.147+0000] {processor.py:914} INFO - Processing file /home/airflow/.local/lib/python3.12/site-packages/airflow/example_dags/tutorial_taskflow_templates.py for tasks to queue
[2025-06-20T21:41:37.151+0000] {logging_mixin.py:190} INFO - [2025-06-20T21:41:37.150+0000] {dagbag.py:588} INFO - Filling up the DagBag from /home/airflow/.local/lib/python3.12/site-packages/airflow/example_dags/tutorial_taskflow_templates.py
[2025-06-20T21:41:37.163+0000] {processor.py:925} INFO - DAG(s) 'tutorial_taskflow_templates' retrieved from /home/airflow/.local/lib/python3.12/site-packages/airflow/example_dags/tutorial_taskflow_templates.py
[2025-06-20T21:41:37.190+0000] {logging_mixin.py:190} INFO - [2025-06-20T21:41:37.190+0000] {dag.py:3239} INFO - Sync 1 DAGs
[2025-06-20T21:41:37.215+0000] {logging_mixin.py:190} INFO - [2025-06-20T21:41:37.215+0000] {dag.py:4180} INFO - Setting next_dagrun for tutorial_taskflow_templates to 2025-06-19 00:00:00+00:00, run_after=2025-06-20 00:00:00+00:00
[2025-06-20T21:41:37.246+0000] {processor.py:208} INFO - Processing /home/airflow/.local/lib/python3.12/site-packages/airflow/example_dags/tutorial_taskflow_templates.py took 0.105 seconds
[2025-06-20T21:42:09.873+0000] {processor.py:186} INFO - Started process (PID=2039) to work on /home/airflow/.local/lib/python3.12/site-packages/airflow/example_dags/tutorial_taskflow_templates.py
[2025-06-20T21:42:09.874+0000] {processor.py:914} INFO - Processing file /home/airflow/.local/lib/python3.12/site-packages/airflow/example_dags/tutorial_taskflow_templates.py for tasks to queue
[2025-06-20T21:42:09.876+0000] {logging_mixin.py:190} INFO - [2025-06-20T21:42:09.876+0000] {dagbag.py:588} INFO - Filling up the DagBag from /home/airflow/.local/lib/python3.12/site-packages/airflow/example_dags/tutorial_taskflow_templates.py
[2025-06-20T21:42:09.888+0000] {processor.py:925} INFO - DAG(s) 'tutorial_taskflow_templates' retrieved from /home/airflow/.local/lib/python3.12/site-packages/airflow/example_dags/tutorial_taskflow_templates.py
[2025-06-20T21:42:09.908+0000] {logging_mixin.py:190} INFO - [2025-06-20T21:42:09.908+0000] {dag.py:3239} INFO - Sync 1 DAGs
[2025-06-20T21:42:09.931+0000] {logging_mixin.py:190} INFO - [2025-06-20T21:42:09.931+0000] {dag.py:4180} INFO - Setting next_dagrun for tutorial_taskflow_templates to 2025-06-19 00:00:00+00:00, run_after=2025-06-20 00:00:00+00:00
[2025-06-20T21:42:09.959+0000] {processor.py:208} INFO - Processing /home/airflow/.local/lib/python3.12/site-packages/airflow/example_dags/tutorial_taskflow_templates.py took 0.091 seconds
[2025-06-20T21:42:40.931+0000] {processor.py:186} INFO - Started process (PID=2103) to work on /home/airflow/.local/lib/python3.12/site-packages/airflow/example_dags/tutorial_taskflow_templates.py
[2025-06-20T21:42:40.932+0000] {processor.py:914} INFO - Processing file /home/airflow/.local/lib/python3.12/site-packages/airflow/example_dags/tutorial_taskflow_templates.py for tasks to queue
[2025-06-20T21:42:40.935+0000] {logging_mixin.py:190} INFO - [2025-06-20T21:42:40.934+0000] {dagbag.py:588} INFO - Filling up the DagBag from /home/airflow/.local/lib/python3.12/site-packages/airflow/example_dags/tutorial_taskflow_templates.py
[2025-06-20T21:42:40.947+0000] {processor.py:925} INFO - DAG(s) 'tutorial_taskflow_templates' retrieved from /home/airflow/.local/lib/python3.12/site-packages/airflow/example_dags/tutorial_taskflow_templates.py
[2025-06-20T21:42:40.969+0000] {logging_mixin.py:190} INFO - [2025-06-20T21:42:40.969+0000] {dag.py:3239} INFO - Sync 1 DAGs
[2025-06-20T21:42:40.993+0000] {logging_mixin.py:190} INFO - [2025-06-20T21:42:40.993+0000] {dag.py:4180} INFO - Setting next_dagrun for tutorial_taskflow_templates to 2025-06-19 00:00:00+00:00, run_after=2025-06-20 00:00:00+00:00
[2025-06-20T21:42:41.021+0000] {processor.py:208} INFO - Processing /home/airflow/.local/lib/python3.12/site-packages/airflow/example_dags/tutorial_taskflow_templates.py took 0.095 seconds
[2025-06-20T21:43:13.015+0000] {processor.py:186} INFO - Started process (PID=2167) to work on /home/airflow/.local/lib/python3.12/site-packages/airflow/example_dags/tutorial_taskflow_templates.py
[2025-06-20T21:43:13.017+0000] {processor.py:914} INFO - Processing file /home/airflow/.local/lib/python3.12/site-packages/airflow/example_dags/tutorial_taskflow_templates.py for tasks to queue
[2025-06-20T21:43:13.020+0000] {logging_mixin.py:190} INFO - [2025-06-20T21:43:13.020+0000] {dagbag.py:588} INFO - Filling up the DagBag from /home/airflow/.local/lib/python3.12/site-packages/airflow/example_dags/tutorial_taskflow_templates.py
[2025-06-20T21:43:13.033+0000] {processor.py:925} INFO - DAG(s) 'tutorial_taskflow_templates' retrieved from /home/airflow/.local/lib/python3.12/site-packages/airflow/example_dags/tutorial_taskflow_templates.py
[2025-06-20T21:43:13.055+0000] {logging_mixin.py:190} INFO - [2025-06-20T21:43:13.055+0000] {dag.py:3239} INFO - Sync 1 DAGs
[2025-06-20T21:43:13.080+0000] {logging_mixin.py:190} INFO - [2025-06-20T21:43:13.080+0000] {dag.py:4180} INFO - Setting next_dagrun for tutorial_taskflow_templates to 2025-06-19 00:00:00+00:00, run_after=2025-06-20 00:00:00+00:00
[2025-06-20T21:43:13.122+0000] {processor.py:208} INFO - Processing /home/airflow/.local/lib/python3.12/site-packages/airflow/example_dags/tutorial_taskflow_templates.py took 0.113 seconds
[2025-06-20T21:43:44.414+0000] {processor.py:186} INFO - Started process (PID=2233) to work on /home/airflow/.local/lib/python3.12/site-packages/airflow/example_dags/tutorial_taskflow_templates.py
[2025-06-20T21:43:44.415+0000] {processor.py:914} INFO - Processing file /home/airflow/.local/lib/python3.12/site-packages/airflow/example_dags/tutorial_taskflow_templates.py for tasks to queue
[2025-06-20T21:43:44.417+0000] {logging_mixin.py:190} INFO - [2025-06-20T21:43:44.417+0000] {dagbag.py:588} INFO - Filling up the DagBag from /home/airflow/.local/lib/python3.12/site-packages/airflow/example_dags/tutorial_taskflow_templates.py
[2025-06-20T21:43:44.428+0000] {processor.py:925} INFO - DAG(s) 'tutorial_taskflow_templates' retrieved from /home/airflow/.local/lib/python3.12/site-packages/airflow/example_dags/tutorial_taskflow_templates.py
[2025-06-20T21:43:44.447+0000] {logging_mixin.py:190} INFO - [2025-06-20T21:43:44.447+0000] {dag.py:3239} INFO - Sync 1 DAGs
[2025-06-20T21:43:44.471+0000] {logging_mixin.py:190} INFO - [2025-06-20T21:43:44.471+0000] {dag.py:4180} INFO - Setting next_dagrun for tutorial_taskflow_templates to 2025-06-19 00:00:00+00:00, run_after=2025-06-20 00:00:00+00:00
[2025-06-20T21:43:44.503+0000] {processor.py:208} INFO - Processing /home/airflow/.local/lib/python3.12/site-packages/airflow/example_dags/tutorial_taskflow_templates.py took 0.094 seconds
[2025-06-20T21:44:15.769+0000] {processor.py:186} INFO - Started process (PID=2303) to work on /home/airflow/.local/lib/python3.12/site-packages/airflow/example_dags/tutorial_taskflow_templates.py
[2025-06-20T21:44:15.770+0000] {processor.py:914} INFO - Processing file /home/airflow/.local/lib/python3.12/site-packages/airflow/example_dags/tutorial_taskflow_templates.py for tasks to queue
[2025-06-20T21:44:15.774+0000] {logging_mixin.py:190} INFO - [2025-06-20T21:44:15.774+0000] {dagbag.py:588} INFO - Filling up the DagBag from /home/airflow/.local/lib/python3.12/site-packages/airflow/example_dags/tutorial_taskflow_templates.py
[2025-06-20T21:44:15.787+0000] {processor.py:925} INFO - DAG(s) 'tutorial_taskflow_templates' retrieved from /home/airflow/.local/lib/python3.12/site-packages/airflow/example_dags/tutorial_taskflow_templates.py
[2025-06-20T21:44:15.806+0000] {logging_mixin.py:190} INFO - [2025-06-20T21:44:15.806+0000] {dag.py:3239} INFO - Sync 1 DAGs
[2025-06-20T21:44:15.829+0000] {logging_mixin.py:190} INFO - [2025-06-20T21:44:15.829+0000] {dag.py:4180} INFO - Setting next_dagrun for tutorial_taskflow_templates to 2025-06-19 00:00:00+00:00, run_after=2025-06-20 00:00:00+00:00
[2025-06-20T21:44:15.910+0000] {processor.py:208} INFO - Processing /home/airflow/.local/lib/python3.12/site-packages/airflow/example_dags/tutorial_taskflow_templates.py took 0.148 seconds
[2025-06-20T21:44:47.155+0000] {processor.py:186} INFO - Started process (PID=2367) to work on /home/airflow/.local/lib/python3.12/site-packages/airflow/example_dags/tutorial_taskflow_templates.py
[2025-06-20T21:44:47.156+0000] {processor.py:914} INFO - Processing file /home/airflow/.local/lib/python3.12/site-packages/airflow/example_dags/tutorial_taskflow_templates.py for tasks to queue
[2025-06-20T21:44:47.159+0000] {logging_mixin.py:190} INFO - [2025-06-20T21:44:47.159+0000] {dagbag.py:588} INFO - Filling up the DagBag from /home/airflow/.local/lib/python3.12/site-packages/airflow/example_dags/tutorial_taskflow_templates.py
[2025-06-20T21:44:47.172+0000] {processor.py:925} INFO - DAG(s) 'tutorial_taskflow_templates' retrieved from /home/airflow/.local/lib/python3.12/site-packages/airflow/example_dags/tutorial_taskflow_templates.py
[2025-06-20T21:44:47.192+0000] {logging_mixin.py:190} INFO - [2025-06-20T21:44:47.191+0000] {dag.py:3239} INFO - Sync 1 DAGs
[2025-06-20T21:44:47.216+0000] {logging_mixin.py:190} INFO - [2025-06-20T21:44:47.215+0000] {dag.py:4180} INFO - Setting next_dagrun for tutorial_taskflow_templates to 2025-06-19 00:00:00+00:00, run_after=2025-06-20 00:00:00+00:00
[2025-06-20T21:44:47.248+0000] {processor.py:208} INFO - Processing /home/airflow/.local/lib/python3.12/site-packages/airflow/example_dags/tutorial_taskflow_templates.py took 0.101 seconds
[2025-06-20T21:45:19.335+0000] {processor.py:186} INFO - Started process (PID=2432) to work on /home/airflow/.local/lib/python3.12/site-packages/airflow/example_dags/tutorial_taskflow_templates.py
[2025-06-20T21:45:19.336+0000] {processor.py:914} INFO - Processing file /home/airflow/.local/lib/python3.12/site-packages/airflow/example_dags/tutorial_taskflow_templates.py for tasks to queue
[2025-06-20T21:45:19.339+0000] {logging_mixin.py:190} INFO - [2025-06-20T21:45:19.339+0000] {dagbag.py:588} INFO - Filling up the DagBag from /home/airflow/.local/lib/python3.12/site-packages/airflow/example_dags/tutorial_taskflow_templates.py
[2025-06-20T21:45:19.356+0000] {processor.py:925} INFO - DAG(s) 'tutorial_taskflow_templates' retrieved from /home/airflow/.local/lib/python3.12/site-packages/airflow/example_dags/tutorial_taskflow_templates.py
[2025-06-20T21:45:19.383+0000] {logging_mixin.py:190} INFO - [2025-06-20T21:45:19.383+0000] {dag.py:3239} INFO - Sync 1 DAGs
[2025-06-20T21:45:19.415+0000] {logging_mixin.py:190} INFO - [2025-06-20T21:45:19.415+0000] {dag.py:4180} INFO - Setting next_dagrun for tutorial_taskflow_templates to 2025-06-19 00:00:00+00:00, run_after=2025-06-20 00:00:00+00:00
[2025-06-20T21:45:19.498+0000] {processor.py:208} INFO - Processing /home/airflow/.local/lib/python3.12/site-packages/airflow/example_dags/tutorial_taskflow_templates.py took 0.170 seconds
[2025-06-20T21:45:51.619+0000] {processor.py:186} INFO - Started process (PID=2495) to work on /home/airflow/.local/lib/python3.12/site-packages/airflow/example_dags/tutorial_taskflow_templates.py
[2025-06-20T21:45:51.620+0000] {processor.py:914} INFO - Processing file /home/airflow/.local/lib/python3.12/site-packages/airflow/example_dags/tutorial_taskflow_templates.py for tasks to queue
[2025-06-20T21:45:51.623+0000] {logging_mixin.py:190} INFO - [2025-06-20T21:45:51.623+0000] {dagbag.py:588} INFO - Filling up the DagBag from /home/airflow/.local/lib/python3.12/site-packages/airflow/example_dags/tutorial_taskflow_templates.py
[2025-06-20T21:45:51.635+0000] {processor.py:925} INFO - DAG(s) 'tutorial_taskflow_templates' retrieved from /home/airflow/.local/lib/python3.12/site-packages/airflow/example_dags/tutorial_taskflow_templates.py
[2025-06-20T21:45:51.656+0000] {logging_mixin.py:190} INFO - [2025-06-20T21:45:51.655+0000] {dag.py:3239} INFO - Sync 1 DAGs
[2025-06-20T21:45:51.682+0000] {logging_mixin.py:190} INFO - [2025-06-20T21:45:51.682+0000] {dag.py:4180} INFO - Setting next_dagrun for tutorial_taskflow_templates to 2025-06-19 00:00:00+00:00, run_after=2025-06-20 00:00:00+00:00
[2025-06-20T21:45:51.768+0000] {processor.py:208} INFO - Processing /home/airflow/.local/lib/python3.12/site-packages/airflow/example_dags/tutorial_taskflow_templates.py took 0.155 seconds
[2025-06-20T21:46:22.965+0000] {processor.py:186} INFO - Started process (PID=2559) to work on /home/airflow/.local/lib/python3.12/site-packages/airflow/example_dags/tutorial_taskflow_templates.py
[2025-06-20T21:46:22.967+0000] {processor.py:914} INFO - Processing file /home/airflow/.local/lib/python3.12/site-packages/airflow/example_dags/tutorial_taskflow_templates.py for tasks to queue
[2025-06-20T21:46:22.969+0000] {logging_mixin.py:190} INFO - [2025-06-20T21:46:22.969+0000] {dagbag.py:588} INFO - Filling up the DagBag from /home/airflow/.local/lib/python3.12/site-packages/airflow/example_dags/tutorial_taskflow_templates.py
[2025-06-20T21:46:22.981+0000] {processor.py:925} INFO - DAG(s) 'tutorial_taskflow_templates' retrieved from /home/airflow/.local/lib/python3.12/site-packages/airflow/example_dags/tutorial_taskflow_templates.py
[2025-06-20T21:46:23.001+0000] {logging_mixin.py:190} INFO - [2025-06-20T21:46:23.001+0000] {dag.py:3239} INFO - Sync 1 DAGs
[2025-06-20T21:46:23.027+0000] {logging_mixin.py:190} INFO - [2025-06-20T21:46:23.026+0000] {dag.py:4180} INFO - Setting next_dagrun for tutorial_taskflow_templates to 2025-06-19 00:00:00+00:00, run_after=2025-06-20 00:00:00+00:00
[2025-06-20T21:46:23.054+0000] {processor.py:208} INFO - Processing /home/airflow/.local/lib/python3.12/site-packages/airflow/example_dags/tutorial_taskflow_templates.py took 0.093 seconds
[2025-06-20T21:46:53.819+0000] {processor.py:186} INFO - Started process (PID=2624) to work on /home/airflow/.local/lib/python3.12/site-packages/airflow/example_dags/tutorial_taskflow_templates.py
[2025-06-20T21:46:53.820+0000] {processor.py:914} INFO - Processing file /home/airflow/.local/lib/python3.12/site-packages/airflow/example_dags/tutorial_taskflow_templates.py for tasks to queue
[2025-06-20T21:46:53.823+0000] {logging_mixin.py:190} INFO - [2025-06-20T21:46:53.822+0000] {dagbag.py:588} INFO - Filling up the DagBag from /home/airflow/.local/lib/python3.12/site-packages/airflow/example_dags/tutorial_taskflow_templates.py
[2025-06-20T21:46:53.835+0000] {processor.py:925} INFO - DAG(s) 'tutorial_taskflow_templates' retrieved from /home/airflow/.local/lib/python3.12/site-packages/airflow/example_dags/tutorial_taskflow_templates.py
[2025-06-20T21:46:53.858+0000] {logging_mixin.py:190} INFO - [2025-06-20T21:46:53.858+0000] {dag.py:3239} INFO - Sync 1 DAGs
[2025-06-20T21:46:53.882+0000] {logging_mixin.py:190} INFO - [2025-06-20T21:46:53.882+0000] {dag.py:4180} INFO - Setting next_dagrun for tutorial_taskflow_templates to 2025-06-19 00:00:00+00:00, run_after=2025-06-20 00:00:00+00:00
[2025-06-20T21:46:53.919+0000] {processor.py:208} INFO - Processing /home/airflow/.local/lib/python3.12/site-packages/airflow/example_dags/tutorial_taskflow_templates.py took 0.105 seconds
[2025-06-20T21:47:25.056+0000] {processor.py:186} INFO - Started process (PID=2687) to work on /home/airflow/.local/lib/python3.12/site-packages/airflow/example_dags/tutorial_taskflow_templates.py
[2025-06-20T21:47:25.057+0000] {processor.py:914} INFO - Processing file /home/airflow/.local/lib/python3.12/site-packages/airflow/example_dags/tutorial_taskflow_templates.py for tasks to queue
[2025-06-20T21:47:25.061+0000] {logging_mixin.py:190} INFO - [2025-06-20T21:47:25.060+0000] {dagbag.py:588} INFO - Filling up the DagBag from /home/airflow/.local/lib/python3.12/site-packages/airflow/example_dags/tutorial_taskflow_templates.py
[2025-06-20T21:47:25.075+0000] {processor.py:925} INFO - DAG(s) 'tutorial_taskflow_templates' retrieved from /home/airflow/.local/lib/python3.12/site-packages/airflow/example_dags/tutorial_taskflow_templates.py
[2025-06-20T21:47:25.102+0000] {logging_mixin.py:190} INFO - [2025-06-20T21:47:25.101+0000] {dag.py:3239} INFO - Sync 1 DAGs
[2025-06-20T21:47:25.130+0000] {logging_mixin.py:190} INFO - [2025-06-20T21:47:25.130+0000] {dag.py:4180} INFO - Setting next_dagrun for tutorial_taskflow_templates to 2025-06-19 00:00:00+00:00, run_after=2025-06-20 00:00:00+00:00
[2025-06-20T21:47:25.158+0000] {processor.py:208} INFO - Processing /home/airflow/.local/lib/python3.12/site-packages/airflow/example_dags/tutorial_taskflow_templates.py took 0.110 seconds
[2025-06-20T21:47:57.276+0000] {processor.py:186} INFO - Started process (PID=2752) to work on /home/airflow/.local/lib/python3.12/site-packages/airflow/example_dags/tutorial_taskflow_templates.py
[2025-06-20T21:47:57.278+0000] {processor.py:914} INFO - Processing file /home/airflow/.local/lib/python3.12/site-packages/airflow/example_dags/tutorial_taskflow_templates.py for tasks to queue
[2025-06-20T21:47:57.281+0000] {logging_mixin.py:190} INFO - [2025-06-20T21:47:57.280+0000] {dagbag.py:588} INFO - Filling up the DagBag from /home/airflow/.local/lib/python3.12/site-packages/airflow/example_dags/tutorial_taskflow_templates.py
[2025-06-20T21:47:57.292+0000] {processor.py:925} INFO - DAG(s) 'tutorial_taskflow_templates' retrieved from /home/airflow/.local/lib/python3.12/site-packages/airflow/example_dags/tutorial_taskflow_templates.py
[2025-06-20T21:47:57.312+0000] {logging_mixin.py:190} INFO - [2025-06-20T21:47:57.312+0000] {dag.py:3239} INFO - Sync 1 DAGs
[2025-06-20T21:47:57.334+0000] {logging_mixin.py:190} INFO - [2025-06-20T21:47:57.333+0000] {dag.py:4180} INFO - Setting next_dagrun for tutorial_taskflow_templates to 2025-06-19 00:00:00+00:00, run_after=2025-06-20 00:00:00+00:00
[2025-06-20T21:47:57.354+0000] {processor.py:208} INFO - Processing /home/airflow/.local/lib/python3.12/site-packages/airflow/example_dags/tutorial_taskflow_templates.py took 0.083 seconds
[2025-06-20T21:48:28.286+0000] {processor.py:186} INFO - Started process (PID=2816) to work on /home/airflow/.local/lib/python3.12/site-packages/airflow/example_dags/tutorial_taskflow_templates.py
[2025-06-20T21:48:28.287+0000] {processor.py:914} INFO - Processing file /home/airflow/.local/lib/python3.12/site-packages/airflow/example_dags/tutorial_taskflow_templates.py for tasks to queue
[2025-06-20T21:48:28.290+0000] {logging_mixin.py:190} INFO - [2025-06-20T21:48:28.290+0000] {dagbag.py:588} INFO - Filling up the DagBag from /home/airflow/.local/lib/python3.12/site-packages/airflow/example_dags/tutorial_taskflow_templates.py
[2025-06-20T21:48:28.301+0000] {processor.py:925} INFO - DAG(s) 'tutorial_taskflow_templates' retrieved from /home/airflow/.local/lib/python3.12/site-packages/airflow/example_dags/tutorial_taskflow_templates.py
[2025-06-20T21:48:28.321+0000] {logging_mixin.py:190} INFO - [2025-06-20T21:48:28.320+0000] {dag.py:3239} INFO - Sync 1 DAGs
[2025-06-20T21:48:28.346+0000] {logging_mixin.py:190} INFO - [2025-06-20T21:48:28.345+0000] {dag.py:4180} INFO - Setting next_dagrun for tutorial_taskflow_templates to 2025-06-19 00:00:00+00:00, run_after=2025-06-20 00:00:00+00:00
[2025-06-20T21:48:28.376+0000] {processor.py:208} INFO - Processing /home/airflow/.local/lib/python3.12/site-packages/airflow/example_dags/tutorial_taskflow_templates.py took 0.095 seconds
[2025-06-20T21:48:59.533+0000] {processor.py:186} INFO - Started process (PID=2880) to work on /home/airflow/.local/lib/python3.12/site-packages/airflow/example_dags/tutorial_taskflow_templates.py
[2025-06-20T21:48:59.535+0000] {processor.py:914} INFO - Processing file /home/airflow/.local/lib/python3.12/site-packages/airflow/example_dags/tutorial_taskflow_templates.py for tasks to queue
[2025-06-20T21:48:59.539+0000] {logging_mixin.py:190} INFO - [2025-06-20T21:48:59.538+0000] {dagbag.py:588} INFO - Filling up the DagBag from /home/airflow/.local/lib/python3.12/site-packages/airflow/example_dags/tutorial_taskflow_templates.py
[2025-06-20T21:48:59.562+0000] {processor.py:925} INFO - DAG(s) 'tutorial_taskflow_templates' retrieved from /home/airflow/.local/lib/python3.12/site-packages/airflow/example_dags/tutorial_taskflow_templates.py
[2025-06-20T21:48:59.589+0000] {logging_mixin.py:190} INFO - [2025-06-20T21:48:59.589+0000] {dag.py:3239} INFO - Sync 1 DAGs
[2025-06-20T21:48:59.621+0000] {logging_mixin.py:190} INFO - [2025-06-20T21:48:59.621+0000] {dag.py:4180} INFO - Setting next_dagrun for tutorial_taskflow_templates to 2025-06-19 00:00:00+00:00, run_after=2025-06-20 00:00:00+00:00
[2025-06-20T21:48:59.708+0000] {processor.py:208} INFO - Processing /home/airflow/.local/lib/python3.12/site-packages/airflow/example_dags/tutorial_taskflow_templates.py took 0.184 seconds
[2025-06-20T21:49:30.614+0000] {processor.py:186} INFO - Started process (PID=2943) to work on /home/airflow/.local/lib/python3.12/site-packages/airflow/example_dags/tutorial_taskflow_templates.py
[2025-06-20T21:49:30.615+0000] {processor.py:914} INFO - Processing file /home/airflow/.local/lib/python3.12/site-packages/airflow/example_dags/tutorial_taskflow_templates.py for tasks to queue
[2025-06-20T21:49:30.618+0000] {logging_mixin.py:190} INFO - [2025-06-20T21:49:30.618+0000] {dagbag.py:588} INFO - Filling up the DagBag from /home/airflow/.local/lib/python3.12/site-packages/airflow/example_dags/tutorial_taskflow_templates.py
[2025-06-20T21:49:30.629+0000] {processor.py:925} INFO - DAG(s) 'tutorial_taskflow_templates' retrieved from /home/airflow/.local/lib/python3.12/site-packages/airflow/example_dags/tutorial_taskflow_templates.py
[2025-06-20T21:49:30.649+0000] {logging_mixin.py:190} INFO - [2025-06-20T21:49:30.649+0000] {dag.py:3239} INFO - Sync 1 DAGs
[2025-06-20T21:49:30.673+0000] {logging_mixin.py:190} INFO - [2025-06-20T21:49:30.673+0000] {dag.py:4180} INFO - Setting next_dagrun for tutorial_taskflow_templates to 2025-06-19 00:00:00+00:00, run_after=2025-06-20 00:00:00+00:00
[2025-06-20T21:49:30.707+0000] {processor.py:208} INFO - Processing /home/airflow/.local/lib/python3.12/site-packages/airflow/example_dags/tutorial_taskflow_templates.py took 0.098 seconds
[2025-06-20T21:50:02.237+0000] {processor.py:186} INFO - Started process (PID=3007) to work on /home/airflow/.local/lib/python3.12/site-packages/airflow/example_dags/tutorial_taskflow_templates.py
[2025-06-20T21:50:02.238+0000] {processor.py:914} INFO - Processing file /home/airflow/.local/lib/python3.12/site-packages/airflow/example_dags/tutorial_taskflow_templates.py for tasks to queue
[2025-06-20T21:50:02.240+0000] {logging_mixin.py:190} INFO - [2025-06-20T21:50:02.240+0000] {dagbag.py:588} INFO - Filling up the DagBag from /home/airflow/.local/lib/python3.12/site-packages/airflow/example_dags/tutorial_taskflow_templates.py
[2025-06-20T21:50:02.251+0000] {processor.py:925} INFO - DAG(s) 'tutorial_taskflow_templates' retrieved from /home/airflow/.local/lib/python3.12/site-packages/airflow/example_dags/tutorial_taskflow_templates.py
[2025-06-20T21:50:02.271+0000] {logging_mixin.py:190} INFO - [2025-06-20T21:50:02.271+0000] {dag.py:3239} INFO - Sync 1 DAGs
[2025-06-20T21:50:02.296+0000] {logging_mixin.py:190} INFO - [2025-06-20T21:50:02.296+0000] {dag.py:4180} INFO - Setting next_dagrun for tutorial_taskflow_templates to 2025-06-19 00:00:00+00:00, run_after=2025-06-20 00:00:00+00:00
[2025-06-20T21:50:02.325+0000] {processor.py:208} INFO - Processing /home/airflow/.local/lib/python3.12/site-packages/airflow/example_dags/tutorial_taskflow_templates.py took 0.093 seconds
[2025-06-20T21:50:34.998+0000] {processor.py:186} INFO - Started process (PID=3072) to work on /home/airflow/.local/lib/python3.12/site-packages/airflow/example_dags/tutorial_taskflow_templates.py
[2025-06-20T21:50:34.999+0000] {processor.py:914} INFO - Processing file /home/airflow/.local/lib/python3.12/site-packages/airflow/example_dags/tutorial_taskflow_templates.py for tasks to queue
[2025-06-20T21:50:35.001+0000] {logging_mixin.py:190} INFO - [2025-06-20T21:50:35.000+0000] {dagbag.py:588} INFO - Filling up the DagBag from /home/airflow/.local/lib/python3.12/site-packages/airflow/example_dags/tutorial_taskflow_templates.py
[2025-06-20T21:50:35.011+0000] {processor.py:925} INFO - DAG(s) 'tutorial_taskflow_templates' retrieved from /home/airflow/.local/lib/python3.12/site-packages/airflow/example_dags/tutorial_taskflow_templates.py
[2025-06-20T21:50:35.031+0000] {logging_mixin.py:190} INFO - [2025-06-20T21:50:35.031+0000] {dag.py:3239} INFO - Sync 1 DAGs
[2025-06-20T21:50:35.053+0000] {logging_mixin.py:190} INFO - [2025-06-20T21:50:35.053+0000] {dag.py:4180} INFO - Setting next_dagrun for tutorial_taskflow_templates to 2025-06-19 00:00:00+00:00, run_after=2025-06-20 00:00:00+00:00
[2025-06-20T21:50:35.076+0000] {processor.py:208} INFO - Processing /home/airflow/.local/lib/python3.12/site-packages/airflow/example_dags/tutorial_taskflow_templates.py took 0.084 seconds
[2025-06-20T21:51:08.385+0000] {processor.py:186} INFO - Started process (PID=3138) to work on /home/airflow/.local/lib/python3.12/site-packages/airflow/example_dags/tutorial_taskflow_templates.py
[2025-06-20T21:51:08.386+0000] {processor.py:914} INFO - Processing file /home/airflow/.local/lib/python3.12/site-packages/airflow/example_dags/tutorial_taskflow_templates.py for tasks to queue
[2025-06-20T21:51:08.389+0000] {logging_mixin.py:190} INFO - [2025-06-20T21:51:08.389+0000] {dagbag.py:588} INFO - Filling up the DagBag from /home/airflow/.local/lib/python3.12/site-packages/airflow/example_dags/tutorial_taskflow_templates.py
[2025-06-20T21:51:08.404+0000] {processor.py:925} INFO - DAG(s) 'tutorial_taskflow_templates' retrieved from /home/airflow/.local/lib/python3.12/site-packages/airflow/example_dags/tutorial_taskflow_templates.py
[2025-06-20T21:51:08.427+0000] {logging_mixin.py:190} INFO - [2025-06-20T21:51:08.427+0000] {dag.py:3239} INFO - Sync 1 DAGs
[2025-06-20T21:51:08.457+0000] {logging_mixin.py:190} INFO - [2025-06-20T21:51:08.456+0000] {dag.py:4180} INFO - Setting next_dagrun for tutorial_taskflow_templates to 2025-06-19 00:00:00+00:00, run_after=2025-06-20 00:00:00+00:00
[2025-06-20T21:51:08.543+0000] {processor.py:208} INFO - Processing /home/airflow/.local/lib/python3.12/site-packages/airflow/example_dags/tutorial_taskflow_templates.py took 0.163 seconds
[2025-06-20T21:51:41.295+0000] {processor.py:186} INFO - Started process (PID=3203) to work on /home/airflow/.local/lib/python3.12/site-packages/airflow/example_dags/tutorial_taskflow_templates.py
[2025-06-20T21:51:41.296+0000] {processor.py:914} INFO - Processing file /home/airflow/.local/lib/python3.12/site-packages/airflow/example_dags/tutorial_taskflow_templates.py for tasks to queue
[2025-06-20T21:51:41.298+0000] {logging_mixin.py:190} INFO - [2025-06-20T21:51:41.298+0000] {dagbag.py:588} INFO - Filling up the DagBag from /home/airflow/.local/lib/python3.12/site-packages/airflow/example_dags/tutorial_taskflow_templates.py
[2025-06-20T21:51:41.310+0000] {processor.py:925} INFO - DAG(s) 'tutorial_taskflow_templates' retrieved from /home/airflow/.local/lib/python3.12/site-packages/airflow/example_dags/tutorial_taskflow_templates.py
[2025-06-20T21:51:41.333+0000] {logging_mixin.py:190} INFO - [2025-06-20T21:51:41.333+0000] {dag.py:3239} INFO - Sync 1 DAGs
[2025-06-20T21:51:41.506+0000] {logging_mixin.py:190} INFO - [2025-06-20T21:51:41.506+0000] {dag.py:4180} INFO - Setting next_dagrun for tutorial_taskflow_templates to 2025-06-19 00:00:00+00:00, run_after=2025-06-20 00:00:00+00:00
[2025-06-20T21:51:41.538+0000] {processor.py:208} INFO - Processing /home/airflow/.local/lib/python3.12/site-packages/airflow/example_dags/tutorial_taskflow_templates.py took 0.248 seconds
[2025-06-20T21:52:12.225+0000] {processor.py:186} INFO - Started process (PID=3267) to work on /home/airflow/.local/lib/python3.12/site-packages/airflow/example_dags/tutorial_taskflow_templates.py
[2025-06-20T21:52:12.226+0000] {processor.py:914} INFO - Processing file /home/airflow/.local/lib/python3.12/site-packages/airflow/example_dags/tutorial_taskflow_templates.py for tasks to queue
[2025-06-20T21:52:12.228+0000] {logging_mixin.py:190} INFO - [2025-06-20T21:52:12.228+0000] {dagbag.py:588} INFO - Filling up the DagBag from /home/airflow/.local/lib/python3.12/site-packages/airflow/example_dags/tutorial_taskflow_templates.py
[2025-06-20T21:52:12.243+0000] {processor.py:925} INFO - DAG(s) 'tutorial_taskflow_templates' retrieved from /home/airflow/.local/lib/python3.12/site-packages/airflow/example_dags/tutorial_taskflow_templates.py
[2025-06-20T21:52:12.265+0000] {logging_mixin.py:190} INFO - [2025-06-20T21:52:12.264+0000] {dag.py:3239} INFO - Sync 1 DAGs
[2025-06-20T21:52:12.291+0000] {logging_mixin.py:190} INFO - [2025-06-20T21:52:12.290+0000] {dag.py:4180} INFO - Setting next_dagrun for tutorial_taskflow_templates to 2025-06-19 00:00:00+00:00, run_after=2025-06-20 00:00:00+00:00
[2025-06-20T21:52:12.537+0000] {processor.py:208} INFO - Processing /home/airflow/.local/lib/python3.12/site-packages/airflow/example_dags/tutorial_taskflow_templates.py took 0.317 seconds
[2025-06-20T21:52:43.018+0000] {processor.py:186} INFO - Started process (PID=3330) to work on /home/airflow/.local/lib/python3.12/site-packages/airflow/example_dags/tutorial_taskflow_templates.py
[2025-06-20T21:52:43.019+0000] {processor.py:914} INFO - Processing file /home/airflow/.local/lib/python3.12/site-packages/airflow/example_dags/tutorial_taskflow_templates.py for tasks to queue
[2025-06-20T21:52:43.022+0000] {logging_mixin.py:190} INFO - [2025-06-20T21:52:43.022+0000] {dagbag.py:588} INFO - Filling up the DagBag from /home/airflow/.local/lib/python3.12/site-packages/airflow/example_dags/tutorial_taskflow_templates.py
[2025-06-20T21:52:43.035+0000] {processor.py:925} INFO - DAG(s) 'tutorial_taskflow_templates' retrieved from /home/airflow/.local/lib/python3.12/site-packages/airflow/example_dags/tutorial_taskflow_templates.py
[2025-06-20T21:52:43.057+0000] {logging_mixin.py:190} INFO - [2025-06-20T21:52:43.057+0000] {dag.py:3239} INFO - Sync 1 DAGs
[2025-06-20T21:52:43.085+0000] {logging_mixin.py:190} INFO - [2025-06-20T21:52:43.084+0000] {dag.py:4180} INFO - Setting next_dagrun for tutorial_taskflow_templates to 2025-06-19 00:00:00+00:00, run_after=2025-06-20 00:00:00+00:00
[2025-06-20T21:52:43.116+0000] {processor.py:208} INFO - Processing /home/airflow/.local/lib/python3.12/site-packages/airflow/example_dags/tutorial_taskflow_templates.py took 0.105 seconds
[2025-06-20T21:53:13.261+0000] {processor.py:186} INFO - Started process (PID=3393) to work on /home/airflow/.local/lib/python3.12/site-packages/airflow/example_dags/tutorial_taskflow_templates.py
[2025-06-20T21:53:13.262+0000] {processor.py:914} INFO - Processing file /home/airflow/.local/lib/python3.12/site-packages/airflow/example_dags/tutorial_taskflow_templates.py for tasks to queue
[2025-06-20T21:53:13.265+0000] {logging_mixin.py:190} INFO - [2025-06-20T21:53:13.265+0000] {dagbag.py:588} INFO - Filling up the DagBag from /home/airflow/.local/lib/python3.12/site-packages/airflow/example_dags/tutorial_taskflow_templates.py
[2025-06-20T21:53:13.277+0000] {processor.py:925} INFO - DAG(s) 'tutorial_taskflow_templates' retrieved from /home/airflow/.local/lib/python3.12/site-packages/airflow/example_dags/tutorial_taskflow_templates.py
[2025-06-20T21:53:13.297+0000] {logging_mixin.py:190} INFO - [2025-06-20T21:53:13.297+0000] {dag.py:3239} INFO - Sync 1 DAGs
[2025-06-20T21:53:13.319+0000] {logging_mixin.py:190} INFO - [2025-06-20T21:53:13.319+0000] {dag.py:4180} INFO - Setting next_dagrun for tutorial_taskflow_templates to 2025-06-19 00:00:00+00:00, run_after=2025-06-20 00:00:00+00:00
[2025-06-20T21:53:13.344+0000] {processor.py:208} INFO - Processing /home/airflow/.local/lib/python3.12/site-packages/airflow/example_dags/tutorial_taskflow_templates.py took 0.088 seconds
[2025-06-20T21:53:43.434+0000] {processor.py:186} INFO - Started process (PID=3457) to work on /home/airflow/.local/lib/python3.12/site-packages/airflow/example_dags/tutorial_taskflow_templates.py
[2025-06-20T21:53:43.435+0000] {processor.py:914} INFO - Processing file /home/airflow/.local/lib/python3.12/site-packages/airflow/example_dags/tutorial_taskflow_templates.py for tasks to queue
[2025-06-20T21:53:43.437+0000] {logging_mixin.py:190} INFO - [2025-06-20T21:53:43.437+0000] {dagbag.py:588} INFO - Filling up the DagBag from /home/airflow/.local/lib/python3.12/site-packages/airflow/example_dags/tutorial_taskflow_templates.py
[2025-06-20T21:53:43.449+0000] {processor.py:925} INFO - DAG(s) 'tutorial_taskflow_templates' retrieved from /home/airflow/.local/lib/python3.12/site-packages/airflow/example_dags/tutorial_taskflow_templates.py
[2025-06-20T21:53:43.472+0000] {logging_mixin.py:190} INFO - [2025-06-20T21:53:43.471+0000] {dag.py:3239} INFO - Sync 1 DAGs
[2025-06-20T21:53:43.494+0000] {logging_mixin.py:190} INFO - [2025-06-20T21:53:43.493+0000] {dag.py:4180} INFO - Setting next_dagrun for tutorial_taskflow_templates to 2025-06-19 00:00:00+00:00, run_after=2025-06-20 00:00:00+00:00
[2025-06-20T21:53:43.522+0000] {processor.py:208} INFO - Processing /home/airflow/.local/lib/python3.12/site-packages/airflow/example_dags/tutorial_taskflow_templates.py took 0.093 seconds
[2025-06-20T21:55:57.299+0000] {processor.py:186} INFO - Started process (PID=124) to work on /home/airflow/.local/lib/python3.12/site-packages/airflow/example_dags/tutorial_taskflow_templates.py
[2025-06-20T21:55:57.300+0000] {processor.py:914} INFO - Processing file /home/airflow/.local/lib/python3.12/site-packages/airflow/example_dags/tutorial_taskflow_templates.py for tasks to queue
[2025-06-20T21:55:57.302+0000] {logging_mixin.py:190} INFO - [2025-06-20T21:55:57.302+0000] {dagbag.py:588} INFO - Filling up the DagBag from /home/airflow/.local/lib/python3.12/site-packages/airflow/example_dags/tutorial_taskflow_templates.py
[2025-06-20T21:55:57.315+0000] {processor.py:925} INFO - DAG(s) 'tutorial_taskflow_templates' retrieved from /home/airflow/.local/lib/python3.12/site-packages/airflow/example_dags/tutorial_taskflow_templates.py
[2025-06-20T21:55:57.447+0000] {logging_mixin.py:190} INFO - [2025-06-20T21:55:57.446+0000] {override.py:1911} INFO - Created Permission View: can delete on DAG:tutorial_taskflow_templates
[2025-06-20T21:55:57.469+0000] {logging_mixin.py:190} INFO - [2025-06-20T21:55:57.468+0000] {override.py:1911} INFO - Created Permission View: can edit on DAG:tutorial_taskflow_templates
[2025-06-20T21:55:57.490+0000] {logging_mixin.py:190} INFO - [2025-06-20T21:55:57.489+0000] {override.py:1911} INFO - Created Permission View: can read on DAG:tutorial_taskflow_templates
[2025-06-20T21:55:57.534+0000] {logging_mixin.py:190} INFO - [2025-06-20T21:55:57.534+0000] {override.py:1911} INFO - Created Permission View: can delete on DAG Run:tutorial_taskflow_templates
[2025-06-20T21:55:57.555+0000] {logging_mixin.py:190} INFO - [2025-06-20T21:55:57.555+0000] {override.py:1911} INFO - Created Permission View: menu access on DAG Run:tutorial_taskflow_templates
[2025-06-20T21:55:57.577+0000] {logging_mixin.py:190} INFO - [2025-06-20T21:55:57.576+0000] {override.py:1911} INFO - Created Permission View: can create on DAG Run:tutorial_taskflow_templates
[2025-06-20T21:55:57.599+0000] {logging_mixin.py:190} INFO - [2025-06-20T21:55:57.599+0000] {override.py:1911} INFO - Created Permission View: can read on DAG Run:tutorial_taskflow_templates
[2025-06-20T21:55:57.600+0000] {logging_mixin.py:190} INFO - [2025-06-20T21:55:57.600+0000] {dag.py:3239} INFO - Sync 1 DAGs
[2025-06-20T21:55:57.615+0000] {logging_mixin.py:190} INFO - [2025-06-20T21:55:57.615+0000] {dag.py:3262} INFO - Creating ORM DAG for tutorial_taskflow_templates
[2025-06-20T21:55:57.627+0000] {logging_mixin.py:190} INFO - [2025-06-20T21:55:57.627+0000] {dag.py:4180} INFO - Setting next_dagrun for tutorial_taskflow_templates to 2025-06-19 00:00:00+00:00, run_after=2025-06-20 00:00:00+00:00
[2025-06-20T21:55:57.661+0000] {processor.py:208} INFO - Processing /home/airflow/.local/lib/python3.12/site-packages/airflow/example_dags/tutorial_taskflow_templates.py took 0.367 seconds
[2025-06-20T21:56:28.268+0000] {processor.py:186} INFO - Started process (PID=188) to work on /home/airflow/.local/lib/python3.12/site-packages/airflow/example_dags/tutorial_taskflow_templates.py
[2025-06-20T21:56:28.270+0000] {processor.py:914} INFO - Processing file /home/airflow/.local/lib/python3.12/site-packages/airflow/example_dags/tutorial_taskflow_templates.py for tasks to queue
[2025-06-20T21:56:28.272+0000] {logging_mixin.py:190} INFO - [2025-06-20T21:56:28.272+0000] {dagbag.py:588} INFO - Filling up the DagBag from /home/airflow/.local/lib/python3.12/site-packages/airflow/example_dags/tutorial_taskflow_templates.py
[2025-06-20T21:56:28.284+0000] {processor.py:925} INFO - DAG(s) 'tutorial_taskflow_templates' retrieved from /home/airflow/.local/lib/python3.12/site-packages/airflow/example_dags/tutorial_taskflow_templates.py
[2025-06-20T21:56:28.304+0000] {logging_mixin.py:190} INFO - [2025-06-20T21:56:28.303+0000] {dag.py:3239} INFO - Sync 1 DAGs
[2025-06-20T21:56:28.328+0000] {logging_mixin.py:190} INFO - [2025-06-20T21:56:28.328+0000] {dag.py:4180} INFO - Setting next_dagrun for tutorial_taskflow_templates to 2025-06-19 00:00:00+00:00, run_after=2025-06-20 00:00:00+00:00
[2025-06-20T21:56:28.353+0000] {processor.py:208} INFO - Processing /home/airflow/.local/lib/python3.12/site-packages/airflow/example_dags/tutorial_taskflow_templates.py took 0.090 seconds
[2025-06-20T21:56:58.650+0000] {processor.py:186} INFO - Started process (PID=251) to work on /home/airflow/.local/lib/python3.12/site-packages/airflow/example_dags/tutorial_taskflow_templates.py
[2025-06-20T21:56:58.652+0000] {processor.py:914} INFO - Processing file /home/airflow/.local/lib/python3.12/site-packages/airflow/example_dags/tutorial_taskflow_templates.py for tasks to queue
[2025-06-20T21:56:58.654+0000] {logging_mixin.py:190} INFO - [2025-06-20T21:56:58.654+0000] {dagbag.py:588} INFO - Filling up the DagBag from /home/airflow/.local/lib/python3.12/site-packages/airflow/example_dags/tutorial_taskflow_templates.py
[2025-06-20T21:56:58.665+0000] {processor.py:925} INFO - DAG(s) 'tutorial_taskflow_templates' retrieved from /home/airflow/.local/lib/python3.12/site-packages/airflow/example_dags/tutorial_taskflow_templates.py
[2025-06-20T21:56:58.684+0000] {logging_mixin.py:190} INFO - [2025-06-20T21:56:58.683+0000] {dag.py:3239} INFO - Sync 1 DAGs
[2025-06-20T21:56:58.706+0000] {logging_mixin.py:190} INFO - [2025-06-20T21:56:58.706+0000] {dag.py:4180} INFO - Setting next_dagrun for tutorial_taskflow_templates to 2025-06-19 00:00:00+00:00, run_after=2025-06-20 00:00:00+00:00
[2025-06-20T21:56:58.817+0000] {processor.py:208} INFO - Processing /home/airflow/.local/lib/python3.12/site-packages/airflow/example_dags/tutorial_taskflow_templates.py took 0.171 seconds
[2025-06-20T21:57:28.862+0000] {processor.py:186} INFO - Started process (PID=315) to work on /home/airflow/.local/lib/python3.12/site-packages/airflow/example_dags/tutorial_taskflow_templates.py
[2025-06-20T21:57:28.864+0000] {processor.py:914} INFO - Processing file /home/airflow/.local/lib/python3.12/site-packages/airflow/example_dags/tutorial_taskflow_templates.py for tasks to queue
[2025-06-20T21:57:28.866+0000] {logging_mixin.py:190} INFO - [2025-06-20T21:57:28.866+0000] {dagbag.py:588} INFO - Filling up the DagBag from /home/airflow/.local/lib/python3.12/site-packages/airflow/example_dags/tutorial_taskflow_templates.py
[2025-06-20T21:57:28.879+0000] {processor.py:925} INFO - DAG(s) 'tutorial_taskflow_templates' retrieved from /home/airflow/.local/lib/python3.12/site-packages/airflow/example_dags/tutorial_taskflow_templates.py
[2025-06-20T21:57:28.900+0000] {logging_mixin.py:190} INFO - [2025-06-20T21:57:28.900+0000] {dag.py:3239} INFO - Sync 1 DAGs
[2025-06-20T21:57:28.925+0000] {logging_mixin.py:190} INFO - [2025-06-20T21:57:28.925+0000] {dag.py:4180} INFO - Setting next_dagrun for tutorial_taskflow_templates to 2025-06-19 00:00:00+00:00, run_after=2025-06-20 00:00:00+00:00
[2025-06-20T21:57:28.948+0000] {processor.py:208} INFO - Processing /home/airflow/.local/lib/python3.12/site-packages/airflow/example_dags/tutorial_taskflow_templates.py took 0.090 seconds
[2025-06-20T21:57:59.338+0000] {processor.py:186} INFO - Started process (PID=379) to work on /home/airflow/.local/lib/python3.12/site-packages/airflow/example_dags/tutorial_taskflow_templates.py
[2025-06-20T21:57:59.339+0000] {processor.py:914} INFO - Processing file /home/airflow/.local/lib/python3.12/site-packages/airflow/example_dags/tutorial_taskflow_templates.py for tasks to queue
[2025-06-20T21:57:59.341+0000] {logging_mixin.py:190} INFO - [2025-06-20T21:57:59.341+0000] {dagbag.py:588} INFO - Filling up the DagBag from /home/airflow/.local/lib/python3.12/site-packages/airflow/example_dags/tutorial_taskflow_templates.py
[2025-06-20T21:57:59.352+0000] {processor.py:925} INFO - DAG(s) 'tutorial_taskflow_templates' retrieved from /home/airflow/.local/lib/python3.12/site-packages/airflow/example_dags/tutorial_taskflow_templates.py
[2025-06-20T21:57:59.372+0000] {logging_mixin.py:190} INFO - [2025-06-20T21:57:59.371+0000] {dag.py:3239} INFO - Sync 1 DAGs
[2025-06-20T21:57:59.394+0000] {logging_mixin.py:190} INFO - [2025-06-20T21:57:59.394+0000] {dag.py:4180} INFO - Setting next_dagrun for tutorial_taskflow_templates to 2025-06-19 00:00:00+00:00, run_after=2025-06-20 00:00:00+00:00
[2025-06-20T21:57:59.422+0000] {processor.py:208} INFO - Processing /home/airflow/.local/lib/python3.12/site-packages/airflow/example_dags/tutorial_taskflow_templates.py took 0.089 seconds
[2025-06-20T21:58:30.185+0000] {processor.py:186} INFO - Started process (PID=451) to work on /home/airflow/.local/lib/python3.12/site-packages/airflow/example_dags/tutorial_taskflow_templates.py
[2025-06-20T21:58:30.186+0000] {processor.py:914} INFO - Processing file /home/airflow/.local/lib/python3.12/site-packages/airflow/example_dags/tutorial_taskflow_templates.py for tasks to queue
[2025-06-20T21:58:30.189+0000] {logging_mixin.py:190} INFO - [2025-06-20T21:58:30.188+0000] {dagbag.py:588} INFO - Filling up the DagBag from /home/airflow/.local/lib/python3.12/site-packages/airflow/example_dags/tutorial_taskflow_templates.py
[2025-06-20T21:58:30.200+0000] {processor.py:925} INFO - DAG(s) 'tutorial_taskflow_templates' retrieved from /home/airflow/.local/lib/python3.12/site-packages/airflow/example_dags/tutorial_taskflow_templates.py
[2025-06-20T21:58:30.223+0000] {logging_mixin.py:190} INFO - [2025-06-20T21:58:30.223+0000] {dag.py:3239} INFO - Sync 1 DAGs
[2025-06-20T21:58:30.253+0000] {logging_mixin.py:190} INFO - [2025-06-20T21:58:30.252+0000] {dag.py:4180} INFO - Setting next_dagrun for tutorial_taskflow_templates to 2025-06-19 00:00:00+00:00, run_after=2025-06-20 00:00:00+00:00
[2025-06-20T21:58:30.279+0000] {processor.py:208} INFO - Processing /home/airflow/.local/lib/python3.12/site-packages/airflow/example_dags/tutorial_taskflow_templates.py took 0.099 seconds
[2025-06-20T21:59:01.033+0000] {processor.py:186} INFO - Started process (PID=515) to work on /home/airflow/.local/lib/python3.12/site-packages/airflow/example_dags/tutorial_taskflow_templates.py
[2025-06-20T21:59:01.034+0000] {processor.py:914} INFO - Processing file /home/airflow/.local/lib/python3.12/site-packages/airflow/example_dags/tutorial_taskflow_templates.py for tasks to queue
[2025-06-20T21:59:01.037+0000] {logging_mixin.py:190} INFO - [2025-06-20T21:59:01.036+0000] {dagbag.py:588} INFO - Filling up the DagBag from /home/airflow/.local/lib/python3.12/site-packages/airflow/example_dags/tutorial_taskflow_templates.py
[2025-06-20T21:59:01.048+0000] {processor.py:925} INFO - DAG(s) 'tutorial_taskflow_templates' retrieved from /home/airflow/.local/lib/python3.12/site-packages/airflow/example_dags/tutorial_taskflow_templates.py
[2025-06-20T21:59:01.071+0000] {logging_mixin.py:190} INFO - [2025-06-20T21:59:01.070+0000] {dag.py:3239} INFO - Sync 1 DAGs
[2025-06-20T21:59:01.097+0000] {logging_mixin.py:190} INFO - [2025-06-20T21:59:01.096+0000] {dag.py:4180} INFO - Setting next_dagrun for tutorial_taskflow_templates to 2025-06-19 00:00:00+00:00, run_after=2025-06-20 00:00:00+00:00
[2025-06-20T21:59:01.126+0000] {processor.py:208} INFO - Processing /home/airflow/.local/lib/python3.12/site-packages/airflow/example_dags/tutorial_taskflow_templates.py took 0.098 seconds
[2025-06-20T21:59:31.245+0000] {processor.py:186} INFO - Started process (PID=579) to work on /home/airflow/.local/lib/python3.12/site-packages/airflow/example_dags/tutorial_taskflow_templates.py
[2025-06-20T21:59:31.246+0000] {processor.py:914} INFO - Processing file /home/airflow/.local/lib/python3.12/site-packages/airflow/example_dags/tutorial_taskflow_templates.py for tasks to queue
[2025-06-20T21:59:31.249+0000] {logging_mixin.py:190} INFO - [2025-06-20T21:59:31.249+0000] {dagbag.py:588} INFO - Filling up the DagBag from /home/airflow/.local/lib/python3.12/site-packages/airflow/example_dags/tutorial_taskflow_templates.py
[2025-06-20T21:59:31.262+0000] {processor.py:925} INFO - DAG(s) 'tutorial_taskflow_templates' retrieved from /home/airflow/.local/lib/python3.12/site-packages/airflow/example_dags/tutorial_taskflow_templates.py
[2025-06-20T21:59:31.290+0000] {logging_mixin.py:190} INFO - [2025-06-20T21:59:31.289+0000] {dag.py:3239} INFO - Sync 1 DAGs
[2025-06-20T21:59:31.315+0000] {logging_mixin.py:190} INFO - [2025-06-20T21:59:31.314+0000] {dag.py:4180} INFO - Setting next_dagrun for tutorial_taskflow_templates to 2025-06-19 00:00:00+00:00, run_after=2025-06-20 00:00:00+00:00
[2025-06-20T21:59:31.340+0000] {processor.py:208} INFO - Processing /home/airflow/.local/lib/python3.12/site-packages/airflow/example_dags/tutorial_taskflow_templates.py took 0.101 seconds
[2025-06-20T22:00:01.629+0000] {processor.py:186} INFO - Started process (PID=642) to work on /home/airflow/.local/lib/python3.12/site-packages/airflow/example_dags/tutorial_taskflow_templates.py
[2025-06-20T22:00:01.631+0000] {processor.py:914} INFO - Processing file /home/airflow/.local/lib/python3.12/site-packages/airflow/example_dags/tutorial_taskflow_templates.py for tasks to queue
[2025-06-20T22:00:01.634+0000] {logging_mixin.py:190} INFO - [2025-06-20T22:00:01.634+0000] {dagbag.py:588} INFO - Filling up the DagBag from /home/airflow/.local/lib/python3.12/site-packages/airflow/example_dags/tutorial_taskflow_templates.py
[2025-06-20T22:00:01.647+0000] {processor.py:925} INFO - DAG(s) 'tutorial_taskflow_templates' retrieved from /home/airflow/.local/lib/python3.12/site-packages/airflow/example_dags/tutorial_taskflow_templates.py
[2025-06-20T22:00:01.668+0000] {logging_mixin.py:190} INFO - [2025-06-20T22:00:01.668+0000] {dag.py:3239} INFO - Sync 1 DAGs
[2025-06-20T22:00:01.692+0000] {logging_mixin.py:190} INFO - [2025-06-20T22:00:01.691+0000] {dag.py:4180} INFO - Setting next_dagrun for tutorial_taskflow_templates to 2025-06-19 00:00:00+00:00, run_after=2025-06-20 00:00:00+00:00
[2025-06-20T22:00:01.724+0000] {processor.py:208} INFO - Processing /home/airflow/.local/lib/python3.12/site-packages/airflow/example_dags/tutorial_taskflow_templates.py took 0.100 seconds
[2025-06-20T22:00:33.171+0000] {processor.py:186} INFO - Started process (PID=706) to work on /home/airflow/.local/lib/python3.12/site-packages/airflow/example_dags/tutorial_taskflow_templates.py
[2025-06-20T22:00:33.172+0000] {processor.py:914} INFO - Processing file /home/airflow/.local/lib/python3.12/site-packages/airflow/example_dags/tutorial_taskflow_templates.py for tasks to queue
[2025-06-20T22:00:33.175+0000] {logging_mixin.py:190} INFO - [2025-06-20T22:00:33.174+0000] {dagbag.py:588} INFO - Filling up the DagBag from /home/airflow/.local/lib/python3.12/site-packages/airflow/example_dags/tutorial_taskflow_templates.py
[2025-06-20T22:00:33.187+0000] {processor.py:925} INFO - DAG(s) 'tutorial_taskflow_templates' retrieved from /home/airflow/.local/lib/python3.12/site-packages/airflow/example_dags/tutorial_taskflow_templates.py
[2025-06-20T22:00:33.207+0000] {logging_mixin.py:190} INFO - [2025-06-20T22:00:33.207+0000] {dag.py:3239} INFO - Sync 1 DAGs
[2025-06-20T22:00:33.232+0000] {logging_mixin.py:190} INFO - [2025-06-20T22:00:33.231+0000] {dag.py:4180} INFO - Setting next_dagrun for tutorial_taskflow_templates to 2025-06-19 00:00:00+00:00, run_after=2025-06-20 00:00:00+00:00
[2025-06-20T22:00:33.263+0000] {processor.py:208} INFO - Processing /home/airflow/.local/lib/python3.12/site-packages/airflow/example_dags/tutorial_taskflow_templates.py took 0.097 seconds
[2025-06-20T22:01:04.521+0000] {processor.py:186} INFO - Started process (PID=771) to work on /home/airflow/.local/lib/python3.12/site-packages/airflow/example_dags/tutorial_taskflow_templates.py
[2025-06-20T22:01:04.522+0000] {processor.py:914} INFO - Processing file /home/airflow/.local/lib/python3.12/site-packages/airflow/example_dags/tutorial_taskflow_templates.py for tasks to queue
[2025-06-20T22:01:04.525+0000] {logging_mixin.py:190} INFO - [2025-06-20T22:01:04.525+0000] {dagbag.py:588} INFO - Filling up the DagBag from /home/airflow/.local/lib/python3.12/site-packages/airflow/example_dags/tutorial_taskflow_templates.py
[2025-06-20T22:01:04.540+0000] {processor.py:925} INFO - DAG(s) 'tutorial_taskflow_templates' retrieved from /home/airflow/.local/lib/python3.12/site-packages/airflow/example_dags/tutorial_taskflow_templates.py
[2025-06-20T22:01:04.560+0000] {logging_mixin.py:190} INFO - [2025-06-20T22:01:04.560+0000] {dag.py:3239} INFO - Sync 1 DAGs
[2025-06-20T22:01:04.584+0000] {logging_mixin.py:190} INFO - [2025-06-20T22:01:04.583+0000] {dag.py:4180} INFO - Setting next_dagrun for tutorial_taskflow_templates to 2025-06-19 00:00:00+00:00, run_after=2025-06-20 00:00:00+00:00
[2025-06-20T22:01:04.614+0000] {processor.py:208} INFO - Processing /home/airflow/.local/lib/python3.12/site-packages/airflow/example_dags/tutorial_taskflow_templates.py took 0.098 seconds
[2025-06-20T22:01:36.342+0000] {processor.py:186} INFO - Started process (PID=835) to work on /home/airflow/.local/lib/python3.12/site-packages/airflow/example_dags/tutorial_taskflow_templates.py
[2025-06-20T22:01:36.343+0000] {processor.py:914} INFO - Processing file /home/airflow/.local/lib/python3.12/site-packages/airflow/example_dags/tutorial_taskflow_templates.py for tasks to queue
[2025-06-20T22:01:36.346+0000] {logging_mixin.py:190} INFO - [2025-06-20T22:01:36.346+0000] {dagbag.py:588} INFO - Filling up the DagBag from /home/airflow/.local/lib/python3.12/site-packages/airflow/example_dags/tutorial_taskflow_templates.py
[2025-06-20T22:01:36.358+0000] {processor.py:925} INFO - DAG(s) 'tutorial_taskflow_templates' retrieved from /home/airflow/.local/lib/python3.12/site-packages/airflow/example_dags/tutorial_taskflow_templates.py
[2025-06-20T22:01:36.378+0000] {logging_mixin.py:190} INFO - [2025-06-20T22:01:36.378+0000] {dag.py:3239} INFO - Sync 1 DAGs
[2025-06-20T22:01:36.403+0000] {logging_mixin.py:190} INFO - [2025-06-20T22:01:36.403+0000] {dag.py:4180} INFO - Setting next_dagrun for tutorial_taskflow_templates to 2025-06-19 00:00:00+00:00, run_after=2025-06-20 00:00:00+00:00
[2025-06-20T22:01:36.428+0000] {processor.py:208} INFO - Processing /home/airflow/.local/lib/python3.12/site-packages/airflow/example_dags/tutorial_taskflow_templates.py took 0.092 seconds
[2025-06-20T22:02:08.006+0000] {processor.py:186} INFO - Started process (PID=899) to work on /home/airflow/.local/lib/python3.12/site-packages/airflow/example_dags/tutorial_taskflow_templates.py
[2025-06-20T22:02:08.008+0000] {processor.py:914} INFO - Processing file /home/airflow/.local/lib/python3.12/site-packages/airflow/example_dags/tutorial_taskflow_templates.py for tasks to queue
[2025-06-20T22:02:08.011+0000] {logging_mixin.py:190} INFO - [2025-06-20T22:02:08.010+0000] {dagbag.py:588} INFO - Filling up the DagBag from /home/airflow/.local/lib/python3.12/site-packages/airflow/example_dags/tutorial_taskflow_templates.py
[2025-06-20T22:02:08.023+0000] {processor.py:925} INFO - DAG(s) 'tutorial_taskflow_templates' retrieved from /home/airflow/.local/lib/python3.12/site-packages/airflow/example_dags/tutorial_taskflow_templates.py
[2025-06-20T22:02:08.043+0000] {logging_mixin.py:190} INFO - [2025-06-20T22:02:08.043+0000] {dag.py:3239} INFO - Sync 1 DAGs
[2025-06-20T22:02:08.068+0000] {logging_mixin.py:190} INFO - [2025-06-20T22:02:08.067+0000] {dag.py:4180} INFO - Setting next_dagrun for tutorial_taskflow_templates to 2025-06-19 00:00:00+00:00, run_after=2025-06-20 00:00:00+00:00
[2025-06-20T22:02:08.099+0000] {processor.py:208} INFO - Processing /home/airflow/.local/lib/python3.12/site-packages/airflow/example_dags/tutorial_taskflow_templates.py took 0.097 seconds
[2025-06-20T22:02:39.691+0000] {processor.py:186} INFO - Started process (PID=963) to work on /home/airflow/.local/lib/python3.12/site-packages/airflow/example_dags/tutorial_taskflow_templates.py
[2025-06-20T22:02:39.692+0000] {processor.py:914} INFO - Processing file /home/airflow/.local/lib/python3.12/site-packages/airflow/example_dags/tutorial_taskflow_templates.py for tasks to queue
[2025-06-20T22:02:39.696+0000] {logging_mixin.py:190} INFO - [2025-06-20T22:02:39.695+0000] {dagbag.py:588} INFO - Filling up the DagBag from /home/airflow/.local/lib/python3.12/site-packages/airflow/example_dags/tutorial_taskflow_templates.py
[2025-06-20T22:02:39.711+0000] {processor.py:925} INFO - DAG(s) 'tutorial_taskflow_templates' retrieved from /home/airflow/.local/lib/python3.12/site-packages/airflow/example_dags/tutorial_taskflow_templates.py
[2025-06-20T22:02:39.734+0000] {logging_mixin.py:190} INFO - [2025-06-20T22:02:39.734+0000] {dag.py:3239} INFO - Sync 1 DAGs
[2025-06-20T22:02:39.759+0000] {logging_mixin.py:190} INFO - [2025-06-20T22:02:39.759+0000] {dag.py:4180} INFO - Setting next_dagrun for tutorial_taskflow_templates to 2025-06-19 00:00:00+00:00, run_after=2025-06-20 00:00:00+00:00
[2025-06-20T22:02:39.788+0000] {processor.py:208} INFO - Processing /home/airflow/.local/lib/python3.12/site-packages/airflow/example_dags/tutorial_taskflow_templates.py took 0.103 seconds
[2025-06-20T22:03:11.516+0000] {processor.py:186} INFO - Started process (PID=1027) to work on /home/airflow/.local/lib/python3.12/site-packages/airflow/example_dags/tutorial_taskflow_templates.py
[2025-06-20T22:03:11.518+0000] {processor.py:914} INFO - Processing file /home/airflow/.local/lib/python3.12/site-packages/airflow/example_dags/tutorial_taskflow_templates.py for tasks to queue
[2025-06-20T22:03:11.521+0000] {logging_mixin.py:190} INFO - [2025-06-20T22:03:11.520+0000] {dagbag.py:588} INFO - Filling up the DagBag from /home/airflow/.local/lib/python3.12/site-packages/airflow/example_dags/tutorial_taskflow_templates.py
[2025-06-20T22:03:11.533+0000] {processor.py:925} INFO - DAG(s) 'tutorial_taskflow_templates' retrieved from /home/airflow/.local/lib/python3.12/site-packages/airflow/example_dags/tutorial_taskflow_templates.py
[2025-06-20T22:03:11.554+0000] {logging_mixin.py:190} INFO - [2025-06-20T22:03:11.553+0000] {dag.py:3239} INFO - Sync 1 DAGs
[2025-06-20T22:03:11.576+0000] {logging_mixin.py:190} INFO - [2025-06-20T22:03:11.576+0000] {dag.py:4180} INFO - Setting next_dagrun for tutorial_taskflow_templates to 2025-06-19 00:00:00+00:00, run_after=2025-06-20 00:00:00+00:00
[2025-06-20T22:03:11.598+0000] {processor.py:208} INFO - Processing /home/airflow/.local/lib/python3.12/site-packages/airflow/example_dags/tutorial_taskflow_templates.py took 0.087 seconds
[2025-06-20T22:03:43.371+0000] {processor.py:186} INFO - Started process (PID=1091) to work on /home/airflow/.local/lib/python3.12/site-packages/airflow/example_dags/tutorial_taskflow_templates.py
[2025-06-20T22:03:43.372+0000] {processor.py:914} INFO - Processing file /home/airflow/.local/lib/python3.12/site-packages/airflow/example_dags/tutorial_taskflow_templates.py for tasks to queue
[2025-06-20T22:03:43.375+0000] {logging_mixin.py:190} INFO - [2025-06-20T22:03:43.375+0000] {dagbag.py:588} INFO - Filling up the DagBag from /home/airflow/.local/lib/python3.12/site-packages/airflow/example_dags/tutorial_taskflow_templates.py
[2025-06-20T22:03:43.387+0000] {processor.py:925} INFO - DAG(s) 'tutorial_taskflow_templates' retrieved from /home/airflow/.local/lib/python3.12/site-packages/airflow/example_dags/tutorial_taskflow_templates.py
[2025-06-20T22:03:43.409+0000] {logging_mixin.py:190} INFO - [2025-06-20T22:03:43.408+0000] {dag.py:3239} INFO - Sync 1 DAGs
[2025-06-20T22:03:43.433+0000] {logging_mixin.py:190} INFO - [2025-06-20T22:03:43.433+0000] {dag.py:4180} INFO - Setting next_dagrun for tutorial_taskflow_templates to 2025-06-19 00:00:00+00:00, run_after=2025-06-20 00:00:00+00:00
[2025-06-20T22:03:43.467+0000] {processor.py:208} INFO - Processing /home/airflow/.local/lib/python3.12/site-packages/airflow/example_dags/tutorial_taskflow_templates.py took 0.101 seconds
