[2025-06-20T21:26:40.836+0000] {processor.py:186} INFO - Started process (PID=118) to work on /home/airflow/.local/lib/python3.12/site-packages/airflow/example_dags/tutorial_dag.py
[2025-06-20T21:26:40.837+0000] {processor.py:914} INFO - Processing file /home/airflow/.local/lib/python3.12/site-packages/airflow/example_dags/tutorial_dag.py for tasks to queue
[2025-06-20T21:26:40.839+0000] {logging_mixin.py:190} INFO - [2025-06-20T21:26:40.839+0000] {dagbag.py:588} INFO - Filling up the DagBag from /home/airflow/.local/lib/python3.12/site-packages/airflow/example_dags/tutorial_dag.py
[2025-06-20T21:26:40.848+0000] {processor.py:925} INFO - DAG(s) 'tutorial_dag' retrieved from /home/airflow/.local/lib/python3.12/site-packages/airflow/example_dags/tutorial_dag.py
[2025-06-20T21:26:41.122+0000] {logging_mixin.py:190} INFO - [2025-06-20T21:26:41.121+0000] {override.py:1911} INFO - Created Permission View: can delete on DAG:tutorial_dag
[2025-06-20T21:26:41.207+0000] {logging_mixin.py:190} INFO - [2025-06-20T21:26:41.206+0000] {override.py:1911} INFO - Created Permission View: can read on DAG:tutorial_dag
[2025-06-20T21:26:41.292+0000] {logging_mixin.py:190} INFO - [2025-06-20T21:26:41.291+0000] {override.py:1911} INFO - Created Permission View: can edit on DAG:tutorial_dag
[2025-06-20T21:26:41.366+0000] {logging_mixin.py:190} INFO - [2025-06-20T21:26:41.365+0000] {override.py:1911} INFO - Created Permission View: can delete on DAG Run:tutorial_dag
[2025-06-20T21:26:41.408+0000] {logging_mixin.py:190} INFO - [2025-06-20T21:26:41.407+0000] {override.py:1911} INFO - Created Permission View: can create on DAG Run:tutorial_dag
[2025-06-20T21:26:41.461+0000] {logging_mixin.py:190} INFO - [2025-06-20T21:26:41.460+0000] {override.py:1911} INFO - Created Permission View: can read on DAG Run:tutorial_dag
[2025-06-20T21:26:41.503+0000] {logging_mixin.py:190} INFO - [2025-06-20T21:26:41.503+0000] {override.py:1911} INFO - Created Permission View: menu access on DAG Run:tutorial_dag
[2025-06-20T21:26:41.505+0000] {logging_mixin.py:190} INFO - [2025-06-20T21:26:41.504+0000] {dag.py:3239} INFO - Sync 1 DAGs
[2025-06-20T21:26:41.533+0000] {logging_mixin.py:190} INFO - [2025-06-20T21:26:41.533+0000] {dag.py:3262} INFO - Creating ORM DAG for tutorial_dag
[2025-06-20T21:26:41.536+0000] {logging_mixin.py:190} INFO - [2025-06-20T21:26:41.535+0000] {dag.py:4180} INFO - Setting next_dagrun for tutorial_dag to None, run_after=None
[2025-06-20T21:26:41.608+0000] {processor.py:208} INFO - Processing /home/airflow/.local/lib/python3.12/site-packages/airflow/example_dags/tutorial_dag.py took 0.776 seconds
[2025-06-20T21:27:12.438+0000] {processor.py:186} INFO - Started process (PID=182) to work on /home/airflow/.local/lib/python3.12/site-packages/airflow/example_dags/tutorial_dag.py
[2025-06-20T21:27:12.439+0000] {processor.py:914} INFO - Processing file /home/airflow/.local/lib/python3.12/site-packages/airflow/example_dags/tutorial_dag.py for tasks to queue
[2025-06-20T21:27:12.441+0000] {logging_mixin.py:190} INFO - [2025-06-20T21:27:12.441+0000] {dagbag.py:588} INFO - Filling up the DagBag from /home/airflow/.local/lib/python3.12/site-packages/airflow/example_dags/tutorial_dag.py
[2025-06-20T21:27:12.447+0000] {processor.py:925} INFO - DAG(s) 'tutorial_dag' retrieved from /home/airflow/.local/lib/python3.12/site-packages/airflow/example_dags/tutorial_dag.py
[2025-06-20T21:27:12.465+0000] {logging_mixin.py:190} INFO - [2025-06-20T21:27:12.465+0000] {dag.py:3239} INFO - Sync 1 DAGs
[2025-06-20T21:27:12.479+0000] {logging_mixin.py:190} INFO - [2025-06-20T21:27:12.478+0000] {dag.py:4180} INFO - Setting next_dagrun for tutorial_dag to None, run_after=None
[2025-06-20T21:27:12.553+0000] {processor.py:208} INFO - Processing /home/airflow/.local/lib/python3.12/site-packages/airflow/example_dags/tutorial_dag.py took 0.120 seconds
[2025-06-20T21:27:42.859+0000] {processor.py:186} INFO - Started process (PID=246) to work on /home/airflow/.local/lib/python3.12/site-packages/airflow/example_dags/tutorial_dag.py
[2025-06-20T21:27:42.860+0000] {processor.py:914} INFO - Processing file /home/airflow/.local/lib/python3.12/site-packages/airflow/example_dags/tutorial_dag.py for tasks to queue
[2025-06-20T21:27:42.863+0000] {logging_mixin.py:190} INFO - [2025-06-20T21:27:42.862+0000] {dagbag.py:588} INFO - Filling up the DagBag from /home/airflow/.local/lib/python3.12/site-packages/airflow/example_dags/tutorial_dag.py
[2025-06-20T21:27:42.870+0000] {processor.py:925} INFO - DAG(s) 'tutorial_dag' retrieved from /home/airflow/.local/lib/python3.12/site-packages/airflow/example_dags/tutorial_dag.py
[2025-06-20T21:27:42.890+0000] {logging_mixin.py:190} INFO - [2025-06-20T21:27:42.890+0000] {dag.py:3239} INFO - Sync 1 DAGs
[2025-06-20T21:27:42.909+0000] {logging_mixin.py:190} INFO - [2025-06-20T21:27:42.909+0000] {dag.py:4180} INFO - Setting next_dagrun for tutorial_dag to None, run_after=None
[2025-06-20T21:27:42.938+0000] {processor.py:208} INFO - Processing /home/airflow/.local/lib/python3.12/site-packages/airflow/example_dags/tutorial_dag.py took 0.083 seconds
[2025-06-20T21:28:13.100+0000] {processor.py:186} INFO - Started process (PID=311) to work on /home/airflow/.local/lib/python3.12/site-packages/airflow/example_dags/tutorial_dag.py
[2025-06-20T21:28:13.101+0000] {processor.py:914} INFO - Processing file /home/airflow/.local/lib/python3.12/site-packages/airflow/example_dags/tutorial_dag.py for tasks to queue
[2025-06-20T21:28:13.104+0000] {logging_mixin.py:190} INFO - [2025-06-20T21:28:13.103+0000] {dagbag.py:588} INFO - Filling up the DagBag from /home/airflow/.local/lib/python3.12/site-packages/airflow/example_dags/tutorial_dag.py
[2025-06-20T21:28:13.118+0000] {processor.py:925} INFO - DAG(s) 'tutorial_dag' retrieved from /home/airflow/.local/lib/python3.12/site-packages/airflow/example_dags/tutorial_dag.py
[2025-06-20T21:28:13.149+0000] {logging_mixin.py:190} INFO - [2025-06-20T21:28:13.149+0000] {dag.py:3239} INFO - Sync 1 DAGs
[2025-06-20T21:28:13.170+0000] {logging_mixin.py:190} INFO - [2025-06-20T21:28:13.170+0000] {dag.py:4180} INFO - Setting next_dagrun for tutorial_dag to None, run_after=None
[2025-06-20T21:28:13.205+0000] {processor.py:208} INFO - Processing /home/airflow/.local/lib/python3.12/site-packages/airflow/example_dags/tutorial_dag.py took 0.110 seconds
[2025-06-20T21:28:44.651+0000] {processor.py:186} INFO - Started process (PID=375) to work on /home/airflow/.local/lib/python3.12/site-packages/airflow/example_dags/tutorial_dag.py
[2025-06-20T21:28:44.652+0000] {processor.py:914} INFO - Processing file /home/airflow/.local/lib/python3.12/site-packages/airflow/example_dags/tutorial_dag.py for tasks to queue
[2025-06-20T21:28:44.654+0000] {logging_mixin.py:190} INFO - [2025-06-20T21:28:44.654+0000] {dagbag.py:588} INFO - Filling up the DagBag from /home/airflow/.local/lib/python3.12/site-packages/airflow/example_dags/tutorial_dag.py
[2025-06-20T21:28:44.660+0000] {processor.py:925} INFO - DAG(s) 'tutorial_dag' retrieved from /home/airflow/.local/lib/python3.12/site-packages/airflow/example_dags/tutorial_dag.py
[2025-06-20T21:28:44.681+0000] {logging_mixin.py:190} INFO - [2025-06-20T21:28:44.681+0000] {dag.py:3239} INFO - Sync 1 DAGs
[2025-06-20T21:28:44.694+0000] {logging_mixin.py:190} INFO - [2025-06-20T21:28:44.694+0000] {dag.py:4180} INFO - Setting next_dagrun for tutorial_dag to None, run_after=None
[2025-06-20T21:28:44.958+0000] {processor.py:208} INFO - Processing /home/airflow/.local/lib/python3.12/site-packages/airflow/example_dags/tutorial_dag.py took 0.312 seconds
[2025-06-20T21:29:15.518+0000] {processor.py:186} INFO - Started process (PID=439) to work on /home/airflow/.local/lib/python3.12/site-packages/airflow/example_dags/tutorial_dag.py
[2025-06-20T21:29:15.520+0000] {processor.py:914} INFO - Processing file /home/airflow/.local/lib/python3.12/site-packages/airflow/example_dags/tutorial_dag.py for tasks to queue
[2025-06-20T21:29:15.522+0000] {logging_mixin.py:190} INFO - [2025-06-20T21:29:15.522+0000] {dagbag.py:588} INFO - Filling up the DagBag from /home/airflow/.local/lib/python3.12/site-packages/airflow/example_dags/tutorial_dag.py
[2025-06-20T21:29:15.529+0000] {processor.py:925} INFO - DAG(s) 'tutorial_dag' retrieved from /home/airflow/.local/lib/python3.12/site-packages/airflow/example_dags/tutorial_dag.py
[2025-06-20T21:29:15.547+0000] {logging_mixin.py:190} INFO - [2025-06-20T21:29:15.547+0000] {dag.py:3239} INFO - Sync 1 DAGs
[2025-06-20T21:29:15.563+0000] {logging_mixin.py:190} INFO - [2025-06-20T21:29:15.563+0000] {dag.py:4180} INFO - Setting next_dagrun for tutorial_dag to None, run_after=None
[2025-06-20T21:29:15.829+0000] {processor.py:208} INFO - Processing /home/airflow/.local/lib/python3.12/site-packages/airflow/example_dags/tutorial_dag.py took 0.316 seconds
[2025-06-20T21:29:46.658+0000] {processor.py:186} INFO - Started process (PID=503) to work on /home/airflow/.local/lib/python3.12/site-packages/airflow/example_dags/tutorial_dag.py
[2025-06-20T21:29:46.659+0000] {processor.py:914} INFO - Processing file /home/airflow/.local/lib/python3.12/site-packages/airflow/example_dags/tutorial_dag.py for tasks to queue
[2025-06-20T21:29:46.662+0000] {logging_mixin.py:190} INFO - [2025-06-20T21:29:46.661+0000] {dagbag.py:588} INFO - Filling up the DagBag from /home/airflow/.local/lib/python3.12/site-packages/airflow/example_dags/tutorial_dag.py
[2025-06-20T21:29:46.669+0000] {processor.py:925} INFO - DAG(s) 'tutorial_dag' retrieved from /home/airflow/.local/lib/python3.12/site-packages/airflow/example_dags/tutorial_dag.py
[2025-06-20T21:29:46.688+0000] {logging_mixin.py:190} INFO - [2025-06-20T21:29:46.688+0000] {dag.py:3239} INFO - Sync 1 DAGs
[2025-06-20T21:29:46.703+0000] {logging_mixin.py:190} INFO - [2025-06-20T21:29:46.703+0000] {dag.py:4180} INFO - Setting next_dagrun for tutorial_dag to None, run_after=None
[2025-06-20T21:29:46.742+0000] {processor.py:208} INFO - Processing /home/airflow/.local/lib/python3.12/site-packages/airflow/example_dags/tutorial_dag.py took 0.089 seconds
[2025-06-20T21:30:16.954+0000] {processor.py:186} INFO - Started process (PID=566) to work on /home/airflow/.local/lib/python3.12/site-packages/airflow/example_dags/tutorial_dag.py
[2025-06-20T21:30:16.955+0000] {processor.py:914} INFO - Processing file /home/airflow/.local/lib/python3.12/site-packages/airflow/example_dags/tutorial_dag.py for tasks to queue
[2025-06-20T21:30:16.957+0000] {logging_mixin.py:190} INFO - [2025-06-20T21:30:16.957+0000] {dagbag.py:588} INFO - Filling up the DagBag from /home/airflow/.local/lib/python3.12/site-packages/airflow/example_dags/tutorial_dag.py
[2025-06-20T21:30:16.964+0000] {processor.py:925} INFO - DAG(s) 'tutorial_dag' retrieved from /home/airflow/.local/lib/python3.12/site-packages/airflow/example_dags/tutorial_dag.py
[2025-06-20T21:30:16.986+0000] {logging_mixin.py:190} INFO - [2025-06-20T21:30:16.985+0000] {dag.py:3239} INFO - Sync 1 DAGs
[2025-06-20T21:30:17.001+0000] {logging_mixin.py:190} INFO - [2025-06-20T21:30:17.000+0000] {dag.py:4180} INFO - Setting next_dagrun for tutorial_dag to None, run_after=None
[2025-06-20T21:30:17.090+0000] {processor.py:208} INFO - Processing /home/airflow/.local/lib/python3.12/site-packages/airflow/example_dags/tutorial_dag.py took 0.141 seconds
[2025-06-20T21:30:47.505+0000] {processor.py:186} INFO - Started process (PID=624) to work on /home/airflow/.local/lib/python3.12/site-packages/airflow/example_dags/tutorial_dag.py
[2025-06-20T21:30:47.506+0000] {processor.py:914} INFO - Processing file /home/airflow/.local/lib/python3.12/site-packages/airflow/example_dags/tutorial_dag.py for tasks to queue
[2025-06-20T21:30:47.508+0000] {logging_mixin.py:190} INFO - [2025-06-20T21:30:47.508+0000] {dagbag.py:588} INFO - Filling up the DagBag from /home/airflow/.local/lib/python3.12/site-packages/airflow/example_dags/tutorial_dag.py
[2025-06-20T21:30:47.514+0000] {processor.py:925} INFO - DAG(s) 'tutorial_dag' retrieved from /home/airflow/.local/lib/python3.12/site-packages/airflow/example_dags/tutorial_dag.py
[2025-06-20T21:30:47.535+0000] {logging_mixin.py:190} INFO - [2025-06-20T21:30:47.534+0000] {dag.py:3239} INFO - Sync 1 DAGs
[2025-06-20T21:30:47.550+0000] {logging_mixin.py:190} INFO - [2025-06-20T21:30:47.549+0000] {dag.py:4180} INFO - Setting next_dagrun for tutorial_dag to None, run_after=None
[2025-06-20T21:30:47.580+0000] {processor.py:208} INFO - Processing /home/airflow/.local/lib/python3.12/site-packages/airflow/example_dags/tutorial_dag.py took 0.081 seconds
[2025-06-20T21:31:18.413+0000] {processor.py:186} INFO - Started process (PID=688) to work on /home/airflow/.local/lib/python3.12/site-packages/airflow/example_dags/tutorial_dag.py
[2025-06-20T21:31:18.414+0000] {processor.py:914} INFO - Processing file /home/airflow/.local/lib/python3.12/site-packages/airflow/example_dags/tutorial_dag.py for tasks to queue
[2025-06-20T21:31:18.416+0000] {logging_mixin.py:190} INFO - [2025-06-20T21:31:18.416+0000] {dagbag.py:588} INFO - Filling up the DagBag from /home/airflow/.local/lib/python3.12/site-packages/airflow/example_dags/tutorial_dag.py
[2025-06-20T21:31:18.423+0000] {processor.py:925} INFO - DAG(s) 'tutorial_dag' retrieved from /home/airflow/.local/lib/python3.12/site-packages/airflow/example_dags/tutorial_dag.py
[2025-06-20T21:31:18.441+0000] {logging_mixin.py:190} INFO - [2025-06-20T21:31:18.441+0000] {dag.py:3239} INFO - Sync 1 DAGs
[2025-06-20T21:31:18.455+0000] {logging_mixin.py:190} INFO - [2025-06-20T21:31:18.455+0000] {dag.py:4180} INFO - Setting next_dagrun for tutorial_dag to None, run_after=None
[2025-06-20T21:31:18.643+0000] {processor.py:208} INFO - Processing /home/airflow/.local/lib/python3.12/site-packages/airflow/example_dags/tutorial_dag.py took 0.235 seconds
[2025-06-20T21:31:48.701+0000] {processor.py:186} INFO - Started process (PID=753) to work on /home/airflow/.local/lib/python3.12/site-packages/airflow/example_dags/tutorial_dag.py
[2025-06-20T21:31:48.702+0000] {processor.py:914} INFO - Processing file /home/airflow/.local/lib/python3.12/site-packages/airflow/example_dags/tutorial_dag.py for tasks to queue
[2025-06-20T21:31:48.705+0000] {logging_mixin.py:190} INFO - [2025-06-20T21:31:48.705+0000] {dagbag.py:588} INFO - Filling up the DagBag from /home/airflow/.local/lib/python3.12/site-packages/airflow/example_dags/tutorial_dag.py
[2025-06-20T21:31:48.714+0000] {processor.py:925} INFO - DAG(s) 'tutorial_dag' retrieved from /home/airflow/.local/lib/python3.12/site-packages/airflow/example_dags/tutorial_dag.py
[2025-06-20T21:31:48.742+0000] {logging_mixin.py:190} INFO - [2025-06-20T21:31:48.741+0000] {dag.py:3239} INFO - Sync 1 DAGs
[2025-06-20T21:31:48.768+0000] {logging_mixin.py:190} INFO - [2025-06-20T21:31:48.767+0000] {dag.py:4180} INFO - Setting next_dagrun for tutorial_dag to None, run_after=None
[2025-06-20T21:31:48.814+0000] {processor.py:208} INFO - Processing /home/airflow/.local/lib/python3.12/site-packages/airflow/example_dags/tutorial_dag.py took 0.119 seconds
[2025-06-20T21:32:19.050+0000] {processor.py:186} INFO - Started process (PID=816) to work on /home/airflow/.local/lib/python3.12/site-packages/airflow/example_dags/tutorial_dag.py
[2025-06-20T21:32:19.052+0000] {processor.py:914} INFO - Processing file /home/airflow/.local/lib/python3.12/site-packages/airflow/example_dags/tutorial_dag.py for tasks to queue
[2025-06-20T21:32:19.055+0000] {logging_mixin.py:190} INFO - [2025-06-20T21:32:19.054+0000] {dagbag.py:588} INFO - Filling up the DagBag from /home/airflow/.local/lib/python3.12/site-packages/airflow/example_dags/tutorial_dag.py
[2025-06-20T21:32:19.066+0000] {processor.py:925} INFO - DAG(s) 'tutorial_dag' retrieved from /home/airflow/.local/lib/python3.12/site-packages/airflow/example_dags/tutorial_dag.py
[2025-06-20T21:32:19.091+0000] {logging_mixin.py:190} INFO - [2025-06-20T21:32:19.091+0000] {dag.py:3239} INFO - Sync 1 DAGs
[2025-06-20T21:32:19.109+0000] {logging_mixin.py:190} INFO - [2025-06-20T21:32:19.109+0000] {dag.py:4180} INFO - Setting next_dagrun for tutorial_dag to None, run_after=None
[2025-06-20T21:32:19.199+0000] {processor.py:208} INFO - Processing /home/airflow/.local/lib/python3.12/site-packages/airflow/example_dags/tutorial_dag.py took 0.155 seconds
[2025-06-20T21:32:50.203+0000] {processor.py:186} INFO - Started process (PID=880) to work on /home/airflow/.local/lib/python3.12/site-packages/airflow/example_dags/tutorial_dag.py
[2025-06-20T21:32:50.204+0000] {processor.py:914} INFO - Processing file /home/airflow/.local/lib/python3.12/site-packages/airflow/example_dags/tutorial_dag.py for tasks to queue
[2025-06-20T21:32:50.206+0000] {logging_mixin.py:190} INFO - [2025-06-20T21:32:50.206+0000] {dagbag.py:588} INFO - Filling up the DagBag from /home/airflow/.local/lib/python3.12/site-packages/airflow/example_dags/tutorial_dag.py
[2025-06-20T21:32:50.213+0000] {processor.py:925} INFO - DAG(s) 'tutorial_dag' retrieved from /home/airflow/.local/lib/python3.12/site-packages/airflow/example_dags/tutorial_dag.py
[2025-06-20T21:32:50.233+0000] {logging_mixin.py:190} INFO - [2025-06-20T21:32:50.232+0000] {dag.py:3239} INFO - Sync 1 DAGs
[2025-06-20T21:32:50.247+0000] {logging_mixin.py:190} INFO - [2025-06-20T21:32:50.247+0000] {dag.py:4180} INFO - Setting next_dagrun for tutorial_dag to None, run_after=None
[2025-06-20T21:32:50.296+0000] {processor.py:208} INFO - Processing /home/airflow/.local/lib/python3.12/site-packages/airflow/example_dags/tutorial_dag.py took 0.098 seconds
[2025-06-20T21:33:21.058+0000] {processor.py:186} INFO - Started process (PID=944) to work on /home/airflow/.local/lib/python3.12/site-packages/airflow/example_dags/tutorial_dag.py
[2025-06-20T21:33:21.060+0000] {processor.py:914} INFO - Processing file /home/airflow/.local/lib/python3.12/site-packages/airflow/example_dags/tutorial_dag.py for tasks to queue
[2025-06-20T21:33:21.062+0000] {logging_mixin.py:190} INFO - [2025-06-20T21:33:21.062+0000] {dagbag.py:588} INFO - Filling up the DagBag from /home/airflow/.local/lib/python3.12/site-packages/airflow/example_dags/tutorial_dag.py
[2025-06-20T21:33:21.068+0000] {processor.py:925} INFO - DAG(s) 'tutorial_dag' retrieved from /home/airflow/.local/lib/python3.12/site-packages/airflow/example_dags/tutorial_dag.py
[2025-06-20T21:33:21.088+0000] {logging_mixin.py:190} INFO - [2025-06-20T21:33:21.088+0000] {dag.py:3239} INFO - Sync 1 DAGs
[2025-06-20T21:33:21.103+0000] {logging_mixin.py:190} INFO - [2025-06-20T21:33:21.103+0000] {dag.py:4180} INFO - Setting next_dagrun for tutorial_dag to None, run_after=None
[2025-06-20T21:33:21.195+0000] {processor.py:208} INFO - Processing /home/airflow/.local/lib/python3.12/site-packages/airflow/example_dags/tutorial_dag.py took 0.141 seconds
[2025-06-20T21:33:51.896+0000] {processor.py:186} INFO - Started process (PID=1008) to work on /home/airflow/.local/lib/python3.12/site-packages/airflow/example_dags/tutorial_dag.py
[2025-06-20T21:33:51.897+0000] {processor.py:914} INFO - Processing file /home/airflow/.local/lib/python3.12/site-packages/airflow/example_dags/tutorial_dag.py for tasks to queue
[2025-06-20T21:33:51.900+0000] {logging_mixin.py:190} INFO - [2025-06-20T21:33:51.899+0000] {dagbag.py:588} INFO - Filling up the DagBag from /home/airflow/.local/lib/python3.12/site-packages/airflow/example_dags/tutorial_dag.py
[2025-06-20T21:33:51.907+0000] {processor.py:925} INFO - DAG(s) 'tutorial_dag' retrieved from /home/airflow/.local/lib/python3.12/site-packages/airflow/example_dags/tutorial_dag.py
[2025-06-20T21:33:51.926+0000] {logging_mixin.py:190} INFO - [2025-06-20T21:33:51.925+0000] {dag.py:3239} INFO - Sync 1 DAGs
[2025-06-20T21:33:51.940+0000] {logging_mixin.py:190} INFO - [2025-06-20T21:33:51.940+0000] {dag.py:4180} INFO - Setting next_dagrun for tutorial_dag to None, run_after=None
[2025-06-20T21:33:51.981+0000] {processor.py:208} INFO - Processing /home/airflow/.local/lib/python3.12/site-packages/airflow/example_dags/tutorial_dag.py took 0.092 seconds
[2025-06-20T21:34:22.853+0000] {processor.py:186} INFO - Started process (PID=1072) to work on /home/airflow/.local/lib/python3.12/site-packages/airflow/example_dags/tutorial_dag.py
[2025-06-20T21:34:22.854+0000] {processor.py:914} INFO - Processing file /home/airflow/.local/lib/python3.12/site-packages/airflow/example_dags/tutorial_dag.py for tasks to queue
[2025-06-20T21:34:22.856+0000] {logging_mixin.py:190} INFO - [2025-06-20T21:34:22.856+0000] {dagbag.py:588} INFO - Filling up the DagBag from /home/airflow/.local/lib/python3.12/site-packages/airflow/example_dags/tutorial_dag.py
[2025-06-20T21:34:22.864+0000] {processor.py:925} INFO - DAG(s) 'tutorial_dag' retrieved from /home/airflow/.local/lib/python3.12/site-packages/airflow/example_dags/tutorial_dag.py
[2025-06-20T21:34:22.885+0000] {logging_mixin.py:190} INFO - [2025-06-20T21:34:22.885+0000] {dag.py:3239} INFO - Sync 1 DAGs
[2025-06-20T21:34:22.899+0000] {logging_mixin.py:190} INFO - [2025-06-20T21:34:22.899+0000] {dag.py:4180} INFO - Setting next_dagrun for tutorial_dag to None, run_after=None
[2025-06-20T21:34:22.934+0000] {processor.py:208} INFO - Processing /home/airflow/.local/lib/python3.12/site-packages/airflow/example_dags/tutorial_dag.py took 0.086 seconds
[2025-06-20T21:34:53.047+0000] {processor.py:186} INFO - Started process (PID=1136) to work on /home/airflow/.local/lib/python3.12/site-packages/airflow/example_dags/tutorial_dag.py
[2025-06-20T21:34:53.048+0000] {processor.py:914} INFO - Processing file /home/airflow/.local/lib/python3.12/site-packages/airflow/example_dags/tutorial_dag.py for tasks to queue
[2025-06-20T21:34:53.050+0000] {logging_mixin.py:190} INFO - [2025-06-20T21:34:53.050+0000] {dagbag.py:588} INFO - Filling up the DagBag from /home/airflow/.local/lib/python3.12/site-packages/airflow/example_dags/tutorial_dag.py
[2025-06-20T21:34:53.057+0000] {processor.py:925} INFO - DAG(s) 'tutorial_dag' retrieved from /home/airflow/.local/lib/python3.12/site-packages/airflow/example_dags/tutorial_dag.py
[2025-06-20T21:34:53.077+0000] {logging_mixin.py:190} INFO - [2025-06-20T21:34:53.077+0000] {dag.py:3239} INFO - Sync 1 DAGs
[2025-06-20T21:34:53.091+0000] {logging_mixin.py:190} INFO - [2025-06-20T21:34:53.091+0000] {dag.py:4180} INFO - Setting next_dagrun for tutorial_dag to None, run_after=None
[2025-06-20T21:34:53.136+0000] {processor.py:208} INFO - Processing /home/airflow/.local/lib/python3.12/site-packages/airflow/example_dags/tutorial_dag.py took 0.094 seconds
[2025-06-20T21:35:23.182+0000] {processor.py:186} INFO - Started process (PID=1200) to work on /home/airflow/.local/lib/python3.12/site-packages/airflow/example_dags/tutorial_dag.py
[2025-06-20T21:35:23.183+0000] {processor.py:914} INFO - Processing file /home/airflow/.local/lib/python3.12/site-packages/airflow/example_dags/tutorial_dag.py for tasks to queue
[2025-06-20T21:35:23.185+0000] {logging_mixin.py:190} INFO - [2025-06-20T21:35:23.185+0000] {dagbag.py:588} INFO - Filling up the DagBag from /home/airflow/.local/lib/python3.12/site-packages/airflow/example_dags/tutorial_dag.py
[2025-06-20T21:35:23.192+0000] {processor.py:925} INFO - DAG(s) 'tutorial_dag' retrieved from /home/airflow/.local/lib/python3.12/site-packages/airflow/example_dags/tutorial_dag.py
[2025-06-20T21:35:23.211+0000] {logging_mixin.py:190} INFO - [2025-06-20T21:35:23.211+0000] {dag.py:3239} INFO - Sync 1 DAGs
[2025-06-20T21:35:23.226+0000] {logging_mixin.py:190} INFO - [2025-06-20T21:35:23.225+0000] {dag.py:4180} INFO - Setting next_dagrun for tutorial_dag to None, run_after=None
[2025-06-20T21:35:23.316+0000] {processor.py:208} INFO - Processing /home/airflow/.local/lib/python3.12/site-packages/airflow/example_dags/tutorial_dag.py took 0.139 seconds
[2025-06-20T21:35:54.108+0000] {processor.py:186} INFO - Started process (PID=1264) to work on /home/airflow/.local/lib/python3.12/site-packages/airflow/example_dags/tutorial_dag.py
[2025-06-20T21:35:54.110+0000] {processor.py:914} INFO - Processing file /home/airflow/.local/lib/python3.12/site-packages/airflow/example_dags/tutorial_dag.py for tasks to queue
[2025-06-20T21:35:54.114+0000] {logging_mixin.py:190} INFO - [2025-06-20T21:35:54.113+0000] {dagbag.py:588} INFO - Filling up the DagBag from /home/airflow/.local/lib/python3.12/site-packages/airflow/example_dags/tutorial_dag.py
[2025-06-20T21:35:54.125+0000] {processor.py:925} INFO - DAG(s) 'tutorial_dag' retrieved from /home/airflow/.local/lib/python3.12/site-packages/airflow/example_dags/tutorial_dag.py
[2025-06-20T21:35:54.146+0000] {logging_mixin.py:190} INFO - [2025-06-20T21:35:54.145+0000] {dag.py:3239} INFO - Sync 1 DAGs
[2025-06-20T21:35:54.159+0000] {logging_mixin.py:190} INFO - [2025-06-20T21:35:54.159+0000] {dag.py:4180} INFO - Setting next_dagrun for tutorial_dag to None, run_after=None
[2025-06-20T21:35:54.207+0000] {processor.py:208} INFO - Processing /home/airflow/.local/lib/python3.12/site-packages/airflow/example_dags/tutorial_dag.py took 0.106 seconds
[2025-06-20T21:36:24.498+0000] {processor.py:186} INFO - Started process (PID=1328) to work on /home/airflow/.local/lib/python3.12/site-packages/airflow/example_dags/tutorial_dag.py
[2025-06-20T21:36:24.499+0000] {processor.py:914} INFO - Processing file /home/airflow/.local/lib/python3.12/site-packages/airflow/example_dags/tutorial_dag.py for tasks to queue
[2025-06-20T21:36:24.502+0000] {logging_mixin.py:190} INFO - [2025-06-20T21:36:24.501+0000] {dagbag.py:588} INFO - Filling up the DagBag from /home/airflow/.local/lib/python3.12/site-packages/airflow/example_dags/tutorial_dag.py
[2025-06-20T21:36:24.508+0000] {processor.py:925} INFO - DAG(s) 'tutorial_dag' retrieved from /home/airflow/.local/lib/python3.12/site-packages/airflow/example_dags/tutorial_dag.py
[2025-06-20T21:36:24.527+0000] {logging_mixin.py:190} INFO - [2025-06-20T21:36:24.527+0000] {dag.py:3239} INFO - Sync 1 DAGs
[2025-06-20T21:36:24.540+0000] {logging_mixin.py:190} INFO - [2025-06-20T21:36:24.540+0000] {dag.py:4180} INFO - Setting next_dagrun for tutorial_dag to None, run_after=None
[2025-06-20T21:36:24.577+0000] {processor.py:208} INFO - Processing /home/airflow/.local/lib/python3.12/site-packages/airflow/example_dags/tutorial_dag.py took 0.084 seconds
[2025-06-20T21:36:55.391+0000] {processor.py:186} INFO - Started process (PID=1391) to work on /home/airflow/.local/lib/python3.12/site-packages/airflow/example_dags/tutorial_dag.py
[2025-06-20T21:36:55.392+0000] {processor.py:914} INFO - Processing file /home/airflow/.local/lib/python3.12/site-packages/airflow/example_dags/tutorial_dag.py for tasks to queue
[2025-06-20T21:36:55.395+0000] {logging_mixin.py:190} INFO - [2025-06-20T21:36:55.394+0000] {dagbag.py:588} INFO - Filling up the DagBag from /home/airflow/.local/lib/python3.12/site-packages/airflow/example_dags/tutorial_dag.py
[2025-06-20T21:36:55.401+0000] {processor.py:925} INFO - DAG(s) 'tutorial_dag' retrieved from /home/airflow/.local/lib/python3.12/site-packages/airflow/example_dags/tutorial_dag.py
[2025-06-20T21:36:55.421+0000] {logging_mixin.py:190} INFO - [2025-06-20T21:36:55.421+0000] {dag.py:3239} INFO - Sync 1 DAGs
[2025-06-20T21:36:55.436+0000] {logging_mixin.py:190} INFO - [2025-06-20T21:36:55.436+0000] {dag.py:4180} INFO - Setting next_dagrun for tutorial_dag to None, run_after=None
[2025-06-20T21:36:55.459+0000] {processor.py:208} INFO - Processing /home/airflow/.local/lib/python3.12/site-packages/airflow/example_dags/tutorial_dag.py took 0.072 seconds
[2025-06-20T21:37:26.652+0000] {processor.py:186} INFO - Started process (PID=1455) to work on /home/airflow/.local/lib/python3.12/site-packages/airflow/example_dags/tutorial_dag.py
[2025-06-20T21:37:26.653+0000] {processor.py:914} INFO - Processing file /home/airflow/.local/lib/python3.12/site-packages/airflow/example_dags/tutorial_dag.py for tasks to queue
[2025-06-20T21:37:26.655+0000] {logging_mixin.py:190} INFO - [2025-06-20T21:37:26.655+0000] {dagbag.py:588} INFO - Filling up the DagBag from /home/airflow/.local/lib/python3.12/site-packages/airflow/example_dags/tutorial_dag.py
[2025-06-20T21:37:26.662+0000] {processor.py:925} INFO - DAG(s) 'tutorial_dag' retrieved from /home/airflow/.local/lib/python3.12/site-packages/airflow/example_dags/tutorial_dag.py
[2025-06-20T21:37:26.679+0000] {logging_mixin.py:190} INFO - [2025-06-20T21:37:26.679+0000] {dag.py:3239} INFO - Sync 1 DAGs
[2025-06-20T21:37:26.693+0000] {logging_mixin.py:190} INFO - [2025-06-20T21:37:26.693+0000] {dag.py:4180} INFO - Setting next_dagrun for tutorial_dag to None, run_after=None
[2025-06-20T21:37:26.718+0000] {processor.py:208} INFO - Processing /home/airflow/.local/lib/python3.12/site-packages/airflow/example_dags/tutorial_dag.py took 0.071 seconds
[2025-06-20T21:37:58.026+0000] {processor.py:186} INFO - Started process (PID=1514) to work on /home/airflow/.local/lib/python3.12/site-packages/airflow/example_dags/tutorial_dag.py
[2025-06-20T21:37:58.027+0000] {processor.py:914} INFO - Processing file /home/airflow/.local/lib/python3.12/site-packages/airflow/example_dags/tutorial_dag.py for tasks to queue
[2025-06-20T21:37:58.030+0000] {logging_mixin.py:190} INFO - [2025-06-20T21:37:58.030+0000] {dagbag.py:588} INFO - Filling up the DagBag from /home/airflow/.local/lib/python3.12/site-packages/airflow/example_dags/tutorial_dag.py
[2025-06-20T21:37:58.037+0000] {processor.py:925} INFO - DAG(s) 'tutorial_dag' retrieved from /home/airflow/.local/lib/python3.12/site-packages/airflow/example_dags/tutorial_dag.py
[2025-06-20T21:37:58.057+0000] {logging_mixin.py:190} INFO - [2025-06-20T21:37:58.057+0000] {dag.py:3239} INFO - Sync 1 DAGs
[2025-06-20T21:37:58.073+0000] {logging_mixin.py:190} INFO - [2025-06-20T21:37:58.073+0000] {dag.py:4180} INFO - Setting next_dagrun for tutorial_dag to None, run_after=None
[2025-06-20T21:37:58.116+0000] {processor.py:208} INFO - Processing /home/airflow/.local/lib/python3.12/site-packages/airflow/example_dags/tutorial_dag.py took 0.094 seconds
[2025-06-20T21:38:29.841+0000] {processor.py:186} INFO - Started process (PID=1578) to work on /home/airflow/.local/lib/python3.12/site-packages/airflow/example_dags/tutorial_dag.py
[2025-06-20T21:38:29.842+0000] {processor.py:914} INFO - Processing file /home/airflow/.local/lib/python3.12/site-packages/airflow/example_dags/tutorial_dag.py for tasks to queue
[2025-06-20T21:38:29.845+0000] {logging_mixin.py:190} INFO - [2025-06-20T21:38:29.845+0000] {dagbag.py:588} INFO - Filling up the DagBag from /home/airflow/.local/lib/python3.12/site-packages/airflow/example_dags/tutorial_dag.py
[2025-06-20T21:38:29.855+0000] {processor.py:925} INFO - DAG(s) 'tutorial_dag' retrieved from /home/airflow/.local/lib/python3.12/site-packages/airflow/example_dags/tutorial_dag.py
[2025-06-20T21:38:29.882+0000] {logging_mixin.py:190} INFO - [2025-06-20T21:38:29.881+0000] {dag.py:3239} INFO - Sync 1 DAGs
[2025-06-20T21:38:29.901+0000] {logging_mixin.py:190} INFO - [2025-06-20T21:38:29.901+0000] {dag.py:4180} INFO - Setting next_dagrun for tutorial_dag to None, run_after=None
[2025-06-20T21:38:29.946+0000] {processor.py:208} INFO - Processing /home/airflow/.local/lib/python3.12/site-packages/airflow/example_dags/tutorial_dag.py took 0.113 seconds
[2025-06-20T21:39:00.963+0000] {processor.py:186} INFO - Started process (PID=1642) to work on /home/airflow/.local/lib/python3.12/site-packages/airflow/example_dags/tutorial_dag.py
[2025-06-20T21:39:00.964+0000] {processor.py:914} INFO - Processing file /home/airflow/.local/lib/python3.12/site-packages/airflow/example_dags/tutorial_dag.py for tasks to queue
[2025-06-20T21:39:00.966+0000] {logging_mixin.py:190} INFO - [2025-06-20T21:39:00.966+0000] {dagbag.py:588} INFO - Filling up the DagBag from /home/airflow/.local/lib/python3.12/site-packages/airflow/example_dags/tutorial_dag.py
[2025-06-20T21:39:00.973+0000] {processor.py:925} INFO - DAG(s) 'tutorial_dag' retrieved from /home/airflow/.local/lib/python3.12/site-packages/airflow/example_dags/tutorial_dag.py
[2025-06-20T21:39:00.992+0000] {logging_mixin.py:190} INFO - [2025-06-20T21:39:00.992+0000] {dag.py:3239} INFO - Sync 1 DAGs
[2025-06-20T21:39:01.008+0000] {logging_mixin.py:190} INFO - [2025-06-20T21:39:01.008+0000] {dag.py:4180} INFO - Setting next_dagrun for tutorial_dag to None, run_after=None
[2025-06-20T21:39:01.043+0000] {processor.py:208} INFO - Processing /home/airflow/.local/lib/python3.12/site-packages/airflow/example_dags/tutorial_dag.py took 0.086 seconds
[2025-06-20T21:39:32.035+0000] {processor.py:186} INFO - Started process (PID=1706) to work on /home/airflow/.local/lib/python3.12/site-packages/airflow/example_dags/tutorial_dag.py
[2025-06-20T21:39:32.036+0000] {processor.py:914} INFO - Processing file /home/airflow/.local/lib/python3.12/site-packages/airflow/example_dags/tutorial_dag.py for tasks to queue
[2025-06-20T21:39:32.039+0000] {logging_mixin.py:190} INFO - [2025-06-20T21:39:32.038+0000] {dagbag.py:588} INFO - Filling up the DagBag from /home/airflow/.local/lib/python3.12/site-packages/airflow/example_dags/tutorial_dag.py
[2025-06-20T21:39:32.045+0000] {processor.py:925} INFO - DAG(s) 'tutorial_dag' retrieved from /home/airflow/.local/lib/python3.12/site-packages/airflow/example_dags/tutorial_dag.py
[2025-06-20T21:39:32.064+0000] {logging_mixin.py:190} INFO - [2025-06-20T21:39:32.064+0000] {dag.py:3239} INFO - Sync 1 DAGs
[2025-06-20T21:39:32.078+0000] {logging_mixin.py:190} INFO - [2025-06-20T21:39:32.077+0000] {dag.py:4180} INFO - Setting next_dagrun for tutorial_dag to None, run_after=None
[2025-06-20T21:39:32.100+0000] {processor.py:208} INFO - Processing /home/airflow/.local/lib/python3.12/site-packages/airflow/example_dags/tutorial_dag.py took 0.070 seconds
[2025-06-20T21:40:04.175+0000] {processor.py:186} INFO - Started process (PID=1770) to work on /home/airflow/.local/lib/python3.12/site-packages/airflow/example_dags/tutorial_dag.py
[2025-06-20T21:40:04.176+0000] {processor.py:914} INFO - Processing file /home/airflow/.local/lib/python3.12/site-packages/airflow/example_dags/tutorial_dag.py for tasks to queue
[2025-06-20T21:40:04.178+0000] {logging_mixin.py:190} INFO - [2025-06-20T21:40:04.178+0000] {dagbag.py:588} INFO - Filling up the DagBag from /home/airflow/.local/lib/python3.12/site-packages/airflow/example_dags/tutorial_dag.py
[2025-06-20T21:40:04.185+0000] {processor.py:925} INFO - DAG(s) 'tutorial_dag' retrieved from /home/airflow/.local/lib/python3.12/site-packages/airflow/example_dags/tutorial_dag.py
[2025-06-20T21:40:04.205+0000] {logging_mixin.py:190} INFO - [2025-06-20T21:40:04.205+0000] {dag.py:3239} INFO - Sync 1 DAGs
[2025-06-20T21:40:04.219+0000] {logging_mixin.py:190} INFO - [2025-06-20T21:40:04.219+0000] {dag.py:4180} INFO - Setting next_dagrun for tutorial_dag to None, run_after=None
[2025-06-20T21:40:04.240+0000] {processor.py:208} INFO - Processing /home/airflow/.local/lib/python3.12/site-packages/airflow/example_dags/tutorial_dag.py took 0.070 seconds
[2025-06-20T21:40:34.725+0000] {processor.py:186} INFO - Started process (PID=1828) to work on /home/airflow/.local/lib/python3.12/site-packages/airflow/example_dags/tutorial_dag.py
[2025-06-20T21:40:34.726+0000] {processor.py:914} INFO - Processing file /home/airflow/.local/lib/python3.12/site-packages/airflow/example_dags/tutorial_dag.py for tasks to queue
[2025-06-20T21:40:34.728+0000] {logging_mixin.py:190} INFO - [2025-06-20T21:40:34.728+0000] {dagbag.py:588} INFO - Filling up the DagBag from /home/airflow/.local/lib/python3.12/site-packages/airflow/example_dags/tutorial_dag.py
[2025-06-20T21:40:34.735+0000] {processor.py:925} INFO - DAG(s) 'tutorial_dag' retrieved from /home/airflow/.local/lib/python3.12/site-packages/airflow/example_dags/tutorial_dag.py
[2025-06-20T21:40:34.753+0000] {logging_mixin.py:190} INFO - [2025-06-20T21:40:34.753+0000] {dag.py:3239} INFO - Sync 1 DAGs
[2025-06-20T21:40:34.767+0000] {logging_mixin.py:190} INFO - [2025-06-20T21:40:34.767+0000] {dag.py:4180} INFO - Setting next_dagrun for tutorial_dag to None, run_after=None
[2025-06-20T21:40:34.795+0000] {processor.py:208} INFO - Processing /home/airflow/.local/lib/python3.12/site-packages/airflow/example_dags/tutorial_dag.py took 0.075 seconds
[2025-06-20T21:41:05.255+0000] {processor.py:186} INFO - Started process (PID=1892) to work on /home/airflow/.local/lib/python3.12/site-packages/airflow/example_dags/tutorial_dag.py
[2025-06-20T21:41:05.256+0000] {processor.py:914} INFO - Processing file /home/airflow/.local/lib/python3.12/site-packages/airflow/example_dags/tutorial_dag.py for tasks to queue
[2025-06-20T21:41:05.259+0000] {logging_mixin.py:190} INFO - [2025-06-20T21:41:05.258+0000] {dagbag.py:588} INFO - Filling up the DagBag from /home/airflow/.local/lib/python3.12/site-packages/airflow/example_dags/tutorial_dag.py
[2025-06-20T21:41:05.266+0000] {processor.py:925} INFO - DAG(s) 'tutorial_dag' retrieved from /home/airflow/.local/lib/python3.12/site-packages/airflow/example_dags/tutorial_dag.py
[2025-06-20T21:41:05.287+0000] {logging_mixin.py:190} INFO - [2025-06-20T21:41:05.286+0000] {dag.py:3239} INFO - Sync 1 DAGs
[2025-06-20T21:41:05.302+0000] {logging_mixin.py:190} INFO - [2025-06-20T21:41:05.302+0000] {dag.py:4180} INFO - Setting next_dagrun for tutorial_dag to None, run_after=None
[2025-06-20T21:41:05.354+0000] {processor.py:208} INFO - Processing /home/airflow/.local/lib/python3.12/site-packages/airflow/example_dags/tutorial_dag.py took 0.103 seconds
[2025-06-20T21:41:36.391+0000] {processor.py:186} INFO - Started process (PID=1956) to work on /home/airflow/.local/lib/python3.12/site-packages/airflow/example_dags/tutorial_dag.py
[2025-06-20T21:41:36.392+0000] {processor.py:914} INFO - Processing file /home/airflow/.local/lib/python3.12/site-packages/airflow/example_dags/tutorial_dag.py for tasks to queue
[2025-06-20T21:41:36.394+0000] {logging_mixin.py:190} INFO - [2025-06-20T21:41:36.394+0000] {dagbag.py:588} INFO - Filling up the DagBag from /home/airflow/.local/lib/python3.12/site-packages/airflow/example_dags/tutorial_dag.py
[2025-06-20T21:41:36.402+0000] {processor.py:925} INFO - DAG(s) 'tutorial_dag' retrieved from /home/airflow/.local/lib/python3.12/site-packages/airflow/example_dags/tutorial_dag.py
[2025-06-20T21:41:36.421+0000] {logging_mixin.py:190} INFO - [2025-06-20T21:41:36.421+0000] {dag.py:3239} INFO - Sync 1 DAGs
[2025-06-20T21:41:36.435+0000] {logging_mixin.py:190} INFO - [2025-06-20T21:41:36.435+0000] {dag.py:4180} INFO - Setting next_dagrun for tutorial_dag to None, run_after=None
[2025-06-20T21:41:36.458+0000] {processor.py:208} INFO - Processing /home/airflow/.local/lib/python3.12/site-packages/airflow/example_dags/tutorial_dag.py took 0.072 seconds
[2025-06-20T21:42:08.601+0000] {processor.py:186} INFO - Started process (PID=2022) to work on /home/airflow/.local/lib/python3.12/site-packages/airflow/example_dags/tutorial_dag.py
[2025-06-20T21:42:08.603+0000] {processor.py:914} INFO - Processing file /home/airflow/.local/lib/python3.12/site-packages/airflow/example_dags/tutorial_dag.py for tasks to queue
[2025-06-20T21:42:08.606+0000] {logging_mixin.py:190} INFO - [2025-06-20T21:42:08.606+0000] {dagbag.py:588} INFO - Filling up the DagBag from /home/airflow/.local/lib/python3.12/site-packages/airflow/example_dags/tutorial_dag.py
[2025-06-20T21:42:08.615+0000] {processor.py:925} INFO - DAG(s) 'tutorial_dag' retrieved from /home/airflow/.local/lib/python3.12/site-packages/airflow/example_dags/tutorial_dag.py
[2025-06-20T21:42:08.642+0000] {logging_mixin.py:190} INFO - [2025-06-20T21:42:08.642+0000] {dag.py:3239} INFO - Sync 1 DAGs
[2025-06-20T21:42:08.662+0000] {logging_mixin.py:190} INFO - [2025-06-20T21:42:08.662+0000] {dag.py:4180} INFO - Setting next_dagrun for tutorial_dag to None, run_after=None
[2025-06-20T21:42:08.697+0000] {processor.py:208} INFO - Processing /home/airflow/.local/lib/python3.12/site-packages/airflow/example_dags/tutorial_dag.py took 0.103 seconds
[2025-06-20T21:42:39.869+0000] {processor.py:186} INFO - Started process (PID=2086) to work on /home/airflow/.local/lib/python3.12/site-packages/airflow/example_dags/tutorial_dag.py
[2025-06-20T21:42:39.870+0000] {processor.py:914} INFO - Processing file /home/airflow/.local/lib/python3.12/site-packages/airflow/example_dags/tutorial_dag.py for tasks to queue
[2025-06-20T21:42:39.872+0000] {logging_mixin.py:190} INFO - [2025-06-20T21:42:39.872+0000] {dagbag.py:588} INFO - Filling up the DagBag from /home/airflow/.local/lib/python3.12/site-packages/airflow/example_dags/tutorial_dag.py
[2025-06-20T21:42:39.879+0000] {processor.py:925} INFO - DAG(s) 'tutorial_dag' retrieved from /home/airflow/.local/lib/python3.12/site-packages/airflow/example_dags/tutorial_dag.py
[2025-06-20T21:42:39.898+0000] {logging_mixin.py:190} INFO - [2025-06-20T21:42:39.897+0000] {dag.py:3239} INFO - Sync 1 DAGs
[2025-06-20T21:42:39.911+0000] {logging_mixin.py:190} INFO - [2025-06-20T21:42:39.911+0000] {dag.py:4180} INFO - Setting next_dagrun for tutorial_dag to None, run_after=None
[2025-06-20T21:42:39.938+0000] {processor.py:208} INFO - Processing /home/airflow/.local/lib/python3.12/site-packages/airflow/example_dags/tutorial_dag.py took 0.074 seconds
[2025-06-20T21:43:11.552+0000] {processor.py:186} INFO - Started process (PID=2150) to work on /home/airflow/.local/lib/python3.12/site-packages/airflow/example_dags/tutorial_dag.py
[2025-06-20T21:43:11.553+0000] {processor.py:914} INFO - Processing file /home/airflow/.local/lib/python3.12/site-packages/airflow/example_dags/tutorial_dag.py for tasks to queue
[2025-06-20T21:43:11.555+0000] {logging_mixin.py:190} INFO - [2025-06-20T21:43:11.555+0000] {dagbag.py:588} INFO - Filling up the DagBag from /home/airflow/.local/lib/python3.12/site-packages/airflow/example_dags/tutorial_dag.py
[2025-06-20T21:43:11.562+0000] {processor.py:925} INFO - DAG(s) 'tutorial_dag' retrieved from /home/airflow/.local/lib/python3.12/site-packages/airflow/example_dags/tutorial_dag.py
[2025-06-20T21:43:11.582+0000] {logging_mixin.py:190} INFO - [2025-06-20T21:43:11.582+0000] {dag.py:3239} INFO - Sync 1 DAGs
[2025-06-20T21:43:11.599+0000] {logging_mixin.py:190} INFO - [2025-06-20T21:43:11.599+0000] {dag.py:4180} INFO - Setting next_dagrun for tutorial_dag to None, run_after=None
[2025-06-20T21:43:11.627+0000] {processor.py:208} INFO - Processing /home/airflow/.local/lib/python3.12/site-packages/airflow/example_dags/tutorial_dag.py took 0.081 seconds
[2025-06-20T21:43:42.925+0000] {processor.py:186} INFO - Started process (PID=2216) to work on /home/airflow/.local/lib/python3.12/site-packages/airflow/example_dags/tutorial_dag.py
[2025-06-20T21:43:42.926+0000] {processor.py:914} INFO - Processing file /home/airflow/.local/lib/python3.12/site-packages/airflow/example_dags/tutorial_dag.py for tasks to queue
[2025-06-20T21:43:42.928+0000] {logging_mixin.py:190} INFO - [2025-06-20T21:43:42.928+0000] {dagbag.py:588} INFO - Filling up the DagBag from /home/airflow/.local/lib/python3.12/site-packages/airflow/example_dags/tutorial_dag.py
[2025-06-20T21:43:42.935+0000] {processor.py:925} INFO - DAG(s) 'tutorial_dag' retrieved from /home/airflow/.local/lib/python3.12/site-packages/airflow/example_dags/tutorial_dag.py
[2025-06-20T21:43:42.962+0000] {logging_mixin.py:190} INFO - [2025-06-20T21:43:42.961+0000] {dag.py:3239} INFO - Sync 1 DAGs
[2025-06-20T21:43:42.979+0000] {logging_mixin.py:190} INFO - [2025-06-20T21:43:42.979+0000] {dag.py:4180} INFO - Setting next_dagrun for tutorial_dag to None, run_after=None
[2025-06-20T21:43:43.012+0000] {processor.py:208} INFO - Processing /home/airflow/.local/lib/python3.12/site-packages/airflow/example_dags/tutorial_dag.py took 0.092 seconds
[2025-06-20T21:44:14.191+0000] {processor.py:186} INFO - Started process (PID=2286) to work on /home/airflow/.local/lib/python3.12/site-packages/airflow/example_dags/tutorial_dag.py
[2025-06-20T21:44:14.192+0000] {processor.py:914} INFO - Processing file /home/airflow/.local/lib/python3.12/site-packages/airflow/example_dags/tutorial_dag.py for tasks to queue
[2025-06-20T21:44:14.196+0000] {logging_mixin.py:190} INFO - [2025-06-20T21:44:14.195+0000] {dagbag.py:588} INFO - Filling up the DagBag from /home/airflow/.local/lib/python3.12/site-packages/airflow/example_dags/tutorial_dag.py
[2025-06-20T21:44:14.206+0000] {processor.py:925} INFO - DAG(s) 'tutorial_dag' retrieved from /home/airflow/.local/lib/python3.12/site-packages/airflow/example_dags/tutorial_dag.py
[2025-06-20T21:44:14.231+0000] {logging_mixin.py:190} INFO - [2025-06-20T21:44:14.231+0000] {dag.py:3239} INFO - Sync 1 DAGs
[2025-06-20T21:44:14.247+0000] {logging_mixin.py:190} INFO - [2025-06-20T21:44:14.247+0000] {dag.py:4180} INFO - Setting next_dagrun for tutorial_dag to None, run_after=None
[2025-06-20T21:44:14.382+0000] {processor.py:208} INFO - Processing /home/airflow/.local/lib/python3.12/site-packages/airflow/example_dags/tutorial_dag.py took 0.196 seconds
[2025-06-20T21:44:45.972+0000] {processor.py:186} INFO - Started process (PID=2350) to work on /home/airflow/.local/lib/python3.12/site-packages/airflow/example_dags/tutorial_dag.py
[2025-06-20T21:44:45.973+0000] {processor.py:914} INFO - Processing file /home/airflow/.local/lib/python3.12/site-packages/airflow/example_dags/tutorial_dag.py for tasks to queue
[2025-06-20T21:44:45.975+0000] {logging_mixin.py:190} INFO - [2025-06-20T21:44:45.975+0000] {dagbag.py:588} INFO - Filling up the DagBag from /home/airflow/.local/lib/python3.12/site-packages/airflow/example_dags/tutorial_dag.py
[2025-06-20T21:44:45.982+0000] {processor.py:925} INFO - DAG(s) 'tutorial_dag' retrieved from /home/airflow/.local/lib/python3.12/site-packages/airflow/example_dags/tutorial_dag.py
[2025-06-20T21:44:46.002+0000] {logging_mixin.py:190} INFO - [2025-06-20T21:44:46.002+0000] {dag.py:3239} INFO - Sync 1 DAGs
[2025-06-20T21:44:46.017+0000] {logging_mixin.py:190} INFO - [2025-06-20T21:44:46.016+0000] {dag.py:4180} INFO - Setting next_dagrun for tutorial_dag to None, run_after=None
[2025-06-20T21:44:46.043+0000] {processor.py:208} INFO - Processing /home/airflow/.local/lib/python3.12/site-packages/airflow/example_dags/tutorial_dag.py took 0.076 seconds
[2025-06-20T21:45:17.923+0000] {processor.py:186} INFO - Started process (PID=2414) to work on /home/airflow/.local/lib/python3.12/site-packages/airflow/example_dags/tutorial_dag.py
[2025-06-20T21:45:17.924+0000] {processor.py:914} INFO - Processing file /home/airflow/.local/lib/python3.12/site-packages/airflow/example_dags/tutorial_dag.py for tasks to queue
[2025-06-20T21:45:17.927+0000] {logging_mixin.py:190} INFO - [2025-06-20T21:45:17.926+0000] {dagbag.py:588} INFO - Filling up the DagBag from /home/airflow/.local/lib/python3.12/site-packages/airflow/example_dags/tutorial_dag.py
[2025-06-20T21:45:17.933+0000] {processor.py:925} INFO - DAG(s) 'tutorial_dag' retrieved from /home/airflow/.local/lib/python3.12/site-packages/airflow/example_dags/tutorial_dag.py
[2025-06-20T21:45:17.952+0000] {logging_mixin.py:190} INFO - [2025-06-20T21:45:17.952+0000] {dag.py:3239} INFO - Sync 1 DAGs
[2025-06-20T21:45:17.965+0000] {logging_mixin.py:190} INFO - [2025-06-20T21:45:17.964+0000] {dag.py:4180} INFO - Setting next_dagrun for tutorial_dag to None, run_after=None
[2025-06-20T21:45:18.000+0000] {processor.py:208} INFO - Processing /home/airflow/.local/lib/python3.12/site-packages/airflow/example_dags/tutorial_dag.py took 0.082 seconds
[2025-06-20T21:45:49.899+0000] {processor.py:186} INFO - Started process (PID=2478) to work on /home/airflow/.local/lib/python3.12/site-packages/airflow/example_dags/tutorial_dag.py
[2025-06-20T21:45:49.900+0000] {processor.py:914} INFO - Processing file /home/airflow/.local/lib/python3.12/site-packages/airflow/example_dags/tutorial_dag.py for tasks to queue
[2025-06-20T21:45:49.903+0000] {logging_mixin.py:190} INFO - [2025-06-20T21:45:49.903+0000] {dagbag.py:588} INFO - Filling up the DagBag from /home/airflow/.local/lib/python3.12/site-packages/airflow/example_dags/tutorial_dag.py
[2025-06-20T21:45:49.910+0000] {processor.py:925} INFO - DAG(s) 'tutorial_dag' retrieved from /home/airflow/.local/lib/python3.12/site-packages/airflow/example_dags/tutorial_dag.py
[2025-06-20T21:45:49.934+0000] {logging_mixin.py:190} INFO - [2025-06-20T21:45:49.933+0000] {dag.py:3239} INFO - Sync 1 DAGs
[2025-06-20T21:45:49.952+0000] {logging_mixin.py:190} INFO - [2025-06-20T21:45:49.951+0000] {dag.py:4180} INFO - Setting next_dagrun for tutorial_dag to None, run_after=None
[2025-06-20T21:45:50.019+0000] {processor.py:208} INFO - Processing /home/airflow/.local/lib/python3.12/site-packages/airflow/example_dags/tutorial_dag.py took 0.126 seconds
[2025-06-20T21:46:21.323+0000] {processor.py:186} INFO - Started process (PID=2542) to work on /home/airflow/.local/lib/python3.12/site-packages/airflow/example_dags/tutorial_dag.py
[2025-06-20T21:46:21.324+0000] {processor.py:914} INFO - Processing file /home/airflow/.local/lib/python3.12/site-packages/airflow/example_dags/tutorial_dag.py for tasks to queue
[2025-06-20T21:46:21.328+0000] {logging_mixin.py:190} INFO - [2025-06-20T21:46:21.327+0000] {dagbag.py:588} INFO - Filling up the DagBag from /home/airflow/.local/lib/python3.12/site-packages/airflow/example_dags/tutorial_dag.py
[2025-06-20T21:46:21.335+0000] {processor.py:925} INFO - DAG(s) 'tutorial_dag' retrieved from /home/airflow/.local/lib/python3.12/site-packages/airflow/example_dags/tutorial_dag.py
[2025-06-20T21:46:21.356+0000] {logging_mixin.py:190} INFO - [2025-06-20T21:46:21.355+0000] {dag.py:3239} INFO - Sync 1 DAGs
[2025-06-20T21:46:21.370+0000] {logging_mixin.py:190} INFO - [2025-06-20T21:46:21.370+0000] {dag.py:4180} INFO - Setting next_dagrun for tutorial_dag to None, run_after=None
[2025-06-20T21:46:21.399+0000] {processor.py:208} INFO - Processing /home/airflow/.local/lib/python3.12/site-packages/airflow/example_dags/tutorial_dag.py took 0.081 seconds
[2025-06-20T21:46:52.490+0000] {processor.py:186} INFO - Started process (PID=2606) to work on /home/airflow/.local/lib/python3.12/site-packages/airflow/example_dags/tutorial_dag.py
[2025-06-20T21:46:52.492+0000] {processor.py:914} INFO - Processing file /home/airflow/.local/lib/python3.12/site-packages/airflow/example_dags/tutorial_dag.py for tasks to queue
[2025-06-20T21:46:52.495+0000] {logging_mixin.py:190} INFO - [2025-06-20T21:46:52.494+0000] {dagbag.py:588} INFO - Filling up the DagBag from /home/airflow/.local/lib/python3.12/site-packages/airflow/example_dags/tutorial_dag.py
[2025-06-20T21:46:52.502+0000] {processor.py:925} INFO - DAG(s) 'tutorial_dag' retrieved from /home/airflow/.local/lib/python3.12/site-packages/airflow/example_dags/tutorial_dag.py
[2025-06-20T21:46:52.521+0000] {logging_mixin.py:190} INFO - [2025-06-20T21:46:52.521+0000] {dag.py:3239} INFO - Sync 1 DAGs
[2025-06-20T21:46:52.536+0000] {logging_mixin.py:190} INFO - [2025-06-20T21:46:52.536+0000] {dag.py:4180} INFO - Setting next_dagrun for tutorial_dag to None, run_after=None
[2025-06-20T21:46:52.578+0000] {processor.py:208} INFO - Processing /home/airflow/.local/lib/python3.12/site-packages/airflow/example_dags/tutorial_dag.py took 0.092 seconds
[2025-06-20T21:47:23.784+0000] {processor.py:186} INFO - Started process (PID=2670) to work on /home/airflow/.local/lib/python3.12/site-packages/airflow/example_dags/tutorial_dag.py
[2025-06-20T21:47:23.785+0000] {processor.py:914} INFO - Processing file /home/airflow/.local/lib/python3.12/site-packages/airflow/example_dags/tutorial_dag.py for tasks to queue
[2025-06-20T21:47:23.787+0000] {logging_mixin.py:190} INFO - [2025-06-20T21:47:23.786+0000] {dagbag.py:588} INFO - Filling up the DagBag from /home/airflow/.local/lib/python3.12/site-packages/airflow/example_dags/tutorial_dag.py
[2025-06-20T21:47:23.794+0000] {processor.py:925} INFO - DAG(s) 'tutorial_dag' retrieved from /home/airflow/.local/lib/python3.12/site-packages/airflow/example_dags/tutorial_dag.py
[2025-06-20T21:47:23.815+0000] {logging_mixin.py:190} INFO - [2025-06-20T21:47:23.815+0000] {dag.py:3239} INFO - Sync 1 DAGs
[2025-06-20T21:47:23.830+0000] {logging_mixin.py:190} INFO - [2025-06-20T21:47:23.829+0000] {dag.py:4180} INFO - Setting next_dagrun for tutorial_dag to None, run_after=None
[2025-06-20T21:47:23.859+0000] {processor.py:208} INFO - Processing /home/airflow/.local/lib/python3.12/site-packages/airflow/example_dags/tutorial_dag.py took 0.081 seconds
[2025-06-20T21:47:55.492+0000] {processor.py:186} INFO - Started process (PID=2734) to work on /home/airflow/.local/lib/python3.12/site-packages/airflow/example_dags/tutorial_dag.py
[2025-06-20T21:47:55.493+0000] {processor.py:914} INFO - Processing file /home/airflow/.local/lib/python3.12/site-packages/airflow/example_dags/tutorial_dag.py for tasks to queue
[2025-06-20T21:47:55.495+0000] {logging_mixin.py:190} INFO - [2025-06-20T21:47:55.495+0000] {dagbag.py:588} INFO - Filling up the DagBag from /home/airflow/.local/lib/python3.12/site-packages/airflow/example_dags/tutorial_dag.py
[2025-06-20T21:47:55.502+0000] {processor.py:925} INFO - DAG(s) 'tutorial_dag' retrieved from /home/airflow/.local/lib/python3.12/site-packages/airflow/example_dags/tutorial_dag.py
[2025-06-20T21:47:55.523+0000] {logging_mixin.py:190} INFO - [2025-06-20T21:47:55.523+0000] {dag.py:3239} INFO - Sync 1 DAGs
[2025-06-20T21:47:55.539+0000] {logging_mixin.py:190} INFO - [2025-06-20T21:47:55.539+0000] {dag.py:4180} INFO - Setting next_dagrun for tutorial_dag to None, run_after=None
[2025-06-20T21:47:55.571+0000] {processor.py:208} INFO - Processing /home/airflow/.local/lib/python3.12/site-packages/airflow/example_dags/tutorial_dag.py took 0.085 seconds
[2025-06-20T21:48:26.933+0000] {processor.py:186} INFO - Started process (PID=2798) to work on /home/airflow/.local/lib/python3.12/site-packages/airflow/example_dags/tutorial_dag.py
[2025-06-20T21:48:26.934+0000] {processor.py:914} INFO - Processing file /home/airflow/.local/lib/python3.12/site-packages/airflow/example_dags/tutorial_dag.py for tasks to queue
[2025-06-20T21:48:26.936+0000] {logging_mixin.py:190} INFO - [2025-06-20T21:48:26.936+0000] {dagbag.py:588} INFO - Filling up the DagBag from /home/airflow/.local/lib/python3.12/site-packages/airflow/example_dags/tutorial_dag.py
[2025-06-20T21:48:26.945+0000] {processor.py:925} INFO - DAG(s) 'tutorial_dag' retrieved from /home/airflow/.local/lib/python3.12/site-packages/airflow/example_dags/tutorial_dag.py
[2025-06-20T21:48:26.970+0000] {logging_mixin.py:190} INFO - [2025-06-20T21:48:26.970+0000] {dag.py:3239} INFO - Sync 1 DAGs
[2025-06-20T21:48:26.986+0000] {logging_mixin.py:190} INFO - [2025-06-20T21:48:26.986+0000] {dag.py:4180} INFO - Setting next_dagrun for tutorial_dag to None, run_after=None
[2025-06-20T21:48:27.017+0000] {processor.py:208} INFO - Processing /home/airflow/.local/lib/python3.12/site-packages/airflow/example_dags/tutorial_dag.py took 0.089 seconds
[2025-06-20T21:48:58.060+0000] {processor.py:186} INFO - Started process (PID=2862) to work on /home/airflow/.local/lib/python3.12/site-packages/airflow/example_dags/tutorial_dag.py
[2025-06-20T21:48:58.062+0000] {processor.py:914} INFO - Processing file /home/airflow/.local/lib/python3.12/site-packages/airflow/example_dags/tutorial_dag.py for tasks to queue
[2025-06-20T21:48:58.064+0000] {logging_mixin.py:190} INFO - [2025-06-20T21:48:58.064+0000] {dagbag.py:588} INFO - Filling up the DagBag from /home/airflow/.local/lib/python3.12/site-packages/airflow/example_dags/tutorial_dag.py
[2025-06-20T21:48:58.071+0000] {processor.py:925} INFO - DAG(s) 'tutorial_dag' retrieved from /home/airflow/.local/lib/python3.12/site-packages/airflow/example_dags/tutorial_dag.py
[2025-06-20T21:48:58.090+0000] {logging_mixin.py:190} INFO - [2025-06-20T21:48:58.090+0000] {dag.py:3239} INFO - Sync 1 DAGs
[2025-06-20T21:48:58.104+0000] {logging_mixin.py:190} INFO - [2025-06-20T21:48:58.104+0000] {dag.py:4180} INFO - Setting next_dagrun for tutorial_dag to None, run_after=None
[2025-06-20T21:48:58.135+0000] {processor.py:208} INFO - Processing /home/airflow/.local/lib/python3.12/site-packages/airflow/example_dags/tutorial_dag.py took 0.080 seconds
[2025-06-20T21:49:29.588+0000] {processor.py:186} INFO - Started process (PID=2926) to work on /home/airflow/.local/lib/python3.12/site-packages/airflow/example_dags/tutorial_dag.py
[2025-06-20T21:49:29.589+0000] {processor.py:914} INFO - Processing file /home/airflow/.local/lib/python3.12/site-packages/airflow/example_dags/tutorial_dag.py for tasks to queue
[2025-06-20T21:49:29.592+0000] {logging_mixin.py:190} INFO - [2025-06-20T21:49:29.592+0000] {dagbag.py:588} INFO - Filling up the DagBag from /home/airflow/.local/lib/python3.12/site-packages/airflow/example_dags/tutorial_dag.py
[2025-06-20T21:49:29.598+0000] {processor.py:925} INFO - DAG(s) 'tutorial_dag' retrieved from /home/airflow/.local/lib/python3.12/site-packages/airflow/example_dags/tutorial_dag.py
[2025-06-20T21:49:29.617+0000] {logging_mixin.py:190} INFO - [2025-06-20T21:49:29.617+0000] {dag.py:3239} INFO - Sync 1 DAGs
[2025-06-20T21:49:29.631+0000] {logging_mixin.py:190} INFO - [2025-06-20T21:49:29.631+0000] {dag.py:4180} INFO - Setting next_dagrun for tutorial_dag to None, run_after=None
[2025-06-20T21:49:29.654+0000] {processor.py:208} INFO - Processing /home/airflow/.local/lib/python3.12/site-packages/airflow/example_dags/tutorial_dag.py took 0.071 seconds
[2025-06-20T21:50:01.146+0000] {processor.py:186} INFO - Started process (PID=2990) to work on /home/airflow/.local/lib/python3.12/site-packages/airflow/example_dags/tutorial_dag.py
[2025-06-20T21:50:01.147+0000] {processor.py:914} INFO - Processing file /home/airflow/.local/lib/python3.12/site-packages/airflow/example_dags/tutorial_dag.py for tasks to queue
[2025-06-20T21:50:01.150+0000] {logging_mixin.py:190} INFO - [2025-06-20T21:50:01.149+0000] {dagbag.py:588} INFO - Filling up the DagBag from /home/airflow/.local/lib/python3.12/site-packages/airflow/example_dags/tutorial_dag.py
[2025-06-20T21:50:01.156+0000] {processor.py:925} INFO - DAG(s) 'tutorial_dag' retrieved from /home/airflow/.local/lib/python3.12/site-packages/airflow/example_dags/tutorial_dag.py
[2025-06-20T21:50:01.175+0000] {logging_mixin.py:190} INFO - [2025-06-20T21:50:01.174+0000] {dag.py:3239} INFO - Sync 1 DAGs
[2025-06-20T21:50:01.190+0000] {logging_mixin.py:190} INFO - [2025-06-20T21:50:01.189+0000] {dag.py:4180} INFO - Setting next_dagrun for tutorial_dag to None, run_after=None
[2025-06-20T21:50:01.215+0000] {processor.py:208} INFO - Processing /home/airflow/.local/lib/python3.12/site-packages/airflow/example_dags/tutorial_dag.py took 0.074 seconds
[2025-06-20T21:50:33.862+0000] {processor.py:186} INFO - Started process (PID=3054) to work on /home/airflow/.local/lib/python3.12/site-packages/airflow/example_dags/tutorial_dag.py
[2025-06-20T21:50:33.863+0000] {processor.py:914} INFO - Processing file /home/airflow/.local/lib/python3.12/site-packages/airflow/example_dags/tutorial_dag.py for tasks to queue
[2025-06-20T21:50:33.865+0000] {logging_mixin.py:190} INFO - [2025-06-20T21:50:33.865+0000] {dagbag.py:588} INFO - Filling up the DagBag from /home/airflow/.local/lib/python3.12/site-packages/airflow/example_dags/tutorial_dag.py
[2025-06-20T21:50:33.872+0000] {processor.py:925} INFO - DAG(s) 'tutorial_dag' retrieved from /home/airflow/.local/lib/python3.12/site-packages/airflow/example_dags/tutorial_dag.py
[2025-06-20T21:50:33.890+0000] {logging_mixin.py:190} INFO - [2025-06-20T21:50:33.890+0000] {dag.py:3239} INFO - Sync 1 DAGs
[2025-06-20T21:50:33.904+0000] {logging_mixin.py:190} INFO - [2025-06-20T21:50:33.904+0000] {dag.py:4180} INFO - Setting next_dagrun for tutorial_dag to None, run_after=None
[2025-06-20T21:50:33.931+0000] {processor.py:208} INFO - Processing /home/airflow/.local/lib/python3.12/site-packages/airflow/example_dags/tutorial_dag.py took 0.073 seconds
[2025-06-20T21:51:06.629+0000] {processor.py:186} INFO - Started process (PID=3120) to work on /home/airflow/.local/lib/python3.12/site-packages/airflow/example_dags/tutorial_dag.py
[2025-06-20T21:51:06.630+0000] {processor.py:914} INFO - Processing file /home/airflow/.local/lib/python3.12/site-packages/airflow/example_dags/tutorial_dag.py for tasks to queue
[2025-06-20T21:51:06.632+0000] {logging_mixin.py:190} INFO - [2025-06-20T21:51:06.632+0000] {dagbag.py:588} INFO - Filling up the DagBag from /home/airflow/.local/lib/python3.12/site-packages/airflow/example_dags/tutorial_dag.py
[2025-06-20T21:51:06.638+0000] {processor.py:925} INFO - DAG(s) 'tutorial_dag' retrieved from /home/airflow/.local/lib/python3.12/site-packages/airflow/example_dags/tutorial_dag.py
[2025-06-20T21:51:06.659+0000] {logging_mixin.py:190} INFO - [2025-06-20T21:51:06.659+0000] {dag.py:3239} INFO - Sync 1 DAGs
[2025-06-20T21:51:06.677+0000] {logging_mixin.py:190} INFO - [2025-06-20T21:51:06.676+0000] {dag.py:4180} INFO - Setting next_dagrun for tutorial_dag to None, run_after=None
[2025-06-20T21:51:06.708+0000] {processor.py:208} INFO - Processing /home/airflow/.local/lib/python3.12/site-packages/airflow/example_dags/tutorial_dag.py took 0.084 seconds
[2025-06-20T21:51:37.087+0000] {processor.py:186} INFO - Started process (PID=3184) to work on /home/airflow/.local/lib/python3.12/site-packages/airflow/example_dags/tutorial_dag.py
[2025-06-20T21:51:37.089+0000] {processor.py:914} INFO - Processing file /home/airflow/.local/lib/python3.12/site-packages/airflow/example_dags/tutorial_dag.py for tasks to queue
[2025-06-20T21:51:37.092+0000] {logging_mixin.py:190} INFO - [2025-06-20T21:51:37.091+0000] {dagbag.py:588} INFO - Filling up the DagBag from /home/airflow/.local/lib/python3.12/site-packages/airflow/example_dags/tutorial_dag.py
[2025-06-20T21:51:37.101+0000] {processor.py:925} INFO - DAG(s) 'tutorial_dag' retrieved from /home/airflow/.local/lib/python3.12/site-packages/airflow/example_dags/tutorial_dag.py
[2025-06-20T21:51:37.124+0000] {logging_mixin.py:190} INFO - [2025-06-20T21:51:37.123+0000] {dag.py:3239} INFO - Sync 1 DAGs
[2025-06-20T21:51:37.272+0000] {logging_mixin.py:190} INFO - [2025-06-20T21:51:37.272+0000] {dag.py:4180} INFO - Setting next_dagrun for tutorial_dag to None, run_after=None
[2025-06-20T21:51:37.298+0000] {processor.py:208} INFO - Processing /home/airflow/.local/lib/python3.12/site-packages/airflow/example_dags/tutorial_dag.py took 0.218 seconds
[2025-06-20T21:52:08.120+0000] {processor.py:186} INFO - Started process (PID=3248) to work on /home/airflow/.local/lib/python3.12/site-packages/airflow/example_dags/tutorial_dag.py
[2025-06-20T21:52:08.121+0000] {processor.py:914} INFO - Processing file /home/airflow/.local/lib/python3.12/site-packages/airflow/example_dags/tutorial_dag.py for tasks to queue
[2025-06-20T21:52:08.125+0000] {logging_mixin.py:190} INFO - [2025-06-20T21:52:08.124+0000] {dagbag.py:588} INFO - Filling up the DagBag from /home/airflow/.local/lib/python3.12/site-packages/airflow/example_dags/tutorial_dag.py
[2025-06-20T21:52:08.133+0000] {processor.py:925} INFO - DAG(s) 'tutorial_dag' retrieved from /home/airflow/.local/lib/python3.12/site-packages/airflow/example_dags/tutorial_dag.py
[2025-06-20T21:52:08.156+0000] {logging_mixin.py:190} INFO - [2025-06-20T21:52:08.156+0000] {dag.py:3239} INFO - Sync 1 DAGs
[2025-06-20T21:52:08.170+0000] {logging_mixin.py:190} INFO - [2025-06-20T21:52:08.170+0000] {dag.py:4180} INFO - Setting next_dagrun for tutorial_dag to None, run_after=None
[2025-06-20T21:52:08.197+0000] {processor.py:208} INFO - Processing /home/airflow/.local/lib/python3.12/site-packages/airflow/example_dags/tutorial_dag.py took 0.083 seconds
[2025-06-20T21:52:39.553+0000] {processor.py:186} INFO - Started process (PID=3312) to work on /home/airflow/.local/lib/python3.12/site-packages/airflow/example_dags/tutorial_dag.py
[2025-06-20T21:52:39.555+0000] {processor.py:914} INFO - Processing file /home/airflow/.local/lib/python3.12/site-packages/airflow/example_dags/tutorial_dag.py for tasks to queue
[2025-06-20T21:52:39.557+0000] {logging_mixin.py:190} INFO - [2025-06-20T21:52:39.557+0000] {dagbag.py:588} INFO - Filling up the DagBag from /home/airflow/.local/lib/python3.12/site-packages/airflow/example_dags/tutorial_dag.py
[2025-06-20T21:52:39.564+0000] {processor.py:925} INFO - DAG(s) 'tutorial_dag' retrieved from /home/airflow/.local/lib/python3.12/site-packages/airflow/example_dags/tutorial_dag.py
[2025-06-20T21:52:39.583+0000] {logging_mixin.py:190} INFO - [2025-06-20T21:52:39.583+0000] {dag.py:3239} INFO - Sync 1 DAGs
[2025-06-20T21:52:39.596+0000] {logging_mixin.py:190} INFO - [2025-06-20T21:52:39.595+0000] {dag.py:4180} INFO - Setting next_dagrun for tutorial_dag to None, run_after=None
[2025-06-20T21:52:39.623+0000] {processor.py:208} INFO - Processing /home/airflow/.local/lib/python3.12/site-packages/airflow/example_dags/tutorial_dag.py took 0.076 seconds
[2025-06-20T21:53:10.478+0000] {processor.py:186} INFO - Started process (PID=3376) to work on /home/airflow/.local/lib/python3.12/site-packages/airflow/example_dags/tutorial_dag.py
[2025-06-20T21:53:10.479+0000] {processor.py:914} INFO - Processing file /home/airflow/.local/lib/python3.12/site-packages/airflow/example_dags/tutorial_dag.py for tasks to queue
[2025-06-20T21:53:10.482+0000] {logging_mixin.py:190} INFO - [2025-06-20T21:53:10.481+0000] {dagbag.py:588} INFO - Filling up the DagBag from /home/airflow/.local/lib/python3.12/site-packages/airflow/example_dags/tutorial_dag.py
[2025-06-20T21:53:10.489+0000] {processor.py:925} INFO - DAG(s) 'tutorial_dag' retrieved from /home/airflow/.local/lib/python3.12/site-packages/airflow/example_dags/tutorial_dag.py
[2025-06-20T21:53:10.508+0000] {logging_mixin.py:190} INFO - [2025-06-20T21:53:10.508+0000] {dag.py:3239} INFO - Sync 1 DAGs
[2025-06-20T21:53:10.522+0000] {logging_mixin.py:190} INFO - [2025-06-20T21:53:10.522+0000] {dag.py:4180} INFO - Setting next_dagrun for tutorial_dag to None, run_after=None
[2025-06-20T21:53:10.549+0000] {processor.py:208} INFO - Processing /home/airflow/.local/lib/python3.12/site-packages/airflow/example_dags/tutorial_dag.py took 0.076 seconds
[2025-06-20T21:53:41.383+0000] {processor.py:186} INFO - Started process (PID=3440) to work on /home/airflow/.local/lib/python3.12/site-packages/airflow/example_dags/tutorial_dag.py
[2025-06-20T21:53:41.384+0000] {processor.py:914} INFO - Processing file /home/airflow/.local/lib/python3.12/site-packages/airflow/example_dags/tutorial_dag.py for tasks to queue
[2025-06-20T21:53:41.386+0000] {logging_mixin.py:190} INFO - [2025-06-20T21:53:41.386+0000] {dagbag.py:588} INFO - Filling up the DagBag from /home/airflow/.local/lib/python3.12/site-packages/airflow/example_dags/tutorial_dag.py
[2025-06-20T21:53:41.392+0000] {processor.py:925} INFO - DAG(s) 'tutorial_dag' retrieved from /home/airflow/.local/lib/python3.12/site-packages/airflow/example_dags/tutorial_dag.py
[2025-06-20T21:53:41.411+0000] {logging_mixin.py:190} INFO - [2025-06-20T21:53:41.410+0000] {dag.py:3239} INFO - Sync 1 DAGs
[2025-06-20T21:53:41.425+0000] {logging_mixin.py:190} INFO - [2025-06-20T21:53:41.425+0000] {dag.py:4180} INFO - Setting next_dagrun for tutorial_dag to None, run_after=None
[2025-06-20T21:53:41.452+0000] {processor.py:208} INFO - Processing /home/airflow/.local/lib/python3.12/site-packages/airflow/example_dags/tutorial_dag.py took 0.074 seconds
[2025-06-20T21:55:52.234+0000] {processor.py:186} INFO - Started process (PID=105) to work on /home/airflow/.local/lib/python3.12/site-packages/airflow/example_dags/tutorial_dag.py
[2025-06-20T21:55:52.235+0000] {processor.py:914} INFO - Processing file /home/airflow/.local/lib/python3.12/site-packages/airflow/example_dags/tutorial_dag.py for tasks to queue
[2025-06-20T21:55:52.237+0000] {logging_mixin.py:190} INFO - [2025-06-20T21:55:52.237+0000] {dagbag.py:588} INFO - Filling up the DagBag from /home/airflow/.local/lib/python3.12/site-packages/airflow/example_dags/tutorial_dag.py
[2025-06-20T21:55:52.245+0000] {processor.py:925} INFO - DAG(s) 'tutorial_dag' retrieved from /home/airflow/.local/lib/python3.12/site-packages/airflow/example_dags/tutorial_dag.py
[2025-06-20T21:55:52.360+0000] {logging_mixin.py:190} INFO - [2025-06-20T21:55:52.359+0000] {override.py:1911} INFO - Created Permission View: can delete on DAG:tutorial_dag
[2025-06-20T21:55:52.381+0000] {logging_mixin.py:190} INFO - [2025-06-20T21:55:52.381+0000] {override.py:1911} INFO - Created Permission View: can edit on DAG:tutorial_dag
[2025-06-20T21:55:52.403+0000] {logging_mixin.py:190} INFO - [2025-06-20T21:55:52.402+0000] {override.py:1911} INFO - Created Permission View: can read on DAG:tutorial_dag
[2025-06-20T21:55:52.446+0000] {logging_mixin.py:190} INFO - [2025-06-20T21:55:52.446+0000] {override.py:1911} INFO - Created Permission View: can delete on DAG Run:tutorial_dag
[2025-06-20T21:55:52.468+0000] {logging_mixin.py:190} INFO - [2025-06-20T21:55:52.468+0000] {override.py:1911} INFO - Created Permission View: menu access on DAG Run:tutorial_dag
[2025-06-20T21:55:52.490+0000] {logging_mixin.py:190} INFO - [2025-06-20T21:55:52.489+0000] {override.py:1911} INFO - Created Permission View: can create on DAG Run:tutorial_dag
[2025-06-20T21:55:52.511+0000] {logging_mixin.py:190} INFO - [2025-06-20T21:55:52.511+0000] {override.py:1911} INFO - Created Permission View: can read on DAG Run:tutorial_dag
[2025-06-20T21:55:52.512+0000] {logging_mixin.py:190} INFO - [2025-06-20T21:55:52.512+0000] {dag.py:3239} INFO - Sync 1 DAGs
[2025-06-20T21:55:52.524+0000] {logging_mixin.py:190} INFO - [2025-06-20T21:55:52.524+0000] {dag.py:3262} INFO - Creating ORM DAG for tutorial_dag
[2025-06-20T21:55:52.525+0000] {logging_mixin.py:190} INFO - [2025-06-20T21:55:52.525+0000] {dag.py:4180} INFO - Setting next_dagrun for tutorial_dag to None, run_after=None
[2025-06-20T21:55:52.556+0000] {processor.py:208} INFO - Processing /home/airflow/.local/lib/python3.12/site-packages/airflow/example_dags/tutorial_dag.py took 0.327 seconds
[2025-06-20T21:56:23.398+0000] {processor.py:186} INFO - Started process (PID=169) to work on /home/airflow/.local/lib/python3.12/site-packages/airflow/example_dags/tutorial_dag.py
[2025-06-20T21:56:23.400+0000] {processor.py:914} INFO - Processing file /home/airflow/.local/lib/python3.12/site-packages/airflow/example_dags/tutorial_dag.py for tasks to queue
[2025-06-20T21:56:23.402+0000] {logging_mixin.py:190} INFO - [2025-06-20T21:56:23.401+0000] {dagbag.py:588} INFO - Filling up the DagBag from /home/airflow/.local/lib/python3.12/site-packages/airflow/example_dags/tutorial_dag.py
[2025-06-20T21:56:23.410+0000] {processor.py:925} INFO - DAG(s) 'tutorial_dag' retrieved from /home/airflow/.local/lib/python3.12/site-packages/airflow/example_dags/tutorial_dag.py
[2025-06-20T21:56:23.434+0000] {logging_mixin.py:190} INFO - [2025-06-20T21:56:23.434+0000] {dag.py:3239} INFO - Sync 1 DAGs
[2025-06-20T21:56:23.451+0000] {logging_mixin.py:190} INFO - [2025-06-20T21:56:23.451+0000] {dag.py:4180} INFO - Setting next_dagrun for tutorial_dag to None, run_after=None
[2025-06-20T21:56:23.526+0000] {processor.py:208} INFO - Processing /home/airflow/.local/lib/python3.12/site-packages/airflow/example_dags/tutorial_dag.py took 0.134 seconds
[2025-06-20T21:56:53.938+0000] {processor.py:186} INFO - Started process (PID=233) to work on /home/airflow/.local/lib/python3.12/site-packages/airflow/example_dags/tutorial_dag.py
[2025-06-20T21:56:53.939+0000] {processor.py:914} INFO - Processing file /home/airflow/.local/lib/python3.12/site-packages/airflow/example_dags/tutorial_dag.py for tasks to queue
[2025-06-20T21:56:53.941+0000] {logging_mixin.py:190} INFO - [2025-06-20T21:56:53.941+0000] {dagbag.py:588} INFO - Filling up the DagBag from /home/airflow/.local/lib/python3.12/site-packages/airflow/example_dags/tutorial_dag.py
[2025-06-20T21:56:53.949+0000] {processor.py:925} INFO - DAG(s) 'tutorial_dag' retrieved from /home/airflow/.local/lib/python3.12/site-packages/airflow/example_dags/tutorial_dag.py
[2025-06-20T21:56:53.968+0000] {logging_mixin.py:190} INFO - [2025-06-20T21:56:53.967+0000] {dag.py:3239} INFO - Sync 1 DAGs
[2025-06-20T21:56:53.981+0000] {logging_mixin.py:190} INFO - [2025-06-20T21:56:53.981+0000] {dag.py:4180} INFO - Setting next_dagrun for tutorial_dag to None, run_after=None
[2025-06-20T21:56:54.014+0000] {processor.py:208} INFO - Processing /home/airflow/.local/lib/python3.12/site-packages/airflow/example_dags/tutorial_dag.py took 0.081 seconds
[2025-06-20T21:57:24.354+0000] {processor.py:186} INFO - Started process (PID=297) to work on /home/airflow/.local/lib/python3.12/site-packages/airflow/example_dags/tutorial_dag.py
[2025-06-20T21:57:24.355+0000] {processor.py:914} INFO - Processing file /home/airflow/.local/lib/python3.12/site-packages/airflow/example_dags/tutorial_dag.py for tasks to queue
[2025-06-20T21:57:24.357+0000] {logging_mixin.py:190} INFO - [2025-06-20T21:57:24.357+0000] {dagbag.py:588} INFO - Filling up the DagBag from /home/airflow/.local/lib/python3.12/site-packages/airflow/example_dags/tutorial_dag.py
[2025-06-20T21:57:24.364+0000] {processor.py:925} INFO - DAG(s) 'tutorial_dag' retrieved from /home/airflow/.local/lib/python3.12/site-packages/airflow/example_dags/tutorial_dag.py
[2025-06-20T21:57:24.382+0000] {logging_mixin.py:190} INFO - [2025-06-20T21:57:24.382+0000] {dag.py:3239} INFO - Sync 1 DAGs
[2025-06-20T21:57:24.396+0000] {logging_mixin.py:190} INFO - [2025-06-20T21:57:24.396+0000] {dag.py:4180} INFO - Setting next_dagrun for tutorial_dag to None, run_after=None
[2025-06-20T21:57:24.428+0000] {processor.py:208} INFO - Processing /home/airflow/.local/lib/python3.12/site-packages/airflow/example_dags/tutorial_dag.py took 0.080 seconds
[2025-06-20T21:57:54.527+0000] {processor.py:186} INFO - Started process (PID=361) to work on /home/airflow/.local/lib/python3.12/site-packages/airflow/example_dags/tutorial_dag.py
[2025-06-20T21:57:54.528+0000] {processor.py:914} INFO - Processing file /home/airflow/.local/lib/python3.12/site-packages/airflow/example_dags/tutorial_dag.py for tasks to queue
[2025-06-20T21:57:54.530+0000] {logging_mixin.py:190} INFO - [2025-06-20T21:57:54.530+0000] {dagbag.py:588} INFO - Filling up the DagBag from /home/airflow/.local/lib/python3.12/site-packages/airflow/example_dags/tutorial_dag.py
[2025-06-20T21:57:54.536+0000] {processor.py:925} INFO - DAG(s) 'tutorial_dag' retrieved from /home/airflow/.local/lib/python3.12/site-packages/airflow/example_dags/tutorial_dag.py
[2025-06-20T21:57:54.557+0000] {logging_mixin.py:190} INFO - [2025-06-20T21:57:54.557+0000] {dag.py:3239} INFO - Sync 1 DAGs
[2025-06-20T21:57:54.572+0000] {logging_mixin.py:190} INFO - [2025-06-20T21:57:54.571+0000] {dag.py:4180} INFO - Setting next_dagrun for tutorial_dag to None, run_after=None
[2025-06-20T21:57:54.598+0000] {processor.py:208} INFO - Processing /home/airflow/.local/lib/python3.12/site-packages/airflow/example_dags/tutorial_dag.py took 0.077 seconds
[2025-06-20T21:58:26.645+0000] {processor.py:186} INFO - Started process (PID=433) to work on /home/airflow/.local/lib/python3.12/site-packages/airflow/example_dags/tutorial_dag.py
[2025-06-20T21:58:26.646+0000] {processor.py:914} INFO - Processing file /home/airflow/.local/lib/python3.12/site-packages/airflow/example_dags/tutorial_dag.py for tasks to queue
[2025-06-20T21:58:26.649+0000] {logging_mixin.py:190} INFO - [2025-06-20T21:58:26.648+0000] {dagbag.py:588} INFO - Filling up the DagBag from /home/airflow/.local/lib/python3.12/site-packages/airflow/example_dags/tutorial_dag.py
[2025-06-20T21:58:26.656+0000] {processor.py:925} INFO - DAG(s) 'tutorial_dag' retrieved from /home/airflow/.local/lib/python3.12/site-packages/airflow/example_dags/tutorial_dag.py
[2025-06-20T21:58:26.677+0000] {logging_mixin.py:190} INFO - [2025-06-20T21:58:26.677+0000] {dag.py:3239} INFO - Sync 1 DAGs
[2025-06-20T21:58:26.695+0000] {logging_mixin.py:190} INFO - [2025-06-20T21:58:26.695+0000] {dag.py:4180} INFO - Setting next_dagrun for tutorial_dag to None, run_after=None
[2025-06-20T21:58:26.739+0000] {processor.py:208} INFO - Processing /home/airflow/.local/lib/python3.12/site-packages/airflow/example_dags/tutorial_dag.py took 0.099 seconds
[2025-06-20T21:58:57.815+0000] {processor.py:186} INFO - Started process (PID=497) to work on /home/airflow/.local/lib/python3.12/site-packages/airflow/example_dags/tutorial_dag.py
[2025-06-20T21:58:57.817+0000] {processor.py:914} INFO - Processing file /home/airflow/.local/lib/python3.12/site-packages/airflow/example_dags/tutorial_dag.py for tasks to queue
[2025-06-20T21:58:57.819+0000] {logging_mixin.py:190} INFO - [2025-06-20T21:58:57.818+0000] {dagbag.py:588} INFO - Filling up the DagBag from /home/airflow/.local/lib/python3.12/site-packages/airflow/example_dags/tutorial_dag.py
[2025-06-20T21:58:57.825+0000] {processor.py:925} INFO - DAG(s) 'tutorial_dag' retrieved from /home/airflow/.local/lib/python3.12/site-packages/airflow/example_dags/tutorial_dag.py
[2025-06-20T21:58:57.845+0000] {logging_mixin.py:190} INFO - [2025-06-20T21:58:57.845+0000] {dag.py:3239} INFO - Sync 1 DAGs
[2025-06-20T21:58:57.859+0000] {logging_mixin.py:190} INFO - [2025-06-20T21:58:57.859+0000] {dag.py:4180} INFO - Setting next_dagrun for tutorial_dag to None, run_after=None
[2025-06-20T21:58:57.886+0000] {processor.py:208} INFO - Processing /home/airflow/.local/lib/python3.12/site-packages/airflow/example_dags/tutorial_dag.py took 0.076 seconds
[2025-06-20T21:59:29.113+0000] {processor.py:186} INFO - Started process (PID=561) to work on /home/airflow/.local/lib/python3.12/site-packages/airflow/example_dags/tutorial_dag.py
[2025-06-20T21:59:29.115+0000] {processor.py:914} INFO - Processing file /home/airflow/.local/lib/python3.12/site-packages/airflow/example_dags/tutorial_dag.py for tasks to queue
[2025-06-20T21:59:29.119+0000] {logging_mixin.py:190} INFO - [2025-06-20T21:59:29.118+0000] {dagbag.py:588} INFO - Filling up the DagBag from /home/airflow/.local/lib/python3.12/site-packages/airflow/example_dags/tutorial_dag.py
[2025-06-20T21:59:29.129+0000] {processor.py:925} INFO - DAG(s) 'tutorial_dag' retrieved from /home/airflow/.local/lib/python3.12/site-packages/airflow/example_dags/tutorial_dag.py
[2025-06-20T21:59:29.154+0000] {logging_mixin.py:190} INFO - [2025-06-20T21:59:29.154+0000] {dag.py:3239} INFO - Sync 1 DAGs
[2025-06-20T21:59:29.167+0000] {logging_mixin.py:190} INFO - [2025-06-20T21:59:29.167+0000] {dag.py:4180} INFO - Setting next_dagrun for tutorial_dag to None, run_after=None
[2025-06-20T21:59:29.218+0000] {processor.py:208} INFO - Processing /home/airflow/.local/lib/python3.12/site-packages/airflow/example_dags/tutorial_dag.py took 0.113 seconds
[2025-06-20T22:00:00.369+0000] {processor.py:186} INFO - Started process (PID=625) to work on /home/airflow/.local/lib/python3.12/site-packages/airflow/example_dags/tutorial_dag.py
[2025-06-20T22:00:00.371+0000] {processor.py:914} INFO - Processing file /home/airflow/.local/lib/python3.12/site-packages/airflow/example_dags/tutorial_dag.py for tasks to queue
[2025-06-20T22:00:00.373+0000] {logging_mixin.py:190} INFO - [2025-06-20T22:00:00.373+0000] {dagbag.py:588} INFO - Filling up the DagBag from /home/airflow/.local/lib/python3.12/site-packages/airflow/example_dags/tutorial_dag.py
[2025-06-20T22:00:00.380+0000] {processor.py:925} INFO - DAG(s) 'tutorial_dag' retrieved from /home/airflow/.local/lib/python3.12/site-packages/airflow/example_dags/tutorial_dag.py
[2025-06-20T22:00:00.399+0000] {logging_mixin.py:190} INFO - [2025-06-20T22:00:00.399+0000] {dag.py:3239} INFO - Sync 1 DAGs
[2025-06-20T22:00:00.413+0000] {logging_mixin.py:190} INFO - [2025-06-20T22:00:00.412+0000] {dag.py:4180} INFO - Setting next_dagrun for tutorial_dag to None, run_after=None
[2025-06-20T22:00:00.441+0000] {processor.py:208} INFO - Processing /home/airflow/.local/lib/python3.12/site-packages/airflow/example_dags/tutorial_dag.py took 0.077 seconds
[2025-06-20T22:00:32.083+0000] {processor.py:186} INFO - Started process (PID=689) to work on /home/airflow/.local/lib/python3.12/site-packages/airflow/example_dags/tutorial_dag.py
[2025-06-20T22:00:32.084+0000] {processor.py:914} INFO - Processing file /home/airflow/.local/lib/python3.12/site-packages/airflow/example_dags/tutorial_dag.py for tasks to queue
[2025-06-20T22:00:32.087+0000] {logging_mixin.py:190} INFO - [2025-06-20T22:00:32.087+0000] {dagbag.py:588} INFO - Filling up the DagBag from /home/airflow/.local/lib/python3.12/site-packages/airflow/example_dags/tutorial_dag.py
[2025-06-20T22:00:32.096+0000] {processor.py:925} INFO - DAG(s) 'tutorial_dag' retrieved from /home/airflow/.local/lib/python3.12/site-packages/airflow/example_dags/tutorial_dag.py
[2025-06-20T22:00:32.118+0000] {logging_mixin.py:190} INFO - [2025-06-20T22:00:32.117+0000] {dag.py:3239} INFO - Sync 1 DAGs
[2025-06-20T22:00:32.134+0000] {logging_mixin.py:190} INFO - [2025-06-20T22:00:32.134+0000] {dag.py:4180} INFO - Setting next_dagrun for tutorial_dag to None, run_after=None
[2025-06-20T22:00:32.169+0000] {processor.py:208} INFO - Processing /home/airflow/.local/lib/python3.12/site-packages/airflow/example_dags/tutorial_dag.py took 0.092 seconds
[2025-06-20T22:01:03.337+0000] {processor.py:186} INFO - Started process (PID=753) to work on /home/airflow/.local/lib/python3.12/site-packages/airflow/example_dags/tutorial_dag.py
[2025-06-20T22:01:03.347+0000] {processor.py:914} INFO - Processing file /home/airflow/.local/lib/python3.12/site-packages/airflow/example_dags/tutorial_dag.py for tasks to queue
[2025-06-20T22:01:03.349+0000] {logging_mixin.py:190} INFO - [2025-06-20T22:01:03.349+0000] {dagbag.py:588} INFO - Filling up the DagBag from /home/airflow/.local/lib/python3.12/site-packages/airflow/example_dags/tutorial_dag.py
[2025-06-20T22:01:03.356+0000] {processor.py:925} INFO - DAG(s) 'tutorial_dag' retrieved from /home/airflow/.local/lib/python3.12/site-packages/airflow/example_dags/tutorial_dag.py
[2025-06-20T22:01:03.376+0000] {logging_mixin.py:190} INFO - [2025-06-20T22:01:03.376+0000] {dag.py:3239} INFO - Sync 1 DAGs
[2025-06-20T22:01:03.390+0000] {logging_mixin.py:190} INFO - [2025-06-20T22:01:03.390+0000] {dag.py:4180} INFO - Setting next_dagrun for tutorial_dag to None, run_after=None
[2025-06-20T22:01:03.424+0000] {processor.py:208} INFO - Processing /home/airflow/.local/lib/python3.12/site-packages/airflow/example_dags/tutorial_dag.py took 0.092 seconds
[2025-06-20T22:01:34.969+0000] {processor.py:186} INFO - Started process (PID=817) to work on /home/airflow/.local/lib/python3.12/site-packages/airflow/example_dags/tutorial_dag.py
[2025-06-20T22:01:34.970+0000] {processor.py:914} INFO - Processing file /home/airflow/.local/lib/python3.12/site-packages/airflow/example_dags/tutorial_dag.py for tasks to queue
[2025-06-20T22:01:34.972+0000] {logging_mixin.py:190} INFO - [2025-06-20T22:01:34.972+0000] {dagbag.py:588} INFO - Filling up the DagBag from /home/airflow/.local/lib/python3.12/site-packages/airflow/example_dags/tutorial_dag.py
[2025-06-20T22:01:34.980+0000] {processor.py:925} INFO - DAG(s) 'tutorial_dag' retrieved from /home/airflow/.local/lib/python3.12/site-packages/airflow/example_dags/tutorial_dag.py
[2025-06-20T22:01:35.000+0000] {logging_mixin.py:190} INFO - [2025-06-20T22:01:35.000+0000] {dag.py:3239} INFO - Sync 1 DAGs
[2025-06-20T22:01:35.016+0000] {logging_mixin.py:190} INFO - [2025-06-20T22:01:35.016+0000] {dag.py:4180} INFO - Setting next_dagrun for tutorial_dag to None, run_after=None
[2025-06-20T22:01:35.048+0000] {processor.py:208} INFO - Processing /home/airflow/.local/lib/python3.12/site-packages/airflow/example_dags/tutorial_dag.py took 0.085 seconds
[2025-06-20T22:02:06.610+0000] {processor.py:186} INFO - Started process (PID=881) to work on /home/airflow/.local/lib/python3.12/site-packages/airflow/example_dags/tutorial_dag.py
[2025-06-20T22:02:06.611+0000] {processor.py:914} INFO - Processing file /home/airflow/.local/lib/python3.12/site-packages/airflow/example_dags/tutorial_dag.py for tasks to queue
[2025-06-20T22:02:06.614+0000] {logging_mixin.py:190} INFO - [2025-06-20T22:02:06.613+0000] {dagbag.py:588} INFO - Filling up the DagBag from /home/airflow/.local/lib/python3.12/site-packages/airflow/example_dags/tutorial_dag.py
[2025-06-20T22:02:06.623+0000] {processor.py:925} INFO - DAG(s) 'tutorial_dag' retrieved from /home/airflow/.local/lib/python3.12/site-packages/airflow/example_dags/tutorial_dag.py
[2025-06-20T22:02:06.644+0000] {logging_mixin.py:190} INFO - [2025-06-20T22:02:06.644+0000] {dag.py:3239} INFO - Sync 1 DAGs
[2025-06-20T22:02:06.660+0000] {logging_mixin.py:190} INFO - [2025-06-20T22:02:06.660+0000] {dag.py:4180} INFO - Setting next_dagrun for tutorial_dag to None, run_after=None
[2025-06-20T22:02:06.690+0000] {processor.py:208} INFO - Processing /home/airflow/.local/lib/python3.12/site-packages/airflow/example_dags/tutorial_dag.py took 0.085 seconds
[2025-06-20T22:02:38.134+0000] {processor.py:186} INFO - Started process (PID=945) to work on /home/airflow/.local/lib/python3.12/site-packages/airflow/example_dags/tutorial_dag.py
[2025-06-20T22:02:38.135+0000] {processor.py:914} INFO - Processing file /home/airflow/.local/lib/python3.12/site-packages/airflow/example_dags/tutorial_dag.py for tasks to queue
[2025-06-20T22:02:38.137+0000] {logging_mixin.py:190} INFO - [2025-06-20T22:02:38.137+0000] {dagbag.py:588} INFO - Filling up the DagBag from /home/airflow/.local/lib/python3.12/site-packages/airflow/example_dags/tutorial_dag.py
[2025-06-20T22:02:38.145+0000] {processor.py:925} INFO - DAG(s) 'tutorial_dag' retrieved from /home/airflow/.local/lib/python3.12/site-packages/airflow/example_dags/tutorial_dag.py
[2025-06-20T22:02:38.170+0000] {logging_mixin.py:190} INFO - [2025-06-20T22:02:38.169+0000] {dag.py:3239} INFO - Sync 1 DAGs
[2025-06-20T22:02:38.184+0000] {logging_mixin.py:190} INFO - [2025-06-20T22:02:38.184+0000] {dag.py:4180} INFO - Setting next_dagrun for tutorial_dag to None, run_after=None
[2025-06-20T22:02:38.213+0000] {processor.py:208} INFO - Processing /home/airflow/.local/lib/python3.12/site-packages/airflow/example_dags/tutorial_dag.py took 0.085 seconds
[2025-06-20T22:03:09.959+0000] {processor.py:186} INFO - Started process (PID=1009) to work on /home/airflow/.local/lib/python3.12/site-packages/airflow/example_dags/tutorial_dag.py
[2025-06-20T22:03:09.960+0000] {processor.py:914} INFO - Processing file /home/airflow/.local/lib/python3.12/site-packages/airflow/example_dags/tutorial_dag.py for tasks to queue
[2025-06-20T22:03:09.962+0000] {logging_mixin.py:190} INFO - [2025-06-20T22:03:09.962+0000] {dagbag.py:588} INFO - Filling up the DagBag from /home/airflow/.local/lib/python3.12/site-packages/airflow/example_dags/tutorial_dag.py
[2025-06-20T22:03:09.972+0000] {processor.py:925} INFO - DAG(s) 'tutorial_dag' retrieved from /home/airflow/.local/lib/python3.12/site-packages/airflow/example_dags/tutorial_dag.py
[2025-06-20T22:03:09.992+0000] {logging_mixin.py:190} INFO - [2025-06-20T22:03:09.991+0000] {dag.py:3239} INFO - Sync 1 DAGs
[2025-06-20T22:03:10.006+0000] {logging_mixin.py:190} INFO - [2025-06-20T22:03:10.006+0000] {dag.py:4180} INFO - Setting next_dagrun for tutorial_dag to None, run_after=None
[2025-06-20T22:03:10.037+0000] {processor.py:208} INFO - Processing /home/airflow/.local/lib/python3.12/site-packages/airflow/example_dags/tutorial_dag.py took 0.084 seconds
[2025-06-20T22:03:41.862+0000] {processor.py:186} INFO - Started process (PID=1073) to work on /home/airflow/.local/lib/python3.12/site-packages/airflow/example_dags/tutorial_dag.py
[2025-06-20T22:03:41.863+0000] {processor.py:914} INFO - Processing file /home/airflow/.local/lib/python3.12/site-packages/airflow/example_dags/tutorial_dag.py for tasks to queue
[2025-06-20T22:03:41.865+0000] {logging_mixin.py:190} INFO - [2025-06-20T22:03:41.865+0000] {dagbag.py:588} INFO - Filling up the DagBag from /home/airflow/.local/lib/python3.12/site-packages/airflow/example_dags/tutorial_dag.py
[2025-06-20T22:03:41.873+0000] {processor.py:925} INFO - DAG(s) 'tutorial_dag' retrieved from /home/airflow/.local/lib/python3.12/site-packages/airflow/example_dags/tutorial_dag.py
[2025-06-20T22:03:41.894+0000] {logging_mixin.py:190} INFO - [2025-06-20T22:03:41.894+0000] {dag.py:3239} INFO - Sync 1 DAGs
[2025-06-20T22:03:41.908+0000] {logging_mixin.py:190} INFO - [2025-06-20T22:03:41.908+0000] {dag.py:4180} INFO - Setting next_dagrun for tutorial_dag to None, run_after=None
[2025-06-20T22:03:41.936+0000] {processor.py:208} INFO - Processing /home/airflow/.local/lib/python3.12/site-packages/airflow/example_dags/tutorial_dag.py took 0.080 seconds
