[2025-06-20T21:26:42.528+0000] {processor.py:186} INFO - Started process (PID=121) to work on /home/airflow/.local/lib/python3.12/site-packages/airflow/example_dags/tutorial.py
[2025-06-20T21:26:42.529+0000] {processor.py:914} INFO - Processing file /home/airflow/.local/lib/python3.12/site-packages/airflow/example_dags/tutorial.py for tasks to queue
[2025-06-20T21:26:42.531+0000] {logging_mixin.py:190} INFO - [2025-06-20T21:26:42.531+0000] {dagbag.py:588} INFO - Filling up the DagBag from /home/airflow/.local/lib/python3.12/site-packages/airflow/example_dags/tutorial.py
[2025-06-20T21:26:42.542+0000] {processor.py:925} INFO - DAG(s) 'tutorial' retrieved from /home/airflow/.local/lib/python3.12/site-packages/airflow/example_dags/tutorial.py
[2025-06-20T21:26:42.926+0000] {logging_mixin.py:190} INFO - [2025-06-20T21:26:42.925+0000] {override.py:1911} INFO - Created Permission View: can delete on DAG:tutorial
[2025-06-20T21:26:42.989+0000] {logging_mixin.py:190} INFO - [2025-06-20T21:26:42.989+0000] {override.py:1911} INFO - Created Permission View: can read on DAG:tutorial
[2025-06-20T21:26:43.194+0000] {logging_mixin.py:190} INFO - [2025-06-20T21:26:43.194+0000] {override.py:1911} INFO - Created Permission View: can edit on DAG:tutorial
[2025-06-20T21:26:43.353+0000] {logging_mixin.py:190} INFO - [2025-06-20T21:26:43.353+0000] {override.py:1911} INFO - Created Permission View: can delete on DAG Run:tutorial
[2025-06-20T21:26:43.448+0000] {logging_mixin.py:190} INFO - [2025-06-20T21:26:43.448+0000] {override.py:1911} INFO - Created Permission View: can create on DAG Run:tutorial
[2025-06-20T21:26:43.549+0000] {logging_mixin.py:190} INFO - [2025-06-20T21:26:43.549+0000] {override.py:1911} INFO - Created Permission View: can read on DAG Run:tutorial
[2025-06-20T21:26:43.614+0000] {logging_mixin.py:190} INFO - [2025-06-20T21:26:43.613+0000] {override.py:1911} INFO - Created Permission View: menu access on DAG Run:tutorial
[2025-06-20T21:26:43.615+0000] {logging_mixin.py:190} INFO - [2025-06-20T21:26:43.614+0000] {dag.py:3239} INFO - Sync 1 DAGs
[2025-06-20T21:26:43.632+0000] {logging_mixin.py:190} INFO - [2025-06-20T21:26:43.632+0000] {dag.py:3262} INFO - Creating ORM DAG for tutorial
[2025-06-20T21:26:43.717+0000] {logging_mixin.py:190} INFO - [2025-06-20T21:26:43.716+0000] {dag.py:4180} INFO - Setting next_dagrun for tutorial to 2025-06-19 00:00:00+00:00, run_after=2025-06-20 00:00:00+00:00
[2025-06-20T21:26:43.822+0000] {processor.py:208} INFO - Processing /home/airflow/.local/lib/python3.12/site-packages/airflow/example_dags/tutorial.py took 1.300 seconds
[2025-06-20T21:27:14.736+0000] {processor.py:186} INFO - Started process (PID=185) to work on /home/airflow/.local/lib/python3.12/site-packages/airflow/example_dags/tutorial.py
[2025-06-20T21:27:14.737+0000] {processor.py:914} INFO - Processing file /home/airflow/.local/lib/python3.12/site-packages/airflow/example_dags/tutorial.py for tasks to queue
[2025-06-20T21:27:14.740+0000] {logging_mixin.py:190} INFO - [2025-06-20T21:27:14.739+0000] {dagbag.py:588} INFO - Filling up the DagBag from /home/airflow/.local/lib/python3.12/site-packages/airflow/example_dags/tutorial.py
[2025-06-20T21:27:14.747+0000] {processor.py:925} INFO - DAG(s) 'tutorial' retrieved from /home/airflow/.local/lib/python3.12/site-packages/airflow/example_dags/tutorial.py
[2025-06-20T21:27:14.766+0000] {logging_mixin.py:190} INFO - [2025-06-20T21:27:14.766+0000] {dag.py:3239} INFO - Sync 1 DAGs
[2025-06-20T21:27:14.803+0000] {logging_mixin.py:190} INFO - [2025-06-20T21:27:14.803+0000] {dag.py:4180} INFO - Setting next_dagrun for tutorial to 2025-06-19 00:00:00+00:00, run_after=2025-06-20 00:00:00+00:00
[2025-06-20T21:27:14.863+0000] {processor.py:208} INFO - Processing /home/airflow/.local/lib/python3.12/site-packages/airflow/example_dags/tutorial.py took 0.131 seconds
[2025-06-20T21:27:45.016+0000] {processor.py:186} INFO - Started process (PID=249) to work on /home/airflow/.local/lib/python3.12/site-packages/airflow/example_dags/tutorial.py
[2025-06-20T21:27:45.017+0000] {processor.py:914} INFO - Processing file /home/airflow/.local/lib/python3.12/site-packages/airflow/example_dags/tutorial.py for tasks to queue
[2025-06-20T21:27:45.020+0000] {logging_mixin.py:190} INFO - [2025-06-20T21:27:45.019+0000] {dagbag.py:588} INFO - Filling up the DagBag from /home/airflow/.local/lib/python3.12/site-packages/airflow/example_dags/tutorial.py
[2025-06-20T21:27:45.027+0000] {processor.py:925} INFO - DAG(s) 'tutorial' retrieved from /home/airflow/.local/lib/python3.12/site-packages/airflow/example_dags/tutorial.py
[2025-06-20T21:27:45.049+0000] {logging_mixin.py:190} INFO - [2025-06-20T21:27:45.048+0000] {dag.py:3239} INFO - Sync 1 DAGs
[2025-06-20T21:27:45.072+0000] {logging_mixin.py:190} INFO - [2025-06-20T21:27:45.072+0000] {dag.py:4180} INFO - Setting next_dagrun for tutorial to 2025-06-19 00:00:00+00:00, run_after=2025-06-20 00:00:00+00:00
[2025-06-20T21:27:45.104+0000] {processor.py:208} INFO - Processing /home/airflow/.local/lib/python3.12/site-packages/airflow/example_dags/tutorial.py took 0.093 seconds
[2025-06-20T21:28:15.406+0000] {processor.py:186} INFO - Started process (PID=314) to work on /home/airflow/.local/lib/python3.12/site-packages/airflow/example_dags/tutorial.py
[2025-06-20T21:28:15.407+0000] {processor.py:914} INFO - Processing file /home/airflow/.local/lib/python3.12/site-packages/airflow/example_dags/tutorial.py for tasks to queue
[2025-06-20T21:28:15.410+0000] {logging_mixin.py:190} INFO - [2025-06-20T21:28:15.410+0000] {dagbag.py:588} INFO - Filling up the DagBag from /home/airflow/.local/lib/python3.12/site-packages/airflow/example_dags/tutorial.py
[2025-06-20T21:28:15.418+0000] {processor.py:925} INFO - DAG(s) 'tutorial' retrieved from /home/airflow/.local/lib/python3.12/site-packages/airflow/example_dags/tutorial.py
[2025-06-20T21:28:15.437+0000] {logging_mixin.py:190} INFO - [2025-06-20T21:28:15.437+0000] {dag.py:3239} INFO - Sync 1 DAGs
[2025-06-20T21:28:15.459+0000] {logging_mixin.py:190} INFO - [2025-06-20T21:28:15.459+0000] {dag.py:4180} INFO - Setting next_dagrun for tutorial to 2025-06-19 00:00:00+00:00, run_after=2025-06-20 00:00:00+00:00
[2025-06-20T21:28:15.535+0000] {processor.py:208} INFO - Processing /home/airflow/.local/lib/python3.12/site-packages/airflow/example_dags/tutorial.py took 0.134 seconds
[2025-06-20T21:28:46.247+0000] {processor.py:186} INFO - Started process (PID=378) to work on /home/airflow/.local/lib/python3.12/site-packages/airflow/example_dags/tutorial.py
[2025-06-20T21:28:46.249+0000] {processor.py:914} INFO - Processing file /home/airflow/.local/lib/python3.12/site-packages/airflow/example_dags/tutorial.py for tasks to queue
[2025-06-20T21:28:46.251+0000] {logging_mixin.py:190} INFO - [2025-06-20T21:28:46.251+0000] {dagbag.py:588} INFO - Filling up the DagBag from /home/airflow/.local/lib/python3.12/site-packages/airflow/example_dags/tutorial.py
[2025-06-20T21:28:46.258+0000] {processor.py:925} INFO - DAG(s) 'tutorial' retrieved from /home/airflow/.local/lib/python3.12/site-packages/airflow/example_dags/tutorial.py
[2025-06-20T21:28:46.277+0000] {logging_mixin.py:190} INFO - [2025-06-20T21:28:46.277+0000] {dag.py:3239} INFO - Sync 1 DAGs
[2025-06-20T21:28:46.308+0000] {logging_mixin.py:190} INFO - [2025-06-20T21:28:46.307+0000] {dag.py:4180} INFO - Setting next_dagrun for tutorial to 2025-06-19 00:00:00+00:00, run_after=2025-06-20 00:00:00+00:00
[2025-06-20T21:28:46.382+0000] {processor.py:208} INFO - Processing /home/airflow/.local/lib/python3.12/site-packages/airflow/example_dags/tutorial.py took 0.139 seconds
[2025-06-20T21:29:17.005+0000] {processor.py:186} INFO - Started process (PID=442) to work on /home/airflow/.local/lib/python3.12/site-packages/airflow/example_dags/tutorial.py
[2025-06-20T21:29:17.006+0000] {processor.py:914} INFO - Processing file /home/airflow/.local/lib/python3.12/site-packages/airflow/example_dags/tutorial.py for tasks to queue
[2025-06-20T21:29:17.009+0000] {logging_mixin.py:190} INFO - [2025-06-20T21:29:17.008+0000] {dagbag.py:588} INFO - Filling up the DagBag from /home/airflow/.local/lib/python3.12/site-packages/airflow/example_dags/tutorial.py
[2025-06-20T21:29:17.016+0000] {processor.py:925} INFO - DAG(s) 'tutorial' retrieved from /home/airflow/.local/lib/python3.12/site-packages/airflow/example_dags/tutorial.py
[2025-06-20T21:29:17.035+0000] {logging_mixin.py:190} INFO - [2025-06-20T21:29:17.035+0000] {dag.py:3239} INFO - Sync 1 DAGs
[2025-06-20T21:29:17.066+0000] {logging_mixin.py:190} INFO - [2025-06-20T21:29:17.065+0000] {dag.py:4180} INFO - Setting next_dagrun for tutorial to 2025-06-19 00:00:00+00:00, run_after=2025-06-20 00:00:00+00:00
[2025-06-20T21:29:17.280+0000] {processor.py:208} INFO - Processing /home/airflow/.local/lib/python3.12/site-packages/airflow/example_dags/tutorial.py took 0.280 seconds
[2025-06-20T21:29:47.601+0000] {processor.py:186} INFO - Started process (PID=506) to work on /home/airflow/.local/lib/python3.12/site-packages/airflow/example_dags/tutorial.py
[2025-06-20T21:29:47.602+0000] {processor.py:914} INFO - Processing file /home/airflow/.local/lib/python3.12/site-packages/airflow/example_dags/tutorial.py for tasks to queue
[2025-06-20T21:29:47.604+0000] {logging_mixin.py:190} INFO - [2025-06-20T21:29:47.604+0000] {dagbag.py:588} INFO - Filling up the DagBag from /home/airflow/.local/lib/python3.12/site-packages/airflow/example_dags/tutorial.py
[2025-06-20T21:29:47.611+0000] {processor.py:925} INFO - DAG(s) 'tutorial' retrieved from /home/airflow/.local/lib/python3.12/site-packages/airflow/example_dags/tutorial.py
[2025-06-20T21:29:47.630+0000] {logging_mixin.py:190} INFO - [2025-06-20T21:29:47.630+0000] {dag.py:3239} INFO - Sync 1 DAGs
[2025-06-20T21:29:47.654+0000] {logging_mixin.py:190} INFO - [2025-06-20T21:29:47.654+0000] {dag.py:4180} INFO - Setting next_dagrun for tutorial to 2025-06-19 00:00:00+00:00, run_after=2025-06-20 00:00:00+00:00
[2025-06-20T21:29:47.693+0000] {processor.py:208} INFO - Processing /home/airflow/.local/lib/python3.12/site-packages/airflow/example_dags/tutorial.py took 0.097 seconds
[2025-06-20T21:30:18.171+0000] {processor.py:186} INFO - Started process (PID=570) to work on /home/airflow/.local/lib/python3.12/site-packages/airflow/example_dags/tutorial.py
[2025-06-20T21:30:18.172+0000] {processor.py:914} INFO - Processing file /home/airflow/.local/lib/python3.12/site-packages/airflow/example_dags/tutorial.py for tasks to queue
[2025-06-20T21:30:18.174+0000] {logging_mixin.py:190} INFO - [2025-06-20T21:30:18.174+0000] {dagbag.py:588} INFO - Filling up the DagBag from /home/airflow/.local/lib/python3.12/site-packages/airflow/example_dags/tutorial.py
[2025-06-20T21:30:18.181+0000] {processor.py:925} INFO - DAG(s) 'tutorial' retrieved from /home/airflow/.local/lib/python3.12/site-packages/airflow/example_dags/tutorial.py
[2025-06-20T21:30:18.201+0000] {logging_mixin.py:190} INFO - [2025-06-20T21:30:18.201+0000] {dag.py:3239} INFO - Sync 1 DAGs
[2025-06-20T21:30:18.225+0000] {logging_mixin.py:190} INFO - [2025-06-20T21:30:18.224+0000] {dag.py:4180} INFO - Setting next_dagrun for tutorial to 2025-06-19 00:00:00+00:00, run_after=2025-06-20 00:00:00+00:00
[2025-06-20T21:30:18.256+0000] {processor.py:208} INFO - Processing /home/airflow/.local/lib/python3.12/site-packages/airflow/example_dags/tutorial.py took 0.091 seconds
[2025-06-20T21:30:48.675+0000] {processor.py:186} INFO - Started process (PID=633) to work on /home/airflow/.local/lib/python3.12/site-packages/airflow/example_dags/tutorial.py
[2025-06-20T21:30:48.676+0000] {processor.py:914} INFO - Processing file /home/airflow/.local/lib/python3.12/site-packages/airflow/example_dags/tutorial.py for tasks to queue
[2025-06-20T21:30:48.682+0000] {logging_mixin.py:190} INFO - [2025-06-20T21:30:48.682+0000] {dagbag.py:588} INFO - Filling up the DagBag from /home/airflow/.local/lib/python3.12/site-packages/airflow/example_dags/tutorial.py
[2025-06-20T21:30:48.695+0000] {processor.py:925} INFO - DAG(s) 'tutorial' retrieved from /home/airflow/.local/lib/python3.12/site-packages/airflow/example_dags/tutorial.py
[2025-06-20T21:30:48.723+0000] {logging_mixin.py:190} INFO - [2025-06-20T21:30:48.723+0000] {dag.py:3239} INFO - Sync 1 DAGs
[2025-06-20T21:30:48.768+0000] {logging_mixin.py:190} INFO - [2025-06-20T21:30:48.767+0000] {dag.py:4180} INFO - Setting next_dagrun for tutorial to 2025-06-19 00:00:00+00:00, run_after=2025-06-20 00:00:00+00:00
[2025-06-20T21:30:48.961+0000] {processor.py:208} INFO - Processing /home/airflow/.local/lib/python3.12/site-packages/airflow/example_dags/tutorial.py took 0.329 seconds
[2025-06-20T21:31:19.130+0000] {processor.py:186} INFO - Started process (PID=691) to work on /home/airflow/.local/lib/python3.12/site-packages/airflow/example_dags/tutorial.py
[2025-06-20T21:31:19.131+0000] {processor.py:914} INFO - Processing file /home/airflow/.local/lib/python3.12/site-packages/airflow/example_dags/tutorial.py for tasks to queue
[2025-06-20T21:31:19.133+0000] {logging_mixin.py:190} INFO - [2025-06-20T21:31:19.132+0000] {dagbag.py:588} INFO - Filling up the DagBag from /home/airflow/.local/lib/python3.12/site-packages/airflow/example_dags/tutorial.py
[2025-06-20T21:31:19.140+0000] {processor.py:925} INFO - DAG(s) 'tutorial' retrieved from /home/airflow/.local/lib/python3.12/site-packages/airflow/example_dags/tutorial.py
[2025-06-20T21:31:19.159+0000] {logging_mixin.py:190} INFO - [2025-06-20T21:31:19.158+0000] {dag.py:3239} INFO - Sync 1 DAGs
[2025-06-20T21:31:19.181+0000] {logging_mixin.py:190} INFO - [2025-06-20T21:31:19.181+0000] {dag.py:4180} INFO - Setting next_dagrun for tutorial to 2025-06-19 00:00:00+00:00, run_after=2025-06-20 00:00:00+00:00
[2025-06-20T21:31:19.286+0000] {processor.py:208} INFO - Processing /home/airflow/.local/lib/python3.12/site-packages/airflow/example_dags/tutorial.py took 0.162 seconds
[2025-06-20T21:31:49.856+0000] {processor.py:186} INFO - Started process (PID=755) to work on /home/airflow/.local/lib/python3.12/site-packages/airflow/example_dags/tutorial.py
[2025-06-20T21:31:49.857+0000] {processor.py:914} INFO - Processing file /home/airflow/.local/lib/python3.12/site-packages/airflow/example_dags/tutorial.py for tasks to queue
[2025-06-20T21:31:49.859+0000] {logging_mixin.py:190} INFO - [2025-06-20T21:31:49.859+0000] {dagbag.py:588} INFO - Filling up the DagBag from /home/airflow/.local/lib/python3.12/site-packages/airflow/example_dags/tutorial.py
[2025-06-20T21:31:49.866+0000] {processor.py:925} INFO - DAG(s) 'tutorial' retrieved from /home/airflow/.local/lib/python3.12/site-packages/airflow/example_dags/tutorial.py
[2025-06-20T21:31:49.886+0000] {logging_mixin.py:190} INFO - [2025-06-20T21:31:49.885+0000] {dag.py:3239} INFO - Sync 1 DAGs
[2025-06-20T21:31:49.909+0000] {logging_mixin.py:190} INFO - [2025-06-20T21:31:49.908+0000] {dag.py:4180} INFO - Setting next_dagrun for tutorial to 2025-06-19 00:00:00+00:00, run_after=2025-06-20 00:00:00+00:00
[2025-06-20T21:31:49.975+0000] {processor.py:208} INFO - Processing /home/airflow/.local/lib/python3.12/site-packages/airflow/example_dags/tutorial.py took 0.124 seconds
[2025-06-20T21:32:20.253+0000] {processor.py:186} INFO - Started process (PID=819) to work on /home/airflow/.local/lib/python3.12/site-packages/airflow/example_dags/tutorial.py
[2025-06-20T21:32:20.254+0000] {processor.py:914} INFO - Processing file /home/airflow/.local/lib/python3.12/site-packages/airflow/example_dags/tutorial.py for tasks to queue
[2025-06-20T21:32:20.257+0000] {logging_mixin.py:190} INFO - [2025-06-20T21:32:20.256+0000] {dagbag.py:588} INFO - Filling up the DagBag from /home/airflow/.local/lib/python3.12/site-packages/airflow/example_dags/tutorial.py
[2025-06-20T21:32:20.264+0000] {processor.py:925} INFO - DAG(s) 'tutorial' retrieved from /home/airflow/.local/lib/python3.12/site-packages/airflow/example_dags/tutorial.py
[2025-06-20T21:32:20.281+0000] {logging_mixin.py:190} INFO - [2025-06-20T21:32:20.281+0000] {dag.py:3239} INFO - Sync 1 DAGs
[2025-06-20T21:32:20.303+0000] {logging_mixin.py:190} INFO - [2025-06-20T21:32:20.303+0000] {dag.py:4180} INFO - Setting next_dagrun for tutorial to 2025-06-19 00:00:00+00:00, run_after=2025-06-20 00:00:00+00:00
[2025-06-20T21:32:20.591+0000] {processor.py:208} INFO - Processing /home/airflow/.local/lib/python3.12/site-packages/airflow/example_dags/tutorial.py took 0.343 seconds
[2025-06-20T21:32:51.349+0000] {processor.py:186} INFO - Started process (PID=883) to work on /home/airflow/.local/lib/python3.12/site-packages/airflow/example_dags/tutorial.py
[2025-06-20T21:32:51.350+0000] {processor.py:914} INFO - Processing file /home/airflow/.local/lib/python3.12/site-packages/airflow/example_dags/tutorial.py for tasks to queue
[2025-06-20T21:32:51.352+0000] {logging_mixin.py:190} INFO - [2025-06-20T21:32:51.352+0000] {dagbag.py:588} INFO - Filling up the DagBag from /home/airflow/.local/lib/python3.12/site-packages/airflow/example_dags/tutorial.py
[2025-06-20T21:32:51.359+0000] {processor.py:925} INFO - DAG(s) 'tutorial' retrieved from /home/airflow/.local/lib/python3.12/site-packages/airflow/example_dags/tutorial.py
[2025-06-20T21:32:51.379+0000] {logging_mixin.py:190} INFO - [2025-06-20T21:32:51.379+0000] {dag.py:3239} INFO - Sync 1 DAGs
[2025-06-20T21:32:51.400+0000] {logging_mixin.py:190} INFO - [2025-06-20T21:32:51.400+0000] {dag.py:4180} INFO - Setting next_dagrun for tutorial to 2025-06-19 00:00:00+00:00, run_after=2025-06-20 00:00:00+00:00
[2025-06-20T21:32:51.491+0000] {processor.py:208} INFO - Processing /home/airflow/.local/lib/python3.12/site-packages/airflow/example_dags/tutorial.py took 0.146 seconds
[2025-06-20T21:33:22.257+0000] {processor.py:186} INFO - Started process (PID=947) to work on /home/airflow/.local/lib/python3.12/site-packages/airflow/example_dags/tutorial.py
[2025-06-20T21:33:22.259+0000] {processor.py:914} INFO - Processing file /home/airflow/.local/lib/python3.12/site-packages/airflow/example_dags/tutorial.py for tasks to queue
[2025-06-20T21:33:22.262+0000] {logging_mixin.py:190} INFO - [2025-06-20T21:33:22.261+0000] {dagbag.py:588} INFO - Filling up the DagBag from /home/airflow/.local/lib/python3.12/site-packages/airflow/example_dags/tutorial.py
[2025-06-20T21:33:22.275+0000] {processor.py:925} INFO - DAG(s) 'tutorial' retrieved from /home/airflow/.local/lib/python3.12/site-packages/airflow/example_dags/tutorial.py
[2025-06-20T21:33:22.305+0000] {logging_mixin.py:190} INFO - [2025-06-20T21:33:22.305+0000] {dag.py:3239} INFO - Sync 1 DAGs
[2025-06-20T21:33:22.335+0000] {logging_mixin.py:190} INFO - [2025-06-20T21:33:22.335+0000] {dag.py:4180} INFO - Setting next_dagrun for tutorial to 2025-06-19 00:00:00+00:00, run_after=2025-06-20 00:00:00+00:00
[2025-06-20T21:33:22.376+0000] {processor.py:208} INFO - Processing /home/airflow/.local/lib/python3.12/site-packages/airflow/example_dags/tutorial.py took 0.126 seconds
[2025-06-20T21:33:53.021+0000] {processor.py:186} INFO - Started process (PID=1011) to work on /home/airflow/.local/lib/python3.12/site-packages/airflow/example_dags/tutorial.py
[2025-06-20T21:33:53.022+0000] {processor.py:914} INFO - Processing file /home/airflow/.local/lib/python3.12/site-packages/airflow/example_dags/tutorial.py for tasks to queue
[2025-06-20T21:33:53.025+0000] {logging_mixin.py:190} INFO - [2025-06-20T21:33:53.024+0000] {dagbag.py:588} INFO - Filling up the DagBag from /home/airflow/.local/lib/python3.12/site-packages/airflow/example_dags/tutorial.py
[2025-06-20T21:33:53.032+0000] {processor.py:925} INFO - DAG(s) 'tutorial' retrieved from /home/airflow/.local/lib/python3.12/site-packages/airflow/example_dags/tutorial.py
[2025-06-20T21:33:53.052+0000] {logging_mixin.py:190} INFO - [2025-06-20T21:33:53.052+0000] {dag.py:3239} INFO - Sync 1 DAGs
[2025-06-20T21:33:53.078+0000] {logging_mixin.py:190} INFO - [2025-06-20T21:33:53.078+0000] {dag.py:4180} INFO - Setting next_dagrun for tutorial to 2025-06-19 00:00:00+00:00, run_after=2025-06-20 00:00:00+00:00
[2025-06-20T21:33:53.120+0000] {processor.py:208} INFO - Processing /home/airflow/.local/lib/python3.12/site-packages/airflow/example_dags/tutorial.py took 0.104 seconds
[2025-06-20T21:34:23.992+0000] {processor.py:186} INFO - Started process (PID=1075) to work on /home/airflow/.local/lib/python3.12/site-packages/airflow/example_dags/tutorial.py
[2025-06-20T21:34:23.993+0000] {processor.py:914} INFO - Processing file /home/airflow/.local/lib/python3.12/site-packages/airflow/example_dags/tutorial.py for tasks to queue
[2025-06-20T21:34:23.996+0000] {logging_mixin.py:190} INFO - [2025-06-20T21:34:23.996+0000] {dagbag.py:588} INFO - Filling up the DagBag from /home/airflow/.local/lib/python3.12/site-packages/airflow/example_dags/tutorial.py
[2025-06-20T21:34:24.004+0000] {processor.py:925} INFO - DAG(s) 'tutorial' retrieved from /home/airflow/.local/lib/python3.12/site-packages/airflow/example_dags/tutorial.py
[2025-06-20T21:34:24.025+0000] {logging_mixin.py:190} INFO - [2025-06-20T21:34:24.024+0000] {dag.py:3239} INFO - Sync 1 DAGs
[2025-06-20T21:34:24.050+0000] {logging_mixin.py:190} INFO - [2025-06-20T21:34:24.050+0000] {dag.py:4180} INFO - Setting next_dagrun for tutorial to 2025-06-19 00:00:00+00:00, run_after=2025-06-20 00:00:00+00:00
[2025-06-20T21:34:24.091+0000] {processor.py:208} INFO - Processing /home/airflow/.local/lib/python3.12/site-packages/airflow/example_dags/tutorial.py took 0.103 seconds
[2025-06-20T21:34:54.188+0000] {processor.py:186} INFO - Started process (PID=1139) to work on /home/airflow/.local/lib/python3.12/site-packages/airflow/example_dags/tutorial.py
[2025-06-20T21:34:54.189+0000] {processor.py:914} INFO - Processing file /home/airflow/.local/lib/python3.12/site-packages/airflow/example_dags/tutorial.py for tasks to queue
[2025-06-20T21:34:54.192+0000] {logging_mixin.py:190} INFO - [2025-06-20T21:34:54.192+0000] {dagbag.py:588} INFO - Filling up the DagBag from /home/airflow/.local/lib/python3.12/site-packages/airflow/example_dags/tutorial.py
[2025-06-20T21:34:54.199+0000] {processor.py:925} INFO - DAG(s) 'tutorial' retrieved from /home/airflow/.local/lib/python3.12/site-packages/airflow/example_dags/tutorial.py
[2025-06-20T21:34:54.218+0000] {logging_mixin.py:190} INFO - [2025-06-20T21:34:54.218+0000] {dag.py:3239} INFO - Sync 1 DAGs
[2025-06-20T21:34:54.241+0000] {logging_mixin.py:190} INFO - [2025-06-20T21:34:54.241+0000] {dag.py:4180} INFO - Setting next_dagrun for tutorial to 2025-06-19 00:00:00+00:00, run_after=2025-06-20 00:00:00+00:00
[2025-06-20T21:34:54.308+0000] {processor.py:208} INFO - Processing /home/airflow/.local/lib/python3.12/site-packages/airflow/example_dags/tutorial.py took 0.126 seconds
[2025-06-20T21:35:24.378+0000] {processor.py:186} INFO - Started process (PID=1203) to work on /home/airflow/.local/lib/python3.12/site-packages/airflow/example_dags/tutorial.py
[2025-06-20T21:35:24.379+0000] {processor.py:914} INFO - Processing file /home/airflow/.local/lib/python3.12/site-packages/airflow/example_dags/tutorial.py for tasks to queue
[2025-06-20T21:35:24.381+0000] {logging_mixin.py:190} INFO - [2025-06-20T21:35:24.381+0000] {dagbag.py:588} INFO - Filling up the DagBag from /home/airflow/.local/lib/python3.12/site-packages/airflow/example_dags/tutorial.py
[2025-06-20T21:35:24.388+0000] {processor.py:925} INFO - DAG(s) 'tutorial' retrieved from /home/airflow/.local/lib/python3.12/site-packages/airflow/example_dags/tutorial.py
[2025-06-20T21:35:24.411+0000] {logging_mixin.py:190} INFO - [2025-06-20T21:35:24.410+0000] {dag.py:3239} INFO - Sync 1 DAGs
[2025-06-20T21:35:24.433+0000] {logging_mixin.py:190} INFO - [2025-06-20T21:35:24.432+0000] {dag.py:4180} INFO - Setting next_dagrun for tutorial to 2025-06-19 00:00:00+00:00, run_after=2025-06-20 00:00:00+00:00
[2025-06-20T21:35:24.466+0000] {processor.py:208} INFO - Processing /home/airflow/.local/lib/python3.12/site-packages/airflow/example_dags/tutorial.py took 0.092 seconds
[2025-06-20T21:35:55.244+0000] {processor.py:186} INFO - Started process (PID=1267) to work on /home/airflow/.local/lib/python3.12/site-packages/airflow/example_dags/tutorial.py
[2025-06-20T21:35:55.245+0000] {processor.py:914} INFO - Processing file /home/airflow/.local/lib/python3.12/site-packages/airflow/example_dags/tutorial.py for tasks to queue
[2025-06-20T21:35:55.247+0000] {logging_mixin.py:190} INFO - [2025-06-20T21:35:55.247+0000] {dagbag.py:588} INFO - Filling up the DagBag from /home/airflow/.local/lib/python3.12/site-packages/airflow/example_dags/tutorial.py
[2025-06-20T21:35:55.254+0000] {processor.py:925} INFO - DAG(s) 'tutorial' retrieved from /home/airflow/.local/lib/python3.12/site-packages/airflow/example_dags/tutorial.py
[2025-06-20T21:35:55.275+0000] {logging_mixin.py:190} INFO - [2025-06-20T21:35:55.274+0000] {dag.py:3239} INFO - Sync 1 DAGs
[2025-06-20T21:35:55.298+0000] {logging_mixin.py:190} INFO - [2025-06-20T21:35:55.297+0000] {dag.py:4180} INFO - Setting next_dagrun for tutorial to 2025-06-19 00:00:00+00:00, run_after=2025-06-20 00:00:00+00:00
[2025-06-20T21:35:55.391+0000] {processor.py:208} INFO - Processing /home/airflow/.local/lib/python3.12/site-packages/airflow/example_dags/tutorial.py took 0.152 seconds
[2025-06-20T21:36:25.617+0000] {processor.py:186} INFO - Started process (PID=1331) to work on /home/airflow/.local/lib/python3.12/site-packages/airflow/example_dags/tutorial.py
[2025-06-20T21:36:25.618+0000] {processor.py:914} INFO - Processing file /home/airflow/.local/lib/python3.12/site-packages/airflow/example_dags/tutorial.py for tasks to queue
[2025-06-20T21:36:25.620+0000] {logging_mixin.py:190} INFO - [2025-06-20T21:36:25.620+0000] {dagbag.py:588} INFO - Filling up the DagBag from /home/airflow/.local/lib/python3.12/site-packages/airflow/example_dags/tutorial.py
[2025-06-20T21:36:25.628+0000] {processor.py:925} INFO - DAG(s) 'tutorial' retrieved from /home/airflow/.local/lib/python3.12/site-packages/airflow/example_dags/tutorial.py
[2025-06-20T21:36:25.646+0000] {logging_mixin.py:190} INFO - [2025-06-20T21:36:25.646+0000] {dag.py:3239} INFO - Sync 1 DAGs
[2025-06-20T21:36:25.667+0000] {logging_mixin.py:190} INFO - [2025-06-20T21:36:25.667+0000] {dag.py:4180} INFO - Setting next_dagrun for tutorial to 2025-06-19 00:00:00+00:00, run_after=2025-06-20 00:00:00+00:00
[2025-06-20T21:36:25.700+0000] {processor.py:208} INFO - Processing /home/airflow/.local/lib/python3.12/site-packages/airflow/example_dags/tutorial.py took 0.087 seconds
[2025-06-20T21:36:56.291+0000] {processor.py:186} INFO - Started process (PID=1395) to work on /home/airflow/.local/lib/python3.12/site-packages/airflow/example_dags/tutorial.py
[2025-06-20T21:36:56.294+0000] {processor.py:914} INFO - Processing file /home/airflow/.local/lib/python3.12/site-packages/airflow/example_dags/tutorial.py for tasks to queue
[2025-06-20T21:36:56.299+0000] {logging_mixin.py:190} INFO - [2025-06-20T21:36:56.298+0000] {dagbag.py:588} INFO - Filling up the DagBag from /home/airflow/.local/lib/python3.12/site-packages/airflow/example_dags/tutorial.py
[2025-06-20T21:36:56.310+0000] {processor.py:925} INFO - DAG(s) 'tutorial' retrieved from /home/airflow/.local/lib/python3.12/site-packages/airflow/example_dags/tutorial.py
[2025-06-20T21:36:56.329+0000] {logging_mixin.py:190} INFO - [2025-06-20T21:36:56.329+0000] {dag.py:3239} INFO - Sync 1 DAGs
[2025-06-20T21:36:56.350+0000] {logging_mixin.py:190} INFO - [2025-06-20T21:36:56.350+0000] {dag.py:4180} INFO - Setting next_dagrun for tutorial to 2025-06-19 00:00:00+00:00, run_after=2025-06-20 00:00:00+00:00
[2025-06-20T21:36:56.381+0000] {processor.py:208} INFO - Processing /home/airflow/.local/lib/python3.12/site-packages/airflow/example_dags/tutorial.py took 0.101 seconds
[2025-06-20T21:37:26.910+0000] {processor.py:186} INFO - Started process (PID=1458) to work on /home/airflow/.local/lib/python3.12/site-packages/airflow/example_dags/tutorial.py
[2025-06-20T21:37:26.911+0000] {processor.py:914} INFO - Processing file /home/airflow/.local/lib/python3.12/site-packages/airflow/example_dags/tutorial.py for tasks to queue
[2025-06-20T21:37:26.914+0000] {logging_mixin.py:190} INFO - [2025-06-20T21:37:26.914+0000] {dagbag.py:588} INFO - Filling up the DagBag from /home/airflow/.local/lib/python3.12/site-packages/airflow/example_dags/tutorial.py
[2025-06-20T21:37:26.924+0000] {processor.py:925} INFO - DAG(s) 'tutorial' retrieved from /home/airflow/.local/lib/python3.12/site-packages/airflow/example_dags/tutorial.py
[2025-06-20T21:37:26.945+0000] {logging_mixin.py:190} INFO - [2025-06-20T21:37:26.945+0000] {dag.py:3239} INFO - Sync 1 DAGs
[2025-06-20T21:37:26.970+0000] {logging_mixin.py:190} INFO - [2025-06-20T21:37:26.970+0000] {dag.py:4180} INFO - Setting next_dagrun for tutorial to 2025-06-19 00:00:00+00:00, run_after=2025-06-20 00:00:00+00:00
[2025-06-20T21:37:26.999+0000] {processor.py:208} INFO - Processing /home/airflow/.local/lib/python3.12/site-packages/airflow/example_dags/tutorial.py took 0.096 seconds
[2025-06-20T21:37:58.179+0000] {processor.py:186} INFO - Started process (PID=1517) to work on /home/airflow/.local/lib/python3.12/site-packages/airflow/example_dags/tutorial.py
[2025-06-20T21:37:58.180+0000] {processor.py:914} INFO - Processing file /home/airflow/.local/lib/python3.12/site-packages/airflow/example_dags/tutorial.py for tasks to queue
[2025-06-20T21:37:58.183+0000] {logging_mixin.py:190} INFO - [2025-06-20T21:37:58.182+0000] {dagbag.py:588} INFO - Filling up the DagBag from /home/airflow/.local/lib/python3.12/site-packages/airflow/example_dags/tutorial.py
[2025-06-20T21:37:58.190+0000] {processor.py:925} INFO - DAG(s) 'tutorial' retrieved from /home/airflow/.local/lib/python3.12/site-packages/airflow/example_dags/tutorial.py
[2025-06-20T21:37:58.210+0000] {logging_mixin.py:190} INFO - [2025-06-20T21:37:58.209+0000] {dag.py:3239} INFO - Sync 1 DAGs
[2025-06-20T21:37:58.240+0000] {logging_mixin.py:190} INFO - [2025-06-20T21:37:58.240+0000] {dag.py:4180} INFO - Setting next_dagrun for tutorial to 2025-06-19 00:00:00+00:00, run_after=2025-06-20 00:00:00+00:00
[2025-06-20T21:37:58.278+0000] {processor.py:208} INFO - Processing /home/airflow/.local/lib/python3.12/site-packages/airflow/example_dags/tutorial.py took 0.104 seconds
[2025-06-20T21:38:30.060+0000] {processor.py:186} INFO - Started process (PID=1581) to work on /home/airflow/.local/lib/python3.12/site-packages/airflow/example_dags/tutorial.py
[2025-06-20T21:38:30.061+0000] {processor.py:914} INFO - Processing file /home/airflow/.local/lib/python3.12/site-packages/airflow/example_dags/tutorial.py for tasks to queue
[2025-06-20T21:38:30.063+0000] {logging_mixin.py:190} INFO - [2025-06-20T21:38:30.063+0000] {dagbag.py:588} INFO - Filling up the DagBag from /home/airflow/.local/lib/python3.12/site-packages/airflow/example_dags/tutorial.py
[2025-06-20T21:38:30.071+0000] {processor.py:925} INFO - DAG(s) 'tutorial' retrieved from /home/airflow/.local/lib/python3.12/site-packages/airflow/example_dags/tutorial.py
[2025-06-20T21:38:30.092+0000] {logging_mixin.py:190} INFO - [2025-06-20T21:38:30.092+0000] {dag.py:3239} INFO - Sync 1 DAGs
[2025-06-20T21:38:30.120+0000] {logging_mixin.py:190} INFO - [2025-06-20T21:38:30.120+0000] {dag.py:4180} INFO - Setting next_dagrun for tutorial to 2025-06-19 00:00:00+00:00, run_after=2025-06-20 00:00:00+00:00
[2025-06-20T21:38:30.293+0000] {processor.py:208} INFO - Processing /home/airflow/.local/lib/python3.12/site-packages/airflow/example_dags/tutorial.py took 0.239 seconds
[2025-06-20T21:39:01.122+0000] {processor.py:186} INFO - Started process (PID=1645) to work on /home/airflow/.local/lib/python3.12/site-packages/airflow/example_dags/tutorial.py
[2025-06-20T21:39:01.123+0000] {processor.py:914} INFO - Processing file /home/airflow/.local/lib/python3.12/site-packages/airflow/example_dags/tutorial.py for tasks to queue
[2025-06-20T21:39:01.126+0000] {logging_mixin.py:190} INFO - [2025-06-20T21:39:01.125+0000] {dagbag.py:588} INFO - Filling up the DagBag from /home/airflow/.local/lib/python3.12/site-packages/airflow/example_dags/tutorial.py
[2025-06-20T21:39:01.133+0000] {processor.py:925} INFO - DAG(s) 'tutorial' retrieved from /home/airflow/.local/lib/python3.12/site-packages/airflow/example_dags/tutorial.py
[2025-06-20T21:39:01.151+0000] {logging_mixin.py:190} INFO - [2025-06-20T21:39:01.150+0000] {dag.py:3239} INFO - Sync 1 DAGs
[2025-06-20T21:39:01.175+0000] {logging_mixin.py:190} INFO - [2025-06-20T21:39:01.175+0000] {dag.py:4180} INFO - Setting next_dagrun for tutorial to 2025-06-19 00:00:00+00:00, run_after=2025-06-20 00:00:00+00:00
[2025-06-20T21:39:01.216+0000] {processor.py:208} INFO - Processing /home/airflow/.local/lib/python3.12/site-packages/airflow/example_dags/tutorial.py took 0.098 seconds
[2025-06-20T21:39:32.260+0000] {processor.py:186} INFO - Started process (PID=1709) to work on /home/airflow/.local/lib/python3.12/site-packages/airflow/example_dags/tutorial.py
[2025-06-20T21:39:32.261+0000] {processor.py:914} INFO - Processing file /home/airflow/.local/lib/python3.12/site-packages/airflow/example_dags/tutorial.py for tasks to queue
[2025-06-20T21:39:32.263+0000] {logging_mixin.py:190} INFO - [2025-06-20T21:39:32.263+0000] {dagbag.py:588} INFO - Filling up the DagBag from /home/airflow/.local/lib/python3.12/site-packages/airflow/example_dags/tutorial.py
[2025-06-20T21:39:32.270+0000] {processor.py:925} INFO - DAG(s) 'tutorial' retrieved from /home/airflow/.local/lib/python3.12/site-packages/airflow/example_dags/tutorial.py
[2025-06-20T21:39:32.288+0000] {logging_mixin.py:190} INFO - [2025-06-20T21:39:32.288+0000] {dag.py:3239} INFO - Sync 1 DAGs
[2025-06-20T21:39:32.314+0000] {logging_mixin.py:190} INFO - [2025-06-20T21:39:32.313+0000] {dag.py:4180} INFO - Setting next_dagrun for tutorial to 2025-06-19 00:00:00+00:00, run_after=2025-06-20 00:00:00+00:00
[2025-06-20T21:39:32.338+0000] {processor.py:208} INFO - Processing /home/airflow/.local/lib/python3.12/site-packages/airflow/example_dags/tutorial.py took 0.083 seconds
[2025-06-20T21:40:04.347+0000] {processor.py:186} INFO - Started process (PID=1773) to work on /home/airflow/.local/lib/python3.12/site-packages/airflow/example_dags/tutorial.py
[2025-06-20T21:40:04.349+0000] {processor.py:914} INFO - Processing file /home/airflow/.local/lib/python3.12/site-packages/airflow/example_dags/tutorial.py for tasks to queue
[2025-06-20T21:40:04.352+0000] {logging_mixin.py:190} INFO - [2025-06-20T21:40:04.352+0000] {dagbag.py:588} INFO - Filling up the DagBag from /home/airflow/.local/lib/python3.12/site-packages/airflow/example_dags/tutorial.py
[2025-06-20T21:40:04.361+0000] {processor.py:925} INFO - DAG(s) 'tutorial' retrieved from /home/airflow/.local/lib/python3.12/site-packages/airflow/example_dags/tutorial.py
[2025-06-20T21:40:04.381+0000] {logging_mixin.py:190} INFO - [2025-06-20T21:40:04.381+0000] {dag.py:3239} INFO - Sync 1 DAGs
[2025-06-20T21:40:04.404+0000] {logging_mixin.py:190} INFO - [2025-06-20T21:40:04.404+0000] {dag.py:4180} INFO - Setting next_dagrun for tutorial to 2025-06-19 00:00:00+00:00, run_after=2025-06-20 00:00:00+00:00
[2025-06-20T21:40:04.432+0000] {processor.py:208} INFO - Processing /home/airflow/.local/lib/python3.12/site-packages/airflow/example_dags/tutorial.py took 0.092 seconds
[2025-06-20T21:40:34.894+0000] {processor.py:186} INFO - Started process (PID=1831) to work on /home/airflow/.local/lib/python3.12/site-packages/airflow/example_dags/tutorial.py
[2025-06-20T21:40:34.895+0000] {processor.py:914} INFO - Processing file /home/airflow/.local/lib/python3.12/site-packages/airflow/example_dags/tutorial.py for tasks to queue
[2025-06-20T21:40:34.897+0000] {logging_mixin.py:190} INFO - [2025-06-20T21:40:34.897+0000] {dagbag.py:588} INFO - Filling up the DagBag from /home/airflow/.local/lib/python3.12/site-packages/airflow/example_dags/tutorial.py
[2025-06-20T21:40:34.904+0000] {processor.py:925} INFO - DAG(s) 'tutorial' retrieved from /home/airflow/.local/lib/python3.12/site-packages/airflow/example_dags/tutorial.py
[2025-06-20T21:40:34.924+0000] {logging_mixin.py:190} INFO - [2025-06-20T21:40:34.924+0000] {dag.py:3239} INFO - Sync 1 DAGs
[2025-06-20T21:40:34.948+0000] {logging_mixin.py:190} INFO - [2025-06-20T21:40:34.948+0000] {dag.py:4180} INFO - Setting next_dagrun for tutorial to 2025-06-19 00:00:00+00:00, run_after=2025-06-20 00:00:00+00:00
[2025-06-20T21:40:34.974+0000] {processor.py:208} INFO - Processing /home/airflow/.local/lib/python3.12/site-packages/airflow/example_dags/tutorial.py took 0.085 seconds
[2025-06-20T21:41:05.530+0000] {processor.py:186} INFO - Started process (PID=1895) to work on /home/airflow/.local/lib/python3.12/site-packages/airflow/example_dags/tutorial.py
[2025-06-20T21:41:05.531+0000] {processor.py:914} INFO - Processing file /home/airflow/.local/lib/python3.12/site-packages/airflow/example_dags/tutorial.py for tasks to queue
[2025-06-20T21:41:05.534+0000] {logging_mixin.py:190} INFO - [2025-06-20T21:41:05.534+0000] {dagbag.py:588} INFO - Filling up the DagBag from /home/airflow/.local/lib/python3.12/site-packages/airflow/example_dags/tutorial.py
[2025-06-20T21:41:05.546+0000] {processor.py:925} INFO - DAG(s) 'tutorial' retrieved from /home/airflow/.local/lib/python3.12/site-packages/airflow/example_dags/tutorial.py
[2025-06-20T21:41:05.567+0000] {logging_mixin.py:190} INFO - [2025-06-20T21:41:05.567+0000] {dag.py:3239} INFO - Sync 1 DAGs
[2025-06-20T21:41:05.596+0000] {logging_mixin.py:190} INFO - [2025-06-20T21:41:05.596+0000] {dag.py:4180} INFO - Setting next_dagrun for tutorial to 2025-06-19 00:00:00+00:00, run_after=2025-06-20 00:00:00+00:00
[2025-06-20T21:41:05.632+0000] {processor.py:208} INFO - Processing /home/airflow/.local/lib/python3.12/site-packages/airflow/example_dags/tutorial.py took 0.107 seconds
[2025-06-20T21:41:36.550+0000] {processor.py:186} INFO - Started process (PID=1959) to work on /home/airflow/.local/lib/python3.12/site-packages/airflow/example_dags/tutorial.py
[2025-06-20T21:41:36.560+0000] {processor.py:914} INFO - Processing file /home/airflow/.local/lib/python3.12/site-packages/airflow/example_dags/tutorial.py for tasks to queue
[2025-06-20T21:41:36.563+0000] {logging_mixin.py:190} INFO - [2025-06-20T21:41:36.563+0000] {dagbag.py:588} INFO - Filling up the DagBag from /home/airflow/.local/lib/python3.12/site-packages/airflow/example_dags/tutorial.py
[2025-06-20T21:41:36.570+0000] {processor.py:925} INFO - DAG(s) 'tutorial' retrieved from /home/airflow/.local/lib/python3.12/site-packages/airflow/example_dags/tutorial.py
[2025-06-20T21:41:36.589+0000] {logging_mixin.py:190} INFO - [2025-06-20T21:41:36.589+0000] {dag.py:3239} INFO - Sync 1 DAGs
[2025-06-20T21:41:36.612+0000] {logging_mixin.py:190} INFO - [2025-06-20T21:41:36.612+0000] {dag.py:4180} INFO - Setting next_dagrun for tutorial to 2025-06-19 00:00:00+00:00, run_after=2025-06-20 00:00:00+00:00
[2025-06-20T21:41:36.640+0000] {processor.py:208} INFO - Processing /home/airflow/.local/lib/python3.12/site-packages/airflow/example_dags/tutorial.py took 0.095 seconds
[2025-06-20T21:42:09.159+0000] {processor.py:186} INFO - Started process (PID=2029) to work on /home/airflow/.local/lib/python3.12/site-packages/airflow/example_dags/tutorial.py
[2025-06-20T21:42:09.160+0000] {processor.py:914} INFO - Processing file /home/airflow/.local/lib/python3.12/site-packages/airflow/example_dags/tutorial.py for tasks to queue
[2025-06-20T21:42:09.162+0000] {logging_mixin.py:190} INFO - [2025-06-20T21:42:09.162+0000] {dagbag.py:588} INFO - Filling up the DagBag from /home/airflow/.local/lib/python3.12/site-packages/airflow/example_dags/tutorial.py
[2025-06-20T21:42:09.170+0000] {processor.py:925} INFO - DAG(s) 'tutorial' retrieved from /home/airflow/.local/lib/python3.12/site-packages/airflow/example_dags/tutorial.py
[2025-06-20T21:42:09.191+0000] {logging_mixin.py:190} INFO - [2025-06-20T21:42:09.191+0000] {dag.py:3239} INFO - Sync 1 DAGs
[2025-06-20T21:42:09.215+0000] {logging_mixin.py:190} INFO - [2025-06-20T21:42:09.215+0000] {dag.py:4180} INFO - Setting next_dagrun for tutorial to 2025-06-19 00:00:00+00:00, run_after=2025-06-20 00:00:00+00:00
[2025-06-20T21:42:09.250+0000] {processor.py:208} INFO - Processing /home/airflow/.local/lib/python3.12/site-packages/airflow/example_dags/tutorial.py took 0.096 seconds
[2025-06-20T21:42:40.301+0000] {processor.py:186} INFO - Started process (PID=2093) to work on /home/airflow/.local/lib/python3.12/site-packages/airflow/example_dags/tutorial.py
[2025-06-20T21:42:40.302+0000] {processor.py:914} INFO - Processing file /home/airflow/.local/lib/python3.12/site-packages/airflow/example_dags/tutorial.py for tasks to queue
[2025-06-20T21:42:40.304+0000] {logging_mixin.py:190} INFO - [2025-06-20T21:42:40.304+0000] {dagbag.py:588} INFO - Filling up the DagBag from /home/airflow/.local/lib/python3.12/site-packages/airflow/example_dags/tutorial.py
[2025-06-20T21:42:40.311+0000] {processor.py:925} INFO - DAG(s) 'tutorial' retrieved from /home/airflow/.local/lib/python3.12/site-packages/airflow/example_dags/tutorial.py
[2025-06-20T21:42:40.332+0000] {logging_mixin.py:190} INFO - [2025-06-20T21:42:40.332+0000] {dag.py:3239} INFO - Sync 1 DAGs
[2025-06-20T21:42:40.358+0000] {logging_mixin.py:190} INFO - [2025-06-20T21:42:40.358+0000] {dag.py:4180} INFO - Setting next_dagrun for tutorial to 2025-06-19 00:00:00+00:00, run_after=2025-06-20 00:00:00+00:00
[2025-06-20T21:42:40.385+0000] {processor.py:208} INFO - Processing /home/airflow/.local/lib/python3.12/site-packages/airflow/example_dags/tutorial.py took 0.089 seconds
[2025-06-20T21:43:11.792+0000] {processor.py:186} INFO - Started process (PID=2153) to work on /home/airflow/.local/lib/python3.12/site-packages/airflow/example_dags/tutorial.py
[2025-06-20T21:43:11.793+0000] {processor.py:914} INFO - Processing file /home/airflow/.local/lib/python3.12/site-packages/airflow/example_dags/tutorial.py for tasks to queue
[2025-06-20T21:43:11.796+0000] {logging_mixin.py:190} INFO - [2025-06-20T21:43:11.795+0000] {dagbag.py:588} INFO - Filling up the DagBag from /home/airflow/.local/lib/python3.12/site-packages/airflow/example_dags/tutorial.py
[2025-06-20T21:43:11.803+0000] {processor.py:925} INFO - DAG(s) 'tutorial' retrieved from /home/airflow/.local/lib/python3.12/site-packages/airflow/example_dags/tutorial.py
[2025-06-20T21:43:11.821+0000] {logging_mixin.py:190} INFO - [2025-06-20T21:43:11.821+0000] {dag.py:3239} INFO - Sync 1 DAGs
[2025-06-20T21:43:11.843+0000] {logging_mixin.py:190} INFO - [2025-06-20T21:43:11.843+0000] {dag.py:4180} INFO - Setting next_dagrun for tutorial to 2025-06-19 00:00:00+00:00, run_after=2025-06-20 00:00:00+00:00
[2025-06-20T21:43:11.870+0000] {processor.py:208} INFO - Processing /home/airflow/.local/lib/python3.12/site-packages/airflow/example_dags/tutorial.py took 0.083 seconds
[2025-06-20T21:43:43.196+0000] {processor.py:186} INFO - Started process (PID=2219) to work on /home/airflow/.local/lib/python3.12/site-packages/airflow/example_dags/tutorial.py
[2025-06-20T21:43:43.197+0000] {processor.py:914} INFO - Processing file /home/airflow/.local/lib/python3.12/site-packages/airflow/example_dags/tutorial.py for tasks to queue
[2025-06-20T21:43:43.199+0000] {logging_mixin.py:190} INFO - [2025-06-20T21:43:43.199+0000] {dagbag.py:588} INFO - Filling up the DagBag from /home/airflow/.local/lib/python3.12/site-packages/airflow/example_dags/tutorial.py
[2025-06-20T21:43:43.207+0000] {processor.py:925} INFO - DAG(s) 'tutorial' retrieved from /home/airflow/.local/lib/python3.12/site-packages/airflow/example_dags/tutorial.py
[2025-06-20T21:43:43.227+0000] {logging_mixin.py:190} INFO - [2025-06-20T21:43:43.227+0000] {dag.py:3239} INFO - Sync 1 DAGs
[2025-06-20T21:43:43.251+0000] {logging_mixin.py:190} INFO - [2025-06-20T21:43:43.251+0000] {dag.py:4180} INFO - Setting next_dagrun for tutorial to 2025-06-19 00:00:00+00:00, run_after=2025-06-20 00:00:00+00:00
[2025-06-20T21:43:43.321+0000] {processor.py:208} INFO - Processing /home/airflow/.local/lib/python3.12/site-packages/airflow/example_dags/tutorial.py took 0.131 seconds
[2025-06-20T21:44:14.528+0000] {processor.py:186} INFO - Started process (PID=2289) to work on /home/airflow/.local/lib/python3.12/site-packages/airflow/example_dags/tutorial.py
[2025-06-20T21:44:14.529+0000] {processor.py:914} INFO - Processing file /home/airflow/.local/lib/python3.12/site-packages/airflow/example_dags/tutorial.py for tasks to queue
[2025-06-20T21:44:14.531+0000] {logging_mixin.py:190} INFO - [2025-06-20T21:44:14.531+0000] {dagbag.py:588} INFO - Filling up the DagBag from /home/airflow/.local/lib/python3.12/site-packages/airflow/example_dags/tutorial.py
[2025-06-20T21:44:14.539+0000] {processor.py:925} INFO - DAG(s) 'tutorial' retrieved from /home/airflow/.local/lib/python3.12/site-packages/airflow/example_dags/tutorial.py
[2025-06-20T21:44:14.558+0000] {logging_mixin.py:190} INFO - [2025-06-20T21:44:14.558+0000] {dag.py:3239} INFO - Sync 1 DAGs
[2025-06-20T21:44:14.580+0000] {logging_mixin.py:190} INFO - [2025-06-20T21:44:14.580+0000] {dag.py:4180} INFO - Setting next_dagrun for tutorial to 2025-06-19 00:00:00+00:00, run_after=2025-06-20 00:00:00+00:00
[2025-06-20T21:44:14.607+0000] {processor.py:208} INFO - Processing /home/airflow/.local/lib/python3.12/site-packages/airflow/example_dags/tutorial.py took 0.084 seconds
[2025-06-20T21:44:46.186+0000] {processor.py:186} INFO - Started process (PID=2353) to work on /home/airflow/.local/lib/python3.12/site-packages/airflow/example_dags/tutorial.py
[2025-06-20T21:44:46.187+0000] {processor.py:914} INFO - Processing file /home/airflow/.local/lib/python3.12/site-packages/airflow/example_dags/tutorial.py for tasks to queue
[2025-06-20T21:44:46.190+0000] {logging_mixin.py:190} INFO - [2025-06-20T21:44:46.189+0000] {dagbag.py:588} INFO - Filling up the DagBag from /home/airflow/.local/lib/python3.12/site-packages/airflow/example_dags/tutorial.py
[2025-06-20T21:44:46.198+0000] {processor.py:925} INFO - DAG(s) 'tutorial' retrieved from /home/airflow/.local/lib/python3.12/site-packages/airflow/example_dags/tutorial.py
[2025-06-20T21:44:46.220+0000] {logging_mixin.py:190} INFO - [2025-06-20T21:44:46.219+0000] {dag.py:3239} INFO - Sync 1 DAGs
[2025-06-20T21:44:46.244+0000] {logging_mixin.py:190} INFO - [2025-06-20T21:44:46.244+0000] {dag.py:4180} INFO - Setting next_dagrun for tutorial to 2025-06-19 00:00:00+00:00, run_after=2025-06-20 00:00:00+00:00
[2025-06-20T21:44:46.277+0000] {processor.py:208} INFO - Processing /home/airflow/.local/lib/python3.12/site-packages/airflow/example_dags/tutorial.py took 0.098 seconds
[2025-06-20T21:45:18.168+0000] {processor.py:186} INFO - Started process (PID=2417) to work on /home/airflow/.local/lib/python3.12/site-packages/airflow/example_dags/tutorial.py
[2025-06-20T21:45:18.169+0000] {processor.py:914} INFO - Processing file /home/airflow/.local/lib/python3.12/site-packages/airflow/example_dags/tutorial.py for tasks to queue
[2025-06-20T21:45:18.172+0000] {logging_mixin.py:190} INFO - [2025-06-20T21:45:18.171+0000] {dagbag.py:588} INFO - Filling up the DagBag from /home/airflow/.local/lib/python3.12/site-packages/airflow/example_dags/tutorial.py
[2025-06-20T21:45:18.179+0000] {processor.py:925} INFO - DAG(s) 'tutorial' retrieved from /home/airflow/.local/lib/python3.12/site-packages/airflow/example_dags/tutorial.py
[2025-06-20T21:45:18.198+0000] {logging_mixin.py:190} INFO - [2025-06-20T21:45:18.198+0000] {dag.py:3239} INFO - Sync 1 DAGs
[2025-06-20T21:45:18.221+0000] {logging_mixin.py:190} INFO - [2025-06-20T21:45:18.220+0000] {dag.py:4180} INFO - Setting next_dagrun for tutorial to 2025-06-19 00:00:00+00:00, run_after=2025-06-20 00:00:00+00:00
[2025-06-20T21:45:18.253+0000] {processor.py:208} INFO - Processing /home/airflow/.local/lib/python3.12/site-packages/airflow/example_dags/tutorial.py took 0.090 seconds
[2025-06-20T21:45:50.115+0000] {processor.py:186} INFO - Started process (PID=2481) to work on /home/airflow/.local/lib/python3.12/site-packages/airflow/example_dags/tutorial.py
[2025-06-20T21:45:50.117+0000] {processor.py:914} INFO - Processing file /home/airflow/.local/lib/python3.12/site-packages/airflow/example_dags/tutorial.py for tasks to queue
[2025-06-20T21:45:50.120+0000] {logging_mixin.py:190} INFO - [2025-06-20T21:45:50.120+0000] {dagbag.py:588} INFO - Filling up the DagBag from /home/airflow/.local/lib/python3.12/site-packages/airflow/example_dags/tutorial.py
[2025-06-20T21:45:50.128+0000] {processor.py:925} INFO - DAG(s) 'tutorial' retrieved from /home/airflow/.local/lib/python3.12/site-packages/airflow/example_dags/tutorial.py
[2025-06-20T21:45:50.149+0000] {logging_mixin.py:190} INFO - [2025-06-20T21:45:50.149+0000] {dag.py:3239} INFO - Sync 1 DAGs
[2025-06-20T21:45:50.174+0000] {logging_mixin.py:190} INFO - [2025-06-20T21:45:50.173+0000] {dag.py:4180} INFO - Setting next_dagrun for tutorial to 2025-06-19 00:00:00+00:00, run_after=2025-06-20 00:00:00+00:00
[2025-06-20T21:45:50.233+0000] {processor.py:208} INFO - Processing /home/airflow/.local/lib/python3.12/site-packages/airflow/example_dags/tutorial.py took 0.123 seconds
[2025-06-20T21:46:21.570+0000] {processor.py:186} INFO - Started process (PID=2545) to work on /home/airflow/.local/lib/python3.12/site-packages/airflow/example_dags/tutorial.py
[2025-06-20T21:46:21.571+0000] {processor.py:914} INFO - Processing file /home/airflow/.local/lib/python3.12/site-packages/airflow/example_dags/tutorial.py for tasks to queue
[2025-06-20T21:46:21.573+0000] {logging_mixin.py:190} INFO - [2025-06-20T21:46:21.573+0000] {dagbag.py:588} INFO - Filling up the DagBag from /home/airflow/.local/lib/python3.12/site-packages/airflow/example_dags/tutorial.py
[2025-06-20T21:46:21.582+0000] {processor.py:925} INFO - DAG(s) 'tutorial' retrieved from /home/airflow/.local/lib/python3.12/site-packages/airflow/example_dags/tutorial.py
[2025-06-20T21:46:21.603+0000] {logging_mixin.py:190} INFO - [2025-06-20T21:46:21.602+0000] {dag.py:3239} INFO - Sync 1 DAGs
[2025-06-20T21:46:21.628+0000] {logging_mixin.py:190} INFO - [2025-06-20T21:46:21.628+0000] {dag.py:4180} INFO - Setting next_dagrun for tutorial to 2025-06-19 00:00:00+00:00, run_after=2025-06-20 00:00:00+00:00
[2025-06-20T21:46:21.675+0000] {processor.py:208} INFO - Processing /home/airflow/.local/lib/python3.12/site-packages/airflow/example_dags/tutorial.py took 0.113 seconds
[2025-06-20T21:46:52.646+0000] {processor.py:186} INFO - Started process (PID=2609) to work on /home/airflow/.local/lib/python3.12/site-packages/airflow/example_dags/tutorial.py
[2025-06-20T21:46:52.647+0000] {processor.py:914} INFO - Processing file /home/airflow/.local/lib/python3.12/site-packages/airflow/example_dags/tutorial.py for tasks to queue
[2025-06-20T21:46:52.649+0000] {logging_mixin.py:190} INFO - [2025-06-20T21:46:52.649+0000] {dagbag.py:588} INFO - Filling up the DagBag from /home/airflow/.local/lib/python3.12/site-packages/airflow/example_dags/tutorial.py
[2025-06-20T21:46:52.656+0000] {processor.py:925} INFO - DAG(s) 'tutorial' retrieved from /home/airflow/.local/lib/python3.12/site-packages/airflow/example_dags/tutorial.py
[2025-06-20T21:46:52.676+0000] {logging_mixin.py:190} INFO - [2025-06-20T21:46:52.675+0000] {dag.py:3239} INFO - Sync 1 DAGs
[2025-06-20T21:46:52.698+0000] {logging_mixin.py:190} INFO - [2025-06-20T21:46:52.698+0000] {dag.py:4180} INFO - Setting next_dagrun for tutorial to 2025-06-19 00:00:00+00:00, run_after=2025-06-20 00:00:00+00:00
[2025-06-20T21:46:52.747+0000] {processor.py:208} INFO - Processing /home/airflow/.local/lib/python3.12/site-packages/airflow/example_dags/tutorial.py took 0.106 seconds
[2025-06-20T21:47:23.955+0000] {processor.py:186} INFO - Started process (PID=2673) to work on /home/airflow/.local/lib/python3.12/site-packages/airflow/example_dags/tutorial.py
[2025-06-20T21:47:23.956+0000] {processor.py:914} INFO - Processing file /home/airflow/.local/lib/python3.12/site-packages/airflow/example_dags/tutorial.py for tasks to queue
[2025-06-20T21:47:23.959+0000] {logging_mixin.py:190} INFO - [2025-06-20T21:47:23.959+0000] {dagbag.py:588} INFO - Filling up the DagBag from /home/airflow/.local/lib/python3.12/site-packages/airflow/example_dags/tutorial.py
[2025-06-20T21:47:23.970+0000] {processor.py:925} INFO - DAG(s) 'tutorial' retrieved from /home/airflow/.local/lib/python3.12/site-packages/airflow/example_dags/tutorial.py
[2025-06-20T21:47:23.995+0000] {logging_mixin.py:190} INFO - [2025-06-20T21:47:23.995+0000] {dag.py:3239} INFO - Sync 1 DAGs
[2025-06-20T21:47:24.025+0000] {logging_mixin.py:190} INFO - [2025-06-20T21:47:24.025+0000] {dag.py:4180} INFO - Setting next_dagrun for tutorial to 2025-06-19 00:00:00+00:00, run_after=2025-06-20 00:00:00+00:00
[2025-06-20T21:47:24.053+0000] {processor.py:208} INFO - Processing /home/airflow/.local/lib/python3.12/site-packages/airflow/example_dags/tutorial.py took 0.104 seconds
[2025-06-20T21:47:55.724+0000] {processor.py:186} INFO - Started process (PID=2737) to work on /home/airflow/.local/lib/python3.12/site-packages/airflow/example_dags/tutorial.py
[2025-06-20T21:47:55.725+0000] {processor.py:914} INFO - Processing file /home/airflow/.local/lib/python3.12/site-packages/airflow/example_dags/tutorial.py for tasks to queue
[2025-06-20T21:47:55.728+0000] {logging_mixin.py:190} INFO - [2025-06-20T21:47:55.728+0000] {dagbag.py:588} INFO - Filling up the DagBag from /home/airflow/.local/lib/python3.12/site-packages/airflow/example_dags/tutorial.py
[2025-06-20T21:47:55.736+0000] {processor.py:925} INFO - DAG(s) 'tutorial' retrieved from /home/airflow/.local/lib/python3.12/site-packages/airflow/example_dags/tutorial.py
[2025-06-20T21:47:55.757+0000] {logging_mixin.py:190} INFO - [2025-06-20T21:47:55.757+0000] {dag.py:3239} INFO - Sync 1 DAGs
[2025-06-20T21:47:55.785+0000] {logging_mixin.py:190} INFO - [2025-06-20T21:47:55.785+0000] {dag.py:4180} INFO - Setting next_dagrun for tutorial to 2025-06-19 00:00:00+00:00, run_after=2025-06-20 00:00:00+00:00
[2025-06-20T21:47:55.816+0000] {processor.py:208} INFO - Processing /home/airflow/.local/lib/python3.12/site-packages/airflow/example_dags/tutorial.py took 0.097 seconds
[2025-06-20T21:48:27.176+0000] {processor.py:186} INFO - Started process (PID=2801) to work on /home/airflow/.local/lib/python3.12/site-packages/airflow/example_dags/tutorial.py
[2025-06-20T21:48:27.177+0000] {processor.py:914} INFO - Processing file /home/airflow/.local/lib/python3.12/site-packages/airflow/example_dags/tutorial.py for tasks to queue
[2025-06-20T21:48:27.180+0000] {logging_mixin.py:190} INFO - [2025-06-20T21:48:27.179+0000] {dagbag.py:588} INFO - Filling up the DagBag from /home/airflow/.local/lib/python3.12/site-packages/airflow/example_dags/tutorial.py
[2025-06-20T21:48:27.187+0000] {processor.py:925} INFO - DAG(s) 'tutorial' retrieved from /home/airflow/.local/lib/python3.12/site-packages/airflow/example_dags/tutorial.py
[2025-06-20T21:48:27.208+0000] {logging_mixin.py:190} INFO - [2025-06-20T21:48:27.207+0000] {dag.py:3239} INFO - Sync 1 DAGs
[2025-06-20T21:48:27.230+0000] {logging_mixin.py:190} INFO - [2025-06-20T21:48:27.230+0000] {dag.py:4180} INFO - Setting next_dagrun for tutorial to 2025-06-19 00:00:00+00:00, run_after=2025-06-20 00:00:00+00:00
[2025-06-20T21:48:27.274+0000] {processor.py:208} INFO - Processing /home/airflow/.local/lib/python3.12/site-packages/airflow/example_dags/tutorial.py took 0.103 seconds
[2025-06-20T21:48:58.228+0000] {processor.py:186} INFO - Started process (PID=2865) to work on /home/airflow/.local/lib/python3.12/site-packages/airflow/example_dags/tutorial.py
[2025-06-20T21:48:58.230+0000] {processor.py:914} INFO - Processing file /home/airflow/.local/lib/python3.12/site-packages/airflow/example_dags/tutorial.py for tasks to queue
[2025-06-20T21:48:58.233+0000] {logging_mixin.py:190} INFO - [2025-06-20T21:48:58.233+0000] {dagbag.py:588} INFO - Filling up the DagBag from /home/airflow/.local/lib/python3.12/site-packages/airflow/example_dags/tutorial.py
[2025-06-20T21:48:58.242+0000] {processor.py:925} INFO - DAG(s) 'tutorial' retrieved from /home/airflow/.local/lib/python3.12/site-packages/airflow/example_dags/tutorial.py
[2025-06-20T21:48:58.262+0000] {logging_mixin.py:190} INFO - [2025-06-20T21:48:58.262+0000] {dag.py:3239} INFO - Sync 1 DAGs
[2025-06-20T21:48:58.287+0000] {logging_mixin.py:190} INFO - [2025-06-20T21:48:58.286+0000] {dag.py:4180} INFO - Setting next_dagrun for tutorial to 2025-06-19 00:00:00+00:00, run_after=2025-06-20 00:00:00+00:00
[2025-06-20T21:48:58.338+0000] {processor.py:208} INFO - Processing /home/airflow/.local/lib/python3.12/site-packages/airflow/example_dags/tutorial.py took 0.114 seconds
[2025-06-20T21:49:29.755+0000] {processor.py:186} INFO - Started process (PID=2929) to work on /home/airflow/.local/lib/python3.12/site-packages/airflow/example_dags/tutorial.py
[2025-06-20T21:49:29.757+0000] {processor.py:914} INFO - Processing file /home/airflow/.local/lib/python3.12/site-packages/airflow/example_dags/tutorial.py for tasks to queue
[2025-06-20T21:49:29.760+0000] {logging_mixin.py:190} INFO - [2025-06-20T21:49:29.759+0000] {dagbag.py:588} INFO - Filling up the DagBag from /home/airflow/.local/lib/python3.12/site-packages/airflow/example_dags/tutorial.py
[2025-06-20T21:49:29.768+0000] {processor.py:925} INFO - DAG(s) 'tutorial' retrieved from /home/airflow/.local/lib/python3.12/site-packages/airflow/example_dags/tutorial.py
[2025-06-20T21:49:29.789+0000] {logging_mixin.py:190} INFO - [2025-06-20T21:49:29.789+0000] {dag.py:3239} INFO - Sync 1 DAGs
[2025-06-20T21:49:29.814+0000] {logging_mixin.py:190} INFO - [2025-06-20T21:49:29.814+0000] {dag.py:4180} INFO - Setting next_dagrun for tutorial to 2025-06-19 00:00:00+00:00, run_after=2025-06-20 00:00:00+00:00
[2025-06-20T21:49:29.845+0000] {processor.py:208} INFO - Processing /home/airflow/.local/lib/python3.12/site-packages/airflow/example_dags/tutorial.py took 0.095 seconds
[2025-06-20T21:50:01.285+0000] {processor.py:186} INFO - Started process (PID=2993) to work on /home/airflow/.local/lib/python3.12/site-packages/airflow/example_dags/tutorial.py
[2025-06-20T21:50:01.286+0000] {processor.py:914} INFO - Processing file /home/airflow/.local/lib/python3.12/site-packages/airflow/example_dags/tutorial.py for tasks to queue
[2025-06-20T21:50:01.288+0000] {logging_mixin.py:190} INFO - [2025-06-20T21:50:01.288+0000] {dagbag.py:588} INFO - Filling up the DagBag from /home/airflow/.local/lib/python3.12/site-packages/airflow/example_dags/tutorial.py
[2025-06-20T21:50:01.295+0000] {processor.py:925} INFO - DAG(s) 'tutorial' retrieved from /home/airflow/.local/lib/python3.12/site-packages/airflow/example_dags/tutorial.py
[2025-06-20T21:50:01.315+0000] {logging_mixin.py:190} INFO - [2025-06-20T21:50:01.315+0000] {dag.py:3239} INFO - Sync 1 DAGs
[2025-06-20T21:50:01.337+0000] {logging_mixin.py:190} INFO - [2025-06-20T21:50:01.337+0000] {dag.py:4180} INFO - Setting next_dagrun for tutorial to 2025-06-19 00:00:00+00:00, run_after=2025-06-20 00:00:00+00:00
[2025-06-20T21:50:01.364+0000] {processor.py:208} INFO - Processing /home/airflow/.local/lib/python3.12/site-packages/airflow/example_dags/tutorial.py took 0.084 seconds
[2025-06-20T21:50:34.033+0000] {processor.py:186} INFO - Started process (PID=3057) to work on /home/airflow/.local/lib/python3.12/site-packages/airflow/example_dags/tutorial.py
[2025-06-20T21:50:34.034+0000] {processor.py:914} INFO - Processing file /home/airflow/.local/lib/python3.12/site-packages/airflow/example_dags/tutorial.py for tasks to queue
[2025-06-20T21:50:34.037+0000] {logging_mixin.py:190} INFO - [2025-06-20T21:50:34.036+0000] {dagbag.py:588} INFO - Filling up the DagBag from /home/airflow/.local/lib/python3.12/site-packages/airflow/example_dags/tutorial.py
[2025-06-20T21:50:34.045+0000] {processor.py:925} INFO - DAG(s) 'tutorial' retrieved from /home/airflow/.local/lib/python3.12/site-packages/airflow/example_dags/tutorial.py
[2025-06-20T21:50:34.066+0000] {logging_mixin.py:190} INFO - [2025-06-20T21:50:34.065+0000] {dag.py:3239} INFO - Sync 1 DAGs
[2025-06-20T21:50:34.088+0000] {logging_mixin.py:190} INFO - [2025-06-20T21:50:34.088+0000] {dag.py:4180} INFO - Setting next_dagrun for tutorial to 2025-06-19 00:00:00+00:00, run_after=2025-06-20 00:00:00+00:00
[2025-06-20T21:50:34.111+0000] {processor.py:208} INFO - Processing /home/airflow/.local/lib/python3.12/site-packages/airflow/example_dags/tutorial.py took 0.083 seconds
[2025-06-20T21:51:06.888+0000] {processor.py:186} INFO - Started process (PID=3123) to work on /home/airflow/.local/lib/python3.12/site-packages/airflow/example_dags/tutorial.py
[2025-06-20T21:51:06.889+0000] {processor.py:914} INFO - Processing file /home/airflow/.local/lib/python3.12/site-packages/airflow/example_dags/tutorial.py for tasks to queue
[2025-06-20T21:51:06.891+0000] {logging_mixin.py:190} INFO - [2025-06-20T21:51:06.891+0000] {dagbag.py:588} INFO - Filling up the DagBag from /home/airflow/.local/lib/python3.12/site-packages/airflow/example_dags/tutorial.py
[2025-06-20T21:51:06.899+0000] {processor.py:925} INFO - DAG(s) 'tutorial' retrieved from /home/airflow/.local/lib/python3.12/site-packages/airflow/example_dags/tutorial.py
[2025-06-20T21:51:06.919+0000] {logging_mixin.py:190} INFO - [2025-06-20T21:51:06.919+0000] {dag.py:3239} INFO - Sync 1 DAGs
[2025-06-20T21:51:06.964+0000] {logging_mixin.py:190} INFO - [2025-06-20T21:51:06.964+0000] {dag.py:4180} INFO - Setting next_dagrun for tutorial to 2025-06-19 00:00:00+00:00, run_after=2025-06-20 00:00:00+00:00
[2025-06-20T21:51:07.058+0000] {processor.py:208} INFO - Processing /home/airflow/.local/lib/python3.12/site-packages/airflow/example_dags/tutorial.py took 0.175 seconds
[2025-06-20T21:51:37.596+0000] {processor.py:186} INFO - Started process (PID=3187) to work on /home/airflow/.local/lib/python3.12/site-packages/airflow/example_dags/tutorial.py
[2025-06-20T21:51:37.597+0000] {processor.py:914} INFO - Processing file /home/airflow/.local/lib/python3.12/site-packages/airflow/example_dags/tutorial.py for tasks to queue
[2025-06-20T21:51:37.600+0000] {logging_mixin.py:190} INFO - [2025-06-20T21:51:37.599+0000] {dagbag.py:588} INFO - Filling up the DagBag from /home/airflow/.local/lib/python3.12/site-packages/airflow/example_dags/tutorial.py
[2025-06-20T21:51:37.607+0000] {processor.py:925} INFO - DAG(s) 'tutorial' retrieved from /home/airflow/.local/lib/python3.12/site-packages/airflow/example_dags/tutorial.py
[2025-06-20T21:51:37.630+0000] {logging_mixin.py:190} INFO - [2025-06-20T21:51:37.630+0000] {dag.py:3239} INFO - Sync 1 DAGs
[2025-06-20T21:51:37.789+0000] {logging_mixin.py:190} INFO - [2025-06-20T21:51:37.788+0000] {dag.py:4180} INFO - Setting next_dagrun for tutorial to 2025-06-19 00:00:00+00:00, run_after=2025-06-20 00:00:00+00:00
[2025-06-20T21:51:37.818+0000] {processor.py:208} INFO - Processing /home/airflow/.local/lib/python3.12/site-packages/airflow/example_dags/tutorial.py took 0.228 seconds
[2025-06-20T21:52:08.487+0000] {processor.py:186} INFO - Started process (PID=3251) to work on /home/airflow/.local/lib/python3.12/site-packages/airflow/example_dags/tutorial.py
[2025-06-20T21:52:08.488+0000] {processor.py:914} INFO - Processing file /home/airflow/.local/lib/python3.12/site-packages/airflow/example_dags/tutorial.py for tasks to queue
[2025-06-20T21:52:08.491+0000] {logging_mixin.py:190} INFO - [2025-06-20T21:52:08.491+0000] {dagbag.py:588} INFO - Filling up the DagBag from /home/airflow/.local/lib/python3.12/site-packages/airflow/example_dags/tutorial.py
[2025-06-20T21:52:08.499+0000] {processor.py:925} INFO - DAG(s) 'tutorial' retrieved from /home/airflow/.local/lib/python3.12/site-packages/airflow/example_dags/tutorial.py
[2025-06-20T21:52:08.520+0000] {logging_mixin.py:190} INFO - [2025-06-20T21:52:08.520+0000] {dag.py:3239} INFO - Sync 1 DAGs
[2025-06-20T21:52:08.550+0000] {logging_mixin.py:190} INFO - [2025-06-20T21:52:08.550+0000] {dag.py:4180} INFO - Setting next_dagrun for tutorial to 2025-06-19 00:00:00+00:00, run_after=2025-06-20 00:00:00+00:00
[2025-06-20T21:52:08.740+0000] {processor.py:208} INFO - Processing /home/airflow/.local/lib/python3.12/site-packages/airflow/example_dags/tutorial.py took 0.258 seconds
[2025-06-20T21:52:39.665+0000] {processor.py:186} INFO - Started process (PID=3315) to work on /home/airflow/.local/lib/python3.12/site-packages/airflow/example_dags/tutorial.py
[2025-06-20T21:52:39.666+0000] {processor.py:914} INFO - Processing file /home/airflow/.local/lib/python3.12/site-packages/airflow/example_dags/tutorial.py for tasks to queue
[2025-06-20T21:52:39.668+0000] {logging_mixin.py:190} INFO - [2025-06-20T21:52:39.668+0000] {dagbag.py:588} INFO - Filling up the DagBag from /home/airflow/.local/lib/python3.12/site-packages/airflow/example_dags/tutorial.py
[2025-06-20T21:52:39.675+0000] {processor.py:925} INFO - DAG(s) 'tutorial' retrieved from /home/airflow/.local/lib/python3.12/site-packages/airflow/example_dags/tutorial.py
[2025-06-20T21:52:39.693+0000] {logging_mixin.py:190} INFO - [2025-06-20T21:52:39.693+0000] {dag.py:3239} INFO - Sync 1 DAGs
[2025-06-20T21:52:39.713+0000] {logging_mixin.py:190} INFO - [2025-06-20T21:52:39.713+0000] {dag.py:4180} INFO - Setting next_dagrun for tutorial to 2025-06-19 00:00:00+00:00, run_after=2025-06-20 00:00:00+00:00
[2025-06-20T21:52:39.740+0000] {processor.py:208} INFO - Processing /home/airflow/.local/lib/python3.12/site-packages/airflow/example_dags/tutorial.py took 0.080 seconds
[2025-06-20T21:53:10.710+0000] {processor.py:186} INFO - Started process (PID=3379) to work on /home/airflow/.local/lib/python3.12/site-packages/airflow/example_dags/tutorial.py
[2025-06-20T21:53:10.711+0000] {processor.py:914} INFO - Processing file /home/airflow/.local/lib/python3.12/site-packages/airflow/example_dags/tutorial.py for tasks to queue
[2025-06-20T21:53:10.714+0000] {logging_mixin.py:190} INFO - [2025-06-20T21:53:10.713+0000] {dagbag.py:588} INFO - Filling up the DagBag from /home/airflow/.local/lib/python3.12/site-packages/airflow/example_dags/tutorial.py
[2025-06-20T21:53:10.721+0000] {processor.py:925} INFO - DAG(s) 'tutorial' retrieved from /home/airflow/.local/lib/python3.12/site-packages/airflow/example_dags/tutorial.py
[2025-06-20T21:53:10.748+0000] {logging_mixin.py:190} INFO - [2025-06-20T21:53:10.747+0000] {dag.py:3239} INFO - Sync 1 DAGs
[2025-06-20T21:53:10.776+0000] {logging_mixin.py:190} INFO - [2025-06-20T21:53:10.776+0000] {dag.py:4180} INFO - Setting next_dagrun for tutorial to 2025-06-19 00:00:00+00:00, run_after=2025-06-20 00:00:00+00:00
[2025-06-20T21:53:10.832+0000] {processor.py:208} INFO - Processing /home/airflow/.local/lib/python3.12/site-packages/airflow/example_dags/tutorial.py took 0.127 seconds
[2025-06-20T21:53:41.541+0000] {processor.py:186} INFO - Started process (PID=3443) to work on /home/airflow/.local/lib/python3.12/site-packages/airflow/example_dags/tutorial.py
[2025-06-20T21:53:41.542+0000] {processor.py:914} INFO - Processing file /home/airflow/.local/lib/python3.12/site-packages/airflow/example_dags/tutorial.py for tasks to queue
[2025-06-20T21:53:41.544+0000] {logging_mixin.py:190} INFO - [2025-06-20T21:53:41.544+0000] {dagbag.py:588} INFO - Filling up the DagBag from /home/airflow/.local/lib/python3.12/site-packages/airflow/example_dags/tutorial.py
[2025-06-20T21:53:41.551+0000] {processor.py:925} INFO - DAG(s) 'tutorial' retrieved from /home/airflow/.local/lib/python3.12/site-packages/airflow/example_dags/tutorial.py
[2025-06-20T21:53:41.572+0000] {logging_mixin.py:190} INFO - [2025-06-20T21:53:41.571+0000] {dag.py:3239} INFO - Sync 1 DAGs
[2025-06-20T21:53:41.593+0000] {logging_mixin.py:190} INFO - [2025-06-20T21:53:41.593+0000] {dag.py:4180} INFO - Setting next_dagrun for tutorial to 2025-06-19 00:00:00+00:00, run_after=2025-06-20 00:00:00+00:00
[2025-06-20T21:53:41.708+0000] {processor.py:208} INFO - Processing /home/airflow/.local/lib/python3.12/site-packages/airflow/example_dags/tutorial.py took 0.172 seconds
[2025-06-20T21:55:52.632+0000] {processor.py:186} INFO - Started process (PID=108) to work on /home/airflow/.local/lib/python3.12/site-packages/airflow/example_dags/tutorial.py
[2025-06-20T21:55:52.633+0000] {processor.py:914} INFO - Processing file /home/airflow/.local/lib/python3.12/site-packages/airflow/example_dags/tutorial.py for tasks to queue
[2025-06-20T21:55:52.636+0000] {logging_mixin.py:190} INFO - [2025-06-20T21:55:52.636+0000] {dagbag.py:588} INFO - Filling up the DagBag from /home/airflow/.local/lib/python3.12/site-packages/airflow/example_dags/tutorial.py
[2025-06-20T21:55:52.644+0000] {processor.py:925} INFO - DAG(s) 'tutorial' retrieved from /home/airflow/.local/lib/python3.12/site-packages/airflow/example_dags/tutorial.py
[2025-06-20T21:55:52.779+0000] {logging_mixin.py:190} INFO - [2025-06-20T21:55:52.778+0000] {override.py:1911} INFO - Created Permission View: can delete on DAG:tutorial
[2025-06-20T21:55:52.801+0000] {logging_mixin.py:190} INFO - [2025-06-20T21:55:52.800+0000] {override.py:1911} INFO - Created Permission View: can edit on DAG:tutorial
[2025-06-20T21:55:52.821+0000] {logging_mixin.py:190} INFO - [2025-06-20T21:55:52.821+0000] {override.py:1911} INFO - Created Permission View: can read on DAG:tutorial
[2025-06-20T21:55:52.865+0000] {logging_mixin.py:190} INFO - [2025-06-20T21:55:52.865+0000] {override.py:1911} INFO - Created Permission View: can delete on DAG Run:tutorial
[2025-06-20T21:55:52.886+0000] {logging_mixin.py:190} INFO - [2025-06-20T21:55:52.886+0000] {override.py:1911} INFO - Created Permission View: menu access on DAG Run:tutorial
[2025-06-20T21:55:52.897+0000] {logging_mixin.py:190} INFO - [2025-06-20T21:55:52.897+0000] {override.py:1911} INFO - Created Permission View: can create on DAG Run:tutorial
[2025-06-20T21:55:52.919+0000] {logging_mixin.py:190} INFO - [2025-06-20T21:55:52.918+0000] {override.py:1911} INFO - Created Permission View: can read on DAG Run:tutorial
[2025-06-20T21:55:52.920+0000] {logging_mixin.py:190} INFO - [2025-06-20T21:55:52.919+0000] {dag.py:3239} INFO - Sync 1 DAGs
[2025-06-20T21:55:52.932+0000] {logging_mixin.py:190} INFO - [2025-06-20T21:55:52.932+0000] {dag.py:3262} INFO - Creating ORM DAG for tutorial
[2025-06-20T21:55:52.942+0000] {logging_mixin.py:190} INFO - [2025-06-20T21:55:52.942+0000] {dag.py:4180} INFO - Setting next_dagrun for tutorial to 2025-06-19 00:00:00+00:00, run_after=2025-06-20 00:00:00+00:00
[2025-06-20T21:55:52.970+0000] {processor.py:208} INFO - Processing /home/airflow/.local/lib/python3.12/site-packages/airflow/example_dags/tutorial.py took 0.343 seconds
[2025-06-20T21:56:23.737+0000] {processor.py:186} INFO - Started process (PID=172) to work on /home/airflow/.local/lib/python3.12/site-packages/airflow/example_dags/tutorial.py
[2025-06-20T21:56:23.738+0000] {processor.py:914} INFO - Processing file /home/airflow/.local/lib/python3.12/site-packages/airflow/example_dags/tutorial.py for tasks to queue
[2025-06-20T21:56:23.740+0000] {logging_mixin.py:190} INFO - [2025-06-20T21:56:23.740+0000] {dagbag.py:588} INFO - Filling up the DagBag from /home/airflow/.local/lib/python3.12/site-packages/airflow/example_dags/tutorial.py
[2025-06-20T21:56:23.747+0000] {processor.py:925} INFO - DAG(s) 'tutorial' retrieved from /home/airflow/.local/lib/python3.12/site-packages/airflow/example_dags/tutorial.py
[2025-06-20T21:56:23.766+0000] {logging_mixin.py:190} INFO - [2025-06-20T21:56:23.766+0000] {dag.py:3239} INFO - Sync 1 DAGs
[2025-06-20T21:56:23.789+0000] {logging_mixin.py:190} INFO - [2025-06-20T21:56:23.788+0000] {dag.py:4180} INFO - Setting next_dagrun for tutorial to 2025-06-19 00:00:00+00:00, run_after=2025-06-20 00:00:00+00:00
[2025-06-20T21:56:23.873+0000] {processor.py:208} INFO - Processing /home/airflow/.local/lib/python3.12/site-packages/airflow/example_dags/tutorial.py took 0.141 seconds
[2025-06-20T21:56:54.214+0000] {processor.py:186} INFO - Started process (PID=236) to work on /home/airflow/.local/lib/python3.12/site-packages/airflow/example_dags/tutorial.py
[2025-06-20T21:56:54.215+0000] {processor.py:914} INFO - Processing file /home/airflow/.local/lib/python3.12/site-packages/airflow/example_dags/tutorial.py for tasks to queue
[2025-06-20T21:56:54.218+0000] {logging_mixin.py:190} INFO - [2025-06-20T21:56:54.218+0000] {dagbag.py:588} INFO - Filling up the DagBag from /home/airflow/.local/lib/python3.12/site-packages/airflow/example_dags/tutorial.py
[2025-06-20T21:56:54.227+0000] {processor.py:925} INFO - DAG(s) 'tutorial' retrieved from /home/airflow/.local/lib/python3.12/site-packages/airflow/example_dags/tutorial.py
[2025-06-20T21:56:54.248+0000] {logging_mixin.py:190} INFO - [2025-06-20T21:56:54.248+0000] {dag.py:3239} INFO - Sync 1 DAGs
[2025-06-20T21:56:54.273+0000] {logging_mixin.py:190} INFO - [2025-06-20T21:56:54.273+0000] {dag.py:4180} INFO - Setting next_dagrun for tutorial to 2025-06-19 00:00:00+00:00, run_after=2025-06-20 00:00:00+00:00
[2025-06-20T21:56:54.316+0000] {processor.py:208} INFO - Processing /home/airflow/.local/lib/python3.12/site-packages/airflow/example_dags/tutorial.py took 0.107 seconds
[2025-06-20T21:57:24.537+0000] {processor.py:186} INFO - Started process (PID=300) to work on /home/airflow/.local/lib/python3.12/site-packages/airflow/example_dags/tutorial.py
[2025-06-20T21:57:24.538+0000] {processor.py:914} INFO - Processing file /home/airflow/.local/lib/python3.12/site-packages/airflow/example_dags/tutorial.py for tasks to queue
[2025-06-20T21:57:24.541+0000] {logging_mixin.py:190} INFO - [2025-06-20T21:57:24.540+0000] {dagbag.py:588} INFO - Filling up the DagBag from /home/airflow/.local/lib/python3.12/site-packages/airflow/example_dags/tutorial.py
[2025-06-20T21:57:24.549+0000] {processor.py:925} INFO - DAG(s) 'tutorial' retrieved from /home/airflow/.local/lib/python3.12/site-packages/airflow/example_dags/tutorial.py
[2025-06-20T21:57:24.572+0000] {logging_mixin.py:190} INFO - [2025-06-20T21:57:24.572+0000] {dag.py:3239} INFO - Sync 1 DAGs
[2025-06-20T21:57:24.597+0000] {logging_mixin.py:190} INFO - [2025-06-20T21:57:24.597+0000] {dag.py:4180} INFO - Setting next_dagrun for tutorial to 2025-06-19 00:00:00+00:00, run_after=2025-06-20 00:00:00+00:00
[2025-06-20T21:57:24.630+0000] {processor.py:208} INFO - Processing /home/airflow/.local/lib/python3.12/site-packages/airflow/example_dags/tutorial.py took 0.099 seconds
[2025-06-20T21:57:54.887+0000] {processor.py:186} INFO - Started process (PID=364) to work on /home/airflow/.local/lib/python3.12/site-packages/airflow/example_dags/tutorial.py
[2025-06-20T21:57:54.889+0000] {processor.py:914} INFO - Processing file /home/airflow/.local/lib/python3.12/site-packages/airflow/example_dags/tutorial.py for tasks to queue
[2025-06-20T21:57:54.892+0000] {logging_mixin.py:190} INFO - [2025-06-20T21:57:54.891+0000] {dagbag.py:588} INFO - Filling up the DagBag from /home/airflow/.local/lib/python3.12/site-packages/airflow/example_dags/tutorial.py
[2025-06-20T21:57:54.901+0000] {processor.py:925} INFO - DAG(s) 'tutorial' retrieved from /home/airflow/.local/lib/python3.12/site-packages/airflow/example_dags/tutorial.py
[2025-06-20T21:57:54.923+0000] {logging_mixin.py:190} INFO - [2025-06-20T21:57:54.923+0000] {dag.py:3239} INFO - Sync 1 DAGs
[2025-06-20T21:57:54.949+0000] {logging_mixin.py:190} INFO - [2025-06-20T21:57:54.949+0000] {dag.py:4180} INFO - Setting next_dagrun for tutorial to 2025-06-19 00:00:00+00:00, run_after=2025-06-20 00:00:00+00:00
[2025-06-20T21:57:54.995+0000] {processor.py:208} INFO - Processing /home/airflow/.local/lib/python3.12/site-packages/airflow/example_dags/tutorial.py took 0.114 seconds
[2025-06-20T21:58:26.888+0000] {processor.py:186} INFO - Started process (PID=436) to work on /home/airflow/.local/lib/python3.12/site-packages/airflow/example_dags/tutorial.py
[2025-06-20T21:58:26.889+0000] {processor.py:914} INFO - Processing file /home/airflow/.local/lib/python3.12/site-packages/airflow/example_dags/tutorial.py for tasks to queue
[2025-06-20T21:58:26.891+0000] {logging_mixin.py:190} INFO - [2025-06-20T21:58:26.891+0000] {dagbag.py:588} INFO - Filling up the DagBag from /home/airflow/.local/lib/python3.12/site-packages/airflow/example_dags/tutorial.py
[2025-06-20T21:58:26.900+0000] {processor.py:925} INFO - DAG(s) 'tutorial' retrieved from /home/airflow/.local/lib/python3.12/site-packages/airflow/example_dags/tutorial.py
[2025-06-20T21:58:26.921+0000] {logging_mixin.py:190} INFO - [2025-06-20T21:58:26.920+0000] {dag.py:3239} INFO - Sync 1 DAGs
[2025-06-20T21:58:26.944+0000] {logging_mixin.py:190} INFO - [2025-06-20T21:58:26.944+0000] {dag.py:4180} INFO - Setting next_dagrun for tutorial to 2025-06-19 00:00:00+00:00, run_after=2025-06-20 00:00:00+00:00
[2025-06-20T21:58:26.970+0000] {processor.py:208} INFO - Processing /home/airflow/.local/lib/python3.12/site-packages/airflow/example_dags/tutorial.py took 0.089 seconds
[2025-06-20T21:58:57.970+0000] {processor.py:186} INFO - Started process (PID=500) to work on /home/airflow/.local/lib/python3.12/site-packages/airflow/example_dags/tutorial.py
[2025-06-20T21:58:57.971+0000] {processor.py:914} INFO - Processing file /home/airflow/.local/lib/python3.12/site-packages/airflow/example_dags/tutorial.py for tasks to queue
[2025-06-20T21:58:57.973+0000] {logging_mixin.py:190} INFO - [2025-06-20T21:58:57.973+0000] {dagbag.py:588} INFO - Filling up the DagBag from /home/airflow/.local/lib/python3.12/site-packages/airflow/example_dags/tutorial.py
[2025-06-20T21:58:57.981+0000] {processor.py:925} INFO - DAG(s) 'tutorial' retrieved from /home/airflow/.local/lib/python3.12/site-packages/airflow/example_dags/tutorial.py
[2025-06-20T21:58:57.999+0000] {logging_mixin.py:190} INFO - [2025-06-20T21:58:57.999+0000] {dag.py:3239} INFO - Sync 1 DAGs
[2025-06-20T21:58:58.020+0000] {logging_mixin.py:190} INFO - [2025-06-20T21:58:58.020+0000] {dag.py:4180} INFO - Setting next_dagrun for tutorial to 2025-06-19 00:00:00+00:00, run_after=2025-06-20 00:00:00+00:00
[2025-06-20T21:58:58.045+0000] {processor.py:208} INFO - Processing /home/airflow/.local/lib/python3.12/site-packages/airflow/example_dags/tutorial.py took 0.080 seconds
[2025-06-20T21:59:29.255+0000] {processor.py:186} INFO - Started process (PID=564) to work on /home/airflow/.local/lib/python3.12/site-packages/airflow/example_dags/tutorial.py
[2025-06-20T21:59:29.256+0000] {processor.py:914} INFO - Processing file /home/airflow/.local/lib/python3.12/site-packages/airflow/example_dags/tutorial.py for tasks to queue
[2025-06-20T21:59:29.259+0000] {logging_mixin.py:190} INFO - [2025-06-20T21:59:29.258+0000] {dagbag.py:588} INFO - Filling up the DagBag from /home/airflow/.local/lib/python3.12/site-packages/airflow/example_dags/tutorial.py
[2025-06-20T21:59:29.266+0000] {processor.py:925} INFO - DAG(s) 'tutorial' retrieved from /home/airflow/.local/lib/python3.12/site-packages/airflow/example_dags/tutorial.py
[2025-06-20T21:59:29.286+0000] {logging_mixin.py:190} INFO - [2025-06-20T21:59:29.286+0000] {dag.py:3239} INFO - Sync 1 DAGs
[2025-06-20T21:59:29.308+0000] {logging_mixin.py:190} INFO - [2025-06-20T21:59:29.308+0000] {dag.py:4180} INFO - Setting next_dagrun for tutorial to 2025-06-19 00:00:00+00:00, run_after=2025-06-20 00:00:00+00:00
[2025-06-20T21:59:29.337+0000] {processor.py:208} INFO - Processing /home/airflow/.local/lib/python3.12/site-packages/airflow/example_dags/tutorial.py took 0.087 seconds
[2025-06-20T22:00:00.524+0000] {processor.py:186} INFO - Started process (PID=628) to work on /home/airflow/.local/lib/python3.12/site-packages/airflow/example_dags/tutorial.py
[2025-06-20T22:00:00.525+0000] {processor.py:914} INFO - Processing file /home/airflow/.local/lib/python3.12/site-packages/airflow/example_dags/tutorial.py for tasks to queue
[2025-06-20T22:00:00.528+0000] {logging_mixin.py:190} INFO - [2025-06-20T22:00:00.528+0000] {dagbag.py:588} INFO - Filling up the DagBag from /home/airflow/.local/lib/python3.12/site-packages/airflow/example_dags/tutorial.py
[2025-06-20T22:00:00.535+0000] {processor.py:925} INFO - DAG(s) 'tutorial' retrieved from /home/airflow/.local/lib/python3.12/site-packages/airflow/example_dags/tutorial.py
[2025-06-20T22:00:00.555+0000] {logging_mixin.py:190} INFO - [2025-06-20T22:00:00.554+0000] {dag.py:3239} INFO - Sync 1 DAGs
[2025-06-20T22:00:00.578+0000] {logging_mixin.py:190} INFO - [2025-06-20T22:00:00.578+0000] {dag.py:4180} INFO - Setting next_dagrun for tutorial to 2025-06-19 00:00:00+00:00, run_after=2025-06-20 00:00:00+00:00
[2025-06-20T22:00:00.605+0000] {processor.py:208} INFO - Processing /home/airflow/.local/lib/python3.12/site-packages/airflow/example_dags/tutorial.py took 0.087 seconds
[2025-06-20T22:00:32.229+0000] {processor.py:186} INFO - Started process (PID=692) to work on /home/airflow/.local/lib/python3.12/site-packages/airflow/example_dags/tutorial.py
[2025-06-20T22:00:32.230+0000] {processor.py:914} INFO - Processing file /home/airflow/.local/lib/python3.12/site-packages/airflow/example_dags/tutorial.py for tasks to queue
[2025-06-20T22:00:32.233+0000] {logging_mixin.py:190} INFO - [2025-06-20T22:00:32.233+0000] {dagbag.py:588} INFO - Filling up the DagBag from /home/airflow/.local/lib/python3.12/site-packages/airflow/example_dags/tutorial.py
[2025-06-20T22:00:32.242+0000] {processor.py:925} INFO - DAG(s) 'tutorial' retrieved from /home/airflow/.local/lib/python3.12/site-packages/airflow/example_dags/tutorial.py
[2025-06-20T22:00:32.262+0000] {logging_mixin.py:190} INFO - [2025-06-20T22:00:32.262+0000] {dag.py:3239} INFO - Sync 1 DAGs
[2025-06-20T22:00:32.285+0000] {logging_mixin.py:190} INFO - [2025-06-20T22:00:32.285+0000] {dag.py:4180} INFO - Setting next_dagrun for tutorial to 2025-06-19 00:00:00+00:00, run_after=2025-06-20 00:00:00+00:00
[2025-06-20T22:00:32.317+0000] {processor.py:208} INFO - Processing /home/airflow/.local/lib/python3.12/site-packages/airflow/example_dags/tutorial.py took 0.094 seconds
[2025-06-20T22:01:03.608+0000] {processor.py:186} INFO - Started process (PID=756) to work on /home/airflow/.local/lib/python3.12/site-packages/airflow/example_dags/tutorial.py
[2025-06-20T22:01:03.609+0000] {processor.py:914} INFO - Processing file /home/airflow/.local/lib/python3.12/site-packages/airflow/example_dags/tutorial.py for tasks to queue
[2025-06-20T22:01:03.612+0000] {logging_mixin.py:190} INFO - [2025-06-20T22:01:03.611+0000] {dagbag.py:588} INFO - Filling up the DagBag from /home/airflow/.local/lib/python3.12/site-packages/airflow/example_dags/tutorial.py
[2025-06-20T22:01:03.619+0000] {processor.py:925} INFO - DAG(s) 'tutorial' retrieved from /home/airflow/.local/lib/python3.12/site-packages/airflow/example_dags/tutorial.py
[2025-06-20T22:01:03.638+0000] {logging_mixin.py:190} INFO - [2025-06-20T22:01:03.638+0000] {dag.py:3239} INFO - Sync 1 DAGs
[2025-06-20T22:01:03.661+0000] {logging_mixin.py:190} INFO - [2025-06-20T22:01:03.661+0000] {dag.py:4180} INFO - Setting next_dagrun for tutorial to 2025-06-19 00:00:00+00:00, run_after=2025-06-20 00:00:00+00:00
[2025-06-20T22:01:03.690+0000] {processor.py:208} INFO - Processing /home/airflow/.local/lib/python3.12/site-packages/airflow/example_dags/tutorial.py took 0.087 seconds
[2025-06-20T22:01:35.142+0000] {processor.py:186} INFO - Started process (PID=820) to work on /home/airflow/.local/lib/python3.12/site-packages/airflow/example_dags/tutorial.py
[2025-06-20T22:01:35.143+0000] {processor.py:914} INFO - Processing file /home/airflow/.local/lib/python3.12/site-packages/airflow/example_dags/tutorial.py for tasks to queue
[2025-06-20T22:01:35.146+0000] {logging_mixin.py:190} INFO - [2025-06-20T22:01:35.146+0000] {dagbag.py:588} INFO - Filling up the DagBag from /home/airflow/.local/lib/python3.12/site-packages/airflow/example_dags/tutorial.py
[2025-06-20T22:01:35.154+0000] {processor.py:925} INFO - DAG(s) 'tutorial' retrieved from /home/airflow/.local/lib/python3.12/site-packages/airflow/example_dags/tutorial.py
[2025-06-20T22:01:35.174+0000] {logging_mixin.py:190} INFO - [2025-06-20T22:01:35.174+0000] {dag.py:3239} INFO - Sync 1 DAGs
[2025-06-20T22:01:35.197+0000] {logging_mixin.py:190} INFO - [2025-06-20T22:01:35.196+0000] {dag.py:4180} INFO - Setting next_dagrun for tutorial to 2025-06-19 00:00:00+00:00, run_after=2025-06-20 00:00:00+00:00
[2025-06-20T22:01:35.220+0000] {processor.py:208} INFO - Processing /home/airflow/.local/lib/python3.12/site-packages/airflow/example_dags/tutorial.py took 0.083 seconds
[2025-06-20T22:02:06.801+0000] {processor.py:186} INFO - Started process (PID=884) to work on /home/airflow/.local/lib/python3.12/site-packages/airflow/example_dags/tutorial.py
[2025-06-20T22:02:06.802+0000] {processor.py:914} INFO - Processing file /home/airflow/.local/lib/python3.12/site-packages/airflow/example_dags/tutorial.py for tasks to queue
[2025-06-20T22:02:06.805+0000] {logging_mixin.py:190} INFO - [2025-06-20T22:02:06.805+0000] {dagbag.py:588} INFO - Filling up the DagBag from /home/airflow/.local/lib/python3.12/site-packages/airflow/example_dags/tutorial.py
[2025-06-20T22:02:06.813+0000] {processor.py:925} INFO - DAG(s) 'tutorial' retrieved from /home/airflow/.local/lib/python3.12/site-packages/airflow/example_dags/tutorial.py
[2025-06-20T22:02:06.832+0000] {logging_mixin.py:190} INFO - [2025-06-20T22:02:06.832+0000] {dag.py:3239} INFO - Sync 1 DAGs
[2025-06-20T22:02:06.856+0000] {logging_mixin.py:190} INFO - [2025-06-20T22:02:06.856+0000] {dag.py:4180} INFO - Setting next_dagrun for tutorial to 2025-06-19 00:00:00+00:00, run_after=2025-06-20 00:00:00+00:00
[2025-06-20T22:02:06.882+0000] {processor.py:208} INFO - Processing /home/airflow/.local/lib/python3.12/site-packages/airflow/example_dags/tutorial.py took 0.086 seconds
[2025-06-20T22:02:38.291+0000] {processor.py:186} INFO - Started process (PID=948) to work on /home/airflow/.local/lib/python3.12/site-packages/airflow/example_dags/tutorial.py
[2025-06-20T22:02:38.293+0000] {processor.py:914} INFO - Processing file /home/airflow/.local/lib/python3.12/site-packages/airflow/example_dags/tutorial.py for tasks to queue
[2025-06-20T22:02:38.295+0000] {logging_mixin.py:190} INFO - [2025-06-20T22:02:38.295+0000] {dagbag.py:588} INFO - Filling up the DagBag from /home/airflow/.local/lib/python3.12/site-packages/airflow/example_dags/tutorial.py
[2025-06-20T22:02:38.303+0000] {processor.py:925} INFO - DAG(s) 'tutorial' retrieved from /home/airflow/.local/lib/python3.12/site-packages/airflow/example_dags/tutorial.py
[2025-06-20T22:02:38.322+0000] {logging_mixin.py:190} INFO - [2025-06-20T22:02:38.322+0000] {dag.py:3239} INFO - Sync 1 DAGs
[2025-06-20T22:02:38.346+0000] {logging_mixin.py:190} INFO - [2025-06-20T22:02:38.346+0000] {dag.py:4180} INFO - Setting next_dagrun for tutorial to 2025-06-19 00:00:00+00:00, run_after=2025-06-20 00:00:00+00:00
[2025-06-20T22:02:38.372+0000] {processor.py:208} INFO - Processing /home/airflow/.local/lib/python3.12/site-packages/airflow/example_dags/tutorial.py took 0.086 seconds
[2025-06-20T22:03:10.097+0000] {processor.py:186} INFO - Started process (PID=1012) to work on /home/airflow/.local/lib/python3.12/site-packages/airflow/example_dags/tutorial.py
[2025-06-20T22:03:10.098+0000] {processor.py:914} INFO - Processing file /home/airflow/.local/lib/python3.12/site-packages/airflow/example_dags/tutorial.py for tasks to queue
[2025-06-20T22:03:10.101+0000] {logging_mixin.py:190} INFO - [2025-06-20T22:03:10.101+0000] {dagbag.py:588} INFO - Filling up the DagBag from /home/airflow/.local/lib/python3.12/site-packages/airflow/example_dags/tutorial.py
[2025-06-20T22:03:10.109+0000] {processor.py:925} INFO - DAG(s) 'tutorial' retrieved from /home/airflow/.local/lib/python3.12/site-packages/airflow/example_dags/tutorial.py
[2025-06-20T22:03:10.130+0000] {logging_mixin.py:190} INFO - [2025-06-20T22:03:10.129+0000] {dag.py:3239} INFO - Sync 1 DAGs
[2025-06-20T22:03:10.151+0000] {logging_mixin.py:190} INFO - [2025-06-20T22:03:10.151+0000] {dag.py:4180} INFO - Setting next_dagrun for tutorial to 2025-06-19 00:00:00+00:00, run_after=2025-06-20 00:00:00+00:00
[2025-06-20T22:03:10.177+0000] {processor.py:208} INFO - Processing /home/airflow/.local/lib/python3.12/site-packages/airflow/example_dags/tutorial.py took 0.085 seconds
[2025-06-20T22:03:42.118+0000] {processor.py:186} INFO - Started process (PID=1076) to work on /home/airflow/.local/lib/python3.12/site-packages/airflow/example_dags/tutorial.py
[2025-06-20T22:03:42.119+0000] {processor.py:914} INFO - Processing file /home/airflow/.local/lib/python3.12/site-packages/airflow/example_dags/tutorial.py for tasks to queue
[2025-06-20T22:03:42.121+0000] {logging_mixin.py:190} INFO - [2025-06-20T22:03:42.121+0000] {dagbag.py:588} INFO - Filling up the DagBag from /home/airflow/.local/lib/python3.12/site-packages/airflow/example_dags/tutorial.py
[2025-06-20T22:03:42.129+0000] {processor.py:925} INFO - DAG(s) 'tutorial' retrieved from /home/airflow/.local/lib/python3.12/site-packages/airflow/example_dags/tutorial.py
[2025-06-20T22:03:42.150+0000] {logging_mixin.py:190} INFO - [2025-06-20T22:03:42.150+0000] {dag.py:3239} INFO - Sync 1 DAGs
[2025-06-20T22:03:42.174+0000] {logging_mixin.py:190} INFO - [2025-06-20T22:03:42.174+0000] {dag.py:4180} INFO - Setting next_dagrun for tutorial to 2025-06-19 00:00:00+00:00, run_after=2025-06-20 00:00:00+00:00
[2025-06-20T22:03:42.201+0000] {processor.py:208} INFO - Processing /home/airflow/.local/lib/python3.12/site-packages/airflow/example_dags/tutorial.py took 0.089 seconds
