[2025-06-20T23:44:36.907+0000] {local_task_job_runner.py:123} INFO - ::group::Pre task execution logs
[2025-06-20T23:44:36.953+0000] {taskinstance.py:2613} INFO - Dependencies all met for dep_context=non-requeueable deps ti=<TaskInstance: dbt_dag.dbt_run scheduled__2025-06-19T00:00:00+00:00 [queued]>
[2025-06-20T23:44:36.978+0000] {taskinstance.py:2613} INFO - Dependencies all met for dep_context=requeueable deps ti=<TaskInstance: dbt_dag.dbt_run scheduled__2025-06-19T00:00:00+00:00 [queued]>
[2025-06-20T23:44:36.998+0000] {taskinstance.py:2866} INFO - Starting attempt 1 of 2
[2025-06-20T23:44:37.036+0000] {taskinstance.py:2889} INFO - Executing <Task(BashOperator): dbt_run> on 2025-06-19 00:00:00+00:00
[2025-06-20T23:44:37.050+0000] {warnings.py:112} WARNING - /home/***/.local/lib/python3.12/site-packages/***/task/task_runner/standard_task_runner.py:70: DeprecationWarning: This process (pid=85) is multi-threaded, use of fork() may lead to deadlocks in the child.
  pid = os.fork()

[2025-06-20T23:44:37.054+0000] {standard_task_runner.py:72} INFO - Started process 87 to run task
[2025-06-20T23:44:37.055+0000] {standard_task_runner.py:104} INFO - Running: ['***', 'tasks', 'run', 'dbt_dag', 'dbt_run', 'scheduled__2025-06-19T00:00:00+00:00', '--job-id', '3', '--raw', '--subdir', 'DAGS_FOLDER/dbt_dag.py', '--cfg-path', '/tmp/tmpjj1vy990']
[2025-06-20T23:44:37.058+0000] {standard_task_runner.py:105} INFO - Job 3: Subtask dbt_run
[2025-06-20T23:44:37.204+0000] {task_command.py:467} INFO - Running <TaskInstance: dbt_dag.dbt_run scheduled__2025-06-19T00:00:00+00:00 [running]> on host 488def881868
[2025-06-20T23:44:37.457+0000] {taskinstance.py:3132} INFO - Exporting env vars: AIRFLOW_CTX_DAG_OWNER='***' AIRFLOW_CTX_DAG_ID='dbt_dag' AIRFLOW_CTX_TASK_ID='dbt_run' AIRFLOW_CTX_EXECUTION_DATE='2025-06-19T00:00:00+00:00' AIRFLOW_CTX_TRY_NUMBER='1' AIRFLOW_CTX_DAG_RUN_ID='scheduled__2025-06-19T00:00:00+00:00'
[2025-06-20T23:44:37.460+0000] {taskinstance.py:731} INFO - ::endgroup::
[2025-06-20T23:44:37.599+0000] {subprocess.py:78} INFO - Tmp dir root location: /tmp
[2025-06-20T23:44:37.603+0000] {subprocess.py:88} INFO - Running command: ['/usr/bin/bash', '-c', 'cd /opt/dbt && dbt run --profiles-dir /opt/dbt/.dbt']
[2025-06-20T23:44:37.643+0000] {subprocess.py:99} INFO - Output:
[2025-06-20T23:44:48.551+0000] {subprocess.py:106} INFO - [0m23:44:48  Running with dbt=1.10.2
[2025-06-20T23:44:55.581+0000] {subprocess.py:106} INFO - [0m23:44:55  Registered adapter: snowflake=1.9.4
[2025-06-20T23:44:57.928+0000] {subprocess.py:106} INFO - [0m23:44:57  Found 4 models, 4 data tests, 3 sources, 476 macros
[2025-06-20T23:44:57.938+0000] {subprocess.py:106} INFO - [0m23:44:57
[2025-06-20T23:44:57.941+0000] {subprocess.py:106} INFO - [0m23:44:57  Concurrency: 4 threads (target='dev')
[2025-06-20T23:44:57.944+0000] {subprocess.py:106} INFO - [0m23:44:57
[2025-06-20T23:45:02.625+0000] {subprocess.py:106} INFO - [0m23:45:02  1 of 4 START sql view model raw.stg_customers .................................. [RUN]
[2025-06-20T23:45:02.628+0000] {subprocess.py:106} INFO - [0m23:45:02  2 of 4 START sql view model raw.stg_products ................................... [RUN]
[2025-06-20T23:45:02.632+0000] {subprocess.py:106} INFO - [0m23:45:02  3 of 4 START sql view model raw.stg_sales ...................................... [RUN]
[2025-06-20T23:45:03.776+0000] {subprocess.py:106} INFO - [0m23:45:03  1 of 4 OK created sql view model raw.stg_customers ............................. [[32mSUCCESS 1[0m in 1.14s]
[2025-06-20T23:45:04.582+0000] {subprocess.py:106} INFO - [0m23:45:04  2 of 4 OK created sql view model raw.stg_products .............................. [[32mSUCCESS 1[0m in 1.94s]
[2025-06-20T23:45:04.781+0000] {subprocess.py:106} INFO - [0m23:45:04  3 of 4 OK created sql view model raw.stg_sales ................................. [[32mSUCCESS 1[0m in 2.14s]
[2025-06-20T23:45:04.792+0000] {subprocess.py:106} INFO - [0m23:45:04  4 of 4 START sql table model raw.fct_daily_product_revenue ..................... [RUN]
[2025-06-20T23:45:08.161+0000] {subprocess.py:106} INFO - [0m23:45:08  4 of 4 OK created sql table model raw.fct_daily_product_revenue ................ [[32mSUCCESS 1[0m in 3.36s]
[2025-06-20T23:45:10.507+0000] {subprocess.py:106} INFO - [0m23:45:10
[2025-06-20T23:45:10.510+0000] {subprocess.py:106} INFO - [0m23:45:10  Finished running 1 table model, 3 view models in 0 hours 0 minutes and 12.56 seconds (12.56s).
[2025-06-20T23:45:10.843+0000] {subprocess.py:106} INFO - [0m23:45:10
[2025-06-20T23:45:10.845+0000] {subprocess.py:106} INFO - [0m23:45:10  [32mCompleted successfully[0m
[2025-06-20T23:45:10.846+0000] {subprocess.py:106} INFO - [0m23:45:10
[2025-06-20T23:45:10.848+0000] {subprocess.py:106} INFO - [0m23:45:10  Done. PASS=4 WARN=0 ERROR=0 SKIP=0 NO-OP=0 TOTAL=4
[2025-06-20T23:45:12.707+0000] {subprocess.py:110} INFO - Command exited with return code 0
[2025-06-20T23:45:12.782+0000] {taskinstance.py:340} INFO - ::group::Post task execution logs
[2025-06-20T23:45:12.783+0000] {taskinstance.py:352} INFO - Marking task as SUCCESS. dag_id=dbt_dag, task_id=dbt_run, run_id=scheduled__2025-06-19T00:00:00+00:00, execution_date=20250619T000000, start_date=20250620T234436, end_date=20250620T234512
[2025-06-20T23:45:12.873+0000] {local_task_job_runner.py:266} INFO - Task exited with return code 0
[2025-06-20T23:45:12.928+0000] {taskinstance.py:3895} INFO - 1 downstream tasks scheduled from follow-on schedule check
[2025-06-20T23:45:12.934+0000] {local_task_job_runner.py:245} INFO - ::endgroup::
