[2025-06-21T01:09:12.233+0000] {local_task_job_runner.py:123} INFO - ::group::Pre task execution logs
[2025-06-21T01:09:12.254+0000] {taskinstance.py:2613} INFO - Dependencies all met for dep_context=non-requeueable deps ti=<TaskInstance: dbt_dag.dbt_run manual__2025-06-21T01:09:11.429206+00:00 [queued]>
[2025-06-21T01:09:12.264+0000] {taskinstance.py:2613} INFO - Dependencies all met for dep_context=requeueable deps ti=<TaskInstance: dbt_dag.dbt_run manual__2025-06-21T01:09:11.429206+00:00 [queued]>
[2025-06-21T01:09:12.282+0000] {taskinstance.py:2866} INFO - Starting attempt 1 of 2
[2025-06-21T01:09:12.306+0000] {taskinstance.py:2889} INFO - Executing <Task(BashOperator): dbt_run> on 2025-06-21 01:09:11.429206+00:00
[2025-06-21T01:09:12.312+0000] {warnings.py:112} WARNING - /home/***/.local/lib/python3.12/site-packages/***/task/task_runner/standard_task_runner.py:70: DeprecationWarning: This process (pid=150) is multi-threaded, use of fork() may lead to deadlocks in the child.
  pid = os.fork()

[2025-06-21T01:09:12.314+0000] {standard_task_runner.py:72} INFO - Started process 151 to run task
[2025-06-21T01:09:12.314+0000] {standard_task_runner.py:104} INFO - Running: ['***', 'tasks', 'run', 'dbt_dag', 'dbt_run', 'manual__2025-06-21T01:09:11.429206+00:00', '--job-id', '12', '--raw', '--subdir', 'DAGS_FOLDER/dbt_dag.py', '--cfg-path', '/tmp/tmpis59pz0y']
[2025-06-21T01:09:12.316+0000] {standard_task_runner.py:105} INFO - Job 12: Subtask dbt_run
[2025-06-21T01:09:12.380+0000] {task_command.py:467} INFO - Running <TaskInstance: dbt_dag.dbt_run manual__2025-06-21T01:09:11.429206+00:00 [running]> on host fdc116b92d55
[2025-06-21T01:09:12.501+0000] {taskinstance.py:3132} INFO - Exporting env vars: AIRFLOW_CTX_DAG_OWNER='***' AIRFLOW_CTX_DAG_ID='dbt_dag' AIRFLOW_CTX_TASK_ID='dbt_run' AIRFLOW_CTX_EXECUTION_DATE='2025-06-21T01:09:11.429206+00:00' AIRFLOW_CTX_TRY_NUMBER='1' AIRFLOW_CTX_DAG_RUN_ID='manual__2025-06-21T01:09:11.429206+00:00'
[2025-06-21T01:09:12.502+0000] {taskinstance.py:731} INFO - ::endgroup::
[2025-06-21T01:09:12.519+0000] {subprocess.py:78} INFO - Tmp dir root location: /tmp
[2025-06-21T01:09:12.521+0000] {subprocess.py:88} INFO - Running command: ['/usr/bin/bash', '-c', 'cd /opt/dbt && dbt run --profiles-dir /opt/dbt/.dbt']
[2025-06-21T01:09:12.533+0000] {subprocess.py:99} INFO - Output:
[2025-06-21T01:09:15.089+0000] {subprocess.py:106} INFO - [0m01:09:15  Running with dbt=1.10.2
[2025-06-21T01:09:16.069+0000] {subprocess.py:106} INFO - [0m01:09:16  Registered adapter: snowflake=1.9.4
[2025-06-21T01:09:16.850+0000] {subprocess.py:106} INFO - [0m01:09:16  Found 4 models, 4 data tests, 3 sources, 476 macros
[2025-06-21T01:09:16.853+0000] {subprocess.py:106} INFO - [0m01:09:16
[2025-06-21T01:09:16.854+0000] {subprocess.py:106} INFO - [0m01:09:16  Concurrency: 4 threads (target='dev')
[2025-06-21T01:09:16.855+0000] {subprocess.py:106} INFO - [0m01:09:16
[2025-06-21T01:09:19.770+0000] {subprocess.py:106} INFO - [0m01:09:19  1 of 4 START sql view model raw.stg_customers .................................. [RUN]
[2025-06-21T01:09:19.771+0000] {subprocess.py:106} INFO - [0m01:09:19  2 of 4 START sql view model raw.stg_products ................................... [RUN]
[2025-06-21T01:09:19.772+0000] {subprocess.py:106} INFO - [0m01:09:19  3 of 4 START sql view model raw.stg_sales ...................................... [RUN]
[2025-06-21T01:09:20.362+0000] {subprocess.py:106} INFO - [0m01:09:20  1 of 4 OK created sql view model raw.stg_customers ............................. [[32mSUCCESS 1[0m in 0.59s]
[2025-06-21T01:09:22.823+0000] {subprocess.py:106} INFO - [0m01:09:22  2 of 4 OK created sql view model raw.stg_products .............................. [[32mSUCCESS 1[0m in 3.05s]
[2025-06-21T01:09:23.203+0000] {subprocess.py:106} INFO - [0m01:09:23  3 of 4 OK created sql view model raw.stg_sales ................................. [[32mSUCCESS 1[0m in 3.43s]
[2025-06-21T01:09:23.207+0000] {subprocess.py:106} INFO - [0m01:09:23  4 of 4 START sql table model raw.fct_daily_product_revenue ..................... [RUN]
[2025-06-21T01:09:25.514+0000] {subprocess.py:106} INFO - [0m01:09:25  4 of 4 OK created sql table model raw.fct_daily_product_revenue ................ [[32mSUCCESS 1[0m in 2.30s]
[2025-06-21T01:09:27.543+0000] {subprocess.py:106} INFO - [0m01:09:27
[2025-06-21T01:09:27.544+0000] {subprocess.py:106} INFO - [0m01:09:27  Finished running 1 table model, 3 view models in 0 hours 0 minutes and 10.69 seconds (10.69s).
[2025-06-21T01:09:27.681+0000] {subprocess.py:106} INFO - [0m01:09:27
[2025-06-21T01:09:27.682+0000] {subprocess.py:106} INFO - [0m01:09:27  [32mCompleted successfully[0m
[2025-06-21T01:09:27.683+0000] {subprocess.py:106} INFO - [0m01:09:27
[2025-06-21T01:09:27.684+0000] {subprocess.py:106} INFO - [0m01:09:27  Done. PASS=4 WARN=0 ERROR=0 SKIP=0 NO-OP=0 TOTAL=4
[2025-06-21T01:09:28.788+0000] {subprocess.py:110} INFO - Command exited with return code 0
[2025-06-21T01:09:28.893+0000] {taskinstance.py:340} INFO - ::group::Post task execution logs
[2025-06-21T01:09:28.894+0000] {taskinstance.py:352} INFO - Marking task as SUCCESS. dag_id=dbt_dag, task_id=dbt_run, run_id=manual__2025-06-21T01:09:11.429206+00:00, execution_date=20250621T010911, start_date=20250621T010912, end_date=20250621T010928
[2025-06-21T01:09:28.943+0000] {local_task_job_runner.py:266} INFO - Task exited with return code 0
[2025-06-21T01:09:28.962+0000] {taskinstance.py:3895} INFO - 1 downstream tasks scheduled from follow-on schedule check
[2025-06-21T01:09:28.970+0000] {local_task_job_runner.py:245} INFO - ::endgroup::
