[2025-06-21T01:07:04.053+0000] {processor.py:186} INFO - Started process (PID=62) to work on /opt/airflow/dags/dbt_dag.py
[2025-06-21T01:07:04.055+0000] {processor.py:914} INFO - Processing file /opt/airflow/dags/dbt_dag.py for tasks to queue
[2025-06-21T01:07:04.058+0000] {logging_mixin.py:190} INFO - [2025-06-21T01:07:04.058+0000] {dagbag.py:588} INFO - Filling up the DagBag from /opt/airflow/dags/dbt_dag.py
[2025-06-21T01:07:04.087+0000] {processor.py:925} INFO - DAG(s) 'dbt_dag' retrieved from /opt/airflow/dags/dbt_dag.py
[2025-06-21T01:07:04.258+0000] {logging_mixin.py:190} INFO - [2025-06-21T01:07:04.258+0000] {dag.py:3239} INFO - Sync 1 DAGs
[2025-06-21T01:07:04.326+0000] {logging_mixin.py:190} INFO - [2025-06-21T01:07:04.325+0000] {dag.py:4180} INFO - Setting next_dagrun for dbt_dag to 2025-06-21 00:00:00+00:00, run_after=2025-06-22 00:00:00+00:00
[2025-06-21T01:07:04.381+0000] {processor.py:208} INFO - Processing /opt/airflow/dags/dbt_dag.py took 0.335 seconds
[2025-06-21T01:07:34.620+0000] {processor.py:186} INFO - Started process (PID=69) to work on /opt/airflow/dags/dbt_dag.py
[2025-06-21T01:07:34.622+0000] {processor.py:914} INFO - Processing file /opt/airflow/dags/dbt_dag.py for tasks to queue
[2025-06-21T01:07:34.624+0000] {logging_mixin.py:190} INFO - [2025-06-21T01:07:34.624+0000] {dagbag.py:588} INFO - Filling up the DagBag from /opt/airflow/dags/dbt_dag.py
[2025-06-21T01:07:34.656+0000] {processor.py:925} INFO - DAG(s) 'dbt_dag' retrieved from /opt/airflow/dags/dbt_dag.py
[2025-06-21T01:07:34.711+0000] {logging_mixin.py:190} INFO - [2025-06-21T01:07:34.710+0000] {dag.py:3239} INFO - Sync 1 DAGs
[2025-06-21T01:07:34.746+0000] {logging_mixin.py:190} INFO - [2025-06-21T01:07:34.746+0000] {dag.py:4180} INFO - Setting next_dagrun for dbt_dag to 2025-06-21 00:00:00+00:00, run_after=2025-06-22 00:00:00+00:00
[2025-06-21T01:07:34.828+0000] {processor.py:208} INFO - Processing /opt/airflow/dags/dbt_dag.py took 0.214 seconds
[2025-06-21T01:08:05.452+0000] {processor.py:186} INFO - Started process (PID=76) to work on /opt/airflow/dags/dbt_dag.py
[2025-06-21T01:08:05.454+0000] {processor.py:914} INFO - Processing file /opt/airflow/dags/dbt_dag.py for tasks to queue
[2025-06-21T01:08:05.458+0000] {logging_mixin.py:190} INFO - [2025-06-21T01:08:05.458+0000] {dagbag.py:588} INFO - Filling up the DagBag from /opt/airflow/dags/dbt_dag.py
[2025-06-21T01:08:05.484+0000] {processor.py:925} INFO - DAG(s) 'dbt_dag' retrieved from /opt/airflow/dags/dbt_dag.py
[2025-06-21T01:08:05.525+0000] {logging_mixin.py:190} INFO - [2025-06-21T01:08:05.524+0000] {dag.py:3239} INFO - Sync 1 DAGs
[2025-06-21T01:08:05.556+0000] {logging_mixin.py:190} INFO - [2025-06-21T01:08:05.556+0000] {dag.py:4180} INFO - Setting next_dagrun for dbt_dag to 2025-06-21 00:00:00+00:00, run_after=2025-06-22 00:00:00+00:00
[2025-06-21T01:08:05.657+0000] {processor.py:208} INFO - Processing /opt/airflow/dags/dbt_dag.py took 0.212 seconds
[2025-06-21T01:08:36.094+0000] {processor.py:186} INFO - Started process (PID=83) to work on /opt/airflow/dags/dbt_dag.py
[2025-06-21T01:08:36.096+0000] {processor.py:914} INFO - Processing file /opt/airflow/dags/dbt_dag.py for tasks to queue
[2025-06-21T01:08:36.098+0000] {logging_mixin.py:190} INFO - [2025-06-21T01:08:36.098+0000] {dagbag.py:588} INFO - Filling up the DagBag from /opt/airflow/dags/dbt_dag.py
[2025-06-21T01:08:36.123+0000] {processor.py:925} INFO - DAG(s) 'dbt_dag' retrieved from /opt/airflow/dags/dbt_dag.py
[2025-06-21T01:08:36.153+0000] {logging_mixin.py:190} INFO - [2025-06-21T01:08:36.153+0000] {dag.py:3239} INFO - Sync 1 DAGs
[2025-06-21T01:08:36.181+0000] {logging_mixin.py:190} INFO - [2025-06-21T01:08:36.180+0000] {dag.py:4180} INFO - Setting next_dagrun for dbt_dag to 2025-06-21 00:00:00+00:00, run_after=2025-06-22 00:00:00+00:00
[2025-06-21T01:08:36.209+0000] {processor.py:208} INFO - Processing /opt/airflow/dags/dbt_dag.py took 0.121 seconds
[2025-06-21T01:09:06.612+0000] {processor.py:186} INFO - Started process (PID=90) to work on /opt/airflow/dags/dbt_dag.py
[2025-06-21T01:09:06.613+0000] {processor.py:914} INFO - Processing file /opt/airflow/dags/dbt_dag.py for tasks to queue
[2025-06-21T01:09:06.617+0000] {logging_mixin.py:190} INFO - [2025-06-21T01:09:06.616+0000] {dagbag.py:588} INFO - Filling up the DagBag from /opt/airflow/dags/dbt_dag.py
[2025-06-21T01:09:06.638+0000] {processor.py:925} INFO - DAG(s) 'dbt_dag' retrieved from /opt/airflow/dags/dbt_dag.py
[2025-06-21T01:09:06.664+0000] {logging_mixin.py:190} INFO - [2025-06-21T01:09:06.664+0000] {dag.py:3239} INFO - Sync 1 DAGs
[2025-06-21T01:09:06.691+0000] {logging_mixin.py:190} INFO - [2025-06-21T01:09:06.691+0000] {dag.py:4180} INFO - Setting next_dagrun for dbt_dag to 2025-06-20 00:00:00+00:00, run_after=2025-06-21 00:00:00+00:00
[2025-06-21T01:09:06.769+0000] {processor.py:208} INFO - Processing /opt/airflow/dags/dbt_dag.py took 0.163 seconds
[2025-06-21T01:09:37.271+0000] {processor.py:186} INFO - Started process (PID=97) to work on /opt/airflow/dags/dbt_dag.py
[2025-06-21T01:09:37.273+0000] {processor.py:914} INFO - Processing file /opt/airflow/dags/dbt_dag.py for tasks to queue
[2025-06-21T01:09:37.276+0000] {logging_mixin.py:190} INFO - [2025-06-21T01:09:37.275+0000] {dagbag.py:588} INFO - Filling up the DagBag from /opt/airflow/dags/dbt_dag.py
[2025-06-21T01:09:37.301+0000] {processor.py:925} INFO - DAG(s) 'dbt_dag' retrieved from /opt/airflow/dags/dbt_dag.py
[2025-06-21T01:09:37.331+0000] {logging_mixin.py:190} INFO - [2025-06-21T01:09:37.330+0000] {dag.py:3239} INFO - Sync 1 DAGs
[2025-06-21T01:09:37.360+0000] {logging_mixin.py:190} INFO - [2025-06-21T01:09:37.360+0000] {dag.py:4180} INFO - Setting next_dagrun for dbt_dag to 2025-06-21 00:00:00+00:00, run_after=2025-06-22 00:00:00+00:00
[2025-06-21T01:09:37.401+0000] {processor.py:208} INFO - Processing /opt/airflow/dags/dbt_dag.py took 0.137 seconds
[2025-06-21T01:10:07.812+0000] {processor.py:186} INFO - Started process (PID=104) to work on /opt/airflow/dags/dbt_dag.py
[2025-06-21T01:10:07.813+0000] {processor.py:914} INFO - Processing file /opt/airflow/dags/dbt_dag.py for tasks to queue
[2025-06-21T01:10:07.816+0000] {logging_mixin.py:190} INFO - [2025-06-21T01:10:07.815+0000] {dagbag.py:588} INFO - Filling up the DagBag from /opt/airflow/dags/dbt_dag.py
[2025-06-21T01:10:07.841+0000] {processor.py:925} INFO - DAG(s) 'dbt_dag' retrieved from /opt/airflow/dags/dbt_dag.py
[2025-06-21T01:10:07.873+0000] {logging_mixin.py:190} INFO - [2025-06-21T01:10:07.872+0000] {dag.py:3239} INFO - Sync 1 DAGs
[2025-06-21T01:10:07.903+0000] {logging_mixin.py:190} INFO - [2025-06-21T01:10:07.903+0000] {dag.py:4180} INFO - Setting next_dagrun for dbt_dag to 2025-06-21 00:00:00+00:00, run_after=2025-06-22 00:00:00+00:00
[2025-06-21T01:10:07.991+0000] {processor.py:208} INFO - Processing /opt/airflow/dags/dbt_dag.py took 0.187 seconds
[2025-06-21T01:10:38.386+0000] {processor.py:186} INFO - Started process (PID=111) to work on /opt/airflow/dags/dbt_dag.py
[2025-06-21T01:10:38.387+0000] {processor.py:914} INFO - Processing file /opt/airflow/dags/dbt_dag.py for tasks to queue
[2025-06-21T01:10:38.390+0000] {logging_mixin.py:190} INFO - [2025-06-21T01:10:38.389+0000] {dagbag.py:588} INFO - Filling up the DagBag from /opt/airflow/dags/dbt_dag.py
[2025-06-21T01:10:38.417+0000] {processor.py:925} INFO - DAG(s) 'dbt_dag' retrieved from /opt/airflow/dags/dbt_dag.py
[2025-06-21T01:10:38.448+0000] {logging_mixin.py:190} INFO - [2025-06-21T01:10:38.448+0000] {dag.py:3239} INFO - Sync 1 DAGs
[2025-06-21T01:10:38.476+0000] {logging_mixin.py:190} INFO - [2025-06-21T01:10:38.476+0000] {dag.py:4180} INFO - Setting next_dagrun for dbt_dag to 2025-06-21 00:00:00+00:00, run_after=2025-06-22 00:00:00+00:00
[2025-06-21T01:10:38.522+0000] {processor.py:208} INFO - Processing /opt/airflow/dags/dbt_dag.py took 0.141 seconds
[2025-06-21T01:11:09.011+0000] {processor.py:186} INFO - Started process (PID=118) to work on /opt/airflow/dags/dbt_dag.py
[2025-06-21T01:11:09.012+0000] {processor.py:914} INFO - Processing file /opt/airflow/dags/dbt_dag.py for tasks to queue
[2025-06-21T01:11:09.014+0000] {logging_mixin.py:190} INFO - [2025-06-21T01:11:09.013+0000] {dagbag.py:588} INFO - Filling up the DagBag from /opt/airflow/dags/dbt_dag.py
[2025-06-21T01:11:09.035+0000] {processor.py:925} INFO - DAG(s) 'dbt_dag' retrieved from /opt/airflow/dags/dbt_dag.py
[2025-06-21T01:11:09.059+0000] {logging_mixin.py:190} INFO - [2025-06-21T01:11:09.059+0000] {dag.py:3239} INFO - Sync 1 DAGs
[2025-06-21T01:11:09.083+0000] {logging_mixin.py:190} INFO - [2025-06-21T01:11:09.083+0000] {dag.py:4180} INFO - Setting next_dagrun for dbt_dag to 2025-06-21 00:00:00+00:00, run_after=2025-06-22 00:00:00+00:00
[2025-06-21T01:11:09.129+0000] {processor.py:208} INFO - Processing /opt/airflow/dags/dbt_dag.py took 0.123 seconds
[2025-06-21T01:11:39.568+0000] {processor.py:186} INFO - Started process (PID=125) to work on /opt/airflow/dags/dbt_dag.py
[2025-06-21T01:11:39.569+0000] {processor.py:914} INFO - Processing file /opt/airflow/dags/dbt_dag.py for tasks to queue
[2025-06-21T01:11:39.571+0000] {logging_mixin.py:190} INFO - [2025-06-21T01:11:39.571+0000] {dagbag.py:588} INFO - Filling up the DagBag from /opt/airflow/dags/dbt_dag.py
[2025-06-21T01:11:39.593+0000] {processor.py:925} INFO - DAG(s) 'dbt_dag' retrieved from /opt/airflow/dags/dbt_dag.py
[2025-06-21T01:11:39.618+0000] {logging_mixin.py:190} INFO - [2025-06-21T01:11:39.618+0000] {dag.py:3239} INFO - Sync 1 DAGs
[2025-06-21T01:11:39.643+0000] {logging_mixin.py:190} INFO - [2025-06-21T01:11:39.643+0000] {dag.py:4180} INFO - Setting next_dagrun for dbt_dag to 2025-06-21 00:00:00+00:00, run_after=2025-06-22 00:00:00+00:00
[2025-06-21T01:11:39.670+0000] {processor.py:208} INFO - Processing /opt/airflow/dags/dbt_dag.py took 0.108 seconds
[2025-06-21T01:12:10.187+0000] {processor.py:186} INFO - Started process (PID=132) to work on /opt/airflow/dags/dbt_dag.py
[2025-06-21T01:12:10.188+0000] {processor.py:914} INFO - Processing file /opt/airflow/dags/dbt_dag.py for tasks to queue
[2025-06-21T01:12:10.190+0000] {logging_mixin.py:190} INFO - [2025-06-21T01:12:10.190+0000] {dagbag.py:588} INFO - Filling up the DagBag from /opt/airflow/dags/dbt_dag.py
[2025-06-21T01:12:10.208+0000] {processor.py:925} INFO - DAG(s) 'dbt_dag' retrieved from /opt/airflow/dags/dbt_dag.py
[2025-06-21T01:12:10.233+0000] {logging_mixin.py:190} INFO - [2025-06-21T01:12:10.233+0000] {dag.py:3239} INFO - Sync 1 DAGs
[2025-06-21T01:12:10.258+0000] {logging_mixin.py:190} INFO - [2025-06-21T01:12:10.258+0000] {dag.py:4180} INFO - Setting next_dagrun for dbt_dag to 2025-06-21 00:00:00+00:00, run_after=2025-06-22 00:00:00+00:00
[2025-06-21T01:12:10.537+0000] {processor.py:208} INFO - Processing /opt/airflow/dags/dbt_dag.py took 0.354 seconds
[2025-06-21T01:12:40.682+0000] {processor.py:186} INFO - Started process (PID=139) to work on /opt/airflow/dags/dbt_dag.py
[2025-06-21T01:12:40.683+0000] {processor.py:914} INFO - Processing file /opt/airflow/dags/dbt_dag.py for tasks to queue
[2025-06-21T01:12:40.686+0000] {logging_mixin.py:190} INFO - [2025-06-21T01:12:40.685+0000] {dagbag.py:588} INFO - Filling up the DagBag from /opt/airflow/dags/dbt_dag.py
[2025-06-21T01:12:40.708+0000] {processor.py:925} INFO - DAG(s) 'dbt_dag' retrieved from /opt/airflow/dags/dbt_dag.py
[2025-06-21T01:12:40.736+0000] {logging_mixin.py:190} INFO - [2025-06-21T01:12:40.736+0000] {dag.py:3239} INFO - Sync 1 DAGs
[2025-06-21T01:12:40.971+0000] {logging_mixin.py:190} INFO - [2025-06-21T01:12:40.971+0000] {dag.py:4180} INFO - Setting next_dagrun for dbt_dag to 2025-06-21 00:00:00+00:00, run_after=2025-06-22 00:00:00+00:00
[2025-06-21T01:12:41.019+0000] {processor.py:208} INFO - Processing /opt/airflow/dags/dbt_dag.py took 0.342 seconds
[2025-06-21T01:13:11.583+0000] {processor.py:186} INFO - Started process (PID=146) to work on /opt/airflow/dags/dbt_dag.py
[2025-06-21T01:13:11.585+0000] {processor.py:914} INFO - Processing file /opt/airflow/dags/dbt_dag.py for tasks to queue
[2025-06-21T01:13:11.588+0000] {logging_mixin.py:190} INFO - [2025-06-21T01:13:11.587+0000] {dagbag.py:588} INFO - Filling up the DagBag from /opt/airflow/dags/dbt_dag.py
[2025-06-21T01:13:11.610+0000] {processor.py:925} INFO - DAG(s) 'dbt_dag' retrieved from /opt/airflow/dags/dbt_dag.py
[2025-06-21T01:13:11.641+0000] {logging_mixin.py:190} INFO - [2025-06-21T01:13:11.640+0000] {dag.py:3239} INFO - Sync 1 DAGs
[2025-06-21T01:13:11.669+0000] {logging_mixin.py:190} INFO - [2025-06-21T01:13:11.668+0000] {dag.py:4180} INFO - Setting next_dagrun for dbt_dag to 2025-06-21 00:00:00+00:00, run_after=2025-06-22 00:00:00+00:00
[2025-06-21T01:13:11.702+0000] {processor.py:208} INFO - Processing /opt/airflow/dags/dbt_dag.py took 0.124 seconds
[2025-06-21T01:13:42.121+0000] {processor.py:186} INFO - Started process (PID=153) to work on /opt/airflow/dags/dbt_dag.py
[2025-06-21T01:13:42.122+0000] {processor.py:914} INFO - Processing file /opt/airflow/dags/dbt_dag.py for tasks to queue
[2025-06-21T01:13:42.125+0000] {logging_mixin.py:190} INFO - [2025-06-21T01:13:42.125+0000] {dagbag.py:588} INFO - Filling up the DagBag from /opt/airflow/dags/dbt_dag.py
[2025-06-21T01:13:42.146+0000] {processor.py:925} INFO - DAG(s) 'dbt_dag' retrieved from /opt/airflow/dags/dbt_dag.py
[2025-06-21T01:13:42.171+0000] {logging_mixin.py:190} INFO - [2025-06-21T01:13:42.171+0000] {dag.py:3239} INFO - Sync 1 DAGs
[2025-06-21T01:13:42.197+0000] {logging_mixin.py:190} INFO - [2025-06-21T01:13:42.197+0000] {dag.py:4180} INFO - Setting next_dagrun for dbt_dag to 2025-06-21 00:00:00+00:00, run_after=2025-06-22 00:00:00+00:00
[2025-06-21T01:13:42.228+0000] {processor.py:208} INFO - Processing /opt/airflow/dags/dbt_dag.py took 0.113 seconds
[2025-06-21T01:14:12.928+0000] {processor.py:186} INFO - Started process (PID=160) to work on /opt/airflow/dags/dbt_dag.py
[2025-06-21T01:14:12.930+0000] {processor.py:914} INFO - Processing file /opt/airflow/dags/dbt_dag.py for tasks to queue
[2025-06-21T01:14:12.932+0000] {logging_mixin.py:190} INFO - [2025-06-21T01:14:12.932+0000] {dagbag.py:588} INFO - Filling up the DagBag from /opt/airflow/dags/dbt_dag.py
[2025-06-21T01:14:12.951+0000] {processor.py:925} INFO - DAG(s) 'dbt_dag' retrieved from /opt/airflow/dags/dbt_dag.py
[2025-06-21T01:14:12.975+0000] {logging_mixin.py:190} INFO - [2025-06-21T01:14:12.975+0000] {dag.py:3239} INFO - Sync 1 DAGs
[2025-06-21T01:14:12.999+0000] {logging_mixin.py:190} INFO - [2025-06-21T01:14:12.999+0000] {dag.py:4180} INFO - Setting next_dagrun for dbt_dag to 2025-06-21 00:00:00+00:00, run_after=2025-06-22 00:00:00+00:00
[2025-06-21T01:14:13.040+0000] {processor.py:208} INFO - Processing /opt/airflow/dags/dbt_dag.py took 0.117 seconds
[2025-06-21T01:14:43.431+0000] {processor.py:186} INFO - Started process (PID=167) to work on /opt/airflow/dags/dbt_dag.py
[2025-06-21T01:14:43.432+0000] {processor.py:914} INFO - Processing file /opt/airflow/dags/dbt_dag.py for tasks to queue
[2025-06-21T01:14:43.437+0000] {logging_mixin.py:190} INFO - [2025-06-21T01:14:43.436+0000] {dagbag.py:588} INFO - Filling up the DagBag from /opt/airflow/dags/dbt_dag.py
[2025-06-21T01:14:43.456+0000] {processor.py:925} INFO - DAG(s) 'dbt_dag' retrieved from /opt/airflow/dags/dbt_dag.py
[2025-06-21T01:14:43.481+0000] {logging_mixin.py:190} INFO - [2025-06-21T01:14:43.481+0000] {dag.py:3239} INFO - Sync 1 DAGs
[2025-06-21T01:14:43.505+0000] {logging_mixin.py:190} INFO - [2025-06-21T01:14:43.505+0000] {dag.py:4180} INFO - Setting next_dagrun for dbt_dag to 2025-06-21 00:00:00+00:00, run_after=2025-06-22 00:00:00+00:00
[2025-06-21T01:14:43.539+0000] {processor.py:208} INFO - Processing /opt/airflow/dags/dbt_dag.py took 0.113 seconds
[2025-06-21T01:15:14.141+0000] {processor.py:186} INFO - Started process (PID=174) to work on /opt/airflow/dags/dbt_dag.py
[2025-06-21T01:15:14.142+0000] {processor.py:914} INFO - Processing file /opt/airflow/dags/dbt_dag.py for tasks to queue
[2025-06-21T01:15:14.145+0000] {logging_mixin.py:190} INFO - [2025-06-21T01:15:14.145+0000] {dagbag.py:588} INFO - Filling up the DagBag from /opt/airflow/dags/dbt_dag.py
[2025-06-21T01:15:14.166+0000] {processor.py:925} INFO - DAG(s) 'dbt_dag' retrieved from /opt/airflow/dags/dbt_dag.py
[2025-06-21T01:15:14.190+0000] {logging_mixin.py:190} INFO - [2025-06-21T01:15:14.190+0000] {dag.py:3239} INFO - Sync 1 DAGs
[2025-06-21T01:15:14.216+0000] {logging_mixin.py:190} INFO - [2025-06-21T01:15:14.216+0000] {dag.py:4180} INFO - Setting next_dagrun for dbt_dag to 2025-06-21 00:00:00+00:00, run_after=2025-06-22 00:00:00+00:00
[2025-06-21T01:15:14.392+0000] {processor.py:208} INFO - Processing /opt/airflow/dags/dbt_dag.py took 0.257 seconds
[2025-06-21T01:15:44.685+0000] {processor.py:186} INFO - Started process (PID=181) to work on /opt/airflow/dags/dbt_dag.py
[2025-06-21T01:15:44.686+0000] {processor.py:914} INFO - Processing file /opt/airflow/dags/dbt_dag.py for tasks to queue
[2025-06-21T01:15:44.688+0000] {logging_mixin.py:190} INFO - [2025-06-21T01:15:44.688+0000] {dagbag.py:588} INFO - Filling up the DagBag from /opt/airflow/dags/dbt_dag.py
[2025-06-21T01:15:44.707+0000] {processor.py:925} INFO - DAG(s) 'dbt_dag' retrieved from /opt/airflow/dags/dbt_dag.py
[2025-06-21T01:15:44.734+0000] {logging_mixin.py:190} INFO - [2025-06-21T01:15:44.734+0000] {dag.py:3239} INFO - Sync 1 DAGs
[2025-06-21T01:15:44.891+0000] {logging_mixin.py:190} INFO - [2025-06-21T01:15:44.891+0000] {dag.py:4180} INFO - Setting next_dagrun for dbt_dag to 2025-06-21 00:00:00+00:00, run_after=2025-06-22 00:00:00+00:00
[2025-06-21T01:15:44.982+0000] {processor.py:208} INFO - Processing /opt/airflow/dags/dbt_dag.py took 0.304 seconds
[2025-06-21T01:16:15.526+0000] {processor.py:186} INFO - Started process (PID=189) to work on /opt/airflow/dags/dbt_dag.py
[2025-06-21T01:16:15.528+0000] {processor.py:914} INFO - Processing file /opt/airflow/dags/dbt_dag.py for tasks to queue
[2025-06-21T01:16:15.532+0000] {logging_mixin.py:190} INFO - [2025-06-21T01:16:15.531+0000] {dagbag.py:588} INFO - Filling up the DagBag from /opt/airflow/dags/dbt_dag.py
[2025-06-21T01:16:15.559+0000] {processor.py:925} INFO - DAG(s) 'dbt_dag' retrieved from /opt/airflow/dags/dbt_dag.py
[2025-06-21T01:16:15.591+0000] {logging_mixin.py:190} INFO - [2025-06-21T01:16:15.591+0000] {dag.py:3239} INFO - Sync 1 DAGs
[2025-06-21T01:16:15.623+0000] {logging_mixin.py:190} INFO - [2025-06-21T01:16:15.623+0000] {dag.py:4180} INFO - Setting next_dagrun for dbt_dag to 2025-06-21 00:00:00+00:00, run_after=2025-06-22 00:00:00+00:00
[2025-06-21T01:16:15.646+0000] {processor.py:208} INFO - Processing /opt/airflow/dags/dbt_dag.py took 0.128 seconds
[2025-06-21T01:16:46.086+0000] {processor.py:186} INFO - Started process (PID=196) to work on /opt/airflow/dags/dbt_dag.py
[2025-06-21T01:16:46.088+0000] {processor.py:914} INFO - Processing file /opt/airflow/dags/dbt_dag.py for tasks to queue
[2025-06-21T01:16:46.091+0000] {logging_mixin.py:190} INFO - [2025-06-21T01:16:46.091+0000] {dagbag.py:588} INFO - Filling up the DagBag from /opt/airflow/dags/dbt_dag.py
[2025-06-21T01:16:46.115+0000] {processor.py:925} INFO - DAG(s) 'dbt_dag' retrieved from /opt/airflow/dags/dbt_dag.py
[2025-06-21T01:16:46.141+0000] {logging_mixin.py:190} INFO - [2025-06-21T01:16:46.141+0000] {dag.py:3239} INFO - Sync 1 DAGs
[2025-06-21T01:16:46.166+0000] {logging_mixin.py:190} INFO - [2025-06-21T01:16:46.165+0000] {dag.py:4180} INFO - Setting next_dagrun for dbt_dag to 2025-06-21 00:00:00+00:00, run_after=2025-06-22 00:00:00+00:00
[2025-06-21T01:16:46.204+0000] {processor.py:208} INFO - Processing /opt/airflow/dags/dbt_dag.py took 0.123 seconds
[2025-06-21T01:17:16.884+0000] {processor.py:186} INFO - Started process (PID=203) to work on /opt/airflow/dags/dbt_dag.py
[2025-06-21T01:17:16.885+0000] {processor.py:914} INFO - Processing file /opt/airflow/dags/dbt_dag.py for tasks to queue
[2025-06-21T01:17:16.888+0000] {logging_mixin.py:190} INFO - [2025-06-21T01:17:16.887+0000] {dagbag.py:588} INFO - Filling up the DagBag from /opt/airflow/dags/dbt_dag.py
[2025-06-21T01:17:16.916+0000] {processor.py:925} INFO - DAG(s) 'dbt_dag' retrieved from /opt/airflow/dags/dbt_dag.py
[2025-06-21T01:17:16.946+0000] {logging_mixin.py:190} INFO - [2025-06-21T01:17:16.946+0000] {dag.py:3239} INFO - Sync 1 DAGs
[2025-06-21T01:17:16.980+0000] {logging_mixin.py:190} INFO - [2025-06-21T01:17:16.980+0000] {dag.py:4180} INFO - Setting next_dagrun for dbt_dag to 2025-06-21 00:00:00+00:00, run_after=2025-06-22 00:00:00+00:00
[2025-06-21T01:17:17.103+0000] {processor.py:208} INFO - Processing /opt/airflow/dags/dbt_dag.py took 0.226 seconds
[2025-06-21T01:17:47.408+0000] {processor.py:186} INFO - Started process (PID=210) to work on /opt/airflow/dags/dbt_dag.py
[2025-06-21T01:17:47.409+0000] {processor.py:914} INFO - Processing file /opt/airflow/dags/dbt_dag.py for tasks to queue
[2025-06-21T01:17:47.411+0000] {logging_mixin.py:190} INFO - [2025-06-21T01:17:47.411+0000] {dagbag.py:588} INFO - Filling up the DagBag from /opt/airflow/dags/dbt_dag.py
[2025-06-21T01:17:47.431+0000] {processor.py:925} INFO - DAG(s) 'dbt_dag' retrieved from /opt/airflow/dags/dbt_dag.py
[2025-06-21T01:17:47.455+0000] {logging_mixin.py:190} INFO - [2025-06-21T01:17:47.455+0000] {dag.py:3239} INFO - Sync 1 DAGs
[2025-06-21T01:17:47.478+0000] {logging_mixin.py:190} INFO - [2025-06-21T01:17:47.478+0000] {dag.py:4180} INFO - Setting next_dagrun for dbt_dag to 2025-06-21 00:00:00+00:00, run_after=2025-06-22 00:00:00+00:00
[2025-06-21T01:17:47.516+0000] {processor.py:208} INFO - Processing /opt/airflow/dags/dbt_dag.py took 0.113 seconds
[2025-06-21T01:18:17.991+0000] {processor.py:186} INFO - Started process (PID=217) to work on /opt/airflow/dags/dbt_dag.py
[2025-06-21T01:18:17.992+0000] {processor.py:914} INFO - Processing file /opt/airflow/dags/dbt_dag.py for tasks to queue
[2025-06-21T01:18:17.994+0000] {logging_mixin.py:190} INFO - [2025-06-21T01:18:17.994+0000] {dagbag.py:588} INFO - Filling up the DagBag from /opt/airflow/dags/dbt_dag.py
[2025-06-21T01:18:18.015+0000] {processor.py:925} INFO - DAG(s) 'dbt_dag' retrieved from /opt/airflow/dags/dbt_dag.py
[2025-06-21T01:18:18.042+0000] {logging_mixin.py:190} INFO - [2025-06-21T01:18:18.041+0000] {dag.py:3239} INFO - Sync 1 DAGs
[2025-06-21T01:18:18.212+0000] {logging_mixin.py:190} INFO - [2025-06-21T01:18:18.211+0000] {dag.py:4180} INFO - Setting next_dagrun for dbt_dag to 2025-06-21 00:00:00+00:00, run_after=2025-06-22 00:00:00+00:00
[2025-06-21T01:18:18.271+0000] {processor.py:208} INFO - Processing /opt/airflow/dags/dbt_dag.py took 0.286 seconds
[2025-06-21T01:18:48.632+0000] {processor.py:186} INFO - Started process (PID=224) to work on /opt/airflow/dags/dbt_dag.py
[2025-06-21T01:18:48.633+0000] {processor.py:914} INFO - Processing file /opt/airflow/dags/dbt_dag.py for tasks to queue
[2025-06-21T01:18:48.636+0000] {logging_mixin.py:190} INFO - [2025-06-21T01:18:48.635+0000] {dagbag.py:588} INFO - Filling up the DagBag from /opt/airflow/dags/dbt_dag.py
[2025-06-21T01:18:48.655+0000] {processor.py:925} INFO - DAG(s) 'dbt_dag' retrieved from /opt/airflow/dags/dbt_dag.py
[2025-06-21T01:18:48.680+0000] {logging_mixin.py:190} INFO - [2025-06-21T01:18:48.680+0000] {dag.py:3239} INFO - Sync 1 DAGs
[2025-06-21T01:18:48.845+0000] {logging_mixin.py:190} INFO - [2025-06-21T01:18:48.844+0000] {dag.py:4180} INFO - Setting next_dagrun for dbt_dag to 2025-06-21 00:00:00+00:00, run_after=2025-06-22 00:00:00+00:00
[2025-06-21T01:18:48.875+0000] {processor.py:208} INFO - Processing /opt/airflow/dags/dbt_dag.py took 0.249 seconds
[2025-06-21T01:19:19.521+0000] {processor.py:186} INFO - Started process (PID=231) to work on /opt/airflow/dags/dbt_dag.py
[2025-06-21T01:19:19.522+0000] {processor.py:914} INFO - Processing file /opt/airflow/dags/dbt_dag.py for tasks to queue
[2025-06-21T01:19:19.524+0000] {logging_mixin.py:190} INFO - [2025-06-21T01:19:19.524+0000] {dagbag.py:588} INFO - Filling up the DagBag from /opt/airflow/dags/dbt_dag.py
[2025-06-21T01:19:19.543+0000] {processor.py:925} INFO - DAG(s) 'dbt_dag' retrieved from /opt/airflow/dags/dbt_dag.py
[2025-06-21T01:19:19.568+0000] {logging_mixin.py:190} INFO - [2025-06-21T01:19:19.568+0000] {dag.py:3239} INFO - Sync 1 DAGs
[2025-06-21T01:19:19.594+0000] {logging_mixin.py:190} INFO - [2025-06-21T01:19:19.593+0000] {dag.py:4180} INFO - Setting next_dagrun for dbt_dag to 2025-06-21 00:00:00+00:00, run_after=2025-06-22 00:00:00+00:00
[2025-06-21T01:19:19.622+0000] {processor.py:208} INFO - Processing /opt/airflow/dags/dbt_dag.py took 0.107 seconds
[2025-06-21T01:19:50.119+0000] {processor.py:186} INFO - Started process (PID=238) to work on /opt/airflow/dags/dbt_dag.py
[2025-06-21T01:19:50.120+0000] {processor.py:914} INFO - Processing file /opt/airflow/dags/dbt_dag.py for tasks to queue
[2025-06-21T01:19:50.122+0000] {logging_mixin.py:190} INFO - [2025-06-21T01:19:50.122+0000] {dagbag.py:588} INFO - Filling up the DagBag from /opt/airflow/dags/dbt_dag.py
[2025-06-21T01:19:50.142+0000] {processor.py:925} INFO - DAG(s) 'dbt_dag' retrieved from /opt/airflow/dags/dbt_dag.py
[2025-06-21T01:19:50.166+0000] {logging_mixin.py:190} INFO - [2025-06-21T01:19:50.166+0000] {dag.py:3239} INFO - Sync 1 DAGs
[2025-06-21T01:19:50.189+0000] {logging_mixin.py:190} INFO - [2025-06-21T01:19:50.189+0000] {dag.py:4180} INFO - Setting next_dagrun for dbt_dag to 2025-06-21 00:00:00+00:00, run_after=2025-06-22 00:00:00+00:00
[2025-06-21T01:19:50.231+0000] {processor.py:208} INFO - Processing /opt/airflow/dags/dbt_dag.py took 0.117 seconds
[2025-06-21T01:20:21.805+0000] {processor.py:186} INFO - Started process (PID=245) to work on /opt/airflow/dags/dbt_dag.py
[2025-06-21T01:20:21.806+0000] {processor.py:914} INFO - Processing file /opt/airflow/dags/dbt_dag.py for tasks to queue
[2025-06-21T01:20:21.808+0000] {logging_mixin.py:190} INFO - [2025-06-21T01:20:21.808+0000] {dagbag.py:588} INFO - Filling up the DagBag from /opt/airflow/dags/dbt_dag.py
[2025-06-21T01:20:21.827+0000] {processor.py:925} INFO - DAG(s) 'dbt_dag' retrieved from /opt/airflow/dags/dbt_dag.py
[2025-06-21T01:20:21.858+0000] {logging_mixin.py:190} INFO - [2025-06-21T01:20:21.857+0000] {dag.py:3239} INFO - Sync 1 DAGs
[2025-06-21T01:20:21.887+0000] {logging_mixin.py:190} INFO - [2025-06-21T01:20:21.887+0000] {dag.py:4180} INFO - Setting next_dagrun for dbt_dag to 2025-06-21 00:00:00+00:00, run_after=2025-06-22 00:00:00+00:00
[2025-06-21T01:20:21.943+0000] {processor.py:208} INFO - Processing /opt/airflow/dags/dbt_dag.py took 0.143 seconds
[2025-06-21T01:20:53.421+0000] {processor.py:186} INFO - Started process (PID=252) to work on /opt/airflow/dags/dbt_dag.py
[2025-06-21T01:20:53.422+0000] {processor.py:914} INFO - Processing file /opt/airflow/dags/dbt_dag.py for tasks to queue
[2025-06-21T01:20:53.425+0000] {logging_mixin.py:190} INFO - [2025-06-21T01:20:53.424+0000] {dagbag.py:588} INFO - Filling up the DagBag from /opt/airflow/dags/dbt_dag.py
[2025-06-21T01:20:53.444+0000] {processor.py:925} INFO - DAG(s) 'dbt_dag' retrieved from /opt/airflow/dags/dbt_dag.py
[2025-06-21T01:20:53.469+0000] {logging_mixin.py:190} INFO - [2025-06-21T01:20:53.469+0000] {dag.py:3239} INFO - Sync 1 DAGs
[2025-06-21T01:20:53.494+0000] {logging_mixin.py:190} INFO - [2025-06-21T01:20:53.493+0000] {dag.py:4180} INFO - Setting next_dagrun for dbt_dag to 2025-06-21 00:00:00+00:00, run_after=2025-06-22 00:00:00+00:00
[2025-06-21T01:20:53.658+0000] {processor.py:208} INFO - Processing /opt/airflow/dags/dbt_dag.py took 0.242 seconds
[2025-06-21T01:21:24.170+0000] {processor.py:186} INFO - Started process (PID=259) to work on /opt/airflow/dags/dbt_dag.py
[2025-06-21T01:21:24.171+0000] {processor.py:914} INFO - Processing file /opt/airflow/dags/dbt_dag.py for tasks to queue
[2025-06-21T01:21:24.176+0000] {logging_mixin.py:190} INFO - [2025-06-21T01:21:24.175+0000] {dagbag.py:588} INFO - Filling up the DagBag from /opt/airflow/dags/dbt_dag.py
[2025-06-21T01:21:24.217+0000] {processor.py:925} INFO - DAG(s) 'dbt_dag' retrieved from /opt/airflow/dags/dbt_dag.py
[2025-06-21T01:21:24.250+0000] {logging_mixin.py:190} INFO - [2025-06-21T01:21:24.249+0000] {dag.py:3239} INFO - Sync 1 DAGs
[2025-06-21T01:21:24.431+0000] {logging_mixin.py:190} INFO - [2025-06-21T01:21:24.431+0000] {dag.py:4180} INFO - Setting next_dagrun for dbt_dag to 2025-06-21 00:00:00+00:00, run_after=2025-06-22 00:00:00+00:00
[2025-06-21T01:21:24.495+0000] {processor.py:208} INFO - Processing /opt/airflow/dags/dbt_dag.py took 0.334 seconds
[2025-06-21T01:21:55.897+0000] {processor.py:186} INFO - Started process (PID=267) to work on /opt/airflow/dags/dbt_dag.py
[2025-06-21T01:21:55.898+0000] {processor.py:914} INFO - Processing file /opt/airflow/dags/dbt_dag.py for tasks to queue
[2025-06-21T01:21:55.902+0000] {logging_mixin.py:190} INFO - [2025-06-21T01:21:55.902+0000] {dagbag.py:588} INFO - Filling up the DagBag from /opt/airflow/dags/dbt_dag.py
[2025-06-21T01:21:55.925+0000] {processor.py:925} INFO - DAG(s) 'dbt_dag' retrieved from /opt/airflow/dags/dbt_dag.py
[2025-06-21T01:21:55.952+0000] {logging_mixin.py:190} INFO - [2025-06-21T01:21:55.952+0000] {dag.py:3239} INFO - Sync 1 DAGs
[2025-06-21T01:21:56.109+0000] {logging_mixin.py:190} INFO - [2025-06-21T01:21:56.109+0000] {dag.py:4180} INFO - Setting next_dagrun for dbt_dag to 2025-06-21 00:00:00+00:00, run_after=2025-06-22 00:00:00+00:00
[2025-06-21T01:21:56.168+0000] {processor.py:208} INFO - Processing /opt/airflow/dags/dbt_dag.py took 0.278 seconds
[2025-06-21T01:22:27.820+0000] {processor.py:186} INFO - Started process (PID=274) to work on /opt/airflow/dags/dbt_dag.py
[2025-06-21T01:22:27.821+0000] {processor.py:914} INFO - Processing file /opt/airflow/dags/dbt_dag.py for tasks to queue
[2025-06-21T01:22:27.825+0000] {logging_mixin.py:190} INFO - [2025-06-21T01:22:27.824+0000] {dagbag.py:588} INFO - Filling up the DagBag from /opt/airflow/dags/dbt_dag.py
[2025-06-21T01:22:27.849+0000] {processor.py:925} INFO - DAG(s) 'dbt_dag' retrieved from /opt/airflow/dags/dbt_dag.py
[2025-06-21T01:22:27.877+0000] {logging_mixin.py:190} INFO - [2025-06-21T01:22:27.877+0000] {dag.py:3239} INFO - Sync 1 DAGs
[2025-06-21T01:22:27.905+0000] {logging_mixin.py:190} INFO - [2025-06-21T01:22:27.905+0000] {dag.py:4180} INFO - Setting next_dagrun for dbt_dag to 2025-06-21 00:00:00+00:00, run_after=2025-06-22 00:00:00+00:00
[2025-06-21T01:22:27.944+0000] {processor.py:208} INFO - Processing /opt/airflow/dags/dbt_dag.py took 0.129 seconds
[2025-06-21T01:22:58.565+0000] {processor.py:186} INFO - Started process (PID=281) to work on /opt/airflow/dags/dbt_dag.py
[2025-06-21T01:22:58.566+0000] {processor.py:914} INFO - Processing file /opt/airflow/dags/dbt_dag.py for tasks to queue
[2025-06-21T01:22:58.568+0000] {logging_mixin.py:190} INFO - [2025-06-21T01:22:58.568+0000] {dagbag.py:588} INFO - Filling up the DagBag from /opt/airflow/dags/dbt_dag.py
[2025-06-21T01:22:58.590+0000] {processor.py:925} INFO - DAG(s) 'dbt_dag' retrieved from /opt/airflow/dags/dbt_dag.py
[2025-06-21T01:22:58.615+0000] {logging_mixin.py:190} INFO - [2025-06-21T01:22:58.615+0000] {dag.py:3239} INFO - Sync 1 DAGs
[2025-06-21T01:22:58.641+0000] {logging_mixin.py:190} INFO - [2025-06-21T01:22:58.641+0000] {dag.py:4180} INFO - Setting next_dagrun for dbt_dag to 2025-06-21 00:00:00+00:00, run_after=2025-06-22 00:00:00+00:00
[2025-06-21T01:22:58.697+0000] {processor.py:208} INFO - Processing /opt/airflow/dags/dbt_dag.py took 0.137 seconds
[2025-06-21T01:23:30.354+0000] {processor.py:186} INFO - Started process (PID=288) to work on /opt/airflow/dags/dbt_dag.py
[2025-06-21T01:23:30.355+0000] {processor.py:914} INFO - Processing file /opt/airflow/dags/dbt_dag.py for tasks to queue
[2025-06-21T01:23:30.358+0000] {logging_mixin.py:190} INFO - [2025-06-21T01:23:30.357+0000] {dagbag.py:588} INFO - Filling up the DagBag from /opt/airflow/dags/dbt_dag.py
[2025-06-21T01:23:30.378+0000] {processor.py:925} INFO - DAG(s) 'dbt_dag' retrieved from /opt/airflow/dags/dbt_dag.py
[2025-06-21T01:23:30.403+0000] {logging_mixin.py:190} INFO - [2025-06-21T01:23:30.403+0000] {dag.py:3239} INFO - Sync 1 DAGs
[2025-06-21T01:23:30.427+0000] {logging_mixin.py:190} INFO - [2025-06-21T01:23:30.427+0000] {dag.py:4180} INFO - Setting next_dagrun for dbt_dag to 2025-06-21 00:00:00+00:00, run_after=2025-06-22 00:00:00+00:00
[2025-06-21T01:23:30.480+0000] {processor.py:208} INFO - Processing /opt/airflow/dags/dbt_dag.py took 0.132 seconds
[2025-06-21T01:24:02.007+0000] {processor.py:186} INFO - Started process (PID=296) to work on /opt/airflow/dags/dbt_dag.py
[2025-06-21T01:24:02.008+0000] {processor.py:914} INFO - Processing file /opt/airflow/dags/dbt_dag.py for tasks to queue
[2025-06-21T01:24:02.011+0000] {logging_mixin.py:190} INFO - [2025-06-21T01:24:02.010+0000] {dagbag.py:588} INFO - Filling up the DagBag from /opt/airflow/dags/dbt_dag.py
[2025-06-21T01:24:02.034+0000] {processor.py:925} INFO - DAG(s) 'dbt_dag' retrieved from /opt/airflow/dags/dbt_dag.py
[2025-06-21T01:24:02.065+0000] {logging_mixin.py:190} INFO - [2025-06-21T01:24:02.065+0000] {dag.py:3239} INFO - Sync 1 DAGs
[2025-06-21T01:24:02.095+0000] {logging_mixin.py:190} INFO - [2025-06-21T01:24:02.095+0000] {dag.py:4180} INFO - Setting next_dagrun for dbt_dag to 2025-06-21 00:00:00+00:00, run_after=2025-06-22 00:00:00+00:00
[2025-06-21T01:24:02.314+0000] {processor.py:208} INFO - Processing /opt/airflow/dags/dbt_dag.py took 0.313 seconds
[2025-06-21T01:24:32.966+0000] {processor.py:186} INFO - Started process (PID=303) to work on /opt/airflow/dags/dbt_dag.py
[2025-06-21T01:24:32.967+0000] {processor.py:914} INFO - Processing file /opt/airflow/dags/dbt_dag.py for tasks to queue
[2025-06-21T01:24:32.971+0000] {logging_mixin.py:190} INFO - [2025-06-21T01:24:32.970+0000] {dagbag.py:588} INFO - Filling up the DagBag from /opt/airflow/dags/dbt_dag.py
[2025-06-21T01:24:32.994+0000] {processor.py:925} INFO - DAG(s) 'dbt_dag' retrieved from /opt/airflow/dags/dbt_dag.py
[2025-06-21T01:24:33.032+0000] {logging_mixin.py:190} INFO - [2025-06-21T01:24:33.031+0000] {dag.py:3239} INFO - Sync 1 DAGs
[2025-06-21T01:24:33.203+0000] {logging_mixin.py:190} INFO - [2025-06-21T01:24:33.203+0000] {dag.py:4180} INFO - Setting next_dagrun for dbt_dag to 2025-06-21 00:00:00+00:00, run_after=2025-06-22 00:00:00+00:00
[2025-06-21T01:24:33.282+0000] {processor.py:208} INFO - Processing /opt/airflow/dags/dbt_dag.py took 0.322 seconds
[2025-06-21T01:25:04.662+0000] {processor.py:186} INFO - Started process (PID=310) to work on /opt/airflow/dags/dbt_dag.py
[2025-06-21T01:25:04.667+0000] {processor.py:914} INFO - Processing file /opt/airflow/dags/dbt_dag.py for tasks to queue
[2025-06-21T01:25:04.676+0000] {logging_mixin.py:190} INFO - [2025-06-21T01:25:04.675+0000] {dagbag.py:588} INFO - Filling up the DagBag from /opt/airflow/dags/dbt_dag.py
[2025-06-21T01:25:04.702+0000] {processor.py:925} INFO - DAG(s) 'dbt_dag' retrieved from /opt/airflow/dags/dbt_dag.py
[2025-06-21T01:25:04.732+0000] {logging_mixin.py:190} INFO - [2025-06-21T01:25:04.732+0000] {dag.py:3239} INFO - Sync 1 DAGs
[2025-06-21T01:25:04.759+0000] {logging_mixin.py:190} INFO - [2025-06-21T01:25:04.758+0000] {dag.py:4180} INFO - Setting next_dagrun for dbt_dag to 2025-06-21 00:00:00+00:00, run_after=2025-06-22 00:00:00+00:00
[2025-06-21T01:25:04.788+0000] {processor.py:208} INFO - Processing /opt/airflow/dags/dbt_dag.py took 0.138 seconds
[2025-06-21T01:25:36.416+0000] {processor.py:186} INFO - Started process (PID=317) to work on /opt/airflow/dags/dbt_dag.py
[2025-06-21T01:25:36.417+0000] {processor.py:914} INFO - Processing file /opt/airflow/dags/dbt_dag.py for tasks to queue
[2025-06-21T01:25:36.419+0000] {logging_mixin.py:190} INFO - [2025-06-21T01:25:36.419+0000] {dagbag.py:588} INFO - Filling up the DagBag from /opt/airflow/dags/dbt_dag.py
[2025-06-21T01:25:36.440+0000] {processor.py:925} INFO - DAG(s) 'dbt_dag' retrieved from /opt/airflow/dags/dbt_dag.py
[2025-06-21T01:25:36.465+0000] {logging_mixin.py:190} INFO - [2025-06-21T01:25:36.465+0000] {dag.py:3239} INFO - Sync 1 DAGs
[2025-06-21T01:25:36.490+0000] {logging_mixin.py:190} INFO - [2025-06-21T01:25:36.490+0000] {dag.py:4180} INFO - Setting next_dagrun for dbt_dag to 2025-06-21 00:00:00+00:00, run_after=2025-06-22 00:00:00+00:00
[2025-06-21T01:25:36.545+0000] {processor.py:208} INFO - Processing /opt/airflow/dags/dbt_dag.py took 0.140 seconds
[2025-06-21T01:26:07.139+0000] {processor.py:186} INFO - Started process (PID=324) to work on /opt/airflow/dags/dbt_dag.py
[2025-06-21T01:26:07.141+0000] {processor.py:914} INFO - Processing file /opt/airflow/dags/dbt_dag.py for tasks to queue
[2025-06-21T01:26:07.143+0000] {logging_mixin.py:190} INFO - [2025-06-21T01:26:07.142+0000] {dagbag.py:588} INFO - Filling up the DagBag from /opt/airflow/dags/dbt_dag.py
[2025-06-21T01:26:07.163+0000] {processor.py:925} INFO - DAG(s) 'dbt_dag' retrieved from /opt/airflow/dags/dbt_dag.py
[2025-06-21T01:26:07.186+0000] {logging_mixin.py:190} INFO - [2025-06-21T01:26:07.186+0000] {dag.py:3239} INFO - Sync 1 DAGs
[2025-06-21T01:26:07.209+0000] {logging_mixin.py:190} INFO - [2025-06-21T01:26:07.209+0000] {dag.py:4180} INFO - Setting next_dagrun for dbt_dag to 2025-06-21 00:00:00+00:00, run_after=2025-06-22 00:00:00+00:00
[2025-06-21T01:26:07.263+0000] {processor.py:208} INFO - Processing /opt/airflow/dags/dbt_dag.py took 0.129 seconds
[2025-06-21T01:26:38.809+0000] {processor.py:186} INFO - Started process (PID=331) to work on /opt/airflow/dags/dbt_dag.py
[2025-06-21T01:26:38.810+0000] {processor.py:914} INFO - Processing file /opt/airflow/dags/dbt_dag.py for tasks to queue
[2025-06-21T01:26:38.813+0000] {logging_mixin.py:190} INFO - [2025-06-21T01:26:38.812+0000] {dagbag.py:588} INFO - Filling up the DagBag from /opt/airflow/dags/dbt_dag.py
[2025-06-21T01:26:38.837+0000] {processor.py:925} INFO - DAG(s) 'dbt_dag' retrieved from /opt/airflow/dags/dbt_dag.py
[2025-06-21T01:26:38.866+0000] {logging_mixin.py:190} INFO - [2025-06-21T01:26:38.866+0000] {dag.py:3239} INFO - Sync 1 DAGs
[2025-06-21T01:26:38.892+0000] {logging_mixin.py:190} INFO - [2025-06-21T01:26:38.891+0000] {dag.py:4180} INFO - Setting next_dagrun for dbt_dag to 2025-06-21 00:00:00+00:00, run_after=2025-06-22 00:00:00+00:00
[2025-06-21T01:26:38.953+0000] {processor.py:208} INFO - Processing /opt/airflow/dags/dbt_dag.py took 0.150 seconds
[2025-06-21T01:27:10.667+0000] {processor.py:186} INFO - Started process (PID=338) to work on /opt/airflow/dags/dbt_dag.py
[2025-06-21T01:27:10.668+0000] {processor.py:914} INFO - Processing file /opt/airflow/dags/dbt_dag.py for tasks to queue
[2025-06-21T01:27:10.671+0000] {logging_mixin.py:190} INFO - [2025-06-21T01:27:10.671+0000] {dagbag.py:588} INFO - Filling up the DagBag from /opt/airflow/dags/dbt_dag.py
[2025-06-21T01:27:10.692+0000] {processor.py:925} INFO - DAG(s) 'dbt_dag' retrieved from /opt/airflow/dags/dbt_dag.py
[2025-06-21T01:27:10.717+0000] {logging_mixin.py:190} INFO - [2025-06-21T01:27:10.717+0000] {dag.py:3239} INFO - Sync 1 DAGs
[2025-06-21T01:27:10.742+0000] {logging_mixin.py:190} INFO - [2025-06-21T01:27:10.742+0000] {dag.py:4180} INFO - Setting next_dagrun for dbt_dag to 2025-06-21 00:00:00+00:00, run_after=2025-06-22 00:00:00+00:00
[2025-06-21T01:27:10.931+0000] {processor.py:208} INFO - Processing /opt/airflow/dags/dbt_dag.py took 0.270 seconds
